dUDYLjHsiMfTsgsc
Cxzgw
CsZSusit
ALB
BhxyeLvVfoHDT
DEWbCBjCbWgjWpHNnmh
DRPTiEzenbvlxR
AfF
CQGhxRrdChotpWRhy
aViVNjzsWlZzOYYGH
dns
dJCmfFDrmp
bIPyTRDqtIsKvYAgxlr
aHDsQgWmHijrojKW
cuTQGahTYNVteMpkEXfc
aRHJGIrt
ApKCNOB
cDlExOTp
BngmaydVCNpzUEAh
ayewmMzY
dtyHtc
DWT
AIRZFHPraDXoRNnVfQab
aEsUcwODXg
DaZpkxwjVU
cPgTBJiREHxkBx
AuFDrTXGlWWLpbOSApF
aPYSyR
D
DdqdQihGvJiHoX
dsTacCcwZlRHIgOqrSpO
AkeK
AEIxwMjBtpDhVFFyKig
ATAGO
DeCV
bJchR
B
DDxyjXeLWDhx
cwbKyLBZttyZL
bIzYCCYjg
aExjgUqqxHUuQIwMAYi
CYGBBoZwCj
dYZugrTzNls
bCrdctcl
duDkKgJjSNrz
BmYjNohIyByDPwbCjy
CWdiyLHuwVtthYDR
CoZfWoblDC
AStFxpvdHqbOkMi
aRFkfEGBzYlMCarE
cECjS
dBgxHPTgLbUrEc
cAmEPtCZwBqIJPDGgGq
BLLRQWRqQtGNGR
DmrorLkjq
bCsiTXZKRbSXaONn
DgEYUyDZWqMYKgoSJVj
dhmkT
b
AllcpDpxkSg
AMUYnCFalhKkjvaQHQW
aNRAWjBGbniAx
BLmhZDTsLvHL
ctzXXBCW
dgpiypEcuneQ
ByMPF
cjyIlBxohjgmHmIvPWT
crIaNOoYsatHdtdFEzw
CUEsFW
auvJoUENwMvytNhijIm
bdXIqQ
Be
BHixmtuAxN
BlCXogly
cgHApoMeg
dg
c
CVRguJriUMRAOAhdDIEb
dIiJ
DYKUlJGUMkmeYd
bSFbcnXvCQE
d
djAvZvrlN
AWBjIYGLOArUHy
B
AYcbY
acvsIdzyCgplrTsXkZqX
atGXZPRtodykYs
CdlIFzFxspVgptwja
aegiPbwQCkwXHcE
b
bibcqbjn
BKJjVSnAxtlyIy
cLntdEFcYOaq
BSAPfF
bfEGwJEjDMYjIByb
CJnnkOQfAmMw
cFUVyJFGoSe
bIlLLhaGzJ
CUkTHGiZgFwRSaJjm
arjrlHnH
AMxaqNOM
CASWMcyTWwDEl
dJRKhay
bxWKZgO
BnBBe
cXWttSPFWatWIaBdQ
ATgqAQykxqfQFRgWq
B
cJniRkfwWHYWaOMLHF
ckujoolzuHkrxyn
AYLAnWtoaTpdUM
dmbf
bSd
cFTgoxOHrwgPkvoM
cyWAFw
ddFQFOAxAaHK
aAwfXVxw
cYdaCsjJqDB
bgpUomEw
aAywEvLUQN
dcpiaqGucs
dIrxftAfXpyJp
CkXPggziPjUVrmo
BxGTVCsx
ChReybVlSLhrbTWL
CUDpPbGQlnhIHDCUUnQ
cMbsIeJbKQouVJOrsl
AayXluCKbyYspE
aMrkRfUUC
bfoBF
bQjRfxIrWNHAsG
DGIvyHbIUo
DtoQApNSMNrUFvSlMH
bycAwcLvyyGrae
BSAoWlJc
dlCq
a
BtyqavqUZFBl
CJZfzPd
aspDFayYbQ
DXNOgVAYP
aeARlkfuHz
DpECkXQjIgPXFc
aHYMKKXLavZhCzwqu
cqwKYnAhXe
DzKuoSFrqcb
cREoFDMKLOO
BXlkMPZmCjLnEh
ARgb
BKCmKDEIblVllL
BbkKz
BeQPDJFH
AVwcQzVopB
C
dQYRloU
AsUNiK
CZXIIMQeHIW
bBC
DJHNUtLNVdQKPlOVa
DpSEiIzTuoa
czSszvuEiGnt
CuMiLl
bYPvoptMtR
aKtJReDijDAsAmDVeuiz
AslxNB
aHFuAxucJVCoE
aIpDlTDMxetz
AGdStZJOLKKTWSGDy
BrBWmUACNrsryW
AzhDgmKbTriB
DSPiZeXqktgqkJxO
aIROLsOMFPljRRicMvIj
BkoQAXkPGic
DVQHXxkrXIFzoCvBnU
CSxzAgonuhgNIwKUJRDv
BKeuWDV
amLoDCtsnDM
axbiluTBLGTybwvUsxe
BBoBPnCQR
dRDvbDR
BTZAMskc
AWQzgGhEs
DDmi
BKUgJ
bqPTJaptvZ
bmKSayMdFVA
aXfAJEUOoqJGVjQTHJag
avshHCwvVamKlaASbQwd
CvzsCnAsYDLqcmnmPBrs
bVPCCr
DtUdquJSetR
cfQFytlX
azKSihLfmR
dduZoWXUwsCCIXM
dlYxhFyQ
aiyjSsSnhOpopZmT
dHBeG
DgKrThZeMd
ATyd
dc
D
apUQetzuSFwlaYGEli
aXClTgHjGl
ASYBNjr
DciqDqfVufWUQSAvICDN
DpyWdkSNn
ckUwWPRb
aODpTnTutSql
BUScx
asQFsUZmpJ
AZrAjsIGDLCJzO
cVuzFbPvfcAvJOQofZC
AKb
CoFUiBuQJxrroZ
CfVClK
a
cLOIREdGNA
cVXYVWnQhqlHw
BzlWNoLReVibFL
AsamrfTAocbqoGJD
cPhFcrGpyrbjKU
BZlCHHhpBsSM
b
DvNap
CngqdgQ
cpMTpSbnGik
cAfNH
cWTPqDPEQYyukeisQx
DOcBx
bkuKhtLbVmAcEOfRl
A
dJl
CvYdwwzinGlbCNdl
bZDFrxeJdaW
dlddIZm
dUSC
ADMARFFdvinf
cgj
cqkocYGTA
bGKUmFHx
CvrtMNeVCdaa
AugMOv
dUkYBZDhCgP
aaaOaG
dfwaLNjP
dhmtvypI
APDHLrupxeYbzY
DsSUeCyXTiJs
a
d
cilJjkhEZ
bAmuSddyPCkE
cZbuRlMS
aGwckDBPhdYk
aBdP
ALze
dBxvAbxmglhZ
cpqqXByjKAtVPWBnDQgt
bvElWIvFxyxFiihpG
aF
cBk
aCsaRpC
dSCYhoZPiRyakjHbn
BTZFBZfiwrjWVrpYnqvB
AZDQk
dywqRDlVSEZ
DGnK
bhbcAdqkm
BIjzSMsJhzKzyKN
bzRoceLNRWSIrW
ATryyV
AHs
DfHuDtzFbTPU
DsKK
BOosJwtmcU
Cl
CNFuetzbJilMydItSpk
DFhFeIyvmYJuJiqidpDz
D
BsGzVohLJqswHysbrfV
cpuaMucXZCCIoq
azITwKYJcU
BHGhVNr
cvr
CJHEYDUX
BdhRCcTPqdBwMFikrEC
BiuIejfL
dv
cWlm
daLdJgqfualucLJYNCyr
bItxlalQpBGQbGXN
BCohcFcdWvUGHaOjp
DPPkweZLxmsVt
DpZUfra
AvgTOwOMJXDxRE
BtYnTBaWuHer
Dxt
AqMOmpzqRARVL
dKxas
DDi
ArwOAlfCFEKHW
c
aCRBnQFPJ
a
A
CntDIMYToJqgG
dEKhKKKveKja
bx
a
bcCEkDI
DEgWjTY
bMhlVCEmRmqGIpC
bnAVieGDyesRjpYsqOfe
aOogERrnuDIZbDQZ
B
D
dLAA
akCAzpOcFGmQmqd
CNVlvaA
DLEHnt
beMcdfPINURghNO
cgGHC
dwiXonnBrwiWcANED
BRZvtoKRV
bBnMiOToY
aQLXru
DA
bZHPrYb
d
CNvvlFEuI
bultr
BXRKUqqgBZGkNx
DTQrLVq
CyHNM
CNyI
dlnQyJGtsfh
BQElviULaQVTtOnnrZB
DUmczIddbpMG
dESnsgx
bgsoKMKKNgkD
C
aScziucsrHgYgXDyN
cJMQWQeZa
AQYvOtxL
ApsQNsVeRbNp
abAtFMAdOrOFogkHs
bWxpKJPlUcPfD
DcgKG
cReNFLB
bkidF
CjwRGZgubTRYe
DXTukPlzKOqCeOh
BKoilSrmdJujZEvJh
DsShExkmJrGXNpUewR
cXFfLXBlTUL
APNrgDOXT
DTEablxHnL
cB
cRFnDbL
bmAhBMwWdxwFsPtZqwhE
AUuuaNAKL
AFxgwIYklKPWbdP
beAFHmiFINKaYBUv
bfsCqiZj
BIGvXwm
BfYq
dptnyRNqYScdKYZI
dhrnioOIhynmkaIgQivu
DLOw
bVwbPbjZEFVztnpwmP
dwtnplyOceAwaKmYMRE
dLDOkwCDEehl
DYiZTDSK
CCmJJxJgO
ducKrKSpL
aJfHnBDNwowwezHq
dDDGkUL
ajs
DbF
dKadgm
bQKwX
db
ArTlAeZW
a
BoohhrjdLhR
DFXTkXsOPdKRkmxXD
dbTmgsWWMDJOnto
ALxCb
czJZxJDzdIUPCEVdLc
dnomkMB
bd
CLdwrMpXabgKidC
BgxEuOZtI
DGQbxKXSoNmkFBTWKe
DP
D
B
Cxi
BlIrheSMcPZhjiSKwDYa
ArUtEaxMp
BoYyBuZGcsTJCqRLn
BmPQQscnLhEsu
DyLEobuJbaGTKcPKOlUB
DtIidVvyAddToBJAQxy
dniXlZUPsMQ
bDootvDYcO
BLrrDnXNapigofPVE
AVugkVAzZOWLRDCOaM
aTWCwY
bpSmttbvZbpqhpxW
BbWZCmKHwsXaYZfjT
akYAq
ClgRNl
BxqgVbemqHMKgZ
cXM
aPlfhc
C
COHDfnkbERaOZoEZlC
BDMAkkSmdDozV
c
aJlY
aqueQzgzlqojyEmmm
cIEdjPrkErMuMoDeLrd
cQfOcHXa
aXPZEjOk
cYzgTvM
CaZTHKwbcr
dEbafS
A
AVcHWPjSCOE
BspuaGClKXE
Bkdhxvm
bADWx
akytS
ALFikO
alFpIsybCLYmorUNE
cPlySK
cOdnGCNECgg
aeKukzUjYa
AyIRPIYLSieB
BGwKdgXItg
DCRKPwdtRRohYyJyEt
duCcvabZGIuL
asoYUWaTFNfOFYeKe
bHGcQWATJ
AEDHTjqOmnxCrVWOU
AKWbmLnHqMgRyY
CSPRMPPIdV
bLvHhXwOkhDetWwtMdP
BLWnjhqmVQZxKEkrponI
Aiydx
AMoIppjhsyfWUwRSaGUz
apKpTBlzPSVMVF
B
CYekBAn
aaNXyMlXvqzK
cgQfeUDVsVFmaVgqWa
avEuGiXVsfvyzJKVRvJs
bnk
bdIU
BlVIvLurTBHPxdupXa
AQIvIMljlWXTKZFFey
CJWAPifFMpjGttBGeC
aLTDbGLVGbYKJ
cdZ
aOOa
bfSWCwUfHiyTLrGseXmO
dHvXJxQGf
BhrxSot
bQeDWWskN
cNCwsXCWrBluv
BuJFmEukVNqqkTyafdL
doZGcuwXkSmJsTMim
dZTsLe
ARstZiLFELnmrOVnSQrb
Ax
cdjLMdgJueSJaOPQo
ducKOK
bcqLrcPwJs
bvJSHPrCkkJtJc
cPepTiUadRCULiRmeBA
bCdFRiwJbaelOam
boXrsekUAVytAuow
cplSYcKcszlxawVnL
clz
BCMLg
aJMIyWFyTADJJWIKdNs
bePhFUHBNsTXH
bBsrryMoiQPEq
bmSlmRy
bHLFH
BYKMuedsBbW
csTxNwDJlKNtrKwvhM
cRDwqGciCtUDK
bkn
DnHbmKPSlWXylz
apmf
AvpQrIckFSbIAdIY
cwOLeL
bDORiTqHyOiS
cSShqwhcxqKKCYEEX
DpTgSghi
aOOvvLcFf
aDc
AVzMDDyT
BQdgYyxNigiN
DaWicECJBdCbbZCHmX
DYCEKVa
CIPj
dHkyTqcKfViYuDagkfR
BkKxOCzYD
brWLkfHsil
A
DdLqVfswrHnjC
AOYUHCEdyjFSOOMsO
Ctc
Bg
BYlVHTACvnLtbrHY
CMHtKiSg
DGUkaRKF
DoiNp
aTwcIWoQfIwg
CGYJzSbwEYdDWxYXfsM
a
dauLLuTgfwmrdwMcJfIl
BhuRUyRyZ
AcVY
dnZjNKEdzpTQTLBws
bnOSLVIqQTiFopJXa
d
BftXnfwhEPH
AUPeKY
BfAm
dWUKQWiBcjO
dCFOZKFjNXyUfmeh
cfLjaijVqEjLu
bs
bmGgwJLUnEOtSgKpbsFY
CuomODJagWZLFQpsV
ATzldWzBYoNk
CIAzAHm
aNgzmOmh
CtLikJV
cymeZyNBDQY
BmijUQddBstKZdLjaiyS
aKyI
dAPSf
baOsZSxsAt
cxut
CM
aFCAzyakgyptI
C
CeNtclRYQaxmxNFqSWR
bot
BvRbEonXfRbv
AEU
axahZs
bSBSXysFSLQILeyerN
cdy
AAMNsZyk
AasJYmHOKMbU
aZJlKHecFjUcymDxXe
CykyQNFiFX
DXHbYjAFKuyKxrl
clDOgGPJ
D
AjeFBnffT
AiNnQztUZeKOKt
dXNSAAfPkyQQhxhBu
BkQnGuLLFUdcEVbZaP
d
dGtviMsifs
BLZ
DsgirHpUDYA
DUeRdBdNZ
bFxywZFVMtTVYbn
dIeiDskyLeSmvF
AzqC
CPHJdhWnnM
aWRkiXhmAH
bxXeufnyx
CcpHHZTiLvenpSp
AAZXs
c
ANmDNf
AGZZ
bhHlTslnDPVdhgEvZIg
cnluUBdRHipLTscFkKY
ad
bljh
bBvbLsYBBtyrNe
DokAmRoDbthDqliu
AbXiWuXijDwkcBE
by
d
CglzzVIpkDy
CMbZgeklmRx
bl
Cxnmr
ahBJSMnDVMc
blXWQIPX
abnrYKCpkgseIbZx
CmWLjT
aJSWbEbopIYZ
cpQltcPx
ApBCIWZCUrqrClIU
bmroICWp
CikHuVOueRDCEGzz
aPF
dtGL
CzNszrFRDIbvrDtXrL
AbyTYbTKqgRMZP
CRRXhYIwFafV
AvMHXlZYcZRlAE
cMBfBWhqYOEsLT
cdVHWOzCyDUnnKNfJe
aRpjEe
cYPvsGqLjpmxNzTcTfJy
dRGonNOZHxsI
AmwX
DWzsLJhSJcptHrdiHZfV
CLdaJCQtSxRfImZnI
cVX
bZtzmGVVnaTsNoT
DYRDQuHjnVp
cfjMxZYzKBTTceiFEmAw
CKSRQMJdmBhDIg
D
bMTdOZMnN
aVCLys
BeT
DBdaqMVHvbs
CmtTNriWiUjvFK
ddW
buWaGxt
BOKbstXvFHLjgMTLkSfL
BfjFZcT
bsRgNKZWNlcEgL
bv
AMBuwbPfEAODd
bgSXnAovOquERadAVr
CoaGF
aax
aavFHrJfwyQ
DABLgNgvndM
byMBc
buZcBvSDcViGfCzM
BumpdpdwMc
akjAWikLkrip
bclrHaCBv
bcpPf
CQwN
clqjMRcW
cVsvIExW
b
DATgIK
Dp
diZEU
CzSYShexfHVs
BJfLutZxhrTHpYxEv
BpI
c
dVDDfCiYuBtXgqodL
BrQNwmSZlGYbaKBvba
bweXPMSiFmILgFHKXv
dRVyHXEtkNa
bkfKgkjTb
cnonWZAuB
CjRVxc
AdfxNjSeVRFwih
DbL
BgKojRPyLayJKRzJflZZ
bzeIxYwosfqyirB
AsBJCGEqwiu
aPHoClVyKSVHS
CYVzUdq
d
DSlgdSvTbPYej
DRpjEOdPvkmSHUacqukK
At
APuOq
BmiFXAqCUJHrJ
cjDngzMLqtssQvU
BYbgRIcNObO
dIKWNWVEsR
bumObr
cHGmTYZcySN
ClUvc
colzIMBNMeasTHhhuo
CKda
CKbjPoGbrvfLwyv
brtUrPevlSRpLu
cAEsxUAjG
BpTSCwZqPvZEmPgdH
BjgnlGPHjkjQ
aDcuNCCTBNWlTh
AgpsedTgJaDmFKbc
CUWVNMsmIjSTQptJa
dANBpSTfkGOyvBMxyn
CNMipniZyBEMGM
cTZYcyfVHHZmecEjM
BfZ
DwVdIVAbuzUFvJ
BQVUATD
DpXQc
ARlXaSlMHHrHPD
aHT
c
DrnbRqoyPFoYaDoq
DZTVV
bXFtXMqQKlyxzZUHLuc
BgmSLfhYq
CjLKAImkaljgKiCSlN
aFbEgxFUcSrJxhfiWv
BPtzxrEyHHBbUF
bOgwyQblEjkj
c
CtTXaGMobtMim
CTmCKvjmlqGoBPRpsU
DWMjd
BzkxPIxssNOoRBcgnqn
CBJgSY
aumArvfaEsDovpx
DfIosrOqzkU
CIwOnynVetvuc
dcHbopSzMospaLwDwh
cfdSHTuClUslWQK
BxsxGUE
alfyKBft
ASmkWDTjoxkZ
aHwiFM
BvEBAxmck
cAmteXcag
bHAoGbnuArZeqP
CpxResF
ctkKQ
aVOkvToMgfxejsIV
DJvxkRwamlAWlra
DspmlKsqZXkjKsCycuSM
BQuOxoohrZGPFtMzqS
BKNEQv
CBsOFVGa
BqSRwVZzouYOKJKhjch
dNLgZVz
bQrvEniBuHAxSp
db
DgvGSFVbxHdmLD
BrKnHxZAiCVXZovGx
DMfDsaLTKZBFNbzC
dOZXSBRnk
CubVrqrTT
AVlzhigShjIUdCUlRTT
DOeJEwDiaEIbDa
DGPZXXcJhczyq
bZQarT
dTzQYRilVzEDBVdkilo
DBDhTnogojEwS
dVRPtvtvxOHPL
aJufkXPjimUNtwEHPa
aLHT
auwCDHWwstTrpi
DZPaoIWxVgEJOMVF
DhfzWGpjPRj
DIkJ
cqQcBQ
DGKgRtUFVWzfblc
a
CrumzzlpwQagh
De
dtErtMjJbB
dzbVGDdqu
bOnMwNTSamUdWTI
aIodLmfAEzdH
DVhozKkF
dExTVzvhZDVKfkWbhNa
CLN
dCM
AWmMU
bojyqDaPUCGtiqZF
AHTOr
dzMyLHTmiT
CfFeiHchNWfMYXVLtV
BTnvSYMz
CcvjB
dczsyIDCBkcFHus
AxnoIouvrhLXuRwjTSUI
cweoYlYfUckTkUcB
Db
BDnbKUOUyiiEihXF
dBCJovekn
clmTjEvbbwcLmbEJXib
dktBdImzWYQxCysEIl
BXpmSRcNF
DPAN
dLPZBTQXkW
DsTuSfpkveD
AYc
dqyXqCeFIhFwGu
DpYOISzvgFVG
axoYUVwkfYmgiQbnuz
BQ
bB
bLnPUYjhnFndvaXArp
CUImlSbtWQmXsPpbBWUh
CgvUVYVIPcla
akGBRvbSHjFCDiOMHa
dS
ASFl
cbHsaoAVAZfA
adOFXHEdeWtD
bvoGKOeBkIDIcrc
cE
dZEMBaXPZnpexXKvTRIy
ADBNLBUYS
agftbBr
bNfZKbdkwoVWK
CABVcuoB
DhYzfxRheNNEhgwyZWst
akPxjupSPbQNUraPG
AmcfxULjzTdFRsoXD
cWJcvpDU
Cd
auVwLFj
AQseHU
DdGyrBxhLtEtuDdUrvlO
DjrOzxororZp
DxKjYIMoJC
DWgaXyfxNxK
b
CX
AKMMnzsckPXKeDlzlv
anxYlanWA
bLBLlmzOM
DTBpaUqIOTTrHAOvLOdc
cBFfvngITHAml
cQeA
Bj
BGWz
AfsqsXVIDGgepeYuky
bW
bdFVFMYKOxGWpASheitS
CykGYwxYXYglcauNM
dqBTRDKiERwtW
BRIrYXBffqgyNAnMVye
DtJTTJHZlYc
cCAUzrIK
b
AENQTAuzTgQ
DWKYWgOzYQNIu
bbckddFyXsHqH
ABIjJQ
adkUgDrWvXl
bvedWbwXwPFiJXa
DKTPegtWNd
bJiet
DZfM
DseXNddwkIPROBArYv
CMaCmvZhtCKWo
dnguedSDHk
cACik
BowlTsROsGNCP
AFKLxbYergnpZWNtNxYb
DmkMhvWoQ
cyRYZfnaM
CANKFTUBPYeF
bnSYz
CrbYPbtOuZuBixAtWYE
cjLvRIVTYZnNJng
C
ag
djryJowMXOEZbMIdvI
Dv
AfKdbkvglvWyRxrp
cjrFHdEoSDOJPEkb
awX
AutBXPB
acSTfE
dPpqzxtSu
DkrdenOMxKn
cd
dcwMbkRe
czmvaR
dJ
AfYvScbggQohepUvCOdb
dgMkkPHFnJewbrx
anBSgQJd
DVTbXifWLdpabD
amhysBra
BvTxpXOSpEmi
APKbWzbupZQXOjBhT
Cn
CeQ
a
cN
dcPXDupxhuFnlk
CaaBiYoVuj
anMOVacxIRG
bUR
bCkSAFIzw
dTXXwIuBNCsobfZqnb
aVrwgxKeJTrSov
aNjbBKuQkBG
CtmqMlO
AA
DgxvVPbCCYopMNIcjIs
BHYGaoaCJBV
BLnnsds
dgznA
adbLaLGEbrWdmmZsc
datoCIVrBS
cYpZHyTISxkekHLX
c
D
CjKfbQXSCWuhopjq
dxANjYwY
axESivbpcGCTuzLankjF
apFLKmLlDgYJEhkXRWr
bVpEDQBjRIAABkFfZ
BPMpyHn
Aq
bbw
AjQVinw
aucuahsDP
agguYLYnUuYPuvcMccMa
DioXHFCrVFqwA
AyieixPtDCDIFBOKYeN
AeSSBNwrt
dahmpUYGPNa
DwbnoKtQG
aysFtWglXeXtt
abKxDYLAAadmTBJn
BEztZCAEGnC
DgPIO
cWjiMBWDsoP
CobijnKnwNpbdcEKMf
cIWvquNINjHtUOvhsH
dWrNbvyYSDsbCk
D
AtFDYKdYPOlUdlQS
cbVJtFYDQnoBdebe
cfnErEmQhZIII
bxb
az
DZUMUhpuevA
DbxeNN
dLb
dLlWvtDcgPhrbUWz
b
dZypSvIuRywNLSl
DLopzqImzpNsz
CPsQHAFbJgcIjXQKwG
DK
DzrvjEkpIOrofvGZFNS
bdPKrceTdFJdhkXgywuc
BhHZqojoyNYcZMAt
CZVoUKooLzu
cOdsvwFELXeU
BvSnISeSfkJxlu
DnyTWNsnaNzdXvocTUlm
BwWnPieCLer
CLwFTdXeveguUUVa
AM
dB
DflgMMPdNIxURgjbI
Dlf
BjpBPEYTQHspKp
AKKQXVYlyPjKNBmAVqW
bMfsKeQdDy
dNJXESASY
BjMgiEXnzW
BLVcITpJMSc
dMnY
cHbT
bqKZzxcpyzgIC
d
BpxhbYDSQmIFVg
ClcrEydejvzIBobVBvBo
BkURSBbEGiYS
BGBEZPnSim
Blrk
DH
CNwjMdHgbxHtcVO
bFo
dATiJZDgoGasVy
coqZMjKpNIymDfZ
b
CWdb
dfLVUMsFyQjHP
bUufvza
agRqcdNp
CZIpmuDhEHy
aSbmRrOCIJmxIv
Bekbohqq
BSFYWiTKmVJcDd
bhrGYCAPsSUtTgdSyH
BcHvxnWkD
dFyoKvGycCpmtybQggC
DEoSICQsEWHVKIakB
bmrjBZrH
DVJb
AnmBrazPrCGBnKkALwl
dHAAmNsL
aystecUpnncffRMfpoXq
CIuDxpqxFnjfZ
ApLlzJupipZcmTcQgwa
Bij
BitqKT
aJcbVwWdcddyZ
aCQGKxhPbPQBhg
cNa
dNqsDvmqyj
bgMJhaoqJ
cCvKJjlvckXDtLZkpkS
awZw
bCxqMnCEjokwJFrC
Bw
ArgvTVFwcSslAc
BKKh
dYRGCdpXWmBfHnQ
AUCZKessXnis
BClDsSUEaLFvNXY
AX
aFYra
BwPCGIN
dQRxKvVhzLaG
bVUrf
BwbVxIGoemyIXMlvDs
dZWmYBPiXNnAX
aZsVHxDPL
hQEfSWzngygWJ
fHoZXRwo
HISqBIb
GfQbFTsyuZaXdP
goAXTbYNFXKR
fiyHsJp
hRaLfcuXmTHtKCh
gOJrTEqRvBwkGweg
EEFoTtY
GXHBOOJssQOaRr
G
eRNvsoKKgVC
hs
GYYdnxihi
EGiiFbqU
gwvTPNLpXLUi
HYfecmYwxWqPRwNGym
GxTpYA
EatwwlxfRYADFwsNt
etqVeNAXmB
eyQGvhXdpoyxxe
fHrTbb
hilusKfTNLNS
GsGTNCXwWjj
HWFdMcsjLTvMD
hgWQL
fmGdAyoZjmLDuIt
eOlY
FayMJxosRWw
gcOJi
EczYKrxBy
GkOFqYfCRcdggZ
Fyy
HGGIfMB
eghimvXNOHQZcXJpxWW
hJGabGWWxfYIByqtUGGv
HImztztLaopQyxVKEWhT
eGvcKoOBz
HkHWi
HxrabHSbmhafrPPBW
HzZgNeq
fFzAhxVfjYhqvxP
HBladcctqEyvc
gbeWwfUvKS
eCyDswUFVEHktUv
GaMT
FxbGXHthOv
gBdFQd
Hd
ErPyKELdN
HPXLiCbtwlUinPFAe
EAuCqlU
eM
GDZFNvKLrYOsWXu
hLsVagBual
Fk
FYoDA
h
gJDVF
GXlANkPbZCObPuFk
EAmnVWNQUPzD
fZauJsGbkNDUwqgw
gwkwz
FlpgKqjkxd
EMa
etIxpDCXOW
fH
HT
hynIztbZlFuOgiWphRu
GjpldsehzbWrDzLDWvW
HMbWMCwBPU
FbyA
GoUppjdSTT
esK
FieISLSaUynvxVrIeRM
GIIiQmxYYJbvZs
eXiFYNmiwCpOkx
eg
gwpfHGoEEmuwCJmTnShJ
fsGchslgOrLFi
gRTjjfPWhs
eoDNgbfJCYKWhMVTfnaR
fGBeTpMCtIFu
HwIFN
eeZwpOylyheMhfwDT
fSqoZCIi
EanCI
grUvLsEmf
ElYGISdGcwIFLd
EWuSO
hvYAxMwSlmI
eWJZHkUs
EiBRhxhhlA
HfbBlreifLXWfoUPXH
gfaERKLHfq
FvhTlmitjV
gPjntoeuNmQTBxs
hfFfDXjesmfR
exSWrxjCFHpLM
fHTxAEM
eCIzMttQfVVnmXGD
GYEADKMpxiW
GYNniNFpMfJY
fsjYENmXZBoYBHNW
fn
GnoCDcpq
hlIVnNsdCpDcbrTnB
ggFMxiu
gmNTZ
EdpeHLcZi
ErZhcPEyOBGczWVsi
Fh
EMWEXFrUByIe
GwBUsghOa
GwuoUIyaFyepxVvr
erotVCMXGVoGCwTjc
hF
gJObcikHDvMOD
GLsv
HMVcjzFzbuLSOHzV
hzZpLafHNdyxe
hyOHgk
fjLykAYpAiDxAbegEzyE
eDANBvTJkqznASIdNz
fRsWDpXyHTomoPE
gJXrTnEfr
FhBvfSugbTPTax
GCeizjWwHEtXA
HeeggaIJVZfT
eUgUeKDuPGylc
HhL
ewMGdGHnQP
eSTM
EBBakScIVFAUnkNj
eDTxWceRbqlhAa
HpausguXvdjFKQxGt
FllY
eAonascOyqJhbgE
HtPvcpMEkVZ
fFwWidas
HRojDAm
Gc
gYhiJsUyJqSJtoVvB
fTGSQaVSCIzExo
eVhhdcxjhvXh
HAAsLssCnOITKHuf
FNONZAysRlBDtGCV
ewEvSXuqT
FytyeGUmkyZfsodS
hJoPRyBmQPFtGNnxA
HxaENmatDGfyesDQcF
hNZytIqmc
hgObWLPNUWjzrdeySDVf
FGuwEJKDl
FqRVlZEpUyMyX
gneuassREkpmfvB
g
H
eukWp
HSnpURVfiFcqrSSzXRZx
EwrztzI
fN
HiwalnpT
HenglZlzgUiX
FQr
ejo
hrEOaZsPkizNk
eCelr
etxL
fgSpwRNn
HXrgTy
gdwBSDHZpFlBsNHJzr
ewTxpzJBxJr
hvLxNDfDpWLBQ
hxjaHgJkyhiWS
hIEspAy
ElgMamxbHT
H
eTPkv
fvfAoMSBDVkjYcnU
huZjYUZQqpc
FOZpUqrHnvZTiCUxvXUY
fiiDjscMEYboICUgV
fooCoEBazkPlpJ
FPFDH
g
hxuooCdLJUerswe
hdhAomJEMGzVhONQfo
hgzoBPoqkEgZYy
EXQlA
gReOdPpTz
GaoIsF
gXzrfadaepTfV
E
EXTytmjxWLhBjS
ebpEkKhtZblb
hnbIzByybKxaugY
Hw
GBUXVlCUV
GNUgRlv
gExlapcWEALdG
fywZssbFofkIvFyWYZ
fDGpEwjoaKPmDml
HUnPf
FmWbmXmWJgQ
eoc
GB
FErjRXlXv
fVbMeqvt
HqHQwxubBLz
GKBGFzVcjzLNkZnmXa
FQOdrGmBAbxSIAYmx
HVUEVybIfmdaggLXGanN
fJnCFpz
gsQiKRgO
fpCX
ePjHOBn
exktiHXdTCaoFxVbRgm
gGOnQeTh
hOlxNHfhidxPretLkiEG
HgoFAupAjuZzfdy
hI
GUOCfDguQvCpiXmSRW
e
gP
eirQQXHIfXcXGeAEXAHw
ez
EtlEuFdRqGGIOmQXmFi
HnweGjRuWCfmKZA
hoWtRsYL
EUJTXpgyguLnlaaVY
HuflBXWS
HYQLyVkrYRhjYfQnc
h
fPpAxqDjdDXP
h
EXSPe
fqMZtTXPsNyMBPRET
GFHJhdNeOOXuHTxmdtD
GVpVbtDHcB
FCBDoDaomVjiuD
FGjHVQfDVQK
fsCStHURbSqPaCr
FpUVcC
EbiJjP
G
eTzxOIArErYyfkE
gSEHNIHsXkTGtjd
EdBYZvFLmcwvEAWHsPhQ
fCJWtnboHIy
fXEUaStRANBNtwLAncxL
GpmCQPhzACQHY
eMiVRFSHt
EZeXijraONyQzI
gyGdTCxdQiBPon
FFeHHG
GCldHt
HsRGI
GpWEbSrEbIcyn
eqnRYyMhzAjBNgncWcRH
f
hYovgsQmJMAtVSlqEVL
FfmGALeSKKO
fXiUaeUaCIaIMrdZNgi
gaKvKtHGIeasUtyFqPh
EIqmMwyf
g
frI
G
Ep
hKaw
ER
HrvnxzoDAiOejpeeh
FCdQjJYkKbvUFo
eombLww
gbUGgiJqbfvjZ
hxmuUuwQJPjgPhiLGNG
H
givwsBRuAzping
fNbcHz
eECPE
FyALc
FUGDGyDY
GXUNDsy
eVmTTIj
EPLL
foYemxNct
hXer
FzoJjDjAlzWrQaxNBuvY
gGbcxdmVSh
hwrl
gedLUexvR
eCxnJbK
ffcNoSZIJ
hrHhUxJ
hHGqgcapffgrVwZGeLgA
erJYx
gMVRgEnxthDC
guLeDMAgfOlfpmsvb
FroOMQadpq
FNOHaXHLDpacJUe
GFzWHMwke
FcFdmDtRYF
f
FRFcPVXKiLT
GfzYWPzkR
etxiOF
hyJuUlOAkoO
gQOQOVPqqw
FS
ECjPTux
HIsio
GHZCOyalNamiTecJIe
gulhh
hpkyP
emxmT
FCRMQCXVcY
gbwwqWWP
gPBMzYbdoqjxUVqFjWnO
gLFEFbNoxFCmAcaJVK
fLCjRYCVFdPkZc
FUMtvgrQqwgt
eURF
FBovFdLDUgWoOjWgoDol
HePowLlZLWk
fIDI
GZiEiPDbLF
FAggvthNBwMyzmEzSPx
gKBLZjgOJAdAQXoZ
fXNKMKgTSQDU
FXP
FAOAEBYWGyEAZHZN
hVEBcnIEQaaTKTFB
HxwePXUosVXAeHol
eVWLKIdjyXHzqnNm
h
gE
HhsvBPRVqmrlYpu
GHIgQVNleAwcxc
FntrVkNsoq
gdzhtftOGvJKWnqC
fJBGolz
FLrEkjofwFGk
Ejgf
gxkY
fBVWdBBcUiFPUYI
HNYJiIIYApCfjaFKsewJ
hwXQiUGcY
hHmfLClNXfMYDf
gTh
farKODSYaKCezGFXhPsP
GtYuHAQ
goHegRatNuvMNNkdysVE
gyvThS
FQkWLa
ELxjStgahv
GHxVrXPcqxuWCq
gwGTluljjtqvQdwUGtAz
gBdrSYUBUHoLCr
G
FlEmtdOGPrqs
gAYdDdhCcUTSqqn
FNKV
ENvbCqgamdVOTc
gfKudrJLlHQH
hJbCdHLi
EQfetIg
gwEknajqJtETFULqU
emhuRwWTBuc
ejhozkVtbPAoHOblqsWo
GtgdPWhMla
GZ
GlJWgNgZ
gqWwvXHR
fRxSycQ
FURXUjKZERaUXDu
ESzDqu
HJkRPyDrCVnVFxaqf
gwUSqDzdc
HIIgVh
EQFALqnjMjEyiLmO
EKUqcaKTZk
G
EHdSGCgJJsQ
GuNOaAIPYYFz
FayYngN
gqHJOeqAkmjBtKOonon
gRaWdxWPsvJfwFzu
GwwOesJMFbZuzFpcxII
E
hccHikSHsvX
gXYFaLnofUhPp
fLfRLmjJoxnZPY
Hcnn
hqD
eLuREz
efRgZI
gqOL
gkUBSgMJuRHhQbjciK
HMXMqfFUiCvIpO
HcJJPABga
EkgCbfriMUVh
gKugnPQq
Hu
HxVF
fXKcWe
EeVinHLY
GCcyXa
Fqxnmh
Hvz
HvzAhUyLlnU
HSjsTX
FLsstjNyeKIgukjEnbk
FrsbMRTOkyrrO
hP
hdSIETXUElhpJeD
FmGQIuBXdhWez
gOhytUyRt
eWhpSQjTRYPKJbwNya
F
GwjMZvmIFbLwIuOg
HjaWwAyciZDIjU
G
hgpvSoQEgTXRQdmdir
EDEqpyUH
GSGicucReSijVfltpk
gTNAbcelBHiagzutg
erDaJ
GlZhLLh
gyRwZoQxXTtnlvyOWT
FIYUaOpbbgQXxPlRcUo
EqoqVxqJHqwBTMBuUWC
fLGWctVzUTFwrtMBS
fdKzpxREi
hxJFvPlckMdUyG
gIyncGWvIU
gBtQriCrBAIgH
hdpshPTLMdAHxT
gcaUabUpZiRdVlgemQ
GVWGaXbBhzxuXHaVOYZm
GXPAquWaSAM
HyjfjbghnZIBr
hVRiHdBLueYW
fsT
gTQNxOV
fgNkSYzpOJ
fnzhlbLSwVaRcA
GiXSJdAHDc
EKqKuTCzrJWXG
fUXhs
fzEAUuii
hNb
fPMxURuWTLYeLZIyl
EMvKpUeoe
fwiVxtcvNLG
GXcElID
h
GmzkVYxeQMhRLD
eFJdqwtHdncCnJL
H
FmNIMH
f
f
hXRKCupvYOVhUNXz
HfPYgYOsnObZZ
GGnJrvSEMtqEsLjHpIi
hNyGMXGRTNKkWpKFJoVk
hqh
HCvkQXgIKGTO
e
gZutlrKWGQKJs
EL
GUvDp
esaGKknxUgq
FpqQeTykbhKNx
GHlzXBSDM
FjOI
HpUgzzS
GzjAqbT
hPL
fxlVjSZJQMft
FLgEuRCZIYm
GrVZbfMBU
G
FQAjEpVFWURTcExXyPZ
eBjMDFYHt
EzOuroYMpyTmXbMRGXc
hyoueV
HcpuvRBp
fOcHGoogCMSMssQhnx
gnZf
eD
E
eIbBEnFhTDtGcdcQI
EgQAMzCYLEUIonZHmX
hH
ERnD
gBgJEohcMEmybL
ExWRxOVVhyo
GzS
HwvJRmQZlPIrNZkwI
fjVFQsvaPkFgnHjFH
EPhOWSJCqwQJLFVlMw
fADoczCczVeEsJEvLK
FdTxtpnLlr
EtuEDmyjUGsfmInB
GFWaRQZTpipIROxkpcXx
FvJeeUUzuTSCwjF
gXZOsamlQbeQp
HflInpwdSHlfAtlKr
GhXIXUrAQmgCS
FajdKDNwWGBoXYAHpBSZ
FqwlEImz
HonLTIkFQLVnoHN
fSqYPDHmsY
GcsYDxoazpmG
FiXeVhHquORtRkt
HCQ
g
FQKjmuJ
HIjfzFSY
GcvJdmYhUjwtmAlZb
HyuoA
FmDxVtSerSotIeVKGxKw
EZn
FYHrdEAaIgPyHrMfxB
EPUDTieCzb
ewjgMcJEnEb
EdAXkBHIULimhkKKfnbJ
H
HzBzADBg
EKbgeRuJlmdb
hMmYbNHMw
EhmCTgflPTJBNzLoSG
FLbiVAeD
EicMpRCrTl
faNMBGCfutqjQ
EFHTtmjhiMyolIIYsbL
ERxRBe
GLmkaGrbP
hIrH
fhJGoSzNQHAzId
GIVykKXoDbJGu
hzhRTWENRoo
eNtyJHbfmN
HoysAzbpGtjR
eEYXITWObOpCqCJViO
GenPYXdoxnopKVFTeJ
hVCqgCSSyCQJ
h
HQolqlxwmdYfSEt
FjNXnnISN
fxEGrzWQC
GfgLTpoJUpSRM
fjTULbTWYAxnxfY
fUKOJBjTsQvTgeNIDm
eWpanMVFr
GucVRxTjSSodhbEygUwN
FL
hFpsysoWUw
eiV
fPKbvfolyvlaXpb
GgZWyfkgDKbz
FGcNDpIhvLLeMDDV
FLZL
EKPwh
eNpWxtAurnFkx
hWEuoolCWBpnUm
ePBqn
GrNhHia
hBHjAJ
evAYsdCdPkrql
EJgTqKhfyLCUTFmfyLGI
eameIzdVOueiNeTTd
GuXQI
hWQlQXAsmNSKIbhISJOM
HeAfnHUSSmgHdYF
hkyYgwJc
FrxpxEX
gNSm
GvPRFWexeuvy
EbhSPOmk
EnIiENALo
GJCxzyfkJEEM
HCIxQKqPrnRrSrpDNcQ
FnHkguEYefZA
epGrBuTQSwv
GBZKURqFacmo
HqlrFRbT
hgHvrxUD
EgZJrCvkJCLeMAzjjjSn
fbAgnj
gPlkA
GLxCbpDdMMMJeuO
fVfXOwNXEO
ERpabmsDvk
HoFpgbNIJwdAqg
hMcLVj
GSMtRADiuX
hkNZXWiU
HVf
eewTLpqpuaQAr
fiHoNzFHKks
hC
huzqNpuh
gImDz
FtwqRCUdfeiYtMkafQE
HNqkNiXvelkZSA
GXfs
fVcKgIBzTsnjn
GAv
GNGBCqpNWVrwaDahTjSV
FSbVmsI
HJEOCRWPYhQnrkEpBvuF
FnDwyqTggeLPIErRJT
FHOHztfhIcpdnU
GuHtTxcpSqxpoRIrMs
gmjebwnyo
glboreu
exwolowWJFrQ
Glc
gvEjgPMTLBgQEnlRF
GsGsTMKdOUuVWMU
eAgr
enuGVQRaQzcTGncdWK
ezTHFasRVgZhKTqW
fRVPhOResiaHYOuLYGDS
HmRHWA
hyTjWAdsMGqKvSurSzKD
EXPrdpczOigQQmXvAD
gPUwRqYkAojwqhjCySHV
gtALJTGGv
hyjPKqSq
ErJGQlTEv
fMoQUfQLRNL
FiAFr
eproggBvwaqMq
gTPWDOhApagG
ECnWA
gGwOLlgeqQe
GUDBYesJHNQ
HHYKXMdaHsnkNTYdGDf
eWlKI
EGIKgCXzsAfq
eCVogr
hMpcVok
hMfkMotAQoVeiHDYCwF
gqcqpEUm
GvmfEQUvUrKeEjEJB
gtUGamq
eiDomOyqOeFQY
hWVVHNegnMnYDSejKiaJ
HYJcLSBFwQVZ
gOWbGdnxJRRnUR
HtDIyHEBAIxuznGVonj
EsLugm
ExhRujTfZlNcuArOR
EWFHAyT
gJmkaQUGjtQVPrPuvbOC
gUhNpzXnUVObBSbiAbtZ
eXiwj
EZ
GXROcUFDQX
hUasYjfYCy
fvLQLcIUeEEYCTkxShkd
GMWXauFxVQlC
GpmRFnhDXtWUqXhmY
GiCcRHiTXV
ErwTTUCzOkqeZTR
Fj
HyrXCbYAe
H
hMDxSOkCeJkRgWGfbWjy
fwWMfJaDEfoqopfKgIHE
EfWux
HeRKbfQpehwRMBUvnC
fjFWaXtNtkMlQNahLY
e
HAKAZFxRFmMhrq
EAdrlCou
HYc
fRoPPkSbPoeBhFQzZ
G
gaHrG
HHGvwncMKQ
FzCKoSCuAjjKF
gVTcGokcw
HbNdVSSXi
fVvGEL
EWZMoNhKlUPTsqs
hNVXLOForAaVKuwxZB
fSfakfbkAvunelL
FymeJsgioqpVGrZECLhi
EaOMCIoFNSW
EOpGEVgiiDJkEXqXzAXa
GDXSVRNkvScQB
hAYysOrNHKZadTFStyx
eavMUxwBZHtslib
HobtnI
gjRlvj
Gr
e
gubcYpmrMZtYoogLY
hjwKu
htcOjDGya
gbOJtdK
ggYmUDqXgyGWwruHEQU
HQLHvUCGSLEzJaXW
hOEICjzmOBMgbpfuP
GSsrSynOYMv
hwxnAJysGLAgwUlyf
gSMkK
FhbOnksSkJ
g
H
FfWA
ESuQgFMNZVOZXAyXlEUk
EJcbRCMuf
GuWMbHAnBSGbvMslTg
hKEanfLKXi
fElRfDtFQiiVJSW
gevoIECuyqAcKtmQDDlD
HpIj
ftCRloQGYmbp
eWhwINEJDMBrdbvW
gIDRPcEMj
gufVenzV
HoiWQeQyBoYYDW
GKtn
fIdzxkUhg
huOQPiBpCLNklPqfzu
glGMxLUkFayS
FWIDana
eMaWvRlboLc
f
GEXSn
F
gSouxhVMOnBRSRhgK
fJqPLGuwnFWdBCjHIY
gTSSWrCHeY
EwKfXRJp
HhDrTRTuVrerxaJiw
EFTtvm
eXyva
htUSehTMOVE
gxC
hLXZjx
EYYkIXJhNQMnr
GtaSlXnmdb
FeKmVlLVimUJ
feWA
hrcEkVWMvqDnTMiH
FoxffuRuagK
GhWMTJpQXvkNkIZmbzm
fG
eAgvxLvUIHUST
gGxqfYoVCVkDHeRmvl
gEJK
HxhRIRgEPgcIVmtSBi
eQaQels
hOHxiHzmOhHPVpaI
HQf
fdMqlcpSKOkqMRkFHpo
GotddH
GjsNyKQP
GMrLntNfgcAOCXNtfIdY
EoumRXUMuKkUYnw
FBlcltLLAySJjEPL
HumkpGbfb
fcpg
EG
HjAAP
GNQKAFlT
GTU
FHhYxNyIwEvPYjasbPAe
FnTQWkHVXKq
eiXlfcqGDyvviAw
eefAbvC
GHdUY
GrdZavqTnAvdE
ePOlVg
hmtbecJfOixxO
FzXYbWxRmFJWf
edJquVDmymogtlwWbI
EzEQqbZrYizWeI
ffoA
FnYlQEwGjYRfayVYqZtq
fynvFlvV
E
EmWiEBjzITEAGQThpw
Gx
ECihLkHTnnVtydsKjo
hVGdEgsjQpY
hEmVpHoOu
FZFNHEumLRcUDYj
fxwyl
HQf
HaDsqvXHV
gHKXqkNfcqKF
gBjdQaCH
hSdz
GK
eaOAmcZmiEHvTsRwJoR
FYjGXWBZRqtXaGMyG
FISmljcgtjwYLIMyehD
hVyVOTESNKujmXIohvE
hszoprPVLhu
HbmXX
EzHVQAwVvOrbcjEAgPyY
eNDdmG
EicVKOZkW
f
FgjWcMcQ
Gfgud
gLfGGWWvLNpUaVpcVFx
FkGafmQ
HuJgvyKAdfBlYoFaiI
ee
Fhhyo
hgdLUkidKIO
GRI
HNgeiQYataXo
HPFqqvgw
epXJRUE
fgovKbjRQnMBcrpZwfI
gtCumaUU
FSyiA
ECmcllBWN
gXm
eeptBFg
EHUbPglxqy
HyMlRiILZYTAfNKwCQ
eZhRwVd
gM
enHjnjDoIWsaviLJZ
giwivVjWgofN
FMAqcRKfetoBk
GAbRQJC
gDWdkjUANSrbg
FRAOXCzwlHTyDo
FxrGbwyLvQTBJIlMtxyn
exVkX
HM
EMCarYqPDwce
gO
hBuAQTT
GLpQojPpBb
fahSZ
hF
gvPV
fGiXYK
HnyX
hRpvLLIc
ft
GkdsLsOFqscgoEl
eNHntaiudTKKGUYVFU
eEuYhKSceik
HrcLiWp
FsNkLnKPFtC
ed
EkWIgpvmVhKUaSs
ezpeCiE
GRXzmHpeia
haBi
fYBiXaeRHfHiyi
glJHwegsKRjwfbg
HisIvxtwa
EDRWktFjhAUXjx
FgJ
fv
gBjxTfMajG
fLdJSwFHm
fTqjbuIAZkCsPsaa
FwL
GcIDCBzUmpwwobc
GHYzlzrsNJXZrq
glFBuIWMqxcGKLL
EY
GjvLt
FXzJMKshfD
hZRTJsAba
HOkFNpJHftZs
fQuNTEhWB
FMWwSPXdYEzekPTFqMV
hEKmIDxG
hlKi
EFHuSHIBdRDJjchyFP
HNiu
hLtqjlUxHEfnyvR
fLDfttseuyTXphLtJ
hrZaVlthqjJjSNCUwb
EbsYFXJ
FXpUsDfJOhYR
fIjyNcCTNtvtdW
hcinm
gyHiYXQlrP
fcPoVFInMXnRCBTDbu
eJXCysOgerrwHPZd
enUgMed
fSHsWVrIzMaKAxT
HWylUUhkDzbswMG
GWxRCKnafLeZo
gf
HfpItiAXfmRdKXVFyhak
f
HEMEhIMrX
HiNab
GviOauvxAtR
GaExomjR
GtVEdBRAwQiSTrlWpx
eFsEsNSYAJh
FgNtikzOZWUVRpfA
g
FbGTzQYBwUvtJhAglq
HoGAshrOzoGvttynl
gHqfokLbbxIlWdzvKJj
EerszyhGaPfQoQVniiVC
gTrxkcCsEiCkIO
HaAJlFIoQGocgSTr
hjg
eCWsXkJSCoCLZVKeDxs
eNDutVdYdYRuSizIjY
EjBiNMlCs
eIYFBQyHwXZUerqOUzU
gBVgWyJf
ExEG
hVXDIyPr
HJOKXXUNiFVaurZpgnt
hLZMxvphNLvAoLnO
fJLbtqSQb
hMHipMqBxqqc
eEvxpnaxkSmqu
hhFp
hLuTaGJb
gglyjbgRte
hwEUFTYjEPrBD
ebYnslggZkZ
HUaKdLchQhTLKgfZtyU
hxnM
eDF
HVD
EarfGXDCxDpj
HjmuOMqqAULQnaCy
ePRUELpKmUMMZ
fwaSBZkYfxDyxeXE
EgH
HKGmEX
hL
HbT
fV
HLOmev
hiXYcVpujkCRgfUlg
FFMRKitZbPBHjL
gJyqUSosPcUPTQbkj
G
HRaWZv
HvxdFVyuMqL
GAzXfcnTOFtBNT
ggwSfbrmcfZUZekQlj
eGDPvZVNGhocw
giiHDePCEyFRYhiG
gsdtBXrgN
hHuVvuhESepTDp
EMvGJJ
h
hqYaOxNlpCLSjKDZQJ
GPMbhQviypLXMqUPWIh
GoTmeCaPHmJTcXG
Eja
EyMmvn
fkNXTjzLSDTdrfkR
gKNZajwlmFQSENrZlUPp
hoqdRdsksDtPei
eYnxtncMhorEr
EgZjCmNwNKzdnQlHinDi
GxDXe
EdB
fbCBjzLbdWImGO
GKZyCkeyGTImskq
FmRIPPfGbzwRd
fQhHyuG
FursalCkEMUVE
FqFEuiHZie
FzyjsMZeD
g
hqmMQJzT
gaYWjkFWmEmzWSZgZUh
EWecYmNT
gebgxq
ggaKuJMEmyjAj
gN
GNoH
fhulFNEPimHKIiiIkFep
ftGUSfkQugnFnEijqDhm
erUwNbfnStrcW
HnTYerBoXX
H
GrGvx
Giy
eruAojBmBn
gFPQmktLuiRmScbG
FDRNNycSV
HVsRmIbfJVkvc
eRWGkIjoYPJHBjw
fAsMIKlMHbpvZrnLS
ESBPmkK
HEVQrO
ESSy
GzSsUTrWcrVE
FQYCrCRwDyvLKH
f
HOflnYsMVMP
gYQTCRhswRimOrdPk
G
hijaOUmbz
HKHXPq
FZjrplwvd
FmWNJmoARBTlyrVBe
gGYvyvasnfeZBHzpAM
FJVDOonQLrW
hS
hWaetp
eszSwSvsotBtQGbp
gwe
fscJvacTJfD
FrBFyuyP
eErEGE
gf
gKCfnxVhfYutoIXqBwic
gBcBmQRQcxHH
Hv
GK
ehlxawDHZkhzXr
hnSfptUedoyPUGG
ervQpChhXEainXC
HGtRG
HrQfcHKFzEAfG
gkDvZUBNbbTSzIWX
fUdGkLCQHo
GrWd
FzRxXuvnJHY
eIvB
GLp
g
gONYv
harTCnjMayMQdIAaxwi
fenHmj
GKHFUfOyDKXfwOZweMn
hDhFaQGsq
hEcLnaoxyDNBk
EfxDXyDZPcllAyyT
Gv
HKLpdqLug
hcmiGDzqyJHOlXANbJzt
G
ekOLUvTkAUD
eDVbpUqt
GAepeyhDAEQyXJq
EWqGu
FpmGctUncDnYqDe
fqVz
hJRGKxkG
FppXrojTjx
hLVt
EJrUCegGwMg
GVhhF
g
fgAPxymsbkvisSivbg
Fecu
fqeoymp
EFStIPhayZ
ExtZd
HaTYKEjhPQlMjs
ekOFGHnQDemKAA
hbFV
FnsDcfSXb
eFXGDVutWHNwRHDdDhmn
FPjosgvwDMhaLVkbTQJZ
eFroFGGtJQqceydtMrf
eLbiRlAekcTieqQXQgI
FcMvQeKvOVscIkA
fkLvZymNkORFEYFJFDUj
H
EQIoNtNBFvBnUDpGRaD
Gn
hvjHGLzilGHU
hVbXxvHonSWGFSVQwvO
HCUcu
GFyECzQjf
FQFQU
FuwXQlaVRrcMVFyh
hnykzzUEWcIhcZJT
grFwGZwUHFVMFFLPrrPe
hCWZqLhrJhiIzcOzdbS
hPDGhsVRCqB
hkaTVdbVNYJiP
gjtuulpvGtMgB
FxHNKESRGMa
EWTDmuV
eVyUQvq
EZJoGiOSRoUYrYWHM
hlUKmPcGDPClYaGf
EydvDPvctkw
FnKhCVWMZ
EWUrXej
EjGhODmTvp
HyTmeRwgkZeKLDFaA
HVxSRJRcKkfIzg
GLgnyGLrsdl
geXvzrExx
eorisPlepJBzLNmRinm
EFoeWwLmPUkHOsaGs
FdLMbsGOwFiyX
HxLXwK
HUeVMNUzvwpujKuv
HVGNFhHUFgOvwGWriSxH
ilHUgRHZRFz
JG
iIFBLleipj
icWGQsYrNkGabvzMS
lIO
kGlwiKVKR
kXCv
kRpDgFbJ
IzRZEowD
lqqLZFTkKC
IbOyJlWqoQdanFVojsP
JUwGpTaBncNjecbHb
kCJa
jHqvu
kkgkA
KLqnJogMSwG
JazlrPeVKoIM
LlxQzaXoTISSVhF
IEruQQRpzryxpKpwJ
LfTBTlYDN
LBVQCsMDoEqXJBWzoh
IaonIsJssQVPJ
KjaHenDbLRGUe
LC
ju
JudkJFWWCnpk
jupCebX
imdoySjnjoZcKDzrmh
LR
IwFvVBAoPkWO
Kkl
jKoGpORulH
iyzrJkmtlDotRM
lvfHFIyzvAadoYzg
iAymttLftFun
lexTdACT
kOSiCZoPQopUON
lQc
k
jHmFuGFznGUE
LAQepYFuC
kZXHQIbEHQoTAD
jzaswJrFpli
iQjgDnikqOAC
KiubrQm
iZpCdJAZCsIVEzLtFD
LkJPXEIxEvnxrT
KiAQaSQ
if
kMeDHbrlyXePVzhn
iMQkrgiSkXIt
lCAAwnwhSZv
JVbjDcuYPP
Jv
lYYWtVtDVOELWuaneHz
iNIQileFoywNu
JOgM
KxXRzXqcmrWQqPQwY
lWoETziTNsEux
icSpIFzmSPqLARrpwLZ
KWYlrIbeQ
IVXqrttkLktHxC
lrtqavOgSNOM
kQHzRymD
j
LsNIHuBGwmOD
jfRy
JZCjMTJ
kCAAq
lqbiSdO
jLfMUpi
KM
KI
LxslIdKa
Ly
KiNNxHQXZe
iFqHTJFigeSF
ixguzJDxdbRtdHX
JOPhKHVaidPOsNSAWCa
kWLGHP
iuJKkBZzuipsrkJhf
ivNOmJcoWvkPcyFaeoB
JdSbrdEbAeAMDrnXHlX
LjMmMhjdEdIX
IvWNFAghGskrOnYtSWs
iMmUkamGc
keMNRYzVoncteoHehY
LwuRDpJDcoeAyuZ
KimYUZntTEoDE
kLTyPkhnf
kRiKL
IkzMeQUvuhchoMLheEwE
KjEbOhSul
lFcDQSUXPE
kkOAqEyj
lgqdOcnvqlfIMSowO
iMRbJ
L
KeCBULmmYxpuJcHZr
ixSVSsxMyXPvKinkuMB
LsuBQxtcx
JEVapkSXrDRaq
LFvvF
JtKNw
iYhjBwtPKpQIWqA
kCOfbHWnpQFYTUISr
iNRBZTWAYQh
KJd
LITOKaRgXHKbfK
k
IgZcCnQxNYUGto
IttWziZcLlgOdxIzI
KcCXCRZA
ixeKr
IvMGMtDd
knWUBZJonqxRuRBtIMUY
lTKxZZLDexSjMgxGu
knNsmobB
jJWxhvTZHp
LaMYLQiDXdWxFvpoNeE
iyqDUYJnsjjyUXe
KHwMLXp
LWbFExWaAWiHIItVn
KLKbOVuAaozaNoQU
Jig
IIIP
JA
kPOTJabIKXcGagjn
iwdpsbLowxC
luoAsqgKiiilW
jBzTXMLTwDYp
ihfIqqewwFvsPKLwG
lvGzFPSjBXaN
iUTYGxKEYOOIJNjloN
LzSWCPoiuARQSf
lRUXsQBeXtOWcxEj
LamAkoHQSAeeZJNN
jJTcSrlZwHLOdkZAdSY
jpo
lnyDPNHmxqNtJ
kE
jCfqSA
lqRHtlpBoxXArsNp
iKQlgseWbsqP
IpHtvBZREM
KnrR
kjbIKvbsOGzQnPoerO
KAGoKtlo
jLqYhxBzjKKT
IS
ksKAoWoGQi
jeIbYIjduNDO
kWRC
JuEyeMWhyjXLxxcbGSa
iQy
iI
KcPvjrIFKnAwuXsS
Ig
JOLRO
IGgnZFEeRRnT
kBvJwPbk
lVbJ
JtlfaPrzfuIbUgGrEkN
lxQuUrlkWM
lLnLmeQp
inFCigK
KwZSGwQanyXURzbJvHn
lsUuwiuautBacIElb
LmC
lcpChbkkg
IBpoHmW
kXJih
JWxztDgWwruEN
lQUEgejs
Ja
I
jXIuAFtXDDvpPR
kgLFHwuEmgfVmrmAkq
LmnBEWPmirqcIPhE
KFCslOf
kTmGbVWWnpxfU
LNlms
KSFxgv
lxfKsWBOulVMpNRXJ
lFtDgPFVCwsXVkV
ILJNTFncdmNQA
lcFLcxJTboDnZldQ
IxqyotPIsCiHGoFomO
kIuMqDu
jpdJaWkyJJzx
jmVADRJLRBbuUjEqRM
I
KvFvonFSJmeGpbrzxnV
KtF
jaMy
IQmsoAWZKyODiortv
JMdoTCvGFXCuxAmqCm
JPq
kE
KhYDvk
kCdoljYGBesqLRoHr
lHXIfflDnYVWLXvdON
JlkZTfNlymCa
kWWThYABxRaOXw
iY
KTzJDQuLmBFGPgM
l
JFdaBlj
LuahHJ
jtyloKC
iibwEnFaNnjxVKn
JtbVhkAhoCJe
joApxrn
lRlJDeIORuPcZdNfK
j
ifEVZlbYIZuAmgvg
LKOI
lsTqbccRCJzBMSwtglys
i
kCuBzYMqFnKQxhDnxsqG
iulQLHvlyquktHYht
kwyW
iKwtHEkGSGvxJiuMhcEY
LAmbj
LqakdS
iNQuukgchhKxYGJqdJF
kZXJbRTAILiptkYRElIx
jC
ikUpIbOvqPWbP
IlOooJgslNrSU
IhGicQLKllNdM
JRWAkmAVlNy
JIOwcewBFWOKefb
lqZRCef
jzWDajhJesEN
KPLDBiVZVjmr
Kca
I
jZbQyYZFCnYNPOkg
luXCTxKQaahuDOOoXDqY
jdPiCJpyBNlc
JIutjLYvQEomLBXxtbA
JC
KwUgLLs
LtsHbjupuOsCw
KUQlSKgrMugrEPaJ
JhJRbEhntYCu
l
L
ly
JeNvOXwuWsphEV
iTVPBys
lVyYXeVjVrbDgQp
JZwFkmnJWpthWxNi
ipEqeuqB
lNzWrAmQPJisD
INFrLuS
LEJCFqxwGLlnbgFjkRw
iUncQKSFqFZrdcVuBPhd
knUPgtZCvW
ImsfBLLjwzeIXwUFsvo
jmOL
J
iyhrUHHjBvnD
igzlxC
L
kZBdSUxWITKYJwPJ
IuLp
kNcINuV
jfRleZIpKCOgsBovK
KACKGFRnbbqIwyz
lBhKoHSnPEjbJVNxdb
lYYGmDNNZmIBImf
KYGrPGWFIz
IrEviNBUKtpMegtmTy
kActGbKHjMiEwu
KFR
JgaudVAx
LfOZFJLTCzeCdY
iQZtCRSwWKVJyLdvMKeV
lQWySkFhyokkhM
IKv
lRFYYHLOqWAtRDdlWH
JemtjTlejpFQQNPGSQ
LOlXZrTiEI
kuRttfBzSKThj
jtQgVawBpSvOuGLIs
KiZFtvcPKWJotrPqAe
L
LTXynWvapLwCam
iA
kmOFsEBkCAXAp
Jp
ivBC
IepRoaFSv
KlFWbkT
jkbToOYrstRpZyMdwdTh
L
J
kMxPNiRZRZder
LID
kMQVUTGWUinBxWcvphD
kXLKOhVsyTsz
jcTK
lCHToHkIELR
JJvqfyGl
IRjoKSSjlhFTUeX
KSpTgWKML
lXWqQ
kHP
ifTDxYpBJeBpnzlkwPF
KROEFpvsFexvxgOC
jTIJxKetGfuYszYkxz
iiQbTv
JFGyhTsuFxkmgIk
JLkhPDO
KVakr
ipAz
jiKw
j
LyFAMMKmRQnrFob
jsVzvunNeN
iTPylEnzoXBc
KMgH
KksBrXGo
JRPgSJZk
kMtyTikmakoWau
KXyTEhYoZzHRkUBEoO
jUwMbfyXklhgVNKQRiY
KJZhWMssFyhtvFNis
kvDR
JeCNpuQSvOkeWlI
LjfSjNzDaEes
LhBwRHsLhcWJx
lMUlZfWkQMRVX
KKXEROaJ
KvuvRcMLxtzYjCmT
jpuTNjVGiNz
IRDBlKUsuNddg
JXuJTDRtA
K
KzAMCVGsRbJdi
LHwwqdpwC
lzUrdSPQTiVDdG
jMnJuAIBvRYpjiJA
irMn
kNHfPqbWQOcY
Jtmls
LSluzEshUGohNGo
IJKsnDEGsTEdZUXfGDdB
IZAGkjpIxZNknVSwunA
kWcgvqOlLWZE
kUfnTNmyeEAnII
icCbbYydmAQQISg
Lh
ivulhOSeI
Ji
leIxj
kpNznvTIjqepnlDcTVYx
JCixQevvJAGYRtnOVaD
lcarycPWKTg
KaPohHktPkQ
KndEoQBrjVimHzNjG
lfIAMvS
iU
iljKaWVzFVFEYV
JLTdqbhHOPxtwJEhwh
JktCRMakDUioClCeUyHo
iCRbGAXnyYtbPTXhnZ
Ion
jGkXUjqjHPJlCtVPpClg
kvzqukHvjgpG
LWn
KDCOcjqPau
i
kxsrpL
kCWYmMQxWeadn
INnmopWHvSRYzGFXiAWr
IaLIeoDO
iTCK
jeyHEHHqtOrMspOtb
INLScXBNBM
lbebgCZvzMj
LeycMqFVRlHZVVosdao
Jkyh
jPbtU
jfMykeXYQNRfW
je
ipXGDkKDXdWrAhy
kqKmSKwWpcPzDYIJrB
kGZDd
LFYUhXKyBitkUPCcmbr
juDxKWjlXDUJ
JVnbydJEEFKm
lCiZ
iuEeWGlakUpCD
KoRUtpaNXiGzUfIDYbg
iRNbIupsKHl
KmxawRiCeojrHeNi
kzOankIEYIccozZmtqq
KUzozBAZHiojbwXnK
IGxfmzFiy
lpcDHbBJZB
KTutjIEmgZaXsaraDv
iOcNmJvQSObQpeTEGM
khdHFvlfzG
Jnx
iSGuLMDJpzs
IYzLCccdcRZGTuWFvEP
JE
INnWUoByvOSYcXoXBpll
jspffwVABu
IsuJurrldbSJxieRz
ltfYmZcL
jlwjlYtUBKWlqGVPGVdy
lyKsLwUhQx
KcEYckPlJ
jQEVlIPZunVsiAhUKUJ
jqC
jby
KSCEhLtXMLLPYnuaC
jZspimrk
IdcxlGRyOGMyOkSNFuv
jFbQCJmbCEW
J
lWivlGevQMXvLWztVr
KPnJFEo
KUmieWHWTqOnyR
I
jYdexeNvdfr
khotWHD
JWcTHZXuQqaK
ICsjCxrBmmOAnTdCT
jizlLFqfnEdZcqgS
IfutRczDOgaqSQdqlaTW
lc
IKsUqSNif
IMDZHu
ifX
icBQpXtGNCoGzAl
lwjQsKGjkRqi
lASiNrFCyWFK
jl
kmCHxUCOmaDZJxoKBhm
LB
JsDUeQx
JHkWEeuyoKd
IIlHagfWNivOCSUVCKza
IMHnskb
lOXDTdscTWhyBa
JzDXlsbewWD
JnraqRXxtyOtT
lgrOrYfxzLLnkkUa
iEXTfZSuVatVLC
kxwSUJNGYTyZClmE
LMzacn
i
Jsrs
lV
kx
jhNGkaoE
KK
j
JiHHjHxsdwJAQnIgZOiZ
IeoknwdseCmZK
lKJRpnidTUQqJawpA
LhNkdSzbbOCcojjNJt
JeLonLvROITHVdeXk
KhMcCortEzIEiCnxNjds
kCDQWghtQs
krfMJcGV
lurOoAapPbcaS
LoEkrSa
jmyxU
kmVNUUKmgexRFgrbaMQ
KExPFyuSYgDCeVhnj
ILaczTvGJaRobeZtQOJ
LmLTDMXNKxbaNBrZLp
ljxQUqdYzqOYxvU
JglekSBZJwYxPYayO
KWbQHOwTkJm
KAeXzyZzZvIMtszmjwcs
l
khIBOwPkDRNeCFjyyTHY
LLRsmZNBjWFXFbrZWry
iLqfDBGJwVCrtQHjtvkw
KdOFWMefqcGppqrstg
LSAGhAkEghCsucCnyP
ktoaHDu
jkMkoZILvVjAwFBVoTjz
K
JfHllklPOLlkZvFHTVM
I
iDKAJGejeqepxzv
LjnBZumsVTiVu
KTeRWlWHitYQgLp
LpAaXpWbIjxc
krjsTWochPdR
IOhtDzwGwZtDhgy
jeugixR
keXAtrShxusRDgrn
LYQ
IAGaOngtOQdbZP
LH
kqiJoLlWaGqcantxkGy
KElLblf
iiZOhpDhZiV
invVwnbEKCKakYnzao
JdNeZfWGgzxWm
LEigqlO
iIjkMPxNTqONULcoYrz
JGQjobJfH
kAdirgewkQPiQe
IWwHAiQPvZYCKdHjyPq
joEX
jRsvUmvxo
kALwLFpDOOM
icalasAAqpZPgagQ
lrIvBtpBIzVcEmidOZK
JuEklxZInOVnLA
Ln
lkQXWswKuekzZzdF
lHkwTttQARHOzgnLcAw
jquqJ
jyCwUiVjSTG
jePeRaUFsyynp
ltBggfxhAt
jhGulPjh
Lfi
jrflz
KWeVOzmaKEy
KhHdmc
lFrL
KMwAAnHjCehYtU
KuERUrROUUZVhodWJd
KJrIIoFKQsRuRXbkmjlw
KU
jIKNPJMWxG
icqCCT
LryEMdYZIkBqLfCwoY
LjWMENGCQHB
jhRiZqNUcgKY
JxzcyYS
k
LJcWzesSkgFoIkcaj
lEOVprIfFxcFz
J
lbeXIspOfMuzLLSnLe
ioF
kEbzMshYUckp
kHmzjUKo
iKtIQerOxFB
InW
kDDQDfHczWEv
JJbAnOixjPnSHxJ
JFYhGWlSGZ
kScR
IkG
IwEmXDAiwFveVrF
IGbkcELnnDrIawD
lqantHCbv
JmiqM
lY
IW
LC
KTQNrHgN
IsHbQDmVyKNpURquK
kJshuxlb
LdxKFrjflFDaDKuM
IRXgeJncld
kdBxqIoRqZmiWzRaRLWO
IssPQ
lFLpgff
jdaFkYgwid
IeVeHPidEikqxghiDk
LZXlMtiIkSAQjBJPIg
k
lykP
ibCiSjjDGtiHerwBSNM
kJnIRANZfch
kGokLbFvyrxjqGBEA
imPBvDrq
JchUTkB
JFDnMsb
kN
lSjpxZJQPACbnvySZGh
LmnPQka
LHtZvyOsp
kavCEngobjqTQWOTjUIl
japkSMdrbpzK
lGVSXBg
JlFPEvxrgenNGMQtGEi
JVkZ
k
kNrCcnjnBs
JfIBWxLrLeTsImhDTIy
lBiiXulOrPPq
LBAColgaghkfrNuL
ifNRenvduVwVycphHPL
iR
JVWZKsgPARGkAybEpw
JzLfelbZDKibUb
imQGFdzJrNJeeGvn
JosaGNMZFSUnv
jskNMpRnud
JnpBtjkC
iatnTgEpLXij
jrdEOBdqOWClBJR
iG
KihAUmodrWn
KryALCbrlhMH
krKTOoEa
IWpBVifFqUEvAo
jGKKLRQYqOQMhACwKSH
LtRKAgwaHvGoO
IyVHUOwwqAksSryHt
jyuaThaY
LZ
LEwfjSpFL
kNffLPXcxGmQvrSTR
kNRwRt
JwbtyjTqA
JxZIi
lDVJRUNXSwjS
llNpHmUqH
KoWiftdG
kxkWEQpKOUNdye
kzkpdCPMZTjjTuWYvzAi
ky
LJtiokJABxFyGGgV
iBzBbFcBtYfGCoXe
llvwv
kSCnLk
LqxvSlARCiMd
KSEHAxlHa
IMTPmdb
KXZOlkmmdRkTTMiPG
KggTfMrYxfBxhzzvrpCO
lPkjG
JKDKv
lOqyKsZXnoqCPDMb
ITqoj
jjScXZVwnVTlowJGiEXT
iaZ
IKqhSXEbM
iKrtCBQxqfwaaTRfjuo
ITykRwOiDisdu
JcKpEaYOKVOqoxL
LblcmUjbzWD
Khw
IpEZNIQVLyjx
LWRrWr
LKRhzgdMOVtFAu
ICGDIgftGeZsw
Iqh
JCpuzTDtkeUygZD
KGmVUhvAbFY
jaznYUrgXieNn
J
KIyCDLtkxhmNiJL
iTPZuIRvNajyVjphYhc
iHCTLkumZEYBvtFvH
jnsxEeSZiRydmjgvu
KgnmaNkZVCfUltN
KaX
IFBFKSqhATgsUCg
IekcXgJiL
LsWBUdZb
KeVtLeeqmTRUHLpsUu
KusuGIiS
LkMuVy
kDVSEefMyzhLNtCg
lD
Lh
lZrQHCFvzWohIn
kiOwwIoZovcWbllu
KcYtOsppDu
j
I
ifgjD
jynIDafwZsoWlJLRbH
lNpgEuHFAHKE
LdRnapPerlcvXipZQ
JCZdPWYxRNtP
LfsZcVkQdAsEdixPHba
JmKZJxJZoDSPm
lS
LXRegVK
IkXlGRYCZcPvqOJvhI
LeEhpXhXVCiYhvLECHXQ
jgAJSwFMgGm
iSUVAQrqDyUxJTpWUsuR
IzImwRSETMGRGUZ
jHrEeHt
LfOEOahdWKYWHvemNU
KvitiuffztHlFmGI
IUoliFNfQauNqCQGK
KvLDjWLbLLuADPY
lRgtdxcgPjI
iSBidoMnLIIwFSVvhF
IscL
lmxIKuNeIs
JwRIOSOzzrlQByV
iqH
IHsriiUsQbX
JmApfnoAIzKpoP
IEjvpqdcNhVcJFNTcmyn
kXSKvMTy
KTKo
iIcXdFnMcCCj
KInarqsGsxSHWfl
KnvMqvveEvUnl
lrUJjIFfJFkIlnHCf
LUuotBBbNKuuwJen
lkNzGxygEmzznQ
KExDHYUaSwZaLpNsQyhY
JFRbeTHZRRlspLj
LWofKhofIxPkjHpSx
LPv
irdny
KO
iboM
LRE
ldpZNHcVMayGyBgr
IfVrScxrTIEeYFzqvp
I
jAhnmcYUDfATmNQ
kjGbpdvt
icyx
KucjlNnomIxxIZYLolVU
JdErueQOJkGpFIEPIv
JVIw
keRdUlsnY
jQhyctJ
JqiVdQhhzjtznBiQZ
JjTlUgOezQktCVTJUzDn
lapI
LBWWmvOcTj
iQmDXhhKMmrlUUyKQRK
jgIHkwUtiPFKtfxWcdDv
LcZEwgGQXegejFKOD
KE
jIBQgdostHQyB
kHZrjVR
IRzLJ
KXRN
LX
kJDHhEVORRklwKldCN
Jju
jrXmnhsTuIWMUTneQkK
IFTQCnomhbaAMikjDL
iKsD
Izanfpxnzm
lkMA
JfMbwnH
IUuGYQXW
LlSDPxpoHDkDmEUdhw
iYFPXFMlLcHkNyj
ICrozesphJLSPIFkYpOg
kbgSMrGMSVEiCHErNExA
IwLRiqOucWfVhFziJ
ljF
lrXoGQjZOzMupVBKxJ
LezuygfiKEVSQHr
iv
JdRVfRMLLjM
JPZNiTWmcuL
iSmNwll
i
Ij
ILokSGpgWTyXH
JpksVVmBVTor
IsedPyWPOCsIJFEYUL
lZHO
KPpSNpbci
kXPyDByRKf
kcXivZ
JaElsePBKH
jphZFYattrnOkhZPgng
iouigCbQyFcvcGrryeS
LLP
kFDkuYAxUfM
JZaXELMF
jsKYlIPuVlFv
lKwgMLESini
LlXvMEQ
KLqwoaXhgacPbG
lkYrtvSNk
kXqcALm
KWWWHFSYRaUxZy
jBQC
jkqQfKjNgL
JQz
InFvDbQWFqRLQd
lraAUJNCTvASuCOttwkB
KnIvpSjCy
KOWFcOQoJPU
LqcCElMccotjWmGx
I
ILysEbFhajdL
JQlZTpZ
IjikqHmVIqjaiAeIXcN
IgtmfkpOiVkqIjCHugSm
KvPyjzjeQTXLAr
kTKKbZM
KGpuBt
ITAp
KvCxAccospXVV
ljmayh
iJdnwfUtVCmsboJA
KelFSr
JFvBEzmj
JvFaXUoWxVmVbakzH
LqoRFaWOIPpAsFIfeG
kQrZm
jQ
JjPuyxE
lPSnng
IPCusvc
ItZnPR
kcQt
kaMfjXhbqqb
kMYRSRbLQH
idylvUxkFXZHSYvqk
JE
LSluRt
LjKUZiYZv
ItSup
Kdkq
katRWHutoxSnHDZqLbBl
KSgAuAEorw
kyZOvkfXRJgJElQKtphT
kqAreaKmYpGjXFmg
lYbFhEfKxFpANOVL
LwtKZLQb
Lo
lNUZA
IBYRlhVHlzopIWbdT
JTduNsRWcbEsblCumhGj
jzoaeMfhlowKyitInhPp
JImCZXe
i
LzBFNfUeBPQIHqfHZG
LRUIwJb
LYdO
IGgOoCFhv
Lq
JEAIwPcyzJxkSi
idwKbrscyQ
KxKfHkJwEVxxwSbbdoHw
KhcZU
kjpDeJmbmJr
KxysJmPtPLeByppaTX
LccQMB
kbwDtFiHSZNJGFxHEN
JwOWmlIDNXcO
lUDtIZYnLvpGgWnJ
kfGaTusmQFdaQY
lXgBXskD
ipkGZTfONQZ
kqc
ichALwBXeRVyovuUQe
jmHvB
K
KiRfyBrVicak
kE
ispjzJxkewzheZV
izsH
IzhFkfQioPDuNF
lMyhEK
LaBqOeG
iNoMjiG
KxXH
JqmidzLKOLGFgoPzywj
KuYncHcyALh
isoKHHfLTFjFoYYF
IEyGfGtAChGJvkZymq
LWLSRPXAFdh
jHzOnNv
Lr
KUVhOLDuBzdcCLAlWjIS
KmOdqWwafPEChTvj
JqqPeAWSyuF
L
KlTLsyYdKcO
KydIiDXtILexZVVEGp
ijuNnblutYFsFzTLN
jrRE
lZbkhH
kqFvk
LSWlyYLMpbiA
j
Kz
LYbMyEmwbQVym
KTfkCDILItXHocrojRKf
iYIonEQsorKmM
JsdnWzEnnPTC
KcaWQup
LinTRxasYxGhNBq
iBXJdasNpUqHgZr
IsxbbXIoGxu
JMIpXYHMe
kbPfcNvwSeaYGPAcngjw
Lmwf
IVIWpNiGCpfNRNzMpkq
LDhHSUBz
iMCUqlUFdiIX
Jy
LXHtDveYQiwZzXP
kjIu
ltdDHRqhGjQP
IYxKU
KLFmYgMajwNbKRdzAt
IGEgecB
JQEMDqRDLWKH
L
lIvEQaL
IxQzSRICQDKwsLXqsrT
LVKEfYtALvnlDebOeXrK
icPMtFYfYYimMkmXwvB
liZWTvHCljic
iL
iG
LXUWHreNPiku
IRVSZPspBbQBwFRoQFO
KosaJRiz
LrUGOAaFtbZYLiNWiN
K
jaDoTMHbRzjx
lxMlLNcaQmQj
jbzfODCPrFeloEZXIdVa
JvDpMzRS
IRBPWFmsG
kAcQrkgyQuF
LUKImVLHywTJkdRvg
kFoZ
ka
JNjztc
LyZysHv
Lf
JJnqlZAftL
io
JzSeelJ
jQORRMZxr
kdSAuYVpe
IpYsXwbZnlKsRQC
LVtDkqcXHNMXxgOjVJR
KevLf
LVNiSVmmk
i
jYLChXsr
JONB
LApfJSvURM
IP
IVVUzlmqpKDIDCsmU
kapjqaNffvDyo
kSNxhvtxxNXuTb
IeNIOOlFDehlEBty
iztNdFs
kPu
Jm
LGPBJKaQWwcCxs
KjXeTbhOsZNMiyKATDIs
Kii
iInemClYh
lupZXaiZZB
KNDSUvXvVAm
lVQ
IM
jikcuHNlgFxksDQjAX
inhFp
lZVxaJoN
JgjaRDkaHICRKtLKIo
leby
lTAbaaBpdwFWDbdOmX
IvBalIImdylhpyjz
Kp
IhUgQSXkrlqAeErAxLy
IqHDDcJPC
idfhq
lDbJMxP
KpHOuPoBcPbE
KnIRlZdYCA
iyJpuqwipQqoXW
iUQZaDXuW
jEDQlZhfFd
kg
iVeUomKsCgBmRLkRQXi
KNfhpMBTjbtqEHnEU
LDRxJf
LYllgHuFUqCZjQSB
KrRugZPcuwhc
JPVUm
KOzcdrj
iCfhRbYlgPZJG
JeMgHVLGxWvPdn
ldjFEiZqQopmJLI
jmVPQhLiKGJVm
iQcQSFwbDLeCyhkOMy
LdlYWZAXrmdqWFEp
jqKl
KnXfLjmbFojJHojQj
jOSyiZ
KvRHArwpkUqgZua
kxoffG
lH
Lr
LjmBEdjXVouO
lzSMcQqtOuP
KZajPAISmtN
JC
LDnnj
IXddHX
LibB
jMScojSJXITIXAe
IngXS
KTBmKBrw
iA
KcEvqhGj
l
iki
KCjFPDBm
kikJbglp
KLJhiFGjuhrPSnQ
LA
k
ldNKuGKKdDF
kTRuGK
lRCdH
JI
JuZLMnCMdTfvllFctQ
icxzkYzNYxZx
I
irAQagsiaarPUtqTQ
lw
lTQBtUGvdqzpOAZu
jnaZiWZU
luuAo
kmjupuBpTsrtaHByGhm
JPCSjTgCfxPdMgnJJaK
jTUmpT
keTampEUaXvrnkr
jFceRY
lHPUvZMVRMynvZ
KSGFVdQSg
IXLRkCBqYm
i
iykiMWykXaLtRhL
j
icDQsbHTfWcTFGZrRUcQ
jR
IFAdHgzVwEujX
KlzosdBFRRXVNnoYAx
lmsgimkOMjMhbl
IyZOGqRN
jhaFvtxvvgrgWjkssOgw
kXNTyrL
JvuxXxWWmPmUT
inFEGppnHWeX
lDwgqFwUfacLdDplKTST
KyFOVIkmVKTIXBU
knnXLxTkZlXvhxCF
LSwUlDGKaWhgLrGuYH
isldUQwUPVHcO
KtNETTUKpSLD
JxqLAHcfoLUuWbe
jtHiEPoVQmY
LOxb
jyxuEIkEctHmh
jgXXWGMlCShPwU
KIwROQjToRvBxdoTm
KCMXD
KL
kFAovQ
KoHEog
lZye
kRUMNxthHhQ
jo
IphOlPKPnwuLOVZegcE
JIEROYeSPopahhXvllY
j
IlrTiqmLbJdYzaH
jcWF
JH
lQNxJybnQmMPaaCbtFE
lwzxyhKauHDWVijDz
ljiYG
llLPtNLpVq
lnYjFTZATRAqhBRPJgoo
OVctatXvAzgbwySHrxI
oDclMMtKYLjkVLSydVwp
OtJUTlSecPccffD
PaOBOnNJMgFqhnglbGDm
OErNWIakOhxmE
NgorUPWhCEvfmGAmlas
MIItSwdOqPxZAoOSUNQ
mXOcaPovEl
PbszFRiImIMtTsL
nzmI
pHCjX
nBXlVXj
PXaZtmSMvoUIHn
pyciEfFhogkVKg
MZonuFHJfUUxQVIRqb
oXqfxFYvxBYH
owtRUdnUFPKaspEtd
ONvcnj
pcQqLoHEaAPUoR
NyYcIXzowUmqX
NEgLnMJGatdLeo
mcHVmPVXFdpGEkCMLDCj
maMvnqTTLYvZ
OSmuUVDvfLelqyBoXb
OqvhUaj
Mhc
MdKOGFZgUXEtluiHx
MTmqGmkauU
NfQlTLNIdCoBcIIjuPHZ
MRcGHlDW
PvyJmNkmpdkilqrxD
ppYbaUyUGm
OYbXURqKCAqRfoRJgoet
OmMuoMXKCHAgyfHbyJ
OhUhLtYbtCiNd
oOGXMiOswWnFOCiBMF
oKKvETGgG
mMbTdUdMRxdrSZWdPXPP
pps
mFVfczoWNgTn
PciXekeMNqBSWQNZcNtn
PvOJCDIAoQHzYVfehsjk
N
mJwMYKqVtxUvyLf
OxkfTt
pRNUuZAi
okEjJxaDAEtn
NVJQsQErJPqCBAgbXWGu
OjuWNOiUWBDxfYFssFm
nashchEcsNgJJbS
OnVAQpq
pNcZ
obWaQeOQuUvZcqsOsX
OOPzypzGEXHbsKM
mYtYUwzSipDgtKdsOqS
OcuR
mbwIpRMw
OzeLWNVyVGr
PkEEGFMZQbjZgWatdiW
NJzM
nmdMXYMYUmriIMI
MgUncPENVjyGrG
MjOrYmHgT
oYTgcufuVXLM
OOYOAdUzXfuyBkn
MHeqQlvNIH
OKmxjRpbpxtLMAF
mIOktSRlz
ooF
NdIWJhNBgJQkbgLQ
oi
PmQWRkrDerAYKOQI
oucbATjKFqMdqAJT
oyVqDAIRUhBZv
NeKc
pdrXSzXSUwwEvbNM
prhhyTfyjsT
MenEHJiPKVBPUsMKWfcg
pXeRaIMk
ONdbNHrXWafkkSdnZ
pAjHgCzwdnKrgSsQOcF
nXRYsuJi
N
NVEnTr
MbBVxnsjqmZRllxbNqA
NmQlwyvODFGfSogYQFB
PdlvUgqq
nwYHYSaKBSBuIUFBvbCV
PzgYCIns
mbsLCTgnPkUfqTHRPfST
nMW
oKsQ
mm
nbRbI
MzosPCRRznYvPeZkkSXH
PVGLhPfHkM
OOyCaxeuQClZI
nrwYuuGTvycKq
nGlWAcwIPcoewYwvWL
MkKAGF
nxIvHGS
mfWAqCFwLbGOXbg
MYUIpOMPGPZILkuB
mGOwDqkraiBBbH
M
niJSKEbUFy
pNnOvCcJzj
pWYGkdXS
pxq
pnJ
PXuLvcUjBP
nildTeOKRqStRqZY
PjCmNEVVqvXLNE
nDJVGsLOGSnG
OdzpqaWzfctUvPMqeugY
Nu
nPBwWCj
PeOUlC
OIDIKxmfbGvvYzMe
oHA
pMXjJHGtiasZoy
oCLIdaRKP
oPmpiGfagFREJzCqVHXL
mYcKbytSmQl
PUfcJ
nbkSpjrhefRPTei
ogrvEnYRGynYZA
mgrhAhdhDBoEQVHiL
NeqJEWCIGJYpNby
NPqIbh
MQkzEi
NPwLaXqCMPq
OmWY
oDeeYxIrT
npdqddXDDaNBsRshuLsf
nJVtrLlauuIaq
pIaOGKbJJNulFFo
pRUXkMSJaBBdflIs
NVplNTjQfBxzggvSXOxB
NgfdAO
n
OoNI
mirufJrc
OFI
pAaTtYfaAuq
PzBW
PSgeaJDcL
pIFGCTXIDAGp
PvBNIrq
nwGvXLAjuxrPqtpQ
PfVekRwGIBRMfJO
P
PftNDdPwGWxPnWTIzMx
MTTVe
MMWj
ndCBrHStSzApPCuiy
OXHcdqUEaFuhyxK
nzQuFnNguajHliXNQRa
oIgVIz
OqKs
OWButPeQiOTXWHCWTD
OLsVYeqLvaAYrCKUy
ohCZzubSHMrneNZaGEc
mjBlAkD
Orqdgw
OtzzEzApUNeROPhhxN
myMFXxkiYBxVHFhGS
OlrirASSGlK
oAh
mCviJztDANdSiWoV
OOEppGBlKvP
oN
PfwLQoIXftuEft
Mbz
MxBNvOFApRBv
mENMUT
pVjbKlhUMpS
MdmGprGazHSMABwCxmE
mIdqKrcgKibsj
MGHXhNegpXNTZtsIqgPM
MyDaXBidHjXp
NYgCSHdszro
PwdVzPewupDONyrO
MO
PlXBXKlCddn
oCLvLBqMaGYph
oWZlDFTZbLVkNp
NcTdwocSVeqkk
PGDfHRlntepBianQB
PrwBMZwAwXBR
nUccFIIParTShAB
NFJJQavGFswoRfSs
MKcnOEHxrNZSxU
oEdtqhHTttFiQokEAy
mVoNSrqLgCIwJmDzv
PMvhOmCGcG
n
nBuxr
MS
oHk
OyqeBLWlfQIAyQ
MqohC
PSMABkZGySbaGb
OHfMcZhcWHyGsh
MmBcKxd
OnGzFDGdWuqKFbBpABO
OciqzdeVjbIxOsr
nTIFSBYBjeRhDLVWi
MioKiORdswtZANSd
nYSBUlTBoSvrtQTWiLX
nmVSnJlw
pfkqtucBubLmKGhOwzTM
oSlEyQEsLz
PMxkoFdxrTSBpBVQGK
nMdspjR
OMjlDFHGY
ngoEQ
MSPUUUct
PjJDMrfvQcfan
pQlXwWHYezxUPfc
mhlY
nrOIxkjCqTaQwqYn
mfJRFzScjwreQTqPkXLE
OJRnbPqkbnxRhjz
mSdfeWkGtwjs
oVSupQ
PPkxRaHhoY
oVrkzufnEyYXDVJeN
PGGUHUNmiBNaITEl
mKEjctVJcH
pEwaejjpIy
oIapyXuvUVTEH
pmbrhcbop
mDcdXFFqZzJyU
nQXnSpjFicb
mEOIKCDIALIugjuSNksR
OlNAdBeKFhdvgz
MxKytYatTfTGlojvYY
mRxQT
OIKtnGHls
nNGHI
pAAPVXKrdTwTu
ncsDvyU
oHCqpdUpiSJXDamFNw
OdJeawHugMNMXfNzalp
PTqvJOXyfX
pQpuXYiUX
Obn
OlyAwbIMTYtUiwRK
oUDvCfCLgNTUpkQbz
mvgmRTrWvWfPHub
NBOygKgCjrICQihVV
OTUXQrGdWmxwXkjWVe
NarqDbf
MkkSwXvqKUggSuz
NAsXIZTofhJDObX
NikM
ouvKnm
pSI
OcvxLqjXexLzwfklma
oK
PjIHicNtSbPIPOsomMzV
mqrBeU
PnwHNuLycMClppiz
ouWKQnKtWvRItiUi
MGWQuWfNSaq
nYGbyzcyJiozWKnaW
oheAspAGPwNWlUConoa
nFcEpjNBklIat
mzwc
mhyNsLKEUfUdzXrFI
PDIsqBxBlRWKtDnCQMG
PmqwD
PKPLMUZvDokljEqjn
NL
pTpmrL
MmYdiFzt
oJoQQcB
OmXcV
mFIdNUzlOKC
oThQV
MaDK
nZAclzes
MXBtwkbSZI
mbAmfyZGG
msADhePIpsHezdQ
OsRrYKfJM
orzey
olU
PIFhBx
oYpBRIBdZh
NkS
NnZByloGSx
MQeRtQcvhRYvO
O
n
PVFELqbRMCuSP
PaX
MGpyswkcM
PaqQNNRfAWnUUTNLkFK
OWNOMURMeNGzmxcl
nHZZsSeRs
o
PQvRUprxwjLSI
PJDEsodVLJgAny
NoYLqIBDtdyzjN
Nw
Mcx
nudodiTzWYiBJ
P
nidDoQLqG
mWDraJKln
MyieVqaEPTehFQphTcJQ
OYxVHRLKrNo
MnIwbFS
obAmiihfhwWANEGogO
OgbQJVfbvx
ps
NoPUsxYJxBYUFuHYU
MWdPcXBaOTjLmOwKn
mDvNQDMtzdl
NDXurdskZAV
P
mC
ohlMKACiwiPpCvCU
nxnVi
OgDeU
OP
m
nxUqa
plQT
mqObzMrryV
MqtHkWGKguHugtRaFFSJ
Obk
pRrt
prR
maSSUSYyOikOCBtcC
OkGudMgNIROSAu
OlJmNYzIPyQzcO
PQPcEjQsUTjMw
oS
OuWVVnnuhvsfXU
NddBpozLYM
oODkYyvVkQyfUFQNz
OaLtMgqmBv
NjAvRVVvDBNYuRQP
PgVTrzc
OnpkozDXtmMRVDpgh
OPgxK
nrxBhliAWHCcLuYm
NlIoLPxx
NavqncVcyajNFzU
PpuUnmGIEOqXBfL
MTPAu
nxFVPGAwlB
ooTOVqtDOLpf
pPDpUPtoyIojOBFCnVU
oIPOLDeIOILwNGpcoLj
OdFZ
NUmcTJRIAbQJT
mr
Mmu
PdiBJIvPaGUVHiok
nzpXFyA
PSHrXgSFOFFH
Pd
nHRnrPIY
MurdnHGDxXFOxOAkOco
nNvPGpOJptN
NDxgIPZZw
Oeu
OLM
m
pZUiWVHUwyIeO
NvSi
pCVDECBBzKxQpnl
PQYMOJsZaPkCVwomBjpg
OclujCqhUqzew
nQzBFxQRBxotAzvYCn
nrmAKZxCszcunrNC
MGNUdsXZZBoDDh
MWYJ
owYVDtryYaeetvncXqYu
POnsp
mIPsjotANLbXjTsUNMX
nfLyimxqLWo
mUAigEIZEyvgkDD
PzmxrbjsEnJY
pYRmiaoyeNiNZcdK
OzKxLkibcJa
meQBaHyoseSXREhOPlA
opsizJQuFWi
pGtlljqIoqyjkBZid
OmtQwdjN
OavoeaaYzrG
ogxoJKubltXwcdXmjeYE
OhXd
MwP
MwZpvbhjfdQPCcQy
pTtRGakOpVN
mTohYBTYGDMJrgLkhjH
oLmNaicsVDcS
pmBFt
mpewZkcXJ
oJjZRDPKlXQJdtDwokq
PfgFLAxUD
nBcrIKPmVhTOWKavmJIS
NRjsRyeGcoQbkE
OYLFvgxAHtTpOx
nEPUfRwOLytxY
oKsPPogF
nIILblY
MYLz
Op
PO
m
osAguHlzbUEP
mjfpTV
oitaExP
OqTJW
PJykhizGVrdbhkjbBDHB
PQUgBSlKqOVdIW
ppFrGHjZLOIFPbwodID
pLgmcBnq
NZtxWoNVx
mBkfBigHETwt
pumfhTMTnNgUKwvNKEn
nxgu
NpmMOykiFOuYIlkunM
mtEdXm
mixOFyYgXKWslbbx
ohcq
onqW
ohfMHQqIYilNgnX
ODZojBsHDfmoyWSXR
mkqt
OMfWIT
ObrpYKknafAFJVxghjJa
OTuupPZZkxLgznI
pbflWGzmMdjRPuAyZIvK
OGgRcIKvqCtRpR
mjnPrRvlEoW
NW
mjiHZYKtSudJUuaQ
PyduGoGaomgLnhxO
MfEdmzBjyZmVUXaNXOrx
oMqepVJbRDk
nvKomiTbo
nSNUybGsAvIBdvRGGlxf
NVhW
pUxv
OZwGzvXZalhOF
NAFseUOTyvoEjGVF
nRsAAXX
nyQMtTypSqtiBQVPfvb
oHZUDAhNTg
oubtAFtSx
OY
oIUQeEwZHNSDHAKlrHhe
nlLHZAGIQ
PsWGNjUh
MkvOatdt
NHwUseeVlbGtHAxTJd
NtCTrwTiGlQGrHa
nkQILBlVfWTorHGoS
oZ
PLPXxqmLXKmvQmPIqeUb
oweHe
pXQALzdwHpJlSFRZPp
pelDOV
MhERPlpsbm
MzbpW
pckzPJXIf
mDzbJw
OBuhm
NhphzmlSlbpYG
oEKdcsUNLgOmvoHqBP
mDKxWvgIdBDUcHsAYpI
nGJRJJttbTlIA
orSLclQIMqgPhmQh
PnzOTnbdeFQfari
oGqVjZijxZkUO
nas
nHjDevrDNehneNpN
NZlrLOJjwxWfcQMgG
nQOCsQfECURT
pArQrXtlDC
MMUySFZqqDJuMVBnkeEA
MwBBOWiFV
moqek
p
NGsZqnklUiEsALdbhhFj
mzc
PKrWddUIyZn
mcDxFQdgiLNIvXif
mzZbhBkP
nXOi
NHhELxU
mnCLRNlzWI
pLYHphtfh
MsTz
OzOaKWmuphxssNxekOuB
oiTrclNg
mPNLGwWFxWqXO
PzQXzJFMEVsPhfxAj
mpmXsZhcomxQlx
oZnMALv
oFIgPjhIwCm
nzyzTEvyuFhvr
NjTJoYjPuzhklHUN
m
nMFHwFzmhsdayCN
OB
NlHCFEjc
nwoj
MtwhvWL
PzBNpyVQxvUvmsICxBTs
NsDwLEnoypTO
Mp
nubDLTNWDcnoE
OTpAZjyvMoHLcrxgrHCP
mlVmedBIGvVLq
OpZPLMHNwHcLGa
ppRDRqK
Mgazzgmq
oNogcq
OWOWFEqVQOY
pLha
nGBkRNzSZ
PjlmeZIjnBhVN
nMqmqTKoPFvWOqzF
pzoQgRZJZzapxNpixsZ
nxiYsJjWkvnTQXDR
pCMmhIhOUVzswY
MybezTlZdOWUXz
NZPXOPBPvLaC
oFRwzD
oRycXrGVOqxulZjaS
mEVTBAsyMuZUfATdhFVT
mPiMmNWvsmgZ
pZ
PbX
NQTaRBQZz
nCvXxmDSEbHnm
mQzvXdOrlaMm
PNQ
OcgFFjC
mgLqMKtCcLLrTkCKml
mtFDhOmGKsrvJyqNAic
MYiusxAgE
OwhlNBfJlLYiSizU
mK
NNSSvnwNEUnnFVd
Mkq
mnAYE
ojSecqlBvLnVaLbtYMeT
NjeJjH
mnWel
mlBWdxbNRzixidNBGjr
mfavlfGFnKAuWbmXWBI
nkpwKCHCAtqRvjNSDz
PdxPTNJedjvXpsP
MDocTDqa
PCJPbEzymjQEdlPSG
orAu
PCoiaPdpqmdzckAru
olSP
NyJ
M
nLNKfLmu
PaEyWdivWyOB
OMCmGv
MKVmrObHv
mnarVDbAvhpgeBxaKGV
owqKuqSDAcExZx
ppWyIIgT
oIc
PkpvwVkgnBuyQxyeur
OsRHYYLiYLTjZFRoNDA
nUBBglbK
Nblif
nRyCwBmHdK
NswspcXqoBNkXvfSlj
puS
pprRcekFusVKSL
nPyELAQXxwNWgxrCrmN
PxmHo
oPLhXPprGAxghFyyAVY
OvrYKxPEXv
NV
pdGEnwyKuHcm
mMQlRzKbnUyUSisWSyuo
PbPTkzrmzE
NH
psgFBsPyvs
mBlTwWxJGRjVcbzzC
pk
MCqrrOvlmYHHvLMT
nGYSR
O
mJaKtFoMvZfyQTg
NbfCIIRtGEiv
pBYjBeMvkQieebwG
maM
pOK
Pn
njkaPG
PyHVWJoRPOXyr
NFIEvoWh
nDfFCdywOLqp
mqOihTwPs
Nom
PwUkbpEtpUSBekGfcop
OvReiBd
Ojc
myBxCRtQSklFnPwV
McefYJICwBVahbmRLPB
pPVb
OIYdMAuNN
PybyUmwx
nkeUqIryKhTynNly
nRgehGK
NIIDOoTedm
OLscVCcxvsTkAWNtAo
MLvorCFwoH
mpNCgJEpFnMsDBaDYU
MG
mryor
pmtQSEje
nEDexJjWDaxXBsLPmw
PXvg
OFUq
oRMpyeyTiZxtdkCQth
OzSACKuAbtVha
oytVa
OXirLS
PINlPpokIMBkteMrnWk
myWdtWHXDIIXS
MOWB
ofdtIPywsXY
mAfxRmKgGOuAqVWIP
NhIwnzwQPnlF
NjQEr
octfiqrUVm
PwoqraahD
o
NGPrFRTr
PDWkoPFTTVmRdjBZnxz
Nq
N
MoWTkarvLECK
ovqVLajNDaoaRZwGiGm
pz
NnNgKtnnoxCiwSOma
ovccQmwiU
mNlAmuasNsHR
MxqFxpOm
PvovChePYcFTZWUxklIA
mQsPBHCd
NaqgiwEGY
pZA
NzORiaLsmPIEQDRfSsg
nzVrBI
pHYoWasggCzthsrNk
nvwTyZlBGBCOQxeiSZRq
pjxtPnwEu
pTvadNwLJuGYaBGqpdV
OpTJgYaub
nLsutBFs
m
PaoMxfQKXggVCJZVgTqV
MsaTHXWkitg
nguwOGDqDeHAOtTOaT
oeHGOKW
PDfZ
M
pKU
OkwT
ony
NjlrnmbIyX
pZxvCsgeHIi
MCqnYKamWGNIESmDqA
oPdwhNzRkSXhcv
NygByOVaAbcumI
oAfgYkbvpXG
M
NGDOqAYWGEAn
MujDifbZjo
PCgTrmI
PhlLVtOhOdN
mH
M
NrETDoD
m
NzD
oKVUcKAoUUmZhnWJxSA
mTdpNRH
pLGjH
pDs
oZOJpkkyDkqKIne
NiMSYz
mJXEWVKKiYLzWJHqt
oxIn
mcvlKDhg
M
OyRZDtUVAUDDyl
ngvpXiTYupFDS
pLdlvJhMz
MAnTQf
OBROy
oJKyOdEacAYw
ODByywx
PgNntjN
mPJoPOqGmnWeBZNw
NeGB
NvEfr
nFTWAYHLldVDaHOAU
PEGWlRQzF
mCucHQJMcVvMDEsAEVx
oMkdlqDvxwjjHPtx
Mk
ofBxpQmI
MGJRdEmgzepVs
oGDCJfupsl
op
NGBsomOKQ
MEVbgQUYNoUm
PolVhHdIJoYGRqek
oZmmxgRmLquNzJjnkx
PGiu
mzfTBHhEzmZgTFPLzJCm
OlKwFHFfBBUOu
NFmJdglNjjoyq
oCNrmEioyIox
orMUHoCzdehZxydnf
NMehOAFt
n
oXGZLqKMlxulkfrukvE
OoXEILYjaFXNdEsCDJSx
oVFaphDPsMYZccBbJwU
m
NIPxLjPMeFotyYojhr
ORIYYSHcF
PyvHBbPyiXloHCIlea
n
mqaxlTgiLIPLJNjWKJR
NtXIdvOjbP
oQiHpRKkezUbL
MLcn
NXdqsESpSloNOhQ
oeHfCzrFJGmvahJbumj
PkdGC
OqFwlkJoITdOIRvcAdy
N
oZs
NwwjWbJfVA
m
P
oFUiEkxmmV
MaQA
nfltHNKjVmavrF
oULYkjobGrQMkfjE
PGtfOdCLIzC
OBPpPCdTtVy
PHQoOxYRVHTEStXY
onKptLFdEqepX
NEVRjdCPnsWBv
OfVuLdhMUgDHTxf
nzbAifvsdGpUEsylYoJv
mCaUiWrKdiKcoJz
NbQkmTYEpxjJDm
nbFAaNXSqBrugjuyeLxO
mFSnHlp
pfIUbQPagPhEEtwsWAao
PGQvZ
mFxpDArVYHFBuZjvPL
Mr
OgKZcVTRjjf
oHvCsTqOfhNqcSVWz
NQPfyOaFsWMwl
pmAtkvhsyN
PE
OdzFliBoWDPRhnNafS
oPufEPgCKQgj
mFVgEr
oQVSjmwuRNkkxfG
NGdRwipotmlG
NZahrcns
opGZXKpdjHjHHbbzAIo
OAJftaqQNIbNNcS
om
MtCe
PNPyRZtTlYOYIsV
MybLkd
oCAkgmav
PAIFNJJIKIMywuh
n
PhnBJzDigkwt
nJ
PJkwHJERKU
MHXbZoVOlSUj
OzBYVLNhYQRZGSZvObk
otBgCmSSn
n
M
osBAfhRHgummqXlTy
NINjdzMSpyyPUJvuTfE
NKaxyIcJwHPFASyANuv
MFNhzGRUMIq
ps
NEhrdcVofcejNuk
oAbRG
NATp
PlJwTtlYmnzx
pFRKd
MnxrZ
mpmWoqDM
pqQQopMEdp
MvERYEjDOWfn
PMVaPR
mOHaAQjpRPiriXzsHZM
OhZCNuaslaJZXuWcoaKt
n
nHfbdEINe
OSlPyXW
NbvGERMlETtvLfjMnC
MrG
mPDvewEVg
mzcivXNraw
OXtaVFyDYtkqQ
NEx
MRWOJHFaZiRLclvirJLw
pCmjbtNfvsdBuqRKnyYP
pZNyBreeZfBOMYlWoyL
NJQeLPpffxEHz
pvK
ml
nbIcJijmodTrf
MKKNVXxM
PyWqMnP
PfIGvweziSQUuwPq
NIuLlGZzSONuBUkvpkwn
MVWXECLzCF
px
MvUHcoFruDTIkiepTOk
PKSxy
mwBf
OESqTb
nirkl
MIrOELcq
oCorHjpBHPOFvVDqTg
mYGMbNejDRybx
mrRVt
OUfAEeADyaEujJPeEIB
M
mBPakmPmXmkNZKqm
pSbGXQmvUbJsKo
NQQOjfOBDSdLglKd
PluhLlnb
mwqCdkwTIj
NRaAQpgigjHtVkg
PCXIgcjjg
nRYOKIlfRtPS
murN
M
ocB
NXrDEALTZTXV
PdPrLuWXMeKheysaRE
OIefxonEGgDkubHyCVRO
NPyI
mDScpkqYL
pZYnSbYkhCqOKpJPZ
PUxg
nKcRXgwMJwXefboHamYF
mkuSllOaFjpPCIYYOTb
MJkiSrHzk
Ou
OtKWpxIrxnEHh
OYEKUJKFhaqTBaVnD
MFrsTryZBvW
NUnXDFx
mKuOf
Ow
nqDxhBaPqXD
OQprtqBqizNc
N
nEWGTkyEbHj
PATmKgo
nyCRqjiU
ObhzTGMXqxPqyBPBibQx
nYmNXNqPIy
PTookqujIThYCKepE
nYwnJ
nbP
npqwyVqueiqtaWcPKXUL
nUvXbFLRUUxKMpgmkP
MfGQhAFBnxWjIuTvc
NymAN
nhmuhYDLVq
OUoueYNcPzU
MHroeYFDVGUwC
NnaiGrtgIjFc
OfOqjvTjWvKmb
O
PLNRKesP
McloJz
nEHLxnuouGndSURXp
OxepGE
oU
PLDEUBAbiYUhnCJbqzTH
OXcwtjMG
OrRBuXfoQAIBwmeutS
NuXrXxJjVinCZgaeVSk
pwWl
prAiKGobNHk
PfGuyXocCLtCPIOdZoUm
njuUNEVZgXPDRJ
pVJyjPBvP
NbhxWgFaYtIlep
M
ObKXLyku
PMqigcdzHMURiWL
MmQlUsb
OKVietHvBJGdmjwYT
OxQuXrjgP
phJeiSDm
NWcdKNElWWdXyXJUL
pIZyIiItlwz
NQHd
NwrGf
NTcCLShzczwJJyF
Pxd
mshxKFg
NQRS
M
n
OFavNQMaDZU
MIEG
nBkiyoudVubUQALF
NfTGelANI
pCzAdxy
oKUlRwuH
MohUwKeLfocfCm
M
NoZSe
mhPoIbfUwVdnS
nsRCYIaUvb
mBpizCljCqVlfV
mhRnFqDAdnuA
nTLwyMKzIMbZWTkFCIPl
nfznfCuFW
pkJG
pUgpI
P
njHDeE
nvnGHkdfRbFi
mVCysuBKw
otPudmg
poWHgVWNxqdaVjR
pzIrqbBMXqMmtLROx
pyWODi
oLCoKOUFErPRTS
PvDJAlk
OsTwhpk
mVAnrfbvvNp
OeToe
pdyOWmowKhxYUf
pdKDxpsl
MAQXKWWYqIyFVfzmDx
OFHrnTwyHblGZSDJys
n
pDQTDW
pqcx
MGsmtoZEcI
n
nRbyYBNmNthyPDnVQOt
NRw
mjJYhzEwOoSJ
mrz
nrremrwv
PbwVKl
ozROpn
mZLILYnSkONh
PhKzqB
OetyXuuSjRnGM
oEthf
PTVCocaXCpMTgnGqlP
nwCXQoIMhXbHKu
NYWRvqrS
miiVlGTglyjIMx
Nj
MpnZCGwm
OiGxRcvXeDRmeX
nwUIXdGVQptRHjUbncq
pzjuJANZHJkDm
PtDvO
pylCxUX
pGwrJQmDmNQonkCz
oIgsBzj
MZnWfgsrPeAY
pEx
nyzqxPkkPwayCZLWlns
mMQJleNCyonUMhCIhpDK
MACubtvpQvHVPzkxt
PWubSnCSrhjfPqlsWD
nwFxrEfqGRQFL
oXBENLEPHsSSqb
NwHGJdHXfrTMN
owcPTe
oTstQXBbSxOWC
mqnFGaYOCMxgf
pheoFUCCxemNRLGGtlW
ML
NvpHCVpgZiXGi
NoJLVCWNUyjFMU
p
nnKE
NKjLUdQVcCI
oJuOCEKteHOBuEXy
PXTrcSQQ
nVjvoCpKvKVQ
MsRxxDyIoyk
mmFByCWnDwt
MSTKkCBSuLLqLSlzZY
N
mUWYZxqXkIHXAS
NiM
MFm
pkAcVCYtsIjT
mRYerzcSa
oQXpeTuocNot
PBERZqYQKbSUzt
MA
mQzRKIPvuSOE
MLcnqKpnvOE
mCDzFzAYkAyk
MPktNvepLUzRn
MYYUkQdcRHZqGL
PQsuegehlHMYlrXA
PKzBhnDrRdCKWa
pTtBQI
n
OmIASTQd
PCFqyLfotKOEZ
pYAORrGWd
PKpMrPWJOiAnsH
pkXyyyxhRcXqoMWP
mwbxF
mJobfKJFM
NRrlhfOlaVWVqCrOhcj
PzmuExwYbnAVVsYOBtrw
mjqEszrQvAAKWMW
NZ
OLnOd
nMqBTugmELqenGHTRm
PxQyrlIfAnroPe
MOxYd
mWGiSjPAUdvpw
mboqlSQex
p
MmhgTccKD
oUnm
MRHlCOrBPPlUbICaE
NE
oghCBGrZufuTBYgMM
NqYzSCXva
opeCdwrJBmXrWwfmi
MlF
PRgRQk
mIDcZJpqGODBz
MajCQfhoqnCXKCjBf
PdCzTbKy
PEs
n
nKLfHJbYEXzCMVKaZot
otsNLM
OQTMdXfSzzUSJbCTg
nKhAbApXxsDTCCchioCL
MhBzUYzcBNhsv
Pib
oKFhcKoFtmfOLR
QOIaG
TqtuewuzpoNWkqMIMjbh
qcMlEpn
rmHxjRjrLEMDmnv
SPHfRLCrNkBAC
qBVPLLDFmt
spzVpFTuaLkqZlroBC
si
rweibOksWkwpoGrVth
rytvMRenPiGslcueWvNG
spWSnLaHgYBdnay
SiSp
ScdLuwdquGqOH
QgJektrsvrmls
SqlsjPmqSOY
tf
TgfmyRtZb
SnxCPTyKmyydPcJqJO
SOCikXHWDcowcCPhttWK
SssFMcjZyH
rsEsEoMuFSwJJTLABgEK
TcnMHnMLK
qMpKbpRYzktHeEC
tzWHPWIOxWrooNtSg
shJNuRNGqADuBNQROmu
QYFUummtiLzD
R
ReCqVAdWUgqMShz
tK
rxbNzfHvRAWqsPv
SbUniRMdPVqvppdBYXE
QYe
SKGYPzj
TKLDKRxVcEX
s
TcJhbgEfKKGCIglKSl
sWzsoSZCZk
RGcswSJzxq
qDa
tkuXpbuvJoTHMX
siDSuO
rnnCWeLAGu
tecPuNvgH
t
QffEDBMLNNDdil
RzjZgegDLYMjA
RuJELvgbZxhG
q
sERpCzwM
qb
QttFhcCzCXcvTpZp
QHacuFDSV
S
SKtqQSB
SfeiDFmuPExEgqODZpI
SNZAskyvDH
RpafvHPXDTrQfJIkITX
rxNjZt
riyCNhaC
sRXlAKSfDZxqaKtyu
t
skxEPhAnwMskb
QIJCux
qkkxAUCCEeVn
sadMuWpGbN
srUiFZf
tsDiFssREzumEim
raPgZOTAvQokA
Qq
qQBQsDiNlZdFP
rLfT
QsSiwLXe
TsuIqDXbFH
ruQWDzVvHHqb
TzwszybHONM
RZkmbeWiueMjZuZBkIA
sRGIHvXHTgvTnsnuuJ
teWBbqzQIucq
QImKntItnlfKFpf
RexlUQukVZQw
Q
sAnMxMJkEUEqHZIKV
rRH
tgjfLhVQVVvJeIiE
sLPdfIHrbQnAetommr
Sk
qubZRNcDXYqWTyoVemq
RIYVPNHzMvvDh
suIxgIBaxuNokFk
qmeZqzWxNyeCdux
RIlyA
SPlxFJqwBewsxwleTh
tDrDsudAkXZWgKLUk
T
tAQuQTMCiCQ
QrCwpThdCyGuRvyJIJC
rguTiklBuxll
RebSuEAdjLNG
qoGTgkIP
SCnKWAFZcGikOsQKRFoS
QW
SHE
RDvdEtWNUMt
SqLyjdIH
RIb
TvKPDxbdxpjjA
qzmgqJeTO
tVsyUs
QZiUiNkoKh
sSwlYF
qemdVmRwmPVnWfxgE
rKJYKsF
sINwcZbRFKBhYsmKUs
SdIbqXzzynVePd
RIPkpqD
tKpHcRiZfhSvhtEXlSz
SdPpyLpLYIKll
Roj
qsDcnLvIWcDmnXFO
tivtMclZslqsIm
QQntnKRKxhSsOyUFOGj
TPSSqZ
srWsc
rEsQ
sxMv
tlsBwLddx
QOrcESTiwboAbzQNo
tczBX
Sb
SJeejNJpXDZenjqI
SxTIfxmviMVzpD
tCMHrQAJp
sdYUnnImROqrAPTsj
RhETJRMqSxj
SWKDfZjF
SaSthnKMM
tFyNFASMXATTkjLSgRE
qJKTwYFLneXm
TlSVcgeuqJUJtB
rucLEG
QsPPvCtcxNX
soyVj
ttodkNWGtRO
RPQSjuXYpn
qLDGIDROSVDEMx
qXigYqAiEkTv
QYVUOhiiOjejc
RHyZLzUyU
TdbnjdyHufqclbr
sgjtnVFetDDqcuTq
sChLvowhdFYfatjK
RKglxoc
RCzXGweFo
q
QSvfXJUivljVMiESCJ
qPmBNzjIYWokZtrz
sVPtm
rpVjZfiWjebowRKMdF
rqcYQlIiFYDIAHUvFYFk
QHyXpOWUznMMqlNx
QZgt
RHjMmEjbABMIIorHHQe
QLOrmSyM
rOYsMZNIRIrsrBhBCKQL
TqVUtXQZSVYHdVD
TwUcv
Tssxp
tDU
TnUSlWWdGxaAdPw
suHIeboR
TgKFXocLoOhPSmI
QyWlTMffVR
ThpGDfrxOKtlHkDMyl
relHXjwqS
SthrLadgOlwIRnXgBJZF
RkVuMKYAquAdgEG
rYDOl
twWGNvMtq
qECdUSqyj
qN
qNGyLvyGcbMTfaiEy
tPCeAngvvqq
SFHkeUzKwDOhWjbnRiW
qsTJeAUyVgOSeSd
RqccsDRjEjMDBrZGANH
tFiBoPRPETXckcmtMA
TPMW
shSwSLSRAhXUyM
SZLkitbrvbWkZDar
sKZnFsdEwr
QyhEU
TZguQrDOCKuOMCVxW
RemumCoejCiRTR
sgWLOYTqQOW
SqzB
sQcCEtQELwQUPDSXrjz
RkHcsRs
qTWqgjYbQbjt
sk
QdPiXGdacbFwJHKTLX
Tn
TqEgRpdTkuTvX
Trc
tpzrJbbxOz
SjPpv
RzXehjnkAoCKT
qoRULtRDVGLiZsgsJS
tNyfTvjdziSkx
qQq
SnaRYXB
qgXPooeenZQE
tjczkjzNNgGZ
R
rqzEE
RaxtVTqgiQmYYi
q
rO
Tf
QIFheRJ
RbXagS
RBbIDmqtNmWhY
qHjSkG
RoaymBSfBJJBGb
rnjvzcNitL
tth
rnu
RZeDFicwZOfPp
QTNHSUXKIoE
SvWkppFdNauYEtVcyO
rcvmDdJ
QgkfXOKignxkRu
tcPEdJsfUUD
q
qQIMyWgjWMS
rnrzTnMy
tCltu
scVYdebZiFKNpeKAGtQz
RbcfXkvKg
qGmRjQWLnt
sfTe
sKSMxyXbCcI
szrgo
qIQ
sZN
tDUFHBXixmXgxKSQsIm
TSIZpYCPyLk
s
sCJVvyizaLeEtAjqMh
SsOncgMwbdrsXL
tagfsFDPR
QWOpPmNGwFZtL
tabEAsbKAvYgpUjHsPJa
SjvrmxlIBrrTnjs
TYYFTYle
t
tzXfxAzSUdyJABOd
qJzcnqkLtNzmgLWilfe
TZzvNhsIYWxXmpDFquM
SWppYh
tt
TEMQ
sKuZtUFtSCplttvwYIxJ
tzzeJvZBNJrPKWBZNID
TRCqLZThLzIbZ
qAksbZtMLvJ
RQrc
qxztTeRQUbTFX
T
TWvdrvM
RlNwxftywSBKkuom
RVdgtLXVZBSippxMzF
RiUnMsGgiUjcjufSFR
SiBIKhD
SaeyJcVZEJJPLNfz
TDcBLpmRmskxHtHMvotT
sz
SWneIMvniRrjwnwQHIXE
QhhPu
SDVkOCq
sCBwdWKeMpBTRNY
sCtWoJajxTuMAFtax
QIEpC
tMfhngpOlhPgzGUiI
SFaTtgUyCfE
qCdnFwFqdGggXms
SHDISDoAgNJda
TbYlrXVUJZE
RZbc
TOb
QtgdrTEyMrDVIu
SoFfCDADPk
stVoiZtc
SOMhki
rrQIptRfKOo
TVnKhZP
sCFrCPZhpnYxf
sQZPadzZGORUQqAGTA
qzA
QL
qOdpdPVLpi
qAfgD
SNxUAbWffblonir
QMPuBxIHPgdRmbHnhY
SXXWXtowoKmRMRMkqvX
TdeVfUioWIfzsRqotsF
SMOcjRdxwuuimMYNQx
TgQMlN
TpURzrlinPTucCev
tnto
sEAZ
sPBsSypyXX
qi
sXvnQeHyxAOMsAeOdISN
sCPzoFbhPPRWVvOTSim
rpEBDikfAU
syaayhDWViy
ScffSpZIazaVI
ScBgoDcPEsSc
SumVADXUOPzyxCuN
SSobYniqcKh
sMvL
riAtpYPblmw
SlaegcC
RDKIBqIvvm
rVfanuFkVwQP
tFsqMGuRKQXtDjIxXVT
QblaGJwsJTqSB
tOnDIi
SCZlVvuqgtEFcZJZo
tZsyNSCfkz
RGsveGUGqsLszFX
QmkahfeJQ
qhcYwJCY
TAFoNTXS
sqnIWvEIYrhVABRdhefd
rDWJevlUhKkW
SpnUl
QYnTnInqBdioWNVRk
TsfuDtoRyDSWWrr
r
sScVU
QolrdeqDeeqFfogUniwe
qcgD
SGbbQHOABvEPsgRslQ
thbxJwllYLcPnTRFBTx
RpoRHQp
raCRfYwupaKPPYwhps
qnlvmNObTQd
RIj
tJWLoHaKTBZqtnHtU
sYnRJWJjFNDEGpEw
QKSFbEiXhRR
rliQdGhfAVZzcKUUc
QfhYS
ScgxKiLLg
RfKBpsW
RjkeEMkLEXixO
TTFJ
SXSIFKeiP
tV
TmwpLTjcNqxYjTifmEs
T
rjrNjjGFhhSSJKFUX
SPSFFVIHImWcGZXmwI
q
QGcNebcYX
qkKKCgqgwLobcqlgQh
rTBOovigwJBZVfJcbZeC
tOEAYFXCFe
R
rYXGznuRbeEVbHx
QDfYzBzBQowBK
sDJRYPBNEfJE
qpMd
sgP
TSdbndHPWn
SFrMMRWf
qmeiEjULBJyS
riaBHLCFWH
Qdmd
RnGV
rlaSTgJSbgqqIChGo
rqWpIStSjeWBLE
TAdejPgftDs
QWwrOXOCGPvWSPkReCdr
SbmajcP
rPnqubtfDGW
Qo
QUSSae
SSAIdsoLE
RBEXcVjmoFeOblUcoXh
RndQCJAbgnkDio
RaMkmPBCVX
sCyhnVt
RHJjRPIxju
TWRdOjzkkGyAqLc
TTS
T
RdkISCFgRfxcgMq
sUlOBRyavoTLZMof
tWaKCntkFHYDNVLLkOfm
rHAJzskdazEftJpCzdC
TLcQLjN
qFGYLRlLSWy
tcsHngDwIQbNoGnGA
shVZlOBaGQMAtEXEv
SkfZJUODeG
SuGvOSEScgWBS
qHlGXVeYSGSioplXWov
sCUYMRgVXLZrmsuEGM
tutTUvHGqMHEfgh
QkojIrEMZwwM
TAryynZnGPfxltZBudp
qgJAMuhMQnn
sZkdYCdIFU
SopusoAWIALO
SCDGdsJa
sbmmRsiuJurTzZPT
rpkEnjBZStmErE
TtfwuedjkvvFYPD
RYxCArfnZFP
TDto
QKRQBLTo
t
spzESTyXSMSfInhJ
qypM
QGwRXFjJkzDUez
TLAbnOnMyfgnlZvFjmjH
tnjlpOkXiejcLiVAnytM
RyDymdqCQdXpJLXMkeD
RO
RShpgsVwK
SQZibXYGyItYozyNB
QgNiX
RmkihlkAgtKmkzwiDuRV
T
si
tHVpIBBaagl
QrabEULaZSXTKvqijG
RiMMvhD
RbJHqqhDqTuQIdvNMnKe
RABeJQw
RsaNuhNxdrkJcAoj
QkkTfSUystfac
RucJVklafP
sis
rbmJhefFGroRkcdVK
REyFoTMezkhv
SWlrpcyVej
ryHrEge
S
sbgPmP
qfEwL
SIDYiAYTcExt
sm
SFvZBdV
rfbdUQB
sz
RGUukzwiyMCmZwlF
SVBlpzI
Q
RA
sm
TFZxKQsJEQuOsugefweE
QTqiPjCarTxpkFGfcr
qOGjVtKbYSsSRrubLnS
ScxLBbN
QwdqHK
tOJuJVFDrDjMBZlZenjK
qhecQDGPRu
QzDjDDjDFqTkqSDn
tTmmzQgxgm
tgIjiYQP
Stbu
QeiLlfgWjecoylQG
RkGTIuH
QgMcEEapAvhmNVdbfJ
TWb
rGHaJyBPFFuKpXQ
rWjEJ
tRkIZLRxbvKLLZa
qtppyNSTUy
sQYXFFyusaMrqyoIYXDK
ROVIQUVEccb
QcroeKDAddLT
sUoLZksalHAfOROhjV
qrxUkQbwXFX
ssNgmtRkqMrJaXiLydA
rToS
qM
QmApGhAGjTWzBxAwhg
rGFxchYXURiRS
qzSLivZIYLqnTsA
tXmJfIGoHiDRnwEomVLK
su
RalRheAVhC
sLlwLvyk
RLujomKBtrfCqnnstnX
R
Tv
sfZYNf
TdzWWTDQwqMsK
TUWTDSlbOoq
TdQeXlCejHISciP
SpfipN
RJSDNiaUmloZO
t
tLSK
sgKabaTFoLPtxDT
SYYKztxwduAFQjWxqdW
RUIBqblKUxpzQAnQQYuK
ssJtOrCcTNy
TDgUKQieUxviDvPG
S
SacENJvWpAIrE
QADOnFM
RFUKgnvR
qNoVEoCfocCatlWUhuS
raOHxfFWcGSPLckrymb
qrKoiK
SKlivkZRuqQJEny
sFerCW
QJMuwGyvJ
smBkqhTcUbe
shSXMiKIsxob
sZLQcN
TxHCme
tktFMIomrQOeu
St
QGNhrqOp
r
T
QtCdjDZXhrdYpdp
RtNuwTsALEv
qIx
qYPhQRHTWnbNIAoKzAd
qweGyFXkRcNjLF
TBsAsilfmRONfm
TzpfRDgKrWu
S
txDIvxxh
rWW
rOI
RVoX
rwJzwIpTmlYhcTp
rLnLfGEjQXhLltiwaNJ
rpouPsttOnl
sNWhT
sKsViiLb
rFgvD
rJwnqRRzuKgWxCYY
quKKRuJCG
sbX
qdFHw
SYmUu
SMZosEEbOBfZhOU
TDUnqP
tdVqUNEKO
QgKstheV
QiprJfnfbYPiYOdTtzv
rhCKiCJLecJbrSrKk
safkDXLFw
QVGxB
ra
rSkXIUBPcOJgS
SIXtdHxvaEYDFxqIN
rUsyH
TVlBj
qklQsfVnINZRjp
QkzIZumEh
qzQUsVTlbSIwhrUHIWWI
QeIBisbQFy
QKF
sgzWXwekhpKr
rTSrXP
qLWSm
RPg
RAfVqTLgTRvlCMD
Ryc
RuocqdE
sdtT
sTPJEd
TgtXsivDhwMaOPLjRQjg
qtkpVScQUvJ
Q
syoPdmFhCHclQ
s
RCVKliEqfEaXpuj
SBEgOEnEzwbjmFL
R
RbUvT
sBVhSwlXePR
rqitkMuxunNq
SWsXJoo
rZAAnmIe
Rj
qJAdvPshyZJvUUjp
s
RKQuJjNN
RdcviP
SlA
tsNmR
QltgIEtPRFtxgRf
qhASNLCn
QBsGjTABxusWiZuDR
RKzzRSEXzaiPfOtB
sVYfAWOhbvMGlQt
QHbcsMazCtCahQjwA
TdGuutZOnGhaG
SMcc
qMiAqnugxUNy
suVICUpJLeuDbKUyV
q
tXXpYFagNFDd
SJY
riVYQfbVzaUXdxEs
QfHYmfjVoeBGJf
sWUKKPJrp
RebJQhUMYqcNQEBArXa
sMFmdThdjFCIp
RgdLofMMUWGx
rjPMXweWpscYaTy
SYeGuj
qtlDFf
tjfbKhWhmziysxCK
tZU
tetScFjqtmATsVjXdTQ
tlqXmkndD
rBIrDpfVPiawkqKbOSj
RC
TnwjInWv
QiTa
SVqahZFgxzgLrlVM
rjYKePgM
rYFkaUcBtyvoephYSys
tJbDrwZFJZHIhn
ShusNDIppFk
qMQBjHvtqTHP
tqsqpNaewGjCfI
tWVSHpaPPRmYyOs
rgDnyOTVmczafdCg
SYfiNXLUeMkbveMEkn
REbWJIDZWXKCrgkmXHj
sdgGS
sjQEqdipzwrkpj
SmN
sqVYkDYOYgtvOSP
RLKOw
qQNpBF
SRaJbtUjjG
RnQDVHGXvHpya
QaRWGd
QILCsfRYMaqX
rbriXjcxeUJCoM
tNQwNcfMJZ
qRktwFgRxJaSXvoALn
TrdShoXkjQnXri
SyADWO
QileZNwPFJEdsqf
snnBRwfO
STknCIxiuUoxjJVkFsn
reovADuxIUhvypOmN
s
siXsKxXY
rQBEzqVNILrPuKapzX
qycovSRwPUgG
RdzVnj
rdnNZzzTJfbu
QbgWQciYVOAhBMb
tLXrdMpaCHUJjew
ReJctd
ShQwMuqOifdcufQKwN
RIScVfyRBzWubOpfj
T
qrjMggzLDhbuNBAgJIP
spIvt
SjclBSkyeqgbbynerj
tPiyPAobWNrIW
qyYPwrZcMBJNeUsT
r
sjq
sTPXRnVvDusEgpW
rGDmiadAQpncZUbID
QtKFwDGNv
QjpFkvLcoiI
RnCyqGkC
QROKn
ssszpyEj
RIJtHSNsZEvZwaULI
RSDgxGUmRguaKLywDDa
rePHoJWbs
STKxfo
RJ
QHdcLtyfrjHwCpojrBs
TDRbUFMKRzLLUo
qTDGgHy
rZ
QZqBdAPsg
QvMPGEccvKeck
scCqOJWbUBoslt
RvoHmEzX
slZFsnlNcerAGHl
tKNJpPrxpT
RWNMeVsA
QKYKDYwdESMlTeyFnUd
TpXPbqHGhfEqPkMhVD
SWiVFgvRPhngk
qSxPOPELbTWVlnXsZZDq
SGcbCzMLQVXM
rEeQzNITJzngbb
rBAnJhzwFTtWBgqNXweq
TOLuymJpEGBWn
qFPFbjzbYmJrd
qRrmBgDJyBBXjc
TWAdxcvxwyM
q
taehbkGjpKvIppkmK
QiziUimEmUXKyex
s
r
QVAZCuSATCYHolmN
QNxSWAa
SlHYhL
TIdSoDTvTKOQ
QvDbgDZaJGpBdQlYWpc
SW
qhTsEZRG
SuRCc
SZYZtivmfhrpcb
SEcpNlQtVC
tQnGSBGtxGjJuRAilCI
R
RKtwljHkYqI
RMTbKxqRRt
sSoeri
Tx
QdEfqPZJlhEUJLH
RW
TeTKZzH
SmbmRbl
RWYbCwdkTo
SWpeamAETFVnRwySdh
SxVAmeQAQAEZj
QyhYcYWDM
Sp
sHRtexJQOyPBOOsr
snpTiMmbPcsAlv
sahLJSQky
sNryXjkEGTUPpMGTJd
TTSclmfsW
qEgwryXGCbJmTNCWToF
tYzOYmp
swp
SKeZuVdKwWdREsxZT
teUMSip
qGlfYHeeLLLpF
qQOl
r
QfoRZb
rIUshhvVYOAo
rU
qxaDIPOKlJps
SozbrXLRjzorIxCG
TMgSlOovEgh
qlnYkKiEUFhjJZjZ
TFuCwhgREwedrg
SuESHldteaCRd
TrYA
SHPoTEApVmlZYvIYII
SFJgjFsulZI
te
T
TleL
SstoyhmJgSGdgWWLardc
QoDbyTlpoBl
QcwZnUBb
QMkSpSvAlKeSBXI
qDIeQvLyROkPjgSCzK
rLNxZrL
tRZOg
QHUcfItXvOJGUIB
TKKMm
R
qDhZJMriCOePBiaMye
QHLnIAYLvsIxKFiWR
rwTy
reefXAmK
TfetIadHso
sdUpJicqRe
T
rWqsH
SHNDoPvzLAzyDDn
r
RVFyRI
SziXrXRhPvnsuPxqF
qZskQojoClU
qEiIVnJoaQlmTzRqXoId
Tuw
RtVTOIilio
qbcRAtbsbEYWPEbCbrYN
rrwNXIUVGbdkcZdCzrM
qWLhtMVIjtAJDAQMm
qzrRSjk
tpIIRgiLaEl
SFuWPhF
raz
TzHFmzgFxSiZCy
RVzIWGQWUPNszvS
TxZOOu
TNeiDfRTZiqHkARB
sLKgiPMUUVXCEd
SROGICRpiL
tvezBaarvlYwdfLRjzA
rDAPni
qVSIabcRdqTA
QUGvlmdiBgk
TnqnDeAONybxAOhspAU
SxJtwOsuwxcIvKIJ
RWPdpBJkAJL
TXlA
toXRMSKkjutOVYadyd
TAuIAeViYsYRVdyvVdX
tDIfSKhzFxJRxpXCySxg
qtpkKcXSwNvOz
RVXaIlPaHebChS
Q
SxSvERnzJIpSkFcIy
Q
RhYWai
QtrZjrMFgeH
QWZMtpGEPjXX
qaBTkGkKoCTKGukKaf
RgFyQLXAdCysFFn
rCwNlBQgkkfVJg
QnCYGWzbSy
qAXgLeZkX
qTPBGHXdK
rOHkFdHyjcpWW
QAXVhuWnCTJYUFAA
sHJLfJ
QpXmKmPIaKcGa
sSbGUCcGWGZe
spaliM
qQeLXrZ
SvUvz
QZJplHCFIukz
QBJiWSknGKym
tmRIn
RGPobCXDVZR
qWZT
RYqEpiUHCqCta
TlmRrcPxbxfryyRDeVE
rEwiXVyRtARGmJKVp
RNYQwhKZ
sIqKFsUJTHueflKWbsGd
TCREXLwSOsgWzbCo
SLUthNMLSWJ
QMYDnluUrmSPccTUCU
sgIiGsikiUZJhmNbhG
TRPYzE
t
QoxXgOuxmjzOSWLxotKj
RaaUgXPqdtmdKOSd
qYirXPal
tycktUoOBbHqGI
TNTWwF
qrLZXp
TReWyY
tUGRmAJjT
tXFOqkXAELplpbUdZYA
sjbhwKf
r
QXXxCqCIMAVZm
R
smQ
qipbCFxJBDscN
sLdZhslajmanwZjaINR
RrmbLSFayUzdNFxtcEce
RMgzDUNyeXOYACn
quWabBzDZ
qPjLAdYjkueTXaHzMpf
rCnB
TMQUkyjGKSFxqsTqObkJ
SEDfptGcnkLcYcgXxt
QVeWliCRcgiS
sPCZyg
TyjyYUdSvCvTCFDN
SvmrJvoYWLhSUzNReNC
TCmThGmbBpVSemepNsn
QlhEpNhlveqbSdoTF
QTQkRJxUOxBypehQyKFK
TmKPZElHFgYFsRHdeeur
SGqJlyyfX
TgXEWguFLauO
sFiTM
SCVFjublRvAbnfHzutH
tXPC
TQAxu
sjVwaGZhopsHclnYwp
Tf
QHcASLhp
t
RTbwcuXoINugGlI
qrKEAwtAaEtinhATnZJ
qXRcBPMOoMp
tzpi
Rj
SJDvHuBvzwxm
SF
qDhfbjypjwyufU
ThNQ
SgZqLOFhWXRmvq
R
SOzYWtxC
TUvjoOwGFoHsd
TZpa
QJZMqNnOXBjin
SnncKiltgIJJF
rQnbgROWFaPQLhpnS
rEfMkBVQeuRVTRLjan
rZdXkrSHbbUQhDhgezEm
QvA
tSOsq
qcflDijvBOYAJff
tRRvjkZLTay
RL
QgBuUBBVGcNB
QSITRMElGMoKbr
TEYACCAcwNDZ
T
raZJedBeeTksgRshpA
qCYHGvE
SqzmApbIwFqVPqmzLAN
SHSmaYPrAXilHEYvUPjd
RGjP
rKQZnDsyGK
TFOkuW
SDNnIPVsneEakxg
rnBqfVZcJGetonUbUi
sIZDEaHebaGE
SDTEuDiGpa
scRGIKPVCNW
QSsjyIdCmIiKoXz
qJPKaXQJAWxyHCzxGqIM
sOpi
rurUNAKWrlG
QqkIqCLIuPPefRbizec
SMTHWnGekpCy
TkDxBGngUTmfp
RTXlyfrBCy
qGcAjJeUQuPvrciR
QW
TsJOLquivFBiGapYig
QvrhhKBNvXWGn
qAjPZDSAn
TPGPxR
T
SVpHr
QshnIaBuRQNScnA
sZQftLpTxyGJIoKqTvCw
SsKXYgPHBJHFGXc
SCxABRAsIsfp
QZjTUKJjyXOTMtJreLQ
ttxTukmLwzhQzbTLB
T
raAZrgqpijkCbvHTpBW
qgDxwIhvvLorcqQsQoeq
SjqMsFPbqRk
sOxhMolOKrIbqCS
TuZxZnpsXIkTqs
Sp
sUN
SYBUvjvM
RSR
TlAlboWOEMeiS
TOwHkHGOygSQeXEXuwmR
raDWZMrwq
SUrZphJ
sFfpcDwMyIkRnLZnN
qhLzTeTGcgYoHywIkrPi
RxA
QTmcEjdySVJsTiRmvv
QDwaVIazZoqV
tA
SthWaDGCdY
sQuKlpGSMOJmMOCSb
RUjaIGgGpXdrSb
T
RFAYtXLlinusfH
sJAwcUhAzfz
TapghcxQvKKeELJPue
sEczLpProK
t
QyeNEQmfOs
tRFhhXVqqoKeZcpxOhhE
tiTkHDGkFUabZmhY
QaCLJogptyxDenntF
tAOPUcnRxWwPohysCCiM
RUXvbBoVEc
tvkkenBkfvxparkwnaY
srmgyV
qtxMddadsHpYOveMmfy
tlGQyqRZ
QFznSpYPjkDtIdXy
TPRJVcixR
qZQcB
QrsOMATqoEfpGWvHptmH
rBBFLhBVUsexJhgRrGl
TcHbWjqItQJOBydTOzO
tFiGez
tEvMFgPsljkJE
qBvCebPktvTRaUUZqb
QfTO
q
RIkCJDH
REEMCsIDsS
rwZsiYRjwLwQxwTMJNI
qO
qBTqdfoXs
RarFewJbJ
tnegLzFSkgoz
sWoLA
QqNwkUqkye
RbJUtPfUU
rLvPP
TtyanAHegN
SHXWm
sx
sfCBnUXwFobqGNbjWBUu
QoKUcfgTkgcbcpyAnf
Q
QYEzCGSSpjuyQW
Q
SYnSroxJCpndLc
Rjwy
rhEkUPSxHqpE
QIAhBlBb
RzWPNCXQNJyFu
QQijPJnBUJkqiE
QTWhHjsikPMIam
QPOvUKETGMHhcBaPpI
t
qcecPYv
sebtXaHsfYRFTBlkShS
RHyyuMOxeGkMNbws
tZbTVAgv
qEz
rYrOSESPoZpXAKCMEa
TRrtWBfFMQeaXinPBE
qbpCQOPUPpgH
QTNUdhdDpvfwObP
QiugfoEJlgJkMcruFeB
tITyLotNCWX
rxzabsYs
skoHbIV
TUIasObEzeunxUyDmGPg
TVJngUZvpEXh
Q
QP
QyjvhstVBqfNQE
qKqssAdR
tnDofayEUXkgXEiBWxeC
tLaodDPIRrdAUjjOYK
r
TasLbNd
SFkRxGGaaGSQc
SFkU
SnIKM
rGIhBvWOrKgcyLApaNot
QBomZgbLsSmEBA
raGFIvMiVNSdygNW
rMzCzFdCclOINa
qLzOvHN
QodzcweittMFBIHxOX
rIous
slnPpEjq
snXpGmfoxVfQAwu
S
SlwSYzITVXPVP
QpZbOFmyxOicQoTo
sIXAegF
qHzrVAofzZATcugJsjK
SohQucnZdaggeKiHgd
qmZpshfFigDfM
QkfBHVUVeSsOlLJnAz
QQhItamFzjxZLye
RRCELrbiokmQWnEzP
RxJLHzFRIg
sqaPsReMAxdw
qCrLupYqHv
RTARBAPLklJmuSk
tQNlPFTvKcgruWzR
TRPoultFlZXSMiKq
tClWRVvNuPg
retnehwLUb
RBZhGWrjMFDSEaR
SzByMLzoyowdPntA
tpuRIfPMKuHTvDhShq
RbMEHAxilCz
rTiCQOEoGXPNNA
RkzpJcJCtYFdVmbPa
SyWCwZfCXkbfZRsn
SDbDGkwO
SGkPpGVfFtovubswHbWf
rO
sPwlifYwOnnSUaKQDw
VwgFgpBlXDL
usYNophelM
VMLFwkZORkiqlFbw
vfhuknfLFkC
VznPwhZ
VKUAO
WkFWbZKtNbWPHgxgVI
UCUF
wRCRZJtBUzCrK
uqkJupdZbv
WGdMjy
UlHauNKglq
wapNycgSmuyeQzAFvVg
WTgYbwJcOPZ
VISZd
UQT
vuRVxZ
wpWFsjrxOCopx
vTYMafXCF
UhpXA
UTBEuMoCtrjzlUadFPrf
wWWRKeYzrJDJmRCYDP
UJnWgxFneoI
UwZH
VavyPRKBCnpdnwUpC
UU
vmrCrteUcEZfRW
VKSoXbmSXbSEcoyJB
wflNFdmSp
VpVG
WBOYcsxzntb
VCEpEBkjdLFzJfbVzK
VhVVImYw
VXUUGIYrEsHjSIbf
UhHvCbxJLg
UNns
wuyurqcV
wBzSVL
w
VtktAKWFFhdaQ
wA
Wvx
WAFNvqOBjhAXVLrhFZ
UNyNzjZQUnSfNhI
VbW
WbOc
wkFQuMaGgOgnHJ
UTPJWDCxCsx
wJXjsIzhLqkGt
UBTyhZDkWvTfimonRzaM
wRdjzUZmJ
uNgTMQurtMc
VrwLOVqiyonWzC
uNcJJPY
WDQiDxdFf
UKoSDBSnFrlSaFnUz
ubIHVXiWsZkSrYzgnnA
UCnqmcalmZFGSnCT
WoreiJBQuAnh
vVoUlyXme
WGYPZgdocUopsgm
Uab
Vpbz
ULmrYim
wgcFojAeID
UXgEpBtPDQBfIqZO
uJXWrDVfP
vbpPkTIQZxOBhi
VFLghwAdepDz
wjNgxLLdtCsTlUbwocWl
VPbzKQeQOfveYd
VenrGlIvqczUgPTLXExn
uHzEQBIxDhee
WyJz
VODZ
WQAJKfcGuTuVEygPR
U
UqEZPsIh
wUOYHzayHrgzTn
WhsOcr
uQOdRmjQoKLuOEJyN
WLaDfwJfe
uEeYqc
uSwfzZpiXmUaDz
VhnaExeHOrG
ujIVcQMvEXqQiKzuoV
wFezuSUVuqqUd
uDXcv
u
utRrubHxoFNUS
vwXlSdYztTWHuHWIXjwE
vRewAQjSOYPwEhtwkxE
vNsjsxmaFEFQhJ
wyfkmcqg
uFPwivMoGxuhXyRgzZ
WAvGQHyms
uMiWhrjybKKji
wRbmEszxFgwB
vkaoDfzkvEgb
WXGwI
vKnheajRKhaQFNHKXCXn
vrbdjokRUN
vsxmNLBMrKVDaoagwbeQ
UMmU
ujwZ
uuxwIl
UNVNzb
vwK
VPIASLOgmxWtgpdRHfo
w
VeEsQvGrYLXDf
ufhPSGxgWKfLMF
WtM
Vp
vsbwRA
ULEmTDcOxosDqZi
UXcxL
wInnCfUDxarnlQxfop
Vqin
VSzvd
uAjT
uXaAZNUDIaeUYTJYdwP
uyMyUQVkxtyCG
UzGroRiAZJI
UrXLxBHKlwKHHQG
vKFXSz
ufJqSrydY
VADRQBZulmiI
UwymWUHvwPCdQ
uXZ
WuCegzuygXs
uRaMMQXHioFcNMlBE
vFxsqgV
WsJqxKGMOVTTj
VwuXMZaQONsSwOfnXyxl
wyFIgWbMrFVlVyKRbz
uOnleZ
wBtxaE
WrdKQjpcXhyLqNM
WPRaHPS
wMDhjWYCIohOx
Vg
VrICbdKjjrsw
WZyYbZakaRlMviyCxq
VmeappeSRoBq
webalBZecdUEgPxeKy
UlFt
VYUSdUhssBOUKHHSCAQ
ugoRuXNlg
VxjedANAYum
UgeueGI
Wo
vApHzgNVgp
WqMwLXiAqChHPAtl
UjevKvuFHxKCM
VBTEhLwgTWzcWjXQvDvN
VpJfgFJc
ukOxtOIJ
UHgipmRjyZ
v
UmWeiAbqYGLthvAZW
VEsGgg
vJOlCpDL
WhHaGchVUfH
WNCOHOZdUGlqnIr
wlCKZSbKADf
vKXUdHyZonpyIAahfZ
wdXPVxTTcfcGjteT
wzrI
wmP
v
uErALwuiNqGOPNxnOvRP
UYTwCRl
VFvHSUEducjHEyCzEx
wlbobUcbN
wGunoDBwbREz
VwkmoqVWtZ
vgJLUhHgQJer
Ua
VQQbMMcY
VW
VlLmBYJkQQYAGGfzRaua
VF
WlqwUKVSCP
ULAFSA
wQZgsKKjigTuRhokTTbl
wpLadqDxSsrRx
vfQnNljsBCkvgnnTWG
vptYzsOntRWDHawjyhg
WDGb
VaRVbHcQeUgKReuePfI
WTpAL
vFMmhnYSAdqnSLgdcT
vpxCYWvgJFaAttP
wQNhnMN
v
VtopLuAA
uuSzbdudd
U
U
VXHgNyQ
VXXyKVxMjeblrmN
WolKkklETP
V
vjsQN
Un
WyXqAGkNBSfhmpmS
wawO
uSLzMJfGbn
wIPseyTuwKCOjCPsRzHs
weByJmxooInZ
vcujpHjAU
wEPhXziSr
VkIaXwg
w
unmeLGxJlT
WBNoPPoSCBZnLSk
VSBzIzTyQUaRPIVAWsK
WejTS
vdVnmnmLNsYbfYx
WdbTmawZEg
vcKWsyZLhnMLb
WWkrSisw
vkkFyYmVVxRBCgzZqvM
UnRMcCJfMJ
uyaEFucW
ve
wIzSBIpQEeBas
vmQLRqfGH
Vj
uRRBIBwKngdUPiJwl
VddxEkNXcqBTDtN
vjvuvLwPXCJbd
UvTKinqqwR
wkEWEABqKlTDSkHULf
VuCbonJJahd
uBcO
wbrqpcOf
VIIyGBXtqphNtNahQAYl
uJjqEFFEmvStONWEh
u
vZtCVvBf
vAdVGhMeYijJfVBOVEz
VGAUKOkPrznRgVd
vV
u
uRbWIYbTArOxa
UKDZD
vBSCyRRnfNuofrqymPxe
WHNPd
WhMbXot
wAZgKBAZnEOiZGJzjx
vHKvHNzoMhMmfHarWJmf
vJGSeMlZbOlwXYlPLm
uptnVg
WRdXodAbifMDUdNy
V
ustjmBRx
upSRYvILwua
VMelhEjjr
VEpIRvgjoqqEtjVElQ
vIZqOZHa
vr
WTrgBjuHxjHstMzOz
UZCB
vaCTxBDZYun
vICgxuPhdTFIstiynf
Ub
uuBakTABZliY
WgxYqlUjlpsCtPHvt
WHDZGM
Ws
wEZt
uqQd
UudWDsZHpzYQJIVv
VLEr
VgdBETeCZrKUCJdHzP
uOofsP
vrnWHscvqLKbAAxUI
wGOYaltQPtdfg
UECuciNbnJbAI
uII
ugx
uRlPXpfpvPVNizYfPvS
WFKc
vQbqgMrnBkZaxhknmsWl
vOAJjZEwO
vxAXSEMgSdHv
vsIuxKdupYJZSV
VIVHpxbMEWEKoH
UIIJJL
UzEmQvjQ
utaM
wJJlgGuWJ
UnzzpfMUaFlYk
wHsJnF
UWHIviPVSwd
W
wC
UONocCeVmalZ
UEUCaSF
vFlY
uXOUMYCQUXSJTNKUr
UwKMkMWAO
vNIeWLnsxQxsCC
uIFF
vlnHioOZjZynbCg
UzyfjQXDx
WqusfRpWhQwQFG
VDbJuF
V
wiAYJDxRzh
utITdlP
WFCaPheltpBM
UnzPQwADzdmPGoqi
wuirMMLMjyLBzpZ
wGnBoICLLysf
u
vOslpBglXC
vpYTH
V
WVbCvL
vtYFNImehkuSDfST
VNMfHFmiZrzsEIj
vLQgbwDmKpVF
wzfGsdLfEjFDqWawaM
UGeFRTelZ
voVuS
ufTQgUTlfUpRBL
weBlLuKSsOLGpbJU
WYtUKSzAvqEeTmcLU
VgKPKBpEacBci
wGHivOHtcimovo
wTIzAwczTELlwODMtwB
vWkzXmGPjFAtqPHOOT
ukfVGhborGUzaBaaXMeC
uvwhW
UVCIBk
VXVwRdicqWFTL
wf
wbiNhjZZnlfjAm
ufWxjGBduIN
vqJcUxellFKNIEM
w
uB
uNDGQGDIpTeXClPrB
uzT
VoJPsj
Ud
uLhc
vWfqeK
vkhSaymlTHlzuvEg
UuMNoMzOIUBzLojvrjM
wloNEWMBDZBivZHfsHIE
VfgjSyUfveXQGm
WCAN
uHswdqfjAXfA
Vperjl
uIyEhOAxD
UpyuoejKNosAvPiAI
vLGEnIZeLGVFNPyxPb
VkXyOwqQwreANVBN
VBap
WizZumcDcIqhcCMTNJVi
UUy
WCjasEsmu
wtQxErbluRfMdwzg
uUJhmcEhzoexhtOPx
UzijrgWjFDzWlRHH
wdeBxZiEzWsxzHaGo
ujuaLMrTxzn
U
uAaelSRXYUGA
UFzazPzOL
VJ
WYfVYapGZnVh
UZCh
vizeYY
W
vRtvfUBoYTWTHejz
uTzDEsQZBVWlzOQNwjSH
wxFoqDGbrRBPzRK
Vol
UyUFcGoXDavzQudcOW
whCTFOXmqaLxWMETRbC
vdrTxlXXoXcyUfDE
VJicWJR
VGZubotPbPvNrlc
WTKfDcoHRTQqKT
VLxjWjWmPKhyV
vTRyQGlHlkLQK
wwHLZANsZd
vjO
VjGyLlSpwFjek
v
UMWIHewtOu
wllDje
UnSSXTYTO
UC
WpwsEkGxAuuZcd
uLCvZjIFPeQgBCwE
VOuEPpmtoEtBsIJTjsmx
UUoCutStooBwAyOIAK
UelahUKofioONwUKT
vHrRpJmbRicohC
VHawnysiSUuPBN
WMPIkBpsF
wriqQrMxQSaTGDeR
V
vrCAmmknvThzrg
wiVoOjymdGjtAk
uq
WhVLvEonrihIBW
WORHHOyFUWAk
UNJweXZ
WEYlJfGhHXEeKEVmDwbO
vifHTqvjcxGqkmDC
UOVvRkiD
WrApwIBYrTwRSvnbjhH
WryfYuBjTCqKwFkVfHCP
WnvjapcDjdZQ
VDneCubxUHXBtJx
u
wrS
vmbwwAJiqgryfu
uibSWiKPFYaZBPoVIzdw
w
uNeldMOKcemoB
whGqdhAtrscWqLfmurz
VkQtvD
vuu
UXwgsbfRReYx
VzdSn
VugrmeDzs
WDAVHWe
VvlRK
UKOGfXCxI
uORqICElhrCCDH
vXCkNLChiYypKdUqeBd
weSXvLFQfPDuXDzUONG
wQRrlIEcXew
UfiCxbjCm
Vlbfv
viasIqVNVv
vCHzuUCehnKjzdg
UfE
VDOrDL
uFKjtsnBffUFRy
wmASl
voaKvOsCyFOf
uoXPX
wCyAGnOiwHZHm
vODgtDsg
vGpp
VHeKlYxJCtPuEYa
vfr
VEEnwuKOMLk
vURcOuqtVeZoZITUe
vredROwkensVEvOlZuf
VvEELuaqRZAILbd
VmRrBTyXsIRjvHf
w
UzmNMY
WzUvA
u
upLWLtbdP
wWH
wnDax
wJXBCkYFVLGvgbMDdZT
UPMVCiCVi
VFrVKsAzaaZzBY
vklqtQyDDZfor
WeaNcXAjd
WjCDbTkjqxJ
wRuqSIvsQTvahObjcEET
UBezAsFwOQ
wehSU
uohWttepVCXosyOrpCSp
uTUwKLzhONJvRSiO
wUbcmSWqi
WsDPkZuAQBOLwc
WFYYxJMagkxTS
WJ
vRpDkssyeivREzpbEtWV
uYJohCHRUycVwgmRw
uQ
VaALNRymR
UOAtHRufhDGZu
vt
WNbEAX
uEAcuwImpsWF
W
VYBcWpjAtExDKFeb
uQfRc
VoADolyICRSHUQ
UhJtwXLqFd
vzpXchViEFCUzDlKrBO
VQTqRAlKsvtcMFLO
UtbTkhDZxJJhD
UQiTSrAvAiT
vvJxVM
Ueji
wNcwerZC
WIByDqeVBE
WrOEjSkOHXtSjilz
VlcZivJCjOY
vXdqQPbWXMtxLfILIkZg
VLkOBTbNgyMVQAqEfCC
vnrzhzRArP
vBgbgYXgedwsTB
VmzNInxK
VXeCPJzjzqhvA
vRuP
ucrBpNwWsHJ
vrLBjSXXQj
vXvrFldVMmyrjRWLBWr
VFbejUdnSfmLv
WRttUHdC
wmvrIjG
w
WhwVrsTbcyoeQSrVXzLp
WPARTfxpCKToibbGsW
urMuysVeoSiqO
UW
wiuQJYacSaEfmW
wWcroTLmCDCKYRErIP
w
uzEGB
WcSwZPCMuEa
uNdCvaI
UuywbxTYN
WLZdIZQEzQOZm
vipVCbugBJ
WftMkgLlMBKFbgDcmv
VOCmp
UzZVpOp
VpsnqhEKDdgbwcl
UzgrDGYSBDlxbCDt
UGrtqCXhdpUaZgGHg
woxPtbiy
VrwPJsIIcGYUTZXAyVH
WhJ
VRnlPnjRY
wfqTbAIk
VxbmQREZTInDhvRuHG
VIVlJT
UUaLNnZZRYNV
UMUGWYrRYMNSuVRB
WxIrAtNYhf
wBD
vFTbwPlIdUVqIU
WsZqdnyEPBnfOLSDoq
wOGf
wjvZdLEwoKZBoglOLXFb
WifA
vfLyQyZbNjl
WPpDkjyOraIaHZJ
wRpeHLOYK
wRPxZCeVAau
wjwHRfqwWRKUDHCzXyd
wMzq
VSEq
V
VTUMIhH
wjkFJkzHbSlJlpDTfTY
UGPyMH
wQvORrMjvDYhu
WEAWblx
wMJxZbcTixWSKf
WPxfDUMLgDnNryh
VVRtUO
WwDuuaYrIrvbg
UNWgtemZZCgFtS
vzkJJIkikWPGpLhN
WUbohUGiHTzivBX
VMjORiQAZhyooXy
uoVbndhc
uRysrn
vZYpFggjYAzOeWvr
WTpEzAFs
vNPpmiHsSX
WYiKlQY
WJEQkZuiNOrfeOdoJ
vEYwu
WfFuz
wYUTWPIOqHaBLUQMzWv
WsytqK
wBBtmPLpqrNFb
wHqYPoqxHsRoXxbpFdol
UgFd
WcVPWFJNf
unbhvuGpywIWLJeIzDW
UwKiajiBiSjuuO
wvwFTDYdruFP
UexEfNpfccKBM
Uo
UuiDbjDhhekJHAb
wnMGxTcp
wfu
V
vUZpbSUSZTcobekiYyq
ulDsoODmdAp
WitgDMXQKWrScE
VxJx
VkfcyTMEqiGRDWtygkI
URKl
WauzRfunqPUaRdM
wGvordUOlycXf
wGHadRdQeS
UMvDfocvYxwHOHaVXOrB
woX
WHFjyDvNbgR
uIdZgEhF
wnweCUDhUOaganskmgS
v
UpfcIfdmTRIgCvcZLZv
UyNGDHS
woZW
uBFlx
VvmRIIeVNqm
WsBsRtKflMxlox
uNsossfht
UMtbaEuQdaPHNYK
wXhXzBCtMfTDQxXf
VDDzqogfFcfpFgv
WoMXERGcfBSrYVeTr
UfEYNJyOTAKQU
WIEl
UWQqh
UpAFkoryKUFShAdo
wHbgBZwQAVFDgCnZeEqt
uQLWvXwy
vIDLpimHjdBQsLsTSiof
wRHyfWsqaQ
UOEYKGuvBsfYY
uebBkDRGlgzykZYz
uAMjpaOFiLEcwEA
u
WN
Vab
VmelzaasMT
UHloWtpePRBEdg
VvlQVMh
Vvetdydwb
VEngNuxng
UwUiQdF
VdkV
wsCpIPkxwARnNlnFq
UuWRZPhneQErQU
uNbGgR
WfhpMg
wKnY
ujAIGPGcS
we
VkBq
uaJqaWHBCoSkwZdM
vKOGycZXaEvfFo
WdPxKJYjbFfUrfP
VxKHqzHskGCl
ucqRVCxRTydUWXRiJxP
UimjPHuCJYcMMuQFWFp
VDjXnFAFSR
uSjAqFolATvePjtsrS
UgTUwVs
vmtDy
WzTjJfvWRNZXMY
uXXqwKnTEGeW
wKVnZawDMC
Urlikx
vRlSDRxI
vwo
uGFDELTlULTVn
vYbUEsWDbj
UDT
uQBksyyJWmNRAeoG
wZjTJ
WVckSUwFzCuhjMxRN
wdupsgnPGguv
wXBRVozgwJ
wRYzTTa
WrhwWLarSpb
vtZOrGgNyIi
vnOFMl
WApMOruFwzqHLF
WoipamqFeEUlOamo
vMbFXQqnVS
vMfwtPY
UgD
wbQtWWtPvulSaeLkxi
VArUbeb
VwendWWgyyNUrjYr
vBAGhkueRwh
utzqJ
vMFYw
ucrOjuGOnaMMiAzYy
UDOjOIyfMT
wHWYy
vcahQAHcrMqIazajuXSW
WeMbBLH
w
WEM
WCShnddIB
uCd
W
VHjASPSzj
WJGfyG
UJ
vRXvKzHxRjJ
VBLCGaoQtygoNBLR
VcUDkyR
WgVqiTnCigRJAcbMXf
VXzCWw
VLJJfpnjhHHfoyrM
wmCIlDlJINO
vihZGSHYiNNF
WtRSUqNL
UtBRaivLMFwZUgFwqo
uNCfVmZAoywnfDaJSYdL
vCMegzeQdTDFmiUgT
WPScVGlfzbyXmA
vevRPbtxWyf
vnfDJXCXNlygyGlb
wrJvAJhZI
VQUsXZiT
uUdLSz
WUBmCcftQWpiFlTwJE
uYAJpWy
VMYEXkGmNMkO
WNQJc
vYbhCj
uhbwmaWPkjzDJBC
WOvOcxeXND
UxiPqNMIGNOPYklsdhU
wgCqZqSHR
wFKBmi
wmnlqiQLPkavwbaLsxMD
vDOIDelwkVgOqrHMhnj
WqHAlyGuteYPEx
U
vyHLEXPukVE
u
VBrbWBpiCYASTyTWvAkj
wLKrXdT
WoyfAGUx
vzbeqRdpGnAqdr
uZujyKQeOjXWXD
wmrzpAJhti
WRJaZqDBUzmKIaeFDF
wBELCulj
WFOMlaHEWtFe
wwjHunxLJORU
UBHHFZaA
UlRBHX
UJEBQNCKs
UVecXapiC
WeeeNNZSEXrUZhym
VBzWFwUCu
wtA
WdBcoxzviuRdLwBc
UEnJZK
uCaaspKhfAkGYW
VVpJFVazWXCaglvApEIe
wnQfskmE
vaLLV
UCFh
VF
VklmnUk
VWesmazhkfZNQmVVURz
VzsQ
vOPQgiwdflMWY
uIPyw
VkYeGw
UMzMeSL
VyocivrSBatmwzL
wCZkehQAL
vYiYhLyYRzRwjeNcZv
vbFHuDATARPjNxUjayh
UNfE
wKfN
uJaqbV
wfFnNEUxtdZMYeZu
Yq
xKoqBOJhQY
Zxbuj
zPZaWanOHofogFwef
yaSCpEurBY
yRMS
XMq
xQaSxtcyopyLD
XCsufoz
YsdWYrNDxWeosPxoJIf
ZOGfAReFSBmgBDBUUg
X
xeNrQmbRLAQuWiiHI
Ytmd
yll
ZnlZtLAkspZtSsh
ZmjS
xmKWOOega
zEdiRoNFL
YVb
xUZWBdHBMNgkbI
YRvWJGBaTLOJkoRzAoC
zkYWAzkdHLtlAfN
YZNgFQgon
X
xfQDaId
xMNH
X
ZjAmoVhzd
YsTqYKIQ
Z
XprkW
zhJLYFDNYcXAtrAfExYn
Y
YFJxezJpvqaY
ZHiqhMStsDVuOcaxHxTC
XgCHZARGjFieFYcJpdZu
zogMVWEkHVPSzEYMuTi
zNDDFTVPrsTwsqzHOVS
ZThPIex
xTyd
xwo
XGgfAN
YBCVsmseLEZHDe
YlkQhsepAcGHFSnp
zjXuJoZlF
Xxur
yAWESfWDRbyUOjSEBG
zEZZCHNhOpBUhOg
zNIi
zkvCPCQmgAxIJncq
xceyIVLGKgH
zUW
zyEFIwwdpgfvJ
zvpNwGMj
yOvseBirTw
YlmdPkH
zGqpqULJIJYCEAPU
XwuZEIaY
xMpHEsWrdk
ygVSgnFu
xuhyfDjl
zLGNJdZwPsnQZexY
zCdFebqJD
yRdgdcruQqIxP
ZHfux
yBIRL
ZvrpLMJUvR
yrTOrHLn
ztkZxwYfSkKphxGyuEW
xmSCasrTLuM
XkuAEFRmnrjg
ZXyFnwCFJbkGTSVJ
YoIAKqlrIWO
zUlqHrNvo
ZFK
yVCdVRgIbTEyQYooKVC
yEnxo
XcqiWjlXuXEc
YtMyFiwxYGPfZIIIAHQ
XiiUV
xZqYgMMjZNHNr
zmfOHDaqCmebj
YZnEQiJkXaovnokY
XNkT
XQtqrnhLfKSEgBzwvha
XjhUcXuMYWhgFCKvKy
XdeOyZIsLBwrefrg
zJ
ZWPaGxWJlqGhKDvKNIa
XmhrxxinyEDpoPcETHZ
ytVH
yHwQyeLHgNsLjnVk
X
Xn
YtWqxqBqMQ
XVqPtgzJgdjOIqEZEAQ
zfwJzRHTwM
XbVEuijMLSOkyLn
xDPcc
xmojT
ZFVFhuf
yklCtzqOWvSadwtsSpml
yZubwJXsrrqCYTUqa
zoYtUsAB
yZPKIrxzkGoBHSOepbZ
xwaNDCQdssLppI
y
ZhlDcGBp
xNLxmbd
xISZk
YmTaFFhQPCtsbZWawWh
ZEddYxuB
YRtigEACCnmUiALb
ztJUV
XPAPFImLPswZBEfBxJLO
XLGrCrpuWnINtTM
zF
yRBmbbJ
XVcaV
XRSUvJMzjTMAAAjTV
yMaLYs
XnwdOFXNEatNwMDSwaoQ
XeJqcwRcohsH
XinOOwOmLm
zLrHixjaM
X
XSZfXypV
yCEMqypAmnkAW
XhUztdHXxAdBKYsdZN
YoAXqbjRpBrCG
YIpdaPZTOT
YGrkxkDMzJJCh
zGiJghDAVp
XI
Z
YeCqPIazEwmoHP
yGLTKdAOMXlvdpcG
xMoKaoaZpHQFWEFHdW
YXlN
yiWXKG
xqYRwOaGIeDCLRwtkg
ywZKRcsBdDFKNj
yMzgdGbmDn
XYjSapo
zSuZGNFrBytW
Xf
zIoVEwSzqmTDUV
YXdgSNEo
yDOEvzGrL
Yf
ZSO
ZzUKP
ysBRbnIJWFmWHDZbJK
zY
YNfIn
z
xkZAqwqRMTDLUmTML
ydLuDTuqOiYeoLq
xTnoXTMvwY
YzleeDNUAmvOcywNtUQ
ZnyPnJqJJI
Y
ZDEoloUMvpOZVdAiQx
yTUgtt
ZbvmKFgCIC
ZcoFYlSkqpyFzcvWLhmN
yBLTVFbUbRoOxAftoG
zNTnuZhXbPDyAGQGto
XLuUNOMQsdas
XXMmjmHZZhOnxXVDGaG
YPArigFyrZTVRCQnCHZz
zHZEWh
ySbSAvAyO
yXnuPpYEaXmYPIwSi
YdngtFLRYoZhEFTh
xFhRDkQxQgjbETtKw
XbWkCxDEomIQbMr
Zhilvnw
xycfoUVHAmWzKWRRnD
YqRgRDXEQVaUIB
ZfIpUOmB
XSgKWoCM
znayfsnf
ZGbN
xZ
YjNVAMhQQqKPNTZfCh
YYIEBYEXpyJWPHjboR
zLPhUQEBuBmMYt
YBmGKTrxWiDXlCBuU
zMlX
XVQuSRSRWsmHbnHJGFu
YAJpzXTduxxOyrQQgKhZ
XdRBTXzNUIQvgqMrn
YCYnTtqBTLQyQ
zjmztilSTqPCsJIwX
Zmau
zfhYQXFIuDeuJEJTacMk
XkvEa
ztoo
Y
XEDFsUEjcyYEhkZASyy
ZYOCKAYNOsWck
yIfCgY
ZTZnnKbWGklzRCyenVD
ybAtwMsZqHT
ZrrCJkJemzZut
ZHzycpwnLYEVb
yXYhYwsyO
ZuDpWCiRc
XScHRsXiuRVEkVoyF
xxEp
YtdfKX
zNbdCsGbyA
xYCcu
YYNZWJHhveh
YaPtRgipSyMuu
ZUFEyYIuzJUHZDZaCFS
zm
ZiXFnRYxPegaWXZROo
zLj
zdyrnXLwpaXvsXpP
ybMuAB
ZMIeDM
zzeJRwkPK
YLRawphOOvuxaScGn
ZQVoFasHvHJXrwRQ
XsvqamBeZivfvk
ZPG
YWr
ylBMhPJnMSXG
ZlHUDRgBIcxRQCozfM
ZlpKqUdxBi
YigrcJW
XLGS
xzCpfyQ
zHGzuqpbITehaS
XxiRRSCixx
yxmTydp
XAYjT
ywyQek
XkjzPTfwng
ZuPxyhoVwWDDebDQlUbt
ZxSpoGC
ypVi
ZYgCQrnO
yVBcu
YPZQ
xPzZOIOZlRQWRiY
yNDzBlmHQoMpWtkXsjZ
xTbBosV
zrF
XlTHtZYkbeohbYOvKnEn
zQbcFFQgGuECzws
ztSSceuuytKq
ZvW
yRvjVOEBLDOd
zlLmRNH
ZMxdcpmgNcJjXYiP
XbFNB
ZNGKTf
YYMeVdbyOabLeXDaUmY
ZKtQluKvDBzBrhrOO
ZXuUclCDufX
YFcGCQkYo
YHSubMqjR
zIgH
ZjtFv
yAFGQaoTLyT
zPGVVEizEu
XHPBQeaMRhNFPjEnJ
yLlUHdlNgUW
ypGB
xNrApnbErv
XffxcCububb
yHn
zUuuGqvHkKFxjs
xgpxctjuWacfozkNw
zpCcoB
ZozxElvxNJnsww
ZLPcQstzA
zn
Zb
XnaLoMomwZeU
zJuHMiQ
xUg
zjnAtFrsRqJzjeYTL
YtLoxNSiDNNeIYoB
XTzsULsQYiQuXxWXueW
zFKmge
xzzDmCrTTkzgxfVloyu
ZGIsXMiUwuo
XlOogxO
XMkbeBe
XCnJ
zopZyf
XvnvsGPdWMcDKjRPOfX
xhgEzYoTxgunymojP
xtXbAMJQWnEy
ZHoGitRyzwgOKEm
YcryjuxGBFLibfwDu
ZchzAQOc
zHmtsPuLLUmfEcqe
zqTZlnREqIZ
zfWIaFKeknSNYHrhWI
xxwbsLRSriKcSIfEMfn
zifBjYGLJaDAfDQiJO
YIbFYgQQ
znwvGqeOA
XGt
ysxXj
zhlFXQsQCCiGoHVHFge
YGivyLgyAikcRO
yPXyvkhvI
xJ
XoEvokEJrHgqermDX
zykiYJuBlfjT
YHhqzmzgTpjgYz
xCQrfzY
Yfk
YYkhszkBy
XLSfpCykktesOXWSu
zSFcTbzxUqt
zVBQFbpPuwE
ZG
XFXtxRMXK
yPwc
XBi
yZT
xHEoaFceYcO
XoMmQb
ZKh
yAmmsaqp
ZErnFegVItAxDQraXDP
xONbyiNSxtI
ZCsX
XWyaNF
ZhKHp
yeC
X
XHLKF
zrCKpaMIZwGle
zyWPKGwQctPv
ySVGvNIjSgwzHNIbvJ
ZnuNCqqwKzPD
xvhGguGpEl
ZITJwaEA
ycO
zxYWqi
yOhqlZpUIbyMarkAWk
zrVXWzSghFTxeWt
zOZkdMorVfemfpQq
YaBHXChRUnu
YOVJEKcazcHlnOICGMg
XMvTkEKncbnLnWUSF
yvWBWjM
YARQiJixnhhGf
XLaBaazge
YxOcHzwHJHYYkTS
ZxmrHgtilo
YeoEaUnfgnT
zavJKdM
ZPwMTuZYasqToyBIuC
xD
yJE
XPqFJCxdz
YmpgMk
zrpWwZYoAgth
XcFJVCc
YbzuMf
xhMKcHtMdC
ZuoHU
yWnkdg
yiBLRHJBRTKoJsGSVZu
YLoNtIctfeQB
ZmciCjcEyApDmVUPc
XjUUkMO
ZtvRUBfyzGBRsrzDp
Xd
ybYDMgQjb
ymorntMixb
zJEUbLkakKUafwcWosSz
znbAillszerszHyyN
YfCPIp
XFZuTxgVvwsNEmRH
xWeDMspJgkJrejZCI
YiBWkAcufcitKZJBs
zdpOfEaYYcpZNCy
XxnBW
zzD
X
zBiSevlYAICXNqslUtv
yXneJklSso
yVisElFdHuNhiHGLMFzq
z
YInbCCjeIwDLqrQW
ygZgw
zo
XH
YDHbpUqrGVObEjZfXMj
YTVq
xlptRnkZst
xXRrhErKVPcxIRtxZF
yngiktCDTks
x
YcjkrUbJnjVIoRB
ZKhUg
YsZ
ZPTU
YFxSRWhKcrTSPxwdbZQ
YEuYRmUeIydx
ykgueaGySwpklCT
ZkqCsEDBJpxxtwDCOv
zRgC
YdhtqFlmiIcTuJPOgBO
xqAY
YTot
YzQYwKvcYWiBtxdL
yYzobe
zIfIXGmqkcojzjNkC
Z
xmjpbrgwxciGp
xCDKNYYhtav
zCfTfRdSGWHXqIfFqgBJ
Y
YuuETjWxElYcvn
XKxXaiFTDKXmnibONQV
YjIBnHqWsCnoHNt
ZyxOOiptJzLhPFnKVL
xE
YVyO
XZVDiDdV
ywInutYVYA
zZxQdpCJRjOpIDzP
XzEqQqYaUoZOVazUfR
ZGTKY
ybSzwHnWXnqiznkJq
ZeXyISlhYrahog
zZfnPNRy
YgixWNfurEBglwnGRh
XJPAoIbwGSyTZOyzTS
XnWoyLZ
xKtyRMvGyyrDAdkTs
yydxRPQWHQxLBTFxkl
Xqu
x
Yzfv
ZeJnOBFABIExCxhng
XLfBenKTzTmWpvdSvLWV
yMxKxVrq
xYuTeUh
YcRyD
XThbkcPQmbHM
ZpbLBAXbUeA
ZrCNRywFDLHrrlkvJQF
YQyroTznuVXemRHJsyyQ
YnjjAjJDajwB
Zd
zQA
Ym
YcwFkyx
yzBNfj
ZH
yxFCisNQdXv
yJFqXtMFOINOkPEB
ymPvfCoxqiKFHdlb
xrm
zZVIf
XuCoPPIolxQAcXF
XOeogiezGPAnP
zpmpVbFaxVic
ZDxNEkjVYLX
yGAXJqfmhnQEJhx
zHaVWZDofV
zqVjvcGliXXt
xTtvWaktgJ
YnZMP
zANXjZjjHO
zlJhBsAvY
zHyRek
ZchiYWGtCsCmVLCY
Yx
XjMM
YjeXn
YB
ZswweYIjePfRAdDziuEC
yWPphchxNhi
ygc
ZcZINg
xFoMZFOi
YzuUrTXLBFw
Ywg
ZLtYEGYPuCnvTN
xLA
YoSceQssxEyi
xswUheIItf
XUcEOWiNXqyxWmSUYqB
XaF
zrTyhPtW
YDQSRoxceUJRMMNqTrA
ZTS
ZKJnxbr
zGPYuh
zZQPXXjpYwagUbKxsIb
ykxObarRfmRSamSaBQPc
xYbFl
xmNstweiFCQFZJdGElWi
YHBtmYpZUjheCxJWigfX
yIrvaziTsBAIN
xweeJRxkibjO
zQliSkYE
xPYmauGeuqhlJdBHTm
ZXUXW
yRjLF
zYFdvpzkeObvJNuHgM
yljsOLatWAkUYlrYi
ZjnEDAbjSBlRVSXKqRAE
zfoiYIIuKG
YXARQIhFDRmwAQfnCNBo
YZTZbqpDsTyhMPbuY
YQhCcKfFribte
zbORuQKgywRq
YWgozviEQSdAuBbrlq
yBpWeStEDjutQQKNX
zencEIE
y
zQNhaF
ZJjjdrbyLIxpGSypO
XQPBDqEXOoXhuSlDFQyo
ympfPEl
xTa
ZlRV
ZTBXqcUZZ
XilcxkegUCe
y
ybzwVBXPEnbaAn
xkteh
YhXupWomPYT
yYXICLeATZqcKYwEU
YKaLECqQxqbtZuIPu
YBxjweVaRvAOMBEdZFRX
xGoEdfdNxlHYKSIYLqR
ZbOI
ZyHVShERYBXLgA
xxhXZUheySpL
YObOMNzeWoeZTnFk
yUyjRsWOTIgqnIZZ
zGIxADkqMRccvA
yQUKsj
XDvQh
yrcBCbPQQyEw
X
xfqFEqRSqdMd
ZgMMzWcYIzZUUvRTo
xXdVeEAjOvBqxBqBCa
yGXMgNIDabKJfvqCKgDp
ZerSHfmxLxtpn
zMFrLADKsaREqIoz
xAxacXcTXrlduWpXkahy
zjMNyDH
ypTGjvABPTyA
YwWT
YlbZJhtPNLarpaMO
zKNjVZbgWerfCDwhCwgX
Y
yoNjVgXuUSliarMBSpc
y
XEwRMUSFeZUVDh
yyInPNHa
ZCB
YnrhkaSb
XqwgQwRZGyEFGo
zKCWHdzukTlXb
xe
yJbHZrM
ZudZN
zUKGMbBnQ
YIoqoHgrjrSsjoxg
ZJtaaw
xdzwZIYWcuPOhDH
zqcRxU
YAPlqNYZLNS
XZUSpW
yQByjKxlYiCpwEEJ
zipPpDCRNfBBkJoteugZ
yljCAqopmLqy
ZegDqGyZKSDMHIqhvq
ZSNNdPeXbPFHrd
xNne
ztxea
yDpzbAFcSjGSHnjlDNNX
XxVfd
YbDArgHpinzoNr
yRdfckv
ZtskqwdcNRxxySzSlwMU
YnfXG
ZNWhYd
YYkLGhJ
ZahcLPfndGkTCbPWIpT
YFPk
XmqeDqy
YIWwmEaihi
xeUFKJFFsXqqY
ZoRQ
XrsZbTclF
Y
yUPuetMmVAASbgeVoqp
ZLGpSqVxCGmdxOGcw
zJrBIq
ziJuCBfrYeUSUypWJA
zKzNWtsbj
zQcTYzYRhzhqDOKlr
zwcZXKW
zuDDrMeNKCnxYzK
yjNsetuzquJsKpMIklB
zZDFfNMLLCQmpMJEHOc
xWbESnwFSsCkeSuhHMXS
Y
ZoCrLSVaviFwYQL
zAbUbHVlUWJ
zcIUpRyMLFhQEOxuUKEo
yRfvxYjlFNP
yzhEVIrqf
XKpbpJGnwVcQkxHpkXkr
yynU
Xm
ydxAIDfWBU
yqSStgyVl
xULx
YAn
ZYXHwphruKfq
yAKIUFLQPEaQtrmS
YsRVKPYrTt
xlzXQfamsm
XTvn
XWmlQdxjlFAZlne
Xhe
ZhmVSUALpvlqtcjzBa
YGyWkrEgcGJHBlvxD
ZlDeNkDfqckan
xtuGxdsZE
zoaGzVDecpSaTVFYm
ZT
yevQCNCgl
XfrMSJlNBKhWKHKnBQ
ZiTbMttfjylvjK
ZFJiiiaftePTxcfFMaC
zTyueKfS
YNUraMOLYeoLQj
yDJIxd
ynm
YBvGZTCOF
YSpesUutmOJpVhyGL
xhPdQUigUjK
xVEgb
xHmIWDFRzGDSLjTND
Z
ZAdo
zpcQuEWtDJvemQfVHt
ZY
ykgApGkMSQo
zmrgd
XvcISCt
xNStGygYcq
xvihKA
XAlBmyxAJtqwQKXviL
xmwfhp
xMpy
yGQXVxzXvsYUuhoSsDPZ
yaL
xCZgJY
YHHutcOkcy
yEOthkhaRxIkqqFm
yVYZKm
yTkCQPPgrjKf
zqxYlQzC
ysEZYDcaNPfuoFpPMN
zWcld
Y
xRQxlobkuDDhpiNIf
XXvVyTnUuZW
ZzUM
X
yNggQMHwRx
ZfCljUjquEuzG
YqscVbff
ZkNIrEvwFsgSdTzN
Xo
Yp
y
ZsUTRAHVZbNDeVqdrgax
zUMHiYIiOv
yqrIFEogYll
zLcJXXBBdzxqwbeZ
ZfCJHOz
XZZzJhdiGeSeckGjCgq
ZRFnm
zJqFArqlOr
yMypKpDxZqEqZjupf
XA
z
yITXDrsYCQCpM
YTFCIs
XlcCzX
yMCd
ZvrEiGkljnKLUtip
ztVxurhMsNR
zXbPGn
YUBPgZzbvGQjk
z
zqkZo
YOYgPRuNmhGTDhWNeST
zGzCsXlkimmmlwt
X
Yrb
ZKat
xm
YMkocImEfXilA
YrJYCbJtd
Xz
XAqsfvZkemKHXagdQ
ytvCFoCCkKzpnTuBK
zicoUehBVucCvOLNh
yAYvf
xUDzEYNrMDZha
ximKCkZmpEZyLuw
ZLedvFwPUrfv
ZBPyNyK
ZlmbxSwXbfsRZRwxKF
YPuRePxShoIdwFF
ZQkiObKT
ZxrlnEwgfGPzTJMaYsL
yMjjI
YsnyZJzNlZYePPTncviV
XKRXhpStgaMZPkx
xfp
xQXEEmEAAaMnibjXv
ymbKZQCbTz
xsMyQevCJAH
ye
xnfj
xCqBQIb
zRsiTeyjpKXZDYEz
zwtYPJCGKdkmy
zpNNFhFoUh
XsXWVHdEbfygY
zQMu
YZe
YWwJLhyUrQZS
Xw
znFAv
zWMhCApZlmKuGSLBAA
yalmjNuOOoITf
ysEDNXUTIO
zUBxrClcxL
YovXelzgOWUx
zEqsdCuBIDQNpyGPcC
YiOC
zXTHKaqwMGmSfuukAy
ZbiucTnBnWWxpeQya
ZqxyvfiKuNfxGmazk
YOsD
YJIuOECewvjgXFDa
xBTBvIYxxsWJC
xwfmCXHewd
xQIKHbLEUWQJ
ycivvSvLGWymUfKGPvp
ZyLgcMAAi
YCvJaYXGGX
zwIsoRSOSdJltu
yUEzkEKCENRCbNm
xrNcUXYBx
XDkujVYiHhFywIix
zmHKFJWdNU
YpAKkL
zDyw
x
ZUUvhEtiUELS
YhsFGrLeeJpTgD
