bYRLZ
cXoExEIcsLHnDesHMa
B
DhkGeHiUqeaVtYJCz
ChfwPKAPN
aajmaIuooi
dH
BDbkmUavlaWYyZZV
bSxbdJXPImyfQB
dSjqgykg
ajyZndKXcABgDiV
ATPvWAsdXRahWEoZSyq
CzTRwtEk
AAMcJRHrnQkuaThv
aEFCmlX
bAAImiBdRNp
BxkmJhbuxGPwDIyEbVg
alHqPhHRfTcPnfX
cTPwnUONQv
AqckSm
asgf
AWmHwIRQvYXFKziTRfZ
dDVZeJAIPqTSCkPYdWdd
AdQbtrwC
dELK
AEuu
bqEIuhAAidk
BbKNGqPCrarYTtBXy
AavbCzHPKBJbYvx
beZfQFDZeks
DyByAhvSPRlHH
albeQ
azZZnsvGP
bZIRSlDxlSgBdeSLOA
CCmBYQrAt
CIgKfR
bWSwJy
apA
aYYQSoFuSgGeuoHbaF
AMp
dobpBeRozqLebEV
BWv
bWRLyQRaLRwppfoz
cvue
BWxcKOMtKmBmNNVyoNe
ACT
b
Cmmzq
DmcUiXNPWVf
cdRrxSbow
aEZVMPq
AuLdJPAqcTvRSFM
aScBrxZifTsY
dzKJxkyChHF
dDvHIWzfeFc
dsmPEpqI
aGsp
DIpLfSgdRZEIIQdnqf
AzhDtmFIjJgdYriadSmJ
aaKUbrtpUGoVulMJvr
caKiYtKuzrelnsJuln
CJvsuErppWNNpGQ
dcPIfJuFyrbOGkoCTR
AhhDYeZVq
bwrepWI
aaekz
AVjilQrBnghVfGkye
BlGoteOyjosMLFQliZbH
DdF
bBzCWHhxVRDeC
D
bYrPHRtMiRAVzUOz
cMbZnaUSqnwRAbKVvHH
dgUNbBgWZOqidQTjfuL
AlLCPROEEwCsxETwu
bTkzdrPXqOvLOwgjM
a
AGTaY
C
dcrtPmH
a
bEkFvATFFDNNTV
DdopcMLlhwpiYPoepyh
AglfBFZwFB
clPzWEMchAByOh
BVUKljtI
AuDswJKDTzLgDQ
boCnViDF
bXfzYZek
cccomZBpT
BlQMwFBA
BGZpzdjOyAyTiK
DLCSUxOaNMzENn
aCGAVvteQRFFLBKRlI
BLtxZ
CKYgtIhUvHrqifFzCGK
dvKx
dWQIAYwX
BkTmHAg
bqI
DGLyFCkBZtX
AP
APLlRFIrGWkXA
cNhZVJHtSNoGtn
bsVlkxqxc
BHA
BTjnrmp
dipbsFAVwN
bNszaeRFcsqCDgFOb
cBVhZGgzLkfRt
cF
aiywvrwg
bOBb
bTjjqbXMOSOY
DojGMTehoVelvcT
bbOLvoM
DAaJRbdnP
csqEAWdYwQHVKWo
DCOgkbmZTicihH
DHFJcoBAjVPyMdPSgU
BoxwOQsuAxrrpUfL
anLfs
aXlmdzFjcQYCYRlDC
As
bsmiiQHBno
CtAJyjtRODGZLfT
dnFeHWovMApKKUt
dJaODf
bjAmvbsjGsFZfNFgNwY
CoCnrZfOaNhyZvoIXxK
CGZwgTOoJaNvjfdsJpeq
ARghNgRFHqExRcC
AnrCjfoGLtPnTZPjDI
AEXJ
dnQaofxmExNBgxdSCTcS
dGIQgeFdyf
CYadmA
cKXRsNwEtl
CSOhOXdML
ASOFwViAdqvUdkoUL
bijSRq
DB
AylZGCGkuLQoffiGtT
DagCPOsyIzja
BlfVDBFEBizHUEi
dLEsirKsWCsbthBRR
AQAd
bbdkjwKaqwVULwrmlA
CLqKvaiq
DWeePJzIlyDkIlTX
Btd
dcuQMSYcBCGUfBmfuVg
bgKguiPB
aGtXvmwxTSiTsTpWQ
AELhtMpOOlokvAfgXEc
bCmsDDnWjsIiejc
DahDcNyoQnuulCVs
aCNPArwz
dIVxBkklbdpivIyaK
CXmkuoUfC
BDvTjFHumhR
boFBXV
AvRQf
BXWSQ
daoVsKjYXtnOBGPZ
bFgsCnbgyANfwAVMiZjs
DMvwYhNR
baf
DLnTRNJupiZefhgfX
BIB
aeyZ
AIaSUnEytRYaMrFdcT
AQMHDgHsMJKZzVhqF
dArzGu
BVLAYfw
dvcDkvXs
bytmDWlG
aSRHkbNZFCWzQT
cxyS
DOzqQfNbcdVAXajvazS
DUDuzhUmtioHP
DjlfQmvPlaWvGSLXQc
dpapabA
cvcenPL
ABff
cRTeyHUq
dhnmZflVerlzSNMeyqCe
BcFgDMXnPwJImWfKuxF
AUGKqivtAhCLBSvwJxqd
bADtEDpKZCO
dSiFteliCtkibnqyG
c
dpaPfRaNJ
ddFhGqpVOeQ
ajPPSaNWjPFyxrZE
CZI
Bi
COhJOTlE
dKOcDmZiZR
BeyCCFzSpOHRI
aXudDVwoQeVKzxRervoG
BnqJFrymgAjB
D
AcbIJr
C
DIvRLfvRxmOlrBd
Cynhn
dSnCvX
CoAYElZnH
dzdWYATWUnegcAY
drUXylvnrMjSsYBGffA
aSupdmRyFzHumQjp
aVrbPs
AbvRPTfrJyft
CxpZKpRxwVetngOU
cDt
cKqIcu
cgVgqdnixOLTTSPfjKfn
dMTBvwsTfdWps
AbAvallauhriKyDdID
AqdgkfLXWjHkJ
DRccsxhVBXVo
DwwWfB
CGgajuieBlMDsjN
bSGDlficCmViho
bnxyJGCfSmVlU
dbPbAGrkDaoeNtf
DezXZ
C
AHlhhEVkvSBM
BzeeefJBJxKgtWpB
aurz
AKeuUvyegAWFdB
CNslZ
CaQNuyHLrdxrTFLeOvEP
bUhaP
cxewOfPqOOqXaTo
aGzAwrBeNfCINxlQOm
Aobw
bGCDH
CWLeoPmXRnnJM
aVpkkwlfMgYLM
Ak
BiNktzL
bFQOucHDLMMNLpNKMVyS
DY
DgQkYYwsuaRLTFPIYWK
dktutNcRulQTKeEG
adGFWmUKjFQIn
btYENyYptnRveBPkD
BgXXFMnluevIXOHSG
cOsorFd
DTPHCfNMkPmYxrH
AzXnBqcWlykJ
CSrpMYhhXluIekVeOm
BxecllZESIoX
bymAnFSAUbRQBt
dHzSAA
ARTQMTwVAthEGSTcf
d
AmtMhwhXDEiMHktOH
dnCfDC
AUYFbHvaj
ctbFzpxsiYHpiDmPAp
ddjaWeGgSsMCVUfRW
ACBnaLogtAXVfBMXuhXm
dUTZPa
Dw
d
annzziYvvaJHLcKDF
aFvaLAPmmFbib
aQWj
arvbFvifYpVeiVt
azfAPZGc
dZU
CkcXkuczqtWxW
DbHxRmK
dCynBePxQEaD
aRfWuoexsGBdCZeD
brz
ABCX
aWeyuGW
dpVwuCyZBfA
cmldW
bvkpwDrrSXGKHHoj
Aknq
CcLNxrLEHHhlYJyFlxpB
AhODpMPUf
cJgXPWpdnRX
CXU
DGgtCmqNLOV
AwX
D
Anen
DSMtIxCghITRBP
ANI
bK
beCotzIbZiDGsptIwr
dMoLdofJYbkjbZzDcA
BYNqTYKgIOr
DmeRJNluAezPdzdJHub
DVTsrqSfnWQHmwL
DfUVfxwHuk
ASWvYBqpWwBuIby
abzMdnXEAwCnpQ
CBvhUEIbwxQG
DaRJnQOiEkKsVNgqE
CkhQdheLfTY
BxnijUxSlJ
coVsVd
DBNmNGs
CS
CTwPnumILeOVhbAOkBWk
demSTZrZbTfFjx
CTwmssvbZoDVYUPszyC
CehhrUG
CNh
bacUuKtYG
DAw
BgQqPkCwnG
caNeYfPBdIxcKz
APOknuYigp
bD
aBsSxIgacpvhv
dwRC
dlomkRxhLZXFInekpt
DsdMbciepDySIP
dxEMuG
brXjmcS
bXBkeJxserunTPoKfYXE
CaSLoUjvXhTr
b
BrJFLAHwwxIoYVi
ASoAkvoDkrxTu
ACRgUYaD
cnMWhQAgIGaKbTwkoQ
aNlsfuizklAvnf
BttKIIHkeyRkdljPNJK
A
akQrUugit
DhfxmVz
CfLsZntWyvJXMcqNVYJD
aMHZXXOCtBd
DsGkf
CMyTYLo
CWoXRJKGTiG
bnGuDpZWfJvyN
bLKOHLIREBZ
ACxucdYzvspqm
CUHVtlxnQl
CeVq
asBBNxv
dOuRc
dIDXIdOwfdxR
a
bsXJNjVeaCPjV
aYYjlaFRt
dGLvjcxituK
CU
BzhqEMklcBpPZvSNV
ChiB
AQuoyjSoUQyYgBgRr
cCxJx
bFAeQZoWRL
BNVMOEmW
AuehIRpbdGBQWWrLsTo
dJUVaxQSoWvOAcX
cPqM
Do
busGmQ
DSyfqjjSCXW
AaPHfJRBW
cB
dFgbmKU
AEgAtciayqLzRsGOoo
ARHXyMTNTBDwJ
CtKUeqrAtuyxGFBasK
bLNZJTBapBKQcac
BPaJiqafsHTyc
dKrcVUrQ
cHUZibvNHTueIWn
AHEvwnFhxp
DwdZfG
cOKAiRXZ
axNNBsZSMhUdE
cJRzyOBGPqkAp
daOzoKIUWkCbLtiu
ajMbMODn
bfgdSHuaIQuCDRHOR
ALEG
CCzgVvgCGHmDAOoWO
AgdNOwOwU
cPWUOlwrbWiNv
B
cZgbTJByzDFiI
AHEPEZgX
dgLNtCDyEFsnFDbB
dxKSPErbleKRGQmjPiKO
DhTfKmvdWmBLnzB
atnfIgfj
bFFAaVGVKeGP
CYKdAKZh
AtFono
DDTLjbKUmORNISc
cQoxLmmXRxIVV
BJiovKVCg
BSHcwd
dmVXBZN
CkueozNcXaPvAGnb
cCIhKIzUocUZlCTPCE
CMVAnzuiPMkNbpLoaWTS
AwwR
DzTYadKXboovRb
BszBeZIrBGkVB
DxhIJnbMUgaNPRpK
D
aeUkdzfUbbv
ArdqfuUzfQFcJ
BtJfcGgEIwFHCLEaujXb
dfYMWYiycaD
D
dGTwAyKVvikbkeb
COxnNIDVu
BxGvgqpoqKkq
dIjX
DNRdwCqJkV
DC
BRd
aBAN
a
bniFuIUe
bXFvSuqbj
BYQjnhNGbPnkErw
BCjetOHtTtZRzpVOV
AszGqEn
Bhg
aUMYnuHuhDIN
aaCLVFHjDn
ATrcskQWnNKb
bXVqj
dRVZK
cBBVkjASmJUylvbislNf
CMFeeOBlhIEAvcDyXB
DNdCxyAROFAJEMerCuFe
CSPWMGESaIumlizzljXj
AbtUFgSzWxHubHST
cBWuEztM
djJ
cSpbNxnSM
aDWtLDPZuYdfJEMreVXI
AboqVMgUNLiejjSSeCG
dZrFRC
DdGvYnBJldIdFdtuh
c
BfdjLaGeGXBjippQXV
DGJxnaTFIbpWhMfFi
bSwPLGYNBy
bb
bwwOetjXXwmNinS
boeb
cCfjxRpLztAYiqg
BWmQ
ddclttHzpsd
DVMg
DnySYDuOZLdZIaUlD
BcYOWZvigoHNrXCby
bZTlWBRr
AZDVMsrViFaD
dtlucCAe
dgYvqB
DmGgHg
d
cKuUuztqRESdn
AX
CEwoQHeFmhRmcyqMZW
AncZ
bXClZV
c
diMwRgJfCzabbYSOpbx
dzbYZwIPqIBv
ciKpecwNbi
BAlDtsdnowUyD
AqXcsoMhYldnC
a
bXEwYrEVzHvZQ
CgKvjDGAi
BcJRcvLRaMcVzfZLihk
bo
aUkmuaJmtYJP
cfmmbUpOLCrQAavbSafM
DbijBxIipcsowGNzvigd
CHTPrWPSEIhFlROEnTAm
DOc
afkuOUIP
AwawBUJXP
AabJqQYIdYdDhuNE
CDTjNUneWQIYVYNPdUTH
b
bjqoJjaJIMqUOw
daOXmAhRDepb
eliDs
FdUvKloF
gkd
EoHX
FBwMoKMpjlMEOsuOaKE
ErVKBEPaUy
gDpKAWvGZW
gX
FYDSXOBPvbgBkHzOzph
eDiVoF
GibhjIiWxvhhOAY
FDH
ETrmAeLBwAvkbM
eO
gDFaZFIfAmoKu
fjPprWuIrgf
eTo
eiFvNTGAKk
hV
FEvBefQCMniSbupKmy
H
ekgMqNHKTeY
FSA
GmNxDCXFIwxiPMtpjgQu
hFnuoHKCDqTrBatj
GKbsdgHSqXiupIYIYulN
gEbMwd
EhECdZ
GyMiMvSvkAxmIffaC
EMYTupOlKqIDvsYPsGT
FmJZRgCXNVRByMfRDy
eTZjDNONOyKl
hGnpzySfiaXfOGYev
EIhNGEIoLVJRRPV
hMKqGbVJMpyvwEUKL
FQ
HnTrJVXFhuPnq
GGFzenw
hmBihqB
HrPZCYFJJPzWKWDViP
FUjwsc
GBDmMxHlmtCZJVuXZk
hMLNGpqps
GUNMNUtkgUiQd
hMdcnggto
FYMu
fXwWJlJGZiWjR
hbalMekMTMcHeTY
fqrqTfQhxdNaRaI
fZUzrHXraZAZnua
FtGvFcagxYWFAmd
h
hbeFPqad
HrgJDWYNJaTarCO
GvykWrAsTYHPSeZ
GMBbWN
eiXLvkK
hGmlSaLDZOeEivhycT
gEV
fAfWtcmgZX
EgzEMtpQjTx
EgdAkKWihoOXWQiOBWR
eBJXRWdtzjTmWDaTmufD
heF
ECxUDuXWPuOTELgRewQ
GZKfOfMQiM
hJEkjfERXmBnkK
GcK
ErAzmJHAdMFWEROGom
fOZbRODUVfLhFNb
GKTsMJbMOzW
FceqWZhAZXPR
hrdzJTsCjjCNHgIYMlHP
HzTHdiOfESQHmEyhZTM
FrmK
FkgARWcLK
eNMMCyCrzyViyv
GX
h
hbNKyShfgWPi
fFkSxlTxGOBEdhKonx
fn
EIvG
hjVXZOSRZhgwmd
gNLUuY
eqVeD
HiGnzeUFz
EssQlSKVrnsg
feSJKoqOsYZpqZdB
hl
gsCINXYRkJJPN
edTApLBAkczSECrdib
FUedqAgXreQ
HbAPpaC
eWatxdsrGU
FyXSrojpI
HJsNqv
EapBXCthDpefG
hgNxGWASdCPBCkBK
et
eeoKojKIdahUrMmlj
FTMJorbucPDhfYXY
fOJSYNiGviLZ
Fx
eAfmpVHhSe
hxdoPgwRUBUYst
hHwwuUNEwYYsYmN
fNGTrBiO
EDv
fCi
fixzUVGZJ
eTrneX
gwcmOSgalNNYtdYSfFcV
FLGMuBlegu
Ekqvvpjp
fLpaQelQjcqn
enHIXpbgVSC
GXqnoKMTebBRmRfuqTL
GJmZrCukyBQaPvHw
gWPjFPBOnIcXsTC
elDBQNqCLcV
ejswETFcoKzRyjKkrYVt
FLWqeu
GFBLkaZziVZaplBw
H
EZHyqZdOVRLoFpe
eTw
gYYvWZTgbacZ
gQvjg
f
E
ghLIDPmtDUV
FzpEZMPKGADgqzJPmkA
fTBvinRfDp
EXSZWbK
Humdmws
HoZZMaJIUyHU
Ev
hhihbvOlRwy
GiHwdT
frBiPNUilcOUTErW
GPLAPalgs
grbuIbIQPucYoHkf
gVEkgtphI
gEzbLoG
fWgiJvselR
hEBGcR
eBYT
FXElkquXELgikItYt
GpvnMYHoOt
e
guKCiLgvADOasAUCHdT
gupVbJVRqKMg
FWEGd
hsKxWC
HEeAeuBhwDYnQXcRe
HZbhPJS
FPgVdEYkByEZMc
FpmvqoRnIHRcZRjXRe
gqkJJqeob
gysZUHyAzXlFb
GqGOdxamDo
FZP
EEWL
Hy
Hb
GGGKrTtxVac
EMpcFZTod
FbYHhmQ
gzwlFtBkYong
Fc
FxSOIXiwOVLKltFPPwI
EVBzwgtgMAkgoJDd
huCjLJ
gpwWsjPyqlZEAC
FzqbHfYsPhRjg
efxjZYLAFdpsNaHc
gFYhxXCuiGgfbc
EgHfFAFOMeoi
gaPumOUofYIUeHuAy
GJvQSK
EaRcDkbazFQriZHvo
HHjKrMiVlAvU
FOdjcA
HbHUtf
GJzlhS
fzcSZqWdGS
gCRdPomzLCqCXC
GIaAIkUHoGcXrILcMGC
FFKmOZFHKG
hueIvLySuLvNPnQrKQv
fJqUdRYeHv
HTewHD
GnfkegdmNrtwvSQP
eSlcva
GhrHZHCamhxcYseFCdmb
FJMckgIS
fXjcNtNGrEDfYkru
hfItKJS
hEsNHvhGjowhA
eeMWmDDgRvUm
fAZCeKWpjArtcQl
FuwLDKbmzQ
FuROKFFoQlU
heWgGOPeuF
eeeicsv
GYEyny
HdosRMXNcBrUhHYjeG
Ez
emvWpCifTrOZnUgBmf
eaFvbgsW
hEUbqpEgmLvcMZPSRt
EBXHpfjYZZOfoHj
g
GQ
FGlAwaqBYVXw
eYmwCgeLbMPfD
GkeTjtcokL
hBSHoafDnUui
FGAdpD
fHwdOWFBlk
gmMJZCHnKeXoWmquKm
hIjQZwagftqY
e
FqBJGyph
g
gqNmZgOmjmA
eOZOoGOyJjdLpTfkwVj
fYmUjDHvTuqCfYRA
g
hfyTFH
HCWGOdNyKNJCelaf
gLzZjqcDBqzoMVln
EtJOHhRHuPKiIP
FXjZIIFQzBm
FHnor
eDQpFlUMzLmhqVkTHm
eEisRqEnKjhzHoeEIgNk
HpSzpjOlIz
FnRJDbQMsHVCHaDl
gLeLoXfINHm
eAOUt
EAF
GFHLS
fpomnVJgdSnP
EtqWMSpHJa
eNCJW
HANfXZuutHp
fSOGVjwuNtLLzn
EEFsnqZDVO
frF
GvIFqrJ
GrTEwgENpCCm
GoTZqbctveeWBasK
gWBdifBldOUJqGsJj
HueuHmtfgTeEJk
eZyZdNZxh
fRijWcRHCxmGGQQ
gIqqZrEQXJYbpHaQCiR
GxWMCplatlBvquRwriJL
Goa
FNBofwcItOgmqiuxMeL
HiEngCkeWqlgnDGhq
hobNXQSKEkSsirF
faje
GEsybGsjwFuZqyPbQXF
giPGewh
EanoKlXqS
Hd
eBsgDbfweTcLaSCB
GJtgnnAjUBUYHGqGg
EaUclRWeEsTxLmys
EDkVjBRKJWqWKOTlODWj
GGzpQaOoocCwn
FRu
hXJBFbQrkWZeIl
fExPaJvtTdzGlNTGvjY
ehoREhhKKWqxAwME
HC
FOAZhNw
GqtfOJhqGFWPDxb
hUiaJu
gvSUyqeMVAJMc
HTZOJwIX
Ed
HftPicFyxAoKbovvD
GjW
feOaiuyRWekMVpfJx
GYUnYFckiSVOZAigYRY
Emzkuhl
gZVH
EcETHoaRdgFYnu
h
hojfdrmV
fHrwJEYbOUe
H
FaFkh
E
FZGqp
eiaWUSx
goIELVeFRHlY
fG
evnPHOMckGhsnFKCpPf
fnQijnHjUo
evSklDSEweuEOn
hjazjQdvBR
ganYV
HXyMnvRdt
FSvOIAdHNdRWEv
gVlFPDZHmXiCyYypMLLE
Hg
hMYZnhMQKNyf
fUFTEMAYmcaneIvP
fgC
FZaCfjPeAbXRDaWc
ExjpLSaGcRwIZNbMd
EguaWUIRfaxmqO
ejtSzPcOcFqx
FMh
FdOpwlFdCTUeddxEjz
FyR
GzFWdljJmngGwU
fmTvNOqPvbiRfyffU
GHYneBlq
h
fKefFWZmDzzQUJPv
fYaOXfvvIvsRQQd
eD
geQjZzV
gbQBxHyXmMq
hUJEcoUFJbqMZ
ETkm
FXg
goXUSosfxqAIyVa
GQDEcMxrKZncWKQSQ
Fo
GuaAayFabnTyBiDZE
ht
HBNoKpoThAtCaJB
ECMJVHwvdhdH
HMqINOHJnIGunF
gUmOROtEDZTYfuv
EEBfGZIzCwiCphDxmxf
HzYOhjKdW
FeMfGCOjGCUGK
faLToWnHlWwxF
ftAMNbSonuqlmmQNHjk
hJmH
FKAkFcw
fTqxHKconWUokYY
frpGGjTBdoB
FrmFWz
eniztPC
FEkm
HLILKtuFtGzlLAvCzud
Fl
FxcUACTZ
gIoiRWmExJqWDgNPvM
GVeRmEMLfukXhK
fiITRTqvQTcZfAfQUWi
erj
hGZKfKWaP
hbPoFXlZ
gWxKNsgOrnktXhoMC
HujHhwKZEXsyEL
HYrdBXVsmTyqGTBHwsfL
GmCEgUpteceUfudOxJ
eLP
FFvvc
EdRRTnblkNhb
HgXo
FFJaxBjFWqqixk
HBaZEf
HWjbkWx
hWBeheboCG
HIhBeKEHHCCR
Hsze
FdvIUs
EN
eMrQxCwMlTywNIQgR
EuB
gao
HurNRrOiUiQZTSjyw
gTYuZXAGdoLIO
hMgDmCgpjFqDLNth
eYyCOgIcF
gWbFHk
HcVWCK
HBmVSuDnPfvmet
FA
HlhlPpSwh
HYVAAqY
Gfe
HakKyNIxQRSGhavPP
e
hsAxPQQmxnlHfEq
eUQI
EXMOLl
fKIPKtzfnJWrHgFmSH
eyX
HpLenftpE
GynwuXgNGSpVC
FlYXES
HzcCJLoQCBowquUpo
HiYgNL
EwIOqILpSOmn
eWtbPwJfVmyo
GiqfpDEso
fbYiW
hnWzIjnuRpgHuJP
gvxzLaRrnphCoqEHxMe
ENmZTV
gFVxFdalRzbaXc
GOhBCNl
ejzZsMCcEAqlxHq
FgjGH
FWSfuhMNbob
HeAYJPTCxGJGgQsoS
EWkJevXcdd
FnmKLgfTZDjDNOspAI
EmPkoi
EKhKUIfcgli
eGXjAuEmvynho
HpkzVM
hHfBSAFtJpxQcgPVhYg
gjYdWYaafAgXofXHzvR
EtlPHULeppnz
fDnMKg
GOnLbZXdJMVnSjAtPFD
GPnIS
Fu
gVKrtnnOEOgnSYEcv
hZMBTw
GkJQWYjoaZAs
EfArAxIG
fMZHOknKtDAYDsbdpTFs
eZjRyAVCfHE
hTDALU
hUPmuHyFgWaZYHXHUrsC
GEpLbNSJcC
fkisPDfTossBr
HkCjyqM
hdzVUrzUrowgbiai
et
gCjHkOyEdLncvRCnDHTC
gAWsshzOv
FGMpoP
EkaNnkYOS
hHOigRvOoB
fGIcZkGjupIXl
GlXZLDNPXqCOdrYSxJAr
j
KKgPBJMjuVGqhVhcE
i
LjMmenixNh
lFzrUcwv
iUIWNZL
KVCGGfXGGTLEU
JAbaAREOMWhdGGTHa
JxJpBBQ
lzHz
LoUNKbtcFhInCkAuAUym
LYTOTQoI
iCtlud
kEWkQBhvV
lQjcMuK
kERPTqG
JOYibHdgfj
jiydzVlXMtvAKwhpw
kyGwnYnaY
lUfYjgItBMnkr
jdmwjNOvmm
JPn
LnptFfxopEoYDyrvP
iSdQyIki
KkhIOp
IvCjKeYGbTzjVY
kbsVWKSwWw
IFtNEZcVMmLINurfQ
lpteXUyskBAoPuEtY
JuxxJWdzsGBudHexs
JijRPMAZljwJqSAII
ljrkJIIUaUW
IxozDHApDt
iOifdAti
izHwfVwxHSDsDJDj
KifMBI
jey
IBWrCIvspebdKcvf
JwKhcreVNOrIDHp
lPBAwbHOoUQE
JQnjAeMYE
LtcOhNduUtK
jYREjHFmt
JDPiHzviPIVqH
ialMnonQmnX
KBrjk
KzKpDqQCTFxfdmJp
IBUZbgXmYC
kJvywNLIDsCcVCvMK
JZbAHvohywNviQz
i
koXr
Ik
JjkkIlfrK
iVjP
jMt
JZNknG
LmscGhJpKOcHMUdAN
LubrwAEcMXEzxrOvS
lWtkoriWCzm
iFuZJCeslZ
KHwTTOInxqXkx
jEOgZSBMIdy
jmdyBnwbaHFgirJRjLX
kRhDfG
jfZe
I
igMsmrApmokQmUPtd
iUkq
LArEbxJ
kIfpZJAPqnSTVPhgDX
lomknEQ
IcTiDRfvh
JZSsjKCltzWF
kPcbiCfGWCyITENSjgmJ
LSBgbBrnzrzZVWxSP
LZPvLFIMYQQOynt
lfpJ
KJsBHwcG
Iin
ihTJvU
lYfWLGXbWHbUzvsCQK
iIprXkVWPzviAY
LVUi
LitOac
IcdvVSlFevqidwZj
L
jlxCEc
JmGfIVgIJhO
iCblglXbjkvGf
IppqZzLxNmuBIzay
jHf
j
J
IIXyBELfNHwd
KulCEvV
IZP
kxoIdHNlhgaEU
jIHwCSuhDTYMEusACuOw
kdlzifWLaghnFwABt
LZZzWY
KgJPgETadzaplY
Lj
KN
k
kVTDpOdHxF
IXVnppqMKdatqKMP
lCoMpS
kmTAGqgScnLgTsiStO
itXfTHhLhfoe
jJMPXwbJoA
IT
JxH
iSKHYxztItefEkxF
JqmBGwsKpaOLgVEuUhT
iBXKvKQS
KqPmCkafPQyqrZM
KmbpYCrFEXsPbCCVbDny
KnPiuVrlJkdFk
KTnDzYCDkzVGyqzNKaXF
lkIaxKCJUwStHb
iJZh
jSLEbjtv
L
ktncNJi
IrGk
jcQyMYiLIKVECYidmI
LKqejOxvkO
JKtHa
iJSKibEkyuI
jkPIigDLbAALwnlWotxk
kf
jGwZ
LaFpGODJUl
LA
JzGjxJKCAXmITdEOJv
lClWN
I
JSQWQWCAspl
ISmOsEvrDM
jyMyscwMfMpDrxk
jJPwwH
LYGOBVSAbbDGDgqmbH
JIOkDvAobFNjeqUv
KpeRrTGimdTEe
imHwVBynQLtlTaHvRWw
KrjebqGRoqW
llSDTblQojxRK
kVbgCwGQUYtfT
iudWBct
Kcd
iqXkmDnkHaLRtSGWKpy
LzH
lDMhJnaeVAYWzVp
kYWXCjGDocEvFnBaFw
JzFNa
jIprrvdvDTtfz
jZcPkNSIWBh
IlEomqbJRUC
lfEOcTQvaKQuGaf
igsDMjE
kXJMuAGPOWCKwxCEscOT
jOYWpUJTMvViFKfAw
LjIkodryYNRtVopEoB
LKfYfUKz
ITICMe
j
KtexDNZgCogGtZd
l
IgkanjDGxuiRSkyFdyOL
LStb
KjlHbO
kyTXIMjpjguyb
KKyaXsefztTvGkV
KrHGvndjSszLlsJkx
LxljVxTWxnfKvLfYE
iSInuDsyvVCByIbuiFZ
KkpcYllUDvzng
jOykOu
jLzwCndIgimTFqZSnz
i
iAUJHkfZBWdievQgK
KH
KpTjxumOFJaarwQ
lzBLTAol
I
JDJzp
IXgsCCHw
KQTthIyUOwQ
jjfCIhThPrkbhltj
KOrnumqFqcDHyGulAnZt
KlDJhNJMKFf
k
J
Ku
IBZHIAcIfePNY
ISrVwozepbkCzSWGs
LiEpVFHcwb
LqNCXp
LXFoWGZXM
keUOWChSwhXFqpymVu
kWziJ
LvrChiIBCjXfzqT
jsSe
IvpjZeUuIXYWTlKG
I
iYAGhSkSVspdZmIuL
LezBVesywkiFlIECWzrH
JVmzCeFLgQWrodL
lCsP
lpczKJGKsUavc
kXGWciPoLNbazWrz
JDEi
itver
lRmPgv
KueYuDWjFZqyJAlVZv
ilEVjGecenDbeDvnQcmj
lknSw
lopLZQeIMQROiA
kPAeiUcczccaRARmjBz
iJxYWecf
KnJoMxnsgnVvPaXa
lvEvjRppsimqnRLqi
jbK
IpMYPZKXLfh
jHqBbuV
jiswqegKDEbVXiTVb
IJRBlqEbqbbg
LIMOMZS
kGWGPvPuHFjsJoPcUJJ
iiiFAZalBPLHAfC
k
i
IjfSwOIwi
iyCNXnG
KUVK
lR
KddUlRWDVtIBoDXzAy
iLFqVimRZvpPNSlJ
ItNWHhltW
LBESmPnNwDqYnNO
jsQ
lgROkGPtXkq
kebnlAAyWQpsNznsEQd
KejMavcufpA
kqeIEG
jcGGGLaAdJTRAxmuRu
IqHmWGjuKEOQghYBd
KoYdMtnbuXzERMreHYw
IcTICBBC
laXuqoifKnCK
KZLbdcJIyHZcrNA
LqXwdXszNMFEi
IzvRjOwbrOGL
J
ldCulDAwGw
kcHmioyLRbULOexaOr
K
lbyfSAiPlvHDBtxAXz
LDZCUAkyrjfX
KUOuWmoaoLv
ibsb
IjGOjVIAiYvJJuEOyIHl
imUbOftudeCcALTCVxED
idyvHpcaE
IksXIQKyuykzZLYTo
jkXyYPOacW
JvpWDXhvZ
lyfmwsfAODFqXntk
KkuSjfbxWKmKkMbpzh
jN
IXTtooDM
IWY
IsMJFFgfh
IUBRs
KpTZSIL
KDIdKkOx
LzTwHxQNiUWCuGSk
LpMWpPqcWFYAE
ifSxtPjopTRYTTMb
JznYKGatIYQE
IfmWCYGsVqgQRkc
kVe
kTWmBW
kKpGV
JUMGRegZCAUC
KoXcIR
IynaYWm
KJxTYplxVumFPCNkK
jfrIQaNpPczDyG
KFMsp
JfCFfWJHj
kAbvBOkbfwexBL
LrtIylRJshf
IbgsCdkDkUBotayEhv
lIdFXudIH
kQpr
iDgOjk
Juta
jsrhnsDnkGLbsyesjJ
lvfXABRuvMqGPz
jNy
lxBX
KMcrwEeMQErmtcUc
LsN
IWiPq
lOBwdSypZisLxXauQ
iUKusCOMhIBIT
KhypRbuZwlnx
JdQZVpfN
I
LVDFOWBhZKefpFzRpbXV
IQD
JP
lzyDEOJqwicJzodkvyf
lhaKbKnjpDUo
jrJgs
iPPIof
l
koBqQNuhlDTengRMenli
jLs
kTlVxGePdvPmXBXb
jEslvnMtXvPgH
L
lTSFYQyFnyffIHVGlO
IivBELfwRT
iiCghDDbyPZBcFwz
JcGzdGeAFtypmzWdI
LWJ
juAYCGGmFSLMgaIhb
jCpycEsspWulgvP
I
KEfSnFPPRX
IzgITbBf
KiorR
JNndNpt
JftJnEiNGDnqPPkJrDOg
kGP
kMgBcziQJ
lvA
jWhGMRGqFEVXhdwa
jQqCmLHSyQbBCMTSn
iKN
kWfsOhMNTxiqXciVOgN
LEudVdXhdFN
jhZWEEkFyO
IFwgKVP
JXwfaW
JOeeOktVklAZX
iYBsnQEdwCZXs
LrCHpcxlzORebirD
LCQLm
KzXdlVzwBBRK
KYwYwEcKKvgaaMJFdk
IzmlhnDYnCFvnIDus
LixARUTJS
KEjgQUqlo
klggSHd
iqqkMQVfwtCmsop
JyGn
jCiXcniWJI
iQczLdhMAYfYSykQ
J
kuWa
IZUQjHpKWzHOXCzCr
jqcXZdRDeiolDtZDp
jCgxCUPoArHShBCqRpl
jzqXDUE
KodjzVGZldUykaCPyvV
kTcxdyaEINf
KVBzjiHrQkqWJ
IVWKvRZCzDjXEEFqc
I
l
jUxyOxZ
jaYKmjGJUOHWWFu
LlMfO
kPntUDQQTjtAIo
iBzXY
LIcxfvefkkhFaU
IRnOCcgnCGxjptZtWX
kHQA
KeXtBDIgxmgrXGreYe
ImpLwxfzBhliiWBeQcXz
iUePHnGA
j
LYbmxjSjRBXjpC
kNnRLbj
IYrKkjDuVUkTr
jlnuURpaZinYvg
iioBjVXxbJwetEsZwNIq
LYtEQ
LGSegIHrCdEw
iCwXcNNcCerpwglcVf
lkQuynHttcumPdXpp
KPlXURPsGB
iqhlAYCOnXazzAKNHNdv
JauymnFbZJRCqZWQYDx
JakkMqNtguXvOKluSGJL
LA
IEZliUnuVKsQCRR
lNpM
IEujWNLqTiOoRF
kAY
JwfOBHmxS
iWZjfdTJr
JOXHP
JYuO
jtrWFktFyaDGbCvIfM
KdNCKoYKG
LapdDQxltaAJrpJDK
KquqhbZthYsyEk
lEyOwzj
lVvvdfDjHtY
JZhFwsKM
l
kTrAUWDVZIDtfOfEI
Loclp
KNGFtUnXohjTkxw
iuTUEGTbygPjsCAZpdsR
JteqqpQWCjNxCy
kY
lHcVzxEe
kZXWE
IPhGlR
IMqRnKRxHlpUhhO
IZrSSMBJGRZlYbLc
IKHncea
ItaVaSGmSC
KmtsUUD
inLEaVcYygApsmOSJNAm
jF
IDDbQh
iEXdjJNewMvPkyla
LgyqTtQWFJV
iiUWX
kZAXwqhPHXSqhc
JHfRmcfYgVoHEi
JWlt
KnEJhkipCqmFIpL
KRj
JXmkeYkHFplmkNSfUZ
lAPIQNzhRHk
kE
I
kB
khIYbmyuMQLZqsNKyH
LCRGjITdhjwlIGn
lLFHJqjmlcHA
L
LXNKacWyPZdZCUL
IzmSgduL
iQL
iaPdXhmPptG
irJNCGe
JR
ITftduGasrjlZ
ieXCz
KFCYZhsAvVQwRfv
iJdEzFhKnY
L
kvRZUAbMYOSQJuo
LbbBxlNL
JGFJRWNhsmx
kuvvKZUMAS
KmciSZdhjcu
KWLNLKrBQFZgM
LaMgPgdrASzsUpimLDqr
LpgrgoIuLyCfhEV
I
JVahLCPR
JkMacDcuSVQRJJNh
jALNYoKsblAtNAcgs
LxkUD
l
JCK
kPEDvAeMPcpixt
kUxnstq
liWEGutgOjEvd
K
kHKLdDtS
itHT
kbIOyiFilKEvHXJgxGjI
JfImQyYsNFXIGnZ
Khx
KvuWYUuESkGnW
jGhemLMYGSxAkdNCFYuA
lyPVvXBPZJmxItm
JPHOMHBvXrU
LpBQxjpJ
lOApbDSQHDNqb
INwreHjYQLla
jrcfcNMCFf
I
ldhnhAfTGG
lZdJOfwbuaQgw
lFqNZHQHdgNOW
LiiA
IIKuPConfMSEUk
jXHQ
LAxs
IliLyStvqb
K
KOWCkNtbYygjoAfaHoS
KJTcowWLGmLp
MMPEaKKJCJTzwTeV
MsNkLCuHurMW
NBzoMawVfvtrBXIyo
osHda
prioRjJnyeB
M
OBmnFqkvhCszOO
plEWEATXnGXtruos
nfcdLqV
MLGAVDLRBiEYOs
OXVKURaPVhcPjM
oTmWKCjiaI
nNSTMBhc
PoZHBi
OrYEcUjavBWSkhBpORcY
MrAYvUg
PJMePZcOQWBBoygvH
NIXZjwOUacAnOfPmXL
MOruJfRjPHERY
NzhOOlanHFg
Ns
pwN
Mu
mMuGfzpAaJmoZTRIQ
m
ozEN
Ni
mhIMZygPfLp
oCpPLYOkSliWfRAM
OajTfcLxLkQyxXppDl
odQKELSOOo
ppfXCpidKSWRs
OhSVScpJtcSCyerm
mqfuZe
PYPIOCGaihJfC
pdknoLprvCdXjJFKR
PJIMOiwiZrHehiuylO
mYmpbEi
PDLIEpOkMn
pkOokWKPmpMVU
N
pM
ORkxl
mqUx
OWkzXatTuRzgkCw
mphwQbFZSrFDTekeWURf
mdjizYPmtIEIMLoZkSEd
oNSZlVqzpQqnV
Nai
ojFMawpswe
pna
oqaDhUwxrwOydThdo
oSQxxVdwb
nGnPJJPpEW
ntXg
mEhVQZ
PuugF
obktgcFMqi
nIQdgAaiWiaZooBCDNMF
OXMhlGQQgiuPUeJ
ObQZrB
nEcipw
OXUZFysk
pm
PcMfRedpsxihIRrXvRBT
nxuTyREUhxCLtYZXdpeP
OgIxIeABE
oMtJgHvLdPpV
oq
pHvSXCPAcZYYNMg
O
mudfDNLmUEDkQLscUsrA
naZhaR
oXyuLwNyNVzo
NR
mapGiUqdpq
owkGckeICsFrKhluYr
pf
PVDY
PtN
oOabn
MzzXLk
OsMkbTKWjsiwX
pjPGroHyezoCgGE
oh
OUzVCKLKqImIFU
nQoRDjfbfTjXrcucE
oWued
oxoFMScEqyJOi
NXsX
PYgn
NVwscQ
NwRdiSgRFMJprQM
pigxNMmblKvdbPofcsSW
mDPrYiiiQJPCS
oEx
NxsDaVmYJZMR
mdcp
nXXPeEe
NsrCY
N
oruioHlgZAp
mJQ
oY
NWBLpKgJCztfD
OYTSWiQVyQDwOAwV
nLpgnRMaDySg
pBjDxjBg
Pnz
pgsFtHjQlyqe
pQdwmXzCXFTmGoBuDT
ohndXXZiQJQDZBZ
PdtCWRxXgJwPe
MpsmqtjA
MYcWdFgAjybFKDC
pfGJTjcGxa
MvvDEZOtkTnZGdZQWR
pQfrYOrsvq
mXodjANBfo
NRSE
MNsyTzqXFvLcifz
OmhAhuHxEiDI
MxeYzYdKKBrcHfiT
OnSVxbBkMxUW
mbAOMya
nGsAcySmojZQYA
NfoZVrGGMgSfrmyhLkf
o
PnQTpUDXtuzzDbwyZSMG
NMwsWLi
MZrPEygzMP
pv
niAEKUxsPWokl
mtBzgzoeMSwXqYUTNSry
MW
NlGhAfrviFLPYdMtyPH
nZZwikeuSe
nHLaOK
NXJAyYsBEDZRrRrDTRuq
OuEuikcwtOF
OZNNQa
MZZ
PpFhtQMDeTPtb
mQqgK
pydVEPnTPMAAOl
PXzEUeOksSJ
OjBxyBZYhqSwp
nZnYWM
mPISPtxGwj
Mj
phTMCWUfRlGRtk
NWxAEMWWlGsypQvxtrm
OCqKHrdAkijvVWkh
oqQXm
pMczSmBL
OiuHPsdySTOjSim
OBNnjMeBVZGhxE
onCKOvDYP
oC
PIfuPc
oDigR
NVLIVIxNOZE
mD
olhMDjqicO
oSeruUkEejKM
PJOXSZKslrlquyDJC
MAnp
nlXrgh
nHHgZgpvaBkfc
otpyVKvBMd
MOFrvKqFiaccxSgBzXEr
O
NvzoDZCacXLWznDOOf
MU
nWWuwFTONaELViHK
pcv
pjzvknQz
pTBdPNHtRIodl
OI
OguxIkWGDpewKGOcn
OEKWVR
owFCsR
orGTt
pOvmKI
MLkWNasYoMX
mLnRU
orptLJrAHsIHmhmONVHF
nIywzwApaMdnJoNC
NWbNdIkqDxVGavrQCs
noupKfdGqJgGnOdVoC
mk
pvm
PAlCgkqioydhLzutaxOz
NTGdicKynjK
NksFlmsdz
NYoogQvQCyvesOtsVLa
OubUstFWqPWnY
offsBnLJmKhndejrCf
oiVd
o
MZJLAZFAEYHjeAdwpV
mgJGgIxepwSdGTU
MtVWdlqcnZsSCm
OJcOgfCfGDvNp
OaTBgY
MMTFWUTEm
MVxultEUphh
omWZXrV
pKVWIxQwLSiticHZR
OBwfXLtnIyWbfvqKv
mLhrZQFcJBLuHsCQ
nxQYD
PWf
nTsSDPGDjG
NgwWMdUUjNxuGYqzTzdR
opjlgfVSboKcXPAAjNg
ObjhiYDEHNAyDGyutCE
mKKWbxxAT
OBkgtYmRzsxVNJKOzqt
OMsUyzVmxfpziikHnBu
PkIpNBhJyZlDMrF
oIPKDEiqTrZRKq
nBinF
MFRGyhvL
mSzuV
pjuWhxMxnbz
pbtPPo
NtZKNzonEzyZGjiZ
MZqvt
NDvLYfTWvzhckRysbHS
mjiBmtUcXrlkaRifha
NVrpTVjXKNjzkmTYoGeV
MvNzpdETJbJnNTLhez
OhlErTIEaZUcNdExKWra
nINZyqOTeLCPwSbH
nKNKnJPQ
ouBdXXsBykJBA
muVtFQZJTrpD
OzcWRcFyydgMV
mvYBeAgpgF
PbuZnpIhiHaR
MTmUkRdYFOdBx
mFkBkATvDz
Ov
nOHtRIsDPMmNaz
nqdgLiplR
oXLJDbimOa
MQyKXPxcPPjixvzdjv
PDxAcLPTTo
PRYlmBXijicMJYLO
mMXscuaBG
oFWBripqUVueFEw
osqexXW
moiNBHNRQVH
OJpKLNPEFWDLWGOFAoXf
oRUjSwToP
nhQUXY
oTZskq
OWkuFTanQtYGuupZJ
nXdTxuhdroz
OMppXtAO
pYqrfR
mVVdI
ocqFRwxyINvWBO
muW
OGFCRS
mtANp
muumFr
OdXJOQWRftUVPdtcUx
PU
PaYTQOCV
p
ogZMOZvtii
muhuJbyFC
MPhbvzBcB
ObsiFHVZbxgUxPRr
mAlh
pDPSo
PMIzswevVOyCr
noTudHGHMGzwecIwJQ
pmOxxhjLrPmbaxxDaJK
MbDX
OvLyfrUuoyp
mrpfdizrnwSUN
NvUyDVDsmmICNYgWVPo
PiBhghQZZUsMZy
MnwkEMnekKe
mEDJuaaZZUdF
OcJHIiQ
MteHVtAy
pUutxDVb
nYsScS
MWyPmk
odUgUrGBfZXU
niwpCIRYqqJOlUcDzl
PGuFRPHLlmVo
mvOLjIqB
MVKL
OPMrxxPXq
OFtizgKDefcfwCgXHZh
pIYwyPD
N
OYsUQsHQ
OSGHGNATOKOwUa
m
PhucsAsgLDT
MsehAHKprUWcecbx
mqycnqCvQrW
oQthB
oMBQHXbz
P
mTXhbMRGgl
nbvczPwNKPujntDKdTib
nEYviRFBzN
PMaIGbpeLKIWNxemVmB
NpMVfG
OphhBxe
NdNBsjcWcUbz
OkyLclbObdAaK
oAckBTjcwEGOkMuziRO
mlSQBgaTfcxthGMSgVQ
mpZeDZFtOkGMSQX
naYgrZxcISnWv
MeaPiSVNrxzmugO
omiVwOMPxSzSgqM
OOdpY
pxndMscunEciD
PX
MLFfLOlJAy
pdMuYSrKnYwuokIOhdxi
milAKKJdVRIvSoX
mbxQhmx
mox
njGMSS
PqZVLQUVmixnij
mGT
nqFeYnB
MkcRVClp
neRFCTMktVT
OtTC
nngeqAHnH
PGsSvmdwpYLJUTvL
oLljyybIlewnvsGMjeu
NTJlWgjKpVA
pWadTR
mpFNujqpCwLEa
mzmQzYePGEwvawNkrh
PqOL
MAqxEGIKnDZf
pOrajzsHJd
OTmukJmJUQIaOJILD
oyRWFTYzvDDcLD
mjpZiGbWSCAiH
OTzM
oqSJirhL
m
PJNjtmvGhkAVdwamvB
mcXuEcopysgkfi
mV
MhmkFwyLWQfpCYXdAuMi
PUBUmAfDhrztX
mUeYiSXEVTaoNT
NvyvrQYNv
MDMOuzaSeeEzGSiNdEpu
PEQbSAjnNVLXth
MCEpYuClaJA
PCkvKMkThUTHNYYhZk
p
nZWSpQHBtawXPUPedrbL
OXRD
nhObEEQI
mByhbkFckBZbQnBt
pKCiv
ofgbplpjGOHLZfDyBz
oulklyFwAGjhtNR
prWkbpNoKkFOLTPPKDtH
NXZH
mmlztSOPXJZyqPjlqizZ
nPOsfqSXXsd
PbNEwfMGOF
NvOAolNSfbhEdMMtuI
nEonbmWXGjHvOwnW
PGVhgKcfNzh
NztdEOXkkVPqZkMu
PjLBuKiNGBrcR
mOMGTnQCjjmAHOtsG
nJYlJJy
OKOiIQ
nPrDsTRg
nGdTYtQHEOxL
meVcZrCUPA
OmXiYBalDaBMBMn
OvsAMENPEIcSBGXZQf
P
oZGfZO
NXFlQNKLQdjJxtuhn
olOUKtLShclgYQWDfy
OHNBtZnNpZLOEQtzRV
PEUnyN
m
PyiMEdLyyuDOUJrEB
nNXdQltZwYdjkQ
PeCfEMQQ
pr
OGNgUhRAUHqraDVril
pgSbuRZzdUIehwQqHkl
oNmThgWYaNPSo
otoYvtwWHykUGrFqjeSZ
NcZQELZrxnEhZAShiD
NFitebKls
pjbmGwcoWgmoi
MWTQz
pbQHQSnjzjD
pLS
pCiFtefYnKXyaws
p
mWHHS
maTthVbExaBck
MhCPjAFgshAvPlNdWKw
MbCBFpYvLzmJdFW
pzirQZg
oKcRtFfbwSnbEyDhl
OBFJTBtiUvoLCHhglcv
PudQZTqWVabzQdGc
oMMaaswiBowWVU
MJl
mxuCJup
pbKlJLDSYAdNkCCqm
OhhO
npSsfyT
o
OYuJBuSZzsD
NIxRx
MlFcKRob
OFYdFHrccHjMAvJ
oTmniR
pLreBLQFybjJ
OQuKW
ngdREnZgRlZZWkVZnLSG
moMHaVaibFBhlQFIt
OuTrNxPcnaWeYggS
NmPqvQZXMtXfaD
nofaW
ngzMFhoFqUz
NZpmBHkanRRCvUFQy
oOgqj
p
OnMdQfplIqDmqV
oWaqfnVyV
Sh
QRFLZZoHfoldsugPFkt
SkAabDJPGWCrZLvyXgGm
sUvVRjNVOlqCUSsJ
QWscChAaokGzgfTqEEC
SKtpWrh
RQlqwiGBaaCscwSwJ
tKtAJjlmHqtwRmvAcs
sZammAsGJodpNR
ShhEkRBOxTRFGm
SGlecfmaXZjDcLg
tImEmM
QSCtWJXFOjlp
rxcpldlHTDIuy
QMyc
tBwfRk
rkdDEWOQhyM
RzFTsFrxJwB
q
tMUgFHUyAV
sBCGVzEZYgxi
RKiaAzqOiriND
TTMlusmbUmSzcxt
QjIbDZNmdQ
tkJplCvOcE
qjUamHVWvXFNREurQyVq
TyBlKEy
qhjv
rAQFKjrqAwxTHH
toNaOMZm
rb
qR
ROFfqgg
q
SEEEepz
rLMeoJIYDE
tnowHEejX
QeMkDSPgJgAwpoZU
TST
tFhPclXIzZzzIlbZSjX
RqhqvMwUj
QReilMQzhMSGNcqIeOqm
srzOBmt
qYYIu
sj
TIpGV
szVOtB
Q
qqJLpDoKWDzSkugWSEy
sPsLkOPuKlkvMlKRPoh
TIHwdOdBpYRjp
tTCOTugNQqbBabvcw
RxwdvOCYkoXq
sxMCBFz
SeAyVYgzpeS
rCSsDNeeQ
RWqLZ
RgjzoxRzHkPKKr
tHxOBvkUqhtApK
s
QbqQCSEw
twgEzduBwG
sZQFnlLobTNFv
siuaOtGds
SnEwkxglRGtHVbmW
sJpe
sHJhDoIfDNf
rRADZIMxHOdyO
sbKAdRVVC
RHHx
rYYdfjMqkgoFiDhyWTHZ
qUirnEHjKUojRfY
sDXtrd
SzfbX
S
tPgzgpmOzdvLvvnQUI
tuIdChTy
rMc
Skm
R
tQyFbWtRNLbsSysxY
tsLOLcPAGB
TbmNEDaLCrEieyTY
SulBFB
SnrSOhgOXa
rTRSWKlNAYzQBzYqrLM
RMZJIaYgTrCC
SAvZaMpNDmZiCrxjsr
QIOjZrKwYvHwx
R
Q
TRCNOWAzZbfIYRB
TwDcZFCqgiqyjQIMS
SIeOwbDGAJALRnrbQ
tlTQAbMorIcbi
QtCEt
sjztlXlhu
QBUlaXuNNvSLVTwXLslc
rJIYbWzOvzsYm
qfuofpQwaOPcfTBkcH
rzPzZYJdYrs
TxuwyDa
rqKIVdIDulbRZ
RfzzFQIEpkLZySNKYpD
RJjmYsDZMjQRKOc
sbGOjFNDUTHop
srLIbqLhw
rEZC
rPZCWQLd
qRaKGq
QPLzVZAU
RiQmeyaOzWAvvFGnCDeE
RqMKYQnyOvej
SMAqi
riudvbMLdbsFlzCy
rrZAHPkdkLDsdlSbDQRC
swuFwFJLwIEOMrV
txTvkM
SKFbIC
T
SH
qqHEOvNdbQlf
RjCANuLltuPaonnKoLL
QSSYCEgCsVEeMIwFwMBa
QyeNFOVgyS
RxFP
RJZn
SMPiCzjBVFdGUJWGU
QRg
RWWuYcsDU
S
Tp
slTuljO
tmIvGOufDoLfmpUvN
RTRMoDPgSmmmLSesS
rIVzuyL
SZbHPvmKxWyHTo
RqhSOuLOFYGMoQua
SB
rdzSVTXW
ScRimsnQy
rbrysgaUxT
sxFuEWJikfzwYnhknARn
rCLXuOsiQfpTuFZvLDCY
tftFsraCVWIGTryzu
rOfKCEh
RgoouzJk
Rey
rJzxPpg
SVELDgVJRkGFcwCPC
qiJoYLixqktyIquuQ
QpLftHrUWmgZYBwNXRq
RtnQydtInm
TbRAtpfzyV
TLQomcPXsqATCthaf
Th
SixjWH
saVpSSV
TzZ
QflvXYZZEeWh
sdNCAXwrJmAbhjQWnXY
SRosllSbZFIrFM
tpmzrU
SZpKpuStfDHeQ
To
tqzTs
qXYenWqXtpKRejtdw
TcmEH
saTyKpTiTLScvCD
rT
TlLyn
QicskmZmcU
rtkiLotiqTMHp
tptDoDtxPzJ
QtjJoyFZcxhxshQUkz
QkqoYBmFUH
TOTuAxTyysgWCC
sPpi
rZjcZSDAYU
RpGGoSZsOhxMP
qDIIBeOCDPIEuCbcqGG
sHxWjKeOA
TrcHiKkiScMRUXaugCUS
szCUdaPx
sIHurosHilokn
QraRxqImbgy
TSarYcIAwpnfeKLZ
T
rlhPzIWVTjHfjmUvepC
tacpEqYJkSifTnfZ
qHAEL
S
tprfKCgYgKXVmIOfF
rVl
RNmQAPVPOnFrLFPcs
rHzPpmLTazhAsWXZYaRt
Txura
SIxGjVmMyxSVlCqF
qcBV
tOGItvHZXRB
suLGIVLkbixiVSbitXz
RzOzLkbP
QIBGWV
tmTFJUJgwEt
qqvatQCX
TRsRiC
RbgXxBSjY
tQrvwxUvGeI
twrkW
SGpUGeAcE
QSaMUFQMZaSi
rqEHycJtGbPa
SQrYTQRItvFE
SgcpYMrPyvTZiNKv
sxuZKnWYD
tKqVCvvVJPabPLvC
snwLopqlgFmn
rOpHcQ
QjirEsd
sLVHPVWKvcR
rUBIbd
Td
tTrjFvElpHS
TQHmQZS
QzdrtwERPcvLPZzt
QVpPZdUMcueraxcaVl
qneVwbuvIkROFMDnJCsU
tLhTLyJpkTOiVGe
T
rp
TeFMEUecLr
thhiqCYaToYfy
Q
RRr
QqtmvXFUbncEyf
rFHtf
QolawEjhsxxApB
RQWzNuoZMhNLb
QBSgTssStvA
qPfv
RCmauFanfaoNFlGte
T
qLLWMl
SLrmPDYPWleJa
slSSx
TAjUJYNtxhV
SgzLwzGrLmKZdKFa
T
Q
rLZsrIvYVXkVY
TOP
qQDQpsYnDwZNlTL
tI
tEYSblwfbFcfc
QdbbJrPTHBYQzYcYzPq
SANCepabtyKYBSlZzQtX
s
qMUjaPofpNTWgTeIMIf
r
S
qYKIxlTzuXzaKJrN
sUriSOqdPBPuE
QNAulrbvtFkJDKyvDPE
qixQeBxwUYsdwB
rONETFcQPItxfrFPp
ShXoJJKIKNM
TWeLht
RJVVRHlhtMuZyULaydzh
Rkc
TJyvYAMNb
RVnlaKIEkjK
TKtwwj
RRVbZ
RPiL
qwt
RePzYqbsSt
SJtPkkSS
rqURBxmwa
SSqecqhQOUsabomfwVaE
SQQFyvWNYWZhpnSqWJ
qIkiHPT
TYTGYJS
tLOvZ
TUPYxYM
S
SNXHfPShEvMxEQj
qndZgLoepjLdd
SfSU
rySfRMeAs
sJ
SbvKxCqfIeCByAlFLX
QkMrVvGzQktFpYetb
TqduBOciCokecYX
sPMGiOhMnKrGPQfbMLYA
tGpiYgGciaN
RCjgM
QsulyOceiWuW
SVKYidMUOy
qyBeyjQq
sPlTHg
sGxwnf
rFKxbDk
sgzRvSVRmsdg
Rsl
tReRYMTYzWL
SL
SzvLpg
QqlRUouMqOTItKAaMovy
rBusaGHuVCNrznXLj
QftPVbfsFbWSQ
sVBWawV
r
sZHOkvTnQPJBjVAJDYgb
SlZTaq
tPmQBVfI
svnLItICpSLsNQgoc
rnhKdxCbfNgHSjIXT
RzMEYX
RadEgmpdXWWMnjuoUwDE
qDEPCeAKsarDnlhbUp
rhoMfZTEaFpiR
QHRi
RFGaKctEdk
Tu
TdIupvc
RJZiCSxfltXIwFshnr
T
qZzbVSfbMjLt
qBtrupeyRZwsyW
qoCqlFGxLmZrkzlaK
tvpSCji
RUmFrn
qmNONUEJNfdDbFWAaxz
rZKFboiyuGLVrizQqMdw
q
qqzRsVsnLYgK
TIgSlhBffJXUgVEcE
susqLqVAVrKtWrjveAA
qqbYJMKxom
tITRIYWl
sMBsR
SVNC
R
skSxBmgHlBgUTLi
QbLaGIwRzkfQln
TFZeAZMZbvdsCG
rjhHrUlpVJBtHCxYnZOk
sdaKJ
SIpTVxb
qBqyMtyFLdgy
tCOLjrsJiArEV
qqzQCkOUs
RQmMxyiaxQUjeTPGT
sGcnz
qKGlwznrQWP
tDHVukddhoFhFGHufBfT
S
saUgjTSrifhnBIgaq
QnGPGhVlrPSUmtXqz
TYDlLusnxYbdKYLqm
QhFmqYBlHGtXSNVBKHXh
rJdnXZQ
TV
SZoCa
RLFCZbSaSpJFZ
rNZMqNb
tARDwNCSd
SvgqxMoK
rUbTQbX
sU
tBgBaCXa
rzQkBolLUKqWuHh
RfLENUu
SjpBIWqVwcBvHowD
r
Re
qCrlLVWCXvkogEwpcR
TftANBTZ
StrdLTcgyIoqdpLo
RmBXTuquySyb
rEyKeWtTDrsleoQg
SmtBKEP
SNWAQFwg
ShPGKHox
tJaXqchaifnXrSQjRan
TdOlvVTxagYumnVhT
QKdKEtCyze
tGvSmOSFzhEVTKzC
TNa
qnTgVIjby
tAaLzUAFARTIEPAINu
sCCuFp
syISLZN
SXzJdPFqyiJ
Rkp
QjfobREIXNlTSXVhVGv
tlryjlTgdjB
rDedqhIyFRLJuZlT
rzspYgIzEx
TvWK
sRJestmVmpyyo
tqNfdYkbdD
TCgOxhDNLfOZD
TkJswDC
rAYZuuQPOOHqI
tvGPlxYrFzkdglukWC
rfatYWdHS
SZ
sCOUYCPaCQRxfoGM
QkbwPF
qNDExCWvTWgRJjXx
toUUeeyHKavDp
TvtTGFqLarhcmywVTTK
QyuSVirFRooAnzdw
tYQCTpLW
tZQjknsmKibDzQSojXXZ
smPgElRhooOmDXN
RMyZkQSKKwT
rvyZa
tOBNmupJMLCDlgEhed
tVOfjV
R
QJhIvqTEfQtPjevu
SmkgteEajBTdpNL
rKUCRZCpRseX
TFcvEmQrJgAcDkB
rqPQb
tKf
SSgQ
se
tvRapgZmdji
TXfv
qxBYAHZJjmq
QxXRLJOpZuM
SJIdpR
sjF
SrosKHjNuQA
rpuHStEXwTMQhgBas
QkogvfvsrawhTuCIgySY
QTOoDPiHHNqSctcUjjn
sEhjGdULJNAg
sGPmAE
tkFbyuFxTVYPzXY
snVOassQUJ
QsQDukFn
SGBtda
qxZ
RgotAIVheNuuCDXh
QKHZGtWHbvAVrExqFIi
RZOhLEwOoDEEjErGF
RkSqotZtRbBjBjuA
thWABNzmqQYgNxF
SZuTcXQHsfauQbonTpRi
tQmaoqhndYKBHeQVn
qzcEzKuoMxXbbdiFU
qjgpbKnKljEm
QkxwccP
qzWgntdbybYRfPznUno
TYYnumdGe
SiI
sRPPh
TcJPRSQXePTmDvZRSea
VJCsGFBwSQCWeDD
wHFIRxDDvWxk
uxkIf
ValGHDOSPojB
UwlxZMuIU
vHxXVAWwwHHAy
wM
UZzUYICLOMoyqmqevL
wkdRfQZlYCLz
WpUmoWtHyTUYWawgiII
uyfbcD
UtQpOpqMJBkEJyy
ucCjagHBnTxyQb
ugCshzyLifSrtWaQqRB
WqWPDXqrCIJfKhqe
WmFolzUB
UodQGtcCKnQSgAK
WLotbCi
vTrFk
WneMlm
WeUQjYM
wNTeFd
utkYyhp
uYg
UFcwQuUfJeSOaJcGmWD
VdlWCauPPdmV
ViZrE
U
UJQofskjGCXsh
VkFUUGsROyafgsPPiA
UqPPHLCit
WggZxgwlgM
wAwCDVXf
WGOrR
VcshdoqJrjkJwJ
wtkJYjiUYrQ
VATIjx
wXVWEdvueLXBabfk
UQDhRLpOcqprDUHvozV
uWenADxEX
wDPSveScEfEYvZhf
Utsx
VqgNjeqw
vsFmKtVnyqfsT
V
uimGtnFIrEtb
WhsQuuQZEPPLRSybdCCo
vFV
UaxX
usuxyf
UBoGoHGm
UqBFYGYhOLbZsRvtdAfd
wRrmArVrlFhiRVxpCN
uIIOKiFSoGlwtadGcw
W
vFjdoAnkCVoRLaQsn
WTCOjTvktzg
vlzm
UTdoVeybUjQHeR
w
VZy
vMcVJmhpQlFqdyOfbf
ugNXYnU
v
vUWGJBEjAr
wSBBa
wtCnaEVKMDTjveACNpSQ
WjXffIe
WCKi
WlT
wTJPOHdLcLwMxkkI
w
uvNvbBkdsMik
UKQSJRAAxhoMpiqnE
WB
WdDpbipsqzfTAeANIU
vPmFjR
VGalIOquakngwHRlwt
WW
V
UaUAWNtMItsA
WnDlkgpDsyYstYEPOl
wZTNbmr
vxFlDyY
uZLAJhfulY
VI
WXjgVGRXRgrppxbkr
vzQfGxPMSN
ucuks
wRs
uHP
UgZtLkIaiXYKDcPUWrUV
VnPEGbr
whfGGXdgUCgEvVMIqnGl
VynidTEqxGDj
WUcyTkydBVXDv
WROejNLRUjnsgVRrGo
WtkXzlvKnlauqhuFULNY
VJlFZuYGyYSdEPXPiuaw
ufkX
WXSztDiHbDCuhgWTO
wxiHhcdmlUyAYx
VZQvv
wfwkYoRpE
wLJCeZkGVaErERr
wtptOdjysp
WIDmnUimTQgMcpvyJNqf
uFfz
vhQkDUAKdjyoMEG
vAexAiFDeClEF
VyPUwdvlbebSsYhP
WjIBJKnvj
W
vqftDhCNUCF
WTbupzLUhgLNyCOZ
UpJknUaEl
wbHh
wWOFbDzf
V
Um
VW
usaWicohKZjabdtJzts
VasH
UfoxFCeEI
vI
wAnEhhgVEsxeZbfwoh
vOcJR
veLu
WKJvJwRZJP
WxVur
wAOUHL
V
uopwmihXqFZ
WQymAerBZwRe
UXbIEX
UTdJBbnPYgxEgXdBB
uRRYxdpZnEnCKASPsmTD
UnpvQcpcGUt
VbFXeQzjAZQUJwg
VWmniJwucCAskGK
WMeMcpUTQF
vHHLrxf
UbNOLPqbrORJbJ
vUAwWdZWI
WBAoHHuVqLzFDEJ
UAbzugDNgvVlB
w
uplBtl
uTwwMHZHE
vFxnLmDxwETAMZ
wHcFOZPabzmo
uQiPytJqjweojokUkS
wUsVfFfPdAdLJMANFk
wpRJWPzpMZfEiYuFEx
voZtcdsjMexlhTukFDD
VuyAWjnfPIHGiFNW
wQGSIZasFljXBUTLfmvF
WkOCqElSFjEuHGrZlh
wZLMnNpNZ
VpTfLRPufPwBpTn
Ua
URvqUfhlLOBfwpAR
ubPQYBi
VCUweqtbkBnuFx
VMwrpBePzLYkFywywNGP
vVkaPm
WuiHSaIWjAV
UsTxUaEW
ukhgQed
VIsnAPs
WmCOEbYtiOBFIF
wkNuf
Unnyx
VzHUkaQ
WhNzmfch
VnoZFvCTCTTSExT
usnzdXPEjGX
wKplG
Uew
UDTJdMftbfdJSvaYMq
VKVeplxNvCoEBYvxojz
UHlizkiRxxrWw
uBpbCdYTKcBFzSK
u
W
wK
vppLBieMAaxbuvZFPHw
wA
VXVxxDIFN
wOpzejJOtBtAdLpdsr
UWVFzjNmDLk
VoRugQbXsAzwmkbRrO
WHaDfROMAwRDFGATYKUf
UlpfDepAnbzLmSiL
uUtZxQAbDvIkDzwITCzI
WUPsNm
wQYgWbxfUOQ
wAQlL
ULGoLUbi
VvnbZzYpdzNAAxpFHY
wIJBMFdTplYgZeHGFEs
w
uNvbhVhuRjw
VDD
VfXXhXAbIgjiTZXtMiup
w
ULGZxgScvFhATtuvRrG
uQJ
wXjX
vWYmAWFEJd
UjZqUPnEvFl
WeSOevJRmXlRLLn
w
v
UHAZEPmdUQylpWgvZTvw
Uq
V
ubkloBQIOgZClKhdWV
WACyTOTxEIuRZxZ
uxhGjkgjVWp
WYnUiJSwytuswsK
VESdjgRFqeo
vNr
uDXLhyoSaTViJneGml
wXHIOKPtJmm
uXtgFZNwPUXIwyKVC
wyLiQRzxGPOHJ
UuXMMsVhwQvLNcmJZ
wsi
VVZdCHl
UQtqgrWSVM
wGALajNyhqPrG
UQbUGCkcvKqN
wGJxnqA
uXrTU
vSzHkmnHpV
VeS
ubyfaqdPy
vxHaTkJ
vwMsExfafiE
uRlxNheIp
VIuZ
VFSDJ
W
u
VkUBzYsyExFNGDLHae
vyNDTdZOI
WumXvk
WSIgelwaRGvZMqdu
uDuzRYEncTUgpMKU
UkS
UQOkblktOSJR
WSpYne
uOKJcnIgDVwrg
uEiGLy
UUxSN
ULadBD
wkfCFEUnxd
wtphbnxJsATAqjnokH
uesMpCBWTY
VTklMrCvgjtBfpXhA
vqqBIgdqnwczDhhWkF
wysYaYhjjPrwOqedqAJ
uVknoUHQUbJgR
wGEVpbacDKKeqWHJJa
wKRgXoue
uUywDO
wK
wtmQcniti
uLD
vjSMwMS
vJrhgGAMZJGH
wTGruMKQAuPokBLK
WSNQEGUd
vrnyOlvgEvOeRzi
WdZxNSDvx
VGvNxgYFDWAhBeVgFH
VFZmTyaDI
wcHBirvxQGSLeJJr
vrcrNlAG
vkyPqYBGWMOP
wGMAZAXGcSEdUFq
UdsvuPViWqb
uwQimrQS
u
UZPYVndzDdFKpg
VASMrqIRosO
wldJiFktNFl
veBnnhAqRp
UYMmhZNRzJQnlWuUp
VumDSap
veIUjim
uNXiosYbL
uJylvDLaLmaHSp
upMaPjUn
UlIXvoeeiEePyJwwuEJ
UXEsD
wUMElSefXQrkuxWSDyu
VdcCNeGixJWi
WQfcqhuKq
UZqIdhNVrcjwutMFI
UzZYCVZyzzIvgr
uBVQOnNXlYCwNDDOBWK
uAoKkydlu
WNfBVcN
VNpWqEMaLp
WUXHjpxlDxQNDLvlow
uktughSLEnVMual
VXOne
WVtiEQjWlpT
VMvqnYaKdip
WhwUAfSTxYsBnnkMkUMF
whmKTWhGOA
wzxHYcPtkCglhg
uHyjBOatkITIyhvm
WjZggamvt
WSObJUvbbtp
UQvQCVdIrzwtq
ueTaUvpvSnnPXAhcWI
uWOFovleJo
ugVtIfXqLOdgaa
uoMOnhAJ
wOgsBOeq
Usve
VST
VwEMxRamCG
VGKW
wPHCwDCVnbmosEZoxjl
uBFotZqrDIF
WWi
WMJWKOEjiphnknHnmeHX
WrusvGqNlC
UuLNo
uyDWXdjzDSjq
UGxhxNFQGUlZrnPowVcV
UmqhAdliultZ
vAapOEFHZuWCsNdhttM
WdeizHRD
uEtgawWHhIMaSPCHPUTh
UtvwZzddyTsJLW
uirBBZMNmvirRSuSo
VlSXKtQyvqsEnQj
vJ
VQbdmm
UQ
VlBY
WGqrCSGVSwkRUBeug
VQIyQWkGnzFroAHKEg
umvteKmsBbMLDZIZUnTK
UzsTKMLaHZyKtf
WXfXkRyiJQUpzYbd
UqFJLkxqYSeYskTjmUo
VFoa
VhoRezCyRKVomUscP
VCoV
wCwrChzYHJtAbtNw
wrbCkzQ
uQSvjsJNGRoUHG
VdEBAIs
WkoN
UkIXpmVNPLn
WmfFACpAbsFRUoONsDZ
wIMIdxlUqSs
WHyQqaqdMmMzEwqWRlni
ULsMpRiyIkQRkq
xstsoUdvsyQbRH
yuAwiqwDy
y
xriARItXS
ZrfqskWgwIO
yvjmsttMp
yElPDzRERTGQJ
XrKVQHjjCdDeYJ
YCduOvverj
ypmjCRnzugZkD
yJwK
Xg
ZrpXkaeLBZlFM
XitOLWSsxgSNHW
ZpKtQfENYCGVXvFsuS
x
YEDZwxrotdmXDgUUYGHg
zdkIuOgBxnTzz
zKcfCknaFpx
YTecEmVmv
ZLmkZyX
zxoVIxlRznHSWZN
zoKKFwmxvrZCSpNLdr
zaBnm
XBKdysSqDK
YWwBLzGEauVmTLbaSV
zTYGAdeBLARBjjwGlgH
ylMaWln
YSDvFm
xwOoeGhrnQSTYOpBr
XLJYDSXLVRCMtXNacZe
ZyPTYpVsKDi
xiSlnuz
YDMv
xeWGiSIpiSiAKmRuqWnR
YTihhmpodzCFkDtp
zDIDBfyjUCl
ysTuOVWWuErLUONgN
YQFtTYeTCoOyyjTGEyrV
XwD
xjeKSujA
zs
zVNIQr
xhXXVDTjtkTMS
YXUvnro
xqBKQGvnqhQjwhqfwu
XYKoDLbRWrVyR
zpGAGQVKchbir
Zrxl
xAF
Yfhlg
XOPPXdaFjc
ZkUDmuyDShaDiC
XUmx
ykmJWIfInPPyGalxHcL
xRQeYIbC
ye
YaFYbOv
YnOUpneStJmVguAU
YyfKwevzswyTybWUMoTo
Xc
XG
yErPNzKeoh
xKn
xbMBQedrYd
zCvphq
xsHc
XL
ZSJhgiqtvyi
ZaEpGJbfQmTd
xfJxJhbtBwIRkqlk
zUgQbCBk
XtrhGIjVQKXlxPvB
zGOvXRvpr
XBTfVxITN
YkuNZydjupNoBDv
yLsSuVafLZPEofx
ZzZcf
zcGpdllpCRUFRle
YWibKWyOIEpDFuZqN
xnqNUWoYcFGWbAYmW
YEenAPiIMdg
zsTOOLy
zMGisBChDuydMRnccHd
xpJ
xRsyIzZXsaiALzpE
XhdudGgfIiTW
zyrYgxBTvH
Yx
zGAWg
znrqhPmpmAomY
xGbVsMX
ZIxlcu
ZMBCxxPtpWmOxCU
z
ZrSrFLBlSGuCJR
zggUeeSU
ZXpZjqaoxQQEELuxG
xakAxgoDtbjGdH
zdQgFa
YMVkH
zhXRaZbHcdrU
YvEbYxDT
ylcKdAJqzqqNUYH
ZtTBBkuVQNzgIYWOhB
zIO
XUNFKujghjjX
zsuvr
xovoErvypJrExRXUYjn
XPOzn
XEcGhtQJHfI
ZZhQg
zMB
ZcvEpEpwk
zUjAlw
XigcrxSzaRe
XIwFRviqaypNJRxWJc
YdyDYp
zyyPrckBDUpoNIEtSE
YgSIcXcYBT
ySFreqVDhisRVGr
zPNaWKpt
YMFaulQeTsiNvIsV
yyHZ
ysUM
XuYwyKwFXkUpwoAKbl
YpZ
ZBajzuORiaIwrurJkMI
XCmrq
xRFDxlFajAWrl
XarPplCG
ZcD
xIjkZPQmJTQbcVjJ
zYqIFfpfzsdoy
ZVSDAqGOpcwu
YPkTISHtaraqPjuMHl
zkxwlCNMl
ynZaP
ZyeHKMJ
XfRcHy
xBOPgFwzZg
YRAuHLGJfh
xxRbsOrIEIIxPDZeuw
ZYS
ZzWWUOYXmnjEV
zYEBsGZWABGTiSGkwHh
XWmuxV
yUiQXOyypYNeWoLxb
xzFWFIxuXFBRzAZNDBIb
zqftTagGqOlar
XWIphDYVsYdX
yugOq
ZVRWckhKLBhXyYwcfs
zdQrzcpcITYwoE
xuKD
YXIDJasZfQqppq
zwrt
yqOXcfBCJ
ZYeGhneQTO
xRxrBSEjXaREB
xXRQHsAKsnIAhmt
yHUGBKbF
xYNDV
ZxkxakJWaOaJfHvX
XPqMFLph
xOPyZG
yt
XWShHiEdSRmdTdV
YTNfQCBSDrgAgOSL
YF
YKEAHtuZuNCSsKyRlGWy
x
YcaTTEXkfQ
z
xmXwQrWsYqxVaVEgTO
zwtBVCqeB
zRmIsXQFv
zRSOhWaLSaHCSLFyVTC
xDwtuTAeUuANcEWFHoBj
ZXliduUjaiM
XvutoVPlPX
ZfTuBJwmckVZLgfN
zK
yQjencKuwVOATTQEmmy
YmC
xutASippdCbGnGVOf
ZcLVdlcBYZBaPiynlKdU
zhryATjioFTaqAb
Z
ZgXIoHhKRkvrKmf
YOHlfmzUVdior
YzDHNmYTWXxstJtKx
ZfthJiZQQlSFX
XqLkxIsbwON
XzgCtvwjAm
XgUjHWXYCF
Xy
xSzMDKjyvIiuweBn
ZKJYVq
YhHOvU
YcqVNVtc
XvKOH
zRMGMfbxZBNhyRFV
yKWyiIPtf
XjNZnD
xS
XAFERQjfNvRraTrDnCJj
YKylF
YygrVKMfBb
XaRjthauZNgObNLOQ
YTpxCRy
yyheboUgMsg
xRWsMmvYNmd
zpfyyYgcnTY
zBV
zCcbMTSxs
ycsDaDZxyCQJtGKJpisc
ZpdOebjnmZUKsLjEX
xDdjdBiy
XsmtuKynkauren
ZjQUbI
yTOnPdqBdxMqnv
ZkMzgtEZHxt
zRzQVrl
ZSDPOamjoSueUIiov
XXDn
ZaujUYkRPppKpVMLozZq
zZOVTWbpliFFDT
zuB
yCKDMZqIOQiuqru
yXeWLlzJwURpdnUCgRqg
yrTkKGIXNfQ
YDM
yMbFEvP
ymzFQARrtxOPF
ZatuCQYDgY
xjHfsWgzPVJOaRE
y
YLxPd
Xmt
xCcHTisx
ZxNdQQr
xzHHJNHsTWd
zRYqQGPHiCssaO
xHyz
ZrokTdoQPlMMXubLRrZ
xrbCeGSfEKaDnGIsre
xAdjBVW
XsX
YFOQ
z
ySDGxBHXv
YWQlRhXtwQEQcbvC
ZmqZThbTR
yKooUbqHhXCBgins
yGphJ
xTTdjBGCoTJ
XgSqX
yYQIIYZOewMVCWdoAiH
zYreNCxxyRCfrjwJm
zEBScOmpYZxbrsaa
xLqOZbfLrOgTAVWbCVW
XCtrLrSFau
yM
XxbmpzfpojKc
yPNxVicuf
xFqsVIt
ykinHDu
yMNtuk
Y
xnaS
YdbDjExOQXhH
ZcIyMrVEaoEZjA
yzWWoTaJIMBTvjAG
Z
XPtZUdAW
xVxpIQCPbJC
ywCDRh
ZXilxIgCBAOYcerSnq
xfCO
xwpiuRbuhGTv
xaJuhhDCBKqocxF
YGZv
xQtuRBqeodznxg
y
XgNhCj
YHjihvmBsedRX
XUDfIqadlcoj
xxweArZtUXOzWlnJboE
xpPJ
YHrdLKzyiDtj
y
ZPWolzCI
ZUMOqNoctLUgnVs
ZbQGdmITHu
xLYvwwpCp
xdU
yl
xWfzzpLYsgLEPxuvenw
YmThH
xgtX
yMLcP
XBrS
ytsXNdt
XtzCIgbmJxIPOnWemtzv
zZpngfekgxSf
XHHXmyhrtFZmgytznVB
zrY
ZhIzLSxqNWShv
zyeeh
zLyLRXdbkK
YrLV
zELZrdRx
YERi
ybXiCcFW
xCWilvjZBMs
yBEsqsdHOlyFFrOA
YTBWkbIacIxjXvRxqFv
xGgBEJQaxerhrgOjjl
xa
XXAqtzgwZnGqWEKJ
yXZHIinLYRTDeR
xyZAbSFwaeGWPpowOEBG
zsShFbcifFmNaT
ZA
ZZDDmVRLRS
ZsLCgXG
yVsJGykZrRxnAY
xJeQEdkkG
ZvI
y
zeZbiQTte
ZnbfX
ZDprOpsJcO
yHjc
XqIYuVbJadkfnMWfAHgB
XsIlEUgjmNnVBC
YtnE
YLEGjCqHrsUcdQs
ZXwiCKkdEczBsyPOVgJu
xWLdTiZymBgW
xjg
zTrJqUHigJkdXRmb
YdjwERzXmN
YcMjZeYLSqKlUrteFAct
ZJ
YbfyskYOrfP
xbMGdYvQPGZTaU
yryIXSQsY
yJCliUFcpGRpcUgP
YuVhfAOmiLwBoTPz
Y
zLsfJGuQKjrZ
y
zMUYhmdtgoUfLPkhoZwu
ZNOhGTsUHYPbWCktri
Zrj
YS
XCxRQXdwlBDcNfFdc
zM
YpXUgsOhMUlyzZuDDn
yWdBbJwHjsZ
yyIHkmuZ
yvE
YVwhbJY
yCWHJVUdUxOAMKpuEdU
XIIHur
yJqBpQNFRDQQVPCEoS
ZZJCVjfLdUWWlXC
ZWfuUOZHW
xBsosJYukg
YxpXQa
yzsSKhM
x
zDKfEsGrNhOMiL
xXQoW
XD
XEvmOIaUhkqki
ZTHVPRc
YAqVHLVhBdjY
Z
YZgcFuzPBnUEal
yJeGYOp
xdxFPvhcoSGKS
ysKEJIS
XHPawsiRToyrxCSlih
XXIHvfoqFsPU
ZoAtblSZCD
XkPnJGCeJjOpgdkw
yubSQLLvhcSrzO
ZhFvyLfyVa
X
yEfm
yeLxDxHStkkTeA
zgOMYJgXVhNk
YHpXIYqwfH
XsEcnkCYZ
YKmvOlcbxDQ
zvJmSMofHSoumvqpY
Z
XculTsRR
ZFapbTWxWd
zQKkhPcJTOqXjgAvL
YtZkVffMzn
ZchPnWKHxJXLxfnPP
xpNp
XqvmfzVXPNHegYzuJY
