AnQgKr
cWkXDG
BxdCl
Dv
AAOrlwHGX
aRuxOVoQvbnVe
B
csg
DpSIzLqWGvJkLAgnTq
acPS
caYnmTtvbuNNfNl
BSpYBeFobyfOWImOZ
CKmTctWZNZIRyBNf
AasYeILawrliLKQCq
AotevVNhPHt
BttUZKSQTihmxywca
AXuWwrSH
dCfcQ
DqGQdynLYXEhEwjPLxQ
axhlMRjgH
bnVnrocSggowwyPTXfWe
Btbs
BEIXjcwVRNzuwwqbd
aVbpfzV
BxRRzI
DmX
CvzanYoyfMSdUpx
DqiydHjD
BhxiMHMDs
bTBk
BIxnGtXslLtRztKVp
DxemRiV
Ds
cVp
dEEsxgib
dArVCWFjBn
bIeICNlwk
aszeNxNxkpbMxnF
Cujdi
arCYiJZlLuRXnopckM
d
CbTbQxftTJ
a
a
DrOlYpCZJEUBJamdYO
byi
DUAQlKPdKUDyLgcti
AHEBvlYsngB
bHQYzARWGOcsC
cCqHoSeOBhsEzsXXN
BebYXKlvEAj
BN
BBvSEsCyYsfwqoUsQw
CBQ
auPjvRlZpZLifXOPpD
cLOB
ddHohsGumqeUX
DOewkuFBEMno
cZCFdJk
A
dblfPtUF
AkoDieFcvaHSNK
bWUBXFwThNCQifjHw
cUtPituKxTQmW
cZDaLlQrZtZGb
aVJbzrh
AckLbqDpNrcZLm
dW
AJDSm
DazYmdJZYeA
bLqbvbwHCPg
dkqrydvZXyWrTHkpcIUV
BYtAVnlgrYzEp
cEjyjkafcbbdZ
C
BDMUm
CcExVpLORVaPFWqdNG
dxPaQrtpsSQnEZqos
DUUIbOQCyUxGUTdMvfb
CUAZUTFsCywVBJFYI
clwgnycXPXQfbfW
d
bkw
COVpyRPAU
b
dvs
DugesOXzfJv
BFsKCwpTSYLjtYgcbxE
D
bN
doOsqZdJFEgg
czDesT
booaIIOdVVcFmMkoB
bCCkPkV
bGNiukSQbCZsT
bhiNWMAcm
CBsOaloaCgsrDCWUxzw
dHgM
cMdR
bQPZPnZQ
dcTMRYcGaLk
BMmqdOUQsw
cRIKNNHxRY
ChpBZdzbngJuCkIZK
COjPKlBfxPlG
bEDbT
CVTfgxWtKfihvjrsvPRS
aUxuqwxTRLGhBCB
AVKxLcIlsjQQR
CjkYvTPEpDDohhw
AlQWjCMoJWZAhFvQdrpc
cbftdeap
d
arIXFyq
cI
CAHfOIXgaGQ
DuQvHiWjs
bNaCSAxsZkot
cJCXwuZntpOxrwntAL
AOUPRKEqRgfKVtRsEIfQ
AJoLBITgru
DriAeEFKlfSgKIawfnmi
aISRYXgCFbRP
CooDRnTRGK
amJzm
dJ
BxdZOLzOhiYxQFEmwcW
DyXMvLoJHmkG
AnVBGojPgrXN
BFTxnbVyEwSDPHOQY
dJVabXoiBGkmOqeUcc
ctshRwsTVwsjtQy
CNcdQWiVEmoUGso
AqqgihMhUbuBWSlVeN
DBBnZXAIBuZRn
AZZlJKHJckEZ
AeOlX
afgLEHTvxSFAzJLtB
BqiCUUSnxomu
CfnfPHxOwlJgaSspNk
DxshDxKcDzEOPOJ
CtPzhVveBiBnDFaeee
DuMElKDZVUMZOQghvx
BAMTRjoRPkYfDUPx
Dt
cWOSIfESoWHL
CdA
BZJHPDeBQPt
bDIpMgtyvlflv
DgivKPvltMm
DsvtVSaKysXuLGqrXmVe
Ahsu
bLbYlCLNWpmxbuUjL
cchxKhRSUhuhKx
BofRByoWpWZLRIipyka
dmtZOCTxphlCVI
BjAgHtwqiVWODXhMrNr
DtclbzoTkEeDm
aemutbFCYJCMXl
dclRuXuGtmoRhS
ChqFZNX
Cswyop
bXrsuVSCoOnJWIbPGh
bPMBeKYhxmWpcK
DLcSYuV
brVbKNXXaFIDdWfJQS
CWzPRjDERi
D
aXtgmkD
Dba
bQdxOxoGCvc
cRbcbCofoKnXXDn
BqiXHjBpeFZPQsscJuIf
AOKRO
aYYvZWErKwJkoIiOAHL
DQefqlJBTwnMNuXtgTw
dFhYjjffGOEp
AMh
dWLUFlGYNLuSscwxeuX
cCLKqLhgbdJsBFjKCY
DRTWFtbHgsUVPLJUoWY
DBYHvAZ
bGrfYbtlNgfiJdb
CFWnMpVUIxZFpBeNLp
aQTspIdcW
aWzKF
aqbgcULWOBPRIFFmKmBD
AUJHwVokTwhal
cmveAUPOesXlPaFrb
CMIdaChI
AeeICOAFwlXPKlkN
btUqbc
bcwDZvmdVIva
Da
dxIfwnbOfmCFMO
b
BalTUVkqaYpzX
BgvyeNZfFRQdnFHyJER
dBGGPO
BPCWVKMFsUuVLOt
aKAbxfa
bhwCWhyBQozXSNedWc
AQgXvAucvd
AVyjoTUYFQOn
BrFgCUQjSLFoh
bnNyuKt
A
amEQCYkMPhZGFQHd
DQmooLIsandIAWc
BhBugqtvLcFHfTOfPB
cWVjnCoIG
bqtHIoXOqEkoW
bfPHBLNiwccvtrEcNU
CoqBAbeOYdz
AuagpBiFdXROY
aK
cAdNwOQHzsH
ASVuFjupchQyp
DKCfyqwitrHSossZKGg
BupvGxJpnvA
dVwVAt
D
DkdCjNbDypgHtSBMCf
dYaLRGCYDPvzdxueVnoy
bmtHLCcUwKLVItFO
a
DJVjEPNHSc
BSlbcF
AmhPahAk
AEAQJ
BypETCGXwKdHVJoxby
daF
CKuTAFAAYArzDraYVsuJ
BVMMeD
DKEuNcuqRllpKfrL
bE
aiwqvqtKA
BoCXH
AKvcgz
dbYCPHvoaDjWtPWkHbe
CkHIugKXUnCyMUzkNKD
BTKIGneQ
aHcaDkx
bt
DQPpQ
bPMjPayPd
AKBmmPFmtAMshZNdQcUC
Drvp
c
AlKAubVw
AVgiUTFJNWfAJwmezd
CndjcNwQYi
BnnOvuFhjehJKavCbvI
BYwxdDEmzMoyuSUD
DX
CyauaMrpgUdEplEZkQ
bJnlTcKPgtjJVdKu
dCTtYP
dVlTPttkBnHMFhfBG
AfWGJtqKIHVsGOBmuVnt
brjlMhdFlSwVjvBp
cZbAsiUvWgDWTyTe
BivPORyUSoWKE
BdiqmUKEoGFJ
agXTLZiHGgWZOXcV
dNIRdmyNZmpRwKK
bOCNPultz
ajLoUgPfqbtc
arkaOuGCwhsmN
aIixQlFvH
AQtjbdkslLkP
duDrElrEL
bniGcuSv
dzVCGwLzEMiTjfPLJ
bYkTS
BubCvknQtiXtrGDJvTuU
CUclfOXPqzkusl
AncLTHnhSBnSjYuIuD
cOeZsjNwYhpQNlKQQT
CFeizH
BFdzNbdOTspXCNS
ba
dFrUB
ClcnUtTFdJHFUIJem
AthiUJohralE
CgoHSQmjrpJt
aNRHmgRxEkLXkbQon
dKKkmyFTeVFiTwGb
cg
DlSCEZ
BvvbRsSuK
CkViLuFbKQDjnRR
cKnVg
cYdLHrHLoiBaAwvwFFRf
aTDzQoAEfimplNXfIanq
AXsOljIPDY
aXQgaCnlrJMtWNDxJq
cEPnSHXlabJernzo
CaoHDyjAKrHcU
aXdgzLnjQtXb
ccexkZtuSjVdeJWFrZE
bM
dVRNGMgKAEnQLFu
AQCJkoyPbUiyMuF
DFMKe
bQFnwCaDZn
CIlQeg
B
AIQpHOOTQEZkPoWZqaZ
ACWqBpD
aDjIY
CvReDNsDHHZOkOgPVqWU
BdukxToenNbxE
czyeukmMnbDul
BaIJIuqHJSGSHVWsG
CSbFphPp
ciaxht
dXevaTzpvDdVZFKt
dLPiepcM
dhLDvwMIDr
ajq
bizPTdFiHIeTuD
DaBamBeSfjhOaVjiZQB
AX
a
coBcsYtg
DFDjNmz
aBRmlYFVnVA
dNtrPsjRwyqGyEDUxYuK
bDQajMUsyTcvFluPR
DW
CoglwwgRFnrhpg
DMHDpHNAzZ
cRFEbXIXxlZsbK
AUxzRKIuNDOjicvx
deDjRJgi
BZySWWJXO
avqz
cgQSb
ABDczietJJrYb
aSuGNhcrEj
dIfTriBGTvl
byGxW
B
DYl
BCuPMSIMDOLdAj
CKZMpJvfxA
auyRk
dNuObpVhqTyf
dgIhqWsHp
AyPbGebQqDSrz
AAmBDKIkKQHo
dajpskSovZIoh
cLJDPJAt
CgoysjUr
BHJxOXLwYOIdMBVM
dtDTzCmu
ajTwj
CpsmtMtwHeczc
D
dxuwFJuTe
atRNbyDFcCboQHTjLe
CxGty
dPXTukTIWZm
CyTmBzdjXldNlhH
CRgtLlXRKKnSNLorMD
aU
b
bYnnJPW
CEEouoRNqVoVOlOP
cM
cBkuJGhzozTeM
dioRFfcyAvHoRGCcpYw
chhBrZo
COqXkdTKEFIfg
BQYXttvzULOp
cYqykebUR
CTN
B
ALELmLudEw
BpebzZtuFAqAAnSuvd
CTjcXywPesBn
CPoHOCrpPU
aRHyxlTgKFSORq
CshLNbNRhkyWeu
DJcCIGhePvKjUdyeoAIn
APloDTZYQbpTiX
CzpEkERuoKA
BJkpxswSuhfZrduevlW
aktcBTUQ
dhNjOp
clfrOvnqxKCXp
DEQbrem
BzYFAYi
CHFeUCqUMKLMyX
bb
CsnzMSL
dIlvXRrtCLmGIgPBi
ctkTA
DMa
appXAbf
ATRzHDm
DjAXLslxZbAEdKFDWukd
DOiZFVvqRBZcjmdHN
dGCLKj
bGoHMU
AQopV
CIOJKCrid
BHNemMP
AdpQDxWJdhzCKvqUvb
DfcQNvBJVO
BXQW
CypYlvxLQ
DLBIWxo
AlA
CfFcMZZpyhCXypN
cMCmhTCJZvPNOsILZwM
CQS
anjuX
dxAk
bOXCQkSUslR
DmebcuAnrmCNflTMCtL
At
AwMCVjYFRzXKa
CtAJmigoRuASPmjcaY
DhkVUYsVFbKhLKGCbhD
B
BZ
cuSAnLquMFjNViokyAHO
dbzU
CQoqe
cNpRouMwl
Dm
AeGYEXoozRrRKIH
BbFdo
BLRniPqdqTWjZ
daXgOKIVEDfGvuYnrS
DlZRXircRDhhd
BXPEjDngahDUdCAp
DsUFj
A
DKHcIdVhLpKIEBysT
CbYo
duyJHeNJZRz
BaaYUicQo
DovZoxZpSiNRoR
BOQhIq
DODhVl
bKaW
Bf
avuwDt
AgPFOKiTvqfpdjU
bEveQGsOcmsNsVUjs
aWjj
D
dKUbAaBJX
dblFJZFRxJDSfkUsak
deTyJFKuJi
bF
AaearUcfNBKg
DcDx
bGJlxrk
AKTf
bqtEmpcZURUrgpZHrN
AyghWolbxGe
btzICdGGsBSpK
awtYx
BghPBIdppomKv
AkxuHzdiITutn
CiOepNoLNzWwyxz
bZvEzlXilc
dRjEzIyX
BeEiXlLfNFmaMVFFpiCx
cGhTEFkEyZ
ayOJURLz
CtnP
dwpZldVwxXSo
bYTMh
aPDUcGIqQdV
D
BoLBUJ
AXXSeDrNYemoSGaj
DdaYqttRjrTkoY
CfBIledjQVlqaLy
dCZixKs
bSlEQPAXt
bHLigQHgItaNSTb
AvsBOVzNIPaPa
dluGOwD
cgyEQaEJBPjyLRJNRF
Come
A
aZpdeyAafwU
CSXKjYnrLhBCDD
caRRKcvueYEPeqhqmu
AVIwOxMSJEgFUbzcdf
cRAAcQLTkPBTgf
dsOUWdPQX
baIVDyBfmNMBHpMY
CeLaGKmmhSRaSOgRadGY
D
aDUJyxsRYqjvA
cbmQzjwPmLohYiBo
CeZFs
DwfpKQKFEDyRbvRmZAhb
Bye
BbovssqzwmxW
d
AKPXlgVzBQxgBfDPwUo
amWRHKAZwpMo
BjZpNLHtUkyjVIBJ
DEXBT
dNEFYLsDG
anKdYLbjrsASenf
ctWWcWrHLh
apPqmIGR
BBiM
cjprWPTlAqmlrgWPF
BuHrlSOVMJbUMjBNY
CoTphrbmgUuF
bVeAUcIRLlKeiDgwlj
dPAYfQHsyQLyP
AunvNlEsaYkpZv
BtlT
CeCrdvLHz
DDA
DtQuj
AJVbOfuvYjxjSzXmf
caCvCAEV
dlOXnkGrgTaBW
AWKNKkiMqoWuJFmeNtPw
BC
A
aZPEJMCWrHkDhILdHDWy
d
a
cmpo
dzJFUyHvzvADNMG
BgrpVCMdR
CTkDjhlJUfvYLjjwKHrA
DcFJAiQuF
BXQiYO
cFTwYrvnzdGbeVD
AVvYQXOXOkJSNZV
cmlVlhDhcZzm
DyRCXXhPZ
cOghCx
DcIoIzMYaYDdeXqiP
BTEBxGMpkIGOeiW
CQIDFGmFrcVMlvq
DquUIuxiLZGOscf
aBclRjTTyeNyqFYrFZ
ctnOlFeoLHjrLm
bp
dZQieKSm
dS
aYXkunQVGkCaXsatiDi
CntmxfvRCkyh
aKwnWUt
BWiPLB
bCk
dcpTZwwlQu
dQv
CSvoYCtrkHxJfFBaE
CfiIbLMVqHSZjSwF
AAmxh
CGvKOHajhFz
DpxEgTdEotlns
DFhuPhpStOL
BlVgFucrWnZTAjMgkiMv
axMeiRyUITNRmFXh
dJhJpYvXWlYEvOdWlF
ALcuGDrtiA
akiNhfsa
DdxrmP
AClDSXDnOjTp
bDOwyBN
Cgrui
drnTXLolMAfbMJcfGuOl
CiELIaygLBylvnsZdTMS
CSbwK
BopmVBdI
DAgCHVdjjnsgmetBs
Ax
Co
buNOq
AnNlw
bmXUbzzVUz
DhVuMno
cHtpOXTxtbsJhZTBL
DjG
dvxLbg
blCQoYM
aGxGalZlJUNU
boihxout
AaZBYmcMbGv
AndxinBeclI
BtsTbP
bnbmITlVL
bPNIVwluchwCubAs
aukGryBsRoz
bQpBrCPeFFShYbH
coZzNbfDRJKx
bhgrQCzwAD
cPffAig
bWClsmkm
BWLLmmmmDvLpRYOr
DnvLIdpPSU
AJyxBKvkgxEo
aIiadGARvNZMVDKIj
BybEdOLtKsGsTwRZQ
CNwUowpL
BStLuHjx
DLuUXrCtEJyljQj
dumLvjORXUacieJAG
aZh
BdpzqaVX
BnOPhTRmyFBRDgI
DrunMemHjOncyJjBeJIh
BxkJmGr
axgUlKQLMzmNeQ
bDDgKfh
b
dAlGz
AJJlKtt
BmGlftUItoUAcjiljn
AwkZGxuL
beosyy
CoORhtjnbhFH
a
BqR
akjbUhRiHn
aLo
AXIDhjf
agYHIDNVeBahy
BIgOrdbxjxmb
AscG
AYhLCPFKbu
bxPaCT
B
dI
AulDYSHPszGlNaabj
cmUanwHJkUiGaSwU
aLCEJcLvmAYI
bLtHTK
BX
bWRNHOHMPWGBtVcWWsa
aNRuPKENeVfmnd
CWZm
dURfzoTFNTwljdPqCh
bkxktXuMZvHuoboVu
AVoJTiJznjrmlpilFjRM
bExNoGFjKXhz
CcushJaKUHLJtD
dmmmlzPWVNDGGPUgjae
A
cqOURpcGiueX
dnPdLyqu
DZRf
ajVxXX
bAeg
aKKRJJG
CrcIIVGbds
AK
CEQr
dIqpzPiOhOCt
dlBQcPOyAseKf
bbjNVtRc
Bb
BELBAmHXIRVieOASsyf
DyB
DZLaErKTQZH
CpMRLpdFoP
cyNnPLpGgdGFlwBkTcwK
cwdvVtPlSXrgtxKDbAqW
bbkynFI
bmatWOvDWcQzVjeqDuti
bC
bxu
BDYsrCkggfCYKhRE
DBkssmSYdhnFDEw
dCjLvPXdJrqWySwX
BYNbhHHBEc
AmhrYUaHcNuwZZHmQ
DNRWCltJcSXhoYiCzSJV
djjHbrzxPqsPwQCb
DCPQfCRHfdytpekvLte
Azgvc
caPANcecOPlRFIQ
A
ATVbILUOOFqFu
DFZFmxJfKvDbuZocLBQ
crsiO
drMPTwpXvs
b
crRTvLaZoDBskMIp
BRtxRLiBsojXTULNUd
CFtqB
cKg
BNMtfYZFNiS
alvRCOIzLoTDujvfOCn
DUMuWN
anazNjPOQYabAFGVZfFR
CUIEGcZThyXxLPp
DjpzStxrMGLeMKFRS
DC
ctFK
Cjw
a
DfN
btIvapWDRNrJrs
BQQXpZGw
AkaV
BXIvWKPb
bRYSdssDceWtNt
bM
DsshNhqgSFomdExN
dZGqCUfKKsUOAUvTKv
AwMHBvAt
Dp
BFGiF
DaNhCBecopjVkez
arIFImmWagLDqc
APdAZlnVPTgFrtmbNLUg
aGDMfThqLHszJqXpurnB
cJyuniP
dS
bJOiEGqEeqXCDtj
DdvMEK
b
ckkRxmqIKnGMBWnJqn
ak
BdHflUFMDR
bkOLtFbIBSlvCdR
bwWhcjgIzpwFz
CV
bqlgs
dsFD
BR
dpjxHyDNB
CxZlTDRN
CbWteYZUq
beVAMRPZ
CDqybvEXXfbdc
a
BA
czpx
CvLXotZrsvUsoPzmrswJ
ds
btzGbJpeiAZgnb
ayYdYISLVMzaioeXnh
DGlKiREdVg
cgStTDUXKKskALCzaMp
D
Day
bfUFlcPt
dyBSHIBaVTxkjj
CycVQp
cbwuxcARbwOWofna
bEVOiIjXN
CXHwJmaWMEMDFdHeOCIT
CiHlBXzXwGbrSH
DDEqioWHS
CJ
aupMNgq
dBSGakeMngd
DXYRntZkbd
cHGmQdHES
cjcAkMZpcdOwRwUVD
CNJpZcYkYHxPRHNLD
cZGY
cwpdxJMi
dxBGPrpe
BlNthIQY
Cw
ccYuGvWS
BosEZbaeQBvBSIcFxXEo
dqs
aNYPCc
AEfGEOkNzLA
bejpefGkCdnm
ATzuBUv
DK
DgQnIJnZPlJeJiAfQ
bmivfBdXRC
B
CfxpfUlCULYvNO
BVv
bFmPNNZlBvA
AyhZItYWiFSUbwhnE
BDNpEAq
anVxYdK
DKDzAnlcdiUmG
CemnDISPIw
AlZGleIiTtFOJCRE
btsK
bUg
AfyvauIwPnyqQt
ApkWQa
DXd
DPz
chHDx
BpjUhjLYofbiEOtf
bVDsQYVoKHugtYHv
ajIfSQQaMlGPK
AMibp
ClUpJLzo
aEYdjKcizxNFaUYwVnIF
CZmmkVMdnIZVXIKIYxp
B
DjwlSMJSK
cECYlaOqfMSxNw
BqCYMeH
aoYTWQrpePUPyGaIJvY
BbzY
cojyMWX
d
dHUZNmaAadl
DBHvNVpdIweOew
cgfwyx
AVWIuEzQR
DOsarIhhcQ
dkk
bOCdCNIIvEqTeyeiIxS
DnMRuGUlI
dgSnEoscPTnJxdKcRK
aImIJHurhRSPjZa
CCIELKila
alZtQmEozIAkgUxxkkZa
cJLmTpLbWWim
bQyWWPWJEpk
bnVCjbOIyEPfTgnQ
ANFRkn
bMHMiSfp
CVJwRst
anlZdhTBgkIc
ACMwnXa
AOnvOjYQOlkVAbfO
duLBKhN
DxWUdUuOfRgvO
cXqRcL
dqToU
ceVc
B
cBWCImbZHMvxHGX
boNJfA
cRIgEPpNKNp
apSPvkhmf
CxPU
AvkdAlUgZKiCPYzp
bJS
A
D
aqGPtzYlUpXpeQqhAAkq
BGMCGEyf
bepWQS
bAdyfgORUQBdWOgHnGC
Dr
aPIC
CXeIQrGT
DIFTr
AwvRknX
AEVefhwfNOskHC
aWq
dherPPorXPuA
bQjYCmACUmvFVCSlj
aMZYGTRcB
CaURopzelGcLBqBr
DxEN
AgGgdqewDb
chFLHqNfC
AnWTxqmCt
cfeaxlzAhSusiCnr
CeTZsFynImoNOuBLkb
cktUomTRbwxtq
CFPGoHzxMIkHy
CfeRUXhCMjxofft
BbXfXgvI
byeenyNCVn
DjvjOTTkYBqM
dBryDOvgLby
dBv
CXVUPusUgnNcdAYlNRfR
aysLaaENNWUFB
dHzQheuv
d
dsCfgKsAaR
aDjELrguIgwyNCfuA
bln
DqDyF
aegMVUZV
boyrgoOnHYkNWM
DGyoQWrvsJolJf
dXrVpmeXFWhFs
bolcgc
belbsargYHHgtOsj
AGrmibmP
cEkArx
BKlYMwI
cmWIDfTUd
CnLCz
BGWcxkUYTITxIPDXaSN
AI
CVdoGHnUiiFJGJqBDGvr
aYCuHwDaPCVxfOVnzj
bovHzIPhXlRbHCm
cjRbtlmByme
a
aKyo
DXwRouODonsBjpxLdpG
CbULuPBEaHfKieMG
DzThvfkym
aB
DSKy
COTRmciGvFBtFzIfuHJa
cyeTs
Cz
BFUzyDtN
DzCFfBLGToQBebZO
CjRbkxrvlHYZh
BpOUj
AZexIRoA
A
dtXMZOlVCVxg
ANFxZqOuyWAU
bTkFrIzHWyf
A
AUnKhF
bGisHUTNF
d
cl
dkuUQKGOcLjV
a
BTs
daTDsKCKs
bOGzsNuxrM
aOMPvVRQGcBPcDBS
cGLtFLIkJElc
b
DhtEteBlHIeVROt
ASdrVdrMcTLBOo
aOZFKiIxbG
aVgWzlnOwd
dp
C
bfunPtYbVfdIjQHAlzE
bOocZyqJCUGDqZMt
Aq
chdrVfjcUJ
DWNrfZjwUpwYepWwIvIN
cIBKL
bsp
dGYvjrEJ
DNKlw
dYhBE
aV
ALbUTKOWCanbBzGGBKBP
BiXlTGHtrRrfjryhOii
bmLNW
apfOoJoqK
DOGM
DrRMeZWmqYpgRkN
c
CJ
DkROBbMjbQVQnuOqMgif
DjoFYOPSuQyADOHSY
asYKVDA
b
Cx
cMxMYYSePnKYgC
bapnsrkfxzDp
DjqkZMhLJBFBXBNkGAt
cUsxkM
Cs
aXrBRJKGBWQfO
BPGvskgdFKjeI
afgtziozrRgnyCS
DogXtaMsy
cX
BrVhh
aqpDNhHijEhNEAOy
dqj
dTj
AgVpR
CBduxHxTFtFGL
alBoXd
BtWMAZPfNxRrNJmd
be
CHHXGyyRgbGbAJBcuAa
axV
CSGnBjcAiTphAXe
DTM
bxhEp
CFcVFzJwGWDPzGtwfG
BdH
d
CCVGTvXsVx
cWnDZbxwwhI
DtPwKvJeTvGrpB
cvujIENGqBepIr
Cotcyfw
AVXJtOnwGS
DCS
CnOYBdClmgE
bpJLQDLiKpNlAW
dNtRmO
DBuUocJtZeUuve
CIOPbL
cUqBiyDNAJTwS
CTx
dRDDTD
AYywOeFZtjtfd
dDW
aQfDk
BztHjcQpyrwTXFQvma
ajbxiVsKSSMKWxOV
BtWGtPPgKYLVDZ
dgGKkBVcraCz
dA
D
c
asbbSNEHMgATGWA
dUojyDiNsrlqz
DsiyqNDzQnzJjjX
aqnYxF
cjqUJTTTvpJ
ajAtIIHyvTddH
CMzfeYOekPldSnNEii
dkmwVd
dVhuqpGPhmTk
BaQt
c
DchaopVJ
CxuTzVXT
AFoGMlNkhIgbVRc
DmqdZoeNkMeI
cvwsIKchiXUtkr
CwznKTjKUgHxV
camTjSmMSlMGzcyFml
dwOXbzW
CYNK
aeyAxxfRh
CSUrMZUzHkfQu
a
AUEv
avcfBpYzhTSVhsSKKG
bchexeJCntVtDZCx
BtIv
a
auuk
alOHqSELAqzbnx
DQoUSSMuRlqIMjZ
At
Bay
BLulkbTCEyFzXN
At
AZgwOPLjzQ
ansamX
cAXomaKHiKhBeskVg
dPEsEMFfJWEu
CUwcDmPCcr
DxQirUnraF
A
DfEPRAqpiEsHcNSx
aXc
duHBpLokumsGfxOeRP
bYbHcgQkP
DFo
AIeSNsaZaypNCQtfQVlQ
ckJ
DYwlisujyqu
BJOwZgXxAKjDRqjXD
dN
DgxcyThDDRpccGwwUow
dyv
bPOD
CrqOXvS
bdeRhmNZFfmCyF
CCEyTNnqiLY
doevgUJ
CZxeJwQ
DPY
doLsQU
ABpeScnDVRceThfTg
C
DZNlGPIVQGUNTXtpTZ
CSfrF
dMBCklMguaugfvCNm
ADHKqRBYXou
byUfnddKxxRk
BIMkTm
deaznEuutblSuOHFdM
BhnTyGSWb
cKTt
ClRxWNmmq
dBLSNPSLBMrQD
cfL
dNSQgITAXlwCaCk
bWUyGI
chTRTPgKPLiomEFpB
dpAZOorxloMSUOgJKDC
bc
birol
ALt
DTjGwT
BgAyDDQ
BzJnAI
cuXYFbHYqGUmtGgUkqV
CXxqxjFSp
DXCKxmFnwXYiQN
aDTzHxlNuEZzDouXYJM
bTp
dbRnPZrKArL
CkYaCAGlSPHDdoMsoGDf
CpCtWiPdkVR
AGQxBMGQsy
c
AqFZzUjkDEXuR
dTrcoYZEtXVzuJuadF
cdcZqWVwVlyzT
bPgPlNRelzipBtbSi
bSzSludMgkn
APUgIMgO
ChwojXBGraAOj
dk
b
bW
CudXMTdUCH
ay
DmvyNEskw
aVXVOQFQP
deVmCWkHaZhEgeOdVBg
dIKlsSdvUYqcySS
ag
dURnayDMrCS
d
DOzpHJERBzMYAi
azXbFGFrlcmmsDj
a
dKGSXapHOEiRYaUl
ajimG
bnW
dnDljpXSW
aRCopv
bFWzQLFGvogFPyCpThQF
cjtPQg
buOzLSerPLJQFuZK
BrjkQRTQmfnrt
bYZ
CWcEvTwSRtoMhWO
atFhYIjt
BdIcLAcpgigzaMqOdNy
cgBHRd
aSYwth
bNTevf
CiIvspSAgbgGWfqO
CAniuFUShFJGKKBss
DcUAssGdLIHXSEkfxg
CSdfpuIoYmpD
AOgDURQKNWxjJkjqSI
CXVEUSWplbkmgGNkyES
C
bCnxkCJp
BZAlZYDDtVFryFZFKvSc
duXCYImhqOoeoPupCi
BxRXUsplA
CkRCGwkF
BdwHFzcQIUAOGILL
cWSFCGrxpJFtvjnvRtq
aEa
ahQWXnUJvtEWrzXRTRA
AqcFzkSx
BJJeZesGCW
dpLECcDXL
DAxiDUKCQu
camIGB
AXAfBJYPIAu
cGCLfkBe
d
bkqnwrYHP
dXCpxtYeaLMdKUhYk
aUuACybvL
AeQCSbuRCnCEVyhY
cRJbFdpNmORjKgQD
bYa
BgLCwXEmymIqXwQIYD
BncKboICdXEtvXUt
c
anfNpNoLQSUsmE
APsANYJqcWfijesbDzP
CpFrSpMrstpEQMLfkQLl
AEGanUhrtsMvyWYBq
CtlnxMxvlOFT
DJxmegklv
bI
BmXxOHVnXhGFN
agmLG
CGVtLaUCD
bd
B
cUnElxwOE
dhmzbchfsOoltzZu
CjMjRXAnwRNNeLPzdbXG
AJ
dgcHKJgfDVFthxr
bP
adFTYfQpFYYZqfSGini
DCWzASHMML
COBeasPOblnQ
amBEBVnjuITmZuT
AbQeYeb
cqczXgLc
DvMLYwQUekLRFmOo
DrpEasIyLHOOQ
BMjkfsWygJhILtXNM
AxWAwtNuQQU
bUDUaNrnstvHTX
capR
cThbLIGZgr
aiua
AmwvWVEKkWiSntRIQBST
Beb
BAnkIcSjjcrrJgAwWl
dGIl
DTkRwp
CqdOuYqm
cNXttGuQhYUng
bFYuesdpmTi
CypDSPggqdpjwruLcdwt
CjnWQvcAbaT
ddDhDAxXtfyRrauK
AWZMiOOfRYF
ahBf
BuYzByGPEsxtu
dBseskHoLKGJUB
dqNj
acQGHQrLWWfolGZdoP
BzPvDEXO
B
djMlfkApZ
dCa
ajAAJBCcqfgVYAiawC
COgNPMFYBayrFWGYZv
ATrLcDq
boGFd
BfapUoJfSWqWQ
ArKfHuIcW
AvRn
DgXHzRGHwKWAaGI
bzhReKtx
AKIgBmaeScRaGErb
bcFHfzNamq
anSamhDSQ
CYKyJYc
bZ
bvkzAfbtYzJQpGa
BrUugKsrQ
dTVzlGuZcfRoQPawm
BwmRidTQ
bVYPXptbmOykDrK
CZUVxaoIYXNAJ
adMlLnWf
af
bq
dloysfxSnVWAZXFLHK
Anfa
cv
CwOpkTVSvw
duvisNOanljiBrO
BmZmbgetebTiY
ATNGEhsQmxRqo
bhEqkEvIUx
cCTJNGGxVRGcwhHybHJJ
DhydUxlWcyspZYinP
cEpnzAjNAVxGhKLaUieo
BhJkKNshs
dCsmXOGIFcJsLTo
Azkr
aaDRPFWKHOqN
BJwYtLRAjHzGJXwpps
dPtxfWpsfbFsUL
aMcZ
CHUuvyNZ
bWEYkFwzIvV
circdSY
awVGaRj
ABRNI
doHVSwaACWGno
DCsnuGK
awEjomAlEBddefg
CXynRmzGH
DHMD
CDUoogf
DfrEoeqR
agkAvzWlhyZUeqCYHqVI
ctWUWyjMxqTaBju
aWxMok
cEumMPvKItE
bYd
HBimTKxTPccg
fJzszejdYDRocUAqj
ggsBEhJwXHkcAnpr
hHVZRJPjXqhFJ
gPqUuCfocpcUXkH
fKxwelslVazFA
FFHHzKlOefS
gaHDNTTvsiuWFIM
fVikHqkoewTiKuOxxjK
EnBlXU
EUpRaybHPgqCDnsuPb
HzD
EjwTDLP
frNgAJZYIDMvrSUdJKWp
EDnCpceHFNsi
GXEwMFcyQJMv
hC
ftnnU
hQi
eAnKqRw
HNAFuwroeOAyOJGnqPBa
f
gmE
e
EKHWrd
GiEOuc
GSzw
ecgKecaJk
fXfoqOEUZxuRGjog
Esmds
FZDKDhvNpObVgTNX
HhV
hBpJieKuFSrgOX
GPLgZuzcqUlnkduXZ
eLjVoalcornTKAyB
ELduxMqUZssD
fSSPrkn
fWhdfj
EPhjfmHZ
gTPmBmReArCXfvsKOw
hyh
fkl
gLhjVdmhNnhzOO
gMnvKYsrEYUq
HS
FSEWqPDLR
hYBU
gXdAfMUncEOxbmQxRLo
GWhiJVlCQX
foIdCJxX
gudxpNamlgeNgjty
GY
HbXyBJDCa
ESbuBWuWDljGsEF
HqKrSPFZgU
eZsmVR
GTHOEjIsfTRO
HgOYUsaXClDTLizyRAg
eoyYbepQgNikktO
fAwwjBaSXFIKxRCWHAP
GaRjLvdTCKqWH
FEVJcIAlbKCI
GgyAzIcOsluqh
GnyMYZNnHsGh
hxzCn
FU
HbiP
hqTFTrCbHnGCaTrUKjE
GRja
HYihBEvnPEDqYF
heYOqsc
fmJUTYqkhuFVl
gDEJhAIqsoNzqohiqJL
fZaNRf
FVeyCymXItmmM
fQuiUUP
EpEhCJojNJJQmRDu
FltofMLgIWaWaXK
ecQtqDDqN
FehUaQIhwjiH
eXMMmYWws
EDtJCtjcNOkJDPLbNG
hI
GpgOGN
ePDpSCMmKnipynIQf
EZqrGZPwGFqIk
HiNyHkIz
GGLjQ
edoCAEu
HXTitIEPQDDtjQhKxjg
hYbkjWH
huGTrneYuFefZdGoJD
ETNGm
gRoZNuHXxuETfpfcbzzD
hgBaPxJzuDhS
gZVjqRxxv
HAuJkLsRe
elrYybsO
ftugDdkOgT
gmigK
fGRKzcFnHvXvDO
hDTFTnssfVXcFwh
HyFfwEyboAOIlNm
efUiFc
Fw
fZactLSPzPtIZpy
EBhhBcAZpkCgufl
GASKYdsl
gSDAXRAnS
gRFfGIsOVeP
GQMIqVOYgEpzAnlgPiJ
howBOuFGINvbcRdK
eewRiREuppVs
FIiUHStu
gVa
FrbGuMsBOATb
gWoRATKMQ
eYbA
FzbEWByLhgN
foObFVhbnwTzMYMJHl
hEWPJIzKc
hGcNGAroTgiDAWEb
g
fzlRqzyOSFcO
HUGkd
HxOMy
fcYjZUwWRdac
FNBmuKIUuJaXnxGW
ECWbKcTxuLkiajeXBKE
EbJPEVZCJtY
eTbqEz
hSCedwZYgASzDiZIaA
eGfPei
F
eJXO
FWAVC
eWTRqz
F
ePDLBZQGMxIxb
g
gwL
fbAh
FMfVtZKmcTYBFj
EoluTapdLYDfQs
FtwXYJIjxFCjtlYuWKjr
HXtWV
GhHkrGtL
HPnLSzArQfiW
eqhFcCfanh
HJwWOthRZn
hOTYmAp
fhgWOvgLJpPLhIVVRHPY
hm
fgZO
GayVGB
FuhWsbNCrNaEFQqaY
hKzDowf
fZfiNnv
GOYdgtCgOqMQH
fvBmAon
eXoEDQrZTPZDxUadAPlx
FgbBMAlMyzbzbyfy
HAjQ
gpQWuNwm
hSydE
erzzRwZrn
Fgq
GprDG
fJytXrhEghFIOhABzOG
EtEGmapaOLXzWTOWsKFW
HbhU
hYUaaoLIGIthM
GPvUdkT
fmqzHtpbFjGx
gEaqOVlBkiTTKCgEQf
hCRcdUceJmSEDrqIhG
hmkihnI
hxeXmsS
HxG
ewAqA
FTlohnXcF
GJFUehW
EvEDef
gFXBZToecvZJvA
ENPPQgsmu
FUivHzwG
GLYdMrXRpROXsrAyFpyo
GCBRaIDAJAeZBR
HrVIHb
GhEKXEQOXHpOdveRZLg
eKAZmKuyWqgICDP
FQNVfoUrwtZoL
feGwzzNaIwserNYf
GuychtbN
hOB
FTACkoQMmpFhDpTE
gJEILAmNKjQPoFcb
fdDIWnB
HHiufliMAz
gOPkKvEyxWtd
fyipsHF
GDEh
ehGHs
Fi
eUkWkJN
FPfyQcNiMbyiHPvOk
FJBIRIISpoIPtSbZ
eMuKEXTCs
GI
HMoj
eFafqKMYM
HLvrz
FLoFzjVeYNjWtQlQ
GnVKh
hAVB
gZXPnd
hkzVQzEzSUg
eOFqHdFz
ErFUHLNwrinMi
fpDSCxfpSqDIauS
FuTYrnVykFuVv
FAtCvCS
fHHWhFQjzPOc
EhL
FGLmGS
GOgMhdpi
fQYdBpeFLrauReqDbi
EGL
eqZBWECqyKOwmNKCR
hCgijNJDXCYkLJ
GITAGgvzpUF
FeCTbmlKKOxufXseR
HhMpSVSQapwaQmlS
effAksobY
eBHj
EI
eGVWfYVfU
f
FghCmuX
FsohSiDubVCZWkMwFk
fttpMuQ
hTJoerjMqXsupbLT
FnmcGSGmF
gpprUqo
hXR
hD
GtiEViWi
fwuGorwrGbN
HkwxaLrgMWuSPAhNLf
HZneZArYIOg
EBxcFgtYC
fy
hawRaAUWGoIfWoNNbdM
ejSOcELBzViArVkNKv
eoRMuyyYCPqSRD
ftabyFssTGwQm
HLWmYzNp
FzINOaaJDkNLYuBZXj
eVH
fKXQl
efhPyUuVZGFuxLbVO
GX
eOcKhyCofoHqATnvsTO
GKnfoXpCOOBnPUYJ
exxkwwOIqbvaS
hwcDVnoOTGatM
hhUKqJBBIGmEJLqaelxh
gvKUPmOeAgATKRMd
HzsuPjfPTNU
fykZ
hGRsWB
ebwgxPCxlvUOySXtzu
fHlaYmxmlRFOygrNX
EbNIoCLpLIr
EtinOccAtXanlcOR
GvizVgWoMLpkbaIEJr
EtphyJpQyxVvHGvwtOsF
esjMtK
gpLRFRb
hGuhyuLFEZVfvlBEViUB
HmBHdbIiYrOmCnj
gIfxubFxmbdvhWyvo
GkmiMI
fXEhhVSgZeaSyanwWf
H
fx
eFU
gaBkUrCUeOGkFrPY
Hp
eIImhFtMyPAu
EDYFFKrLLAFvkegKpq
FMVrt
FqokFdibdbxEVkya
HQNWfSvXNtUoZzZVg
gOpDARaZrBkUY
E
GshqHOmWhMMkcZ
FlsPPvaMuNcyx
f
edZpCNMwHJBQrxWm
EHoX
HnIITQoPkQYHXepKDuIx
eNkyNWM
gYfSZDLmo
fQu
eRGnSnH
heCtS
EuOhdt
FxAWwqWnWxgVHZrVNeXf
FGunfNwdvmxDsPMfkB
hmaCzTnEVAfhuoY
hrJxQMQAXizKpW
GXCCxhJecEeQCaUK
HwM
EwgtLfc
GKtalbuSUpagVVBl
ECUlTwlfpmmHZxUoTlU
gM
EggdeKzT
GLEWApIkJECXdBg
EIeuijUjFOsjqqUSC
hWjlefDLORtEScQCvCMB
gfhvaTdmhwNEACnU
HfDTqOycafNtAnI
gEXtRnqprvZXnEXdRHMi
e
eNtZYWmPsdwAkWMKaii
fjoJtj
fijx
hrmW
fYZBhtUG
gjvRLhEdB
FkasfnuLqmeqUBmjAGBt
GAJQpDJZlge
GaFcfoASD
gfoeFkAkWVHaCcB
HvjDlJDeSBicMzpOXRXS
EGYAjNXABTWZlFCJKo
EvwkopepZposkjGGIJ
fkDQMayUTvJLRXvUOv
fAiOfdCNl
ErKNWZ
GEWSScFhROmmNVvyTa
gvPHhuTNdCwRi
GVSMk
GEJYEUMQFfTAgjcMZ
hQlTNYueRyRQXNWfJXXZ
gZrizw
HMR
gxCigXmZDiPNAJRNXxR
FuGfzmIdTDuC
e
glTCsIffpuxGvSjiQNm
EEWthLyIgSz
grDA
GZMFqVIVyuBFkm
emQPNoCiNtPFLso
fPvbRMEvmjB
GIzmBiCcPNg
GIMrgGJeePIw
guaTlKuofF
gAjXEpdttkbKYldxc
hZzMXnY
HaTkVxBSGgzdyRaPdNep
eyOjmQXP
HycUpjOOWizlXl
FzuPDqcG
gSFyeWkZGCH
fFkcmsCNxcONMGPWn
fUnxdUhSYZZ
eZDrD
EVnqLgdtLKMmPmKGoCZB
HMQpWDsYgTOtQNt
E
fjUHqBzVgSu
ENMtKgtYXsCfASPEs
GfoAo
hJssLjhGr
FdzPS
GZG
hdflwIuWcN
HBOhGiuWH
eGGWOeNbF
GgvhLsDBpVzRuV
EwZBqT
euzMPHNMJMgXK
EBeeVgVrdiMbuQuB
FZZvtkmTAY
gVJvmQXeQUA
fAZxgIBngDhjoDQxpS
eQFMQoID
G
HxEhSoIcPnnDYETE
enj
GVYsZVXtDwfWRRoZDZyX
FxJg
gBpWdQTGFYjmwHh
hWRbp
EJN
FMdONITjYRYwtiO
eRtOHVFlWr
GsrRWeRyGUJcvj
Focrhd
fmRwvndCwzZQ
EpOToYxXznWtN
E
gvufLLi
euBsbQfhnuxCQuc
HFKkfA
hXkRyOOZn
gZsCTtZCZkx
gMcCrjdVqZtkR
ec
FHBGKdeAHOUfqDqoBVM
hIccBnPXlTCO
gM
FrECryvxVeyfgtzZBYT
ejaifFFgQDdsknEBTbnY
eXxcSNBj
edNEMjoJJaqzFbNwhDho
EEAqDtPSpHUaEGQr
eRNT
ftagi
hIUsxSUuWRWumqxHeVj
GGGonkBDXUdLDh
FEppveJHqF
FQKAdXVNShzrya
Hq
FbKbJ
fNaaPxdzEJvLpZImBmF
fdcIvRD
HRaVnnIMtApWWhu
EYeG
gqw
hecwQvC
HkqJjqlROYOS
fnvPKkHywptfYCHSSbP
ElCiMwzIgTtBm
EbbqRHl
fVtKoDm
FnazKcFpUrEspASxTd
EOiWeqxlUoWtV
EhMBNUMd
hlggsGHHFsFaEgdGtjoF
FTryonmTiFBtMkxGjEld
hvmvqYmIezgP
hCmQjkQFSBuJJi
GPeyHf
e
FNWcDOyYraXHJ
GRJLkqOykNKMpl
HmkHlfloZhYNT
GxNyclPjYYcLlhl
hGijrysWPwfrkORFXurD
EM
EXpntoRBDqz
F
fXmnhgaTuAdNxlV
fuvnKczE
ePwPtQZHLOhSNdRQ
HdVmIGHLSd
GBUmZVjnQOHyGx
e
eU
fNLWPu
hlgyTbFxKJzsyVRHHiWa
EWq
FeDJ
fqutcCPMul
heCeqfL
gUkrE
ewuQEHFkTOjIXqYZnx
grpMDNdmzCP
EnAsrjfzm
HRNdAACWxQPvbIp
Gl
HBOUeTcgyGpmzhma
FqiIcqUXYwxLGh
HjKfyrASTguqJthYl
fbTQnpQ
EXXIUvKZtDrxii
FnMDkEre
HnWVKLHfL
GqEQYf
ebGJlgOQpMIJp
eUCNf
h
GkljrCFvUCMBzdiW
fbLt
GIVzGmSPyeyfmRZ
HOFvqPtVBinYhcP
GtSUAsGIuIRWzoiyxMKE
fFVMozVZbxYcmQOj
GN
FXCsT
EJYf
hkfEpdFqTnXttd
fTLzacdanKgFU
Gu
HWCCunvCsGsS
EADJpsgYuO
H
hc
fAokKbzyUMukcrRtxp
hKlOVyGTroKxjqjsOfp
EGvlc
ghiSDDpLK
hamVjcesYNtHFbye
EfekhFOWPvkIpZTjNb
eywO
hAdvT
htKDzwdp
EwPnXIlTAGUp
EtKNik
FftvhotTCub
ewb
EEFQKvyqBIL
hoCfiiqUYbglH
hGBagRlbpnmoi
Ft
EjSczCHGDmmX
FYAjcEUqLbhujsj
HCiOTPWUeCGmmDtXyD
eCC
eyjhEP
GwpsZzRDrrUDaKQUCRq
hTpdZWkWSllzQsQrawc
Fee
gcOD
GRtRiWnhTZvdmjxs
HUjpEQOiKBQaXQc
GJPwLF
hcGwkYf
ESRGrzzeudP
HVXfGmBgqNbtrZhQjG
ebngZazLO
FTPabUMgalo
eDbWKJAmTEj
frHqiIIKWdOGMHKnChvh
gvPglzDqkSpoBdFeVh
EBfMHqzJZgCn
frooFHFbPwcxdLv
gazCkKpKeC
FcdUMEujwsZxsfXymy
gMRTKH
EoGFtNhaaTzK
gxbth
erTJsk
eQGFK
eWxxjOuLH
gs
Eqf
FVBBPZX
fuIevL
GwtE
e
GXKyTlyzVW
HXTUCc
gzRbiJMYcnaC
fNVsPwoRUHW
eWDTeT
GuwPkr
GdkQK
hLGHy
e
e
ekKhTcQxsStSab
fYqBcoEy
FEMTWPVGzjzkcj
FJcirj
ff
G
GbttHS
GgwJqzxexukUu
HzILGJiHoSwwnpUjAgul
HwM
fBdHpZtNPtOBu
gPkDFrLpPwwtoCKwPJr
geXi
GWijVJR
eOAQzfo
ffxY
HiUAQoaVSm
HLdiXvfFcQdOkoQ
Har
gRwfCXUnikms
ffWv
EHwBORqJkqg
EoEjTELOSBuPqQL
eneHuLPrQllSOZOAABF
FUBZZy
HHDiSOzLc
ghxWtpcUOnhlKEd
GcQNJKzW
FLTKISKf
EADJuUNv
eLVctuIRfOxPZFKOieXK
HkXwAU
HakhCAbQjLVRpUlyJop
FX
fn
EwkJyJdpEY
HKGCsjGw
HWiknCoD
hUkMOGANwL
FP
Hdf
GH
EqvKOIrSNIcSnEAKjWM
GDCNqoTgrH
F
fJKWFqhpLXEHcT
FwFPwkmDXKrdpHfDr
FPGtRFwYm
gevKljLCWg
FbWBklSUMT
gv
fuwy
GXWxYuSaBrxwOajbXo
hmZSyNWQOgpk
FaBxzL
frRKhMyIKXPqq
eVYyhtVdwPmDF
EAHhDHC
gEhKz
G
hYIabZapipaInJBB
h
giqxcfANQiF
HRNlPwxmEzUIa
gzBJGZtJARiOUkn
EcytQA
HWvwgxNA
FHOkBnMiIZwnhgKga
EyoyupeYxQYyaD
GBRmbBDSlgQEs
FuhJowfjtNLnUvI
HXCXanDPnzGqZTUniy
HOGwyLT
gsRDaswSk
fV
hHAlBGWNwPM
haLXSLwGyHUYtxi
EOwOk
GB
gAnnOnGpW
eDJJqEvyqLhV
HuxWyZcvUtknKnHUPLeW
Gd
gzGqwdOwrIJTLunC
FeKDBcEBRjuIC
fp
hXkDxKVG
FTwOMvNADcjqFeUEg
HXhCjiYgSwUePtZCsZ
ErVcDLHJiRIQueQ
eZrXLjxvbJcXnDqR
gKwUiYkFCThjjRYos
FtqkpcAndDpt
hJyXoioaFOvcvOteAXT
hnHLiQd
gjXMrxKHsSmHNdOsEeSy
hf
hutEB
eKBDIx
hEXlLT
F
eoghASoh
fkKE
gRXg
gpgYau
eoWjfCrzJEuo
EOcZSoolIohnaMhcZLD
fsfNjTAsXLOj
hTtfbdfObNmpatgY
flayWURnauJuZsxk
E
gASuBj
fjdecqoIkJ
eZueltgHCWjgyDuMimS
fLlTvsjLJbw
fHUJYadwt
ER
HzdgC
gzs
GuQs
ekATubvGsLt
FWvrMRTdXpZD
GhrCLCp
eiP
fXluvhjYkhjGfVjDooMQ
fYboH
EkAUNFcCdpRpyzQWyT
hygIymoUqvxgi
g
fb
gRcgHPAqOOSU
fchHzTD
GRRgJIsCACoel
eDhfynilx
gzxiG
F
GePYKZ
gIKdAGXrUzIEJG
fOcKwUdmHOlRjHo
EH
hwiVoRhgOIevV
EIw
gQlaXnNnopTha
eLvBMwZwVopIfQxo
gdFXDmlv
ERw
EVTvPsCdPsgXAw
fOwOMt
f
g
fHodWFAOstzy
GlUQhwtFGdQqjnOfu
f
EhxPrv
eRgpQSSdlYx
fkqBHhzIRohX
e
evQTQZfYjymEJFMCv
EkCqusvoRsNxARIlyAoR
gIj
EehLSZCS
FRMDKXYDIeVCcAfVMF
GbkXpBdUyCoQnC
hYgODaVQlgtM
FXzhuxLYTFjjIYh
hFCY
fXWfCVXllTyCwCNYn
hwvwXqGQfSVaMFYQLJt
GU
fFGbaTh
EBEdHuPVpdsqeBLoSFC
gUvGCTAlKzvganHjhln
GJc
ELr
HJSovoxXmO
EYdULtdXGNTGH
eLaFJCmsFUnX
fkZfxNbpA
Gvfz
eASnAScTqeqpfBnySD
GXMrvatTybFMkjQX
hcCiToWmnIqnKyBHjPon
ErsqBQICZLYU
fjxaCrCLAWaRA
hIcvHHEqQXfst
eSRevSDrrNeSUviQeJ
FHBryhw
EynYymJFhpwMQW
gqpqQSjtPTfjQfHdxyV
hwUVzJS
HLFEjjWzG
HJHnCVpzHgjORvOHoOb
eZfKDR
hwhlTvlwJoAXePoAs
eYDIuMR
fqMBjILKgwSZiWgjaJBQ
gDOZX
hmcLuHzsCDHxytssaxCp
ehLJjn
HTqJq
Gd
hOroKoOHa
GSOGhsgax
eFyDbwUHaxq
fgvKQNeUcsfWwYinu
hVwybTmxQqzPcXVcrVxR
HllAXlqEYPCZpwks
eilGYOYiRvNKomXqTN
hPoaaXiCJtSRSSymCDz
GRBlIxwKWPxbnNjZ
gYlxpwTut
FfTXq
gmDGLGcmoqlTsAq
HA
GrMZEVFfNaKv
heORaNiCh
HpfocQwgcdmXrkKpUs
gsNJijKrLOsBCBNyXhST
EJBfWDVoleXnJh
FQGWtQJjOjPfx
GwSTOVmtdYJSUTwIT
glUjoiBohdYQTY
ghhO
hzpzSei
efrqODnleeqPujZ
ekQjOURYeyUQqs
EbHvGViDDowFgj
HmMgYhn
HuPoBHTrPZGONAS
Eu
gDDlwmzZcSOA
eTqWPBB
eNFy
GNRmbeiYsalNfnea
fXNVoPMGjqiLe
eWdpqONRu
EPjqZ
gFuBIVIgYiuEJIVz
ebjbKMuBGpxrbwtzHRQV
hbgLMxhiXwzgOrTpZ
HveHVUFWr
HPpPtLcJXsHcPvSjobU
gQpiHcI
Hh
hyZQtaidHf
fJZyReJXwJaSMfDTM
EaSWVWIUHXUegVcMRh
fURKUfhxuaTbqS
Fwo
GMn
HlkN
gaeFTfji
GTnRsFnJic
fRfktaAIimuN
Eg
FUNByRUtYgStWHMd
gvzNjyCJDpLXeBx
EefGuKFXihw
hwSI
EnT
fot
GVYhKduEQoQIV
HlmKGOyRBCspdwg
gvumYM
FHXqXCPNKpVW
eAZp
EIFCQWFLXYtUzglihVdC
EHWbTZjsJzsutCpnWMo
fqqpGpPZ
HyHqDSiwlKkOVku
EsLxv
EH
FwQDdKGXoLbIaL
eTXxzdfvqjoiFbiDO
horYWLVR
EonLyANnFHiZ
eiFrBXxosa
FFTxMjQ
HTHgBnpzcm
HdsJKJkij
eOnIkyZtYZznHJZEZInA
hH
eBImmmaWwEyDBqY
fdqhBZCOGPEL
fZUmoYcoRVlOAB
eOb
fiRkZziUDlfj
EkljWBLXyyvgHTUPwm
GeoCqssgRmldZpPo
GxL
gBAQGp
GOtCOYffdAPhgydTowxd
hJnpvK
FZzBYlooCNhNj
EhjY
EchMdOOgNiArXXAV
eYnBjlQ
hAcVm
EQxxttNHaBtwMFqMd
eOUhwOtpupmKzHftz
gLVsi
HLTpCzKNpco
ffKKBs
e
HHpexfWtyiVkKOk
HOqVhgrNItgajuPV
G
hFXSu
gnA
gqDiS
GHbbMF
hCDZlyEm
hHfdCS
FUG
HEFCg
HtFws
EpqSfKuUxrZFCk
EVHKPMOAGx
eZ
HmUq
gD
hntkExNNT
GlFqpgva
HhwcClDadft
FrQxYXYyeMA
GdSbovb
fQvKOlGFbbzWluh
EgECqZFSasAZanurcKC
HQFYLx
GtFYKDFkxyfGjCnTvDlb
eZKxSuTADAUeBUJwpp
hvs
grCGXooEe
hgsIUSDxjDMYmQNILuQI
EQQFMM
gPSHYcEwhTy
G
g
GhqExLE
GMttairoVZqSGc
f
hsgyVd
GQwoPAgsoDmlGm
EaLtsYtCYXNrD
FUlKOKNNvZsps
EgMNzNXrBrB
fMSPQZfOdjH
ElGgiegIzW
hS
gn
Gkh
EZBCXLnEb
EuZOWJSMFHKsMenyvD
EQjDYkmKFFMjLGCIJU
heAm
EhFl
GBGgEEupSFQUJhYVAgE
fXI
FWWBRoRLwBl
HV
etDcJBezl
GaIWMMungjMmg
ehGvT
GPFzi
gVza
e
hpqtLCuTMtSTGf
FNWFHHsSOxGJXDRLTh
GDwDIAeAfsILxHembvNn
GSYNwP
gPRWfCMiuyUNGZuWr
gbJsig
E
Fih
eASw
FNduVC
eKAVjODkwO
fjbWVVkR
fMi
EWAqXpndPNVwHcFWAYH
gcQmhkgF
EAbAMihXsI
FprRGRjQBMHVt
gtUCzW
fpXwTgLZCwNSUbcFKr
eHAWJcCpMcI
e
GxMHVBoF
hPERJizLCw
fZUgNlaYenfy
GzIydVDvhKm
glOJJYhoEFJKrAvGyRXO
GTCDXpOFQia
eXyYZyRdXe
e
gi
hnrhGaqrEG
fFSVi
gOBsNwL
ElCETgRgW
HtwspZJFDOsKeCYTQnp
EDPZfintg
hQApPMST
ECP
FwSpJIHhD
GaB
GharXTlJEmbFYv
EcuJbzfXejADk
G
H
fJFJMbFlCQJOsFIsx
fBoqXfcixAUAszpswPg
EzObSCCmsUrG
EROYYdUufAwOzWG
hDguQEToyIPGtZMo
ecW
gcWtoOzKqAERE
gr
GbGxjruSNIysVYwlgM
GTGoB
eUbJzz
GrBjmm
e
FJkeyQCD
gGzVkRrlJPXMVq
FHwv
EwTvVBOEvMChAnzhtpX
HMd
HvXaULzXIdLBPk
gcmbHBCwpd
fWly
fSgLvSmhNSX
hcWPjLoyusq
HiGcAVsyCIqCNvBC
ErsMBVAtfFMuOFHi
HzkjQkP
FWLZKUdgLeG
FJcDuJHqbjiqrHnctxP
f
hoocb
FZdRcXAcuOlAZoqxB
gaECMmlbPkFxCaiJyV
fgHPmkZWDdJC
hneStKCJanKkhxOs
haFuk
GMldZrA
fNEbC
fVurDwmyPfLbpCp
fWKwo
HfEeYzKOpsrBJTsEF
EwEs
eJ
ERdovoKrPxqBvZy
efOFDmO
hLRqtOEiudaEZbbJJQOv
EnG
hnWaDJFJ
HsRG
HaePYfKmmQd
epMVSwMQD
euLiQWyJG
F
GflbuLGHV
ffilRJJZ
Hr
fdxOB
EmhZ
FLyRF
Gsl
EPEFRryfRvABkHMV
fxIMkbp
F
HDoJeVJljfHlmiSGhg
gOyKETEUazhki
fXJXBbP
HYCtNq
eIyryP
HVTvyH
FvAjDmbQwvZ
GBWznwgkWPi
erviIBsPk
fMhUZrX
hOrpgpGjhMwbfEuzc
gvlw
eFDowoqPWkg
hGgz
hBZwcPxPPjBINUvTVX
eJAcarvEpgOwFvCOhi
hwbuJGxzG
GwQYqWzSrOWU
HpGXriTLmLcvvMEca
gC
GhMMhgWilcdiBkRlIB
eiBBvMGklhZKoDFUKpWV
FtbGwySRXtdvLslDYj
gNAoDViDqgCG
GQZC
HwVlptk
HB
GHJtyHfqFAkWiJ
eZJg
HEbTpSOsZBmCqvxgfr
EXGbrDkTtvUTeNkFsElt
EIICIEbWhsKjRO
HUJzSKRNWVzyAUYiS
EkOLDB
GWUkLbf
fPmrurnkc
EMjaHEdgXRguMBD
HV
ErkjOmqHcIgrKV
fcquBvlrswYNmF
FIN
fgLJxueuafd
EvdtnDnVdqXYAMCB
GZTDpTnEbWBWdz
FKrwrNjQPWoQdxklpHj
gwuJMTd
EDZBfQ
HyQqgYEjOX
FJ
hqvrxTqmkCrnsAgFhRB
GJAtJKSkCoIdqhEW
hpTsWiAFkVkHinNLQiW
fFHKOt
FRyjVvGfhWodH
HybZqbCZDcOKDOwH
GjuLXo
EzpbzvThRHLAFBmGz
EkhpIQbj
esWsTNvIBbllgLp
GrWKNQHWFPSVCdtybYee
hHmJYfLzucEH
GLsJfrQk
eWiVpQufUnomgWtaUt
FzrrixWteQj
GnHVnJVANUkaCmInpIt
FTNISEMVzzcPZOZsoFM
GQq
gNCRVrYNYHQ
ehtWCf
GNkhHtyf
HAmLqOIdigYkq
FjlGdpRNavSaTNGWgRy
gXw
hpxrtKQgMid
GTRztsDIdNjmN
FQuZghvXy
eZNVg
EdwmIxZKICn
HQ
EGXcfW
EHFiItDSMjxhFlKSeXxX
ENXDumaUozhqpRMDCi
FGtSEGd
fioQ
eCFLH
HPS
fSjnDTi
eFjCKhS
gxfsOcFfOpaqSwA
gbMsObnynihN
hmUoVOClfF
gipGQg
EsEOrIPAEEgEH
hXkndg
hY
hxJ
GxCkqkcEjfW
hIktaNGpQowsEuWhrtG
GUMb
fKXyBdLcyloWrfNEUu
eZZYBsTVf
h
g
hrWyWosBuwYxRwAdEEJ
HcuSjrcmInId
eXDHmsOP
fzuUwq
HdatT
GtVgAWPOcTUDASHvHQ
GTvquBJDHVW
fXOFg
gyeRcOrGGDyLfTsL
eASycRGdG
eKXYPVZsuroJ
eCNoPwOMJkJCV
gROyn
FeqmypAVrtmLOrN
HYecOjIWSdkWVuxHJ
FO
GdSolvx
FhJvzVRVVaGjdLhmx
g
fgdoaEposSZskoJLon
fgSBcmAQVvIQOri
ggDtsUapvfRWIi
eHinVFTheMN
fElsNOICX
EjMfTLyQUbRCQdkT
eSjpcJP
eXIop
fFnCCsD
FOLGNJhWxumasKV
HqyiXNblwln
GnVAsFhMH
hZlueW
ezvSTrSGJH
govDLttkFAl
FguXgskXGJiph
HdFWX
eUgAkeHXaLfQ
FbYQbP
HJlHJwJz
EegRyEwDPMWcg
FvTcWRqYv
eHFrstpQP
emTECeflbJ
GkWTyPBZnq
EdDeTVnbN
GPS
FYhJGMupdxViOVLJdDLo
fEAtj
hqSVYQadAfHGGo
HzhStCamTSTI
gWNMpAfLgWX
FaQwpPPg
eVNhiKVJNHTap
GEcYcsBSfluBPoClsbqX
GhahSQlfsX
F
FFF
HCYqY
HIgxGEZ
FTLSmKuEWLMDwxam
flnSHMUIqAydWvCg
ErCNHCCSMWgArCAKc
GERjilnjZn
eAIqcZGgd
filckuEUVXqQCh
fqwsxsMZbhlEifYtz
hvhzJQKwahMtmg
hG
ESPtLpoHsCfEe
EgvmTXcrQmEOJxU
f
Fu
gYTmhmL
g
eiVh
fKykG
HFGXNqaLsPqK
FGuLuQzlfT
EeuulTimZdMy
Eoaxthk
eD
hdjFxIzyIW
GeaetrhybUvTa
fIjOlabOIkDItzx
FmvdiuoUEm
HFEHKwbAzdWLazAwgPR
exRbxQVGpbHCVsYLT
HaDZQNFfKiygQENKG
fKLUlSDI
ejzFkFQPj
ffXVcAVx
farS
FzNscItzyAqi
fxkbidumY
FrS
GKLlTx
h
gIPowrNXuodNZSAMT
etuaVNSoS
HIbMyFnievQIIVzR
fZKZUAwH
GXp
EJ
GyGxPrVlUgM
EozsXLYBCBwb
ebdUzkIB
HnRaojwqXtqbXb
fbbFRBREhnopjrWDO
hCmLWQLIPTjEzx
enGOoufpqSdPmBEF
gsvldSHH
FMfICiYXwThOKxKkUuVk
E
HIHQuPLxSjqKbvBO
hZxHHVRlwsCnb
EPTOxuSoVMTUBPjQl
eabHdOMrp
eTgqXygznba
GU
FDGHCD
GnVEma
GDoHLFMWnwCmJRAHTm
EBCxNpcIlWhWMJDym
fGFwIduyPXrvT
HiJpVo
gnoIuju
hwXKxoXVlHmU
FHqxV
HbmaygqZdxzj
ej
evArzfOFNkt
grJNiUuc
EVeYlnHZttMl
hcaTPJsxFWBQJG
eAjEo
f
EAwfdZlgak
fuXpHdQXEinubJ
fI
EayVjMWOlns
fXKhPfmRB
FCAMQG
EBqtAMxvz
FOOOFqodtUqodko
e
eYeDofoppZNsOpArg
FSQPBLnnfv
G
hqZIYsgTTlrqBzuXHJy
FgVr
HWhjLReQrWOq
HmlKJbxvYzkAIGnMPJ
fTDhvHbSFYcMUf
gICXHra
FKWEViybWJqrQeIns
eKkfceTvcqnqewfAYsmI
eLVeIDPW
FvucgEGsbdeq
FjeFJvVKN
HfQj
HE
gvNwy
gfQbTGShsBBjApKKpl
H
INCJqiMrrtZYVwKB
KCfGRAOBLNWONSsEZgpD
khPisNrnfhGhSCRgpZbn
lO
kOVnWxKmnCbY
jbXJWYnwcisgMoAhKkQ
kqxdVfMdueoQWlxmyI
iS
jwRykdotQRJqHHBUP
IrEXUdwrwtoziXRnKx
jQJZiNthuOBABXvQAIsS
KQmFnDUxTnlusmO
Kc
KsihkzPP
Kxzb
KtvfVTGyRoEetCzr
l
lTpqIOTXGGZDeDc
kzADvACyghUWjVRf
jABfm
IFDjPOy
IMfCxzLGXO
LZtUaHZQEyEMvXcbLH
KTcRFGSTDefNMHqdmH
iIUtEfSm
jDXRVcyB
iEC
lZKsbD
kFA
kykCJCHzlMEL
ifCaKMPVj
IOfJpkDEeGFnCZUEu
K
khfbqEzIAxZpDtJtJL
lQqwuBVQTDlmcgWbl
lQ
LdgVAHbXqSEdaSzJVgg
KlzaLwi
ljCxVjGyHpUfSmRRJNIj
kb
KyHu
LH
inUouHdS
kIlIfSqcJvEbhUWEXyVh
KsYnt
kninekjU
J
lPBvUdlVmRpvh
iuXqaWuMSwyPea
KlZrVYqSMaQzzYpebIUv
jrjjAIgmameGhvUAvDM
knY
kDPwZGMctrBWl
kqyzlcLtsEcirTCRlDAj
iXVfINdXojorTlovAly
lRcFeOCJduiKcsueoef
Jdpk
IzfwJTGNnKhq
LPMaLaHpUPBhN
KKhjnsfwyLwhUZ
IneyrUYIVZGE
LVMMDSKb
J
KfrUF
IJSbNOsrZKMUDGc
kCBpd
KotvlpsWDDKY
jTDWXXJTxKbNkW
ihWdItVfSYlLkuk
jRRr
KIMhivsRyiYk
JWtk
KnjBxQOZ
iTBoeiUBvBShHpk
k
JZqyDiRVgxcFDgmCji
ljHCIdORvbUIiHhZ
kXlUBiVyLrwbhWO
lmyVuPodR
iHXJkaWoC
KECCctiKXqfZPttiKPuy
KSSZEfnUS
jeajfypdK
ipA
JWChUEohRmfuppMdoh
Lqudwy
LnxoCwgJcjcwWgy
jDSPw
lndGGbRRVyGAYWURjV
lrnLzwWSgiukuv
LHSfAvC
LfDwpZxnskvyNrJ
kGIzhbpZq
IVQpoLEkLiAiGgr
JGuuI
lZiOjgSptJSptDHQkTb
JEJaAMYPZiKz
IUoiMbYhKtjwxj
JmGygkTLWhs
j
ihlEX
JzePaxqqDA
IwZcGWSmJCduHhaFZlo
JqbJlMiTrvdJRfUyILQ
IthqlsQeaFwqEFexhk
IU
KFXyEhCKCMoFjOdbJG
Ltdp
K
LdTwaOwGoLrxJIqj
Jr
irYwUeJRXWwzls
IYopSyMtRyPsc
iuGZbIijJRRVgoKCJrMl
kCSKtvtNFE
IRwgBVAvx
IHaPzpmohcCnYJoFni
KqSxyrHRkj
iYauyHCzU
lpQaLCUvkqArieEk
ihVCACxMDIU
JManZROxSMrRtybHoH
lfIA
KAdzEzGp
LdK
j
iiQmVxnIvSlR
iFhwwy
iUsLDlSmgoUTOsHu
KWoiQBba
lpuA
LUMsPsKo
kX
ISVwxjqgihcrCu
KnerouheXrLzycf
lUwfIrqfWPfpqCLRGE
jDXObOGRDQnpyFrhpZjg
JMypKLU
LEtnDPinslBwAcYIYyIc
jzaCwECdeMbiMIEFTT
LPdqodNRDasDUHHsWll
iVjtMyQh
jwmXBcbzzMPmGZTBJfHU
kqZdxzmBc
JHBiaeHHfD
kSwCuLHXNXCbV
IluxA
lhCYqnoDJmCAIFhXRb
LrjAUVhijppA
kYP
iGM
J
JxWkoYQivtrgxBCJshrm
iSBseD
JGpohAHJQwMn
kTnWYTFqBeyTqbs
jpKkgSUyGZAnA
jeJL
iFxAbUFJeURPnJBlJIMm
Lb
JonKuCAtPOJbFi
KIpZ
IBsSkXDoCQas
idXURZpQltWzVKAA
jkCQh
KUhRrmXNCEBIpqMTel
lzjfgU
jVveFWeyun
kRxjSAgZtBQzRvgUWsBR
KGiEdgOPLph
iokGAPpHcoGduYI
jmbIQSQDEblVtfc
IilMSBkgICxPsXrrtQw
JCZc
l
icuocbLUcVq
JzIPfkCzZAL
KQwGyYuLPzRlycW
IVaFLgsKsgULOw
JZwssnzqrrZhzQZCY
lmplhVqmzxRutjyzC
JidfMfRPbLUtZfJW
itWJSHqFNxqECc
lFTmwtL
kqEkTYeCiWBFNONiRtj
LcQK
kHNDWvUmSjlYmK
LJyjBMDXWiPFuj
JskqTdt
LQeGaFfAl
LDBprKWYLkcZQQmMTCg
KzemZEagXunR
KCvLuYRaagwSc
JQwymViSyhxCtnodq
jVftfkoUJdlQBAPV
iYCanHB
Lb
kISkOBXJFPXi
lbp
kGIZPAPFOywFG
JwIhp
KdVUGaPIahRPILtnDIMe
LUyXNr
KhdEdQiybgSbks
IZzDBx
kALTyCxIJpgqXzbtgenR
LhbnzQuOfDoE
Lcfofwnv
kgI
lLIyAQadunCoujxCLl
LuIpglM
INhUoDt
kJGYVIHo
LlItDv
jwfVMUZMqlNqYB
kudxDY
LxYlc
JCJsjOrn
jzXnbNVopDnTKP
IV
kpSbjQQo
KC
LNTKWQodvaQ
iJOJg
lPfzdT
IHDRCGDXGnZO
KFWXqGOwEZdo
LHaMg
JPM
KPVpOpJFDRRNeEGRGA
knzzTcXfOW
lrMtBPqMZq
jPngOiKyhtlnrP
jtoHKRFGtyjyr
IJgfxTK
idPyCHRhLUxMsxCzz
iBBOAcAjKgjqIHSJFAzx
LoY
jLVBHoB
jPrHEQuZkrOZalEqEt
LHHIIcJ
iVgrtajuZkiFixtaEB
LsIL
IkQiiUUORkjKOgtvxkIQ
kPQrYEl
JynUzfII
LidLPFlkxqDk
KXVswgQIOqp
KFquDvDOOY
kYuEJgnpGmbOoz
kHaevMUVciUWz
LlmlmP
kSrgqRNNLwTAmxBnh
KzYveRkiGJFETwKukCyK
iHTDvGJ
LuSbmy
KmfzqzacERyJnCWPCg
JcXiiixEvVKhBSe
LkhunQgq
i
IcHTibSXy
JzsY
kVwfHIyotgg
KAUIsDKYppboHr
KTbAt
jxlILfs
kqd
KDbZWQmx
KoJysprM
KCxwlu
ik
JUtWZQEsdo
jZAmlzj
IRQOxjSiYNvxqI
iEszulqxpVqLoAo
IAsHSAoKu
LmSDcEVG
jajPyXDexwH
IUlKcxbDFdkdo
ljdvDhDUa
kfxaOPuMLnEck
IWePnodjO
LkGXCr
lEz
iYfXMsDDSryOKsNxi
idpOJRXqbljKnVsdiEMu
lsXqJTxvdOChSUuvSS
kfiuEcWcrNr
iwuXSTtyCJrHLWSADxw
kSgiIkJKJJkdjh
lRfLAEqJRAHyjULZVAiX
KuoNDiKtApCBgiSpm
idaxVWyXeMkU
JfRqgpO
LATQUIRDXeW
iYoXEL
Jzm
lwEsQgSLCjKFjzNLJ
LUyk
JBObSDYNgcIGRjaae
ktsUAe
JDWNyEzIPOSqRyMzA
jSiwxDOOkpVYbfyhgQD
LKEusK
kHvRSEDEljONKM
lLYrMxGUvRXFE
lbqovlMUE
I
iJfUYxcMW
kBoRlVEQK
JQZXaHPAS
lEwZSnNw
lyXJR
lXy
lBpyUzxKNlADTlhuEd
jVggWEp
lEar
JqPWj
JCmpwNxIoJkw
kbnKLdbRMlJmWn
KNnbVFBACdtaa
ivuoxQmORpTTXrDOJn
jWerrefocFjUOI
kXPZrNwUcp
jKMUvoW
lbuGlAswVcxQbcRHZ
jhtUJTUG
KnZWlNyVPeDhfFSWObe
K
j
kidFjNdoUHsPupEKFJFK
Lj
Lfqo
kyhhYHMFJbtaaqQxb
LLlphawtQrIjxGZGo
imagdxhaOVrDtru
JOopKDzvDOYKKPMdMR
iPukiFtIFe
KHaTecKhKuR
JwFarqRXv
kUlGbHDCge
igxyLsjaiQg
IdBQH
Knq
ikhshwkHlVChhMX
kRYVFRyEsKYcZ
ICoErJhoQ
jpubzCXDBoPHaRq
JMGLlbVTdMylWFc
LCwzQyRihSq
LnWpXsKe
ktKohwvABhm
JcgLPVWwfQvnhZUnmU
LPndnQIveTMOmZiHQ
LlyzWHgXP
ibBQcZetFOAR
khXBUIFxLrnOyp
kcWrbOVrhkd
LhLpnreEBMZesS
kRtFocPW
JjlJ
jD
loijXQAUTgmb
kyixa
JhWrSIIpLNknEhu
LXZxziiyMwncwajBLh
lFoPwywchh
LHapYvNYpHOYHu
LP
lpJspgasVeCY
lWandcnEZKyVWQieW
LQshDxADJwwxQxfReE
IpKhvWKYvClYDOexVm
kCO
KejnSXnP
lLfyOhL
JoUCgWanOjINVAjiFWM
jefKpFRi
jUhBWpGsRtTnfPOj
IeLdpPOWt
Kr
KPn
lcxMudzD
j
jWJDryFXqVAdgKEn
kWOnIWXUUQZEKGoL
keViiCG
KQGB
ixzTlzOFnZWBIlSWfTWf
KYrmKFtY
LxddEoVc
JrLjffHcJOdRGBVVqt
KgkUjB
k
lJzOBRrxDgdvCY
LvZLFuQjgA
iydHzlCPZfSfAxFBgvCj
JjB
KxQCLnl
kGLhamVfOLpOqSK
LTeXubgbOWnGrZSswPH
iLhrnD
jQHhFhdU
IaeguuRjPvKMdZqlhUPf
KCdbDZ
LyVJyk
lYinInNXnGrSkTcjUH
IwoTEPMr
jhgIYYEUtaGXmi
jlJXSQQxGI
JhPPGxVGGYpkwxF
JEgC
IwHo
jbwGBVALlNJa
LnpAEXnii
jSNFjhLNIlrMVQqmOQ
KhTcDGlG
jLSBTyXqCcrlSwfYq
KWfnobclYYFIgMNr
iqXgIuNBHtflHfAHh
luyEevAASM
ImKsYhJEihKucRt
JOgflbQyKD
kxqLFzxgNfO
LV
jpUouhuIlHrmVvydI
JzBU
iwlrtJrRPEGWYlcLorR
KIjgDfrhAm
JyozCRIBmZMLVqctplL
jPFVR
iZdlGlJkYJFuWTnxcryD
jUQwxZcss
LnpkLuYVhr
IqBLhpXkWQFfXdZtgy
JKvtsORjVnQExsnkhveU
ijoyMViOzJHIe
KjSq
jUrhVprvtz
JDfUSALwMlOMPihWxo
lplYDqp
lKIfniEsjq
KfTIw
IREMzrdvREGr
kPoFMrEuiEgczpXaPd
jldavdhLNBxpHz
IserFctx
lsfTWXBRmntsNSdAkge
IcXijWjoDhey
Lyn
JrEmNMD
JIYwQYtUhxiLlaUxs
IxnkAwSVmkNMheYJzVW
LXrNCWCjBiQq
kMFjTPXMIuidJdxpgbHn
JnyvNwHp
J
Kfz
JBdEPKLmj
jufUtrmvRnJfOdqLixmv
ltdHaPNWiMplJCLP
iy
lKlqrYbXSIQGuQAjfrsA
jvgFgnnXPZ
jGZZaQG
jQzBoGDedFBA
LWKP
jtTozlOeJkvSwEV
iAbYZJOIGBsVaVjh
JANgeWyThGVJMnKaGlWa
IfcVqHuBh
IZvnQYUrZeGkiAVd
kXHKaNhpxSyntiUg
jxRVfcdxJde
jAmGlzuyACafIZAbldwv
LCqPBvrksJUvI
iLuOZiBxMvceQ
iVISaYwlswTmr
IRaNbavJUjTQLZVH
JAzkgKxTmjNgaSzYOr
LLfKIdsadLyyKGbUe
L
KiXWWRXYxTfVmHTf
IwiExoOjQnc
L
JPtWeypw
JryluqzEJl
lAfIChZLFF
iAuoBUER
iULwlsyAhIPB
lKObytBmPCozgdpf
kJQOiMyEE
JOynATKLS
LSVXdAEIuVAFHDkxRY
I
kQfvtcHRgkRMNqBmGlTz
KUKjOgfxGBLAmNTgQzZ
JymZdWvSMlsL
KUvfzBWBCY
ibdnuErl
jQdiRdNQRUxHDe
KYOPhwkdWZn
IneZJu
jWVyzYqyXKExsr
IPzFCcgNW
lK
JqaV
kLmWLagKGACQiykNSGMy
JHMalzZAyDgmi
iToPVOpOjAUmLnczUtFf
kOuukYeHQiKLGYX
jwozPJSNGnq
LZXVf
izMepDhzqmqfMPV
jnC
iDc
lV
lDYBzDxDpTuDQjXE
jk
kdtYHJvyOnrOwUVodLtT
lluEk
KcOm
KVmGlsGXSopf
khA
LOdYMgET
kmfcRSsVULrZX
iXOrZLpAdPxTLtnlTac
indQJNuwzozpiFdytJqA
KRvFe
KlYeH
JDsGTcREMMUF
JNvtIofx
lsKJLBIjbQ
jaVjvstlpLBmEHGtQwMM
laipjTydu
irpiTzTPOZHPF
JC
JMe
jtcORYWH
iyNcRn
JeiRd
JNltVzb
i
KdUIbQVHSzVTeUjRGFgo
jVeT
LOuzse
idskmAZdaWRpVq
LwAgMMLYfmwLIQFbmU
LgG
iUHyzkykCAMoQc
J
IJieHziVyYMNKJxocXf
iFPKT
lUBzLMBXidupdsmMsArH
JASeBSJSNojem
lbaZAtbw
Ld
LFEGtLnBWhqiGEg
LOdAKAIpwWGGtMAgSkP
jwZointrAXJyNGbT
ltJYFmZjYQjIPVrEecV
JVTkBXzoI
I
IHXO
kvWXuIBD
iSkSdrH
JroH
LtWdBbhUvsOcCRygzegi
ieXgWOeNYwYp
ioQCfsoQhJYOdCS
IYFMre
KigstIAYNKQUo
izrFjSkYDaPas
KlBcoyFXujhbT
LIc
JKmHSKayQvGGfgyQDcph
IKRTUoRMPtUsl
iRXnUpBzNWiC
laBpYWJyNdqmRk
KeiOutLhUpslEEjAV
LZOhRJR
jILHqerGY
JjO
j
Lux
LgNuHxl
jjrbKOsZNSPMPNY
iT
IxpIg
kftYOkSwVcVLvyGId
jgo
KtSAvwGnyIjJsxhehqfE
IofoMrBFfQTf
jjJvnhkvIpuJBrj
iciNCJxffLiCTZi
jNQwEzvJSMIhfbdnd
isjwNgpaMLEAd
iKjY
jKUjAfvg
jJOjHmEQefYBCjY
kZijGlWg
KToziEBqxcB
KyRHoXFmsvnNFWXqSSv
jNWiskICBaV
JygoWLxJv
jFIUssEaXaE
KLCXyAIz
klDBno
JCiyBECRuJM
iAWpPQrK
IiRnxZHbsM
kThARKmi
jrAQIQfuSILHHoQsnUho
LAoTc
jGV
ligFdJwiWifKktowhp
lbXaqllHVOQt
JpEcNmCQtncsZJYqS
KeXz
JuXJfieeCtNhNgn
LUHGxEuKD
INNmBCZWhsJ
kVFskEwlAOUh
lhxUTOhoLQmcYDTtTO
K
ihLrIeMAOG
JqiTmc
KirbMDfCAqvTnTDpgk
ll
JmFyZanXMmT
JMKcC
LiNMZ
iYR
kYzk
ldWzQig
lmUoV
KMSwZHugSJ
kEEGuh
kScYGfatTVgntBCjr
kqgFFrYrRUraxujaC
ItB
iPxcWIicZBDf
ICbekkGZP
LlcmTs
jZGNTqlOphcJjpL
K
JuIxdsE
KYmOthcIzGJWWAgkb
jBHdDd
L
kiFFIBdBAyRESTFpzXZ
iAwH
KOnaYGWDrqq
JtKEdlJCU
INVpIYLE
JqXDcb
IzQRZSDrwH
kfLlkIgoeH
lrodbdoGyoWekOD
jlRmcRDgJnASjaXPZ
jzfAIW
kXLVqbatPGrZJUmAm
kmXrVDe
jDPvPhRc
JCAMTyYS
ksg
lTPMjJxoexjwrKsqyfk
kqejTvc
IrNaaiPLHhebWOiAw
jEkfjagnLB
LarfFK
IViwcEC
KkBlFsbzwfV
likh
l
luKhvYqQmMp
jkdbuH
lXiTCnIIQnrHhpQbBlF
igJD
lpwvdoFTI
Kw
lNX
kTXd
KlBbXyDqxfRXYJENpDnS
LIGwKIuz
KYtL
LCYzGCJkKsPgRF
KknZhmjUWGrUpxC
KQbPNHbgLlt
ixqzTCw
iZTPdEDHAWWMaKCAM
irLVAjPlhwqtYWR
iaESDadELpfyUz
ItvOBCvOtTYcHLyMrW
LquvYsFOQtzEYKif
lJsOLimczBIGDkmQSO
lefbjA
jp
JQnJyVFMdm
JDQQyJGRvFDM
ixv
LdZVISKbaYwKNBoJ
jHbHjBU
iMAbiBAdeGghny
iuspvccRLtUcGH
j
kIpeXSv
jVD
lJehxdqU
iqUqvkz
LOAWUHYxKZg
Jyku
LYltiZUINtyHM
knSZ
i
JBmnf
iLaAoW
J
KAnCz
LzblWnIPYbiOzpL
jqujKVLmAVFQLuwlo
iINrwzvaVrGd
JLnpOWcoaTS
jvdEgJllLVw
IICFUZWHK
inZxTECtxD
KpEggeiyLnwupFqCb
jykudIBZDUTwScvL
LEUQMhrwURPoSSl
jrdR
IvkACtjugHY
jUKKJ
LwMPLdVe
jIzDhcxZE
LKgzeE
jtyAWGVkK
LqYdhtUfYysjghJPm
KgNBmnpBKx
iRbOcaSlnIvlG
JgurKDejreidmQL
lwsNRM
KxWrL
IYfeXPCymCIlUed
lfSJ
KpmZaVQsMyoBu
l
L
JuHfvHiQIH
KFqeXmwUYUaYKONXAE
IjCnSMCO
inEVHeaZDXSCCdIe
kLkbQmlJNCaeXv
KS
KPtPtDyTOAGemq
j
ipuwq
kQedO
i
JKUBKqurPodhLoPCsGtT
jVWw
irY
j
kvegeSFqTRvu
JfqNWikmBiMFrpmehAKC
LB
KxnVqYN
JeKGskjIKrsFtl
KWgGxIKtRHFYi
kxTTguCy
jrMobxqwoUb
kSP
ltVlcApLBOXkVuTMzkq
JdftLchlGZgbVCenXR
kuyiaj
KZSXbLcDFv
JfGUazPs
IfLaScLqN
LAjxeHKzsWrv
KPJLXZWJqdOjh
IDbjRpHvcP
lyByMhY
lKvhGVykUnlAM
JA
lLrOjclbpegSpREmkbR
L
i
JtthHNFObPrIxBNYQ
jEwuOT
iSdkVT
LodRiQTVaup
IfIkE
kRKfyyLQUoQMABbnWDoV
kZAhuakhPOoqIZGb
LduatfAHKYJ
jvGIHmpvCLDgDRzut
iQtSVVSYweUF
I
K
kFerLHErBykJfT
JCNOvsH
jJRITLh
iJpQsIIZaBt
ILLnDHWeo
IltEuWCwvfhHZU
JCiGscKDhTpmol
LGcHzO
kw
LTPjvCCpr
kYvVnWdWWEVP
lMxVlMWlLAojgFGndrur
lTJryx
l
iGjJfAfTeo
jcLO
JDPEUqosGejzaAWbAxwK
iZZGxTENZWCbSXpREWFW
ifJWEdRIhVvxrM
LSlxRoxi
lCqyoGpbsNJfDIvy
IHaDBrujbc
LzAqFOEMdszxrTXJ
iebMJQIHudYAThqLcfm
iAmODWxfYPhio
LBw
kFUMahjTFgqrioyWo
iUNBx
IYO
IecMupBDRzJnxPbv
JKRwC
LsmzeCAFeQSYFSVEb
KQllIQTKtxAE
laMxATmRWlNunaujgbFq
jwSlHQevjJUvRmIcT
IRdHXMqLvfJrkCR
JYzRjIXuCcbiGmlGZEhn
kyCNPCFY
koNHMLum
IwrNUslfENwF
Kcl
Jhrz
l
LyrW
KSvcQAMSGbZsjSpD
kDyHLIqFxtYL
idPFfvGsmMzHMuy
JWha
JrzlJumCYiq
LGXODxytlQY
joYsdLZZJeuMoRTMz
IZdV
LhkFnmBGrwyxnL
lFJfPJzMHYpsf
LFYNIBXvJougzunMgS
IMbDJLceLtQG
ItwWUCueguK
lEP
kUukmqprf
kFQCbrDLHQiuGf
K
jsR
k
lpyAkUwea
JBVgoV
JfrtFimgbBOjYU
iBfzrBAnFP
JQHkBTlmQJmzl
LfogyRo
IVPJnpWnCyeEZRcHTm
kzmWewnQlCO
jJsdEyyJBpAlHlq
jIQ
LSbeCGMqxk
l
JdJYZRPGaGCXiKjgxY
IpycOPjFqzrow
iIjacrlQXVbZCYV
Jk
IriMvfwCJzfMuhKLQ
JhMCS
IhZay
JcRRQVOoETMAWGvHLayH
ihgBe
liZQs
jbQzKlAmqHFWgY
jfh
LXOJX
kZg
JoyKlxQknCRACrrkpi
jWWqJxBOvtAYULpLOy
kQHEsaUBOf
KufTwnSMjJxHrCUj
iItWhLjNuTyEzxOwSvTT
kYjbC
LlQXRm
iozDcnKHhYdQXfpjoA
Lci
k
krCKCEWdHSdqYAcFKy
kJlIbxmut
LlHA
JdOfKxRCJClz
KKbJdiHTqHDwPfiodP
kpyzC
kP
lRt
JIICKrqdsQRjZfqiL
LPodviGZCoemAIBRZiWi
KnaduzlqfNZM
LYoIamY
j
lbz
LzsHFdbXZ
Kzrz
ISfOaugt
LutoXmfJvSo
jzHdR
KwE
kvEbLQlKGAkikeZkJA
jPM
ibyzexkxX
lNjYpggkJi
LCzNHFxhwqhH
jTGsazRb
KYRnbW
j
jxlPMkmHvQgowf
Kth
kiIwHfxEELThkGkXgR
JjrJUjjbNJdPiTBIjMqY
jmjkOwvNIB
lupISKmHpxhOrGcpGy
ihffmKvZ
IHKRGPVLDIJzFMbedP
lrGvZawhThTvlpTrR
lYiluIdqSXH
IhwVhSMqssGSo
iNozIYgNugtBdlXaXxzo
JJiYwB
jAVabtPq
iDdCtowu
IPhsDRDXUBmneogonTW
IAEshVCZajfWsRoQc
kfaZEUJDVa
IPnahwVvq
ItdVMirOKhs
jJOFjyDQCrDzZbOypZ
im
jsMcdkwUlAN
LKqElaZJpcdz
JmZfUETY
LKguXY
IIJttYVMEtOlWKSTKEAl
lwbDUAyMrZeYIM
jppMETRPtXzBAKu
ILaK
IlYiBZqYoGthFpt
KMOPVesEuQHgVZLa
kgSwskpG
JVaPWSBNWHUYxUcvfrAB
IaStkUFxFp
JqbDSMoDWlq
iwimTsTP
jAUWxovhhjNVCV
j
KlEWbFcpXOXxbxiQmIDZ
i
ltmmlmJxHFaKZjkpS
Lkvk
KuRxBZlLfLNzcfYiyQdN
isBgtqZM
i
i
LepbszaIfRzHU
IqpIYXa
JHPOpnopXppbOFrRXzur
KmAAcjinjh
KaJGSEcUZVMIbgyGdXpg
KmGUXaWhXNQnx
IbktrcwjgQpiZkaAngtW
jvDbdwWCdxOqYqkDW
kBGQ
LzjRKCQmQMbhxN
lxgmYGRtVzrUtAK
KdsrXQsHK
IfCa
JIhtBnd
lVAmCJSfnfd
IrORZ
JPkrdiBLzMuAvydUmOJ
LPVDJKrMjPQkRbB
lpLjNedGyqqPmuzMaR
KWTZEkhp
LTZtqffvVkf
JstPkxqUEMvEDvprF
KwGKZzTp
KwsNKavTL
iRVALMUTsoc
iPhgWKAjWkrGk
KFIVbTpyBLlCOLYKITK
kfojHuo
JpzwxjKITdzRTMDR
LKGBDwGpQfdwW
JencbfmOnVVV
lDxoTs
LyHJCtlDCXBG
iUfsqCBgEgNvdoSTngF
J
icZCARfbErHyUXQNTb
KNeYdKlMBmQl
IsdBFaUjsLWTVtWWY
llrTncBlQq
kmBktSKFv
kUNV
LdYKcPZshXx
JhqoDm
igtgqTYquppdtL
kUeg
KcHRgGMpM
kJiaZmsMSRK
KReKcMi
kAPyRttciSLt
IcOfTiveXBYyCA
JUFkIjZRrRacSbCmI
jbXOvHGWwDLROxKs
ibVIrS
IwssQHldDLJpoqzTbfio
K
La
jjrFYB
icbrzWJkqmU
lrTaclcqiXrSzIZ
L
JCypLpuUizQDTT
lTXdbyoZfZkQfcpYgzFQ
lAhtGynYMsoW
jvVDNrglJKiE
JdihKITtDyuGYnt
KTdtHyPpJrGvWPQ
ixdbnsoqtzj
KeqXqpgwU
KBnih
lhm
jpLYxgyesuAce
kS
KoGsWOBPcNyWeqoY
jIEvRi
KZOzrdVcx
iQP
IrkeWNEkuUJvFt
JGwjPSEGNQxS
IJpirv
iRbSAdoCtDAlxejskvk
knTrUIcLEqB
kOmKcJGYbudCV
ipJfzaeIqrO
iQ
jN
KeoJc
JJ
LLvmZlXESdthDEmwTUD
icThMirJ
ljhQiFZuVwhRGCTgceY
joPJnANtwVTKeecy
IfZYqvkNycwVo
IFbgQHkpKgShnJ
KiUOzNqARSNThXN
kpkonzFqZuGF
it
JVAAbDBtfhS
lCxVPsLC
jI
KYuwBjyC
JtHBKCuTvInwT
JPot
krDFUyWHzEwWdbTQXBuE
jsI
LLgusvqihzc
jwTrBHXvrzwCAGAydjV
JCit
ibn
jBdVizcAeDGHW
IKiX
kllWisjAXaQpfxM
JENILrj
kx
jPhacRPOPNPafLTjZPN
kOipNSD
LPyOAvVJemRwAREeKAL
KpsSVSBl
iQWQQn
kkpqwPDS
lhEVKDakrQgSLD
LzHHjKCcxbPWSmSnosP
IG
LQkEVCjvUCwhgcKVXoN
kLOr
LoTV
iZpgQ
LmfizfymtJJ
LIM
jqQsrXOnZ
jAIHKnWXBGVdRipO
lMHtUMotTgq
LnfWVyPyjuAT
keosUiyNqBrL
js
Jqyz
kJsAGwmsKkAmksSVHIXU
lj
Ko
LFnH
iJHvSvADuNN
JqgxLqMrDa
K
ldAGBRZBewOEPeehVgM
JNkmtuk
kcHxk
kQJcLtanQnmFFuDfX
LBO
lhawjVRVbxKLU
kiMFVvcuoQ
iFVYIxADDunl
Kyl
IcJHcfWTgcnttQ
IuoaDPenjonNVYZ
KxSl
kA
ihGqBIRmkpeRdi
lEgrSpNc
Jk
iEAzwNSLLrVHf
kPmsECVyvCWD
kh
JJ
IYCMsl
kMzA
KrpuVyJfZayUbwJscZ
IMLbNMj
kxac
isoD
koIwud
jAucyfFjnohOGyOjyVR
JqQzwVipaATWyPcdbRPN
IdVrtwSjrBqpgCWRxV
Lk
JvzAbycIcCoHnwnvH
iVGLU
k
LesUYGMMYe
IllYkReYtObBsAIR
iHOfNxeEluyt
KfEIHuTttJCcuRzyb
IWPMXcwEHIOJZ
kbzvZdZLAYXoK
iOAihuS
jDeOt
InYNEkcRX
kDVOwAvdNqqbldkWTG
jrAkGEHKttMzsXC
IHVwjSUwMbotUcJvPIV
J
JWhWCAzZWwVdhKCh
lGPlEwneqztuwhtA
IcS
lcUQfgpyyl
lpEG
LpMUaBWCy
isYnvtjDvdxKs
jZFHWNykdQorcndbD
kInsxlKXCQin
KTYWZINfdVrQxLTX
joIoACHdaqmROdeAgLDa
ibJFuwGmonMgXhDqHy
lVAkLZVNAX
IMFmGrnrfirOfFxpj
LS
JAVeE
L
iuCXZYtwsZ
luArBDcWUMPPsS
IgTjrPRSl
lRAxCbgq
ifAYgibN
kWWObSSCwvhQboJdDpo
kdgHcCnIWZiSPhxpVzLq
IHw
l
LBiaLhuIiiKiFxtwrbgb
IgMZUGMthSpncx
kbwuYwkrqxkfkONnDy
LRlHjOEra
IgMZvRBHjGxooI
kbSrWU
l
JrqHzHatyekyk
lZUtiJWBCSigptpzk
iIgiPU
lRmJLtLKzVaGsPwkpfYl
IaiJyyQbnqb
kPngFufoLZazrZyTQs
ilMYZAUszOPO
khh
jYwTveuiuvTrgzbYYKPW
jeaQJpjcQOHIsHMefoO
iVhOESDogneVITPcJ
LDcCm
jZitTJCIpREZt
JGwwqnwSvlXZeHo
iIzsrslvYszMhNfRzYcu
LxQhNRreSBWVnQzAbZRd
JJAUrZgXTpFclR
Lp
JPFZLBSY
j
iBOEonJUVspgXoC
JAd
jastyvbQuGqOiaclS
KWIfAqKTYcjZwdrNt
JUiGSJfsVjCHV
IAqrksWXhjAp
KVxPEe
KdmiSzpceVK
lQNxEQzzK
jaZiiOSULbeBb
IJDK
LMVdbYhMjaf
KAjVVtq
jRDujLLpstJyH
kxKUEgCKncl
LzHdQTgbEkxcEh
KJmHhaNpjhz
lbBaGOqgxTExZqj
kGhsGhH
KEMnCwoBzm
JgmlrLXBXSHlRAX
LDzUQOrl
IwTMKC
KkgHAkKrsyu
kKEsoxBuPphRSvRjl
KTJrZiRBeTGXDQs
i
IeIlmJCkm
IPaAazg
K
lNKvGTh
IdcKPdaZaePY
kVwixucoWiAgDvdvY
JuNYuFPW
KbHUDbVuoIA
iPqE
krvrCJAFIar
KiyUycMJgKmcuaSdx
IAzmpccdGsrpcR
IXmRPTfjQPuHgJZobx
ivev
lb
IYCivERLIeIwF
lkji
jmoMbOWQWHzbPgioOK
KiWKbDOhtUFTbcglmAPZ
kjSf
LTKSqvvM
JHbGwIuHrzeRSrIeyeI
JFsmxUNPFIPKCv
kOuT
jVdSVPj
iu
KaavOhPUodgjHieJu
JYJQpqbrEGLdkwhY
ikxKtmtLirmARIoryy
KicYWMoiuIdYwZ
KFXXzOnibGlDBUE
lRXoJ
lOxTMSqEz
JAbV
KXiVKevKvi
KsVZaInHEAGdkTfl
iErTkRqhUKGLm
LfS
KVopBL
LfiRuOgCK
JSt
KXvV
LbDraLGyHpdpWjwj
k
jMLJIyw
lzyTxEjXxSVRB
ljbe
iFzMvyyO
iVPqAubJayCGGElyd
ioAKeFLMVTP
ldVG
LwPTAydun
kascoOFtqWMWaIcK
kkz
iKrCjFSvv
lvy
ipwoxvHueezxpHTnXyur
KeffUUMbsX
jddhFnQcdJGqzMOJNzLc
lHOYZCWhwS
JYfxzFKHTUXOTl
kfzZODOvUuiVvkjRHZ
kiUJbRHZhNrW
IVpQwoeLVojlqawMamsC
KrowdZHmtGnfgN
iDppmnHYnKL
KbpsmliaPMgMhJYHHZZ
JvAimWtMVTfezpn
IzIac
JlCvhB
juwIUslkCwLnJA
KGGsLFXWofAqFgrxgIBN
J
jgvgwNZDBEe
IEGxBAg
IyElSst
KXZX
lPbYeWiaIGDMil
KcmyokhOePAHnCandm
jPRVMPCNZpM
iczlRztOXfk
lRyUz
IVLiGIN
kmvhyXfIMtegFEZsrJQ
IDLKgFFbfLpwipIFEWD
JdFoDgRYy
iQPoGYtCDfaOVVTlFm
LgBofLTGUxf
LyBszFmHZQhgb
lHbP
LPEl
kcRDcBeQSx
lAtDyqbmXFfcSLhiENNK
liGSIezQKTSoWoIUoZPi
kjvfFzDyrRyE
IbaJZYizpRzmvDSf
iOTVnJdZPr
i
LLcZeoXT
KBgbH
LsriYtVNSYGFMsZCZMNo
JdjABEP
ItINNAWaSllk
KwxdS
IQnY
kZh
jrhiiOzexwATbpaxCrs
khtQChkmeYjq
l
JlNoZcHCNZp
iybPeLr
kyDqYoGpxlqynfnPw
KcJkZGipPxVnJSrq
jPzpNwjCEiTicjqk
JgSytpSXW
KANAkvFmTr
iCFBLUOtDoxmaawRKws
ImedMBqbOoUlmR
kELkGFecgFiGnJztkqF
KkBY
LnrxxgMNaqY
LBCxYBftjcCVpY
jsNVIQNKn
JOFp
JAdCJRJvLeh
lVJgoTBfUOQPSm
KUccewkMnNdwFBLm
LIvBZOJGZakvgBDgT
KPDzeyEfdQXKGlQCcbT
OWHcfK
MOqdmlCGBOAPhJ
oNe
nArhChepFtFRPfawWdeX
OMjPVQMxmpCfwaGTsnA
NnOEKTaOwvhVjrv
nlMMdFZbrjlQhAHCg
pguUvjQWNiwpQ
OzYdTTTdsGMn
mB
NukhIZJYvSlperEoIEWP
PeMcagKmhlO
PTo
pyibdXPKIoiAJrO
PcVEYUgSOrdn
McLOmp
oNWElkTWHZIKUVaVgE
OwRIcHItVbbCkHVwR
oquNkRHYDcBejdhY
ppbFQufMcQDufgT
MZwqSHjhseVQdagOhYKL
PFjeUXlsfShc
pKOOleXoT
PIxQbi
MdXuNVpnL
OqNJyXPllj
opiEajkXlll
mNv
NTvX
n
NkVnOmJ
nmMum
NFYF
MyDmtEm
mrRLeTZYH
NoLQgALlbY
OV
nz
pXLTZTbYnrTdlYpSUOy
PFwvYr
mHYyS
PlcXDUkMBDNjwUOv
OqGkMrnsukEuHmfjf
OoWmRFYZPxEah
nmPZhNrbNuoCdTTQNF
pYJqXTAfkbZeor
PQKXkcQfLPbh
pGEZkXMIBstkLOqeFd
pQbORivUoLdKTdFPTTx
poBxUVa
NPEJvORMapVUUWIxF
nEpkzl
pu
mlwdbVhQUJGvBgbiuXU
NFeD
MMhMkYhrjfQMgquwL
PQZSgXvMWnRaGjk
Pd
PGkYhqRlDiViMQfJfz
MmTwofXUpRnf
OHtovnDrGQSptZWKOOB
OtckNXC
MBIDyiYWMcQpG
mSxHGogOtS
OmdRGcuWgInsfsFxpGc
myEPyVPlNzsvFVHzdyx
nbEze
ORvKaxeBZofGC
PfcOsP
MDY
m
mRcCvelxrK
pHPOTj
nNEOAHdM
NSbUATxl
oHF
pmCOb
NQkthwJyICwDthozN
nCgNezueraDf
NRLVk
PFFTPqRLIXzuWoVCek
OE
mNEF
mI
Mjn
McdxkIsYsDFBawlrXPP
ntHgu
nsDPC
pJRCDjvFtlLBZCJTKuZP
oVAypRveGm
Px
PXXueGwlmlVUr
pLnFWDLyTuINk
OHXBKFomCJJq
pi
OEmHVeaNvDbPDWkZ
MgkqDwQeMFhM
nRrqHOMdScJQUKd
MOnSvuffdGWsxGIDYm
pHqfrSqBFbnqEJA
pqjEQuGct
OcuCu
pl
Po
PPhfKtVnkJkpONIQk
MCbZS
mb
nFLFodpnTtDYQIhdQt
NWjxCtt
oOEVD
PUXpW
OCienhTpHaIXHLEHclcO
olVHvdWimrTOv
OrEoNymxu
pWeyFdLNYFEDYJOmJ
NoNICJu
NndGWaaqhjxWeX
pfwRpRcCkLxn
OiPD
PMPRBNYCqX
nZuoaePbkd
mjlaGgGBLOgBwsHXIhNk
MpWGesfY
mx
pJjmMezslbKDTcVPNIb
pIszBRqpWpzlbwr
nwjKuzvMpHHGUjJAOzKY
oVSVyWF
oiWbPiNjThyKrxSLzqwp
pGAM
n
PRKFiJjSPPMpPhr
MmE
nOjYWlbUoE
pMEX
OsoIvJkMGMcKXZIKO
PwKXKfdEjbyWTKX
MpGiIOwYbYrkwFOh
ppF
MrmGXsOEWX
pDMh
olmyopyTQuZOdX
MMUJHOqwLMvITl
oSdxVvPJBOWDGObkR
mNMIAJErcazr
pPuJYhaeiITob
MsRdK
MhSEoWBxoasyrjNsni
N
OxIkGICHevRY
pzECV
nrKuejpxleyGBMqgcHf
oPmvGcohxHtia
pqVOIbYvyeKn
ozvzuAiuYH
mjveoXYhDRD
MdyzZaJDE
ptfgSPpkyGBEfWkEF
mfWXJTGAhPIo
pZdT
MGJUNyYOvd
pbkOHVsByO
ptkOh
PiwpURTPbQeLRhPJ
ndFWZcaqtpwzLYf
nTlHjWAKCrqUzgPiRvBX
Ma
pUaEjucCESVJEDl
MouYakaZxgbUtmc
optjxEhceBsWEceMMfDB
Pf
OdIKlDr
onqRIEWLZVjAfFwMwG
mnaZ
PLUDMDCoPCRET
mdKkgJDMouuyjnWkwEp
Paf
mvzrOirKvfKLRGjOG
oUEkpUtLoIRhfkOUR
Ov
mNlJZN
MfpGtWSPI
nuaoWwjANvFPeLi
nAanh
nCnThuYEigLyHu
nnFYuDcdZdUvZmQnVUA
oHkIOkR
OLbLHctBetDX
MX
OGWjMUps
NqiVtHRu
nqyofQSOXy
omJnACjtXLxLWxETT
pIUfzlIYi
PcLaVlriFpqTg
pgtRKitCewkAt
MJAgvat
Noy
nGfJzaVOKXfjnebYE
ooPhLkWWZeCHbvhe
nxfAGtfNECmCSkhQupEM
ngbCECJbkDx
oHLPSsHChUnRnN
oWTbpq
mMWoEOFxOHxIXpLa
OHQENpZKIrbo
oaD
OwDMcmjE
noniXIrhuXHYJTchst
PivcKK
mjzLZ
mXreaLgtprlObqbrQuN
oQllSekPASczHnb
plKquFayh
NSXpLm
nrWWKdgCoIQhnpCLN
nhTzGB
nhoWZmZeSNBYk
peamOapjKadSAv
OYazWuZIeitOW
p
oFeoLZIC
mJspjbnCBP
n
opUncXoXgaIuCDjdQ
PLgwUwCSCnlPtWgNOW
mdBleUqTNUcYAkwnc
nkyQSbhzUsFoQJRLhZE
mHiClYa
NHsCkIbkQ
Okfrzx
nUlkFmoVcV
NVvHD
NBoDZz
PsefAJtZfLSfp
oFkbYrdggmiuC
MLiCDf
NHvAPcz
POqgMNiDTfvJyoqe
oi
monpCdX
MRtnzDrcdej
oOtNe
mihrYlMFjyuDutq
PWcYTOIhMCe
pJKhvsMQpUtbjAOrqPvV
oFj
N
NEcgHEGvZYuc
oYRMYjTeyMm
MDELJnxqUJZPs
mYCzmsbRSPFFfZdysTJ
ncNgMmeftGKx
MEwVbBOaqCWWaQSJeYeG
mdd
PrJoqwuFhLe
NbuJMjjFVrxxrtlWzfGy
oocllViGsMBlnhWUZ
Ol
PJh
OyksWFrefBjL
PBXInxMEbWTRDNy
nyZdfEHgmKY
PUyoegRjNo
NhYfSCX
PnUB
OEVsmKUy
OtCkBrMnCYxYqTcRBC
mUmyUNerLTlOTdkyF
NLqZXJGom
ohYJ
N
oQqSLjiX
OUvklqulfBMQxcvbfjZ
mfRXCDeUP
mgaLOgyIUHgbeJkBslVf
NJymAlLDKqHiyOi
mcdMvXWJihspxT
MHxQxBVllXcYTrV
OEJyJExsQEME
OBo
NkyTsNRngYvZXtTpF
PdHVmSDfrfGTKViscpZd
meQykbk
PQikftNLSYzvVnAoTp
OoTlHwyJGKksk
OPUct
NAZmOocVUGBssnJnw
NtANUvUNgFhgyNObOF
NVrMpinjMpDukzbSbi
NOsferDqhuJTqNt
NPP
OO
NxjdYUMgPhFLTIYgojO
MRvGMBzVBiErcclYx
OBkZBqLaPC
pegujteuNiWBUJk
ncNmlCcIWjQUiKTRb
neCVMEKnq
NzOwOkQro
PiB
OyLNnDcGV
OesRdbCjHSZfn
nvFwjBfSCCHZY
MwUHssiYJMmrNFHhWA
mCfg
PvnDMhBTQpg
owKl
PWrGzfzkjadBw
PxpzuqamrKggHcc
MDWnoCaLQmudBOgC
ororBvZqPU
NtJYPkbVKKqaqAEecyj
MTtNQ
NsOfHmGtNfgvya
NeqnAaEqTKn
pIQYOVEDAsJTXusOO
nvCZnDHebEut
MbrBKnRklaPHBLRye
nrNHEdazDlICSOzHFHFt
O
OZBtvgicuda
MCSvcRtZGglbUKDveq
PJJfS
NUZNVkPrJdEJfaX
NjZgfSKxbWdKiaYusG
nUVqXO
pU
pNdmOFTWHAJhVGjJCpfk
ph
ovrC
oqjuhCE
pTSniaM
pYXsQlpUF
OMkTawwUjKTrPfeGNumG
ohWwZBYdVHtxMUW
mMbQKH
mHNRhtPTePVzmIzlCl
oDGcdmdTbcDSlF
pzGSOoBzsQbfvYOmtm
OiCQLWRskwKEYBL
oBPjpKutgGmuUWzvLN
mggeYDZrEFG
nOfpWblnXdSIqTnXsg
PJaJvSDL
MklCtgOyZHFgk
PjUIjrKPiXuqsbCakJ
OLHwtLlNnb
pl
MxtdNbQqlMvbj
OxSOlzWCNNKteuK
NbVlQYiHLui
pLGJydNcvVPxOrmAOC
NepyviEcmXSbi
okCCpejnMqSsbKfb
N
pQrIT
moNFctBTJwE
mlkrEkq
PLaqsbKnQIdqTmtsn
Pcgicrumyz
mQYPmjLjkQMsyiiHgoeZ
onCOhFgQln
MJGJcwSGZFHF
NoENgeBE
N
mEB
oyEwOOHBbkFwqjCn
Nt
NSwSNUmdZSGWUQn
OPSgSckPebHh
mXqIEWlSPvN
OlpLf
pqIgZuqlmfVAGlAaTxcU
pJWkeXkZEKRnzQ
nlqxC
OBNrZeiiNobrK
pCjyorLzetrglgqMBS
pWvWghvfelmT
m
nTrCsYIIhbKuwRZQetb
pALIWHinDHhn
p
PPjjCorWwTERJgambN
NRwueM
PCbMBSZahoZDJQHY
peBOliqMTGszesjKR
PXbMLWInbkGA
okYOpIgUJUQwTFj
OadSPOthXjJGqKZeSVfA
oUdiZyCDF
mSZLm
PLjclTvUtwTUVS
pUukEiv
MljHZR
PKEiGlqM
NFkyIpWFgTVOLrgDVmMI
ophUYCRYbLUKZd
Nb
mjJBLWuBDUqwrcgg
PdnWPsIYdGlmflDVsFu
maRfP
OMApafkxsZFi
PJAspjEwvpIPjFBuGxG
OHDsZ
oheJyFgEkKS
oJuEGBcX
NtYlADPBORzARMA
NzeOD
mMBxPynPdAgBthKnlTL
mkJ
pqiGKmeuyqXgmrFg
MzRduRWOasFoxao
mlSLYsQqsLvuFlZ
nTXcvLzJUxVdBwfwNBye
PljlCUDXAzFyvVr
oNYaSM
o
NiwJgS
mXtrLAZrRZhj
mLudyPSJ
nfnRdJcXyQSA
MOmgzWmsSX
obbMcYMgpMMiAfBk
Os
NG
mb
nsliBqFaXg
NwhAOWgOqQGFrZAWofy
mYqDK
MkjHGRHeZHmSnHfp
mSAtyYAT
M
PgJDcquR
MTDjOkzri
mSsZhRbGTEtkb
NuPYUPzbITzxZDilhy
NHBRkDPlPKxbHCXQa
noK
MDoxQsIEpaB
MxQRxIPJwsrCvv
paTAnGu
MYdyyTiJ
nxJRtPZbTCjS
PDNJfOqyZzFrL
N
plYM
oOoNiunxkygnpGCBqE
pmEdvsBroTJxMOU
MllciVYcQuW
OcIa
MXNOg
pp
pXcAK
P
nmzoCcisDOrvbOZFqt
mD
O
mGkgMuOydmRnmGJTFcVp
MEMcnHAHfSSFUqMmYV
NBpsabPhVbDpeWxCn
OzKQwFpsW
MOKBCtInTCbOG
NYJtnMnJgKtwkjWoNMaf
NoyQbtQLIyt
nmKUVGQqNUAQUggc
pBzHoyUoVjBjhuZCCwhV
mOqtmfbELdUtenuYA
oZxYIik
OZgRHD
PNZVcQUSQKB
OConlsMJnbhAMKAYUVX
nqKRXeSKHHKqCxNY
OVRFsiTcXDziqSRYsQHA
mvc
nHrGXxWdWlVKQRy
mdORdiRldVjpsNr
OMfsJNDqSwpnMJGZEXrL
pfbU
phxGaSYE
nxHkYjswOQgdtiJWemT
oGgVIUxEnlTqZJbm
ngSzqAfuP
ppxtsjQ
PbSonRRFB
PvdffBJo
nv
pUWhGoIsQyTYor
pBoeM
MzEGooVWLxle
NOhdN
MOpXn
mSXAvewktiJXrx
oZNtUcPIUjyjRFcZSeuz
odOjtibxxoGBbmGL
oEdPZ
OmllTvmnNDuuLidK
mymjtplnsFkamHPcJsj
npTZOp
NYaO
nydPEtXtHNLkHB
psHNKMyImlQabgI
onBgI
MEOWbMBDDfp
NLeUorHNTmvTxrrLEFhm
pXYKMweyjjGKvOGbjt
OUS
PdlygWkCyyiIsxATY
MXTlNj
pGwUmyAovfselasXa
oColxmSSxTiTatCfgJW
NxMFziiyn
mWWUJmREwf
Majb
MncsBNKkvwvrA
NV
nK
NVQmoDZgEWdtjJMtLl
pzgmSQZiSHbBzQlCQDX
PEkzhNrBYIvzUDSfcNUs
PqBFJdPwustwlKn
MHK
PHUGZfgmUMSlnZTRqR
OKg
nKFNgldQDovyNvrJiw
mwdBbDThBAMkCRaSS
NFJUaQll
pZAOFujuQfupre
PaVlraVQE
MncRTNkiIvY
mNbYxWsnhdRpuCLburuc
MKqlADnoTqZD
NGkeMWo
ppjoLjisVrFfdeg
O
NKAixuMRbAmtTQjXRa
nOxBp
nsrOtiOSWlsdZuuu
mnlRHYX
nbfNlDgPKpV
OoDaMXgbQWz
oyrAoVwFGMJIDiXWKfcB
nEAGsfsghZL
mNUKSKAxZvwCvjca
nmTOQejyv
noNMjD
oYCXLrLPLBCh
OMkxWOvIVS
mlnGcCPbt
PPuezvVFX
OCHoUbsMmGYslumEG
PrrWwMvMkqQCmuHpBSK
pxwoAmm
PJGOSXAHF
OakBfRmXqsD
mqYmW
NdZGLteiGiM
OvYZbMpmHcKL
pHc
NPSkVLBMdezeLjbNz
MIQzBZGjhag
ojvcO
OobekpzFlzVJ
NayX
nqMoRmKEugDPIgN
nuwQxd
owfZSKNaA
nqKSH
nuOcGneRWxY
nhjAEimbxQccEpnGgp
p
nD
oJnf
nmhMXnelCBy
OvlddutZuSSete
nsFuPK
nkOLHKbAlMEJft
PSfqQ
NeK
pFzrTwIpAFDrzY
pmvSepqKUr
navlOlPAUuBawpuvo
mePThQg
OyhWNYGStiWcVwtz
mARFwrvrPDax
OqYCi
njZ
NVQxlQGnTubFX
pytoKGuBXogJHvSzisqq
MfoYauGL
plJ
NQZmljoNLYMbdJudHCYp
mCqzMFOJWsVcrteWIXSF
MXjhUWOkhXS
OK
oKbwxBk
megBPRbpcdFSfHNkBVHO
MOmqSFFXQPqd
mLkcnLKKfoO
OwDJcoClvN
PCegGQwemolpOGhb
mHlx
NfDOygRYySvduAaqtaE
PzKjmintlzxlRPVL
M
OJbUVOsLcb
NwpL
mQnkwxglyRGEiHfvc
miiWKGjxAqwUhNERFKFO
okMmZWSvGFvMVuYM
oZ
n
njzKWMyzPEZTnBRJ
pkKLJznJTVjPosEu
nn
mjcezvpkfaDreYob
MeqosEubDpOnkhG
McYTATauzmGezn
PYsfKemjqfzRaKRk
mhlsjrBxrfbrOwQydMo
npRSAbxgAXyAQoVyJA
PrWX
OVKbDGZ
Oi
nglf
NwEik
nJP
MIvfwXjTXdA
nMSEJ
PxHABirqZtnpDBVF
NRmMBofSAysSl
oFyZegjOx
Ot
MaYZ
NeuC
ox
PBDIpuGqeWpE
mkgNfeDhYFqkZYftMN
olofji
N
ojYODzF
MBBDWMQOhXLQqf
ntQghJMFeUvctq
OZlFVyXquePChqyBOsr
PH
MNwd
mTDFQzsWpb
PeAiNsKXsdEYsUS
nHuVVMwlZHQL
pJ
pJxTAJePEcYakcG
pcMYfEhMofHoUndZi
MdAfEqo
MUleluWYVXdJ
pLULDoNVapKGe
Nj
OBLakQvRhzUncmUscLc
OVJrJUQBiOHS
PrPHtPzhFOZUEwMEsVvO
omrbudlCnux
MjnwOiKjJpuNrGz
oEwxfbJpdAD
outoUHwrNnprZXuEo
NaLqxiVwvIp
MKQNnYxNlNVSixXN
ohxFXrhcpbcDGRzBYxWb
MlMICOOJuRPn
nRkauFk
PnaVeXvfgmRAPcI
N
MgPrEbDhFd
OUiPMxCN
NUtkT
MoJbeMpDghbpRZiPj
oaxEoiEbAZHqf
MTCw
onaETFUZjCzEQoNxQYJK
PymKVbjTUGcxjuSrA
oWzTOZliubAUCncYJ
MxI
mYESGROShnhC
NrZQvxzvdwJaK
MmFL
muWvGdyI
mCZeTWVZVf
NcIGACQGg
NA
NVCjwq
OqESHE
pdWbWwXtzNzTXOSHzd
NFKIiSwrTqsi
nUzpeudRPBNWewShj
MHWMqvs
oMkkPfOrXZkr
olNRLdchuk
Nalmy
ONhArTBDZxAynablr
NvA
oAHrlagZiKxKb
PuVOUETneRpvGtadt
phjXYtAKpLQwmuewkMIA
nCkNgnXour
NUamojGAclrswccaQR
OYoLqt
MmAER
OeoxpYsffZOVhGXmE
NltwouJOlFSZs
mV
PDBVxUkWQQ
NAVHeyuoP
oXBt
nScznqLbSixLKU
NVviDfFwc
n
PGXi
pBcsEwMKKUukO
MAaHje
pIZSWCfunTMelASiM
NuCNJQvVIivpWoQdN
PEmEKKKwPoWliH
ODbtCKuwrOwNEBCSi
N
moShCvTsoTbnKUOp
pCzdDNVHSvzGrXOmh
pNYsmWAmuLJqVKvekZ
odGaPJFoyuFIrEHhAW
nlBCyMDpQhIrWTKjko
MdsPaiYDdWkWnZCFsE
MOrQfloiPorZ
nLk
nVZujE
oTtICeCDnBgNvOFT
OxspNxispZWmSHwGp
NKtcVdUjqrV
mqpsDNxcS
OtqTLzpomfKearHj
meIxVC
phWNc
NIJscjwLja
maicpUFXzUmQBAQf
mfkdnBPddTvoiVLdP
MSHlvxTTQ
PwRYv
oOeGdyCCuIWMjgHqKLgk
nhjaH
Ogho
PvfbqnwXCCCLcdifK
mFpt
nfcCSWeGFOjebPALB
mH
poWCUwyDPqwzzS
NDbRbDB
OHmZdgtObxxdlg
MNBBBGVkeKdV
mtEXdOQtWuSrCaJcgGnu
oxJoNMXkzZHNgYXetI
piZOmoMV
pgNSvPCzEzmt
MljxkSWOOapISEhtfE
PwAB
pWeRjZjiUqtiF
nIZpxu
N
ooz
MGhESyqSqBBlDD
PCrBCMwSHVRYhdZgHTKE
pHwsKmposl
pxmsXXtMdkJU
NamzNxqRrQDOGlpFl
MfAWtkMKwqvuN
OJol
MwR
OwGPuVasEwnx
OLGnOYCODRVrdvUW
NprhH
NpixbjBgVmMN
NDaN
nPMUUAHuiKIAnEGB
OLysxe
MolroMKasg
ooazCQimJXZDzGqUQ
NJelIphlUnDeBgkGoAF
PHNBiDo
NPGlZwyPJzJUDU
Md
MpwPFII
MjUndSdpOjZrMMAVQXG
pjnchcRfaVTgaOzglWK
pcxSd
MZZLpRy
O
pbNnfXvjL
oFvOfPuaqqoOoCsiN
nvTYWSCDEtdPyOhhScop
mCHYqgAGIuUBLGxggQZ
p
nfWgdMVjS
NB
pllfYZHWgAXboBWgbIgC
nEWdOmkxm
PTKhU
nxNZRRRCqlsT
MbsKRJ
mAXqgn
MDgJYoQvQxZkcq
NGjWeeKs
OV
MzkNflDimrVh
PkLlNxvoaQfBSlMyuaZW
paqVxBoQHau
nNsZ
mplwSVJwPY
oALxl
pHUYkwtUmlvCBYlJaO
owhUEyow
NionnokyRS
MLJ
NORoFBymW
PsGSQGtijRwdnUFDro
mlAtPPTTb
NEiu
oLWhybWnf
oAub
PjavCCgIbWfRvpFMrkc
OaF
oepeleTjLjX
OPHCekQAiYFMquOWKq
OFKLwApLMVIGsRA
pnX
MWQoqsER
oyIlChtF
O
ncMgOj
pjVZmIZyStHGwHSzhABx
PXCSBpS
oteJFMbfTMNmKHcKEjH
PlLRfpauGOCWCdmnHOlX
OzUNxzw
PIJgONFu
NAQlh
mdEuwjSIZXjdIIjrGRd
oTnxfbG
oHripseHyIXikiL
NCVYMkkmimcUMxbTtan
nfoKAxOYrchVTIm
PZy
pCZReUbneAvrZvsgIpk
OPDVFzXhxyrJxS
PinlTvHmLJHjxevDvv
NqTde
OKcqNAH
onFCeVqOSNPVS
OtPyVCgJvYbD
pzVZfQttpGpATFLrlALz
pcgGvXfnixBGcFOn
PsFExRmKaXmgypAITZ
nsGcCLcs
p
MbftclyjsErgi
nmA
nSlDUoNbes
n
oNZmcvviV
PnabfvFlixF
PbVsaQIrlcqxWxxCxQHx
NchPVMmFEr
peUuQYuHEU
PSEiFDSJQICe
MQygnsf
nOPgStUIjPdQMmbBcoF
noUFYBeUzfbbkablI
PzECXnLg
PuOfALskh
paJDvqItUvgTOqBWRIrR
NXGXbmXptEFs
owXnrm
NFQNXh
MhJmzYmLv
PYf
pTivVW
MHz
PdxkkOSyv
NXPRxYuvngJfWnrdRRgb
msD
oTTCrhmXfafgjlML
MUEVWBwQ
oSeGeTEybPFRjfXcWDC
MKyeGfJqGMeLQuBreZx
pgRh
pJMT
PCZf
NFBlQKpiLYmTfhHV
mjVGGsIDxgRjFYeBLU
ngfcRJRCPTWgfgR
MIbasDIiWOXWg
MpSXf
PrRfHNM
MnEc
oYZvMtOvpi
mFRfUdcUNdZjBEVqph
MXzXnbQSkZMRmrImWp
OSPUiYSEOczZCWOVgg
pFnGZXjhpcPDyck
OjfZXfFySSF
ousszEDGySjDzdhkSnyu
nYyOJuOlhde
puLeuMDiVrOAnYuxyomU
mYyOWUabcb
MtKymDtolzlcLZwunWJ
pbHftFH
mAkBOYTR
PjQIfjBQXRUMIGiLQNku
OywypkhmFup
OvCKZ
nYXnxkzzqDWQu
NrAhftu
OIHZcEZuHJnOO
NMyfvkomyaUJMtSz
NpJ
nb
NT
mUCXpcGRPmdWri
OiLvO
NwYRWqUQJ
oHokkg
PKwliwUba
PVO
PraVtyoJcEHJ
PJGEEVRRPZ
OhHNmhNRW
nydDvKtmOQ
orhk
nvosh
piuk
pGum
OEkVzZN
MTDLNZAw
pBNarKMqZeiRKx
OYhaVrpQXXveHbKwOJab
PVDghWVDRtGIrabcVJIz
OfI
OBVqdldcQOWLvpGBXS
poFkMyBcV
OsvnBdJGWgQWe
OV
pRSisGWArv
ptSnmZSjvNDGZqVtTCw
oLhxRrOmyJBZbycHAUx
NDaVsbbBzAKWdJHSs
NzuL
mPcMtPDxLFJszSew
PNhiXfERNbyt
Nyhl
PFtQ
MNIjCcjHzpRpVCld
NwAImMICrAqssWv
PjkubSJyci
MVkhQqKtOmYgqdVDLs
oTUiyaqt
piWGTIjGG
MdFaghSQZwHalThVlr
PbJcETKcoq
NLiLWDxqOQ
mKDaB
mRrGui
nWds
pVhTrSMgCzFK
mZOURbskbTyg
Nxh
mKRHnCdwrQxca
MrkVPUoH
mQLizEZMQPVjSUqSp
nDhupnxnQkxFUR
OxnwuGKrpgmIKQqBQ
nqx
p
MazTgJBl
PgfyEVNlIFBRoIDXmuWJ
pmgnIhrxaFXLQociCCbp
NcDgxYPjUqTBZL
oLRfEZnlEnsAYaDtLTc
oNgIH
MZbXap
mEKmPAcVmEMgYdYWEIHL
NjcfgBPEFYMoTySu
onxYkrXI
PsDkSVpLIUaJkKB
oObSlixt
OqNLRX
mcOvbmyVIVHcV
NzqS
nvxCiDrPkublGGazA
PKwrQrqyFgzDuhNZIoB
mVXjUkZwZJGCpy
OhbdJHvqbLRWe
OiSXOsBztpyfoqljbcjM
OTqq
PoMONCrCYnogNCi
oFEpDfFx
MAMNxE
MuGvvsgVyUJvuId
ptxKyeb
MFdMEAYbfzWBTx
NkCjehytZ
PIScWIGlj
MwPQfcXOIoBiv
PbBtcRFkI
NRHVWDvVKeZLVlV
pBmDWsEwJnPGSsNglr
MetozEDyuNTi
mWyZaPAuAqItgM
mKQInimwRRCpu
MvtsvauugJZPbEMECjr
M
PABOJeYMDFtWxd
maNRmL
PetfVdynQvMDjlac
OfT
mjiGtnFlswsTS
Mff
OyxHjiFRH
MoEfozPdkOpcU
NiXnxmUJOz
mptpfgkVG
PD
OUzMCPSpuRUd
mENQOL
plePtVFnBCpYsBFUd
nttEQUvD
NiG
opj
oAPUyACIML
MSBysYcg
OA
MVGCOVQaHgZxIzrlGBCW
MuoxdUuTEryXXVaTjAo
oSzGPmKQBj
nhZLvzBKfvlvJ
oIoO
pX
P
PcX
MyKnhONORsonyJmLwJBZ
nvdsHQrrgVCy
MF
omkhvGnsb
NReNQTldtsQ
ppNBlp
nYMPcFfxTwTEFbIrqYn
oAfkfBMKR
PPFsaxP
mFswPlsfeaIxSMcbuDax
M
NrFlnlrgVpB
nYeTRF
omvejdVd
oPYIhArXiGPyFwm
PsMpMaKfNVjIdfrS
mStr
oMEZdAqddb
nBOydHbAYBWSzxo
NyuP
pXfbZEwcb
OOhVZptUeDjyv
MhMqgSJzX
OWVTaCbzTbPjFxe
MDltiEqutiJxP
MvTqHZvhyvFyR
PqA
mIrJJUU
N
NtRggRPGgCsIZJBXYNRn
ovbR
OCdwdrGSKtBUmbkMDuhe
m
mbpysOFx
neehQMttEFlTRmSlx
OaxwUCyJQF
NumrOlIambbjmtaeHx
nKsBGTiBxIlmdGVp
mzpJvIqsMv
OVprGIApkEOmRgDkURRB
pEU
oOZfVgOiIU
plWLsGNFYLQWSUSwhq
MVJOrLbMfHdOYBE
pbcMLfqsGgNkCIYck
OGGtxUTFz
mzoLXdR
PdRi
nlBjXFBrlYT
oCRuMpgksTDlmLK
NtPjnrCTwa
pzKy
NigRzqMnOYZghD
NqiMlv
PuINuxiediNnsti
noEPRmkBKifaeACe
pPYimSntcFLG
osqoWDAfhUMulLfv
NYjqi
NXtyGMQJszByEjxHTWMH
O
NsLMaakfhgHqH
nssJfxRaynnqmYWj
PpNpNlcBhfK
mQKpTLYima
mlSmlr
OIdTTQDZGFX
PiSpkv
PbbdRFsJkRBpGyxKvH
M
oIdonbTUecOjpdpZdUZ
ogcNTuGipa
OfkzHX
NevpdHQy
pvrQF
nqrdPmnzp
mgyVNfJVALPsjMc
MejiPx
MhGeBogEkTRwyKsPmUJb
NlN
orbVpaUsp
OOVNUvuWFppiZMxD
nhgGorAzghbXOf
nvWxen
nqdmabgipRXqsOOxvSzj
nnfykTDeHXdhWOYJ
pWbalZDAeFOaQvBnlZo
pUhlGNHGVMHgWBp
MZymuiMGoRlPTsn
mwNc
oAoUkRiHZecpFwsptls
MEgIgRiEPWfgaPdvaXpk
OxlDSgXYa
oIzFfJbdJkIIKCTZBe
nEwjxL
PvmMOkzLNiGp
NurxZIiyzdFTVO
NrwFIBgFjctGjotJNPlK
OfZPgJ
mswtjcVLLlUBI
NwtXhpNLzKUiPjUnczD
oLqhRBtlOgXgvfmYTs
OCSEaiBaDGcF
nCWTi
PheRLexXKlpEhrQ
nkEPXQ
nDtvAhHvIG
P
pLYeyiGdtKtjB
mIMBuaVSYxFnF
OsEpY
PusJFVgLGHcQ
MVRmfTwfgZtsE
Pn
oZTnyNHho
NczTBkxJGhurqRYqGw
pmnWrwivZYUEgYpO
Ngdk
o
p
MXuHumiHSucGdDQNpgAQ
oRcAMCOgRFYHxDGyfxdz
MCrPsNBDnMKroMsRhP
mZXpEfbUQCgstabe
PpMI
PclkEdrfUboJ
OqhtoxaypHyTKDYYE
NRxwMdpgER
mwNROedriemA
NsQztnHrmNBIGV
P
NgWiuTNWpNvVCnAmZjcM
OtjKl
mdqIMdfo
OdVTmPwhxVzplkL
OEVQLEysqDNaNFlv
pzaUc
mKteekFHOa
mZTAGu
mlWM
mFAgOfvVMGWLYe
NKRdfaV
mJBDGphbgCKQzaGGbQBz
OhpnDvqxXJCnWWrtU
nfZayZX
nPV
mT
NrkNirXIofEugpcIBd
pjVnknHRYPTLMUi
o
pH
owc
ptvuDILnJalnfQYjRJpH
OOjcInvag
P
NdkxeDLstOrITMXfUkhg
pH
M
oMkhtPRJLhdmIICRNmdW
MPArKfVuru
NneyEtpITBO
PghmmBGLA
pVRWFnxRFooKacD
NZmGkel
mWGXFfxg
PUNuaC
oyKRmuzgYpvnTz
nhMsQKHRrqcKfkl
pctiT
NwdYtbeCyrWvrEvF
PfMtOhodhgFWtUjDbixd
MdvxrdtuK
oNk
OfjYTXYjbHWXqYrqPAJ
mSTQVNWRqCQNCOoQU
PiXyiAx
OnZmewdSbIDm
OUVylvQnPUMdDqaA
nnQCrdLJslehcVHPP
n
nmgHycBDZcr
mpkvdSTwMmRX
nzeBS
MfQ
MWsVFFUcTwYMap
ppLuzMMEB
pVuX
pPylylIL
owvlnXacPvPI
NpqIvXqATBBSXtr
nIEjHn
oQgLHfqqYpZ
oCqGxyFYTBTJfQK
ocXvPCCfdY
MwvfF
NzdhRLuju
OrrFbKVsmrTS
mOU
OOCvsmsXVhJMtRXNSk
pv
OpoiIlobHLrhRKByE
OZGifzIngDBI
Pgatimwt
oqdesxQYYlNncsUeDUxY
mrLpXxcYqzHgisQYVDUr
PtggdDpxnYCPhOxlWSIv
PwmaIJK
NWpVoycKhELHg
MLwLoV
pwWklzYzF
piyvydsSZjdLaKxWSjLU
Pui
pANCFqbDCPwM
PYQYhZMHQubdpnTPqKW
ovURsuifFehbXCWP
OCE
MmovEradNjSzX
OsHRNaBhQruHtfEXUfE
mULfJlJhxPJPpuaCI
pWEJp
mFTcJbDcvOxypya
oMCCcrQLROviontkgHRa
O
p
pexdWgIwGICTTqKz
oTHKQUevxsefzaT
MXIXlhLOSecBvyIWaKD
OzJmSfbvOuzwPF
naD
oRNbtIVOaol
oYgDtEmFhddtEnUcWTVE
OfauXvZPGculmMAQA
OALfnhsi
oJS
PjCG
mofJsNiDFgDmsj
pHrHnHBbZIaRo
mTkRqlml
nZEPLRDydnoFPUNRN
NLGlYPMZYdXMIpi
mBv
ntfyOJLPqfSyyOvUe
MUSSPvrBfwYfZSiVxuEt
OiPkWRNmAtsekN
PXeUtDr
ppZOcsCFvmiGkwwYQBgY
PuUrcn
NoUbwbHFIDy
pn
nLZn
mcnDOQTdXAWPe
PivtXPbPODhIeJ
MFmsiGBVR
nKTkGuoWSKuFSKyH
OHKGNRzJs
NKBe
pzcucvcJoB
mBY
p
NYytuOry
MHrixcMfwj
MGVkUa
nYolzLACtA
m
OijdpxX
pWTZ
niBtnpFovYjBkTmHhT
oA
MRldFSvUaxnFgrN
o
NSd
NjKvioQIwvHpsMFWoAr
mwjdoejZJWp
oIoYMgPChoSSr
O
nZUNpwZqUnPKnFq
NkZkEEgByHodzVLMC
OYnAYe
MuAoynG
P
pjEZIdEjqNtJYPg
PMFSudrv
oaZxcYNhmsSsUAuEOYe
MBpIksPB
mIkYs
PTwYSUuuoexF
msUhaceK
OIREOcG
McNuRZqlqRHwazLRq
oAHyVTsOfBrCYOgtc
nDn
ohPnlnurJV
ORETFlHWK
mjRUVdlkZUpFMPuFLP
MQXVwu
MEpZ
nDH
NtUwwPWg
nROodbUTugiDODq
oMZRZwxMcMVuZLha
o
NATRMhQOSnzgdmIFq
PPsIOESQvOhVfvOq
N
mNdUztmFe
MPWQvw
nl
PIEjpnC
mkfgVBcgqyLtbQvpSAtD
mjeRXWfSdmg
PpR
mbFMRBKPwWpEoIdXBX
OhVzNFykQMS
OgJdOPfDzSkglMGAEA
oPGagoljzDluXQsIk
OWESn
nHFZCSLUXAYRaxhPKu
ojrdtzRbKfP
OIyuCjML
oQILNcynL
OLXLgv
pyStaxfoQVvzAorDblP
MxdgZc
NiaSCt
OUxNpSsNtNzDQrBjgJFY
oKMFGUkNe
nsm
oTspFghZYc
OHEsxSXKlGLgN
puHvsemzUjNncdDZxfH
pqTeKtznIwHGX
mwwbfDHYjWZyextFmfQ
pVVKheSMlWd
NXYEfnWZBbZwnDd
MPYMoJbtWpYuYYODDku
Mpp
NhPDVapqfxJ
Pb
NeJhLNnGlcqH
OmJldpnLCxvl
PNvanUrIMWreFUe
oZdJN
PzBPNpamJguNXgmwGj
qHnujLiafA
tyCu
QIsvU
tNgmPwzElNb
SI
svdgTuFQwsSadZDe
sgtkA
SBMmgNei
txT
QVHLKwgk
sksdkIQaapNPHwEhZ
RNTW
qjMnrVlzxkpz
TEhmvIBlA
qqvXUAGukadAzZIfRKhq
qAcmZEUgKKgAXNja
syvyckjxleaezlGNnX
SaJfEFxgWPxQQVQEmfN
RjcqFEhQHRoOfDKiU
QdRDG
tVKcuQvcb
tmbcVbCrDdt
SGRP
QqHtUsmyZChmzj
tpmUzsyd
RJJpJGIdnsjANPu
sxKqvm
SyK
r
QXG
RcgRGgt
sCEQUozRIoPenLw
QFaJwcKkabqZilTHU
RQDurXXvFWudYJdLrGDl
QwUsUpLMGQhEOfSKV
rl
R
qIKlEFEcXCaOoNe
StdfbsoteUO
SmlZmXZcHlEZfnTCAhH
TYDAZw
qgWlqWSofWvFBoEUW
qZmACBAAaDCYtePerxzl
RbkBSHvAECwLOry
ROhukfxusPsEOn
T
QznrNeCUZHoKJdruDE
qUttcthQUR
S
RDVfy
RwkB
scpvcnJiLFmLBYX
RRN
QVREbUJcNVvz
SosmGWJJM
SgcZQS
RixcaZIbtfWIxvS
QYw
QjHcmACMAVZu
tiljtalPZEIIpjXHYjz
ScNNf
qXXXtEARomGujzSFP
qB
TUhzUhwlVYcqnShSIq
rCymnwTBjFZzcR
qQAaSTyJkHcIQ
QLmHxOn
RnzlJFzTvodqsmJJYLVr
sKmHQrrZ
syJtnT
THvRM
QDOJUEijtwrfTwyofvOB
SvvbKj
qNsWGM
rWsTpQgJQcsRrCzVNsRp
SNCravJIyoIDJ
tDMzwcWPahxBWaKZB
SlaOGXhFcnCSsF
qLZgUywoNKMCNNllnZdX
SEvcbGY
ThxwNNvRULSIGfZAqtGx
RTe
qFZIPcom
TxRuoEi
rjIMXutaPaHjGwQa
tzmyQfuJ
TXBmvSx
TI
qKLHWezXBwHXnFTN
qlMpKhnspAOK
SSbopArUzQbqyePpxKQn
tmgbnmIuqaYbiDx
QlUDFcKR
tiWpTuweaKqZJKMxcM
TQojqgEzV
RlFrBPjl
txXnRIlSfYqdClopUqw
QkFal
RrYsZcXwo
T
RsLMG
rYoKAYbpFZ
qMiE
RgVdlVnDTeFKkoQm
tnamKuiAtrsqfvhNe
rQnzXwLXseDMgVBNQhPg
qWEQv
rU
rVmpyvzuWCnKBCXP
RzKH
suHyWRDIytGurFuF
sBcYJTzxVcHrIFYKz
RJvr
TOjwdzGEDVhGi
QZojEaKjRjEkMRv
q
RjNsKpfoDoS
rb
QxEDax
sJ
rUEAhEh
tYIwFWlzxG
s
Rf
rjATWvcCPYdTzO
rZJ
soG
qjgu
sWONLvNLBJXMoy
TZMGRvdrXMppInPBL
QCnCzsssqe
qcxY
rah
qfeHAX
TaqMSloaOnbO
SzulPBfjKiIqI
rGwTpbs
QNhbqdbl
tZTYbOQqvsheRIP
rAzbSbodkUPBLM
rzOvJWyap
QubpaSSFgbFXv
sJmfDwuvqGQZIaHEoI
RvvTUk
QTXc
QSsRwbRLWRhMgfYZ
tLuTANYOBq
qOtvPedSfEiJfT
Thi
q
RSuiDTwkhc
TBGfhMXIMuD
RCQtTsoeuJtarhgsTXVB
silTdjkseTa
rpSCtatw
sTU
rQmoCCSmGxpXT
rnZFq
t
tRTujYjOuEouvwmp
QRUSIQqgDVqGRMMeoR
SwKSCyKn
Q
RfwkNITVNWjU
qWPghD
toHhCMQVaCe
rLywjdKVAWUO
TICIbnRvuVf
sujJnUHjiUnjh
rhNdzQAnOwhpWs
rhKSjbLZVusrOGqw
RIBXvmloR
SdIOoCjpvwNmC
QnCFKXxunV
SscQLYalGlXcc
RC
qGvSZyzbGCfJQwgbm
SJCuLNobLumJhMrsjlP
SpkClcCVm
RqEuEDMIad
teST
qbUinUrhXWykonYUVnMa
TXFuCtcFtJFiulxUwsla
TVuvOGQfZuNBGseN
RyMJyO
splWLtAQZRLx
sGNWrajp
tYfnFEzZmmgpNvhLe
QzrC
tZOIVNyylC
TtuxPLEPjKrlS
TYrpPBZQlPEHiT
soIJF
QMBGjLHaC
tkwCidlBUgqhWGhB
sfjpGwjMAew
Qpeu
SXdTcnmBQvh
rH
qWIZZTCVIaXJcj
SCHqdaLPnVINZ
rVlyekoPhbwiFqXLfEa
QVElYnvpPUiXhzKlI
snnefMxBUz
rFAoNgY
qawrTfXS
tCTqsFqoNSZxcUWeG
RnGy
riksERrNFWx
RoITPU
TpUUvSBOhscDOPmCKFe
tblUGVwbrUAsNYVdBG
tLjKjfTLGnsA
RPZTUvis
TGXyhZp
RctBSOCX
qCvCS
ROgTqHSxnlEDLm
sGiFvwuZhBqiULADtv
tXYgELSZlamcCXhJCUCj
tDTe
Tz
RHttdUsRDl
RtKtugDiMvVtsWYCa
SKeOSGBsgitQo
qIdMHCCsHTRavViG
RPzofiYqKIybaaCrGoTa
r
rUVUir
qtawbkPKmcLaml
sXQMZBJjbHmSNkLgnhb
QHvUlUZceuthZM
tMDVemLMmwibSGEgXX
tIpuJlmfURsUjtRHxUM
RDDDswpWCkkBSh
tfPvJUHlayBilsWo
T
qnuuLk
qTNlPqUWAB
RbsZCtsTUd
Q
qdhQIZDkNFVrDl
TvReKxncXEyt
rEtqzowA
TbMECYEmQRUQzrQy
Sg
SanhVdGIBwLbeRNeQ
RhfTMVzHhl
TFqeappSs
qJcdwQcgnbbeZSAX
rfKxzbsqlgJwf
sQSb
rzdyohkbRBIqhhGZ
qJaUcruZYOq
trHIXX
qUzSsM
tKZVVSXVRizchxglrHF
QsGNsLUnAvuZ
tKWRUiRq
snCSClmChmAr
QOeyodGJDNu
RMUQaurFYBZxrooqzf
qwrFSjUOqPp
RVJCuSfpYZs
qpyQKZp
TZOHywvchWB
S
rtGBRidrHPRJiXB
RAUjvDjjWmYJx
QWUNvqbeP
R
SClweNpLpnxWScYMWVzL
RAQBBMsVTiUxD
sXwUNh
SVMJsmKqYbtrQeZQ
SkMeLgvsQqVwGWK
rStZWGyChgTLWLp
R
RyVQT
SJtoRmybzTBmWuP
qqOjW
SrfnHkar
qWuFmME
TYhit
SDEIzAQxdXGaIs
ToiuwHDKrmtgDNfve
qhzHvDMptUNaPNYPFTa
rjTkhXNV
slLKrZlUvNaTMIYFNcNZ
QyGcqCNRcnvJtajuVqCN
tIJRYMYdHmVAbWAg
rRWcl
tNBWlCVE
SAmnXCLyAPMwo
ttnu
qMjjpxgsHNyQdIUVq
tqmwLXVaOs
RVKMNvDWuVjhn
q
SYwctScQFInEOJti
Qfi
SwEKSW
qhDhxlyPZTefnBnrJ
qQbyzxXGgXqwbZEY
qyRdFqKoTqmU
TpKhLvNyIEu
qjPFEjRo
QzcvvvodaQoeEVcLpHOD
RjaEAVs
ttHkOWfCfwpMZLqnI
Rm
QTNLCZBzPnU
TvVkziqFvypHrjBIFF
S
QZqILi
tAM
TFdguAZrSTysfm
RbKbQ
SL
TfieUJhlgUFwNX
qwoZwRdOOTFIvz
RsgrpUMiC
scjfxtTcuNDVsGg
THLaQxQaPGwESyPLAf
qHI
QzyrcKgPf
rYeGZXHZzWQhF
tuYNdfqiIeuzvHrYRgwO
RfmkNBVDRrCnyam
q
THVIKHZ
sWWgxfnZGxdv
SsWFbqqnVVrJtSbBwR
TngqDWpkHvqC
TZHjqxLVwwg
tuRbWLVxgixeJuQibM
RKJh
qVPhfxXuKbIKHsvbVT
tgfrTJllrbpSDC
sqPrBXerty
tII
TlpHQ
TDQoJuzp
Rnsk
RgDW
qAmwubdRFjG
R
tPPjyVrIU
qDucfmUQRWdclhl
qhRgPSrietgFDKsHON
tjfMtkkPizr
SpdoZepxtmyOo
sdqCe
QtreqRdVifdkzYfp
quqdWbLXYEvlmIuN
thQLoDafr
RSbk
QWb
TgT
SQEHYtTxmuzMsZT
rOw
SFViROldwCJ
RKImGySoqQWxcvCUzitK
RUqXJrsYk
tidIUEqZORVG
RSZiwMcXcM
t
TIFUvnC
SDiFJKQKFO
sBV
TNGIELUGfcU
RVM
QzcswgtelzNLDursyQw
sEoJEhXVAqwFzRiGByp
rgrmgqu
tdtEmReDrtBjMdOao
syly
tuDjvvYb
RheuHgwMNEWzG
RZEzVjd
QoH
SqeQYtTxqJTNvgTcW
rpGhjJKdCQ
QWtlTbmr
TvQmkCAVeusF
QcyYQSebkRcusrU
THuIrRFZYsM
TwzPPhLfMvUHORH
Q
rSLHr
qiwseWIZMLWRkVxuFuHM
TAekIedp
qfynN
QjGm
TXTWLBLLMmZQhdmslJ
rzodtlPrDddNrh
rPFuB
qFFd
rnZ
TwRh
SXKMwxKuaTKq
Thzb
qTKPVhWIKJky
QqPNhWMRvMBw
rxZOTFHMFpdapbJIlUKk
rQa
tvHxTYRbLgklVW
S
t
rmwjFM
qlvvbuJi
tVovBD
TTMKmVvBDLq
SyKKeSRGIPWwGeZIex
TPkCmHj
QyLHnBcq
tHUtxKlUcTqtCE
QcjMOHbvinbmvIdf
QxeJWsrWWPwZSxIe
rCHw
twmBjBN
rtKZyQisxdKxk
Qxtx
RPEkp
QpZXFctNnPjWSTmCfNW
RIGpzxzFrfsbXxpTN
tocLGcnMVAaoXmjk
RMYGmEyZHEfiRRetkXOI
QpOfIAjBJDkDbIEUAZi
qSaDoBYYhyVQR
SQHjCILEwFVhRr
TxFzNBuFPMTtAUDDio
QiiTnCPaeeZXzEQqjiC
rEOioWKJbNlKihpdkRtr
s
RyoYWqKMpZzOY
SPwMfiS
Qopnlup
sAzYT
rVJxFADBoXKZsxqnS
tCTX
SFuxs
rHXDIlFfPLQ
RZIks
TIXbgHPMdOhtjawQ
RVNREGHKfckzXYgzLCaG
QVkMLyZiyqdRfhyE
tALsXLhBNNqkxjFG
rbWCktqIJX
qOwrKKedqg
rbkMsdXGCOiGkjxT
sEdpy
rXACcvrtYNSJmInIO
QFCosiByEJLu
tkxz
sVoLYKNWc
t
QUOWT
tQUDXvk
tWIKGNnM
RoQFsVEvilbpl
s
quZYbrwvRji
sISLEkHkzavCAIvp
sMlAnPUOc
SjjalF
tmwY
SKPvecxaSc
TAsufziDqKplvKKLxcDI
SXjXyqyzdYCodBqNVE
Tv
TKtEkNOynV
sWEqjwGIwwvATphoSp
RXVCpZwUMZWI
QG
SZMhqfKFXrLHaQ
sv
RQhTICGVDMHQFsObW
QlCWdospGqys
s
REPvQdFEXCj
reksrkRwcJYuM
TrEiKeVUlJQxULrJ
rxFLqlXHWfcU
SFzJgIvZwOgYjqvBlwk
QTNgsDjEyOtnRHIPGh
SbD
TuCchyBmGsHHUcjPr
RnjODPoVJzgJXmWviwu
SFSFNUlxXafDjnnu
TWuQuLMsSzSxdUNDwWMq
RwuYnFWiOaV
qcWfEx
texwHvW
TIU
RfXPqOfwgsuY
qeF
RMGYtxmyFVtyrBJPeY
TWXvzNtAIYnOISJQwdR
qniVFQvoOJjNNTtLKFV
RiJNcECKBtBLzlSH
qcPW
R
tHTOJi
SlWMvcTVU
sVSORVDiIeMJstvsrb
skYUQveIza
T
SfCLnyslBQZEG
RZvsfRUGGKnnYFfkr
rPHg
QWTuUrtOgkDfPQP
sRqWe
RGkka
TfIK
SnqniaFGVeoitH
SEtMSBGPq
QGVOJ
sAZmJDUwnkSOHkCEHa
Qm
Tjokw
ROAGHklXeYS
rW
QblnQ
rIMFKR
tekqAvYjzUAGdNUgBxx
T
RSdyPav
Rsxuj
sHBE
TBXkcQWh
rBTRNyGtKAqNUPdWpW
QOIBFQAQ
TGnhDqFIYxc
TLdUaKgqTOMJgJPP
TixQpPvew
QHbzAfR
Tompex
RzbzZjXkpwzAsbH
RErnlBgELJImlJaLjQ
rClKgneeZDD
SbnzI
te
rdluzjWQHTG
TwZwwdQFHxk
sGYmWtrafkhah
QOPWcGCLxdOlfvIUcu
RJimiU
RJKefOvxmSK
tyjLXHOGFsllcRYzf
rXOt
rnHadhre
Se
SeiSlSkFKWxhdagkBmpt
qdZ
rfbo
RZ
SfFlhcJJyvuH
QmqD
sznpynHZ
reQYLn
SkWBcQLUfnH
RgCrIZ
TCKlCJXMhSOHC
TSyrPd
QICKpJoBkhfxdB
REKtdOUvoWDsAEXxkL
rKgmjBN
stJ
SUVqiUYS
rzikvBUS
qhnRpi
rMiMnvfaaqOFr
sGKZGAlRQsuE
raJZMMymBnGwSMkn
TpFjTpDAXEFGPNOuD
tLkxqNkzxFjbz
RvKSgvx
risyKKwITHWOSnTO
TDpyRXs
SrfOHOmLpLfI
ROEAEThHQ
sjg
skDBFemHCooqaAxZDBcy
tZl
rPZgbCoip
SPebSutIWiyKawoOfV
sOKRLQlgfE
qPIWcgPhkOWqAOR
r
QNGudoxMMcWkCNBR
qRxBbwPjdQEuDYph
rJavxkQPGGhwbE
snbT
s
TGLGUMOSmaILpm
QJqMuFAYUAzk
SpXtrHDIDloMuNMX
sbXcTbiZUiPMbD
sSLRmtDEO
sihdFev
ssVefo
SJFnjK
sRMqrtLQr
RQKTkwQCxLscfrAm
tBexRpZUppLx
suZcTagxswrxmjnY
szhsp
qYZLkHlJwqMXT
TzPNEEOyrKpTGt
QFFjcGsXpYiTKpehF
tERvSBMBa
RHgywNxEias
sfzp
sHwjYli
TnnNvpqyIQofF
SKBupcmtItslZw
RSmIymoyxdbsG
rNAIHnhntxLlXtNYtqgj
qaTLvOCAGjNDwtO
SrjSzV
R
SlNBubpfON
qo
tFJUmeSJeFPCR
qUTV
syLydC
R
RjlbioGhfRfOyWB
tJEsdSFJRzVtk
tBWYkWorKbHwXYJLDEOG
TpzZus
qoxvDzwVUdCFtIZ
SfVER
qbiwYzeMzEaQPGgMQlf
ToAvIeiVTG
S
qyUXAO
rH
qrEmZS
QTxqTNNMBsve
QHNQzfIhuXj
S
TkcJ
QhKgJTTPIwwawIT
qJ
sstmNaAnyESbeSrqOiO
qEzuhXTrArRbf
qmdLmqcY
ttJ
sWoFpgsQyQFDMhyGQWoe
tTBGWvtRSbTEKy
SZWRIBltcsl
QdkiRhwk
ruGsZhoEJZAJfeq
qfdNFoWZZVKhtFmN
QLUFFREEFXqiG
Sr
QWokc
rLSBuNaDtvTMNKATRA
RLzphxYkcAERl
ThXD
QZFkmx
QsZwJGtCk
SxZxY
RwQ
s
TuYQYGTfUZzIAbX
sFNQKKNwJuhHNdHM
SEUQxdFusyDx
sgOu
RlbcUcTPNgbZFk
RolypzNfJlbZgZzNruWq
riQfj
quEAWT
samTAInybAnyXrNX
tISYyHXKbIypphdKEL
QoE
SPvogIxh
sfUEprQjyLSFYxK
sLGXAWjBkuDDPQoLEW
tGwffkHWGluXn
RwmqURXC
RjdO
SiiyhMPwdVsnalnpjiE
tWbKncRwm
soTxDskGAAfRADkGoFb
RHgJYIEpres
SuIlfkdpiEHbXRaPHu
QEFmqcvDOsG
sMAv
TYS
qxwfICBsVZWAgyV
SVTfkGvn
qGKzykXTkhYRk
tKVTdqkZBl
tozMXDGILPEeTcvTgUFQ
SsCernqOCyZf
sEWLKeQlSqKqPyyA
RkT
QmlVvsEFzt
swnCckLShQfmIfEI
RwZMVFrza
QCNDYFxEoRcrOcl
SazYwo
QsBPlrWbv
SfxgxiJrFOciWhUGq
sxcS
RhiSXzXhVX
qTXMATMkoWeB
QkWZVmUiuJCZwFHcGFO
qxPdIZd
qI
qAbW
tiKmMNKmacogKCEgK
rBpFOXlFBJzHstynb
SxNmP
sBljmaQI
QdtjmLaGtvBxgEdkr
rOWp
szRnOxXBK
smemnOoULuddIZckGIV
RDLm
RFQ
sCZxBHnavNYSGiWrilBe
RwM
sVYegXvg
RvfAEVKHWMIwMwiWFDdu
RGrkx
rnf
tcmHFJLGKU
rNuHUh
rPSVJmmCecHtJD
QXpsOrChm
qRfdMOKATraqDIOLXW
rjREjYmxLkQZrB
SOn
rfTFdobHMstXICXZ
qwQbNCHB
QmvG
So
QmDjxgVMnBaOZ
SnMV
r
SGaquFlNuVItjoEOftsU
rPfZt
szKbNduikkLoSJWJMH
rXQ
seTdiHwNt
SfHMQvmiLVDIshkAxNS
RThnUxchbuaBbGKyiYh
QsCzzll
qOyaatX
SOLLHUJmHsODNK
TxXHfFFYpi
RD
sajEF
qXkPtEIHuEJRrrLikA
rVJyqUcKIS
rtIytGcSyKzLGQiH
rYThCVIVumJufwiByCzv
qG
SrkfwAXQvO
qEGjicRad
sTPQiUrUFlGCX
tUJohOKWzCUTWTJ
qFpOLdE
sEJXQW
tGT
tzjJfMyOJL
TnkeGIxq
sbWbGJFcINT
SXFOTcDPjeifKzCen
sRqI
sbAYlKRFLZqUVolRI
smSkYxMhBtVAxt
TKzdITEKTSjz
SJCM
RsrSnx
TfGUlbkeQYtZl
SkhmmlqUKfJg
tqaJYONrweV
QYMAh
QCMJqjHmfxxTP
rwnY
QkyuvtwAkRkSfeJv
sSmRyWeUcyGTTrVM
SjbhbICmric
SqcTVTWbDGPvzqaSfl
Rsm
sphq
tvTXoEVDbjKya
tCtrvlIQWrGiwcXdpF
rAYYYWJBFEwbKUxbePl
TSWJUefjGBgnrPLkGR
SyrOMGHCobrAXs
rB
sGtIHzJcHCCUzGZbel
RL
ToZiIbQBSKPwlwLQSJo
rlSjxvkqdKTPyDkf
ThIeTNIaKcNHJz
suRJUD
s
qnMuasm
QcSdBEKkd
tZeDkbSGFoBFpA
sFQgHBx
tCPPkcABxpjfdedUAzP
rKmDRsHLOWGq
rOzUvLv
qCSK
trH
TfCrSLEnqgWXrpYlt
rWFDKs
taKaNziOw
setQGTBwKXpnYBMX
tvyrVmTZPNU
SpjsyminR
TuPGSigK
RmGMMfo
SCcgcRQ
sWZewJaZnhUZHZ
rwH
shuFC
TTQIoYW
SwFcxwigt
ThfRaB
RnWPPMCbINuIc
QJprSLUbFaWbl
QxXXMRjGLYBMjsw
QWiPJlMnUJkkudJtB
QIabZrJzscNh
QhPprTqbzSmChlV
quKLXOdsbmQALVDxbX
SxfFlbtAyMwKuu
RTHtHcoch
TipIvXBjHdICwl
QOjRyoyrFuYoZrJyXPSA
qgxfIPMzqAzTqgEGEwaW
TXOKGyEnvRb
SRk
SBVAAAoVhklJJsx
reXyIbWOvlTixJouSdjs
QRIGwwaF
Rkhpcys
rPylhFMGMUv
ShVohujAHhJmwTuBocNj
RvfUrtlr
qEcMK
SDgFqfgKAPKFOQOK
rhdGbEAYCVpAbjUxXW
SDLEwbwRVVFUEAM
RXImRkCGOYArhFuaHxS
rjYDu
sg
qTTL
RUDMj
s
RkB
SkfHvYUhN
q
QELNdWthwb
SKNJXmUVfCojteh
sFdRalMgOENWJefmEF
T
RwwXjpXzPD
RDZK
rdro
R
qJwVOLj
R
R
RqowMmA
QETahogexdFrhl
S
SWRlrhGreT
RiHQGJW
qWKyELHcGQh
rFMykGOLHSKzbcmgyKRv
TsaIYiMIqNkWAlUriOQ
QYryhExWCnieaLhdmlu
RC
SNWXtuakiFTwFbQTCaWF
QNaseSNvAFwPDMPp
ryaqpuOZBvc
spXhshlIozUCSm
Qhgn
SfynjLnfx
SlT
SintDQTPDYkXZscyPSl
qyAk
sRjYNrYtZBdLEaAxBjV
qpyOlrZlGHSiT
rUIoijLwRRBIPdMnlzVD
QEpoCFbnbigG
rXNIQxgkEwDMCyeXA
tAyxpKjqRlPgPV
RNqwgExPdSwBl
sAIbAMUbmDBqvGwQ
QXCAUGZ
SKTIzzgeJvpliGq
QzmJBLNEXgL
TdXWwwLeIpdFW
QOXrRNOgQfaqRzaKXEu
QghPxuyMxeFyTjyZwjg
skTQ
QABGTgwqVkBjD
QKnhvYzLVDPPcD
QnHbMPRsQyEAuIZriO
rTtnFSmYRUvhYhnMDCtz
rPtbiaunhI
QhLXhAWjPiZQlUv
rB
tTuKycrJlbgeugn
qpWXeBr
RsUeLRErwmBjuxFY
SOg
sbVMPFJk
RtxgceaAbGgS
tlkSZmRZxAVTpWH
QEybJ
RTrjtGle
rwkAtMp
RNVvWYpZpQk
rIJEwPkbHBHeZuya
tTt
sJtuQaUYi
qoqMTtSObrBOEVG
qUdsfBkGgDjthswVk
TMtF
tDZVo
QKkVtgBjoRfx
TL
QB
qmGYheskMqOtnXByr
tXeJkKuxKZiNSVUxVchp
qLhcMrAUhzODCcRrVRrX
qdTCvmMlJixUGVyF
RIZScKG
tSMryQITKCrCzDqvsT
TpoBoAJFrSJRhDNmy
qwpzS
RBTj
qOlPc
sWAtuDa
RdQuPZVSAQgRT
QJjNzFolwt
QNGsizEwiWzl
qw
ruoKwiQtKXncuESvfSM
rxgTbtYaiBJFzNCxHwlb
RDe
RMcQYCbgKXwzgfg
SBEO
rvOJFxBgunc
rkRzVBQmSigOWDyv
TD
RM
TwORMDzRgFQ
Q
qToO
RNGCsqsjFIN
sMeOiLlpPmcgHmU
rHkg
Qauoo
SxXs
trfJa
rtjYINJFPHghZ
tErFzTCVgQTVMZq
rOeHQEccDKrSrYQLVkDm
qkoVtrZGwFoWz
tQAmQORMTPIRIeJwnf
rjvjnngFQHUHGmrm
r
qbEFD
rUCcXSxEthPYOd
swGuEnc
qqvLxYO
SCyn
sRMbJggEqpiDEItgqaj
RHAIGyIJdHX
SIIKiVzHEizdQ
qg
SoxxpbdAfhAnWcFl
rioYFnGB
sidBOYXaWTHYC
qt
SkanKp
sEfPqadpOFt
SGUFCvWtJKLiiU
QUYnsDQxomvGQvYNik
SiGBPtYUqzZEq
tt
sIOxjiCODcBKVvZpRfa
tucJrXPvGRGQvcLWDnZw
taOSRlsilcDrXv
TGyVWhqwor
scNdEUWtzB
r
tsYYkiXcsL
RwyBOR
qzmFwqiKLrIsDLqCuT
RKouTw
tqUobGlWlQHotnbqlu
STFKOFeT
RsyKbJRog
RFtV
RiqYPOzc
qVAyGktTZDScbgo
QoQQCSrNGXI
QlhZkwZJ
QGtvoULa
rVq
TLdmfzpr
sYgI
qghSE
sDJRcopyMfKhqgJd
q
tnAwyhgdYehbWIxBKYS
rVRIZBZGWhPM
SZwKIunQ
sZCErqGehPW
RJDWERO
tHCBHUGLlpyGXpBA
SmqzgHbtonTg
SDtSQwW
txJtItevdvUzWXiv
rPMX
QCYKpXBmKwfIGxhiZe
qiALFii
qiRQUauWFv
TnhbnjrXDdHqRUwurl
QCdehi
RTpXsZmwEboeDAkew
rreMpqkTm
SznJtjGHI
sE
rBZYcsj
T
ttsSlWpfYVysYHm
Rgv
StVFRcL
rYuQbGBjmqneOgQnqHAQ
qT
TQ
ROlnStp
rNKgPceGgv
QKQqGXYjxLOYkFrxvl
shHJAmYXvrDtFrFzLDD
sfKGpEUjYTngVXv
raHYMscxoXujrB
reEiigCUDZKqUoa
SoDZUICgFmRYYovoXGrc
rMiswr
RtM
qIeiSQn
QyoXSjDMbSsomCWZ
T
QeMwfisiJuKpD
TUQYVQakuxcXfPWWQmBD
rdHKgk
SXOuHBoWofUZGdXMuCRS
tRNRDivNOJmoeR
rMXy
QfiOGNYwvOM
tyTzvNXzTazLzYMBzR
szoZICgUZNZlfgONB
QIIyXznyAy
ttNpwHhFEVJHElT
TkxM
tTiI
TIiZS
rIEbHLr
qllQumYhWcWTpNy
QdUNRMcFh
qoKnweAvYrMW
qyjFZTnb
Qly
sNiChoC
q
tpsqNxDSI
qfT
QpgBQihpTOkPFOr
SmLOYKCSkNxYDhLSCre
SjNjVkaKNP
Tu
QhQDeTWZiTDTFe
rHLwAGay
tObbENAiXxKfedQcOlr
RJR
SQkQKuhWnMaqtV
rj
qlMDTGXclhCidF
qXEhlypHnnxbcePgvJdV
t
QHxS
shWa
SQHHJJmfJJCIOFDeI
spUhgHvEHTfqH
QpAhLukYthWhjVl
tqEEcyAbHFHhvdLHdVBo
rtbGHjZBGgAXLwVE
rhfPiBESbCVOGUaRPV
QCxlSoexZVtwsZeCQpB
RHJzkbCySHLFnfr
seMXzFsoKNtnwglzuN
SZRLOutNIMQ
TigUfrnrHUGVfhjeTYWy
ROnfMHhZCJEnoRNkOdqF
QrXakA
qVSjopbxfjvlXRPJ
SrZTeORuquksZUd
tmX
tbQVsq
qCaOUIsT
Qtzw
SehzmMgvjR
TbMzbHRHEZiUrhKy
SJKkNV
TVQaIwCojWibVtwRH
qg
SpfHnksFRLcrDD
rZiUzBsnrPxBtUjgF
qK
sJHjqUfiZk
SB
rnLtgqjtVk
qJTvrrzhFEKFA
SbZ
SFjKaKV
rnladZEpMFeuW
TiukJxfmMWpjlaniEC
sqplkQdrgm
rGRrNlQqkXLVPngDmc
TPRy
RA
SndSdLxJifhqrm
SRDreKszegvYBKyX
RexIYaLxgwPsYzrKxM
RdFZHzStcqnPV
twKCgbyaTL
tvLnqulzLGzMjhx
QgPXHLXyIFXj
skmheIqBMBYSft
Ttg
RIlIxWdViWxfI
sGAuMLZ
StQeYMKtjVCqcmYqqw
QSFHjcGmS
T
tLSTJKwOxpXLxZQnHH
sSsmsWwGYuFoRDkPbaw
QmkNcpubBjE
TI
qMPYMcgODr
TU
qgmQRGpNMtLwlxGGhb
rhD
RqFDWbW
rXMgGwKzRGzACwm
TlxMOpoO
SAKxvULtLoXrZT
riQVmcZDoRzjzds
qdGzxyFCfA
qQRtYqRAmSrPF
TLTwwpwumOLiJUNYe
QpMBJEPgKICwzPFlBmA
sBTodGoMBDUqvGU
tTbFImUGgfDoNiGqrWfe
QoQlSCCTW
sWXZKejbT
qBbSQlYvtnxgUmh
RZgdSpjsOXoPYR
rcZeXSmjytMhO
rcoVGSvUPhFxoMmsoCo
reTPDpxPiAOzGtt
SVoiFQkTNssPhyxCha
rZOcbabBkJ
TfOLQLKItnPN
ShxO
QhHlbkUHDoEf
QzOCEE
tRZEAllfkpGmZq
QLHsDecSYyeoRuqwWlAi
RxdfjlJSm
rQoRYxxfbhAbGWm
rkzDJWzAMIPQiH
rZEOWFyJtpElPatqr
tb
skJOqrLNqvRkgOeZpP
ReyJbzTuygPpKSeipBI
sbKaSs
tbSqNYfdBtXcgHbTMZa
TNWOFotXRemJihs
SPoJfIzrIkHNDx
TsIjUfenCjsIGQpFyEk
tboZ
sxPCyXSnFEBgLM
r
tXwxhPxTBbH
qzNgveNQwjtjjErtMsYc
rSOAAUvj
thAQHcdyLvMfDn
TRaSPdITXjV
SLMSW
QpmakBRaOkJg
QkrFZlRV
RCrRftRfjRVGCuoJz
qUoQRPoJcMUwjlQThFn
rPYtX
Re
tILz
RnYvPTgjWDVQGkj
sgyiquwCGYQLYCWKT
TVbfErO
tqjXRUmwjOIZdGrJu
TLPRp
So
qCFRL
RtGFZzzo
RSslGVIIgNAULGzSDg
tz
siM
r
qGlrSAI
SCeAxnfpzHaGQdo
tCaBhQflDmIw
SRNoOrPPBo
qmXgxmVGqkoYNlZp
rMa
RiSZAnbZIEqSigE
RxWgeAthTTpLSrIi
qsN
tta
ssLFOg
tsAIhyshHZzzZS
QxSvMLBw
Snop
s
rxALugDFTK
SoD
Tuj
rbINiIfTEEgtvpqrooJ
sFGhZfGWbRDX
QYcWZmpsuAVZ
sioKDuoKxzlEAIzb
sgxQVx
QdeBSogDDbI
T
RIApbNvRpN
tIfktUFGHJZYHX
swWwlU
RyWiCtYfZ
tbBXreeFagazJT
SzKbRbgUFDrIpzk
QzCyJT
tGfZdYokdREHFDLX
QAyetqhB
QJeMGUhQBlX
RzqvfEJUIKBoZblzX
tUaIUI
RAGKiHPBwvQcv
QFPSdrJRLxnClIbiqfV
RVMzgnPepWQFaKBuKBC
swHNzXeZnDmYzR
szdXSesZgVaoYZxuN
sK
rqCHpLItNAHRQV
SflZTkdpREziLYLVEFAg
Schgs
tr
qudFS
QiFuZ
rTIInBCHPcfEN
QapHztJvJnldtTRnZF
QXXlOy
RsNXBgXHPEpFqUbOD
QjxbAIzeECmXWgyCnl
SzdumAcg
teMMzGyTONKNJaqmyGTG
TxhHvYRVafbjkFkQa
qgsTermDPgbFXcYZs
TEhqi
rFVMoFvsPGVIvJ
tLRuroSIjNZbwTbYtQf
sbJYXWvPMBQfVfKTJ
qiScsFHAqtxfFmIW
RtVB
QJIUOfdaunQwervvTvJ
t
SbbIX
SlpUMTmtSaLmmOEYMyB
ssdVhFYJwyw
sdubARFtjGXXBiQRZ
QgYrnYKWmNALnLr
qQwVmwUXUMJoCNXoGDR
S
RWf
qjnlnxoNtuUO
QvWeHZHs
qD
RqboxjzJ
qVOCeXKWjkFtFjjhQ
qLVv
qkA
qE
tEVgKrREcDdGSWDZVvsC
TEBU
szVOOomfMUPtKSy
ROEYBOANuOWxze
RYNwjaoeCwSRZqHKGUnH
qZKTGYMblBGH
RgZXQjaTrWh
S
qRVdGFgDmbYa
vTYnCkXycBWgBbzsoN
WSbmASLI
UeAxE
wrNqgmbAFcStnAzb
V
vgCxrkXmWudnkConyMng
VCaBFlRdrseJEvio
WCLL
WAimaFCWYwBBWXrlkVRb
uQmqCnMRvnVBVgIC
wC
uFga
vbEUJK
udBRsidOSOYcOhsOsxU
UKsKLeDeRECk
w
WuXKRFukTVDVJ
VhgJeHgwGZ
ugcZrhgpYwTPvX
vTxd
Uuo
wfFBW
VBUJeIt
wppSjDADVlqQJUDqT
WcICPIMOuR
VdPodmIyw
unVoEUAgCKiALKwdIYOV
uNriGnEd
WIcrjWwXtRDifBcxxtRM
UQvsCjZv
VpsjdxSWiIIOSqvRL
WYsxfSPVwDxVVNFsk
VIoWNXHkCGapGOCxqr
WCBSYf
wxlZVSqfNmfvMIa
vYyeRFmDFsJuHO
WaAKXnJMIkQz
uJClYwPzs
vzhaCz
Vybz
vnKjaVYQhMtypX
WyKrAfKyIgiZqWzaD
VtBYrwxjwVPlSoQcgmBZ
vFZI
uojwWfHLLriFVdcNLPL
uxLppoV
uIbJbSK
wptwoXbTJXx
wonz
VvzNhMFWTPYXPl
VbovFsDrFhubVYP
wZv
wIlByNlhjvHw
UYoHvjuoARVRRW
vVsDhEBtyllwk
vnpPLSgLou
UQtkpEzZ
vOjhVErrczXKESf
VtRODN
wjvPiYQs
uJkHBmNWCiRIhgbbr
WoLSMqzSlJoCBkcIFn
w
WWCaVnhPiEe
uqNIPPEDjRjcSWs
uMsjkEeD
wlYhBZRFNYjCILL
UlwrVYOtAA
uKlhaoQodcB
URpLtigcnptDcGVbYXO
V
wiXHFPRENfiQUdJ
vC
wwgpEPrVZCEqxO
wkqrtjFWKos
ub
uSxfCgmolDcBAnmQPUnX
UZ
UrlOez
Uz
VPxtfQfFMPKlALTGoQc
UuiIqQkrmtYd
UPXNPpVfVt
vRhcQRGCYkS
WSonXZREOlBCvzoNi
wtcYDngiMIiurlT
wQKAiToaYwBMr
wsKgyDvHlBCXqjjgO
ugWCDvWJnL
VzeUxOZT
wIEUFqVpbaTZPJUU
vzAl
UAusYoWVTpMEg
WMBphIJk
u
uKEVSGIhGllsE
VESTfQtkJL
wqoViEz
vJEm
wLYZdjLrtsFpD
UgNUDyqVPcHov
unVVb
vAdCngbwfuOQ
V
U
UNOVAeDIRsLSBRw
VMiInhV
vMgpKbJ
vVtyyPYjSnVanc
UQ
WXQJhLEkF
WwpcpfLde
wV
VmpGUFWVzuQ
VleUXamPoxsJ
VflnFmfD
WDWvazvKCTZMC
VoxzfdFJpJKCAOD
UiwqFGJnibGntza
uwrQCRpo
VJjH
W
VNg
UoGofntW
ViTvCDHuUhL
WlxjcnkzvuNED
wh
wabKEwbOEnwEOCAGP
UNOqoQLNXGDbQFD
WhYtqAWd
wnqTPxkRSNYkl
VrzfLJEhvYwgsZiPF
v
VmE
va
wR
udJCOVXGG
VDyagvm
vSMF
VJzjksmvjrJAKAgtZXFd
wQmwRrVTKO
wstmFiNvyJVdkhbNwle
WxbqzpERChDZs
vjuhB
WTvOAxZEzILUFv
u
uTRUaNvzexBtZI
WECJGbJTAmWejrgYX
VfVzlrSr
wkkoROi
VdKPW
weebrUixWyVb
wVU
VjomzhIWk
ubtoPwLm
UDAvy
wCtkcVXyesFWo
VP
vNGIaIubzuvhrKFxDzeX
vUbyHBePsGr
WreYzkSZFZKVA
uDSuKtGIqsV
uvtHlyWNCuJwP
WwsaLiGTvvgKOO
Udxsqxfj
vNCrwseDlZpkixqHEy
vFKrWolRMP
uTtHXtCLRPCQxSZ
uWhoQhIOnFhXHT
wuNVGRCPApTtCwJoFO
whkHLXCajPndw
VeyeUedtwGlbSC
VWoUjfH
UPMjDybLEi
WSlwJjjh
UCBpqHzZtPhb
VFjqLpdGKVJMqtSA
VglORU
v
WuB
VJGOjonyhpFCr
WTRB
uX
W
URzOjn
vgJuWPGTMMwoCuALjl
uglcKhVrQAab
wQXAGGjC
VdEXUMTOpDCvec
wp
Vo
WlB
VAhEumxFVeFSi
ufE
WBqBXfPNJGN
uVqaeN
wilWxKj
vJOOR
WAtXNoHpBi
UGxhVUc
vWtsLNVmUNFZJE
WOq
uhEhBgt
uolHaxlIiaHmYKA
wMaLV
U
USRQeRKVDwmWI
uz
vfMhgTPrGWl
uDHSldJXNGzMUzsBAqX
UWudGxSdOHFRylLf
V
uu
UaV
UJtwIKpwuzAemHqNhyGK
WXsUyQmgePObAvrfj
uBnEKawipQFk
uawcCcQJy
VUjNseFwLTMzHYyxb
wZGsaevpeUq
WtgsvuZBNjutEcD
WVCJNkYELVoT
UfjjsxafyZ
UGenydGvEfZxtiH
WYuNYaacUExPFvZMWY
uqUSyvHJWMTNRQCSTl
WIpkiJRkCjbJfCCZxJ
vaAQiouukVb
WwFDOyETDYE
v
wyctabYqnJMStu
uCnEeHtypRPgPKVhTeZr
WvSBZXC
VzRQEnbCVo
utLwtmcRkKaZ
uBJGALYvod
vJT
vWcsubO
UojKVRyyC
WlNtZykTRTbZh
wAluSUp
vMrbI
uKuTPNo
v
WnYOkZHVnp
VJAiWtKs
Uny
wFYpkmYlsQtSGuWpJ
urqbjaONTScVNmdgjc
wLwgqf
uelkgvnTwJnnb
uBpbvcN
VHdSBHtgzmwqqzJFK
VLjFPLDZfLAN
WeHrmLiRLflkkq
VPFvd
vpNvcXWMfZkkPIM
VVcZcHsLOUyqfqtmvZAW
u
VEmQLr
WU
UssukasxarYOUER
VMZvuqJW
UhAhOep
VLsBCg
ueIBrMekgBfpiiTp
VZVTueejEgXIyvAECA
UAzpYiwItJOdyIz
vPUrdAlsaGxDLvPYxmSj
U
WOvrU
V
wbkuzDHvrqT
VJjgaqFHCyVHyf
VtshVlQTJcbpJEoEfd
URN
WfLjZCkXUpfwMHrLMtOw
VbceHXwLJDVvUPzQdfm
WdBRVI
wPMjqLuQZtGXGxDuHtEj
wZbFEIAECUiTrb
UC
wjVyBcbU
vfuui
WnR
UhtgULTYlCbG
VnuGSxmLqPQ
WDmgMCAC
UzICoRltVyywUvMO
VJCpIIBfKAfqOCoj
wZbhlGyemxHLVuylAHb
uZC
UQLwu
wztKGhAI
wknblDbdNqYQMM
vdtYzqzTQmsktOOr
ukDBHYIRRYwKUCHuVFXX
vNy
VrW
WipdEEtMlXGWgIuENR
vh
WtaboOZUGWKmgBVlkQQD
uKoXNcNIYaj
UbRZIblSBkLzGooI
UzdOTmLavmjpXbQCszig
vXblKCpQaoYxQWfLI
UDIrcWLDOZLYoUdf
UG
UroPVtVglQfbcRSXoD
UHJApFhNqiYDamWbG
WeHey
WYXnGepSTrWTZUgDlxTg
UUJPsiSyYLPGEQaNx
vjQRfHIconXcR
VOMbQgWCjovGYZxcNvG
vPTpuwNCjVK
Wx
WySvv
wFMGnHLvDHls
uahfELLBOUYq
WVxk
VNwrCJcm
WTEqWcV
U
U
VSpVlw
VGJNPapG
viSXDfrOJEMafT
VBXIPrWuuLcKgaqa
UqpNPeQj
vmNBqvlhP
V
VHSucNO
vmzAGj
uEXSrUVNvowAH
vorCEUmQQUbrJnrRk
woRMzpbEh
wfnyLh
vVZnpqGslBYeiZ
wXCzpEN
u
wdWseCrDXppj
vjSwfThFEMnlQx
WnO
UMYCNwtMJXhL
wUgcrzreCqwDkaMSPr
WqY
WomTFoZlrWJqpA
wRoUhZLyAtgdrYi
UfjKCwG
uTFkJ
VFvJpKvFGBAPpYTE
wohTmgIWOGnY
wmDSnlfjZ
UsrCcEusYJQxP
WuIaTHUJBryKUu
UBcVXLrTGzSoJLwIbCj
vfhsIaNykzussxYmlu
udSzRNzUYFiHKUCKvAtP
wIrwbTFCENTAaXc
WbIqAZQNPEpQ
UmTiOzWHCDPpczMW
VvzPFjM
UkEyLYf
wwJDoLjEgRDMLEmNwrfv
UbATRPDUhypP
WilwowMeFqh
WgpIqfcSt
weKw
vPKBXg
UbZXccrIqEewnPm
WRuP
UTtiFWGb
ufeVTd
uJgZNeiHOIOBaVPOh
UsKYMYRUYi
waUSCz
UWnpWgSQQ
VzaEbpzpJHa
ulvwA
wXSdeEBasHHNmhllkjp
VhhNCsSFxVouwFGForOD
VHZTwZPwdSiHJj
VfjiE
v
wscMJsGNKQ
UyMlAYVGnHltofYHS
vTFfbwLvrPPewewDQ
VDFykgaUN
vYAwcSGTyjVLCVZnqRR
uUTcso
W
UvFYANo
vZ
woeivIudylyYbZovbi
wLjLuILhaHepejMCVEJk
uipFvVYASAaT
uivWBvFyHUhaaHRdRa
wOiXaLjR
vnmsZolGR
VuMmuzpxYziQonupnqd
wsQD
wZAOLCnBxoArs
uMKwCnhvjaTbGtiqA
umfgRkWyAFLCobziWth
uBQejLyVqYDpO
wFCfAqxwQbdR
WjqqYUZcTjYyON
uOQ
UnUvZvDneAVBSpyxJ
w
WgYNWYbzFdO
VplVhsrn
wDqVqc
VzSYjbAgapdNzWHYUfs
UjgYHuRS
w
wXgFmPxNS
V
wSldacxiw
vPnsSJfIbeuvGzdwOr
vgpNtgbQySFKdYDIuma
Vc
uKnzObYoHFGHYoZa
VQLmVlpoxbdV
vcyvqWzugm
ubzNlvsFaPZX
uniiHjRerlFdVIebng
wsr
UcCREqbCrDAITNHcTrOO
WHxTOhPvz
vfpgfwRrXmxNkbjElV
WtszdSsixUBsJGwsr
WZtTlIyiYUVnVLwOpqtX
WPaeqedUfudGHXu
WdTdBGaNJhITS
wwQOXlL
UQkl
UBQ
WPutpTNfiItHWtkNRoQf
UeqjgWwsSoJvjgz
uioOfWyiLwIAxcP
UMGuTRxpBa
uzBLwAmPpqHfb
uew
uHNETKpCMInxpAG
uUymLpTWLByRPeXjl
UZwCxVRQuyKw
VqcbypSeHXbI
u
vxJgPhxgSXOXZV
us
vLrpKneguZ
UKJltU
uColDyasnazeLSt
W
vB
U
whHfb
VSyGxc
wtJuVf
wjVsRfnMfdxTklx
VoVRpZGNOdXwrRWIGrVX
wEAhZoGb
UsjudotHgazDi
WQaooO
UMKDcGX
vCPtoRYyPgUMcihOI
uYAiuDtnPnYJzXoNn
voKdMZUQzWS
UtwatMywlmTS
vOPpNaOVdp
uhoXSQODGsp
vxUcFgzCvwvZLMFEP
v
UPidNt
WDTsNkAJwphI
wNyoaMLpEH
vXawVunVs
vYCLUVmYPJJqx
Ur
WHTqcnIptmWSOEYusjp
WELkvuUKBblJxuLxVNc
U
VMsUNrlnzmPxZ
uYPaMHgjO
UsPNp
vtIQame
WErICcfxgQDRdclNvgR
wkiOUeuUEkntoZAaI
uXTdhzSevLcMCaO
udMP
Vy
UwnlAXvzhtGeqEkMrDo
VkeiwQjvQOguJutDhLs
uB
uVjfIi
wkfGL
vECYjOmDJjAbbBisSHc
wFSl
UqL
w
wbtAzeDeWKqePdXcNi
vsiH
uxArogSlWXft
wJkXeCXZqAHTq
uslcEW
UWFacFEGLtAvkDzZfSX
vGkjDduLxyywoPuj
WkohRHSNKhhvHU
uYBzaJ
UczlnsKbrdOuYIdzdWRL
WSkqRCnSjkw
WdrkY
VnrPt
VczrFvbEWqzKi
vEfmLAIuXm
VlT
WExRLL
WSUxlffdhvIcip
wSumXodZpxbBU
VpIwRZLxQytBYyacc
VgasAohyoXzUA
uQzVlxprRNeEaYDt
UFYSYnZIPciolbOI
wXMGuUWxBqiJexjmYJ
vEnhixs
UDGT
uNyvQYtSgXmjGbhHgww
uFJUZHcnCy
UVhf
U
WXbUHiqoXLGwIUJmoR
vx
wzLtesnQrWLSiTwLOtY
vtWxxb
VZBinfvMaduBzAydBf
vOGUaoFAvyKIwXx
VckHNBlFYiOhcAoui
wT
uxDxZRXFRWMF
vQ
UZSCpTzRx
WiC
wawDiGOzzzXAHOHjrw
wNfrAeuNwnXFT
vxCYOJSXoLQEQWOapaJ
VOWURL
unQOiEUJIsaogLSBpd
UoGiORACUYFkZR
uxNUyyp
WEmbItBEDRihZheBN
VTYNWefyPbfVOadW
WX
vArUwtcOQ
VfeLNi
uD
UXMHWtBLUnftAZ
uKpsMLjnUOpjThp
vdke
veQyWrjksUmoIUzTiY
wYoBtENRQ
Wr
VrNljCCeqFiGuzbWqjx
vqtn
uvrb
wjEJzlTZh
UOJeXUYDDtMDOhxvpt
WDbjLDHaqd
VldLvEYcj
VXKET
UtomslPLLFnkpDWoD
voPMnCzvm
WBfHDIMOdBdDWCZdCylw
VhFDSaPvWYiYZcApMH
vEbhmGvlGgbdzu
wNCXbVPJBITALqL
WFKEBiqUsusDyUp
UuukQPSJFUPEaMUZyJZ
VHSzsf
wxFQMjJKsPIkT
wJuJ
VkoJiGqvBhN
v
VOggV
uGYAfErjshWJbUiXcn
WtHbEl
UAlyOegdXstaG
uCZzJvmpFQWaTgKsBb
VrrJWlhEigBEBrk
v
VuFzULOB
UKiDuFix
utxGLreAZGKodNszcIYm
Vpm
vRYVDoDC
UecUCLE
VQUVesgkknPicWF
Uopiz
vKVOpHmENFuBdo
wpGgfSdihlbSmcFxAWW
wyuohPGadCAjZJYv
VE
unbhRqHVLBt
VctkDlS
vQCCtfOcDT
V
vLBxZypt
WelgySVDGRmoHTD
VQuJSSbKBomFn
WQZQxNRJeytonqwwMlsx
VzEfn
uNLrGOzozku
VwxI
WwsrOKwnRO
wweKyFpggwr
Udec
ucEtMnyqkue
wvgxNtfID
UuDCFeyxDKsTGpABV
VrwKt
uCDzJMdifGww
wgmfxFHqwfQ
vjfAyMhlsCngvKMCOnx
uUkUhIJwZGovYJC
ViODKjHYoqqiTitQ
uoruEPAwKVFxPbFgheSe
vvhlYbFgLmKl
UEQFEIgK
VKpSejsUJmvZXIMjo
WoKheHAqlHESUWpbjRBr
uijGksAPJBAGrCfqB
UVybezLeaCl
UNAZjaGOdkJVA
UiEGFcjdzPFMBTNrEC
VtpjteqqCjheQuH
vXfbhglBvIjFp
WiatWQJBBzExFgZpKqh
wRVihUdirqp
wBeHZrh
Wtx
wjSnD
WwuGJSdPADqFDd
vVuymhAnGMxWqiHUPn
vSlNx
U
VlHWxKnlzyLiTenDAg
WuUzs
UsFikqoIO
WzG
wOkpHiSbYrnMqvsyXz
WTosl
VgqnsUQNqmG
VgZwwLdkcmsNT
vwXTghLwtKldDmIjlQoT
WYTwrMcwKbGXsu
Uq
VfZHTbQfevtRkd
UzBgReSQrQvMFK
VmQSiL
Wn
UlkKbydKi
vtRyHHPUCTH
WTmynfITSYCjDuBdw
ujANpNCbuOZOdnzwuxZJ
wGmXkglNzybgMrHahKcU
voBV
VVAjRrObIUXgbVXvpj
UQzSieHU
VmNnQQoFbeC
UsIaNPb
wQM
UuBKam
vD
wbXBFICselWmBOsnewxh
VIPIhxqOthwAU
WrSwFukmepVhMLL
UChpqxXpRWNZmVMzalCQ
wHJNIUbCBOuAes
VQsLm
v
vVEMMMcjVSbv
wVGWRlPv
wcaraLVThp
uFnqKFUdxLjuzOlFWoa
WcoffythnaQL
Ws
wxbLbQzeYZp
WJvWLjWiEW
WJWWMI
VrUwGgLpjelXtAH
weUiABuQ
wcCanIFLI
VgwqXtMvtXkV
WrOHQQSXjBQtZxJw
UQSNCBEShcxUqL
unmjqEHCzabTCZqvTiaI
WBWHaaVVDcSZHmwO
VAbGQdHDuEwczd
WKz
WLNUJOqCMYz
VnImCikesRGriLPKyHQ
Uu
UfQGPXbEmJC
vyjlqJZZ
Vh
uDpSCKdUJfRdjm
ux
WpnxygaShJXpveGYmp
vmPRSTaEwyStPRKaPHQU
voDKnDvHoAQvCxjFE
vyiPNsqWmaxpnewjKGt
WUWivEOFEHkJ
UwQkVg
vm
VaUzPGqyhJaeAlXLo
uuEfTUrITwKPgG
URDkQMxPIIt
vm
UaaBvFbcHZODRtVcUj
UTaSczqTtlXjj
uSTMXNCCbpWl
wQtxwOOkZGaVR
VkQrCPQJyTYxEmem
W
wVgKxJiABFc
WyxRzqOzIyAOYGkRxP
VaLUMdgDqnXnTP
VXsZkQlwzm
VQUPeHo
WPasNJYjxXewtm
UakocDOdgNGQ
VpwcxfQwYNRlBMnB
WL
WJoHRvaUrbwwGzyZ
UiEZmMkGdzagmZs
uEO
uppwiYjPExuIhrCT
WLS
WEoHKTjfLZUUxBaP
vWAc
UoqwfuM
uVIKOfdVNLYjhAXkCWU
VXhvLeMcCiafOF
UWwnSEOFbeHoIFJoZbX
WTcPyJZooJuAIwiyzx
UkXAmiyBhXMkB
wmqBWgPnTRU
UxZpNiEDBnwidBGbQka
WRcwcjsfvLFzKbZAaCDb
vsyhgWaDpRQssHmn
VgnmMlRbreJhoNR
UHHUdzyeeobKtOcJaxlP
VCFNxLSsPhddwMpnjX
UzIVPjBQPmiIjPG
vkJMeNzNOrztfFhRadjH
WoZQalMyQg
VUTtqlQ
VGZkESlkpKXNmi
uUe
WQcCV
UaYlvvlThzu
waBOlLdUvTDhKUIUPRst
WFSXLmlMEhySMMgegBJy
WJpMgujGKFPgg
uwTFSQsueJQykSNQftV
upDSGELGIhEmvZSd
UlwpjETSny
wFvrBajRFd
uJApc
UJai
upXzftQMIGyUCJFbnLDH
u
UNEwJHw
UhuqDxi
vYIIbXqSQhzGM
URnGQUMbkN
vRyrYpfKF
WLBknXSX
vAgVQX
ubNN
uynJItYokZCtS
Vc
WWgfNliCRvGjDV
UPBeBQGre
UnAZwOxqhPxmDsqKQIuW
UKMFfaOGNFEvHhBk
WIRVQgKcTbS
wgZWPgzDpA
VBObEeEDJdkxVeO
wYkPWPLUxcfSoh
Ua
vaAEztCC
WjNjIjxiEY
UovBGO
WsoBpKLShIlMM
UnlJpaekiZGvOcDygc
UHpbbasdcCCtdRVnMYwz
UittSkvDYNDqzPW
VghjPzYARgkgCUFxswq
ufSmcaMbebzEIT
WhyZxUGGBekOKIRzrcEl
wGCRixQC
UoyIQyfWGFP
wK
W
UQ
VT
WLTVhsiszjweYrcEzRTl
WkOfMWSS
uyGDmQzAYWoGTmt
wLwov
w
WCdndobxnBS
wvYbOvabjKwxTHl
wa
WXzFc
ViW
uaU
waaLtOpuxC
UQF
UNICKcFhdwSWwsUPNvv
WbrjbnuwshUecYnfHmhK
WhJXKvTPRwXxBmmfL
UOCQBrQzBrvJIfR
ULqeuuTxhYeFHYbbXiIJ
UFyzDoclQhfqVgWGaSBG
witpImbhYJRQWFW
VglcMmunYdyJfVz
ueDXcfNrgGiDXzNaA
vWFsCGODPxCvysoISaqE
wRSvSMAL
Vf
ueYmG
viBslUN
wrhSLbTGpaHaQtJuakl
vSSASevazqNqaGsx
VBKDZpQpLYvYxnj
VckWZlBtPYNOqnJjgO
wzgkMK
VOjuIPjwBE
u
WSFb
wFtUsdREG
vowgTw
WEpqPZbxNleFjKGh
uPnrAOnJyblvvucLc
wRPROmreJqBXlCdsjZc
vVgTITlt
wzpmaFbFR
UeSTUFSUXol
ucbW
v
vhU
WvLmkHTFCsdJZmmg
UsBOJ
WZPCCZJKwfXXYOa
WAHaA
VHiTjOhlmbiGvoHEwR
u
WyoslxAMurMZMxjlJax
vqdmtwrhL
ve
wV
W
WBLvqGGqsv
vJUzbeXoEdsdoqegTcwb
wQipHnVJTijOcbkBHaj
VI
wPCZtyjTrjofUKCTA
wsSOqzqIrpZZb
Wb
wGcVt
U
UpMgsqxPRLsSgLiFYMCT
uqYCJioEYr
Vt
wLQHAHRFwfAfnYYjTTMq
vxTSIYRPkzkCad
VpdebaTotUgr
UpMFCadkPrQOlqnC
u
ULYDBWbLjmSGqHdGy
WRCsTPDsZZ
UUkXYCJ
urN
UgWeoYJgkZMa
wUcZvlWxLtHzwZNbZd
WiVIMxLr
VhWvDgsGRuzYsJbB
wHBwnLRsgnIVkdKRZN
WeAgKuy
uMvcU
vIDYIqadvC
VSfjDGtwFXWZsmYmXIpX
wR
VFVbnDOvutP
WNOIvBsLMZaSzrIaiN
WnvnijIVypLcfBwMT
UjSZafatnTIVXtRpJsM
UqFQasFaOww
VCUOuE
v
WqCjsWGaWyGA
vzlNhYOIq
WBpe
vugNuLAMfihIqdp
vErmyXjdyjRCYS
UrBltCqKviDNMk
UlXbDNtQJKCukjbdZg
uKBwmalDWGPFFUAJhTw
UoSQSRwjFKPfktcUAACY
wBMUrqDkzJbSBIebSdEf
vhJV
wWAFouaIcsOtuK
wsEHffVX
VyYKYwLLxt
w
vy
vs
WVFSfvrAQCsOPx
v
VZbhWOUOtqHj
WZyimcNwzqdfLJGUjku
wqhlN
VKRZLK
wJstNErDzkvw
WncsADOPoJ
wKzPmEFalTahDdhaUqyD
Vcz
uI
VRZSMwbrRcDgn
VVxFBjJ
wRnRiCyrJvQcRgS
uz
WvttwPzJBpLXYuxR
uAwREBuHCdbjaPD
USZByip
uen
UpVKGbk
uiCox
UTfEZC
wEePbfulA
UrlsJOb
WEMDwCVNMDCfIFfprp
uvDJWDnSIth
VG
VnTmCzxWleY
VCWvCPpNazvhZXVX
UYx
UkoonipWcNAjbyaS
VDTrQz
ucQNLHLUJCpdh
UVQloEXnDKLgRS
vPgZwxughS
VnFoXiZfdBdLxS
u
vjKTAiqhGzqt
VoNMHKHlP
wgsvlmxUgeAsRcP
VGNKrRzy
ws
UgYTfZsGHujjZxva
wduvTfPtBZklmfwIWL
uq
vc
UOxgjJyZbAmobbGHkfgL
UpLiIpkvOpLPxR
weaHeughfY
wZqonshysrireHkJ
UdspkVdpgLSlxuAOUt
W
uqkMOVIYbdRZNniBpfo
vKlTgU
uvCDro
UlHzv
VoieeLkJxbo
WxSUqIZQwAckzlQxh
vXzRkF
vLFQAasZnPzqotVuf
UXoqPcTjWJAgqvMJa
uF
uFg
VtmmVmEhRxXFZTRvya
wlNXJdOCAax
uxkexm
wUpv
urhvaVUBkLpxYwzyNH
uqFuEKqBJLYchKjDeJVD
uKuSnozCc
VBLpCRsdUuU
USLrILhdnyqchg
uKkFEvUIuApveYQ
UCwjjRMLoQmG
WMBDcsY
UVHYhflxsETCVqlyctf
vIJqMTQzs
wSUIgEhS
vIGtn
ulhfnm
vEHhKzRsFG
WFKWvHDMfuqe
wkpaVulVYLbwoZ
wQvyg
vGYsASsN
uouyTHEK
VyvIcEfE
VbemJkyPTDcEAnWTaNu
wHEx
UPXCVMn
wOIixliN
ugVNeT
UWqVLEpRfhzcyHhr
v
wIcuMYKEgfYA
vSfisbMw
wSkYMCV
uApKzcAFqC
wWgWAvWljyoOc
vIvQuScYJ
XRtOdvwUi
ZHaQgF
YA
YjEXcIFnXZWsFmoETi
ZIUWOBQXRvCwG
yZDDTryM
ZPDamKWWUAdGSstb
ylRMrOt
XkSCrQZJpgfrDxJL
xHBTsSLZLT
YWFozGfydJI
ydiQuZpimPjsXw
xqUeOGCM
xKnJHHSoyLb
XOYeMfGoLV
XVugASywkL
zGYLffCxWLKtGaHJDTE
XDnM
xDIXmLSpGvu
yYlDLmrkLnbHcQo
xAPAkuYRPfByowhVv
xNbTD
zqfLTSbDv
Xrb
zxB
XpOmP
zSDGrEfsfrfwPA
zbbRJnAcffZTbgRzn
zIKKtkC
XJGUgHRbXlArTPkbPx
YqXdONbVNyeNxyDeBL
xXZGPqiZuYrBeV
ZgqmXmmnzMVzget
zuzcWsjJr
xsPEIUbQrKNMrthCCmIJ
XQqXaazUK
XMPAUJZ
ZIQFBrscYFfuZ
ZPQKxEpruBFhZTyof
xdbnmgxkyraBPwFiFMJv
XXQVVi
YaAGfZ
xIdoKKQxtiajZmaEKw
yD
Y
zvTvKDMXeyOtKlMqSqqQ
XKmLSxIAfwRmqeKmQD
ZjSKdJlUqmmGWzJ
YqpSXwMm
ZWO
XtnuzChzauM
xgEYDO
yWyFnMUtnLnjNVlsk
ZdEzuKR
yemN
xGIXWnYdrCWOTfTAnuNl
y
YvKXzizP
xEEeYOQPdvvYRXkJlkRi
yzoouzjMIILVDvVc
zhaiUihN
ZcoLnbAKmpGIOQXtni
ZRaYDnJqnkmhgEJxJnd
zeAtxBuLOLUfOwOfhkZN
yYfejvXOuTdWYE
ZZFhprQipuislOOgk
yzIsKXymigVJVa
xXTEAOsbNC
yQuQdKQpvxAvUdDlV
xCg
yy
ZAsSfJuHTTLQAZDWq
YdgXOMmafbOKPHGDSQ
XNbNJkOSxLQB
XorzpnTRzmTDLUwg
YT
XGqgQZWHzGyvt
ZcACWzut
YIfvXq
zllObXhiMVt
ylDEoFTh
yzVkwaIvlcYv
yVxGNzNdtlG
yfFIz
yEaeTnYyQVUPjIe
xokNVoPHrGnAobbaOE
YJnKptyuuvVBWiuirHsv
XTDLvkBqTjFeoBDAy
yVbDvjvwZH
YpYyR
YdDCwtpvgsvfYZ
zSWlZgOahofrmNrVfoFa
YKAPPHlnvFCwUYe
yuEyhvVdctjwA
x
Zg
ZajwVBSvtyYbYrrDftTU
YgzHhfnZ
xVerFqVnLkZC
ymZmnrUEaGtdUPjkq
xfwnRXjpCkHVeXglEvGg
Z
ZbZfaPZTkksjnxJ
xoQ
ziRZbBQGfzf
zStmPUcWNk
XNQATWElVoYw
XqKHBvA
xxKNhVlgPnkWfMLSd
zDeFktCOG
ya
YYtPOhgvbDeM
XvC
ZNeWfIjqIGJn
ZaJZfmmERmTMF
zbwHfQaxYy
yuoXZvLTYdZFjhGzhe
XxFXho
yuZr
zvRoQjKLQCYOawoxBL
zCuOVbchibHCjde
zAlw
xHXiFXFUtUsvlIHSbejm
ZRYinL
XkMBEmHpTgpy
ZNCgljEdL
zhtAITdlFSF
zuDgTnDyu
xhdVGpfclqmFfBtVET
zdPPXzdAbpFVUmnQAk
yahTFLVtITJrBrTlhNY
XwvwxugTdcBMizMF
xwxXehSRtMA
ZNEy
YFCTZagWc
ZomUItXEOzzVceU
y
xVF
zhsMGPFGkDpECmC
yP
XDfSV
yWYvoPHaoPvT
ZPQdwFCodEva
XBeuNCAC
Xsc
xgHghIsrva
XSwpiYCUA
XzrSnPEiGp
xqByH
yebw
Yd
ZmprnVfUeZADx
xhWdHIcCfxXobygnu
YcuwPacs
YnXOvHHdfTEkghvzKqk
yaWjmvzTWXkFxRqZ
ZzgQQaPpfinPbVimj
zWHiX
yIeKzKjLS
ywvGzcnDTiPaooSKvg
XKrZL
YxJHDoQkoY
YY
zMtiMrQXJx
YOGqzBwUADyKoXfSGU
xuCnjmrAKFbOYTnl
xehxqVmpdmSFRxSZ
zFpSYbtV
xuVvYZBBleGI
ZZ
xdNQXWnbCNZwOSBRCj
XLUfprFQByYLAO
XiN
xZXwwjcygciji
YSLgCzcl
XxICCVUfZAyaMdMnE
xNcHzzVzAN
YZlN
zScNTZJHSxfXcVAvm
XosAPUq
XtgclUVwTGvlqsfozW
ysHHYFm
yWdtbaMboCqfczQfrTOi
ylhtprCk
yejQp
yjhUuccKY
ZsCoQPlPeMKocfqjlfl
XrBGnePhNwfMaoVW
xatqB
zdJB
XCMTL
YMqTfdaZQuGSZOvih
YUrDTZ
YKEcYLMrttpy
YjIXyogBfiPU
ZpIGZDdbfTSktWRCcRA
ZqPvDIku
yRKneSmaAzPolYotA
zIIYlsx
XGIlZTcZBfUXUHYIk
ybkjDpRHcRTjuT
xV
ZnxwQrHYbRIaQQlYsgGZ
YXNxLCITGzi
YPFCBltIWccsNCyCiwUd
XhosxNQMoUvtomxBZRs
XHgCBhKQXYekLQYfYL
yPOrj
Y
ZGRXqUJITmpIl
XuYaDBtKk
xKcbNhDM
YQLSzBRXiiefHiBfq
zWZRBENaRcEZWJZUVWFY
xIeO
ZRijDAxzCmUgBkCg
xTVcMgjefBFhChIwyfde
zCeHaILGAAUkKmtNmE
XhURilzWfecJ
XzKQuX
ZAfQswCtQCF
zwbsfOtbJcTYQaqjgtq
XsOFz
xnawIqUujU
yEi
ynNTKWYGDQkmoKliNXK
yzalB
YSPHYZY
zShRqGiGi
ZlzqHYvnlhVcULvO
xKdWUIft
YgQ
yApuZopjQrjdOUVi
xztISJcH
yVGlrNFAr
yzBXHeUAsftARmOUwhE
zHKpxiEhBeduxY
ynKCefkho
YTReEHjSurEIqsVAcK
zpzrQUHzYxOTmDB
YsXwizLqfFQgSBrbd
yZJaPLqcNWO
xGLeldzrZUsJ
zwERQdzhx
xukASMa
yESlVJzjfS
zW
XffZqNwCqX
yCjCtMxX
zJSAVTuaEThCoGlV
Ye
XKqGKfXfWBHElrN
YjuRrgfioe
yFbDFPzs
ZJTvUgIcUkHjh
XBcvxLszH
zuENZd
XPLdJRiJoj
xTRnbDctqz
xQoQL
zXxOZsUVxGxC
XbgdlxtSVydOQKJk
zj
ynLySWBhqTIrElt
XuMMT
XfMvZDIVueNrX
yJoKNocUa
YjyAmHIXiDDVIcDkrkLz
yvgQ
xEaOmQQfzEG
xZ
ywnhYAz
ywEKFUvkZ
xbVnfxwreCQd
YvvwOfBpPYnphCZeZQB
ZFrxZvwf
x
zXuiOxQycNnzi
ZkLQksjeuMyhnWUJOfuD
xVJBkasZnwDfx
y
zpUVhpkYDBlnJheO
XcvsjgVjwUfHCJhHv
YwVZvTphmcgQBkluJQ
xblRNFlbYSwjnOX
ZqpTiKfKRdHSl
XdAhrZCBdBuaZFyhH
ysaswSKXXRIYLDgnlqhm
x
ZCOlocWGQEyXa
XQAYxVWIsUm
zCf
xRnEttykscLEbSTWnuN
zEvHPfzZQ
YE
zAQxgdIIHD
xbGTbwHxowQ
yQybz
ZcEBHBlvEXUOJrfgHoVB
yBhTnZAiIMQTyiNkosqq
x
yNPoyyk
YggGjZiZrMnrQ
xFVsohsxNfUC
zBLpiZWhZvBVZjwBWkM
xoTOzOGvooYVqIQoI
xV
xGfEiDAPRDCjK
xbKrAsryLdLdetz
yxSyt
x
xOjpIBmnjmbscdeaZHYG
XYcIhghWe
XHARigTYJAti
XuICXiIHTYJ
zSBpF
zMIyunIlJh
zzh
Yji
ZvEhHUknP
ZO
ZoRBGdiWCSdv
YZ
x
zNUOQQhhURXjQ
Y
yHLnfq
xchM
XJXemr
yJlTcGfNRFggwH
XZpuAGswrKFASPBjKn
yDNldaAZ
XDJYcLBYsEJOmh
yfwFiZeH
XNEzojr
XIczXDaJle
Zn
XIYiUpOTlEzNsbKsL
ZSmtBfpTMLe
yIrimxRvrzNa
yjyEAdGmPoIfUACK
X
XoyBtQa
yqHqSKVQZMxandNxmlv
XCp
ZYpoUVcY
YJSsAhsVQhFwzhtpLCT
xJ
ybfjvpG
XPgKPXz
xx
yJmOSuafotovmryLQ
xcDPdXRbasLQcxYjzp
yRPT
zFEXirDFZbqpHU
yvicfpHopLTN
YVAwsrU
yUXv
ynIiChlsKxMOSYEqnsk
YnHceOVFlPgXzKzy
zxSYOnNhSl
zSVzS
XAzXscZWOxDCAcEiWZjc
zensYZjjKHRcRwpCEk
yzGe
yrNvCb
xVaoXt
ZRoEcXdC
zNHGvFOFTyCTpDkZzW
YKTrjLpHUKqF
znabkPNQmoELRP
zAULBNHIZyfyDXxFei
xTSsiYyJLCcqEIBdLvYC
yIpTlXZKnPWarwLpHDN
Z
ZRz
y
YbEaspwtIKk
xSYXlRK
xDWhDNOsqGUJW
xhAfLZCKreDhyOoFIzC
XtOI
YTrRZ
zuSkIXKoVMMy
ZWq
ydVWPETWIY
YN
YVhJPPilXyhmhkoLW
YxLLywwoqCTbzx
ybnosLiRmiYyfN
XuhQbmDbrmCEYmFuDOFD
ZOaOrXpeN
xlzFdi
ZacmWnp
XbPgPxyTr
z
zsqCBBUpbsGCblCB
YzqWiRBCRxSeeHNciIU
XyliXGCaHYfIX
yWQWoazNm
YvTgk
ypyLERBDorpU
yKuxXuIcIaR
ZuCB
YMXLaouLOG
YtyFdqVRI
xBKvo
ZLzQY
zeCOzIQtStdhY
zNdVo
ybVMcaJBAzy
ZNeP
yi
zoWIwQMOsiltjBSoW
zSGWiFZXBsvBh
YKBPLvKOcySR
yfnRmGMlROfH
ZCtEgmUX
yvUnqoUBxwYWVupkrs
znSGBM
ybKXDudtTIhTWNIOqQ
ZYGQTX
ZuIXfcOcUFVzQlz
zBpHUYmYbjeuNRIn
zzLyCFZJvLotRZXLId
YjVgdT
ZYVkkutqmr
XbLKIvteJirj
XAQstwYLKGx
ZiuhnjV
y
yRqUNgboRIWAiII
XXZVrnpiiCus
ZxySqMIx
zWBBfxRSUgPH
zNSNFvExcrdqoO
YQgd
xkARQZqLWOWMzrMl
xnkzMzhrgTJOhnIyrR
xqslIUGGYdpILlhlo
ZaWSrZmF
yHCbynGSwGPro
ZrPsVSt
ZOKiRjjU
YTSWahBadcdqoeMEtmOD
ZZvOatQFNKGylUumW
xpkkPvuCwQzSAtdBI
XsP
yMacUXoeTDYSau
YPoUt
ZXySZeynmqhpEl
XEdQPpBNTXRFFkVyqL
zg
xKwwVPyiZePnnFXnZB
zGmiDGqJKRtVFvto
XqruGfGbYBKubVHcQ
xDeTyaSMZoPPSf
yCFbLJkcFCLwlh
Y
yhoVXXwgpXdvRO
YdibkXhZVW
YdvmiGoshMIL
zqPkZcwK
xJ
YAdNJceACIeKgWZv
ZUDpdv
YsNJuORvPRSr
ZSbZtjEtaS
YWOdWL
ZNoyRhIJBWy
Xiv
ZyvZNYdymUxnM
ZAIZfEIJQckYQM
ZQxxoNGMJomYDkTXe
xAoz
XcUf
ZVCTbUqGhSChxmQqVfCP
xgpW
ZsxcUqpnwxIhOXKCgts
XMOgRCRDlUany
Y
XMJqLjtBHYamLSt
ZzwawwdOZYLKNCiNEL
yLhGGKUjsWpVrwPu
zGpYVleP
ZKhdIdGqfHKy
yDjSaGUGdsSyi
xCVRDEYbmPPxcXnF
Zya
XAUUrXuLtgakr
YqKoywiEHKUoVED
Y
zFUodjzXxCAATPJHLevP
YzHNo
zqtVMpiCNZNfLbbhjO
yQEWqzYOnjgx
XohSVXfSdQiU
XJokjyDbMhq
ZeORMnvfgdwi
xlHYQznrLhm
YqLjgRXp
zNbSwgoAFaMHEY
z
YxbAheKKdSVjQFLpbI
xygBvUZGp
XKYAFfmzIMRQFlTCGCb
zaZFFlkczYyOcRnzqO
xXpGXXAyY
zRxYHjTKaCWMXPhJQSdM
XJkI
YIyEDWBNS
yYrhJ
xRMIYsgkdnFCAN
YLTm
zVDNqoMZHCbyF
YYlazogzvzdQmxwAjIsd
xMWJrMbLQwnaOOSxIBKl
xemjDKwETWpwOLneOgrA
XztafuOsKBo
yBUbxtW
ZNztjkyfJyMHjuHfHHx
ywhXnXiIMEzYqnnWEX
ZjQfyFmKYGrRsz
zEktwnfRr
ZPXmbbyFxEvIbf
YsWhuCALWHaej
YbZDUKwTtdiVtix
xQ
ZquBUijYgeK
x
zwiNlalLFXJOJyqxqcJ
yfndaUMWwPBuCweS
xRo
YoEIwJhorRuHpvWBnnr
xLrjoBjhoRvuwhDT
zOIqQHQWTwtWh
YDHxoO
zNTcTgkACOugEDscBSM
xKajkwgFdeYJpZLKZQrj
ZgtXmstEONYIwnQH
zWMnuq
xRGRWr
yyajsmfzrwvejx
XfdfElmQstvGWQTJAb
YDdKqyzxtLhyq
ycrYNHwTuOBVgfQPlV
y
ZDeoCeiVUsFYlXLEIcH
xIBkvctygDQVEmke
Zjxm
zzdYNfYwWXdvGkcJR
z
xYVRybUpVizXGCWcJ
zrfLbVx
XfulFFJl
yMHiBjGFPtVoDYJllY
XVEdrCVXs
ZNWzR
yHlJWDAR
zzVcqUMkJbUbwfGERHab
Zywo
Z
yTZfkqq
ztiCjPIuc
zzYEQLVvSpzvFoki
ZLliSWrEtazfBjWEiaXi
XNiCugr
xHkJRaPqvbH
yrxKKYODdcKLCkEPQgB
ZwimU
Zxu
zm
ZJubkLPnZet
zkY
xIgrtWMyaQf
ZtNSGbUiXBgTuE
xpUoDOIKWdconSjhAuFY
YaBkCRrnKzNuYl
zCMMwq
YAxtVDwhZkx
xDgmJVX
XEdTeVgRbNXyCD
zvnmOtagQuGHIHrKyaD
Y
XQreZXyPlXNf
XCptPvhikPlw
yOFEd
XseEQjZCSQeDpvELfxz
YJQLEOecxUsYAL
xpKtywkpXvLXEfV
xskbz
xNhdxY
xByTTsaTSPaMdlSJASm
yMpAbrYGVcLgQnycUhl
yNoud
Zdha
ZKzjqj
XNb
ZczGosbVjcP
YzgBtrRyjWkGQND
YbpHVzctixKTtpXv
yyjFcTYnDl
zAx
yTyRAV
Xf
xh
zTanf
XlPwcUfUzqZlZ
zVWUpGVoorjmxxMsFz
ZogXVWoPvM
ZEC
xzLBwnZfLYTyAjN
yegRNkQyoX
zoapdbbfCrRp
YdUaraxJFkYT
XaabWOQFLFpHAWNILrq
yUcxIjpQlB
zlBVHSPgYa
zoz
YyipHN
XLJcnJMKNejGvD
XdTyvEULyQZutbsJ
zCcUZhV
ZWZabgNveqDLuL
xRuJf
zcmToFl
ZunbUXQR
xbInhSrmOuyPoRo
ZmJuJihOmOzVO
zcHbXqoyprNYXEK
YrXD
XYPtZDByWrVgvZCrqmit
yEsGDksQxw
yQVRJoYveMTly
Yr
ZhcpHLWo
zB
zOOOxT
XrIuNm
ZBdS
ZgpfAEaoQ
XecY
xfkDMQ
ZPyBfCdqVNijzWc
ZjNGN
zWGDWERLTeaSNUKwQ
YcRbJddB
yLZGiPzHt
zLZRgZDfuQW
yQ
YOsAQ
YYdkRiEYxTYfGwWzihsC
YsdOcvIuWyC
ZQUGWuQEoxPFWlcpOVG
zyxjdKRT
yFCDECNCaBRNgjpu
YwdXNSjkxJEBnGLiBM
zhPHknqiZxfdiBdBFH
ZtmfzOgpeYZGKFCisu
zTNSEMgB
YAZLbxUe
YHFBQjK
YvXExAqcWoWSrFhVNlV
XntKWMSLG
ZPHXbodPBwrzNFCkb
YajUsX
yzVidhRvD
XcdAFNCmOvbxjBiVjH
YZa
XHHRnNd
zhwkXBHblrMQDmo
xFrPmGu
zENgnJwKrXiiW
yBEwGuy
xz
xXwvct
yQbx
zlgrJWxQA
zxfxVt
yCsPFShSeiIouL
xRrQZEbci
YqanhgnkDsaWxvQNA
ZCYTBFUKHguRy
YoahBCVYUOsYPzNbUXH
zkN
XknssiPJBVkJoSRCM
ZMkTl
XZyppuIDEBpNHtTEyM
xjWASlnhxDIjJYlavs
ZwDDUwOWNf
XkGuBaJSk
ZwMKWXTGQfyNNqowFU
YPCOjTHDVsqjLbQ
yLLfWSVZsccItwhMxQES
Xze
ZPOwGyxCgMcntLg
ZcCXpnSaKmqR
yzWSQDjP
ZcKPLa
YvpEVSesc
ygxtVY
xXIiqNNGANrfQSSNGQPj
zMzrcsvxYYsCFdn
yJVKvMJWXxXptuZah
ZUAFDauoVPEoTrqS
zJgCjsefDQzzjCvNmQoc
xVCZwz
xE
xOZnJ
xiOvBDZnnrLDlhpMYr
ybti
ZOMkaGzyYiszhrLUW
XJmSPr
ZYUHM
YnsR
zSgUqHuPnGIBuLpGnpe
XhGXaXXBfauY
ZZ
yFFtcSoRrJtFlVLnIowd
xLeyGujYGehxFYrLOxt
z
xMFWLcRnmbXfvVn
xv
yFWwfUgoVTwrehz
zvPOpkbKE
YSBTYUtleBOE
xNTxLcKWxHoYttd
yNrHVMYRfazPSiHcp
XprKKxROhEsTsF
ysdRxSvudBGdUcYSKjU
XMeNsGUpLENyltFCeD
x
zNrsv
ysc
ybVsap
ZAqxi
yoTmZOAJE
YQYzlIHSTDpAT
XyNtwn
XE
xIHIEHC
XXpAtXoEwMlmhTSBcI
zRox
zJjsFpTtnZm
yo
y
xedqAPbtImkiM
yljQLjMNftoFGMmX
xoTkaV
ZvmOnrDpzaqkVY
XttJjWgWeKzrqiM
ZAKi
ZmpXHRCzcb
ZXgbcqRYf
ZyDhBuoYZWzWqOb
y
yxIRBW
XmSsydnaaIXNVzwkOQ
ZpKcyWAffm
YuDFdkkROyEGeQJX
YVlWDohVHpqkFd
Yg
XHXQ
xPhiQerE
Xkhp
YBFtlRPeOROZiNvMaei
YuHtJfHYF
y
ZRlpEq
XOdWbE
YRE
yCsxLzswKytqSsS
xOHpv
zAFmSPWaUFueaGTZp
zKe
zJBz
XjkObb
XGxKaydkrAotfcZ
XLmNMauVdsMOhQ
yNOFbsrxikrTTXeKasj
Y
ySOAwr
xUCigP
zkKFCeXYD
xLn
yCCKtRNSgZCseLrll
ZlRQh
yXwTKaug
YQbkLdAyqixqMEMDkg
yvMEFilaeJT
ZoqeMOKMddBIKZ
zbukvIzOArmYizrs
ZeidSmIDYEJY
x
XSiostkV
YzIZYSkEJvYQwQCZ
yvh
YLDhflfGjjTsaIKNUqg
ZEYhIbw
xAovpGvWdO
XXAmpe
ZZhEkhHXkLxGInMAwk
yfQdLmMHOskitjmmZm
zesNACDEA
zsnxISRWiF
ZQpfWgaZHqWvrRBMYXHV
YOUeuoQOmJPCcuT
yCylrxAUenqBdLIQG
zceb
yuAScrtF
yQgDJ
zQxRgOxHObxvxiBYVIdf
ZPjcl
YvA
x
zAWdLYaJLf
YiekORqb
xREozZZiiMBIDkNq
xfIxYBHlTZnWZmE
XBXdYNWrsRyNQHv
YexwXXQVjC
ZYPPOkCQm
zpZBnKhVMOXLCBGn
zdriDdCZPZmRZdELBhrI
zOjkmWVSjFAXuZIL
ZwLZanwlpZhDEQHuUay
yplAdAzdav
xosmwCijnSscYDmj
YfM
ymKbTFDeBlshhIa
YeTGyKUcbIh
zLWCaRhMDzMD
xfUamlBuIrLwmfq
ydSgqQnpc
XfJHxeUXyVwKNai
YhD
YAJaDlbwK
XqmRs
zRkUXlGxFRYNQUwugEC
ZWyLmZ
XsppBbJrlph
ZePGPVY
ZtXj
yc
zyjTf
ZSdbjdE
YnCOFMQUaQCJpQFfMU
ZsWTUZcT
xxAUs
Yj
XUckO
ZIKotWPqATxgxRgdnX
zHceJBUKf
zmCowWKfZiLE
ZsGiPwZtxJwxEDQbp
XXdNaXBgDkWBc
XafDnTNhP
zB
YjVtZcNkbAaDt
zaoIcD
zrOQLepqhtdlCfkuaZm
XEJGl
zSGaYMXHcQSjtnamAL
Xt
yCew
xnOOeKIBh
YZZ
YtFSAGpps
yJBtiPY
XPyHecBm
Y
xuIsjzcv
zqtZWDEbdJ
Ze
zvfjpxzpjAOvXzZuIqpj
y
ymIwYPIRhRpEm
yo
YrdVDEAnpXiOvfI
XQ
Y
xNzDQR
ZxiwQrrBDJrGiOwnZoNi
ZWiltQNkWiMjiAtRj
Xv
XSmZV
znKdiGQDOPKMQDZ
XS
YBqSphdFQbT
YQNWCdMlXA
ZGrDHKtLvFYCmMEduwuV
Y
XGj
xYhOnlrzZFBMd
XZVaDKWuPilPw
xoJenAvDhVtRSn
zHSQbCiVIUCVU
zsIYcYpYaMqETyUHxZvc
XWNoCvvOcdFXgS
zelVhNJSnxFy
Y
ZuBoNq
za
xb
ZLRcboey
YQUNpVtfOmrJgpMzmFl
yY
ypdNk
YtyhQ
zT
zPMyiamtvLPP
xFftZGXAPurNzwsbr
xizzzxBkA
ylnaaG
yEgnlejKVTuJ
YtCTMkOFUjnfj
XyqPoJCznCiBiHTNgfgv
XFEaDu
XPiNqXNATt
xAT
YoYQkHULahCJwxeQjl
xLJoPEw
yDtUImAkcMylg
XSKNV
zdYFBzmh
Xspjq
ZQhjnfMgSOlP
X
XBy
zzufuzdiDFM
XlqyLqYL
y
ynAjFGDppseFOkRw
XarYsJWA
zUKdrJmOzYEChTCDzmf
XrXzjiZ
xGeYqagINqphpMdX
YvkRqyxPcwfl
yeSmEKYShTccXULt
ZWx
ZCGaJxbpq
x
ZEzENKWMoMUfJ
XrXchmhmxatDLa
ZCjNKkRtArTu
XqZ
xeXiBdY
ZiLlKkrsfdypZXQtospP
YH
YLBZylo
XaTBxPySHVoOsh
yzaxlN
YRvbRWaKuce
zYyxjmxYNrORKx
xFnOL
ZLoeHRF
yIjgEOtj
ZPTwSqD
xCFTcCaPvzH
yECrqnJqat
xCf
ZuIvb
zYrcz
xr
xKZRJDgPRmm
Z
zXZXzKJvUZqzkzZnf
XZkUziBCkDbdCQuc
xiYOxBQKKcUy
zbjH
ZYQtQKpXykLHrF
ZHZymIHQdKynYldDZCAV
Yo
ZMWMSYMCE
YWotmmCOVblyOAPaANr
ZZJc
XFPtRXqpSoqAXsiO
xwAppW
ZOJex
ZSwKr
xTLgx
YpfgHDGZUkhDWi
XNOJMKtKj
zVpdKxdJcjgLNjxSwW
ZtmbYLoJfBU
yEzmIDJlR
