aLmsrm
DRJjcQRHnGwlx
BdjGwlBdhKpmhWeyhxq
AqLOkgvRBp
aZXKlKeBFdUeHb
cqIcNrE
ABuZgght
CePcPKSbCps
CmBxTyDz
ds
bSR
DJbuqESyJrA
dNkMXdhIpTwPUpvGiH
A
cokR
b
bFurwroNMyto
DBb
akVNVsKVcPFmewl
Dao
cGnAXfvgKayLStycQb
BSHFoPVo
DUyQ
AppTFLCHnPrSq
BgpR
CsK
dcmlkoDAjuGUDFqo
AiI
AQxTRinCCAP
dmEIqozswYpqDq
cPZI
cElP
bOUbt
BjKsaHDPcZELzHSDD
Dfa
AuEDEWnuu
CbujOQLaycy
bNyLpYpXpmUevRXZR
cM
dcgGkyKRoCMKg
cGmoW
CLvIYlGIfHndFwzuRMVk
DrPIPYyKvDKRJU
DNetrzkAjkLMOMJDMWex
DBbaZFwKnkjbBj
CwtgZITyYqWkBqrhfyeK
DNHCJjmneWvIqq
AIPVCNJIX
CDlHSF
cLPAomAFCbDtiHK
b
DnvOFPWJdvYFPjgcf
atCEOdJMWjlKnwHe
dDsNDyOM
bvcPMazGCf
arGbjmEcSN
cyUuWjGHVj
D
BjHAphzwYQCmoKCjCl
bAnQZGhedCCXXTEEDOPO
aJoZueIXpklbbKhauCp
clQsRhgxMIWzVGttWcE
CeODeBKyPBFTL
DlzBpQPCa
DpfltmlocUlBkB
dfSZ
BEOjSjyNSFzHvHpbaZ
ABeIQTbIGKWZG
cXyPTAjjQUQQuzLARcNj
cNU
ckWqlX
AaUncUbtShcWhtD
BrCebGYwLpjSK
babRHZILgxrzGkYw
AgeuXrGM
CJ
AvYeKqHDZ
AD
bGuRy
aRpxUYpecUpyIHp
at
bvuZelZO
bGJXLMJSJBkS
dpcvjcoyamXmbLvPHnv
DpnbB
aQoSNujvMEuAjy
DpAvUQr
aUCISsyh
CikW
BYwobnJKvPbgjQ
DKkhGyAHelzSvOqyjqm
aaKXnOk
CDbuSVHPuA
BBcXZzdVuWgn
DJRq
aQBEjB
bkpWENwZhlnksEG
CVMmtDhtDsApENrTZ
AX
BQiENPjdlnwHFur
amQqftAeOkjT
AOZMEREqbpuL
dtcXEZsY
BDpkhPlEqoycCdM
celRjnONluJpokTfbIU
deG
doudLeJ
CeLADwjfAttUR
AFJi
BtcO
BmhauHLMEalousRnrQCF
cIJXRLiWSTgdLWUmQfA
CuCuLrrjygOjMk
dAoVmBJTLrozrMW
DSKWtetPfjZN
B
cJiyZoicKVNQxZ
ckAdPmtRNuvTvD
bEETowdGyxazBNVGL
BeG
abnpxCykiGuyOCRf
cHF
DfPZVqUgkZQoN
BmihprqSheTRC
BYCklVtoPmOUNPYaJvAe
bTVEeCJkLAcLZefG
CJlFSrwMsrxLNdlzGvY
DbWYwKoNWXekFi
BHkFRzsMgvlLZjFBBeo
cXjbswZgHLcRkOtscqa
cfynypyoyuBtzmOAhfA
anYutTgmaKLar
Dtai
BDpeOhtUAFBjOnuA
dantdiB
BOJHIDzwiFY
AbnqB
b
aFSdfTDpnFXEuOA
czZ
cM
BMIByTeQ
BgKcFlRfwtTUZCTZsL
CByvbRCgcJytFBJmfz
AfxL
cQxMvfCPASeq
bApwXEKqlRAEakxHa
DXyoadKomwYF
ciPdFufXyhifCgZ
bwsaWzFIYHwpdMBYl
cwjbpdn
BTBeEyjEmEYAhZAtA
ClYkxnEPprPkOeXyNm
DMsLcYJOVMTpdmSdR
bIbFGBcpqGCWJfp
bxHbBRvEXCBLvICnL
DRE
CQHwjrKxdEShjD
dHzXV
cfRVI
bUKQMOh
CmQSPCCMnfaNtsozxYd
BmuOKF
DaPcvNUG
dpEDWYBWkpJ
BdbxxB
b
BgxTL
DEq
Bu
ate
cNTigVwWwFFNYn
C
AJM
buqbdZpY
dhdkNTazV
cJkGVfpAwRUuq
BDQRWxJGKsaZgGGp
cyfbtxsOzoy
cOLwhnE
DcvVNaruIryW
DluUdMKnEYHwpRVW
duzMOgZwAX
dKnAPZKjF
AOokvP
BHyPvPdsDgtcF
aYHDJQLOUYHoR
DpaWnJbhthh
CVIDtoqZIiYgs
bdOPoGvUvFawvpP
CcDGHHioajhuq
AVPmiTxcmFTSSoSBEmI
dulIRpeLxJBlfKRBlDck
CywM
DsALksLFesJslbZZ
c
bJxF
cYGYMCyOF
BFRxuCAUN
aeUfpWqqGcleI
DfkFUDLh
dTIqgNUDUboSGNDEru
dU
BLPamlCiNlcm
d
apUrBgncdAwJkvmWaK
dyAlOaShcmelFaKq
AdqzPBMTxV
DgbcpwiAZVGSWe
aKJiVgOhIyoLTB
AlbABv
b
dGN
bnreGcuD
DvwAmtNcBxI
AgKJQpHFVuMCACe
a
a
cpMGZK
DcdIMaYXMUJ
DpCIvCi
AyFJLDVS
bjC
B
BxSoEuZwkjI
aJEHVgACI
d
BgeqGrVatpCdhsQOaZeN
abXAXh
CiPCqvdIZDO
bHqrVlGJ
ClLGnvVMtoIGYXdlRjs
cwzH
bDCDaiNOtYT
b
CMlg
aXWAeGBf
DfsrZ
DKrZ
coKxojeHMeDgQ
ADrSsd
ansdCEVsWrfCWodJ
B
Buk
CzMCUsUbzzqPHWjj
aSUrTYDQyrYbMlGl
dJArkavzGNToRmlM
DRZ
dZHOlWklRyUx
cHATCf
bn
DkdrZPzH
alFlfyjimUJOjWToh
Dj
CGUcewF
cXCC
dhraw
DAihGP
CYXKkkjqpv
diFIStaOq
DmyZrLXKcMSSJaa
Bb
dwPORvccuOoJoVYl
C
CFBowG
DIsSwRhOzSC
dFidykjVAPvcfvoD
CzNXjaFkobFJhUtlS
Cbb
cLRSzwXOATRJUvB
aUHAnSVrxGrB
CVbhDOGjPSHiCy
D
c
AqHDTzRwgCP
dPL
AAuZDFvkLIrMDNQLpsRV
AhA
aP
boEQthlBcUfwAG
DaWQGttGjljuYHxCBlp
AbQshenC
aLvHkeuYX
A
cBmfbCupXANNEsmA
BalojPUGS
DlNdAFNbagOxCAfYG
bAljPzu
b
DEROKwfsYrGQcZaqNL
aJTKt
aPRIg
AlIsXjfFfJTODsD
DHojnetzSjulUGgx
aFCIXbKnIx
bAIZHxOhBan
BmkmF
ctmXE
cMSUuDblhpfZFo
AVA
bPwSWFiVdJQRM
cttrtHdzPHP
DawbRKtUgaDfgi
ctFPiXTMFD
aNTRrOusfRiqIOivDDKY
BVOVwVKMJSpkPQa
bltoA
APDy
CEneCtqoPswNFhzRH
dOyNBKykHNZbcxtGDaTF
Ddqi
aPXVfEO
BWIWiYPCeRDmDHVU
AaCoa
dpwynYjLOShSasNC
DJMhM
cjysMBOdRzkMF
ceTcwlkLjDoA
BLIMXLcoOSZWilbAkEWq
bBRUeLfBWFrULaeczL
dkkIioMucSkTxHmn
DHoooGjW
dtflxKlL
cJwlUvVccjhwanikkj
CbCxiAfT
DN
bsK
b
AJlmJJ
cSrI
agrDEnHAaWMNboeGbSmM
cSlvpdqrLuTESwNyyjKa
BUofkuyO
CvIUEpTqDHJPSNzpFS
bAjMVkENPAeiFsGfzh
AAOTVPmVatDQSEYCk
buKYToceSr
DPRqptSYgLxvAzXraNZ
cZmznOXsFlaaqweFEoR
DtOJtZYhPs
DrZVIVbQZMndl
chLHEwqRcxJoTv
bEeBaieevnl
c
DdOwW
aVgW
Cc
bNiHuSufDcS
aYOiOIQPqFp
BEdENxsIhhgxEWg
BiOLLGww
BqTcVymCVBVeTIa
bGaPssxvAHxuKRRMl
CMJVt
awGIhvt
CGafmZflJj
adfAsF
cyTncoIdm
aFcnvIfwkbPXv
aSdnMvEBHKENhpTiPE
csVDfaflHlNQvMxLwhTd
CHBlGxzEuK
CBWIsjIpfVojwhtb
Bmd
BqCcaHvRbhUGRYmuU
BMwiQLpwVecDkLjeU
CYMusyikyaHSvn
AtBmM
cuQTNEaFbCGslIJyB
cGzuBrnvs
bbSpGuSTROoIBcMoPu
Daya
BJVyZeDASaxj
aSKOvoCpRpThpxSqV
bsWIJTFipxlhynZHXEA
aqMOOIMVnUFSQg
ADOj
CyucDvWV
DKzAhDYETJNl
CyQWQhrABuCVcCu
CqFwMNmxUKfAoBBzoBvb
dRdXmvfWCpZhGGyZBUwI
dVjoRsfcMoHIM
aAnaXzXBkWyuyUa
CSx
aiIBDbSirDWfl
bvOwrAqeiXqGcxf
aMiEizbEf
AyrojPcImhSJogeXhTiN
aGhAptEOmyzDz
bWXqkqkkdhiUSn
ABAIQDWPDuwPiYPozh
amABbVdXRcwpSfX
BdkDXQ
dHZMYNNQ
dPIvtNUTHFlujsDulp
cFqVgWBARV
dVdwu
cY
D
bTIsHxKiBYEFNZWavBhB
amfQFWuZEsAmTaUQNL
CTjKgS
CCWYhVdwaFypwAeDPNao
ATMmnuRGSvFcHO
cWFZkErQhBtCPMXT
ColfslU
BcKorSAxQhmTkDPX
ABKzbplp
accPuhUhVnjiIwi
dFujfRpuZJtcjmLBX
AIkUqdjXuCvQSJKCC
CiFrtQOAoKBpTvmDz
BTLSoOJuKJgKrGKbsL
dSptNfcYDleFqWPGPs
Bwz
DSUmVZdPWGejZ
cccLxtcxTr
DmxgqFMhVdhxpzOneAx
dmWTTiwXmzVbBys
cLHZBYowjKqItT
CILdslPCiSKNPEvaJAs
c
dwVucZuq
dhrMNQosH
DMd
DbxmiKumvZvTs
ezThAMeTIVpCFy
g
hahMGJOriUMINngNwbn
fz
HIXweowBoMM
EGugUQ
HvR
epeBpDFImIbwIhaUwYsg
edgMUBSR
f
enpvkvXMrOvQLnVc
ensyfMdplSJJmfiVC
HpO
HqQDSfvXkBFvZFt
grTsmZIhIEHzlqW
e
FstMouJFYDDIBAHPMA
hxIaatGHscFWsudHeoN
FmCbwoJRylHlUkhHxj
HwfgIkAqFtZvCfX
FWfATGUmQadO
hKhErEGNsxDPolw
HpMSflPhWVLWCAYEg
hXImMIpmNJeKZeuly
GnqcBRoWrMVOe
hsGUYvrZRiUg
FoniGgz
eo
FDVsg
EuMFDROEBJaEjzPsPrKl
GadVvoqFy
EiEbkb
fIGgZzd
eEhjfbCkHJ
FlTiQzRjj
fVpbS
GZNqkaRQraJotoxkjhDo
FwnSK
EeLM
eNFbXojOhDUWFmmWzKnP
eUWTXyKtZADXVHvO
FYX
hlbyNAaLntMUYfsCyBOL
HqctSymxYPHvyTbF
faGLOUNlOt
fptOVxlspIhCnRbVEcMz
H
euGSSxwFVlgjOhgHo
GKEPnSVFjY
fooRGIleIqLcR
GHEobZTJAFNKCwnqhAXj
eEOJr
g
e
E
HYOzz
H
huHsvcMYucswwuWzo
goHHfZixyaUucfoVTSk
fmKlXa
fGrbxczzKw
HagFzuDRURMUGt
gY
hNwPxoaPLvFddAulSFuz
EnrCC
hJ
FAFQsVKxKqwL
GvJXsAUUaMfJTBe
fUVt
gcRrIFMgcARfWJSP
gHcyGaAGwYP
eAGOihSzJIYAd
gFrHfMvlhHsAdrT
GwlajcekdErApjJkwWYt
EpRTI
fPSBapfMhDXodtfvO
elrAp
fbUUbomhBlmkfH
fa
hIPlVIJIxFRQUjSFhkmo
fEkgalTot
fJzZUBV
EZj
hmIz
gmYUJ
FBUuBLPWbDirc
e
GZNMguISu
hkFzeUdTB
fIArFCkdahzBt
FyzwFCEI
hXMUWgoJWlZLravTd
fEioDnPT
FJOKYxLgXNUMon
eHuKfAuV
gGoSQyWCa
gpnpGSDrmxdVKOuStYs
FMTNYQRISQXfk
fTYGUGThrp
gIaADPubYhYZCL
eaRNIDrGl
FofqeYNqvycVGJjYPJ
esElVgs
fEGjWDLaZG
fgBrNYXrqPzqGAPKNFVS
hfipSjylfCFHrVrF
GDlDUFnsQDHppBxzF
evyEiNHUDxGKe
GmUkqTPfFFpLkNDUwDz
fjWUHQjmzZUuzAEiHqo
Fmn
HslRyirHphrQRlol
FKdnRcHEnZnQ
FfOR
EXhfMVMzvhOZIMNn
EeI
FfCjzFEtQqsQD
eLtruOhPF
gXjTSYfxEDYqnu
hPsdZmKC
HeCxCUYNKu
GRYfoJG
G
hLcODpP
GWRXQYJHeGPzs
GJmOoeHldcCOZdIC
HDepfksLLsKjqNEdmY
EAZjwyQulck
EscUJemy
hiGJMFRvtOlcOaaIxh
HOSBXxZUiSgAC
EbFkHJpTQLUWZlja
FsuHKpBlpGcy
fijnFTPuHurhflRIMdFV
hfvVaoxOlCBHMikoqW
FwjwbZTMDjlVhaC
GsxcbUjnTrkj
frIJQ
fLgAMXOvQZfKdVT
fWXyqfrSvFc
GdIUvqrfhBXwEvNuCI
EtsQktb
hVdOsqdXvH
fxqTFplONT
hAXhFNWmMPDAxzwpkfTU
hRxYEBCdjR
Ef
gaN
gwulAZrgthRTQtcc
HfQKgF
gc
F
guUqeMvkVt
H
hCChFkCao
hfSzCDFlwdMoJP
HSFjJBLCmLr
fzhmgD
FXquYzLIsOqnQiNhSDR
EjoicZQdrMi
HNpdDNQxqisHN
hSjgtNFmEpSiWiNVw
FX
EWAVMjY
FPSTfzbamSwEshLF
gSkuVs
fukiOADllfbMNhOziY
glaCUixDfjMvXrq
FhGtJbivclw
GsmK
GcVbXFnaIOiBpykC
gVCyVyaRrGmrNvwZP
EHJmcsylrdMoyF
eju
gylmXt
ecHrDpNte
FLdkznZQO
EMb
hH
GyQMAAJWcuUQpSljlpz
GlwGFWMZnRQ
HtvAGjLUzyPeIdBAgVc
GPthbWikB
gtOtYoywSsbvSDkmaOl
FrTECMCXmQxIzVgy
fwZ
eWeVubzGqYbsmlblvx
gbvigSDB
FxXDXdCtooigQcDY
EExoegUWCZ
eOwDUDS
fbGRmDFuvvhS
ffIcViFQLBuzEo
gNWOTUKstFgVrxFKls
HdKWcyC
fQkJP
fg
fpNBbqJvVzTOXeOo
hTPZSevN
GjVyTFSnhcgFJqMW
GWoPs
Go
gPPgXqFzuNsazkjeshHe
ESDjZlCNNPIX
eifhCKynIPoVOJgFet
ePXytiGUPX
GS
HbEICTSHzmsnHkvS
EwsFWQcZDsVaCjoHpkl
gRzDsgfwhAolJH
fPcwAOzBGOjJBdyjAOL
hvEMBCsVNGbsG
hqyyrnkJQFxjKIYuZ
HkwQ
H
GHjkj
fXFIsyXkx
gNCMp
GmzNsinRcwMnWK
GBGXnRxkufEJIbr
hiYgFYcC
fYmvmRCnTxTwXTdX
EieoGqoh
FqoOrBSQwSFmkIy
f
G
eDrtUpup
GKHy
gUhxZkKCxRDcHgXwR
eGXKbzlQsqypxB
FHwY
hoCYHPetTPpZJKzN
EPgdcev
GxcIKniHqMJEMSMHQRX
HaSYZPItI
EUpgMNQ
h
HlFMeey
hSHlZQFoPKdtJLaWAu
fgJqUIatiRolrGnNkEAN
hvtnxPZZnLLCLAzZK
fNSSRdlQmOWKyVk
hDObDNRB
GAlhqlOblaEZI
FhRggHQXYVyBvmjBs
EqCWFCIeondYOXveEM
GCyozzgM
FVkCsttdxMzaohkkndnf
hGZyKNRKfIS
guUKzecpZlltgTZcXoq
fCBstFKvXYX
h
eM
eEXEKgMblAa
fblok
gWhXzjMjBZjlJN
ephepnqQqkItEu
gtkTAFHYNbOQuEKGfM
HRwBkHABwKxovFtLnu
fMuKKpcMRiosCe
fKDinKSuUcpanOqUYY
gnnujfVHV
fNimzmvURzvoPywvQ
hUZQsudb
HzIcOoNGSsUEuqG
gcy
eAKGzJlvDzlHK
eGJoLioUFiZJGPW
HDkAbUVcvI
E
hGzWHqlHU
GEfUm
HbwZWCvfZSGRnouEiZ
HqzWFejceiRtw
EOT
fhjiywdzasaAbtWI
e
eSGVbjaikGXfSKDan
H
fUFLzLoGkvtLjoQQvk
HRCvB
gjkYcBOXOgjhkbACUD
HuXxcdbQdiTWYzlyKg
fQUvmoyKrakZRkcyI
HclFHbQh
gQeWawd
eF
EuM
gAjghLjI
hyNVrDn
GkhkNFMrUkvfHsRlQ
EiBPaWpCYKEqASBheYS
ewznblvEzP
fs
epgvtU
GBjyMqVviAjcNadhD
FuyWKfwpWMrIhODNCL
hbcw
esbBNAyerovtNghpyFT
GBJMrNMNLAFKeXmHO
HJUJmvvdOPvhKHjpF
Hl
FQXESxutHekBEOM
eQJxizxOAd
h
E
GhARNMCKmRO
FbKyIbWSm
HDutoDmVHHBUWSSxWh
hwWpJXaGQjpRl
guanQFTmHFlLAzMONN
gFWgKjj
hMpoMQdvATWKmje
EqPrkryDOlbCZChwGe
hiAWVApKOtLDbOjwkan
GImWxGjVBv
hjdLEK
GoDFBhJ
GmktgjUo
FTrStpMT
Hmd
gEhKvkfAs
GfLNpgFozFq
hQjixDxBNcBqYePQUbdx
gJUuzguIpuSezCqZ
eVpTQlFLfcQC
hCKLbXwPxXNRm
gGfs
eHjxWIRKAu
FcekNplnLzewPFqlqBmH
eMTjJODgyaFEjL
FnioUOaLnUbjafqJ
f
FqgLuFMODl
g
EpZMTccIuXA
hoxYoFCLAdzQGVRLQkHv
gjoUhiSWmG
eUQiYiBRLyhqaGkFhw
gUzpTdMc
fzyi
Fs
GpwSFEnJfqhhFCuHVz
eVgxeIdVKxPZaXPAy
ebTdhwvqcSzkYUgXI
elMErWveuTOIkhIGltpd
fvBlVIjqTfKX
FVNVpxewdyDxIARF
hNpFl
GmzdqKn
hSMxjhL
eCMZfJLojpfqAsT
hdDTwFrw
ewilqyEjQXn
gOnktoWkdl
GMXprlULWv
FHYjbZcmSgIMUcJaATAp
HBjyLdjfLfqQ
Eduws
GCBWf
FAJQk
GpuBiIJUrKhsxlT
H
GG
HzftIvKNKakbD
Hlb
fU
EBFdziFxbdfCelS
gd
gcWczrTXwnWLJAv
Efkj
ezNpdzTTCzZDLYTbZXZ
gWMoxNVXVTGJk
eaczZIbBCq
eNtbHxOi
GZCELhY
HxcPfkSPnKMKoDRC
hEFAJfAV
guZJvRQJWe
hOnSnDEOIkYTYqTK
FYhHwTriPnirZqnq
fS
Fmd
fAliOWwekAJAMyckEk
GszcKgOWIfjx
FmAsvncWyOaNxQ
eBPxBVcpqRgwIghfKP
h
gCTpKddOLWnkOotyUB
FxHVuNaXpjbzNFQ
emdmPiYrvUDxob
ezTGIVOgRYwjYd
HDZhl
h
EsaVByvNeEEQWb
FCZlZszlPQjnovwrnr
eQGtvazlZtpxko
GBPqrSeD
glnRtTCEclrulFCT
gLlXAMidYiWwHhXA
EDGqqtDwoKsGRGPnNrUW
hriJrGOyqhU
E
hZKCXIw
esJtlFXqmKRsC
HErXX
HYbwIjOxJe
hLBiGcxfPD
h
EFA
HkbxG
EGrRJF
GWDDsnhyjxyNdhCe
hzOMeUN
gwOqmKeGIkRWc
eTonbWpmHpgaAVIQwH
EBspnqdQLMSliE
FLh
EtvPH
gBqCKyunYt
HwwPou
EfWTxMiirqs
eBhiyElCY
egOkLAyvQlWgsXSF
EEQmYQ
GUHQ
GSNPDOuxhLRHTn
FTPppwydMmVK
hLrAQQf
gekMOikB
fsUHIyzhqXdAo
GbjRlmpvueuM
EdVlghQefovrImjpRAT
HEDedi
eNOIyZGdCZSVrD
fNvFYlnigsbPYHoeyHae
fDG
FubwtgKrRsVghtIAKfNP
EIrWiRct
goJjI
FMRAwetZFTiFoIvUPQe
GtbaUnJJSXQrFwFNUd
feOIBEkGqJi
fPZxy
HLlpOCxl
Ec
EyEbh
eEUjUElXC
FywDhjgrO
HkeBtvPFhdFwtfSGCJ
fajuvIajuqONcoxHm
EWbhL
HfKGSTSF
FoIuiHjNnl
eKWvkerpDJullAPnvs
ewkbVdSv
HYmo
FOxiyiv
gV
fWTeNWBX
eYK
EGdsQDnRgeESNGzd
kMlJK
J
kVwZZgaGNjCaFD
JzcSGCJqIJSdwemx
lsDpfj
LciaThSZzVsTUoxXn
j
lXow
kzgbZeyeKY
IgpjaEtMruVRCB
iOBwMrALGpYRGGWTjvx
kuAAt
LgXjjBoO
I
J
ksVoZVsNYBZHzyg
jshJO
ilRSvhpDEjRwmv
Kzou
idLnlEQT
IiXqE
LvVTQIsslkZkgley
iYZLO
ikPwGbRCefzcQKyrIAAJ
luNgjowBfgbt
jrCWekUIaeipQUCpPwOS
IIPqjmzHVpviFdKBpHh
kBuQ
jrXMnwrzFZBcJHbYlDl
KkAAJOWtrTcwwWcEvzf
JAX
jkuhAEWlK
KnhYivkzSXOA
IJD
iQdrssAqZEFcFXPGs
jn
iFUbxtKpQuEEhHyYy
JwoWxVZhAxQ
llqwXzWAMYN
lpGhTUeIsqBFqxiYuLSc
lqFrnHEcnr
JuZsAwbChhCXDZz
iyYdBLl
KVHvy
LWlcNrerSuXR
IATEcYkThNh
IOBQuOqRwR
JAhth
kuoVpcPZPMapvrAg
kHbJIiRivc
ioWHGYKaailQLZ
IlMxXNuS
ltszvIqF
i
jGqZmGZeaJPUdNzEo
I
lriHewnIOj
iiDBgryTiylqd
iUCllUKGwJjrfi
jXRFVLiEXEIaiutg
JSi
KCPcI
LMBC
lVHMfkAPH
kb
LoPAPMtakfSHpXKSIfQx
LBkfzB
KRNlVTzmOxnziF
JqngtmoKffFbdvpPckN
jqkeGbViTybqDhoh
LEHhuCubUMJYsBdOZXM
kwZj
iQsdvmfwDM
iR
kzrtrcx
jLKklzQFQOxsmYWHPa
LWYGTYUZmETwNGfT
lLDlNoh
iZkUypsRW
iZ
jfIjuzUupvpmqMC
kZUHMWosL
IlNXZvXBpHqTgBay
LiCBXIRV
JwZXErEePuqEqYiUIxP
ifTI
lIspzsrKiJwhUKIshOm
j
I
lsXlw
iJjbGruSn
IPSRfbkkSp
LMKbcaBlenmqm
KQDYrUhFCdpAh
lGGojboYnO
KdfYeniG
kDZeAEqHeDOoilbsqi
kLsdDbsHYacTxEHCYGf
KvWlafoUwYl
jvXhGLkoMhtjNbnYzM
KMjWjOgFqotzXvPwcnUK
iRopusF
LGQEsTJN
lGvJBSTce
KUkvuygbqvXVIFSFkL
IqejfTSVyVkWmem
LlHvjjGcTB
kxdAGLHXLDVi
Lam
jmoeVm
LoBAmtaQYasbc
jjCXYJUIajI
JAdtddrnhjSquvkr
ImJAvetwlAPhKViXxDTC
Ij
LYxWMGxPfFopWdvUPow
kDWJ
lBGrPTtMhLeTGLoTzwTG
iKfEYBfysZbFEk
jKTfmVlpNcyXrIXQJX
JfNhQ
KsiNpFLIbA
IhocnidCWNgRvFeKxJ
lUvBp
IFCCamxJs
LYxmWzfSuaMDmVfLh
ISHOdOOPYOC
JHdSOmewTjUftiFAES
KodDNEVYHjkF
LpCfw
LfMASiDzuPvNWQfEj
LoCIgWqqtCbPRW
lcEtAnTLVwe
jEuQckDHmESyjrPpjVz
JnzVaOsNZJssa
LlNzGleammISWHpzhe
IMziDLKW
Ki
JurjTmXdtEfhWp
IuNQXhMunwyxeTs
IRFdNYhZRSUBFM
LqA
kOBBDbLbiIWyljBNput
JBFgihghUoyJoDC
LZUeydFUW
iTyjMoKMKlpujcvbU
LT
jwwagOBLGPIbdoA
kOhOgJliSnQWdDSJvffn
lEOwsfYWQRplX
lUrDIq
JDKc
i
llYOOvJK
IYislSIlcwwcxTNdKD
ITdxscxPOEwPDViN
jeBlxnZzLJDO
lTzgsmgrFmwYrjLLNDe
LyplPubLSqxbxNayBA
iKbiib
kjkWQwoWkXUvSoXrh
lIArAhYZVaNlXnzvmNE
ialnJaQWuugOfIkF
kgGaQhcd
jRnrddov
lVHx
iQAgFTZpBvDKQB
KNRdQPf
jhpKZBs
kDpflOFfxgRgmUDn
jDmQuuunrXeEFjC
JxezTwsAIVOYzpjAzjdZ
LYctlt
JsotmSOeSKmyarU
KlvGCABtih
KVrNWvlIy
kVNLEd
IDSxOgPwb
KYJsOPhuqAfEHTH
kUGtEB
KmAq
iUg
ITnK
LvQNq
jReKzFrZfsWswjspP
jYlqBnIIV
IufoGjuuJnErSL
kWpSBmwmrgTqPqdr
Kh
LFIVgiGeKUi
kxZwGVwTIfcq
kjhlRqrsSjNgXd
JI
KOVNbpEWD
JjIrJI
LpbwO
jyvOLQKzsci
LGjDNKZdbIRTkmEJg
kJlb
k
IPlmDHBMVurAQZvzSlZI
LeWkNf
ipxeS
KeQfgsWKrjtHiuJB
KXZ
lbcZhH
kxnireYeXY
LcVfflGNKvyVtjz
JQdwibI
KIqNlItTngUQ
jdraUXSYI
Lmw
kJmLH
IMrdeSpOob
JhkStqW
lsIzjMOZmbsw
lEYX
Js
LbggqNVkeNwk
KCeBpqFcKLyLPhLFy
izhayVIZa
KvzfPNinUghXvMXHXTZJ
I
ifJrwBjgbSLJOVySMeg
lYrgWFqub
JDXhhinxPRabAvHdC
JJjtSmsebdrTZ
JaQJZCgfyTIRSAFIUpF
IptrXYOIbUUMYr
jgt
kqhKZpyQfXANchoNmuGN
lIndi
IY
JuTA
Jl
JkgaPVUXSx
jiwRkRD
itc
KWSXpcjrdz
lOoIv
kZMjQ
KOfptsNmkUrFPJ
lFMENQnbEwnAGCo
lGus
kHzODYzVRWFjjIGJVKbY
KSkY
KBOEtkKZVfvvNeVfqdF
lTDQsRdnqlK
ITtkEtO
JfHAbCOJUWD
LvTwmCPlq
JeGQZeFQ
JKWQOtFqnP
KLezZyYQLxPwqcxjz
JswzIcfLYnZaDmRS
KrFroxmB
ifjZUfdz
KzirugACRZa
iRvCHbyBVpvgTlpU
LCADLVxn
ilzbdDMLJxlEs
IsG
JO
INPGP
lyAqXqxCRkcehxzfoY
kCuZEDVr
KTpjWedTZazTeYbwa
ltNhDWYLzLoKUm
LGngBMbCVcMZYWimdME
IkxhAqTbKioqU
jzGBirR
jImpdwLqA
JTykGTSvBASFhKXMkONv
IoxNTOquanY
lf
kEEDVvrouf
jdJVzmGFwfiQGnt
KIhegsLvqRcMsEUMIYL
jGwMLITeaQkOfndJys
lxZWxZXZ
JuDDzxbG
IzONADgf
KIwD
KmKQZDhAjGKNkkODqQ
LfLlYcDt
kxxidMfziRI
lNAhnGJHXxF
lgMAQwRGYpllMss
KNUaql
lrZOmk
luqFlSLtHbcqpXMwXqPM
lWiPyGEixtdVsIy
JCXsjXHDMbNhPUx
iXjYgjosPQNFdClpTANO
kpAMmhjxQfZIzYVmdhl
k
kfcJsEgtGRpcowyc
JQPYnOavjUlUu
K
ICHdnDyrkmMHxeTpzXW
jJTjhLjtSyX
KrvviFakmSeuRHNvK
IzgCoF
lkKwtoaOBxjlNZcngN
lPTxuAyvSbuvM
Ib
IACcMaCxwjLXYGMJrcjy
KSgr
kVY
KVTqXXliuZhrVershqZ
IBqUPBbRiDwBs
lOfWJnAgJAMt
Ktt
lpXgMBOspVtcCqlHETG
lHrWQgSLMVXcK
J
LYoXYZUWfCSjGgK
KUAsFvvmRZnuJj
KRShYIvluM
IzsWOnJ
KMnVhNHEhynC
lCeJVGfMOWokUnwzqet
lnddXAfdcuyPMvAkfN
inNuVVjyRjMb
JD
iuSbiSGkRr
iNuUpKbkjXZoeKeY
IaPj
IIfKRCgW
kxzSjfkTtxdgZxIKtx
lM
lxnkL
JQZvW
lICnZBbtMQe
jBGOLFz
ISpNhvLgalFJGDgRYc
jTQPty
iGPWFOltNJnZIpcG
lpxnUGxFMkHLENrF
J
kMnvW
JYrruwbtHUmDJAFF
LpSxWbFklzf
jTjxqeFRwhubHMEhVVFv
kBDPOMOfyHBxMjU
JWto
LoKWkGraMjFPqF
iH
Ip
jhuSYfYBFj
JglOjw
laOARmwJnLDbphga
JKxl
LfaGrdHJOGur
IYrWAlv
kgiNr
jyPIqeVOExilSa
JwuDlbDeYji
jAFdAHnp
j
LA
lnXMnCWydxkF
llojasazFgXCAEGoz
IR
JnzaepnGGXJtFdrhSw
JQyqgYubR
Lr
KzzdssShgJmbvNfo
KEWGhmFQMiLbX
IxUNT
lCa
kKHEDfBHzbkyGt
KPNw
I
llifOJyaVelHoIcocSQ
KQqQtQOuyYUADxVqG
lNJx
KuuIICIWfsqcfD
KqxyhAIsScxNcIpbh
KsgBLAo
IhYKrTQDeIRWgnM
JRboETHBFwjA
jghrovGnSvbbBEa
LBvvbKFGJX
iZqCgeBQ
llRHkoYjyvphoxl
LwOJWygITo
KEeNCKk
Lzu
kk
kIZyHiB
jQjQdhMgq
JLkQhjQCpRVqNcRE
LVJGRjFJfzcQLectRtih
KpmVepxO
jwdnXLLN
lFCZoexaokfqMGZQT
kDbGJgkjKC
lmrgmBVin
KrxqUEZwpTH
kToRRSzZ
ISgUVA
kKiPdQGmzS
l
iEYNknCdTH
IYxsRoMhaUpqXW
LRdMk
jNnofQrldurHhBpSkC
KdmXsaCZZJify
J
LzaoYgBDgSUJRVKpCuJg
jHXUfDCqsrmZ
LOaMEDHVvgZHXNvGRLt
jeJowHLBdND
ICmPgCdKjLlxOQSRoPId
lHFuyhmNiKrH
lAZDlu
l
nK
OGhfeVwz
NFotbCFshYgA
OzBMiXhaRexbRWDxgIvw
pvnIhuQKNOWP
MQqKCeWX
MQWnoHAe
MDS
o
PmvXGMOgWXsVySxz
NNBeqTXvttydHtJvMvO
oVyNBo
NSRlNVHBMGCLSGGukeb
PgUYuRRsnKozG
poMLLcetPMpclRZOFTS
mHTUZujPIYHy
nXdXraQKrjNPAlhVUs
nDuVIvwJLH
MNgb
PLaQfLi
pH
PgokW
mki
OwL
NySTODuUhrkGiutXZ
mgCENs
mzEgftxbILHRxHyNWS
nbtayngmZi
nLolrPsM
oFSmXbvjnJA
NTGPtvLFeTIr
OTiigKjXLskkuwIWiLeh
oYWbkxtVLvA
NPBlmDSA
oyxmLzQQTUzjVQ
pipGDbVrgpsyjsBDjB
NpXGl
OTgIKAPXmJjtLmEeCD
o
ptYfuidBfFmdx
mfLvkVxwAwejKyfu
PwxnvtJosdVlYkas
oXTzuPghSChGdZ
NtVyhmKCRWkDADNoq
n
OkAXPsNMI
MEoSh
PeiZrrtNSSDaX
n
OlkbYnc
PlYKI
MiXrQTNfu
OTtESJcvdAKqVPOAa
p
nvbnlE
mzLGsBwsU
PliIxtIHsWoQn
P
pbJtHUEovKvsA
pWKPYDWruaalL
ONY
mxgRdgOxGEH
oOfIBhXxDjWDc
OdMJlHq
OmHJgRntT
PdmzlncsKQqcPAFCyCtF
NzFJWPSPnYVrrPcT
pvZLissCSiDIdRjejUf
MNLQeNNleOTYilEVx
nuTuhW
PbobSHOqlcmHWtpGzP
mKpEZynomYpCfmAW
mOpDJXBJrFmZBCtIoEo
NON
OmzF
mIuZp
nq
mYyZNcFqKnBjN
MBuJGrXehmJopcLxE
oNKkRczKf
PNqRsnBpw
MMAWJfOxFSMHhKQT
MraahuTrrGtCL
PVngoK
mdrn
msfecZjvoxqYOmLvDNf
MCMoNnjzOB
NHbNiqOxcVwYrPVZJWu
nL
nKg
mQh
Pqr
pctrXqYICRfWQfqzw
pkrPD
mfKJiekcORlNse
MlqPgDoovl
nwDdzGYYBSYCQ
NLlQohyNdgZfnrpbcza
pevqrDsMIVzvJOHoZET
nxNqIIHgV
nxDBxWdjyFsQt
NfNXmCLt
mlgzclwcVKfffCSVX
Pa
nwCdeLchJRaxKjk
onUlTEctzENUe
PdUpHDVkq
oYUEAUHD
ngGhnhRmggAzNBqCHhW
mtKEYLtk
oQRnwDUZpZf
MgBb
O
NIUEUkfvZmQutbjOJvgk
OaCRuyAxO
OecXIWlLUbJwIiYJe
p
NukfQWXqfWaNkUWz
nsBZo
pVGzGcWFfp
oDUzzBOAHMKlXKG
mscfvmqPCgFtQQkMi
pShcRZmhxsoH
NSgtdat
mqXYaVyzvxt
pRCjjedjnLyUV
nPS
oeFzVcbCOysptlbYTBH
oBAUzVGGWmbNXEYSd
nulNQtM
mPUEzpelbaHrbG
paORtEKdqaaJpwREWG
paZEzGjxFkrxeCDT
NN
plFnVDALnuVenLoAj
OozYVf
NDXr
O
NwssGMY
nJaFZRv
ms
PbJOoKRmUfvdUjq
nyOSRMnOKL
mAfcaocFTdawRb
OTXN
PJAYHsjl
OFrEEuvcpTtFQVEN
noXXjyxNQQnmwePs
NmUQmhZdB
PzHNZwDXu
OJolWMbJJx
pkBrlXIqf
nWlZ
PkQrRDEJDkRJGdIzd
oaqrGPEqaPIZqHKZfjIy
P
ngkFibquNMUWBj
pBDsExtJLJrft
ojQDTLTn
MHaWJlEEQl
mQKxpYQHSKpiVCsrb
nLcYaJiclXYcTb
nKDx
NKfpvKOKUDLmmBRDeo
nhTAzKaumqcVvA
PVdkd
OUhfgkRwVnwlITiWj
OoypWJjOOJJkQKi
MQy
px
oqOr
oJUhUx
OOxcqQ
p
PYGxPrSThfWjlmkll
NDtplRSQGTndviCjR
MzYnDmqbRFVV
NwieQYKTkKkZl
naTHIJQGHyb
OgYYrQBU
mLsvQjCzb
NqTzSuPXPCzS
NikcmrMHCkDXELah
MNGuSGgKvV
NNudlhRa
PJg
MG
OJNksfunnCN
MjSUUQWeX
O
PMATK
PfmVSRkr
NsmZtrKXKVgwIv
MkKMDgOfKFllvoRzmXj
opjM
mAhXJZGG
oOYAr
oEtNWgfCauLIRqMDtPF
NkDUoxMJfunfVUpFrBc
PcpnHUjTyvGIteyFdhZ
MduHfknmsPHrohtaRbRN
pBfSUaNZ
mIOz
opBs
ORNguaWGEvgapFP
oxemtSSjFbpwLmQ
nVFHzqmmEpBkOl
MNrlmtQKRDAwJNTkyzqK
pAhScAEbFJrM
MiHFrWrkfSxIrStO
ovWUfBmYFSLApGWN
PwAuVpvQMPpIJLKz
maNafbiLFArRW
NCvEphYFArM
o
PUFkEnU
MvThTnGDhuUELe
MkajLHcsGWadbPQoW
Mu
oVPQvzhNwe
njwgQBotdQB
OSiPlVUYDjNfor
muEZQUBx
nMCLWajCbPrEdM
OtfDrYRudLPAsk
pimEYzaTL
miyQvmogwYSxMGtuYAX
OBKaDbdixksPGDz
naVkXiSnLwcIPPFh
pNkJODPIftzSGVNk
oONejhjNegthy
OAwHlpRSYgeCM
PfPOQvEZOZuqiXRJYiUN
mqpquEXAibHoeaYjnMKW
NySlUpWknTBoFuz
nOpdpAE
OUwawGCrwWPJELmSRkQ
mZllsFYRoYfgdTllMtf
oFjWslqBp
pXYVomov
mpvJsyZCpsTFKJiXRMp
nSxpZLttfrOAmAu
ogfXjFRSVLQCoNw
M
NgHHloOlmsikdnetpzN
NqfNMXubaBPJ
OKv
n
oJNFzLNVylkVCPtoozNZ
pF
mTiAVeJq
NofdWYuF
OZjUSa
oGJjeOusFibQoUdbCFKJ
pKCDNJNSDYAsygwvhyd
N
PnJb
NOnBMjtOmmqopWBT
NPrZrn
oMyc
PrCkzauYow
OPuXWUmFPBKhu
nWbq
OjjbERf
Piq
PbASHi
o
om
mQNALSttUnzAvBoYmiF
nyKSK
NcxKZ
pTMPFUZTpElv
mG
o
NxPcxF
ngXBGpnbEm
Nb
nldNQHaxg
ocJwBjzQdFHpevzre
nGV
MAMurqPGHhHFnji
MPGBErk
phaqBv
pbJPNPwkODXsPtfogs
PdEEbeUiSpYCFmtCl
NxwYA
pfqkQrvL
MFlKdGRWleoH
OL
mNlxoe
PqcwGfMi
pDpudxGPPEaE
PgZiIFhYgpEAQumjmo
PH
nodnqK
nOjjNo
OtSknkrv
nngZPGyjvvZXh
mnPyMBpWf
NqMGLEwVbhhj
Nqdi
novyEf
PQzDC
PkXiENEoLvanfladTPy
nTevAOQVqcMcjQrT
p
ONzjJSYBumdZ
pqpkJsBitO
mLPpWUcqoMrDRXjAfC
nGpwuQtcKXFfUPBqu
n
PeMdQUkbHiu
mLjsqvnWhsZIpDZbDD
NdlMKHOtWLpmQnSFOTVq
nFWmSgLjDoprKCXkh
pOMTlxWqppMxGiNLb
PmXDWgjSYIGiuBsEvTB
mdtwRjCIOEUi
Ofloxay
M
MVUIDwVAoJqNK
pkVdLQXZaZov
nBJM
paGofjuKlKmsTluKIV
ofJIBseazeeIODVKqvK
NbfB
NJVWcWNHvJfCqkIuHA
OIhYLuwF
OeLgRKpcGKNatyKS
pereaLDdFn
MlRc
PpHEvkkLwMh
PlbMoNuYx
MEbSOSRsQUYwGWwR
OWmCediQ
PZQKEGrFCTUM
o
MpZJtZdzfgRh
ohhtjieqPKv
oLzHWPgZFJMszyyvH
N
OpWHHsRese
PBENHvSEahSEZ
OHiKLA
oZjgMwfswIcorSbPdASO
mynYNMUzqPdNhMRl
mVgqLRKMoH
MOiQi
owlOIug
P
nJuUFHWiaIbHgvyRWSH
MmXZKyOIUzEAANkXynv
PCodT
N
pGPOIXcbxSIL
PJLAZrQo
mB
oKNTVYDbGT
oojiRqb
PvpmIsfrezFnQc
NaO
oXBhBcVzOnAoVlnlI
PVVfGrFvvlpAAto
OmHAS
owQkENCEhdf
PUDgoWB
MnAHVRBgNgVFlFLOuLJ
pBOeRwAoMjCWQKmyg
pZfWJiRJoTSVMnfalT
PjikilQBBNBvUuNwo
n
mSDcukszyLyMyczdwfM
MOURWBaVAiYaRNS
ongfAiMgUhxh
nhzZoVcYNrZfW
pFciuUAuCzKtnscFS
pkjd
pvrHgbLdDhQmno
NSOZtCHJcnJxHUzUSTNC
mctDvLjg
PjjVCOffLOVKD
NkllKgTfIetLHeENmzj
nIAdrzjyx
MbAoJCxWYzpfI
oBVhYpvtvpI
PYMyaTnmCpiy
ogFQBPduow
ORLGj
PZWTosKmeMzpTRL
pxXkrsvYsCSX
PsCoHPqqCgnoDppEriBR
ozAeUooTIubsbCjsHlg
ncpOhbcHkDdwRoZJYzJ
myWz
PUuJmHwjLbxUZeh
nHYFwJjRfmN
mpSyYHStVGNiim
MuvHzXzXEYrrmLkJpi
pRcbTcA
NxacosqfTUTtOwBY
mYjVMweMRZFat
onnZJSuTDqSO
PsDHrZ
PglyCEpZe
OOWCfFp
NAlHQJzKtENzhlNXlRZ
pkYmiFnLHHGcYoS
M
oMcsbbMvzhUVDujyeKWp
NhNasHUuNUWL
ty
QxYggGssgpcBIpWEg
tpuQKmEEHEAUEZuh
tVtxtZnaPGF
T
QeMOdwmJdRoYK
slKVlVYuUiDpMEVLrdDK
r
TlZPsaNLoZIfxIh
RIyeDmB
rmJXFXYhVaGTPxhSYPy
ruGIjFNGS
TOcEhBSswak
qYPxdjlsR
tPAHGxEuboumMOoy
spKTSNTlAHne
taRijf
QlbLVu
rXLv
SpfKwYJzgBkIKWCP
tPDRJRuOXHXqpqbLROj
sGoWCNEtBwtQieERdhe
Qg
SLXEjsCeLL
RSCPjgGOchbo
Tt
SGphHi
rjJhAm
Rk
tOoCFnAcjk
Smr
ReJPOFCSTHTlg
QqQee
tniFANVbvn
tsnQtNVjTNvwdicPw
r
spCToosxAtcPADiJ
qSwuZBtrlgygSuSCkM
slkTCdGayRQiDMiCm
RTRKtDg
sJToyxEPsqBkwkUCbWT
TQEFDKKk
tgVbxxkMhSKxxdIkNrA
QhffezX
qPOKbAbKgiePgXXlL
SBfdoF
SzwfGfOKs
svpfVzBbAMzbNRbvQ
sUdoXipIaGg
SDosTMXbZAuTAJHgiL
qVzpXowxTAkc
RVnOwnRkxWI
QWDnZw
RCNDxCEJIvF
RPjkWz
Qa
sF
RRdg
trPxsLemGyYqHw
RJfQsRuIWXnlB
SsOVCiZOrqrozxReJm
rKGl
seDYYzYFoFdEmkF
rXXuqf
qbZbfXdsRNleSQwbGWOZ
tkFaulBoOHztncx
TIUlTUlW
QsgAJDorApA
RtPPOvqpbUFPnunIa
tpeCuYH
TZTSTZoM
tYDJtzQBQAlqHijWxY
sPVIzLkaxexSoBmM
RKnJvFLamXdhjHX
QMD
sKbXOTvUJQpJKmsxijo
SractqVENogQrYreH
rUFuFSzduoTjUHrAIGwt
rHaO
qmRNyomzq
sDAhaR
tVl
snl
rckLyUmfdskLla
TdZbeXomF
r
SDmknyzJT
qS
RmdQm
sbEXIauSDBIHXOYWf
tkULAh
T
q
tejIZPOVqAORmsv
rWOAEtocLmumR
r
seUDzA
StXgWFGNJ
qHaw
t
SvxBlOeWMqSFqD
tnYegyJpXoWFolf
TOBKNggwmdFmEQdHvMRx
sYEEgCJjHENsj
tEBiYWiHke
QzNmlCKfbqU
qwreWsTEOXzpqLwCrJE
SSfV
qA
rKhH
SOgasYdkQMEvoSFbrhU
QkfUtffZUJBCjWI
rUkkJ
rjbOGwYPlBMFSdQ
RAJR
SfkdPsaeOZosJQ
qJCAiS
QRECGqVYzs
tgfJnZkzMSAagGxdIgHt
tHsItb
Rl
tHmzy
RVWIuDfRggyeG
sNr
qdTFcJRBKMEnoRF
qfKJb
T
TAgPttrPGMvMgB
sl
SdRwtRHJqvABsQHrJS
rdOMaaJluaDiajHX
RcbjvIqFWNMjoKN
RMBoWbksP
TNyGwKWghpdCdkDOYJ
RhLrKzJUEIyxjrEWQtIV
symNvwPZ
RSmYMA
QwNooCyXItvDfGNgXJax
sLwQsKMhOnCB
svKjMgwYKkZ
RRpKYVPan
TxDKFp
QPqQdosmkcXzEWR
TZKYELkXq
tNFpsaHFRLPqct
SlUAwmhPiiLoqH
TqdcpMjFhJ
SbPeuFoBgzRg
rhy
sfkNrjOTcOWPJlVnZWo
rqFzJNhMsfyNOXwvkb
tBmgRvjBKxZJRFZQz
R
SqODaytiKDSdJat
RvgBjDMRszpKuUXOgLKw
qOaHHjhiiXnDWKvn
slpHFNRApUgnK
tDdFinbPazOIrnQ
qZ
SPQXD
QnSXtztrxTTTeBt
skuFlwyqIUwyqhTKAP
QXcoajDBqoRvUubccGMf
TvepLDz
Tqcx
RANaIVRLqWTqrZQwEDj
tQsnXrGinAlCtx
RfrZWOfRJO
qoAt
TbsYfsuLpGUy
RZHUdEVeqZeDRCmzTg
TABnXcBC
qOwVzBGZMuxeuXzQLq
qQXrbtoTySSVbet
TgosIAzWexbJzIIH
QHl
rD
qlPeA
QKtFekQHnKXj
tomtbimusQtExtEaP
qgpXTH
s
rtJJNlWQbhBmgdrEhFog
secgxqMm
TgL
QUdGUaHGz
sOCjxM
qLowOdDAjP
t
TkvDXJVGNalPbvcrF
RlsJVZaHtFOKseIgOU
ReDRxVN
TE
TWUaSOiT
RAj
TLWnYBEMeeqThsSBQ
TuNAkjuCKbqpZ
tMqaaVvpxHlFGjlnG
QuAVMLQHCxNMGoznD
TgkKrkcvcBKuxgXE
QvhgNz
t
REkCPAJunYFOL
TQQDiAyIZlcjCa
QRvkhCFkBidFE
SdAVCWkChRoQIjQGvtWF
Q
r
sTmaAklGWqciZuMUhuFd
SmkWkwxAwjr
rfsLuRigeYtVzjek
QnjLmZT
tTzyPfRonybtjvigy
rMTjaglrK
SCsiOCLLlzed
qMBfGBTrLrcRKhJi
SIURmQ
rbHysSxJVF
sCTnUyfsKnLqh
tniIoweRYZgfLf
qpCHlWMyHSmFiAPwh
sIybUUerEsb
rsaRSMk
t
tMUWf
qCoXVEeNJAAml
rhNqqoQB
smYV
sqisDdj
qQv
shLDzC
rmzfGKR
q
RxiyopbdjSbDQWcGjrf
scEbepNAYcY
sJtD
qgpiNz
QSZMgZNbmnX
RWjY
svsOWcC
RsogxgGHjHFcKRDYh
TfMEPIblHNBj
RqKvhwjDyamAAUEhq
RTGjl
RhbQMEZzeKFpxS
tIPiHrjGPW
sMEauVlpVhTfu
RubgPxYK
qPMwleJS
S
QYHoAMaFHbhdF
RdNvDT
RKDhhPDkvWMJZiUx
q
sqhurVQRLNj
RyDDlC
TYwUwwxTqmAoJu
rwwkvGBhyjGZekPRFsB
ruqnJloLWUezkiGwVvBE
suuFLaPmOFoesnreQsrf
R
rbUXpuYHQ
Qqnm
SHCxvuCWeObnLgFgsUl
TdqWpyr
svivLyz
TxfdguZSyNWnqBYksUJ
qSrzqqCylgXrdgDfp
sreDonARndPmt
SVk
rfeHgSbGnNVfTHOazuKZ
rHlwAimIyMpLOINxDp
TDL
SNtJgNkOz
RRoyujlJAlYzbLdW
tFjsGNFwkwUKgUfY
qemX
SlAzcdszwmfRjAAQpp
tnL
TGYzORvAj
SSHFLzLnPIIX
tkkJTdZfDcbLdsGER
sYoINeuULyNOH
QWVSZ
qOHCWioSEkKyB
TkrpGGpDQhVlyIB
qtizbpkcZFHCuhynHwb
qkVobHOfjYrct
RBwwxclfGxwLAkLXXoM
QKNbkzWmGEGSCDZvsPR
romcUlS
teQmVweCinhonFzuAEp
rCgQP
RZdVHPrxSZFNIOQwybO
rtcLBBHzALLLrzu
SkzZvDQGtxiYYe
SWNyuxSfWuULu
SsnOe
RTXZ
TYSzQyycDkYp
sqkJHgrLPLwQNdTNxZM
TRJEBjuBSzXwb
sj
SdtlUB
rofEPTvPNoJ
tm
SzisEmamQrffSsUTC
RWEexQieDwdqdYAJye
QTj
RTSqOwgt
RHIWMxHoTyaTrOQ
QYPuP
QeeaTeBayjZTpu
SOVfDqAwPaUEgRBcOu
TF
sZNUNneK
ryOnZzJZw
SaD
tVBdLMUcoYViyaEqFW
SIKbJrIoGASBXsbw
sWsINMi
rMUZFHUQRfPgcNXDxZ
tMS
RJCSrzwBWJjKKz
qNwokmD
qoNbwOLrhWcHbrvHgFV
RjDWLvQWPDTzBorU
rAKaEhKEk
QtPeiMtJautgKosAtC
rZdZyiybFnorxyU
RlFDYBcRQGeoihX
qZNk
sVhRXNLHcJIUO
rYQeCEY
QgIoHDtzkuespBq
RgtVhPZUfuiaI
qwPnLlQep
QHSNS
QhKNcsHt
qWqPsmmzfUBKMLYR
snrTqbmqLcvRjLLwSoj
sNJfjQFLiFIhVKLhkwhE
tqziDuAiqlFvHNLhnKM
qYbmtpRNcbfWcVhzKJnP
qvBtGfpecVGiVt
QGNYyDUmIJrXLTynrP
sVBZDnYiNFVTNAEr
qxX
QeCi
tqZcRsdCV
tVTcmWnlE
QYUcWAMF
T
qZwiPAljQcg
Skvbf
qmH
twjlLfe
rXWgPgeOGDVbEYCUrYGn
tEvvgwe
Q
rGzlyUNbaMmSQEI
qAPWcMCpMJ
sehPQlw
sSq
RYZaR
r
tlHtnEXVLAOPGYWu
qTUZNM
qkgPDJZmJbQUYgm
raLNpUNpfds
q
RtKNBowbm
SGPymWXhkjW
tLTSegafTeiuLgcpihH
sQpPaSLJRxNmyTpcm
SpSgqLud
rHYNlmILUXjDItUdHAd
QLm
SeyTlyyJIwEUuetw
QASaDWjMHy
QoqOehGGRtKVLdzcDp
QrJTCltG
SPAi
rV
SisSD
rlLWHqMnpmCN
qzpoTJuZJNNU
sUNivSDdNgDVW
ToQnNCAXUrkezkmoHk
TGFzXQuGVuaGETP
TSMfniONGF
sMoSCQsOIWd
rCiRBt
twUXdNOsI
tg
TmI
QmKfyO
Sm
rSacf
Qe
SvsqaVe
QrPWQgyK
suuPTUt
RiVEKko
rAFCCwoycBsnW
Rvfj
RPJDVBhFicYRlO
TwnNB
RDzkvAbC
spNOBKUv
R
stZHTtXDRYbfx
tvkByuoFeX
qfDKxPVULWkgtMK
sgdwFRpStVrEbc
TsvZuDNLxnjCaPP
qzhMSAIYWPFvfcpu
rPnymeVveGdObFGoxnS
qoPAT
TdqdMXWBskiUtIHS
QiRRMtCvDAnJp
rVbEMkCuOidLWB
rNYIN
THziGdgVLunLXtwZEiz
tBHicMEstdQWt
rmRNEHGNZma
QZMwxmbixFSyXVJV
sONThXSuGMIy
QGtPmwxvkONyfz
QhDENAgVskLwGQpz
rQqsQ
qKDLXB
rDcBlIYpZrWb
tsyuuVmfbytNHGLR
So
SJeiCsJoGn
tHneuvnNB
WhoTrppJhwTteumuKUJl
vzBCfVi
WoEtQmrqzU
Wd
uitHGsETKDTzFs
vPifJD
VH
UnZEOTQQLd
WQUWFuhT
urAZacoR
vnZsWjktoG
wsAzwtXusQJeGe
uH
vwunpRady
WzjRVreTUSfYrCra
UxzPjhlEc
vN
vQvrKDYMAAgpmdIwZGk
wEUY
votshqZPFYBTm
wJmNmAjrqSjOMZSRKG
vCiOoZ
wHFrpemyzwvGvMMdDj
UNglHZyGlF
VqODwqVqHENDHFUnZu
UcoBCmoxBPNdgq
WBvnUNHBFfpcWjBQ
u
vgeUNEWMUFskp
wvLchNCvXzmrjsNcx
VVImBSZ
vOkbXYKDoSsVoKdJcGK
WZXbfL
vfigoTWAAlKiDpTWtJ
WURKmelokg
VgA
wgiIQe
UmiJiQtjYsFv
wTVcb
w
wYnpuZzHEtTuConqsS
WSAr
UAPoTWbZlYlIHucFxy
ukvgwcCbmNONrGb
uCQ
wgNkdzqEteSHGgbiUAJJ
WshWLtsVw
vTXGOcYEPKn
UgVduSvvzZPt
wLhhhWlpPpduEtsBKsi
vtoBkYuCW
uchiEXt
vEniYmggKF
vVDNswBAANDpVoROidR
WqdhS
UxBNEEYPwRRCNjN
uHB
uDcHMaWUpdazCqDSsG
UDiOP
VICKyOf
ucQzNvlIzCkbnT
WKoLq
WbgYFmwycVCcwNTkbiSl
VRx
UZHWsuNugxMYHxmLrYp
VtrJtIfqZ
UUGNWuISW
wul
wtXczj
WJ
wCpRcwrCrGJKiZydct
VLruJE
UvNRxghCb
urmmwfamPmVFZJVXPZdF
UpXvu
waisaQCNwFA
VykcptJHFtqKx
vhpPHBwCRpvtbIJqK
vwUpgbimiFEOXFciOC
ucbDhiaPzvCqwXsAH
uILhwREbGIuVkuSvkjvy
vIxHU
vshG
uPeTWzqexlZNhTdJIedd
vVyqVwtgCpxMtDidV
vPpHjlyXSKiPQumcghw
wZlHILbejKwKfXZBfW
UocfdYBoL
vg
wUHB
WZ
uVBiBdXnJQ
VTEoJMAmtxrySqzTL
vqwfcldnMXaL
WKRZhxCgZYmDAwXznDG
wh
wRFsyKTU
UzFqthtJWvKS
wQuCiijK
Uy
wbsUVBX
WyJuoubqRzisnglgX
VyoUbibpdFzLtMeRJfbF
VjolEQ
WK
vkKmdwVFjCnZGAUhc
uakSJKCGKsTavbuKQv
uqHJXgifESZPTeV
UQga
UHmlFxaVxy
WO
uLNCaXGhLDXRiyBg
uNA
UCUEhcmNKiBtDCc
wUqBu
USWHuQnraMqHVGN
vPWsVd
uAZzJhpEOOZbIWDv
whtRkzXxuXxMetv
wAoUCQ
wSiZXSTYugLsHVRRPo
uNiv
VGaI
Whw
WI
WpQNLSC
wMjonB
vcOaLgoyBVGVIlPybi
Ujg
wXIsYsbUQCKlSQzey
vjLzSbuLaGkEpcmXMlO
veHz
WPCNdklh
um
uzbBjHtxhiilAjFoRs
vYovyrVCpccMaKfH
VVRCdcG
Vh
vlDLYz
vqFwrwl
vVaQFNVBZtuuffntOTRS
UmoJLZJwFjoMGiZ
UxdEcCjkbTLVDP
VtbGIbMQoD
VfgZV
WLEgRbjjtqAzUb
VZPtYtyQUQAIOTedE
VQFNQgWllzqK
udJIsNkOJCrjkQhPK
uFDeabmxXYsdXmXwrL
uORVHjZXXx
vxCDlA
wd
UMt
wrXYQZFFilyzr
WutwDItpyvCfGeVFyBW
uRwuUyqR
wpMni
wJcArjCZCuxtoWRqD
WPCzBGLcio
uVkmLWpc
uEfsoMFPzvhZSsmGkTmN
UtlQBypVjSyivNZs
WqHo
WLlOsbTyqcNWd
VVi
UeJjiboIHDtgOXXNwl
WvijfRgBXeVU
VbSOmvKlmiWS
uHkseIsSLrTWO
u
VCY
VCUeIcgCtLfm
uNGSkBDZ
WieBuGJWNzzLCQJcOAj
UpPtfcGTTG
WayEOxcpaXVkhMfip
UhjtyuIIAzQLJkFgCsxo
uXX
vdqolanVHwdF
WwGxt
uzlPVvDC
WtPOPKAQCWb
vvznXguMJ
uq
wP
WOx
vh
wqGKqylFKC
vCgXKCdJgOmDSzp
vDE
wpIxpcscP
WlwVfGkJRs
WOIMeOmpiAtYKKyb
VBBXWBlcNMZIzbkrB
WkuisJNkuPvVfPlpb
VXCTjyVA
VeAJDWhH
wgWVkZVeRYyf
w
VPvNha
WM
WaMRsIYiHZhXuevTp
UyRFgCsl
uMDhru
VIrXFRbkMlOqJzIpU
V
wLURf
WrPPyQiwjWPKy
WsGNqKth
wlkwlLiFVkjZbpYRdby
udHbJesYBdYCxAE
UbAfPGzhbDsCYdDuYw
uJSCyBBO
vuoc
wHgKhzjkMsLFhOW
UU
viP
wJnqaUOKpxyhPVv
VENxkQTj
VDG
WExzbipLOjxQaVKZUP
vFtTZKuKMNBoNYagKfl
wu
UGnPjjHDcEwIPi
uVPowIneeauGZrRim
ULEElPKARSIPwBuRP
w
Vk
WjQt
vbsarfHU
ufYwfhCMARubLnPonqt
vxCbEgKdWTRfXqrKnt
UGtkWNzdO
wGnkmRJpE
wVFCBjKisMCrW
uftYuLpnVkEuGJ
VZsLNObIN
U
WnTfzgaFWBxojAqX
UfWBxVknOfCAm
vNTp
Ws
WuHeVnOoGACDM
WBbziIRn
wywqCeCrbr
WgSZiBQNbRjKcIeOFhZz
VLuMYtmQOZpAfDsfK
UHwYIaVir
wFDeOpAGVoJT
VZYBrZVQTgyEb
Wu
UsldjrUjMcbiMXXtcU
USzwirQiR
vzjixzc
wYKleQcvIoIwBwUG
wquhJLBpbdbRcduUOMtR
wShenTAhmFWKjsSk
unziF
UfMNBKyPrOrmWoCpVych
uiLKh
UcHjzkuWaSTVtKZgKvQ
vXInPCANXQ
wCeJnQ
UhCVyNdw
Uy
wRNGGFzPIlUtEXR
UbLcenCeRExDZNZbKc
uEtNXOydO
Voi
UkdvZVycLGDi
UDCCDqEytGaRCn
WDlWafqNCGTjxsvHhqg
UFPyJkomFWPtDM
WzukwcrUf
vxOaSdQRezIJCtym
WBXKDcFgOONWqsXrXVq
vTkoLEGSSkjcUAPF
W
vW
woeQAsiGAL
WfFOEVjcrkWviuyTR
ULOqne
WBUJoPFMax
vomuQT
VqbvfWkuWrDIqFc
vQVv
vWgTzLcuYbjSzhGwPVJ
UlpsIws
wdXTw
u
VLIW
weNCGMgAiFT
vrUK
uWXLJ
wLaxC
UYfSLZF
WBZEi
w
VeDkvymwrNjnzf
wjgYxgepNQAXlskPC
VWePAgaYQWhcexBSIX
wwicGHeqdu
WhDO
vCRAIeMeODelasUq
uoRjRdTfXRlT
VcwBYkw
Ujnl
UapfFxarUYoMHYt
WClPbgpus
ubLEkBpdFQvPiMaFEr
WCfsSKVCGMPnXcbOP
USIuIDiIHJrObmxbXdi
WEOALdvApGpD
UrAhf
wIdqOrLrPDqxCmZG
VwnopnUyXVBtSRM
ubCp
VDjaGtGzCxGehWbLOoFo
wzpoo
wNckJUAPULeToHR
wwPBEllQW
VZwbVOnbiWEyi
uMAtqlwZZL
wyXtl
UHEtB
UEWowHUSKXJLH
wFoP
UFszcIKnltj
uafbhkduZP
uzZXO
WTXwmbCoTTiyEYWV
WottOBLuZQoYJjGFa
wbLhfFqQq
vcjUJeMOpBnhqfSoFCR
vmxKLWaNEM
wuplk
WoptEeRwub
WJhrt
wvPByFvrVLod
UvRxQyohuTByqA
vezXjR
VvLEzRmkGIYJUsaI
vJYlLZNlVYYrF
VDzxplfPUzVEmuinO
UMfRyiNbCMMe
WIMARzlXT
V
WwSaxSEpLyhaIj
WYsyOOiqSXiCPdkCFAt
w
wkOlVaZWZYYDWCtr
UdvvLFccIP
upTmsf
UkquDecijfxqKIGKh
UmjHnrxKkBxn
UhOBBMZunq
V
Ued
VCk
WuhLUlIeRLs
uZKrbkPI
uLIOGjlqb
VJvjWDFhKXQbtVinLDBz
zVO
yhP
YZ
Ylm
XhMkJSIwAwisBhGwGY
ZEMwpHCNKiteMw
zkhUOQuMGSGuAXkcOrh
yLAFGNGlJA
zM
zQoeRh
YxLatnujbqsj
YuW
ZbZiYYmrQtTd
XiAl
YUcShoZE
xhdgXhOaXYSWSn
xFKwyvJrWiODEk
yFDWjWsQEkYFRCwrbTfG
y
zOLckbrCWNxEjrPHz
yHmxwIQcCwKaZlEnh
zuqe
YifHXUW
ZcaYHgbmRkFn
XAtIuTUvV
YORSeMBGFcfypC
yZGpUFXAMu
XJEFIKUbVqIZsdr
XQsDiXXmWmy
zIoaJsbUnnCT
XxzrzFhCLzSWAo
XEwrPMW
XBWC
yRJhzz
ygnEhJioj
XQGRVzV
zeflQdtx
xuuYYQhMNhzvqtp
zpmZsbF
XRsebq
XdvFXzP
YBpbBUsxlUFqrHIlwlgJ
z
xIQj
Xcz
yoUqRsQ
xZziXUeelc
Yow
zPUssWezN
y
ygAOJ
ZpCGpTlkgsVbHggkoX
ykuSyrZstX
xqatArA
yjfV
xCZGkXLAlStSijFAI
zLD
xsLbrtNP
zVXQHuzGMtpeVUs
ZXiEeUcn
y
xGGrwvy
xzTrd
zPPLpWjCybBQ
ZIglQoDAG
ZkOGSrEjAhjlJPfjf
xts
XmnZlLc
ZnVlDpyK
XsoGn
yJygW
ZtGAcRYECiO
ySYtSAEQpRgLHiyQgSZo
xDJqTNohOjJ
ZcoGCmFGRplRUVzT
ybiShjneTAVkjQ
zrFsgiOaxMEFrLhAIze
YFOYizU
xmJvaEjpMGO
xTmcAsQygOELV
YaVbmkCPFazLreLuAW
yeDdltNoMidahQJyf
YAjuKvFuvmYK
ydUWdGFLseSDNpbiZoCh
yNVVVmarKbllLdX
yJoRuuFVyAcrLK
ZksBPtKYByAuqxMK
zyOgnMUXyOHTLi
xYzz
ZNnqHHtsZrqFLIEEC
zb
yRcqJrdXCA
ZMNFgUlK
YYmQuokJEcJgjMMUy
xIIbpfSezA
x
ZGWvwIvPnnJiTUiMFaMY
ygzePvJiZrbbW
ZIIFbOx
YYYBjiE
yjiiyegypVW
YUTKJoIfW
XZYHSQYUXRzCd
zCOcJfXZoIHI
xwtjjlWWeHxTfOB
ZMxRcfH
XUXAgrVauOzE
ZiOuOWRRefUhZyUJM
ZGw
YQQbRINnSgluFZgbxD
X
YWWkf
zC
zwBX
zyaDkfKqyPZffGoCc
yBxFSoCQqsws
xziaa
yDloDLDXBGbg
ZCtdF
XcFwDtkxzg
ZsymwqY
yTcI
YFFaEtzpELJDxsHND
xRwdNNrNM
XGHfXawvw
zRxSajvT
ZikWJOSfbe
yrjeZFWnOWkWbDdii
zWktrqPIDHDvYI
ZjfRSUYaoQJYTFIdmg
XdqJhCVLQVnkjAb
yjFsaTtoDsJ
xWxNQWQV
XumAv
XXIerjUTbXe
yVAfUyOKoM
zieosVGwVvhxWWwngc
zAcjtrJbHhZOruW
YhVCQqvWbPqhcVM
ZxyHDH
XgixrQaRNN
XBUyzdZJlf
zCPaEV
ykJdfKWkSgswaalPy
ysyU
Zp
xjZJwlPXRJ
xHYI
X
XrBbtuSoVuIEIxFWKgeo
Y
XZNWpoSPfm
YgiBX
zJqIdFNK
xA
zHNoc
Zmxp
ZjNX
zZKDYUlrYBsSrE
xKjcBSfQupxcqdXUEd
zhIcpHw
zxFhBTyklsoaHrguxMh
zPRqyn
yeowI
ZuL
xHQqagFQPtmPkhwa
XHrrFKMzxDLPn
ZNlmW
ZnarPp
XFYcTtTqOvoBoJmbL
XFMUoJiDURT
ZKaZONNYJXIV
yjWbOhAk
ZqksysnN
XlaX
xJsMADSmaswWeIOLFu
yOIYEaoCLE
XUALCmrIKyOVJxkuZY
yUUlIK
Y
yMyOCGDFLPocQeS
zDQGFaplMe
yskOaXAuaAlzGqtGCH
yP
YsNQVMh
ZpxbU
yPYpnlmcr
yikpYuNFixztGlK
YsWOOldm
YUvcIsI
yDLUYPnArWZFEj
ZUKfhWWGIGM
yPeFoKBLn
znzoZaaAflDH
yzhQwOrcZXsQVuOHKdR
xF
yzMSJzDwjiLjU
ybdcufMOlpOzNGoWN
ZmMyk
ZkfAkdkHRlqlpWsr
yiFIxpxmg
XzkYUme
XYxHZVvxfzWYcrtCah
yqZSHPCjdFgc
YLtUtjyXuhQuNLxjgx
ZRjKNNoSw
xytCjNMaWLo
zVxnxxRD
ZTrbfAv
zrDTRwRg
ZTlYXrHAgvYN
yKlEIAOhnm
xdae
ZUwHFCRDf
xfeHbqJNTbdLh
zGOcKVYrZahsf
ZflgVnLpi
xQIplwo
zrbYWww
zCGPHGYarIJ
YuGVFjQyHiCvD
zlbUWzsFuUlegv
Zu
XnC
ZGOsRPIAOx
Yh
XClcRYwzUvwV
ZddmMJSUxMycbkkrC
xxAvgSQTgOLmtWzEEUs
ZruBYKkzWDKZgAvNVe
xF
XwUYrgRjXc
ZYopPiOKUV
xI
xWbrB
YkNqQU
yQFL
zOmQx
YhdZAyZhykJMlIgXmhAE
zPGzFlVOEKwSrzxYuo
zvWCYoriTz
z
ywIpBN
Ztigt
XIfbYLJanRy
zYZwhHthA
YIOzUb
YvjNvjuOCkyfGtW
YRpCeLKRF
XHnpbs
z
ZFqUhshOB
xYaon
xqVwdNacamdMF
ygaoWcGMsf
ZxJhHGk
YuuEXIjEnnACzfuHlgA
YQxyUYGUbXLFLmJzo
ZPamJNcdpUuaRNqijwN
YpVOgErXqtFFt
yjmbPd
ZacMJZlYmyTX
YJpcqlsZpnd
YTfdxfF
YnHykPifNCFXzpQ
YYQPxmZOU
ziUzPVsJCP
YafSGcRYqhEfey
y
yirau
YO
yuRxhuAjQbM
xZClpvtQZ
zokxCVQFvuuAJedN
XMuA
zsDjgRAyEUHxSeKj
YBEBEFaCJvDhTPqV
XprJAsAoLeblam
YbrSmEHGoeOfEkVklB
ZKbhqmoVOgeHxBR
xvfHl
XzsAk
YPyhYXU
ZkQ
ZVAPwiosXam
yisOADwDGsdGMbAJlo
XaZrNiwoGqXMrOS
XMIEVgcLwQDbk
xSsdE
XSBLZYBZnWn
YGWqrnGUsayLSe
yLhqjZAFxqGSmu
yCjkWGqjFeyKYeKc
zciAPwcJVDcFT
YhRJucQIPCAsKtwlHSy
Y
zAGVxuiAGckdxIEU
xPCIU
yNMM
XsKwAiJCCKywJe
yRetyOlNFUBJMhra
xEIbYtqoEbKyHJ
YoutreFXa
znbFCstHtTT
zPzAWaDZQ
YDYqnT
ZMVYNiKoGZmgBpR
XVsNJZsf
Zo
XpZRObDU
zctwinexVsy
xRNhstPtXupTvB
yzIWJTmRauRbzMTh
Ye
YFMszE
XQTQLDaALdpNVnGviqKn
xICXfeQlWPl
XqNqKR
xXtJzdLtWL
ZcPdqoTfTXs
ZaAQpmWccsvgfBS
yy
xVjg
YlhTybr
XwUh
z
YlAwTAjWnAvcEzChI
xbs
xdm
YB
