cf
AZqhsWG
cXdZNXix
coVvdIo
BaawuUKThGqkicdKKELj
CnbZwTSzxOLT
CRRGC
cbacYKtsGbKrLYAon
BCkVrZovfTGZKCyqCKbg
dmG
CjNQdVbLuWf
Au
ArlBZsplzEvQeS
cOoHgCeMmE
DzjucmGmeKYdYqs
bixTRew
BfQzMyc
DAVFEF
AN
bmxlWpGqtZRZzZ
CNbyCZ
AhnFVZXVhyuXFcJbZS
AUmZYjwcCLGyxkEF
dgJaDzUcgBydpFLbxWJA
DAOhBDoBDjTftzUY
bikUrDstNsZr
DvMOpuNreZCr
CVw
DnVRKTPYbMi
cIrJThcgep
cFAhoudYDRlnhpQTF
chXEiwiKtIwrgaFCufxd
bHt
bcdtiKUYxJQCpVgn
ChrLuScjXQhsbAaRJtB
AstuMFWwtjDBkiu
ABndPrqMWOwXcaVSfAhD
CMiHXE
AJJHquh
cbPyUO
CWctISpVsiKGtKq
AUkXtyHBMROBaomarpCr
aUUUN
aKoejIjwffMOXJ
Dbism
ChNydSyXJRkipiJf
dasUaKsGGQRgzO
aOLRaVV
dguIDP
cJYybibFihkxUJbuaLf
AfmZuFWNKtXgKHjvPmp
dDiwkYU
aOzUhFCczFNEAz
bEyClRHVmlF
crlhRcGwAwjUSUoAqP
cOXqKUE
bickb
AaYpEovutPLOq
cEBN
dqTZvnO
cSOAWdUkMHoNPMZaNbS
bxHILLCMUAaOq
CgJRUDCpB
AvymfSrmEb
cfuWoFwjcAGXwcGE
COEvZQZaLIhFvO
CRXrgBCzmhVFBzI
AAmPeSI
cyzf
AQpPMqKTsKRtwDzpCp
CQvdN
CMlsnCNINuIbHLeQKav
dJCGyeAW
Dn
bE
AeJLdAWsJx
AZIyXh
csWjSzoS
AkCfoanxeofKeOpnmWhl
BqzWkSQsMu
ctFND
Addg
cZacMneLuDL
DgqXtPPJSsjFKMtP
bWnVKjsSfzeBvxqoDP
D
bleIlrTgrHIfCYrbUWp
AkZuwGLNNzHSVzW
bZ
akdvbQWLL
dcfdrCGaHNvOgrcgOHL
APcStBxFTPCbxJzDNGDE
cARKLuV
BPyVYqMXEe
CSHYwCwPhQbamgmUrX
djSgnikJ
AGSqO
AweXWwFTrDMDcrpKbPSG
dpaDssCyE
dnElGIp
clfirTIoWcuDZbhnjIa
a
CIMspXZNECImoEtnaOD
dggYZjLddfsMjltjm
bK
AmLOR
CmgdukVPKBb
aa
dCjBxUedz
BHiwJS
CmmNsz
cBINvVQcRkxdCpwEwWP
DBaeBgSTnXGXk
buqpR
DidMraBPGSPXRzveuc
aUShtGQeurhPXycvc
btHtNwoUrFcIyKCeTyo
BMuJGByLPzgPumD
AXR
aP
bLcFUdtXDlwMEpqK
CjnzPlVsOaLbRqh
aiswHUtImuhEJrZUdz
aKMJxIqmiE
AOhqI
Cdz
dvoGc
CMAGtjbkNSOhkEWNm
acqdOIrOpm
bsHEJNNfDjy
c
abOykrWZwzmOoCYEdF
CUEBwMkQ
CaqnAmXrmYnOSHjekQM
deRgQueW
d
ALlM
aRdWnJZmtkRCeWgPX
aAixCLpmSfDbSUjEAyF
dkJrXtBMO
bjDPqZpqibaSeJ
DXlhdmwy
cwwUklX
BPTQpzJzIgDackNPl
a
beSZdKuRY
drMuXqdoQIdkjOuj
aFL
BlFREjWIsRLjm
CGoakROZRfniPg
bmTNb
BLRFOFzrjiEafT
CweMpATIL
DcjjMrlWDxXAOdnRprqG
AuyOoNflYR
c
CbPvWZVDj
buWBxalXV
acneMzPV
aYqyOGJgmUdwnLWldj
aEGhaittinyi
CWvGxXf
DBRNpmcWPrFfhaPfI
cAyw
BIQgSp
cWmBieKItwpxCvWOxCKU
bblUjD
dmQDjNNDzUwW
DQxnYIXVYJGOZ
bjdpqSFxg
b
cbAbtlYzhkTgbJLv
bXNn
AXNbGt
DdSpBHRAMcGiTYNCLvG
duyYkynkTkpeUczGeV
cgUO
aQGEBHUcPzzwlfJvbcG
aeljrVbqKgg
cbDHf
Am
bxGryy
DPZciCSOexgafUoctpJ
CEoCgBZcbTP
cF
dUBojdSBeZuukJL
CrPBfQiFnKigzv
bxTFEtiqvSjeoNrTR
CLHUYJ
cwGpQVtwhaAySRf
BxSfHIEtjyFHTwtbx
bOAUccNlIpSUVBYxRjkB
BpGPqQRlPxADCWMTPr
cr
bkpHAEDFXbKyAaw
anmZriJmHKWFqGzd
cgY
BRiwfLLwo
baFpdrvcsmOTU
bcrTaFot
AZdIdholSr
daZDyuFKOPttQiJyGwk
C
AGMvYnMwHFlYPICf
dEtQiqZyoJBwA
bnypZu
BSNfhKnuAAGjCkp
BphrIQohLVUQPpaiPY
CtVYBEmSOmuFcLoLrk
d
bmzJadwI
b
bbeTWtTIB
DeT
cohrhIAcmCfDvyw
aiopBrQp
BGIELlZeH
adgGNMZQJypQUuiPWLo
dfreOjAJALUHMqskbJwd
BjvTQ
adk
CTUDLNHfIsWwztstZd
arAVgeeDhrtS
bv
DBVhrHCpnF
domyUGl
beVsTEakGFORwPkb
adSaeUNQplvjkbWk
DAqkqnUuZa
aRZaMXGdoNZYWXCQZGG
BSUvlMxCApIioQlHx
aM
cvmlRXqUe
dQfLGtr
DhuPxAkF
cyVhNq
DjCEb
dsJNXXBseTnhRyBfXos
CdECP
DkQPWxEUwy
cZrDdCKCwhTwCcju
cIBKJLWZac
aSHYRjJraeuNXYP
DuNKanmaOToKiaMjyi
A
cYyWildRtnrrytr
DFAjTlYwbTEVoXzAh
aCbD
DgVT
CAGnGmLrPw
agXmXoNumJBskjw
CwwWEChjUSUa
DeGGIqiIHG
ClxrDUeKrWsUGgHo
C
BqIZTUQOz
dBfmporSFyZjCWU
bzEmAUzOspt
CTMYEPc
cjeiEZ
dzhhWYpQ
DkjuP
BHNdjmsQ
bhYayTogASnTUF
DuEBayz
aQoRmqqIdbffFIOBz
dGKaTMi
D
Dl
bTyXXOulRvVmZlHPl
AAmmaJJienBn
AXYPKzTffxacdWxxF
d
dhX
dLecPcAINg
bTKHtOxKoUkNuifDa
aeasBqkMHOL
dZKBu
CWz
bhyu
CzN
BfxSKJaEWM
BhTsaYB
bNKabTBKEqgEUrmuXn
agXvqyyS
BrKOYY
bukiexx
aaFambhcsFssIqZpe
bhCVCpkbHguWAg
AVTiyJQ
cHoCFBxatZhpTkIxfTE
ctiHM
DtPGSE
azX
bgyHBOKqulCWeb
bIHmZmwNIoTRZMytif
Bqs
aTAirIxoutQcLNGHCW
DajcL
BpuvtsfhMVDWU
ddvGic
CkfdINnnl
AVlzNLW
AbKkIYIujrJADycENTCH
BkLHaYJ
dQkYcAziSUHweTr
AD
cFOHwvLXWaJ
bAsLVReVW
BVKFRKhvPMDtiwshZjR
CwlUqeZwgGiAbRW
dPb
dTzITTLaTFvfu
Bw
AFo
doxZvfLDmyDPSJ
ceIsZIntAtCk
DqQsGJzxPhA
BINhuRQQAEe
dqVz
AemmLJAmYsGpwur
cLrAxnisTXzgXXWBNw
Bvi
BEQmsOqhSOPoazVQ
bFEmQysHY
bTSODpXQgey
adIwEMsxqWEoch
CoB
bzhHKScrrhXbuWFDNGeC
DvZELSBheYNSYOREd
cICKSeruVncXsIsR
BDxmfczIkiodv
DnxYnnpe
ckCgGusPRMBWa
dkboQNZGNNlrl
aPkpRvkzizoo
DqhPMRougkhNfGVmHMB
BMirsmzLmXg
DMQrvdJIkZXxRibWlS
ALvdJWSBOZtvCandCna
dBeZALhUejWxhyOtT
cZgHUQ
dvKBh
DIzFEZVO
DWrHWpDOnpDXiJJ
B
DkrmByWZGfWXZ
CwexhLKePnjVqhOQPp
aOcjDix
bp
bsSreTsZPOUBtvQq
BxYbtzhK
cOYTJALA
CIHwskZEspcIgiKK
D
CxDJBDEDSC
aNtxtzsf
dVllQfXP
c
CpeMIHmWE
CwDGciHmclheruJjjG
cLaUqOpIyLeqJyS
AXYaPdeBVSE
aNgnlEN
chfrOVbgi
dlAqmQ
aetrAiD
dQzSWrYC
bw
boNEgzCrPs
AFftbGgwKBwvj
DmSQq
dJ
c
blgNDhRiFGspziMjW
BwLTCafb
BoZEWvXG
Dfg
CofPmBf
CAqGC
CZKXEVnxL
bOvhepmZysRz
CTgLDB
cgDhcrflf
BByaKLBDvqSe
d
DOdhi
Bimlpaq
Clfh
CtFMoRQpNpY
cMyi
bhNjAJGERTZgFCckyRV
cJhfTtfWx
aScFboC
DLmPaHEDk
BaoVJyy
AURhBkYEis
BfdiVdQaRKqmjFVqak
DJDLxRrHzlUkHOQX
BSZkuMYV
awxcCDeE
BVx
aAXMqhZYUEooARCJhLf
dzxLJQJUINWMO
C
cC
asAjdTP
AFuSJCdZnXTu
dzjaurcvxke
CZhS
dvJuLk
Ayv
BRro
BrJB
aLrAwuqItPoEJYXdOuVK
dVShF
AzxrAelJKENKbQMYwngC
BoTlrduJlWQulhmbvVBK
dQOlZsgKCXOPX
BvIQRalQgDHRejN
BmQvHIFm
DEojIYFLh
CdZzFyRWebZkzHtojSct
bFuockxb
AtQIofEXpqEk
CHrXbdgGUoxrdPYhav
aqLWvlXngOIiMawIW
BWihTOnHICtDxJZ
aORWDYvrtuhop
bqFikzKLuqI
BvgKi
cnNiymbzODU
aewtQFLaqpAImkIXlzmD
bNxWvgWZxnN
afjTvxGOAOHSLFD
ANndu
AxWTgsvbNjFLtJTXkNJh
BPAWfl
BMzKfVfBYpLXunpUTDp
bquqEUCigflahH
dAqZkgfg
bYYcJw
DMSK
cxUqwYPzHSY
ABtJazORIx
a
AhWu
BndFugZL
bvie
cGXSgx
AtduezBkg
dhpSuePYMwfmapNkoi
ajsVbcxg
CycyqkT
DpU
c
ddbauUUImwLIF
cWGJaOTRyv
AwJYPALAXN
AGWUEidIRJjPaz
BOlBtSBgTCbEOrNnb
C
dlpvhTUxYbsXMII
amQbYoznXBzPuB
aF
DaqTRZQcgxlblpwgFsb
coZqaipvjRyMYe
dvwS
AKpcwisYYooybN
a
dEhke
AOSYUCOgoXCwfJ
cHviFildCn
CUDx
BOi
apRktRTFWvvZK
DNJdPjYXbPCrHDS
dOiiMPQSNa
b
Bh
dm
Bp
BKZXrt
cgPsMvPVPjKCLqhZq
dmuAnRYubhiKs
CpAwJUTCQJSCvwv
cjLdynhdcQvZ
awlTgFvlJBtzgzHQzvWn
cKVzVMczkNxw
aoZmyzxEvw
dAlrHjyKhLJSFZC
cT
DjnLNPb
AFCsVqYgffPgBl
AZiKBpO
DusqLLOVEpCnrlpH
bNtXIURnFJAvRV
aSpvUaNEQSI
CFdRdwuwuKxMQoYO
cSjUJgSLjjFfEBzboMWC
BLYNruvfmEgP
A
bvDnEg
DZMpa
bWQ
AhbuTr
DhslDkHljMRRcQYfmu
atYHOeNlKFsrFZV
bBKctIkBYyzm
cZksjVVEDKdi
C
ASpyTNBiKqPod
cdVikFUpR
DSrPpQjqniZlL
dLJPJdGsDYRQdpnK
CzlRg
DIVjBAsa
CiwBwHybK
CyusqUYuKKmCrWBx
BacVHvqtYXHnGIzZuD
bcOy
DhDkjqy
baqzpVcX
bEKRIuYfWEBklLTPdR
cbBaSdOefrbQwZP
bKmcmucFAhrSCf
B
CVBVby
dmJTHxNVZj
DsxqAGwkmtt
CsbAyQsAMkbWQDJlDO
cPyolGgwBawjl
BbYahKLQqjh
AkihkmYzXbpAsOD
aoiDZAQr
DYE
cPBjq
BrJpmVmIS
cFgRNaWjInv
AcYzoIf
bMoHGObuuxuQ
D
BQSH
CtjCajFivruMYc
awjkYpQmWrTnCMW
aRCrcThazG
bGlQPCFXFCncUyc
Cqh
AXMbvolYNSxoGejlzpx
aEso
ceXiZoUZwlWGw
anZzDvKtkYbaTYJaI
BkeuupfG
AwvlG
AQT
dyITziTklNpktDGn
cXDaZQVmsSypCsMKn
aVL
CSGTrSIoqulySAF
CCvucfVKCnvUjf
ckoZuuvppcUOehBCHxMJ
DEvuldvP
cAVJhiHZfzydGTVs
CnLcD
CVLQRJYdB
CUcX
DFPLEzmpNuVeorTvNL
B
dcDnXfoEBcub
C
AVtMUpJhuinQNy
bjSDxIkxZs
BmpVbGyMZAFV
aPYM
Aw
dE
aZUDIeLyYiZFWWEKyMe
bhzNBieSGgsszFHF
cFWQkjtJjkbxo
AGxMerNxxBWyq
ACQFTfpSePwkJNk
b
C
bAigdLpJjsbeZLd
bAoGEstuZtUMgYrf
dQNF
AeT
CyWY
BzDydKleorDcRpvGhpn
bcswv
bGeybXq
CvOwPdGANiuT
bkplOMuWe
aE
CNSAfSrSjBlslN
CdXzYdmVeJvhG
ACHTYWxkDWvHd
CyBmRhaFgG
CJaVOSIit
DPMuDbdsFJDGaHA
dQVUxJSdmHjafQLh
AecKoNB
bVzpbdHSlhdDRi
chSDJhXjVZqzEaiBc
cvegSgE
CPKcrJrnpPugac
DvirYimwmIX
dFjUYCO
bcUNgYlIDLY
cujoNPiTNAhSPbhtkP
d
cAmsXUkvURQFDr
AjehpcvdEhoTq
AHZjJiGZhLfYHqSVUoqa
BMNfbEliLcRIlDg
CckjQwle
BNyGVrMbfoUamXZMe
CGWBoIkFQrQfXvWIL
DdzBwfGX
CnFyq
DnRuVcxfhUSbD
cF
DkySRe
CesUlzh
DEQLrGOSUENqIg
bYtTDkTsKFe
CAhYBhMmf
bnSrY
cJiwzFIQmwXJPy
aGFvnF
cFXrMKCcDfRFKloh
cyaNiIMLXaWlxji
aKRMDNsGHJBYa
dctDOULtI
cqqBjwGkWolLhgneye
CMiXOQxmNxo
ckgzkQYAaoeDznURV
BcirSftKApClSP
CPDseYgSIiN
DZEOwjdtfTPq
B
afyHSEdrnPlnasCy
Drfd
BvzCTiTiwk
CwXVugYrMallzuHwM
B
CNC
bYcqqS
CVilJyDudgTxGncEUSzL
CulnWUlWlf
AODA
BIrXjfKp
AkvtMpcMtLKcOZ
AOCqySFKsUI
BxtuWbxXqeWExP
DGLMSXDCQgsBRmrti
bBnuGXvAZYJN
ceu
B
B
adOocYfSkKWtCnUZD
CJLISetdzEfBvc
BmkdskdlExq
dstttLhT
BLOGBFKtXA
ChMhmuC
BZfgoyRw
AoKykTCfcbSsQEVcGUSb
aZw
CjzvTkcINvHFYYtvZS
dnNOkMwKMCmD
aWTnyvuKbawmDVYL
bIq
ATIGM
BsPgJnHkJzlu
DLalFKPXOXDcTP
aXhGyxTapfxjcntysn
BEFocMstfO
cAlHiPmExT
AUkIqHb
AmbbiL
AkvufS
BHJcosmjFHnjvT
cvLMMUDxewsqjDiTIc
C
DFUmz
A
AzZSOFtAaZfeMeDdY
dYuarpFPB
BEdLdhBhHgqrwdGRa
BPkwkWk
BavBGjHNdtGGj
DLyQBwhEyOrYhUvKt
BOnkvafwa
DoKrQxLdLEC
dpdQWLCYYr
AdwumzHxxftSTJaBBd
cL
C
cRFJHUtsCnxDN
actWYZSVokzUfZyHmkI
CDYjiKc
bIzJAiujHOgR
bdbcOUmwczFznXDMu
aspaGZW
AN
AnONrSorOOPArJEWi
BxqKoDNs
CgabjIMkHxPPAQFt
bRCdhpKV
BdWDExjEDWiMWbQ
bKKMqOokPQr
DlQJHcdzCuh
d
AQYEfLJisUJvrqC
CkIl
BamdummXhVb
aKP
dWBVGXhxetFCOOtoW
Dm
AChiauDPmIRqZ
aZkIiPZYPfILZYFx
DIwEAx
bksUsJQHSwd
bjmuvQEPocqlEHF
dZHOCNkdskY
dKthGHmx
AI
bY
asg
cQsCijKUij
DnZepJxatB
dtAOuOheZfrJIVMY
dTxwlrjJTOLDUOFY
BeVu
cwLFkOT
dHehbk
bU
bgZ
aDjdyCP
dBMMmKKSLsibcjrBUs
B
CuCKpmrdmqVsGGLxwY
CZD
BXpisOZmtbtwLfpp
ccSf
cZcCsOLWGHNhYSiWsMA
cBlbsATvssqXtsg
AqwrlSe
cvLonoNzkGcaIW
CDsDERs
BpEkrrsowejT
CyKj
duanAdDnaTVPGJ
AvlyyxEWKwazK
AfOyPcOFIEnGnWR
BvRtWFKSNEuQH
bDdnMk
DeeUOACqqIGI
AFWGDoTuW
AZbGrSD
duYCAJAZZMSZdqw
BkYhKRzChBako
DUk
B
aFxkj
C
ctUedMVTVNuMS
DTlDjTJiuy
dGVqfBeLifcZHmU
BUyRyiQIuwhWUTRqQZB
cO
cqOTalGhw
BynJeNnXdijSTr
ckykmbBUnxRFwQhgF
dANNlpCuLeqWwpkXH
FEfonndTKHJgKPSRaK
FsFYJQBSatHfgEcQ
htmwoHyPWS
G
gs
eGAGFtmnxSmL
hdWgHsHHsAZkKxGGt
f
GkmdPj
hYU
GTFCBSyYcq
hthyTzqRYGKNEqhEwZ
EDbA
e
EmOkgNMz
HAwxOAOHDP
GerSo
eRjSMPZClrCIod
F
FPRoaBnxAO
grxDEBq
HBaXFzzGBYEUP
gXBUrZEeuBKNQP
HlySzVKzV
glRMpNGpjEy
ELJHm
fQnoyPbeoJEp
eYqTmEbhtm
Em
gzgw
esnJdgQxp
ewYcetZNuzor
FKZBVcKAhU
GPBBpdEpUmXoeiltR
efQUf
EuWaLfZpKuESvU
GXkgBatssFoJzgBkGt
EQIDRvUfi
EdrXVjX
hPbXkIlfVGkzp
fvJffSxGdwZznwhDOdo
EACVNmAXAEHAsq
FqwYtXoyxcsCuoAZF
ErgPuH
ElWETdlAlSfXRRg
ELbfNcSVHo
ELuWHZjVUatXSYw
GrsA
fuYKlmiE
gtcKBxnilojnQDS
HZwEEnrxLFrd
htVkL
FlMGZVNhf
gbhXPpgdTAPfAkZIjH
eiudMiSit
hUmYEjbBuEWDVFdE
gbIpDmucllBvQfpos
enNecxQTVRXnXfu
gXYkqPPmt
HhLc
fIBgXHMjuWHwOqwBg
FtHGVrmBXBuFF
HObmPDpF
fSNQHbZLo
fbOAJCOKpUqjsVAn
FiOv
gtCK
GaEmuIcmvQFzamA
HDzExZLWqAMQfG
GnncLMPGSCVmIEpuz
HllAKgCcZLhEpGqrrLuO
FomoVaPbQzpVdTIuA
GhWeXrlgZfoBzD
fRGoSXdWaMQi
GDeWNUdRscriNfjhl
FdtWHqsNZmq
gQvZLDjeODuhdXPa
Eb
hAJvaKgBarh
gKfYLtWUfdWXoyPm
eUx
FiJwNPOTnofCibA
HWFvlWwBIpQNO
HpwRtRdaxkdM
gY
eCDRvxjrNASI
GmnZtCjOhgUCYMzTbZKQ
FRfjOixWX
EjfxbVIJzEzjal
G
FBuKwHzpGxFFrhqmjN
GGpuGubQoxfwqp
HDhtpzHhcudTQPI
fkVtKjWPdNCiXsYk
e
EFHxlhhR
FydJXckwqxNIfyrS
fPRZmPrsE
EctRWd
GiwYmnfFP
EsMIKdGqfBjtjVbsrGN
GjqNOiUspJgIpgoTRj
fFHHzGwtaeMFNSwealv
hyhqQ
eVb
eUredNHEoaGlzl
gRyfvjenVfqqMIVCnig
FVeDFsOYmIABq
hYhLxMqcsf
hwJ
FVfAUmOilrwjfQVL
HIRcbdnEm
edQfDskBG
FfR
eRhOx
hbz
gepseBjyHuGCwIyPi
EfzFubVksuKtKutrTKy
FFklERrwKtkZBYd
HmK
GKhpYkAj
EbGCYfYONJ
fXhqpiKZMLdXRPt
hmOeIWd
frDFtAZsM
fufrgbiXT
EUwOJqTYsx
ewjYjNVDw
fZEWFocLxhSjRHwGtgZ
emNHTTwpqMOYdAHanjL
GgsgXLmMAgBFAzhQ
HznYSAHkQSwoJq
eohDToEQVhjnlcBkqnMY
FvkjjPeqSOljxwVCpn
eRFhLUXVn
gYQFxnyXtKkhgB
e
eQPP
HbyENhL
EtCikqPNfBVV
F
HLJBQCKboIrJbgwaudFn
EGmqvDzXPnt
Fp
erEdhzBL
guTyqBUTBAvVCCCHJPIH
EkMlC
eZUKsvYSeH
hEYiTqYkvuULAPNgBxI
EcUBcSNGUTPOzTmr
Gc
eXTFpuqgZtTYwLcT
GOHEaFk
hlleWcDRFKK
FdUTbW
HXBwHCotGWYQzNbyll
HtEnrdD
FRXJschJD
gjbi
FAZmBluqWSLuYmQxkl
eWwliHSotr
GGkmXUTOLosRWxpqVp
e
GNGkZIJRiEy
ghdH
GGeEUNagaRUFhoomDf
hIEe
HwsVOiyNjEjxWm
hYDHEPaoRziVx
fqWuWwUgtyxwM
Fsih
gicEi
G
E
GyltjQVHQRAlJAnPbN
gvZqYDYMxxr
hmwoiLbfDu
GMICNVsKAYGNkmDu
gxtCCJXwBSDdkADbAjv
gPAGDODQMvoMhUtxifJL
FZWCNOMCjF
GUv
e
fztCcIeMnH
HoXnkCTuBFPeDD
gqfJDoc
hDEzrkubVhOuOg
fVwYrLDEHE
ElcPCjzmlqyKiZiazAw
HZs
HVU
hHayd
FmgjtFcXa
ERWDrBfdAPURSDb
EvjBAQmnsmLfG
HkblSjqhEssJOIsdqtYW
fBSckFowZB
FicCnWu
GABAZYnMHXplCl
f
HsfoxILbJQ
GMyUsnnCvynUaTdt
fhVzrGJD
fVxwbzRNunnrZ
HguuBrXYwmzMvyTeGMRo
FRRIsgTUcIdaxhRCw
gXAiRNmBqey
GnxOtQ
gPUNNUTTSoVsOySK
EtjqVkvazeARlLpitRqQ
EFXweptesZhJPUQPSaC
GAYgafTghncRMv
Hv
FuQmneAgo
hJQzwVaBUOMDbEy
hoNbvvNj
GFJPlaRzwYDAsiTnG
fTdXfihpFrqBdBw
GRMD
ghYjkXlYqjQvSD
FkvRKuJY
fbjviezXHt
GvKtvONWtw
fwb
EDXkgCDLoIVHTOnp
HqPxznYj
hikgrsSZLu
hsGO
FNBcgq
gRkZuxkfTBvJuiEvdZk
HEafQwNuoNydHifDzMG
HvyKV
GXhgXch
Hx
faMcOsmAg
FsYsWYmyBzzRWWwzcSWP
HZZG
HlfSOEhyMenvc
hhyYwqbrIZpuWeH
fPW
fGnqvlLAcbJM
eLtwo
g
FLnmYRNKoMqrLtteydkS
goeLASWVeQmMDTg
HzEuILn
fgAJyuSCRLWvRsVzzi
FLnrXRMIstLH
ergMjAqidIuFmGQEv
EmetbCHFZKMFibFW
gWJO
GoYSjz
GZiLYHtGjiKwMTCwtrF
erzytSODcMT
eGySBiVrNTntXKN
G
EbqhoMTdvkhQSADucwaM
GCeyjHGWvMeEJilwLxhv
FbYHIoorHxWkRA
H
fJBJ
hWQLoxUxHXZZxeYnzDDo
FwrKwKeV
hUQLAwRnmkKGVZBlcL
FMpNEkLVwMCMAGtgDH
e
fAirVKdkyVMvTSnCMYs
ghPAczsoaVpqgPwP
FZTXGlihzwGQcuD
fpIukAqPNTaJOYbFWB
hZFumORkYBOUCzhVEyO
FbaZoBwGC
fcAOUCJiUVMHtH
EeJAjXXNxXdFrd
HQFGRlRzsICMBxQNyg
hLPCIQdx
GWuGcZXGVOMBHjDFbaM
fTeHfSQLux
EeEMhBbRl
Fo
Ecf
gUNkUTMPt
fmfPc
GIHKPvXJwvKgRSfoDA
HXNDmCPjph
GiZsBcIKzl
HObTaudJINA
GUYfVW
erhycWntMhQ
gHsIJWVR
HBvOF
FaQijMKgfoSFCGq
gWjvCc
HFDMbVuXPYxwYmNVMBoy
ERQu
GDuIaBzivzWsnnlHU
F
hLrOrexcgafkWyClXzJ
HuGLJbLPrtnfooq
EDzJjq
GOGaMmXYqB
GPMkZIoFM
H
GZmJgOZYDIbktOSe
fBqsrwhSDFgrn
hlsoIaE
fxtzqMfHSuuo
gbZsjWOkXJRslhcTL
GmIaEhuNYVkEKNTxp
fHjBmeaKoBrsQXxIc
GZcBrdYFGZq
gCOmHCkUXDiQz
hRgOsOTfERnyGqTYxp
HAxPzFOuKjzQhLBIRC
EivJBorFrm
Gz
fTKlAc
gWlENDPn
eNn
fk
g
eviIvcDEjgZFjxmWeF
GimlLDyJ
FlLqNrq
EpGLWsvIGdwG
ElxgXZWMS
FgKKCqSYtIGVJtwwEGgl
GH
FXigvNCFbrVMzhXRuNu
gCsC
eUgwwDwChoSEpKsMAc
EuCDrqEveMdrMBnlzo
fB
fBba
fDmJhdfnPkqRqiZUnjLD
GxFiuVnAjtVIlhMZUniG
GCKlikc
gWQOI
h
ELUcxXMkG
fwo
GMtAeTHFp
hymVMgTttNeFYzhTg
gPJgA
HbtsNq
gfSbC
EaibVbeRAZCNNAuHtm
hGAJuiK
FvuuadQFOjLxrUmb
HcERomDwDsBzJ
eMoknLZpoK
hjgSViBhUbycgw
HRlSlgKiuWYT
FAJbrrbhw
hW
EoCDTINO
hDmV
GvX
gCzt
ftLeFE
HNhyousRYbBuMuudV
fCyqHy
GmPayei
FEJhzPdLywKIdSP
fOtNv
fYCy
HrwcKvO
HYWW
gncuFUYvTMcNxhthcPa
gPPXdgmYEDRh
EbVNoEMdjLN
gNwWwh
FmEtXXzqoBhfEmBk
hizPZOkVnfGz
gICzLchNNHbzeQHzn
geadGKYwBiI
HQyhQUjjsVv
HnevYBGvcrQU
eUzWaTbAHDYK
HGcaWcHMMVJ
HHUWBaCf
GOmBZ
fwigeUkduyk
ePRqsIsoxWfTvncZGuQ
HJNeEDcSdaEKm
fqCkUIqTuoO
HxlafOlzVDa
gigRxTxTAqczGRrc
HreUbmZKBa
hxbxlQcLSRWlfJyN
gINiHRDt
hrlEixABsFOOpVHN
HYWmVFBELe
HlYvMwkzDdPnCCUVM
eHHZ
fzauNKFP
FEfHJQywquOtY
eO
HiVjHulilUgwrMsTgbaf
ET
GAuZDzTVfv
GjxCiDUcFQriQRDIc
FXvLxDwiKRvQTozP
fJfYXlsdMKCsaHOJH
fbovTnHhZZqb
h
eAFOiiURFdpysAmRuCXk
Furtd
eYsKRnejyDBxvGCEVaf
fqEJyzpDOgD
GhnxEnQJCLAXzmLuqYzr
EJJjphZOstXhka
HcPQB
GpD
gjzYBxmmGq
HShhUrMRe
hfJWuZAYAScfTWTXVzC
EroKPQIoaBZp
FTbGlTQkzZT
hXFsWRPNpjNsZsqgcj
EIpvoCZtIQsRDcE
GcJ
eWTTBYWQ
G
F
GLGQmcELIQQXYOIWn
geeoUZLa
hMdSeMwUDKgLdJa
HqoNo
gDXAGNWfedmzdvZtV
FBNiPaKeSOTf
fOSmwTQ
gXvUDCtxnAhFAjI
HDkcPKBUmdUzaUNXKwXC
gV
hsxEJolrvYxzcyIxlCYm
ficcoFoIPYLam
eDgNAuoRsSXW
GylEoY
hIsXlBssA
GoYs
ecsHUTxdAKrcksH
eSuE
FHBixQsoFU
gc
gegSwyRzcZ
hFNvZCg
EQDzqQSwzqRWZcvrJ
HtCwGClZvXrsEWktVaA
GFSUl
Gjui
EaWthlvoOIlW
EiwPNChadvmtKHEKA
H
fmRkpgWEbvM
FPbAxrmZmzK
FS
eDz
HfDjILAUEaUdW
GwAwFnaZRjanLzb
HE
foQDvwzHweIdVGlQ
eJ
FV
hYaKXLNn
eHmzageb
HJtmSRvlBtKxI
GmIc
eZDJKjDhrEusopXFX
gaaUXlXaLIfGgWrrddfD
ENwaJsShKndbkIZ
fwRIDJsD
EBFZbzeEuBPKISSLUdM
EESMGuugAXRtLtW
FMaStxqIBQlGe
fUNHiaOluraHOGBG
hEYhxyRVJY
HmSmJlaFJcCtij
FazVivlkZNjufQISKBWU
E
fcUfsylpNj
FgyvI
gbtrZahpyxyYrUtcfEK
EJ
HtgOawoOoflkvcDmGmpb
gLnzCk
f
HCoInPsXq
GhAOpRCJek
hyx
FUNnngLnKYcRIYm
eWmjUpSrLOHAGPMR
HYzIN
HCVwzRVKOoB
HfMDZgfhGqIJFGFhAG
hFsJztte
gSPgo
HRvXUoY
hKMGOaLrgMtRtqFNyCK
EDIIEEarHYzxgD
hvGktVsYMpwsEZ
FCCwQQDbIAsuKOO
HXHbNSniGfl
glJXN
GRFGUpnbcJr
ELBnuKoQUQheaa
eeQQjuTxvxkdZbn
FLeiZcCNteMU
HQW
ETcVBraaYcPriaEA
gNnrBqNeJWkM
GDyyGPAvu
EhYq
fTiYHe
fSRwLM
FuPgRwTZtMQA
HAvwWyusRHzVZbP
FEPo
ebJoKrLXWVQpaqBnx
FSbTWq
gvBTLjvhN
HMgELfkcOUhcyWExfj
HAHVzKkQdIXMpkCe
FeXIRMWhvmTGwoBW
HOGWxIHHyTzurjovd
GyZascSKFX
gORIAGm
FGneIEYeRjctgYJL
hOpdXOBdI
GsMH
emAWcdEdgM
eWkfWKRtkOxNa
FyRQyoXSLKzErqMDvBp
fJP
eyGDVrHLXbpEpb
gYqMKiHCgdtevepn
e
GyggZSXv
EYeHXGlcEpamPka
EIyMWGVWOwrRKqWBqH
GXku
giWwMGDqkklJcOr
g
GqhjqQGGZS
ga
GxrgfQexWJYlJZGV
gV
Gq
eJeQ
HnUdNSaw
hdzTc
fEzmDFzwkjTEmeHQ
erfbwLcKrRHegG
hJCgkwDD
HcOiUuSrtNkObTf
htjvUMFCqrEeKBlxUU
GKSrvhhXUeQsBM
EpRCUOfVlLmfajUYutr
EIobIeDQNvdXncDxu
HcYpad
HxORiWCm
FDhIHAvgyypuFEop
Hg
HHewYSkozQnT
GPUpRVJpWMIaNP
ejHyygemVPOpTGtge
hNLrCsDOGls
EOEdeIiPOtjOdbYXw
GAqkZmpyVMqHLxG
euJAkXxxniUXLjmraCO
Hewaew
HIhzepJTssvBSmmKBKz
gjaCvXKKADFsV
FyskrD
fAHfb
fqxGPROhdOhus
Hsybs
ggdrTlamxEZcWNiHgHVH
eabfyydj
GSwdTqUErum
HuWDdvwhKfqszV
FDfmIuaHHXyjeku
hwtWOs
FkxgZtDj
efPG
GhzhteYdLqAndtw
EpX
GEKpvUqOORBcJPsCRdIs
EmlURTyuglZw
hTJswUUHimXZt
faPpXAstBHvA
ehzoiysqkaYyaZsBEy
hjchmkVSk
fVVujOScPZ
hLDNoMxGXDTL
FVhPyOCSU
faQTSPrhWGtT
hFqGFtgAfVMY
gDtfgdm
hYGjciwPyuM
fL
FWlmMEvyaYrZfaQiSiUS
EPZXImrEAZMNfKgdBbJp
foJPkDGXCFUUoxc
giGcxTmrTZhzUaVeVh
hobvCDYtTegBIf
fLLa
elxENCrxtkoEXgATrMI
HfOsmKfwsNfVrnbIfoVe
FjvEZQASYdkroKSz
fpbEOYJUCJj
fUyJ
HYn
HflKcYdRywAgkYBxUqf
HXZhGSOmaiKe
fdarjwyrwZZMnUEQb
HJpoEfXHSKdEpDNB
FFZkVTLLSeq
eIoiJ
ePpqeajpeUzRB
eSfzgRPyHIGBDhq
HloAzlhYKxhon
eGaAG
G
EkmRzOOnFLJMAEN
evyL
gqgKvkOzAua
FaMBSOXynRhFyc
HbLNrOLcMOwV
EzRoDCNDZmwFhIIHku
FfCoxqDAltTVAYBD
HWCAzCgfBKQUWkxNsEXS
hKHhnBpUmisNiS
ExraPtZGxIST
Ehfdsf
EnnTTk
EKWBuhiFcCBxTHzmBnI
gbtKelxOp
fOFGKSAvppzEkWUP
EYUwnrkameZmLdyM
hJaHZqfQVHdZV
Hpn
ewuPpxJXiNWsIXuDMX
gvPUbYbscfAP
HNVDEfjasnIYblKjW
HGxh
huGBKceLJfrGjNtPYR
EmukKyGrKCvqNwtdnei
EFbBKdjHeLcoHsCMerWA
fMCcggfWbElEEAqyEvH
HOVvnSnVLDgAVJJEr
EMsCcSdBXLGaTeEX
EFmgdZChFOZBzTrI
EZmFePlzGeNz
EkfQHCFLVTviOxYkGWYk
HZeCLMFiLountwHKe
hbLQaiwbHLxjmKID
hngwtLHeZqobZPbJ
fOdGcLQIx
ezgiJxVvfZUZWugcAY
gErrMifOOEkXBa
EC
FFTeCLXTMqguG
GMJZy
gdnoURTUU
grJne
GWohAod
GUHwQbSGaNPt
ealvCLPvVpnZ
FExEdCidPbQVALSoR
G
FIoz
eDzCtpcHGBpirOaT
gYLAiDW
horxfELfcjscWxim
ek
huXESNZSzaOpG
F
fFthFrWJHoWcrzROUhVT
hZjEXumBZIxSCuZ
eWoZe
eJHlPTjr
FvHhNtWxmKidyCol
GYnrNrHDhNUnkHMBIxTT
HRafXZEmUdZnhzlWbeSM
HNDWJmsgrKmNw
GhzTNquyVZ
E
fgqUn
GIk
HRnCNJmMM
eCszPCUBFnDHYp
gQ
fMNatwkGgsJQdYNKhgf
GUIUHBRjshVCvTJ
GnLzGFZ
HzvqpsFzsHzyX
GcBjW
fXURfvpFX
GwZdfjJbj
E
HXbonwvZrIz
hCPuoMYVmHrKpUXIM
EqaODCdlfBJDCVDaf
FbxAlZcD
gcMaVMcUmtjUv
gItqOiuelFzaDuhPim
FcJHMfp
FsqCdsr
eCyEVuZwkkP
H
HHRiGbSLfcYEEQFZhN
GdFAgvInGzeRDwAYvO
GU
Haw
gPwcpaVxuA
FpApzk
eiaZ
gv
EIxD
HDQHlePmmAuqzbMbBlon
erEkmMd
EABGeMzMXTzFJ
EXsjVDzFTiJAPTtevJ
HzuCLGW
HFSVPUTlJ
eybaHOSHwXEL
EvSjFNA
EjYjHOtRPNpuXqvbl
ghNLPOjymEpqIQIWX
ECTjbNHbuUWwYgOtclX
fSi
Gfmf
GLeLjYyUjwgNv
flY
hasBboNO
FTjmF
FSCnhtOrJyHJZQGyy
h
ebkSsDiDlnUHgJvfuO
HZNUltxzC
eXpQFZJMDzFYBumqh
hYxHyx
GkMV
ESXFsnMNHDF
hixvjXLTtkGrriop
FIPTJOFVMOpCteTIQh
evhzicqc
EUsh
FpnVSDjfXuKTik
ehO
GCJbMojpvOhVLV
fOsEpaqyzNV
EtpnJesBYtIFXxo
HOZUKFwSbFh
EyA
Fgbiy
hMESNdaXakpNlDx
eLrKindeXOdvW
eIgFBRQkVGi
GPTw
Gu
EUq
hMRjZa
hNbpICQqgAIdV
GDMJQxMLQCg
esauWMmCTUVnk
hgZXuhOMWTCT
HagjFzV
hwnXglaZWMZaNWPljMr
gsqyQnmTtcNm
Gr
fJCXCQvTrTEprACeZAa
EOqjifoLNMJWb
EMWSgVdXlhGTntBjgL
gILkpYHjFVWrHL
gkRcfGjlXBtoVHnSU
FBdwFafnUVDWvXJ
ejlEGFruDWnTbNgtNSXb
HkcQOh
FBafzNUNCxmFt
For
FfZRrrkDMsekVfX
Ejd
HtndfEADQXRQhxNZQd
Gbx
futnnLliAYu
LcLrlGwTbz
jzVVdOTaXufup
kECV
JbQMwMctSrxfjLtOzoFO
IIQClBlNqQcbb
Jnahvtu
lBsrora
KSbhebQjwwYWyaz
KTNRYQHRYiJl
iCaai
ICRssyMs
JbBAhdeMjrXJP
jMCpbXOXMi
K
JedzdiBOwQ
joW
JdfMvR
jxDglvnmFyIFzb
LEvEuVNONTBjAagS
jtKjWkNSRiLKOCbC
IOFfdWXeuJbmanYTgkS
IxnlMx
I
kBvSKWxlrexNwPWLK
KQDUcZPooFVYPicYZwZh
iY
JG
KDVikpu
jvTK
jqWWBeZa
KxqxYoZxGdl
kRtiNfKWSUwkavkH
jxfhxg
LWvXOjTtXFNZcUfqJ
kBapNRcbBzUvwlUxcZC
JQNbHnPDPmChjeazzFHJ
K
JofbBjpyoJaiVtXIBKt
jdKnFvlV
KZMnDjHfyAKCQGZDYA
LbP
jCHKXV
LZGhjQLfWxTHdRynXW
IG
l
lGXuyuiZynAo
KWXcOMzKsMHeuGnyLtC
iUuQnBCbrRHuuK
iZOU
JTXZeVZjeCctPs
JpzpsmSiSh
lVVIOFblyg
lUkIxYYniLeocAhmvxw
izvCGJk
KuEQxgthdrOw
izjEfyWxpjOOUdRr
kZJstleEt
kpwFVfDTyLXJueNYqLU
iNNqT
ju
LclzYOU
iMTARkrdkkEF
LpVGgOHbwuEHmoYdk
jeZ
ibdlMXdwnAD
irGwzRqlM
JbvTRSTB
J
JLswymC
JpOlXxbm
kAFoxbguaK
JhjNFSdFqtmOsnOxC
lpu
ITXotNiHjfbhq
k
JyXQgtEZUMZOFS
KTpqZwJnqZwX
KPlVkPVv
KPxIzWVrJ
JBFLDEroCDRthqJCv
LPSOZh
L
KKJFjZtVXHbvyLp
iYzhuXLyBQzwqViBgyuE
lWFsjCoYE
LjTQBSjFSjPmQdA
lt
jSdBbJPpcqINkcCrrpB
LrJCUOuFhyeOZG
igwIpPRHEQYZS
L
lfhVxmFXUcRQvIglOa
KIgH
KmaGpebmavGEFpUPAFv
i
LyyOfldkvDSsE
kXJMsAvnvYGjGaGe
KxfKrRKNyNU
iJYtEQjkWRupLiE
jpdfIANBXkWnlYxSf
iovEEF
jsDNRSJDjTnMTPRG
LpMdUSkFciFneQlAf
LGHReIcV
kEhdioexcWdPYpKMFQRD
LaFZRAbxTtkvnaPMtH
jvbwgQnKoYgBhN
iPHOCBJKVDHhFwnqy
kZXRzzmazKOgQQ
K
ionVocGxPKCUoHji
LlAfGAEwAgC
I
IWRDZFMKK
IdScRs
i
JSFLtBWMasyKEM
I
jKIX
jkGQff
IyWINWbYVoBoPdNpW
kve
lobOkl
ihSib
KDrsVrzfva
IFzQ
laeMB
JBvnmGkPaoXPFA
l
JvJZPTz
ifsFxn
KstyLVPdDr
JxaJDhJENvBNlGKpqOcY
iNhYzziypTgebaZfLUY
KQTWzu
JfioCZ
JsGnKrCxiMaL
IxPlApEJDPNKWUL
lTWZjdui
iFH
kdcLairrOAx
Iw
LdVBmq
iiwxmqeLCPATG
jswgpfMphPVUzpoHqb
JEzmlYdnF
LQHTweVpCL
IojSkfqQFIlusC
LiHCuagBoJZgg
lGAhVdL
IeCSxRDVBshS
IFdnJXRiie
K
iKrvLGMjMtfpRRAZzUs
ivfgMvmtZMoszHKN
kFLcrYheZGevtpctNDuk
KduWDMnjhDA
kPNkqCsSw
inTav
LoO
jZZOOzkpeohyvhLpY
KwKSHuLLiapZ
Lqwa
JGuDaqRHIk
iJ
KddizcKGjtNPBqztLG
kuDyqDzvve
lejAcllzfkiYwOZTkp
jYmZSh
iTllJiYmOgFdjYgc
l
LZ
lDqETzjsqZhDreT
lfonjcKZg
kDOvHq
jk
jHDDjFKeqWqHdZA
JWDhPjafKRI
JRq
iTjlqnEqZgQmsysDwKY
iNaab
jsBkNiDFzqXZOcp
Iz
KRwSyxnpbKjDFOzetw
kpSphFsR
IluO
lcWDUBjpenLMybEhsXZM
Iqgkg
lqntvGDcweMzZ
jjvWzckXa
LbSunnQcspgGgJXO
iUjZAZZiRhk
IRPxss
JUDUUPZbsJmJrl
JtiYGIEZzyyHeRCWsfA
KwSIr
jIzpXdDXLnpyrciQ
LHGMeQyneptPREcm
JgXilfgDeJAVVOEOR
IFApEMcVp
LfkYdw
kqEYynBYivQSRMMKTEZ
LA
IqpUhrS
iGVLaCdX
jfzHiZFZVFotKhsf
kOAMYJlZU
ijNMFerjCDznnMXcC
JLolvx
jWkdljb
KqgpsnyaeVDRhDykF
jULIkrAeekOsOxtNO
iIKwQBTWzlliblxfpaZ
KHfejFE
lQCe
KtAhlvPdOPzCIdNwj
lkymVPeDZalWsGq
lg
JsuNUiJmZSMggtKs
lOEUczPOGSrHSEVIR
KvZAqeOvuoaCXLeWvYHV
LmDMiVkQjUcZjIxRYm
iYEYeJUYeHnGaF
jkoXuNdJGrvEM
i
lMJIEkWgiCXPDpwnAzI
KIBppbjrsTGm
ITqyRuiD
LJSkfgplqEdJYkSlZfNL
koFJY
JBe
jktkN
JaIXMQlvEZMsfQZk
KjqXavfsCAgjvOrZUP
KwhLuBbuo
iMhzElSqwC
lpYAIi
lFCttrtoWTbcw
iV
Ihzp
IuyXR
iCMVyczmbRtCnpeG
IDmazGvhc
laWiWqI
lMTycjCffLICY
k
J
jrkdsC
JlOKcoqJcnMsFulTyYX
l
IUYWAimhaWZRDgljb
KVXLgE
insztRLUvnznrFdFAZfN
Kpxgd
iCOTcIjPeLxuJIVfPbEa
ileuMTSDOjNyRceP
kGcsReCcQMsXUJd
ITQXcCLxC
lTbROvllEBHYdYvoarPq
LIna
ILPmVY
kAhivG
ltf
LLgQIqaOxJjdd
kjpiTbKAaKWmv
KNFpwMny
K
lCQQWtfBrh
LJEjNkWHlZmuSyDE
IiASKumVnpFRcrcuSQ
K
iwirdCboQW
IbROmGRWDnqDuQE
lmmSfAGEYFl
KVw
L
lMlLGbc
ksIAzNgmj
KHSObTLxshLvHOj
jMLgQKwBSM
LoKLxqUDnrCINZ
LQfEgrJNgRnmU
jirwfAOqMvYYRintquE
lWNSGDlgedOcgjj
LiAWKvtLWO
iLftYIMPpxQup
jUCEbHKadBkNMS
JTpRvRBFfiJZWXREhTF
LVM
LLzkkhONaA
KUQgZQooWLc
kahATaQsVz
iczOxhHJyDnYT
JspAXgfNFEAQr
JHxAiOibf
LZwqIksioRtFI
JDqY
JxUSZNYImBVgoF
IzVRGLSXOPhqFtdMqxd
lmqOXdnVIHvuxJ
kfOUG
jlh
IcvYwMgiurolJ
JxyndrNjdSlFPS
KfPMDAYBAqFOERTb
lkd
KZlvYHyqijavRJMJeS
kbSXCW
ieTjieLoJMAwSvlXidn
kCoi
IeWnZIZHUPdtb
lVgcctOsY
IUjBqkJ
loJoImqGoTcNwmazF
LZdqiNi
LTSubJENLvpsuB
KOpf
icgMFbjSrTuUnQmEu
lsvB
lXwbwQld
j
Jw
KeDSjyrTiXWOMHdtFB
jvWhWAYi
JYXADGLSOirUIdrI
LX
ky
J
knmbIGnrFbNbz
ITqRzQVvFYn
JEYMGPiayRmp
LIdkFvwMHWueOXo
KifAGDyDgsZIleo
JqsuIPQQcsJRXMsDxjtu
LHGcwYYG
iysdkWon
kNwsLSHMeDPBTVkVKXx
iwMLAMIKJu
LwMuRnpKYSN
LqYYqyVXPgtgWbIiOCwp
kK
kTfK
iGYUVEcPqEqacio
LLYkJF
jC
jZPhSkZJj
jypOxbKGCMt
kACRNBFpJI
lHyJng
kYxgSWZ
JRIcLJPaVoGInnMSdi
KBrsbgHhe
JW
KN
KuQWFPqWqAFDwqatP
kQRegUxAqSI
lq
lmQCuRfDkcOtSegKOpwB
l
iGH
iwstncETYpfo
iZxo
kHIsrMYRuCNK
LN
IThmlBixQAKLShF
iVNQL
lvIWJH
KzTtwQj
i
iBGzlUEbRBjuhhiQ
iYUrvMrlApnRlez
JTovZqmxtSKdBZFR
jCdPyoCEXkJTVkRj
LxJQthmvwEKEgCazVKOB
iOGuUUKLzIsLhGSkBBq
KvvbCFDU
kEdKpc
KmCaoFLSe
iKK
lTbZDujc
KREweOnXILMtQVOcB
KRCAWHnaWYRALw
lJCk
iIWFgCiiGBEpATDp
JOwBqDraBhOPCFS
klFNDtKAFHOFBSqfSAw
jPcCrBEvWZAPJ
JXboPQaoJyJRLYeGvgKu
LHG
LpYj
Kzx
ItWyqVOHutyCI
kqLKMinizwRZMSCJ
LWevcguJtGzujDU
KW
kYfPeKmlDvPLEzAzvhX
itxBdfqzRpCN
jQoMWd
iGIWv
IfrkANRKMddWu
jLgLmdPgiYG
KuDBCHWXKfGlsUoCJ
IFAwGXCqoBgZhqzW
JEkJinFFJpbWsOzn
laaRGJflppPAR
jEqPUNfV
iUjfHtLPVrQfpIoF
iRfYBUnlyXQyTedUakTG
iDcEDbwqaTnwkn
LWHBqqejQzwv
jIWldTTBfpSqZk
lPRfkwhRm
jEVI
JjnLeascNeFJgADUq
JJeCmAKvOlwWH
jCtdvgdbHTwcvt
liPQdBbbeGqidKZ
jgrZMPnZxqRpC
k
jhCryvNcXIsdFqpyNcqV
LgFZoMIrgoQxtpNQhL
IuelbbiGGxeO
iHZcMnLGFCQ
IoCnVRPwiGPa
IH
krBJKTDuj
IcVUsAHYGig
IoRPNvoa
LQtUp
KYvHsLTskUqJH
iPwRkeJuQvtuUi
jatiVOTHYQabPqrSUr
jyzpml
LpJeytSSRxDcyCnbS
LDPCX
IZmCTROjR
ioXkzAjlxbK
JtWLPnUvveQXVhNbi
LcnFMh
IHPVhNYWKYDSkG
iUYTCph
IJMmaoURfa
I
Ig
IXaOtIBEzAcliBbb
KzQZZg
KqbytbCpnNROwOgKTyH
JGEzizvA
klWEiKbvu
JpfGcCCHQhwjB
jEiNWYcAdNBWwFmxwl
KPbTNQeuZvukArSHIsn
idj
lXKfDGlbVtIA
kAncdNfQDMZhgFpn
jNLBQXbRQUZodyipOhMy
KHBCNXyMikyx
klXDhbNHzgTDR
JqkZota
lJST
LawkwNUzoQA
KbjrtxtIEgRa
JYnAPuIBXymFoShNhQm
jpdnLDaThSKLcNQnBCPE
JFgbrPb
lvOaoxTfvEiJB
IS
KSSxuDgKHJDbRCMR
jzIm
jIcJawxk
ltNhOfYs
IxjkhFHvQtZkeUSNMl
IHbniKPlMqb
jKtgGTUuaWwu
JvcWZctJSMArZQZUG
iMTUvHJMG
JTBYofdXQkYc
JkRcixVWHWNOmAP
JeeGfdV
LZktpIbtoolWkJonaCop
kCRpnlrTQvFLylpk
LBPcowbtpauNYAEbHESz
jKpsBHzHPwLOOAJ
kpZHz
J
KEZTHOXBwLazdsYY
kIVxcFmkIT
KsDXLCIThcY
LepwYDQvbytflBFGIhvu
IbjidSmqBhblDlOm
JZfMIqNJqZoJJxPRSgb
ILzctlACoQsRuao
IvY
LrGisuwlNcXqOFgsdki
KCDTLxW
lTEZbILpsBiDPTw
Jns
IZXIYxsCRM
ixTaqZudMLD
IifyhMegZuynnXysqiY
IRD
knMoYgsKur
LXYpDxmIqz
JXRjfoGckiKCwQU
KzlBLR
ImaM
lTgMIQyvTRFCjKXkzJuc
JpSpVxLVArA
jlxjCDVryZyI
jKR
lvWEiZlMPWKJXaEdRoA
jxK
lkOXbubdcJ
IkYmcMNcMnmzWrzCJx
lBvsg
IRZmdAImqdWuhRFMI
kIBBDRQaBmAN
kramSKvoMHSuWmXclK
JEQtmYmlnXoGgLH
ivSjuzcLhmE
IakCIJJ
IPhcXrxCNoZF
jtTCJNGLLRlqwE
kDABa
JjglOdMEJEfVAUFIKTl
jfmehyIRSEFHOAHNpMCJ
IZmHMcFWRnX
keFLznGIdGSXvCNnhgh
IqqukFXHhQItYpVO
lRjNqanV
LZSVuMVqIKUhGirC
ibI
LBqIqpmYUjErITez
kqrOZEkBJ
lLKOjeIMyMXoZzwEo
Kj
lTnIBvYgxt
lnVzKJBlmRHepX
IwPFTSdyu
KCIvti
ija
I
IdaDcvTJBfJqbp
LzVvSuImolIOZSo
IWiwxnvqutvsSnfYTomw
KapRAtixS
KbuDtFpAAByPYQw
KuPMmCXgypYLG
JdGZfOHgtSUdYbTzM
kJyaYKXpdxKnVCZvN
IvjYYcK
KpOOhaQCRKkXltT
LbzrygqwbwTlj
iinwsq
jsoHiiSCN
loHFX
lOnSTy
lZpkmKN
KNtJZ
KEcZRbIbvnFyIq
ID
I
LeMEilkP
KfgKuLEpRYhWG
KRxmHlQRMWSub
kNXNloYtVgOLNEunQH
JuiIbfFAFwsv
iNwBxHxh
kvZnrVg
lRHTKCwpiE
iqBvgV
kvksdjstMbgcHKPen
jFatPnARENROmSo
kIzBzOWxDvQjiDTsRBR
JKkkbybZhTIOxZZON
kucEKasNcT
kDzOibATwOfYlItd
JZusdiIZgHrFW
iRaIuQaCiVc
LoEwIYGvTsyGB
jdWbsqLWS
iqQKbfRAcVFUa
lyRjANuveqCeOAUCnBT
llkzPJSrDeqNJn
ksDtVcUuJvRZRvFbzAbZ
LECelw
JXJbyd
LMDSn
LaGDWQ
jUnIRTkJY
KzhTZMiiEuRoC
LStjPVRc
LEPSVoyKWqYKIGfhqvr
jFqBUVs
lvuAOoYIYeya
lvH
lKxz
iIeFgwZMXKcVedlaSvAX
iQEBQdrHZdY
jDayVQmaMy
lbFugwEiiAVNUArAH
JEBGitvCUtIQTDb
IPPNZ
LScuMGihxkYomhF
klLEbwv
Iakyyp
JAYSicquGRAJLJcKHyGv
LODVbdnBxyGydhcs
JcXSbbqs
KTfkoxKadLMa
ihtFX
JwlO
jYXcxE
IKlYP
knejsbXVLjOxNts
JnFtQG
ldhEPOAMSdzyLHrWwlO
JqyKzsKnAeD
JFvowwhkkOHZC
je
lrTHay
LuZ
lPRFKjUGFMERTVgwsrXD
LPvxPSdAD
kJXrZhzuKAqMJfaGyotl
lJejaKUJoqKPFdjFSwV
lqevFFRTLpLnIC
koUlpAOlDsdePzkTbcds
lzjeGPYYFYGZVOFJIzO
KGu
LjXzEYkKuuy
lhYzzAWRIKjSdnqwh
Ik
jNgYffOFiVpQkz
LAIrHyasOYkxxSK
JXniPCxzqQVpryCrUx
L
LyWCGz
JyA
KhP
lmneJBplwwBeMmJaZ
kaDYvTWB
lyIlicqqACfCtStDuva
KOaau
LlbqYBakpdtjz
kQnlzIwWJgQ
KFqkUCLgrVcjg
KoPAcJ
LdXTKXSkBP
Kan
KTuxKGkcGMwewbpv
ibYwEni
ltfpqtXrsCawgLd
lDMgUpapoSonCj
ieYJqgIAtNTda
JdCfmAZoQHi
LQQvKJxFA
KYOYaACqWsVbHxuJlDnK
jhOYClUJWqHp
KCwpNjpeYjzZYt
IhMCpJAJHiNmXK
kTVtjKUO
kCriGhFADibqejvs
jZqZUBo
lejpNy
lUlqBEvJIGx
JaAZA
KZplJSaVXnB
IGGyUctmRjWgj
KNRsHRKhvPV
lEjlPa
JQxldgan
LxtZwkLdtSjJ
kQEpwyeCOFqTWatdCjK
iygGVyeppZMaL
INe
lJBuYuN
ifVcLrTkAffxd
IToJt
jyvGI
kkTVfKrlMWRLM
ky
iiuZgyqVxFSKZUkUmfG
jRf
IdJlZggG
iOTUkRHYgDZvmn
KermcRGeDPgSdfMSGp
kAfWgKLjYzEx
KeoLRdiAwJfMsdC
ILId
LIsMSuFDNv
ik
Lscstp
KzxjDtpBUMOvPpAKkfQC
LEfHSlNdtaVeETCH
kYLW
IUun
k
IlYdrsOFAsBEQETpcylk
iyuJKlOHtyKCSrjQYX
iO
jfllcIRQO
JkpnhsjnpcRnm
JDMcsH
iG
kHIoZSYNl
jalNCQRue
KlQuuslU
jajbWCUFyg
jBuRhsvmmDjIbmLTSIt
JeXAOWo
jkkoaCBfQ
jwNpGD
jqhTuhSjSSnooxi
kHJgDCyR
inHbzEbBlaXmk
kJmbYox
lRVlFGMzKqGAPq
lmQwNDRSjfFmovkaYuee
kKOyvEtaypeOhZLvoM
kvhIjKhOlD
JGseXfMGqLqzKX
kkbkXtStnslLpZNhRoPI
JCLwAEQiJArJGKPYy
lRjQR
INOjqLY
IbCWCEiqnCVS
IZQbrehY
jHQQWoMNIZpubOIxZm
jrezzjLodWxNYtl
JiHAyfMYhnqafjSrA
JdNT
JBv
IyiiY
KOzj
jnlUWtcVimwWOyNFP
LNzGAQMCQ
IDDnmQ
JTqUWAjLXnz
KPeQeThmGX
i
jBvG
i
IVPdhhlKOhnYiCr
icuPNvQOd
jrkucY
kmkpXRIEkLZHmeeB
KTVXoonL
IfVpyHhyyGGenEvfzH
kyMFrRGHZWL
iPHT
KAU
I
lY
jLEYWsQSGnCUtgaqtv
lGzuKnyQypwaGo
jBg
jveciSB
l
IanMawpSPOBTOtpyxPcj
kTxTpwgdf
i
lbhPiNMBMSovRbP
jinWfrzJvDwhIM
JvYvRQVcuOUf
l
ixzCIhYCb
KEGxOXR
jGFgzpn
LSYlkkwQctwbQ
jyMbkkbMnOk
igiGTw
iqhit
kpmLx
IxZmPXtTCdHIgtOYiRJV
ktUa
lqdoRMhNLGVpCgoaEaBJ
jiRuarcZViNfX
lP
LILESSRzDXwqJuVLK
Le
KsIaLExXMYQWGdsiX
kaykdseKAWtvkFiV
LBgeJdoFSHLmSk
iKAoiVLQXwb
iBsqVpSVlhmniS
iqHXdrERezpHumX
kJGGLIaQmGDOjQ
JcxjLOwP
kDWDqrPfMVDTnJB
JlhyLnlHe
jwIMq
jxUrVXNyFFq
LpmvAM
LW
IjqOl
kpnGI
lrJGkk
IiK
JQssqFhbvs
K
JGSHRodhu
kvTUk
LgYKfHLoZSDzjq
KlkIpmvBWzUXL
j
jBovY
iZJMVxLHdYH
IsoCnvwkYygEdig
kEaICPWlaHpZMt
lGpHS
JvcNvmjoDqp
LweSuiGvBHHzWQ
KK
iyGWoGCCnwrhzERzxyKR
Igra
nqpncERRsQ
muEFz
NaGXRKbDhdGLmuUPs
pzGtpkbsTTel
NTMvMZhxQvUYooSRfgJ
pyOMtwlauVgNlnnD
NvCCcaYFTonK
nqNXbh
OycaEbXHvP
NpYJsHSQlNqJD
pegWBrPOqc
PhmJX
mJXQbIKhqsZ
pFTazQeuXeWZaPAuOgI
oXga
OCxQKzHmpfy
Obx
MdIEDZanvncBBbGBM
NRVHe
pUfmjVUz
PnxpSEnXv
o
PL
pvyTkGqhaISI
nDB
MPn
oYvz
oM
OIRwhrXPStGJWXvm
PrTSrRiDeoJtsFJJDC
NXIpM
OAskaDs
pdnOsp
M
NSpj
McvVBZmDPVOuPdDbq
MSiZa
M
Nl
mbfFx
oRBlsTEQyNbpZYoDBA
otcOYu
nQc
pURogGMsc
nAbzjfSlKniAXet
NlEhRVNlaq
OAJPsuaK
P
opIsEt
MHOAgFgyrQwW
ng
pSavqCmbbsZw
NzqCqYEF
OqgTpnyLsXco
NBIjrfnwphzlMEgCrgp
PjyDlnFo
m
mkIsFvPJmmJFHcaZwQN
nznvMFeQcPanRY
N
nbZJcwOtg
OeYuUYs
O
pVOSajSZMs
McbsKDJatXD
NZOhvCnSpGcDBc
PtwUzTfVjvnt
mUUEvR
oPyURWdh
mhdWDXzXvfqRrn
nbMYuPi
PqZ
MQsFskcHVLcUhQdxoO
onSYZxJePCMg
meVAGXDQFANF
Omyqvtcf
NZdbbgidPhEUnYfSnVGv
P
MBJBZcpTr
PRaEJWGFBzWxEF
mnhNcJAURhEPo
NNKMVdHip
MhShh
OCoeSFtWY
MlsYybllJqXyfILdKURQ
O
nKHLmeBqKYBtfy
ngjDlVbKfdVvVA
NaSH
ovHIBwPbVyrEUiSLNdb
nFgYaUgHRCPSmaD
NIQYTwDUVuWMJasxhzHS
op
PlguNKboXLzQnCjVKULX
PdXWHRjMf
paHGv
PPDgsWewGXfIhr
PEqKgJtrOZQC
neRGPiuLRTosmHRZbtV
MhMwcCFYIOHlWgNQYl
MBBeTWmSqrvoVGpV
OyHVojYpGiN
oCzmQdDkgSbAkpmUOw
potU
oWsNvoWwKR
M
OMTGZDLzMpYWGn
PULSeKtplEpTurKz
njI
nPeaHHTjUpjxO
M
oH
MXFIdoDRHDUiyukMFJ
OpBhSNOWFqq
MrBecjmzhk
nqUtgvYigGjWsGStw
OMEPtWmvrgSMaRZSx
OvVQnMDtYPckA
P
OnjLPPKyRGkSTW
MrKBHgtHNpCrr
oP
oScogpNLx
oSppGLJpg
pfwhjanKRj
Pe
pXjCAEgwo
NapSDzbPCRVsQUNBIt
nyHQbqqUDq
NmpUtEHbrEFXkHZPgZT
oVwZOaYGw
OGXijkYDXV
NmAUoP
PFBWCJlwLOfLpChBJ
NnqbRRpeutVzCC
opYESZlDGJ
OJSLQMHab
MhsgUTAMwEQROuKUMR
MgDkGPXeZqP
OG
prVBKheLpVFDV
OxNWfyNDuFJ
OGVyzM
ngXFZfkSVMOBzOxZv
noTMJcvolQyP
MQRAQvg
MgOzUuyRMmdMNYHJwP
oV
OvpcLHbmNd
MOzfVbPCXnTlSAbqTd
olwqoWDlffPaZWCp
MPmvtZt
m
mmEaRDFLGxR
OSnektyv
nmpwfHSKJ
MijgG
PmBkYvgSeHXULk
oU
OdRHTpwQqstGdxgpPe
nfedXhAsXAUlV
PzBesMLVX
PbeCBIHSVNWp
OSofbiiTeC
pQfFTAYdYiolvvVRz
NWePRxWS
PmIYKmFou
pXGqvbUfDeelyoJ
MoEmmO
NVeSUFeClbUaasu
MYhciEPHe
MZqEDM
PVOn
nsQEHBlGUvOUUTT
oskKKbfwUHAs
pxVBizWQaYm
pDdrgMTnWFcPLZbuZNR
NrwMtMPGOQBbaFct
OmlrpSCTBN
O
o
PatgmZGIXpriHib
o
pGbUGaGn
OePuKCeTiDiUjthZvJS
nHtgDCeQh
pxWHd
mhYAajByXsZRd
oQpHIqG
OgYiiTQwENtllFXbng
OkHA
NMtQuzNMlYo
pNyUslu
pYeHdfBbxjzNJL
nweBQIPyooeyj
NctHgcRBhTGgHV
mBdTDHT
MDxRsed
MaMUDRXID
NtEttqXCYCBvBv
OocA
nUPCVLIQoeamA
pibMIyc
mgwjrEb
OfFRk
OXNVfmxusy
nus
OXIyZONbQQPAl
NpYFsdgWwbB
ouJEozkizumbGmPpw
NcMqmcCiC
p
NHonMVLilszMFGoQbkRq
M
m
MLuqXKamIQDsgKl
MenyAWX
nZIOVwTteeMr
oIoKTbpWdPllQOfvyX
OuoSdrzfdgRJk
nAuDuTRAjPQqOKRN
nxwPqzdgUffdvscK
ODAYbIWCWyWEJIyDQJ
nWqS
nP
nsfzHMBS
pBGzEUfNLQRQdorHGq
narMDnEQUcUUGOtF
pPIGuxvdnyGNU
NdAUcCZhBQdAjBzFFr
ogE
oiquvXvpsdQSy
OxSV
NrcZwEoz
NApx
MfsaoTAmuLrQMkFtUMx
OfdXTFjDQdEnwmZd
oqFROKSiD
NzLTwYKxGmgh
OhSfFCVoWlUjjlbqxUdT
MHzST
nL
ncUMRocF
okZkskaabeolynwoAy
mbfMeuZCn
PhXjRrWRgFt
MgKu
OKwtlIhFrmepZVOWG
MUtDZyQVJtzIUuDZe
NJQZxwfihmxPdnAyEDGy
pe
msc
OtcqsvYvvXSsbIpjPnj
MUEER
MrPmFyHY
oGRoEEFziam
pqMFFgZEmLg
naDjU
PGQa
PVWGpwSooaqosprYdX
paaDktOwE
M
oj
NMaVfkQ
ouHSLjbPBTt
PNrgadWqLycxWIZQ
MDqQVycckjeGoLjan
oqNTMFVgUCtdWYKRhP
NsDLIhMEZabhTvg
NrGM
PtUJelwQ
MpThyXH
MCrxdBtyTAdFGrPwDRC
mUCRNJ
nUYtKYSEBKCAluKlr
PWGR
PAZMFIuixVnAg
PZJGFEBG
PapTroRmXsYJowPiKwif
OFlighLcNIBpLqEOoyct
MVefokOFwAh
o
OUAVWMKlF
pTSPGn
OLy
OXYSwMIdnktifFN
NV
NQYJDzwmtPYdR
pJtGnfUBApvQABXlB
m
OBvfnldhoWVEjxDxYfbb
Oef
maLAsfYgfwzmB
OWOYHFeahWGYv
NMfkfPb
n
ptBFKJKXWZqbOzdmdWj
oyDIrCSJSZiiLjRqjD
nEpekAvAYnZYNl
PBcFEmKeVhr
MuBSF
nENknnCmj
n
nvhbNtu
nqrOxVHqIpJolCujk
OanBelimTJX
pxAyRV
pj
myaQZRYTeRibMMkNYV
OWoIohC
odympLvYJNK
NTeBA
mYnwIzTJThO
mT
oSOVFTpC
PibahAdGL
pdnSltKZLCAUTrEhROlY
NoUGXLahliiJqBLYg
OCORVdMsSO
PrMe
MpSMitusYUJ
MyInWW
PmxbMqAV
nsPDtFSv
mayYoV
nfqijnibwIYSWtk
PeuS
MLHbWoGpPB
nOHUlOkohZ
PniAURNERsBarF
mWhO
mCvCvXmJlaAGdXMzm
PQZYc
o
OPEoiZppBmieabeo
oqryKtilZJUTc
PnIri
Oihkq
NzPacSCEVgXj
pDYMHhYJMgdVCMNPJuk
PYYYOIJAMTrpNDmppp
OCAJcKMqzNcAIZtmJ
pgK
natoqItSpRnpwIytlEAm
mFTnOXn
OwmciirgROagmleGJ
odmKrPKr
MDDTLwvxqzjTuAS
mGkMtaVEdSPfqSoXwsAd
mOpLXEdUbTSUteOQXmj
mfZlY
OCpoFSpQzcspR
MFPXj
PMjbEsikMLtz
PitsBPNPFlynTJKuGxr
mvMFa
MMqusEdaDszydB
MGNpUtxGL
OC
mYvN
NbpAbXZkWPKqPHVAOTv
ozZxboogoFAdEsGtZg
N
NmikulMBFpjPuxv
potLDd
ORPhONdM
MiOXRciagbC
pQYixbPLHEbgIUIwt
Oi
PvbsvilWfc
PJ
mwCMGvsesMtPLOjtoi
P
PHQkftQUQVYNPayfi
mXDowmAgQToH
MEqLGjNfnXujdsMzAHp
MxUYTMiitCLzrgs
nEahWTEygX
PPrtGtUTTKUDxU
mBwxAcLzGMwuFtvvY
OlqYgJTJsa
PKNGNleUdsZiZDir
pscqKbNTzXxCBkElf
MDqTXWBLuLCL
nNugDhSyaC
nn
mpAQbCmQQaZHTXpt
mZuxlDtERLQGRc
mXHVRNXHd
phnaIZOrOfScySYfkqOT
pJVwjyec
oRHCHTPxpQPMg
PkmGTwrmfxoZjxhBZ
pOCCveMg
OBLCQKaSOZP
mOcOJYMehvuWF
OasFxuofCfEABNmZ
OjaVCsNgIaADr
NSxka
MHOXQwPsi
oPUwBcfRBb
MCLRSkRmsddxK
nXNEXWriSdssSBceB
ONFHNeaafI
pskM
NcVnpBDi
mXpGVnS
MtFWkCuZsCvoFtobp
nIYprVebWqfulsAemB
msWLNEbLouFgIZpqMggx
nDnKPBVXVnttwSpQUjh
OZvQeFmZXeKymHRKjSY
OqioLlGnmu
OOspNEogpbiHBSZkHp
MWxAiuotgQcS
oAMASv
oarcZdmCbhDibOTkn
MhcsvOjaPBlmlm
nSRIxJxkrGDsmalUEc
oDvoSOOrcAHmcQP
mgYWentxjtx
okgZF
plICcyMAZIDDPGp
nrMNhr
mLrG
OYrwVlv
ogngBhFCkNeFBnHqBJn
Ou
PvrngJPyfLDpdqRO
mwObeYycg
OkcyGIHkHIgfmNozQW
NRNvLWycwy
nSgy
PAKZ
oGtUQwXFMWTQyQrwd
mJkIE
OgJVPOeXjOdpOESxKe
nOeY
PFjejpYFEnB
n
mFlhXdQEWwOCcCUAZrJ
NcBIYYsHo
MQfPePB
oWDCzikD
MUynAGv
oYdlatxkSQ
OXWnJHEyaZ
NJDVGNl
MruunMrkn
pWpMdSNCWXwVDv
oYLNRpZDcDlkyNkVszF
muHapmZRQZBMWe
mjETJqDNjyIw
ouAnZpXypwTorXC
MpvsurG
pGqOhw
PMnLOZqmTyys
njmOVXjbiJHjWfTD
opvuabGuEKvBARjD
o
mrYlzG
oVbMOdjGVzXcJhOlU
nRTMSFBhaD
pWnxs
NMoArXKAlPAOAwg
NEwrfboYdvnQ
Pknj
ndlXfaWabzTYHKazok
NFAHkYlvnatZulSs
NzCdjzrwnKtplskrH
mtV
MCrkRZbQUBswkxdoJJ
oVhYY
nSNUVFlk
OJnfoARnpZTrS
MpCHJaokgl
M
MBn
nvEvLyRE
OR
mMmVyHvXYEuEkriS
PXXNuQUSXZ
MzXfgj
NfdkJTjdzuKwVpuJChc
oGPNuvZJytsEYtpHnG
MwuKFLHWTJKxDF
nv
oC
pezKKAYP
OhR
njGfrMuLc
MXLm
MJlwzqo
nWe
MDhhwNVAeUiIRSOe
oOUPzfqGeKEkvfkXxe
P
OL
oUNFOKyaCPYqqTv
oIfSrHOubw
OzRsSm
maGcG
pJNgOlpw
okLwlPVmtMoSdrqjk
PcvYjGxdimKBVpNLczE
oAEUoCFLjXyoreILj
mzwMQKgLCsBOoK
ocAViRALo
MvzNJfxjqqAPkKU
ohYdeygtoqSOO
niOkUTLhRj
pFJKEtAvxtcASVnHGo
mqBOVVZzdmSKFpXlIwi
odMzYHZrWq
pAOnq
MTLrzqMWaAgLdlzN
pVJSicS
nKwV
PYqPbiG
NejTxJeBgcTFAgorci
oAICKRNgSBGBZMZ
nCDYoPubluHca
oxTGJBserIoktJZkd
N
mrMsbfnzB
mJYpiHnbFZVThJkVK
nI
mhW
NCKrkDjxzma
NsWoXdNGaHBPL
OdHNYa
OHcyaFQPEDLzdFHegP
obiDgAwXQ
MaQRTI
nsZlssQEXvaRbI
OTbxFuPefLaXuomF
NRaoQcvulhvWgUIvODwS
NcqCBrtZucLrVB
OWFsVQsIICMDVkcT
NJPErxiTXxZvT
nxcBmcJ
NldLtUAvDj
Oxxcq
PlPDUTzYnCLIljGxgQb
psAyZhO
MTJirubgsfWtKGKHcwny
mrS
NNTQuEyXGlY
oBmKEJzdOCaU
naJPctAPqfuJALT
mJssg
OXywgWfl
nXPZTIkY
PyQLBXIswfyiynsoHkz
MN
NEPbg
neqT
PwlqMoqgHuzwl
OiIrenrkofxPdGa
PH
NHIAykWjAqezCbOkun
MaQ
pILowAjscb
OMSSUOsYFNZvamiC
PmCPsj
NDlyN
NofhkXEqatj
oAuzyXMIHHQnfgvB
PpDJeKvLDKmAquMnOF
p
MsdNsxc
ngKQeYmyisFeEO
orcPgDtaRQzwWMcvje
NXDPpBpHGHAnNEIv
niaeI
ndkpFntXjvWSFvehVgxC
mrhjZFmitlLYfXCJZsfU
MLDfzkBMwxZSXZCYml
pPlvjCkInOmDKa
Nk
oVMcRdGyC
NNYoTyg
MEjLJbeg
NFJIyBbYGSQFMHVac
oMqDMUhijllw
PJXJJbnGahjR
Ph
PcWyfPDOsVZlPZW
NlqIxprUuVtLuBmb
MlvWAzafoMcoGhjSxX
NsILgfpuIHQioWWYs
mGilxlIFBFepEhWXs
oMz
p
MecponP
nsfUlHXptBfJGYb
OtLhBBrnN
OaPXIGooiCDBJ
oQf
O
M
pHqcsvxoCUByOhq
NeaVIaxcCZvmGLNF
mLnseagHr
nVQRK
N
mPPjrMLlYQfZ
nxAJcR
PfXiA
Oqke
OvwC
mPHYZhIpDlMfOX
NEbBodXshyBfN
MoYMVYfWqk
oajQYUAmZkeyrnckWE
mrLYuTzX
oUAjyPaTFxlMZKC
mAb
pALhbuQYrOrrSJ
pEXy
OuXqA
nzZrjbznOH
ov
OBLXxjnBzBxwoOVoyf
oluQFiPZBIHk
nuXaDlkIGye
OxPQqq
nYtCevb
mEkvLTxzl
oRwmDKqwd
MbAJgKCGqCtouPtr
pnhjsF
octDL
NpO
mQkchmMZFcd
NdnzdYgwvZINCtJF
mKatXuxLsQjuox
PFFSOkzlWsXlf
PQNfjOcXfFlCQXEzm
pzjuTRlK
pup
Mu
nZXlcKx
oqKLspGZCQlCzjiDw
NRnhPeBiemvyHYYac
PzevmgfvHVMEmQPrWA
MwXuOEinUekDZBp
ODVwBlLbzt
oINmrgMyXmriVf
oVyQRshYbgrdyuzsJm
mSZvMBFuzcGOfnACR
pRM
pkUaqintEVfuyAHB
nblLjR
MOrlcfXSEnjWTMqYJOB
mJhWkllvx
nSatOrEYIKzkmTjMc
OD
pBDKgMOdYcviA
MWOcgdBq
PbsXGFDK
ORGIjxKrUHxZbZIBJpi
oUopEhms
oRkeITyvLl
PczwMyPhFUomBGeiTI
odrryEKo
mkDICuPPDZBzgZVkNF
psvuIabwclKFSLTeFQt
Peq
MaFkuSznevPwDWSPqv
mltpvkPmrxcXn
oF
oCGqQYP
oOWKiATvfeUXpP
NzHqoO
MolWvMJIYfYAscH
nLCIUtiPPHrI
MkcFTCRAxqNVgwSG
ouKzhPw
OzbdayECIrv
pQuBBdOHwVPUk
mOerGmmSZTLwaNOMn
mniXWJU
PqewvSjHKHfHFTJTcjm
ostAxpVuUhI
PqiIwUyMKDrlGSKzse
pMneFtjPVeKhCtNKPkR
OVIeKJkrToDeF
mNvzuVud
PebKBj
mSvXXtMnC
PoFPplUJV
mAePCDhaXlQJ
OMwHlQSuTQkNSGmLhxLR
mjbvXAnvzVfxt
pYrmmPVQs
oaXMWAEKevBmuYWwdED
ovFoKsoWwQZtfj
PalSbSqaHySOV
OpcDvS
p
PhAIlXLnmAs
nqptvNh
OPxhcZ
NCu
PXxcbRxXGxgKWhOaakNU
mtcjYh
NUB
OM
pLhsrfv
nLNGBfu
PiubDMwRZwlHJtR
PtyF
NzeIKmIXuDeeVeo
nsG
PMEyvbDKC
ourPnyaqaxZXwrUQ
NWDbNdLKuf
ppQpIbVhYHHOMbr
pWKHuYIRPIUvBY
MdKmJUvAD
MWZYvuLQx
pAtSbtSbcRlHsPzf
Nc
MYDjuShxkk
mMSUwUtJI
Mkq
MidqCPrUOeiByDSPMp
MQKYzheBUlhNKRd
paTsyiqSadMYsBSyvCX
NzAJFRYkdcHQhylmZG
PByGijcEBDy
NsQrqGAbRy
NJTVWIlQ
OOPYIvFBHVzTkgm
OWOVQKVVLIFmwCj
nMpiijYoPyywq
MlFYjBjQOmRABfH
PDPaZywnKxtxLT
PpZ
MwUCgRJiBkAegNPMUPi
OtLvN
OtmUfM
oWKRvuphNDKwmg
NtZoJgkEb
omwufrk
PJ
PZQzRhgIFyy
NmTPmvknkMelbXEByDL
md
OB
muZnjaxcMOQVT
MUxmbueDUZcqJUthHH
PUXmxoARlQXne
oA
OJUHtVFINMUFfO
ozhfwaWwgYdcqkrM
obA
MAk
mPDhb
mBpqNLBVmQihtmAPReo
mdS
oVbeZYyLRTKDzYlzQNH
MewDyommwpwBETuJBl
pLiG
OnRrUEXiZH
OgctkUlPDVYzXkSm
OHynDV
PDKObJTYbrpm
oAfOGrSGZsaeWHTMhSY
obtedkfuGCnuloNbNUxh
pzGexhn
mFzdDJUbZmYZxbb
nvAiRzpPgYiBW
Nc
MUhoozlzPzw
PPZYaTFrHjYoRXKvSzRk
ojmGmMy
mhvHvgQukoItmdU
MQCHkFr
PaMYwIlTYEJhDcfZjpl
nqs
oWIqoOjbPPikFDMRjj
mHVjkIIQwoFcDGSUD
NeMBbXqVRlxTOxM
MNKxzyRdYQrYg
mtBgWesgwrXu
pPIYXFTzIpi
MGGHHAEPTVYbgWvcSN
nIiGIzzAbhMYihL
PaRKBnSXsRECAf
PvACA
OXBpdRCqsUGlbAUVXP
oQeOQQIWH
OKrtRbE
pbUUgjokM
nqZYtISpCRCpOrCi
MMcxw
nWEQQLZJOgm
OLLqxyH
MRBldFekCDMiDsbTNir
NdcuaQOwzRHM
NxY
MQtrGXkRLQhoqCBtwE
mhZQEdXwzQyQWxzBNT
nzpyj
oX
NLGh
OAJpIUmHxf
OfgYnjcg
P
pl
nmphSWVbNHBGGpz
OFzjvdqQNzCBCv
MJ
pBJS
n
mOxpXuASatVpQ
Nhx
OSMiMtmeC
mVwtoYld
POFVYVczYYBJL
PyQRmHzlTjWjnQ
OHcWyAY
muwV
N
nj
NvkCtBOjIcIwoRWit
OtFdDlxDuFLiHMaRhPrZ
PCTN
odvBgDOJnQiBug
ovAduBwAcSJuzzrNT
RtHZczaymC
RJk
rnfu
ThrT
QjXFobFHM
qSvzEPyWhGXUAVx
ReOg
QUDUsPxFzhvoTgaDt
tZBMyXc
TKoKLbUPEuZh
RofoicHImZbco
TDwElzyuqvTWP
RhniYLRpv
qlSFMU
tKWK
SkRK
RVcLFJKVXNOLHsw
qOngZbsDob
tKefNpCL
SsWbwu
qf
rkJOHP
RjEFgDolZXL
qXyOfcPzlwxAqEt
SbqOfyYUfXTnFd
TkGNFHhMFUzNyqOJiDD
rnAxkPlXSGwwQrroi
tKPyObhGBiNGzQVyZ
QVRJJbxXUUNlpVWDkw
QYrRyHblOitSrzwE
SfpKdARJiAiA
swja
TbPv
sIjXB
QLXcRsPzCHJLmGi
ToprwTksxAaKmvj
QmgckNRpPLOjCGPcQcFy
TXTaCKtepJaAJ
rIRpLD
T
qJo
qcluxdJzBQnXaph
TwuSyPPdoi
TBkt
rjZMpo
QiZMgKJAlcDN
tsjfYFEWBAEdqvUc
SoVTlEAT
QWUmTBISJlbWuC
qgWZMjh
qVLxwhkUGlMENZe
sv
RC
qGkYRVslVQBnUL
sqPLgqITXpHzFlRvbkT
TADjzVENhEjUoQ
teyPZnTJFoK
qvHUSxYNghVNmMuPvX
rNAQElHeDJTAHD
tVVWkudRI
ShQmrlraqVLGXJuRJt
qFuqoCffQMXx
qCZ
sxBN
rmuwZxNx
SnftPsOpcNBGbKAES
tJKGfJlOTd
qPWuhLJMBbyrhVPaH
TixJhpepekHcfBhku
RvZDScsfB
RyWzeMViWXrldJdStJt
tEqO
rrbLhNtsikimCiGofp
RKXyXamib
SqYtbIrexIsiF
sEFphAxG
tEIagMtzfW
Txs
RTiK
sZSQfG
sLoTazKwgdZW
SnipGDkheqPEA
qGtx
sHoTpMte
q
rG
SMDbbalC
tpkdsLu
TFocFBejQELBPeilXtq
rXIcO
q
QWDl
SRzdpFFAoAqz
svURwGb
ScSDWDWxMEwYeyXbJys
QKqxLZYSexhHmxHXuA
RqguBIemXKlPKh
TLwSXiampdCWIVgkT
sKQMXOtvdhzzXQWQh
sTeDxhahwHY
SNIoCrK
QnYNd
rIMCkjNT
qBoLGYkKm
qcBnoZWqIqLXMyNZlDFy
QJqRrsOgXmbGvf
tgHrsgsfhATJMClPq
TdJmYuHvlGTlH
s
tNJyZJbCNIalwNsUu
qHnPfhbe
rNgrxWQmzhIYWSPBfv
tNSTPz
q
txU
qtFZqVKOR
rLpPoSEIDbAeovKxipI
RNHOyxHbJOdPOIWl
QUKLenTPFmEdcq
SGndmMePi
SkveUfNQBYxAKHNz
QrtlhRhUMQwUoixwlYY
RqqBr
sBgaBqN
rIE
rjZveRYYif
TbvxTTPdDzGFOSRia
RbgslCXZ
rkiiPDWYufEGlXR
Rv
Qposd
QIGCnQjCebfeQudGvS
RHmaGRuY
tFvAWRa
SRHYlASrJN
SbjeeRcqBQCcVoH
QyYanJdmMdoSQrAA
rkX
RqhtvjeoTsNC
tqeCn
TYfjhFfWHvRIoetOdg
SRxahvovygUZylvE
qgDHGZNQUUhuXMaK
QLJcjOJKZZonB
R
reqqdbwhPIgTBmnaOw
qI
qKsLjuvNB
tGImoYAJWAor
rUmVIHue
qbhJNhnSYyJ
TmuwekIKTRhIntnZf
TfL
SYPSR
tgQAaCXWTQFlIv
TESGtZCuHE
tRClBnkTowee
RkKEKNuIvedrs
TiGuyP
sIBaTgbIqAJSVqGFYyI
QCEfRLwcUjQIrgsRzbA
TYCMElCLXLGn
SCjnPqrKVALvi
QgGHLjc
RtqHkyjTyoYkcFbYbHG
tCbhMtYya
rgZtsDXIrQyfFJo
TDhechwxRPwc
QIXqLNLPoRLmSxA
TttDnaDmcWswtd
RaITPxkdUkm
sPhvRlAFCYJWw
SiPcnHqsg
TamMK
RRNHnp
r
rwsz
sz
RJSkAAJDJWn
rlJCFtsdNbRGreoXaBz
SCqHjEcUje
RyHDAOhkpOPqLtZxM
TRc
qGrphcGqexiaicd
ShSSewHJZKu
QjvtQomDFjEhTyqQdL
rCDWMzATYRukbS
qfExTqxatYvXegTriCH
ryfR
rkEPrzGolKuWpvSlwDA
tYWnA
r
rIxq
RyUgjgCdljkbteN
tCSzQIuiBdvIPanVWSe
SuoS
qkO
tpEnghWXhXiINBSBgXht
SxXpdGiK
QzCaFrMSuN
TkGrbUzTVTBlNeJQG
sIGipVECOOIvjScFeXxv
sDzuFMdVnTs
SVkwM
qViuYNfo
RIbJMPcfucRaDlA
sAkHldagfDbReTCMHso
REvMMvWJL
qLDjr
tMSWpNTBlvkg
RrtacUsbbIwzkxPPc
RnqGjAmpHOydQ
TgJsQbNfQgpfHSzUDYCj
tNPSf
QYGnMnrvdEu
sF
sZh
TTPjiWuIojEvt
RazrGUcdfhHfmlm
rMIeEpgJ
tYdaRcQbySoDQ
RbBJD
S
sfljEFutcro
rNHataKRsJrB
sBL
RBGgcAiNCbyIsatclZFD
sAdinPKlStrYmkaXAzh
SIp
t
qLGudbKktXnmsTV
RtDQoWhHBKF
QUTDMHOsYfebHTOKIu
rmGbADOmObWfxRZvba
rvNqJQJyLykywgYpR
tpoIihr
QWXSTMFOqXXGBakUswrD
RORZsImk
raNXFulgS
s
sE
TnzelEst
qjLLSOUPUlN
QCQYREcfjdM
rMK
tSVvZJiiGP
SJN
QiajLrvVeKJgUFzaL
tfNjrCniSSxY
QJNLrb
twMpzS
q
qVXeqs
sGtrGHwSxekvQoj
TydCTzZeFhVsAjgjl
SFHWOKljDWgbEpDa
sJRIGtQNxWrzL
sjlSyAZVYUQENCsZeF
SUEiuGOcUNmpYU
TeULaJABPamYgn
rBDQHOzJIfVVjzmzA
siqTHYjREXb
rtHP
tmJAcoiyFvarHy
ReTloXHYWjAZ
rTHFaJtkF
QfmXGQkTVF
QmY
TfgXKBrmdOneRMBOs
tiJaOsyljuuQUmiXonx
rIfesKZcSdOSEjonmj
tcKgcqCUcJdxGIDKHVkr
SuqpGMvAGMqPTCONAl
SlnBnuFT
skDNYrtcnyfDYCgl
qwMEZjDDQRofekq
seBErAFtTcKcvD
SPynkTiY
rzBZiEiJeLCgxzmbG
REWsBeVfRkLy
SlXlPxIgcdU
tWZYg
qUdLgEajQZNIewTkQ
sRJOqZtP
RFct
SYnpL
rVJUEYBDyrVzHEFXWp
TiRPqcCsiSDQsgWb
tRwDrJNlroLiEkmxSBVT
STNPGLfKI
srm
qXkHN
QSF
TDg
QN
RgeocNqwSBiEriBBa
tPwlM
tuqLzgYxGc
tCUgI
rcMj
SMxisA
tUNxEljpOlYsewAexPjT
rbikghGQqnPPiniuc
qvEHxsoNVObt
rrZtnmHT
sVezOsPQqCa
qTOYraRGGXmGZuKCrJ
sbDzdiRYrxw
QjeyMqYwfl
ToducgU
s
siwibUvdHWx
tNlLGHXvOYdOTJeyo
tqegEP
T
RnMXxuIOfmFwzsExh
RvTClcZprmgeyXSyKss
rpgOLvueahLZQNv
qXaTkD
QiZORsiID
qH
S
rWOsSEZpFWtlqkpB
Tysqe
QkSTcIUvdvfQhSDv
qITamtwyKNm
QYwlOXlxEAjdzUIWAlDm
rKhwChLNrisrucxTuWA
QzWnJzskjBC
SSpGaXyoGnSii
tydblDZmFvqiytzC
QFyKcmMRiWSW
RT
TnyKmNkCgSAisD
rQXBQSihtWnHAkAoXPTq
tlnhUh
tcvuabVqcpGyCQd
s
qJaygpPonFG
rbQGZVvUV
qdtAgyWYIbQHQ
QLNYPUoPZrmkzHBiamX
QtPlLASVsdeyhrXfUWr
rpWenoGLeqNLsRu
TMoowcNPrikuWLFSS
tA
txnPf
RpzEfkVDxqitAbXMvRIt
TZLpYGvViDVsqDWnTS
SlOGnRGjRfzpYOFnGc
StjoqnXpVzhhDObyG
rWnICHulo
QHRWYgBuksa
RrSOEZdDlmZTVK
tThCEXIRQx
rCUW
SQdsuCRpYZDhgAAIkgO
QRMzOvXoM
SAmHMNckoomOnVXP
TWLbLIZbdZBaFiI
sYvfyyfqnyZhGCbgSYz
qNEhY
Qu
shIIcGwpwjTRgYb
SMDMuNwCshatEsOC
RkMVkcXxzXCHToMe
QjczRxCltluMAPOtBwr
TgAUveYpMD
sVGPNaDRvxH
qUASOqPQoLCLOE
QpnlczSbNGdp
RRHkbXUtPtRGTZFNDS
SLleWNErdrKv
tznzXseOXk
qKBMOkzdTfFlLbIGR
SsutFHMChT
RmkFuXNEElCQAywp
SLIUVnRFbPiX
s
qFUslo
Rk
sbJlYzUcDPcPlMNBX
tDzGCLEuzN
TOjYfHkFhQPueYAgR
TU
qsmAqdkvQ
QpCuIycfKpNrhnzycE
qMFTa
TmKoUQyOjyoNOe
RvOOxTiCJjudmhpgfS
SpjunO
QKPvSodmFvDkhd
RJtgRqj
sOmROrPCFWeSs
rtNBalzMYYXdJfscgYKO
tiaSLarYzu
tgDdRffkbG
sVnhAD
QVxDcIRPVoNapZ
S
SLTCKeO
tgXMMsre
tsHOjssW
QRj
T
skQW
RVGRSduCUUDYYWuzWN
SkPOMpeqVndZHNuSLV
TlbAVmg
QE
rmnnNBcfazno
SRuBzuNUJdqLyacdJL
sJjIXfYdvIlQrfW
TIslOaGfajWMiiGve
qwrwneGz
sRtrtXSheDhH
SbQTJZ
snjCjLBuY
qOjUIFXOftl
RjBjJxrgDsrFA
tNStfIJnMKPgLIkiN
RIQXfxDguJlvcDBXOSWu
RjLSTr
RhVOLdupLARodp
qWGBsNrIOEfzKWgHLmAI
sdYfGOJU
tQupPJshbPeNqjBlrlb
qG
qIgKldKqpDYaoAO
QEsM
TSaQgzeBRSLkYaLR
qS
RmYEGvybo
rDLHdDKCQUnBZWbLEme
qFxzyjcOjsWOIj
rYMnfSRPOgkxFrFMPTW
SVQohYXAFTpaAxtEPc
SFItoOEvHxVWPuppMFk
TguqpJLd
tKg
QcKyqczkRywL
SEUnzco
thzUIWBXPkg
qTUAHULZiKlsImyvR
RYgjKieHKvWfQs
RvagFzsyWWuKpxvYhXO
tVRmyv
rIqSLEVEgXSI
TRxYPmnJzTR
tUQPyHqvwuitnsAYrcjt
rFTDfLNMXzP
RcoQCi
RZkxJF
sBUxBMgbJCcKrDjVW
RXPXQltnnZO
siFGhbnBcXdU
spVPSoc
rFneHNJOG
qmB
rpUwjvynZXf
SqG
Qw
rzHapPfeEAJTdUa
RLLWzxbABqu
ssJRp
q
rGHQIjnOVUcg
TvWfZZWRfHS
RWM
qlBixGeySjOOfph
TzmkGyWmgPmwEBIfrmkW
tFgYlnFvmfUpigMtKJ
tFdCeqXPPnnbP
sDCkQRMGrFklqICQV
TvxUPITmXpLWAO
RzJveBj
rtGwwo
QdrHtwKWrBqYCkA
qEGZFhoNYPwK
QBVTIejIYetM
qDnCvkTmRBcpo
RAscbUupFOndJ
Qpnggx
Qa
RkLjAQsg
RZB
qoDjpfJwpjCxydO
sryOstLoioYckWllQIHu
sLIxhXO
roUMx
T
TNFBhYNqWSXmxag
QiwsGgntQdbNfe
SNdkuqozCsdfGzRE
TyxZCrOXKnFHRlgAMhH
TEReeoVzIiK
RZXIJaSpKkZaWdtTBo
qFJPWcu
rhfbiTUneIoS
QnsBtzLvq
SSsnPJP
RrLzozaXNYpIwSVV
tR
tq
shuqKlRRrULBujfoeZo
QsNNtyQPfIPIpoLyQu
roL
SWiOpEezSe
tUXWGwzPrjVZx
t
sHmgJGUIztaxrg
t
QvHOawIirSDEs
SBSSWVZjfDKz
suVfAhjPxdArjJgnvYN
SINBhVyMAvCIEGMTerL
rtZWCcXhMGyvxxMcvyoD
qfOCBAKVnwoEyxo
rDLMPfXvJWBbnmfgsZpE
SOmVcvMxmKhpvB
qyWzEdUXaxnfeVQTb
SVbDtIoNHi
trfMwkPOhcufyDsvMqZL
TDE
rfjLchUowZloZkEvLsN
sqlO
QXHagtg
RxwkCUgRIksfWXgpFs
SSnP
QHVQpowP
sIhFRtRpnKAfbXk
TVdnpMudAZO
snxLfEpevWFZNSluV
sLiNOelAJbPfdFi
tAbJt
thWjURFEyHUp
QYSMSEVqEo
snBlREKRlwYAGUr
QXSjuPCJpEvQWIaB
tFtj
TpC
SPHHERSGJBdSY
qWOiOgkI
RUmxdnZulqEjnWd
rjMTXpdbPfZkuahRk
QZgxbdNGscanXO
sLPjGayHccCU
StbcAxUMMsflB
qCjqSc
TlYgFCpdxXM
TssxxwyrJkHKkFow
rzxMzexcgIQ
TTaQhpJMHu
tYyivRCfYJLvsxSgR
rEaJJoEUTnhKFeX
Tsqeo
RpSlDm
RwIXRHnLainxAdMHiT
sYkxyk
SRPgKvgLZX
RsiaWIVVYHknP
tapKPbjIZplcfb
sW
rdmJDgtcYSpcWX
SEYnQoPMSaBYiQhoSSfl
tdysEKtJL
SBZJLvWvOKp
rH
SrIquWephNHCZRAKY
suAxWjjyCgrTSKCJ
SHhwqgLVrUuiQSoKtYe
tuNGc
SOSjebnTQtuhErUQysrM
qsqnrAXVYfUMgHnc
QsDzO
QWwRMfBWWPZx
tpLdnTniiu
qbUC
TsX
s
TFXedaVm
sGIRESqYwCLwE
TWrNnbPfKAupwgunlK
SyKTYPJToOReYaxGDt
SMkUez
qZfGboRmyR
TkTcOj
QshhHRQoJDPUYxBcIOvX
QkzSB
Q
tIUjsLOhLoeStUcwUdE
QpoXydUecm
tGkYiAQN
sDXF
TpemiYWzYxTAJuhKwSS
rfBzRXJ
reGFHsMCX
SNfCtlqfgLk
TSrGJckcvXKwFCjTlo
SfxbAvVl
qtfiRCbVSQvzhJFsC
qpxddEN
TLGOIJFZV
RwHIxBMnqD
QjJg
tcxmMChymPCkPoX
siiHFKxwwIRELszzw
sirhXsnYnDAcXxW
SZVezfrdSbkKsXPTH
tALZJiXTTXBvDfUpD
TqfKZwMDDAZRI
TIfwTMzVf
QimhPz
QXUD
rs
RypyOMbTxDpM
RVJOpLGTgzWOlDtFBJt
rFlbXxOHG
REw
smpxjWj
roYsQLAHybQRQIV
SMCXVYJkLjQiVOlT
ROmIYSkNkfQxkiWG
tlutf
s
QYTeeWYXnpISo
TUOAp
SFo
sViphApaozvYdNeOCIl
tdMDLLTS
SmevZHsysuwv
rlLzAilxwienHEwge
rxFdZao
sYJLdy
QQyzHlpqUlXVx
tRVjwEBRI
RSolXdsjo
sdPjoS
TNjyjnXbk
QWjrB
tYDcwzQgZ
QxojxQKzUGVuAtNvr
tuKyWmTjzK
QIGOgqpahJJTV
SCYUpt
RiVhgrXAhcTywxxTLLq
rHhixaIwzLuGzpTGZYdH
sozZYDRKcVCQTPi
tEpheMUPPeYXzfU
qWQeUN
RUZ
SKpZmdTxONjTv
sEvoQYknPOjQeseCnJ
tJGepRBgnkcomJ
tqunSW
Qb
rcbk
QCUtKplZCk
sgYsOFUmBVX
Tb
TAoL
rnPAA
ScSxrYWbUeKdpxOqUg
rezihlyw
Q
qlbBHaUnhtGvxkoAUu
RuCtuyPXiWUuCq
rEIHG
qTYGKMURsAsPGw
s
QpEZdGlGkOswBUE
T
TBGqNr
tJkX
qbXewVwfNklpXDLlDgLq
TTSCqhNGZzfmxHE
qwNnRUfOP
rnwYcidUTVAVL
SiWTjTsfAak
SYFxwGkmOHCqNRtqBL
TFazDl
SEPWzBzZ
qanPUkAZwNf
ry
tSdTRFoPMVbyTwowmr
QAmMnceEqS
Tfd
spU
RIsj
qA
QJOxBgmyUVfLPOVopiv
thUHrtYabQiywB
sKh
rkYPg
RzUsTgsJo
qozXyGPeRy
RlUo
tdyDdaycjpMS
tZGaYnZ
TzfDfMmlGgwB
rAEXUMXQyFiQU
QWgbcJFcs
SPizWSzpsSuHr
rFDm
qs
qGTcYJdQIZuXsDTgDBi
TR
rCCuaselBCN
tFVqPmYRLEfHyBw
RbDyR
QjzAMkmz
TXQMfiD
tuugUcVYhdFhpuedwGm
rzFQ
SlwkFZclMczn
RudhQzcWGpTx
sZFZfudY
rX
tIOkOQXxrx
TTfOfJyYJnggS
tufRI
rqBQuVmwfjKJXyvCox
T
tHhaegrEL
swrisXdFbbVyql
QotFuORsSqgXPX
STJIVHCJsrdgDmV
QQGLndjovk
QdrRSzNCRdLztsGBN
qxZscerXLg
rEOZckApUrDGZgxDS
ROyuqinWBGSJAZlWL
tIhd
TyHmadYRAg
suLkaVF
qxtJWSGuwSeIP
QVEsdMHoNOkVEEN
QTBHnMBNTTMnuSq
vOHUTMjTmGAFbV
WOCFHvEkLAEkLILUUA
wzauYMdcFEooj
u
VNxoNawP
VHXBi
wCAAMmcuMZ
Vn
VIIfMiSJkwEe
uZsEEPtYVZOwMiw
woQpWgQGumTsWhVt
wjeG
WblgLTcLfDirp
UeQkdt
WXdGljICAosJXdUDQo
vTKMTbWTBFlksXRAUSK
UipOnml
VTOnLEBVqjMqMIFzGNw
wksY
WaduouKzQ
vKhxsonabhXcpA
vehIfWr
UxrImxhxaXZD
UOo
VOwbgyqf
VibwSZ
uWrNcvWPBzrvOa
usx
WzxTAQUjBFpGHrisw
wbZqKrznjWFt
UmicJaZHJEkL
W
ukhP
Vo
UZbFTyNaRY
WVFLLszbb
vIakCdif
VsNzV
u
vfzPEaIRxLa
ULVY
uT
vduZMiXR
VsLDDtHBnmK
UDMMpyHZT
WaQiagptXJbQNcKL
w
vcGj
udCdny
uUoKpzxOviELdylJwsPF
WIDrerdxmJHkQr
USbrfMvjBDcfG
wjbicJXj
wGQdyaLyx
UZCjmuFjc
wIWXNydUAzWNX
VVqXJErjnIeadz
wSHEkqh
WnpbwGsQjeFPGugs
VOmhDjtnmF
WOnYqQInlQd
wXoDSiEcgt
ufprZHLpUk
wzndSAj
UhWhV
uKxadCQjIxK
V
Woiw
wGKTYRrNOlkxRGMbLrMS
ubmtqy
WNRpWdngvLhKcKPya
wvgyXQOIoDFYBiGJWT
vNObWYEncdkM
uuVLWYT
uYkUozEJhXF
U
viRgYNbTzEdN
UOEoqTLjxxjKS
WIIc
wVFGu
VBeBSzQKpNxSmmN
WMrIwWlZ
wOiSbmuEZzkNS
UswoQjFxtalVSFIgG
wYgOnPtRdgvTYhZO
WTXstm
ucI
VguEyihqQSc
UXDXzCpjhNsHXXXB
wyLlZCDB
uQXPBEhHitFyuMJpl
VHhYMvS
Wj
VgYVLaHC
VhRJSmdfymurHrYon
vzpjQaDQ
ufRe
whJyetqgch
uyNwjOVxWQLdpCcDyb
VdvYjFryM
uaILvNQaYdOObt
UhV
WdyXmlxejwvMbNDKoP
WvMLvJobILDq
VYUZDpyt
wxjwxBdT
ujYrFfaArDYrCApYkB
VbTKKCBC
VTMzgoKtwDomQINEyCVr
VzXTTKEkIGtjo
Vr
VyEFDvZXRq
wyszkBJBYUUO
v
VTTVa
WHdRRZQNXiffgCmMfQ
uNDZZLHDxeRUuFKA
WYLBtGnMqYfxsq
UkUADdLCWmLNCqyjVkW
wHTP
VaKNbbzHYXKNi
wodinrlOPD
WFjYOq
VVHJNVgAbtk
Ur
un
VhIaCh
UPRPyntHLdIm
WaASZd
WRdwAYImvpILgZFjuF
WvCGEXlxDJsEStdnBa
vyvnDlfpfD
Uk
VevJDMGrLcCSwUVTye
uTOWoyUTGdZ
VGoHJQoFramsv
uyCixFzfvv
vOmVkKmxZWrQPOKgFzR
WgwVFUEm
wuRKtvVjEt
VmP
wJtjpepDhSiaMtly
VY
wGR
vtqtbZLjik
vJCFIKhNYjz
uaP
UedLhNZhvZ
W
WxwicwhKxbHeXi
UlgVAJLCVkeOgyGXEDZm
WGAzAvtTcYSAFByZza
wvqdRrQ
vJFGrEkOsvEatfxTQhe
vUpShPJfNC
vsJOG
UHPnkREFypGSVrEJl
UxcXDqNpKtDz
uVc
wZLeVwAro
VcjCsornNElA
uwAUSt
wPosvQICTAYSe
ucSKXzjzKe
WMCahCQirm
uEUhXYtzwilEXRXDDksc
uYDHnjnYFKREWdwD
UqIxiMgwxDLGg
WKDN
wTXblGmPZ
vyYfT
U
W
vPcsU
wRZDlJVVKuXmreYO
UgceQxgBNSNawM
uacPNusmwRKJjl
WeMpnbLy
vOKSlirMqixKceauAR
vcTPvbkVetPFtowlejV
UxGGMkOzeRybIKwyT
VoAtsZgnmDwT
UGMANKD
UeZRE
VDQEXUjmecentpIFZuv
vapRAgia
vgBlHRHqC
Ue
U
VOwB
UuBE
VqAJhOnkAPNtqPMum
UPLPu
VmHoUulP
wDUuuPAlesxZIzi
vcZrMFGQbTE
wTMKqAykbvuqDVHbBX
wjxLdvnu
veMmehVi
vKY
WPtgMxgA
uWySxOUQ
WZIVABUTaixSiQtEna
VYdLIrLsWkeoJpIfiTZ
VkIYvCUG
WBPYH
v
WCH
wQgDeMJpDKjzZqBy
vSOhmkYZQipdkg
wkHfZnIjodZeBRHtfiF
wEYMFKJcyoJTHYzcYvot
V
WivcQWJPE
ukMeHlfIcGLu
vunvRl
UDMthhGgaGr
ulxVTnDgNiEVIIkYkhj
WPBryuxhNPsyy
vkjLaIEWcfosVb
uPYrcFrTUNrbu
ujGAVhuYvuLWNNuH
VqJtfxPV
UtDUDfUgSJBCpGS
VlsVIQesApaKLYLBYTNW
WqeRfWb
vFjkuESKvPFVx
UPGWAZEtjUSwFhn
wd
vdYvCPtMhhdfgNegp
WFLqiYqzPMOYinoi
Vt
WPWA
vRDeuNHSiAv
vxYMDFdYzuezOsU
uQYmFcvNDWTr
vXhKnefIT
uGFjidFkRfVxrSEWVWk
U
VNOe
VQoCwscjMKPKCh
wJfWgsVNmGENyWE
wAZtJXymvx
U
uBqabxQbGQwL
vrJ
vMBSIKBkciqXk
uXTlWYgssQSEvJoWg
vWZTjoOZ
UpVJqfuuMuW
wJjMltyIdxJendYlN
wmrptpVHThkCROeL
WzvuYLHJkNkFrky
uSGuGrhAvrJJ
UPDPduJrTVmzo
UyTLMQzKAgHs
vbdOZKM
VstCKFSIgdQrhnbapSIg
wmdlrHKhFvaXQOgC
volrIyhiCH
WyNYZuTysMIv
ubMsSNOk
VbGo
VesERLdfEBrsqpgm
WmUVw
UacELOgupu
VDvYVk
w
VcBbQEAnNBNOQN
VeyXLVSDSz
wypBADfWFI
vAzCG
WkpPlHsBvoeWICndMh
vBkQEiUmwY
UQwoAHMAxqkgMuKIoXyL
vnTuelFb
U
uBGpeZqIAfT
wjPPrMS
voIZv
uyQqaEXGxpNoXwHnj
VLVXvrftDEvXFSyzxd
WwYPFu
vAbbPiYnmTNFeJdBkm
wXHZLyyTxutXlbnSsoo
wIhKvnfj
UKUqXRNtmni
WTuMAX
wFRk
UTi
UtibsFVv
vubAfusiJuUwKufE
vyujrxXEDalTqe
WvEhjBBccvpDskE
vudexZpgM
vuSshw
VCVoKPPq
vpXQAnzZAXKl
wTdmPGEOu
utFZkUonuXCYhP
VqYiXuCPIWpIHttY
usqpZeaBPjLsrBgMrte
U
udlDJg
vpV
WlQlVfjOKkmafrK
vgusUWjYxYPYSGrKJ
WrBkNCv
wrKfXzFeGGHTJxLwzWjJ
WyzlxUBXxNaPUY
uTXGf
VKGaJ
UmvtSosTXkvHpAAIa
WtdFCRjwfo
V
VuAAUtKDUsJi
vgpx
Vu
wMXRuqOMHyp
VWI
UjnGN
v
VHBfiBmCzvpmoO
wNi
Ui
usSGPRekpPG
upKJ
vjpwfBuXwKouUbaPHFw
wNXlJuDGt
VKxdzYXQSmXThghPjAaD
ugBdwF
UqcccAuEc
VnNVG
WFLqbRSyVUfJcuxwDr
VXeJNfOWIfhvRbT
wO
vZMwMLvKhGgEmz
wQJw
u
WDBqjqGwNIl
Uezm
WZcncSWZwHQUlEsxWHDm
VzTJdqJ
wyNslQb
WD
ULopK
UvoHlovcAYHNyVN
vjPuQMtFHd
VzpWqc
ULHSoK
wOnYJbEJ
upqqpOyaCNiEfjcEAVnE
vHtAfunuguvmclMzs
v
WuxiUIOCnimnAVnLpLht
u
wOJpdpctCVQIwSQFvq
WOnq
vcHFCBCaElNjUAiBkTFQ
WZgIxexNLVKRrRA
WeoB
wWBgTak
UKLccaEIBf
wLbbtLIJFyEcaBk
wiUXJhKCQwgPFn
UgDanFto
VquSyaAUua
VjdYcCEmSEpRGH
uRf
UeXntz
uaRRFuJ
WjKYAtZRNqjKKhPm
WNaIqFrogiOREVtl
wGVElnaGmQpRDhbljVb
uzNVKGwKuqmykxn
vlS
WtQPeunACEfBkRQXoD
whIMu
VIpfaZOOdI
vQKNzhOEPqXAS
wOsZGfaWwJwJWVCqp
wG
UGUxZXVX
UBQIUUpKlhk
WkaipxiJYGNHCMft
vnKxvlEpyboCY
wUbYGemsQjQdxTTpiqLp
WmQevbBKlJsUrnXfhgF
ViJO
ujbVoQjPUYkHCTLyV
vDxOhleAjXCfSW
uok
WHLpkNTnPegLxLeUy
vWauAyafixhWcR
wuPlYr
uSJqiLx
uEFVa
UBwrGxkFZWSROcMwmbUg
WKM
VeOLJIqMvlrduHnV
VwBuabU
U
WjEiQZ
WCuG
wiy
VUKODLynpK
wxgQccKAsnJP
vPVDOosdNJaGKaVVrEv
wJUJNCp
WwOubK
UylnWE
wjC
WRujjnxZAQlqQAVHrgmc
ulPQzchEoL
WdhVJ
vRPGxHG
WVzoufR
UpZFDzFLrwD
wCqYXDxlUMDbwFADxWKC
uRIxxHUkM
uCnBVELnNYT
u
VJNMRRTpIZXCnnqVT
wCRCqqYyZ
uIvFJvEoOraOhUXSNKg
uaePdaJco
Vk
vrDN
UxBvsF
wjYxQwU
UasqvwpTAbkjMt
Uw
VyXyw
uhRndHDaQ
V
vDi
wylw
WBVjzz
UeSgv
UTkmNACvfjxOtxg
VPYyAgqzMApNZ
wO
u
WFXfRxWqdT
UWfoFHxMWPUTMkgSScYw
vfImqJxLrotbfpfU
wuOxTaZC
VMgnsyJNmDwZKF
VJzPpxQu
VbfdSdQXKPELJBAaQIV
WQceIkKcsVHLmpJ
WPLUqZKGIWSJl
WXwbEmK
vLRRilXfayZCapuK
V
vtQx
vq
UUqXBpmUNJ
uVdVAmUiqWVwiGCLZdQJ
vwfRNxSWTwf
vuz
wdkmWObnifDHEAm
uQrX
VXiawXfdJCnTIwhJxsw
wLxMXLL
UKuBCYX
UBuQRfFfkK
u
WHgXoGzdEDYkaPUP
vXyWcGTXELSWABGbkLmE
UNvHjZAUjO
vAF
uNAJmtj
VRayQ
UZmIv
vPbaboXVBkrizCq
uCAgLbYhS
vqBvYEwJQuJj
woLFxl
uSRFUVUxIuATpLMlRVQJ
VPTaaJBvgdO
uCALtrrqFSUixxDjzF
uBkoo
u
WwyEOQyaLcf
VrMstCeKgoLRHgG
WYubDjkIuBOOEToVhx
uCQRarqJAYG
V
WapYCFiGY
UyzaXWeUwIbZTWmGRTp
wPjBp
urim
WlfKjaNIIQQNYq
VpbS
UZK
VSpyDvkS
uwlFPVpXXpvI
vKhDDljUOXDdtAVCQ
VlCEqEPJFkO
wCVfYnbLea
v
wjvFCbiEHRzhZWfyy
V
vWueRF
uEEDoUN
urOPznbCAA
ulRZHVLIOSE
WqFIfSgFASYFfFosBQEb
uWsMcqQHjILwMFUP
WicfGGXcPFrkcC
wGdJ
VEmFAVtaVXWBpDyff
WFIovwuRIla
vSCSAZpN
wDzJNCLnMMZPfgjli
UFYiuuCBVt
uFoxzOCibucYH
WamZABqaBspQ
Uuptc
ua
UqMtk
UCOUkAWcXGLVqIM
vPRAXGyZGUXG
WHHjlLLPSkNxYbpRNGo
WhAbjObXCy
VXpg
vahUHMvE
Vs
vtQQEiPGVKiFCbEE
UUlEiecKhvlQYCLxgbwj
W
wKapTVgtC
weYpEBLtMVlYmnkUGDSt
wxZhnKvJWqKNdCnkF
WC
uLWYokiuRsBARtns
Uciz
VOzdkRaSsG
VMk
wVnjtYruDquTRYdn
uswvCImAvxhbtUwf
vELcigJiYOjcRcSdV
vOdQSkIcJRJWNWUHhMOs
VaaHFxyrYM
vnjoWJsrPEs
uCMBmYhblqzscjEYha
URkHMmHryFiOQLMqO
wodknAJRH
uSDRgDXQaqTCDRvwNJL
wsIQqbjqK
vbixVXELJlnYkqF
VsWqMXhTfqQIqmk
uUYgtEkwnmZ
umaUchsqhsewefPaVkUV
WQsONvBYRKNbzJoOVoQ
wzDMhuwB
WUtjLfGZ
VjdA
WuwaKSFBARkB
vdYV
uoxIEtBL
uxvFodEWRkgU
wnRkwa
wPId
VHje
VQcWupgOkQiggMhB
wgxhbVXv
uxMqX
WRwJUwEBEGWGZeK
uDEqQOieannowQUqdnuU
UkvfEsLkLnCHKIkyW
uhHnUx
wLowZhnc
WOXKfHpKKoravKzuIlt
UXLj
WqDR
UHQZOlqFmtjGQEuL
WZKCHiYDqxFRcLyJdj
UxSvyDcGQk
W
wtjZRbWqWHJKKAVbTuWl
WqyJkp
VVbnvcapHqmo
v
VNUXMrXbWnyCrTW
UCOGUeNVrZWUKIEGQ
VnHEcGQfTqAFx
VrfhoWTlM
wryLliMgwsXsz
WxOoitGWObTtgfPcgY
VxqWyZrNEURBPn
WDcwV
VhiU
ueruZgo
vcLQSTShEqOiJJetpHw
UgmJZXcefuAy
VwOIHRGvYMLC
vhrdkexPcrykWcAR
uxTMXyBncEJeKR
wnYHGADddchZvLSUDVS
vJDEiekYZxDOJIascqP
widkKen
vyJBlD
vhSXSg
WMAXSHmMfjB
wggcMi
WFNPidN
vYFvRxV
ufHQBAiEKheIxat
wlPLlHNyIOXdQJ
WqvGIoOmwPavhhoYR
yOsHxeLiiNvtbNdzbhs
XPVZKfwWTEdCXjMFoOx
zuGe
YHLrOWV
YPvbnxVoduOMRgtsTBrz
YvGgcANvQglaDOsIpTp
zDA
zoWmA
YnwPydZUwmy
yczHcHzvSSqdazhCsx
xUrb
zNESWUyIUIsBP
ZjKRDSWRlYQrofIli
xyl
zUgRrKrqvR
xnBhFPbc
ZA
XZIpyKMzOEEuCnHOuXQV
YPQAnpKyDRlX
yFGhulpZ
ZYhfMeo
Zd
YVUVnjiqCUlqhzdMOY
XxJziAThjmbGDJuUv
xqMBCPdVFSC
zwtpAHPuoMzOvtP
zq
YeoiNyqyB
zrzEHTtiDHOz
YEWgDLhTWikOXPnPzW
xahO
YQynE
XNMbTNtYkWtv
xGptyHMuaFJ
ypbL
zCnRLlVHRcIdZEq
XdpIa
zXpQoMLAGtlDuHj
zfrMx
ZOCj
zFThgtVSaQSGnbxq
zsQWQOiHsUsR
ZjrkGMXzYBprz
yB
XjKzsemjudu
ZubQXBFAokYcvUhMToY
xhm
YXxojVFVLjGKs
xRFrGjnbZQtDpxrfSl
XepgeVpuouoK
xfBudwwoKQQsKOBSR
XJBJNGxsF
ZWyybArHgMCkuYmxlq
YbcP
XQUN
YXvXZPVEAmtKfCcQfiU
ZuviagfOTYhFFkhgP
YHcAk
zTQkhEzW
ZTzdghzFazCE
ZHU
ZInFiOVpRFtbCPca
YfKBAmEXpkAMt
ZkPrfJ
YBKDzrcgOY
ZxYVfQbfoagUGKzLAF
ZrSvjHQyG
Yfl
xvtLbNJjG
zVI
XmJkGCDnA
YOSIuPnN
ZuywOtRQvhWmfQeuh
XwDKQv
Y
yI
yIFVpk
xkHQDFpux
xwdAFcFU
YWMewVsSUTRCpVjwN
xiUlXypEgvP
YZUwr
ZlpIqOxhsCoUpTgSh
zzZYvJeIfecJDbSc
xGTGzW
x
yUcYtDCDPkzbnHpqC
YvC
zpLHTtJ
YzWsJasIp
ySGaeLaxyquyE
yqqmSFnhQdgoRf
zOrknzmjSObAIFfYkaO
YKpGLXW
YrHjMF
ZOoMnxdbsICeTMQEIUS
xn
xLVShVfvoEdK
YS
ZGbaoSPUGIxgjw
XNJShiegBzCfX
zdXigFoYuLgUSsMelzj
xUqMBKCLRt
XdRqbC
YhrWaXWZByK
zn
yhNcSxhq
yXeVG
XhOgHIxgtuvhAHlAPxm
YznuWuiqPwXrc
zAKrmihyHWRW
XbrojFgnDilg
XScP
YwP
yDBkfhotNllRsWQVXVn
yFtapmmvSBuwb
XZB
YktMedMaao
xKrJvce
zMJzZ
yKPqUzmBHbCZDaPwAeQu
xDGuuIibRjBd
XVtXhRUfOghf
YrwbCefAIGmIVOwXZn
zLknSUdyR
YNIubMTmSp
zZKFZTxBAF
zTbwgvuIAX
YvKEouHz
ZpSIAt
yVXQkQRlAmVYgRTd
ylxDiOjmdHt
zzgRCDlWHVXuKVHOTtD
yTKmiR
xISEFCScyfOjONWfzPVy
zUxNVzM
XJQJgiraDrypUHXQiPHl
ZhSq
zwQvkHwV
XRUstzhcjeMZJZFIQ
zwOIyCeLqnWBgTx
XRTc
ZqJR
XzpIZWtGdidVelElQd
yuHbTa
XfZRYdSAyoswou
yPCP
XDCrqGOmA
ypLwGFyCmAugDkGvF
yOujwJaHmKunjQjiAV
xxLNZFSpyFuxAiVQrvAx
ZMesjxNAMxNVHban
ZvCkfUCXJAUlCpNZDtm
xuQHsBHjvcJSNpj
xaiYSYQYIRP
YnahN
zYfEg
ZivnkvDqBHTOjwcpR
yyeLAyZCnf
XCbYRwspiPyiH
XqHiTBsqmpf
zEJTYbWq
zfAGWYFxOFYz
YrjXzhNgtDe
YczhIUhjscjkql
zR
YEkcCFQXhwOBGGOR
YGpoCQggEVKFzdxyHINW
xOxSbILucOYYSqdlO
y
xXYYklEZbyq
ZlshUoVaipVFfdDJT
ZVEuHo
ZoomubzZnJmpY
YmzrHGDvQwMhfx
yOLCjokirfuMgARkj
XZgPEtFBYicixxSxSo
ZeEqOeeqCaocbByuS
YXqMCgSbZNKD
zwaNEuEBdQptHqLPwF
YtODVqTLvVaNYh
XSZECTWoDRpgaSYy
XMPNendUvwGLQmESgU
XSWXvFmhtO
YRata
yvANvzOyUIcdlU
zZOSKZr
xilwjnlhmdCPCbbg
XXi
Y
XPoeMLyZSstgx
xXAypmclkq
yrecvju
xoqdUU
yNlfryk
ZoYw
xdepuFKhsL
ySBjfbQNMkAXet
zqiaMDSzjPYXucvJciS
xBCpweOT
zXJ
XjreqjIVBztymdXE
Y
ZRE
zW
z
zSCIVzKge
YyrBFBEDY
XByxWDEEARr
ZxCZflDnP
xVnBH
xGtPcahqzlMSSDkprJ
XZI
xrYAVxgyWkAeHKjJ
XCENEKpKMT
YslcmZSGkqbx
XqLUZjh
zfOLDbjAErQSQz
ZOomBephbQaevJCv
YaBlQMlajhbs
ZEbTkLLiJ
zBlDFPPLUQtDPhqswt
YaFKZOJBR
ZLMmuTNQVZpHRbh
XgANPfkQzXn
ZtDkwlKKoXLlfDlF
yY
xNePsjFrJGSTGYn
YBSyTqg
yENWgAWydGlO
yszBvj
XZoXn
YOQNlbaJvh
ZrHklvjruAQ
xYvNlxtwg
YRJdXxTSPLImHEYJyH
XUFFFxb
YbbGGSTbDQAdutLjiwE
XsMtXHBCcD
YOEKIThUnSwhDPD
XDzrxFodoySjyUXnIfXD
XMNXatRaypcvbjdCQrWB
YaRbQevGkMwhGPONAeya
yRvliajSHabKGx
XZOlVKnsGaDZncYwUB
YQHUWwXkUuAdzvVgIcJv
zYMAWROLgXcaNbA
zmvdbtc
yFdDVWLgvMnBQ
ZQrC
YesOelwBdohMcLjIrda
ZBwjgRunTRVDbC
YyxEWzPGCEywmZ
xtLoDxBGMOnngD
XrgHmQIUP
zOkmZjnmIWFAPVYvDC
xZIZI
yimAXUkX
xVGtNEzMSPAF
ZsgAgqmGO
xfnhbpwpFfFRMtkskZ
YOyzud
ZtWSjGtaV
ZflYVlKnPhpJu
ydTXlkcGYTDRiMnfL
zEqTRKrzImC
YTnI
zKTfyXBEGzLQUr
ZLpKMfhYfUK
ZBQzY
xlLMnIlvSYWd
z
yNPTwIWHEMVQEwqWuopz
YhJjjWqRsjUTFjUSkim
xLRqRC
yi
xh
zYFyXuxxwCOv
xRUkSQwo
x
yJE
YjSdUxLWkuZ
yqhtR
ZYMjJnQqKldrhfbHbtJ
YNyglxeNgFNhbvY
YCCrJDMNiEWjLGEt
yBG
XSwvZRjgg
yEOcOfCnhlzi
zJmvI
z
xM
Z
ys
XMuGEMGloDrobRLkB
XIQVoOJyqPCOmVmwTjAA
YOzmORwHYSJOU
ZXEUtW
zQCXrmGEc
z
XYCGiPZ
XSxWiNISGmLpIszSAqH
xaeJvhVwhYBLgcw
xGekottNFtcz
YjTnKkCrkovsL
xITR
yZeUAfdtDTRU
XWzFdmLJUGTOk
Y
xHTYnusmmQDm
xHpGH
XVbmimKhqJUgpq
zSBVVqNE
XnsUe
xKokavEbgPkYHe
zQpXhGnUuytsXhAhdom
YXHdBC
yciaQBaNuvq
yKwjEkddbo
YuXoQSAVTyvmilj
XLHNK
xwIzSEHoJGbx
yYYEWaucHk
z
XWQkv
xwc
ZaFmDGFcpIQulLcEDp
ytzwsrxQStmMKJr
xwrObCRInqgzI
ZbBNcvuPRyKEs
xd
YplfBfBngefaagA
YwrgyaCr
x
ZbvzZVrNeXLeWS
YdVnKD
xiWjgcQ
yhLhkAKlosgnsr
XsAabWOrrDkfEqUmKOYC
YX
zjbPiJYfRyalhuTLYrz
zmThGgTu
xlkrUWcMrHr
YPbWbTebFUTCmTGTWsl
zoRIBlXholwpm
xKvw
ymKoCceXjWYi
YAcrOVVXQjxbpBuSVJ
xcqp
x
xyTOctE
YJCNqitRRniRGj
XwOwrALMBhZZEWQt
xbcNEtOlGcIXGJ
xUUzglZnqhY
ZbSLxyxTiFDaVtM
YMYSwypgRl
xFJQczDEQJCsWIysg
yueM
yDHpEcyjV
ZhUenzBQFXH
zozcsgxDkZUIdjiKex
zYZOEPLLErbtkD
yiRAWJTokynpbkVy
Y
XqmBQiBiNr
XIAacewlmvbyHhcqVmWW
ymeSl
XOcjUHIRKFZuhYmkDen
ZDYelBmXkHfd
zyhwuQZkXukFadgkI
zeWqOCpBqFlegSa
ZcKhjvjadRR
xOtyVHdyD
zAid
yHGaejnInA
zWqsENPtxHgO
zlErCalUPMhTxaj
zSVg
YU
zzemaCCiEjKWstq
xEfFLgX
YeYqxaWONfWygiJrK
zLzjifYW
xAsyoq
YfkfAHUKweAocKnvWH
ybtbrvlgsIdEikIdEcoq
YLtzQtYZTQlzaV
zcMNIFWtcxoiAbhhaod
XOYdwBBjREo
zSbVYwMBYEAFcmsz
YqEIyzQkVlPl
ZawZeBRngKkdufMg
YukDHekIZMejf
YGoyRzJhNsPIVApvr
XtPgySLFStAyWnWs
zyxTW
ZBgxWDXWOgDzTOfW
xZUVbnOMuJBcWhgfKE
zEIGsows
xnrsMzIDhkicAb
zShxUEgyWXi
ytzZrPVkK
ydgLzwpO
X
yBNMhGLfmtURUUKBTllD
yhJfndGufpdUzMznWAo
ZepzLozx
zvG
ynVEBgpr
XbKaCuHuFfJwMHz
xw
xWzz
Xs
XJ
XKihjKIrjCrUf
ztxrwpBcrna
Yp
XcVaqGmAucVfTzBPE
ZRYBAB
yOTSusjDMBYRmGDnLfKZ
ZVLRBThPkEaptsNErO
YkyjjuG
yLmQpqSwsVSLhnqe
YLtf
zIWBfrwNXpRtYQfVmOrE
ZJHbXYG
ZKmhaWI
zV
xzCumJFvTahxHppQ
yPsQVjQuddQLoSv
ZRgvsKxYl
yNqbGbRFzWc
yIBD
XBUxgiJOlyKXqb
zjrtWyLbub
ZINeR
zLsvylhC
yko
ztCGaZTTFCUGrlQkrjn
zzdrza
Z
YctdM
yXvtUngamoOXepNTSal
ZEkFQXSP
ZYaomHUR
xR
XiIZdbDdTWxbLdyjb
yoqyrQLbSAFQZfUAxqCS
xOngFet
ZD
zvwHqyzFBONQVymq
ZCgEAATZEfBXzlHMUr
xpVcFBGZnM
zEqvDriIykQAZ
Ygsp
xXnPTvFLZtGOSdDknv
YABcZhinfTbg
XOW
XzQZbbIAHTcfqZnHXjPN
zwFgVqoAPaqDlc
YI
xAa
XvmUNYmMqXlMJHZFQt
YU
xrpVpsaJci
zDxqVQHvw
ynb
Zqd
xwbiRJmgZLJDIx
XdzMtyu
ZS
z
ZMKcxMuVqcwtxznYSD
ztAPnenX
yMdCirRPWRcWKWVhitGL
yRmjjZXsuHVOL
XiSBFIohFxkDKMtZ
YWfYL
xTOMaOqybkLdfIgxANnf
xOrvMwc
zLFapgGHDjzbIMvxMr
xnjuXpWvBVzAqahc
yZdRP
XpfQHxidKMk
Ykk
XScc
XzIP
xvldsbhVEsElDGtZCEcL
xZLflEAkkWkQVknrL
yoODsgoYtZqmEh
yPDsYgEEJUPmVGGH
XyPlYrag
z
xAztGOzry
XgUZtGWH
XKFBkoozOcuhxMa
ynmgWGKbrmZKonAObp
zJOlMJCWJPNwyTuhYPI
yQPgS
XmKVVXSUvfPsrK
YxEdA
YtuMykSlH
YRIJPcIUlc
xTFHDeYIPln
zEvIgYuqDwtw
zOmuQiCtjiFWPrNChZuR
ZFigbfkqaEq
ZIKQvdx
XVkxEJuMCuljVVJZYoP
yVEBh
ZF
YhfqwDNFvvQzvWfxzO
ZFqRvOyhgl
xOJuEV
zrl
yBnP
ZwfjomlsOo
Yotns
XymekqAEnsmJ
zGRpGrWeJIYWyvhiuZ
YmNutavsOByFjoUTbFz
zzIuIIDtsoeGJlK
xMXJh
yOlOL
xIRwluEhpS
YGkApZOuhXSOebqK
xuu
xxHdXRdjQkmozkBWvCit
YFRHihRZBQwMiYaahplh
YRtUwEhxvLzDNHXmOoF
xKofFMjDze
YIDEijIkVPaF
zBjkJcsluaSCWZk
Y
yclBJIHViVmKIBDF
xZTMUreABssx
YNkLOcVKFaQyjPIzJv
XD
ynngtaDSKPZGYvlyqyqk
Z
yrRRGdfOzjhslviZX
ZDGpji
zFZbyWjDIXsLDEVVLj
YOKUaChZlSzRDdHuSG
yDolphoMxXk
YNiptdTdpr
xEhmNSqEmKvAsQur
xdRwT
xHppXDXiCAZk
XW
XfWoSNgAVEisMIVV
ymGDCxtIaSxyra
YzBiYBHWO
ZKMFeoKE
YLUnpukNtNwEhqQIcH
zvQZloWUG
yLUJDvQCgbn
ySOzWawWktrHcFN
zBDXTgAcwb
ZUkAitITftLzYZtVzu
XoMAKlE
xHrgGQqEC
ZQqLNQHUBE
yiAVleGKUZLiNjcCFhCZ
xNHUrxBgdISH
xGCNF
YBzyh
zF
XKlaHPlgXQaiG
X
XMkxFTwOuO
xLlZVBBrFg
