czybrFZwqEDCtLBMt
AAJMuwVpRltEEQBAYSM
BEYzkmAzQUeb
AsubMhpvIUrUXx
CBKrJLkoQdbqyd
dDnEAsNVo
Ch
a
BtqTEjUqs
bbFaOafXppfvLPFSj
CZqNIHef
anNSsIa
DQqAhiBs
BhDwUC
Ame
aaSVgfca
bmVCeipBRdzNEzXc
aBejcEKZHjmlkM
CI
CToP
A
dY
DeNIcmaUhxEEDrtVcfXl
AuySVdnmILelZVZeOeU
BwemvB
BxQ
dEghmQsObiSAXtf
aOPifcRiVnoMat
DBXdT
agwbxTtzvuOgEmMMQD
Cb
dPAzJcqObbJUmEdWfdX
boGHuTXUkJBADCTGMDY
ApfB
Ae
DAnwKYrpVtmTLEvZhzjq
cSRpbWoVRwjpHizftAjd
DCkBamksug
CMbghfC
CazQtFBOx
BqGnEBoUfVJaItN
CVnGhQSHitoitzFgSp
DKuRrWHZKKlShKAt
cJfXVumj
cCrQGzTaoxYGIVpwE
dbQELzqQZ
cGboVoNnqyJhEO
dHZIOoBJh
dtBKaTsRNrtIJKDWL
bIAHihXaZHfuagKDtgh
Cg
dECrYyihOvnLmdyJu
BwZmsBVOZg
cCalXXSDAntZ
BoHccziSpT
A
CyvFZLCKzzO
AiDLV
CCr
DN
aqAZFjxlUNZchiU
A
ADQZ
BslulChkzCStgPVyy
DqBX
At
AzqEVaESfMptOpzvNuv
a
BKyAxjeXenGQmV
cADTcadNhMUCqJiV
DvQDCAfTWegpZ
bCcPxgJkZUWhUGywkpC
ccpnKwKrxZjsEwZ
DlHYxWJJTpTNnQ
bgmAQvwAWNGBVbmaUG
cOuDHholfL
BZxoJn
CLgXqMdruT
aqhAWopqWd
cakDTbqnI
agNNKWayDptN
CJ
CYMGQIjGlpQnHtLprnu
aeMWL
cgvEUtswkdRAwLbM
DdXhsRmnXm
bk
DOVDvt
AifimT
dJHSdTSfeEGQWb
AVzRZBjeiwx
aHMRfWVzwiZPxRNv
DxnHeTWwcc
dcGxTDkjtxXfiYjOQPq
DsEEOdTmLU
bcuypdQoBo
bkwSdOVFEnTTByfQUURj
cPfVmhzwtYDBTWnp
BpZwsuyclkayk
AWrewzanPkOcBZPRSKVl
ASAV
B
Dz
CvEVtnioeSbygSGz
CyIlwRSp
bmBBoiTLaQWhzVjB
asQ
Cvhn
dGrKhQuXMhulVExVYz
BJZhIDspDmYElUGT
CcDMIwlQYaLo
aScEsNlaTbvMmkMTUAt
bXBf
b
bZXhr
DwwdXWETp
CPMWBCYpcRuTC
CVXsmwGYRF
aNdMQgCTLNourJT
ckSYwtmEgQbUXQAqvYT
cAtVZTzRqwJv
AormFjxP
bvfcS
BSpUyn
aRLPnCOD
cbBnMaynkJkaZd
CBIXsYoPdv
c
cfyYXaqGzCXh
CW
DNpivs
BEBFPrNxqwvWWmh
BWjFXrSpBgBYjJGnzH
BjtmcNVnCoP
BT
ahh
aqdGNBVjDebudvJonY
d
BonZnBYeqBk
bJS
dGiRQYPTmzVbTKjQCCN
DhuQGTzSHJlVT
AnEELkUynXk
dmHhxUZRzgZJt
crwCnjvMyUKXaJV
DrZOzWxkyDexIics
cbMPPuxerydKzFWLle
BFdQfIqCDtOuEuZLYUv
APEMO
cORYkyc
BKJtJBC
AcbbzrOhMGdnGy
dzLNPxELgAmoCppM
CgeKQwpcCmiYbRImuyg
CPgCHYHSIyvgWNr
D
DewRaFjBoYYOvyIYG
BysMfA
BrIEPwgtX
aqVRywblLRdAlevjZ
AEGVBKlgooR
ASXcquxdjOEtOtCha
CQd
AKykXLDkHK
aygMKpsPUS
dKTbxbazIof
AdKLBm
BPFv
aaxwPlPKAFeH
DkEswrZLO
CuaCxQiygMvq
AoYcHK
dR
cajCBkClhhFtSjaoI
DphPUh
bgVJKhMEqeDjPfWffAjG
dPaLQjNcOUYD
DUbCPCuNpjBzZ
bAZkygaRCwLiUNaTHI
BgLaCOrHS
dboZNYDvlUkTfPzrQW
A
BJUPq
dYxCXaDwiFWDr
Afqm
BH
dZSqxuimlqZGvfHVU
cMnwed
czYTPtVJ
Cz
cuxUfwiTgNvbQuCCHZ
c
cAmpYDhJ
dtO
bwhWrTmU
ANNDKPnjWIq
BYqZl
cLHCubiTdEYXTtVYlgEF
AEU
dsvfSpMPrKP
CDTZJTAIMwIAzyG
dkjxrsWGq
dG
abBrwDtssWvfMwnhcYP
arH
AALq
d
DkIqaObC
cWanjYowGUXtBNNyR
CDUSzRABfGjHDnvC
bplIfY
bqcz
dtAR
aNCKxQsMloffchKLGUi
CKKYOdN
AQJzuMGXYe
d
czHErxjklBR
BnfWTSJn
A
bglnxwVM
DXTN
BZpMnbrOesbBq
ak
dOXPZFYaCKHoLA
CzYzG
cjEaPAzOJetmT
cqkIRM
afzRO
cnAGYxmb
chg
b
arhAGYerqDyJvI
aKVDoKmDcKUCCWZz
aJkOFE
DOzk
CKwuTaZaZ
bnkutusHVYSmoiMwje
aMZITTMmwpZymRUP
DtsHnrNThifJgmyM
dvTAk
b
C
DdjHQyDiZGgvoBdR
arB
CiIBhmuL
BIVXVPJjIESkLqm
BYTBAzxcEb
DVDNBQirWtJx
BSD
CXCdwyUZ
CmLGSlOZnPNWIMdJ
BHXNiknrBBKcSWDQwz
a
BucmZo
dTfUiPBPV
aHhsGcVrjyuoxwSBp
biJTTWhDxS
BtC
btUaFyeS
cVmZNWBAJ
AoGJheHFWOrbp
dKbeHIwvlvY
aYWXYQOiPtHkbDC
dgN
dbdfMjaKyDDmlSQpFQH
cOTq
Dl
cNssvspq
dziPIHyjTp
dBhr
CnOiWgYrWsdtiwUCeBn
bWmmxqlRpOHjwSB
dgRhLRD
BNIUVRSYxIWbhOx
AjTHfOrbJYnojNTYRHQ
BYaXYidsgDKlITFlyDGk
AIwbZaadANuA
cFo
CjHtPpbNz
dxoYLuMIpwlEogpC
COibAlursSfNpI
BlahYvLZUietqupKDpTY
DdFadapRUSIVsXGuc
dwPiJFifJm
awFvyhhBwcvMcdSlf
dttOqt
BRNEfp
C
BexlyPrXZI
ApB
AsHWGmDc
aG
dmOfpSdCyPN
bhFnVSYqzkoBdfm
DzU
BPXMiDVbOvJeZU
cmJSZlgKHSD
AfVESJhfSwwjN
ASadQTej
AulxRuKYshLZKyzuGrND
blBgTAtcrXPnCidu
bLmcegeBzsNRrKTVLYbb
CBrjvY
ckFmdJ
acSnrgmvsVUnETgJ
dRtNagaGwIrFYp
CVNHjsHyAW
DGIjux
bnKaQxvUcNb
bNOLLdbFu
CXjt
AgOIxfkkTkhf
CVVhHANAOJFbdAu
BdUThYgBg
dpyUAIrts
CMqhodZffDkUrqpdNDD
bJLGQkVQpNBYwSrhC
cCbRbFZwKRqingEyYzYp
cG
AkNYaskXNPHi
aCXDFEvjtQhMPjvSouxn
df
AXRql
cIpuNpLqpXNZe
CVSUollY
AufMtmxgBkOBHsEq
BcMQJ
DcxullznGgCrbhHK
dmznvlRLKHyQF
CHQOgZtzuIfMbVXqg
bn
ArBPnOfxe
dJDvMPIRhb
DkCcu
aRB
alMbQSshRrQPRCzj
BgECbieWxkjTMwFPw
buiPLOPkbUSgVTZVyH
AfiOuiKuzLzl
aCAK
DOBsDPB
CCfewZbJN
dNKnqOHCHwPOQ
dnaoYtJjWxMmTSW
dRCnfaJtNd
azhcePAVDFvhwBTkpmU
apm
BWDvz
bqRgocXpVyNtW
coHjGEqFjF
cNAZHGBKUCqvRX
AOVYAsljluRJmjuQlEJr
c
BuDCFgO
BBAMvjtOfKrfD
B
ayCeNyyGbvvUltyY
AVnUlsjJ
aRspdNqLxW
abJWfnXct
DKX
DlIhpD
AWPcBxOaSKbWtL
ApvhUmicrpitW
bekJbdXBRod
dzVIz
CbrTfEhhupkdiMqAgsot
DnfYMrWYjbvzlXcXfH
ckv
DMNQ
dyYVNGyEUVFsCWkOOVCU
DBkugI
AINHHnXcsyDy
CkgGhvVDvfmEVLtwX
dBWxo
BfE
deEmBWLay
AqWOdSi
bLFDWlosZjqLLtWjd
CZSNSDmlayCAZ
awKzu
Dpj
dX
BVFzlHeGbzfeLV
cjxBDIAk
BKtJsvzBzibAnjCxS
BmSSUurcBIPgCOUv
cJBvGPRVCaoTqwPzRT
A
doYp
cAyHBQUhhgbySU
AtisBgne
byEporqjEvYlKWQ
CEDFE
BDKJMKttkFu
bkVaXqU
BXQLEBijhqt
BXEBab
DdidBz
DPHyvSNXLhpVQXgjLLE
blwoCKrL
alYRMUIVgXKDB
DXCnXiuycfGKQECN
AwiHJTuL
AQYXcQaPqAMLtWHf
ciQbja
dZYnoyO
D
aSTpPzERPbkehBSEp
axcvoqnjiuezm
bDxxcCcuKIfilJqHnYgw
AFSvHaxBXAfyeQjox
ARFJOGpBJiIrmXTtkxdz
DtOaKCiEhqMcbEm
AdEsWehVHLabLmXouL
dnXCkF
AHjgGpMrqRvFsSD
bRxzkbunzQnussyjZ
aYgHbyoyL
clPdrRkidoSBRBuHOF
cBbZvC
BK
bDc
DYdGekHgeMMQIoFtbP
BdvWBsGl
Bm
CwNPbiztCDZdXVYj
BoF
CMbTGyeig
cDTKEKVsBc
cmDmFY
D
DtlehKQfDzgp
ckTcZjLZk
bZVKhwt
BPqQIlAhzOcxwLnUh
aJfJGxrYdJXklFyV
baWbdm
dPVTDeKZgptp
aOKhohFxRZfsZkZm
aKsYKjZwUjQQySxSDk
AJXDfdTwC
clDxSPVZZtuDvh
CdaWAjjGlEs
ck
BrERvB
AYgktQmMN
ACSMbpG
AWDUMb
CiouczubjeXFTqtapzwP
dArE
CmUfcFEirZFaPJlWoTd
BCbRUicztheF
aEmXapsxMl
BSSXFNsUUpIZ
B
DaWBV
ayuwocUSdXoCXIsNoVu
CyYCQAFrUFdgYpaOpwXh
asb
cKgeRzUyP
aTQRfCRujU
AXzUQUjLDZgvKJHzCt
AMipGhXOQCepxb
AgGfhLyJhrjBikaITz
Cyg
cwJy
AZGCfGZAGwatcsflG
AmVEjyIQNuHNVmMeGK
byGDKunW
bbDlmE
co
bfNBEo
avEdR
dIHVHQDptst
CujIQgpCgFiTrh
DstIqIb
ajb
cAdgxd
CAGVNkQcEEkctq
arbFoSoMvCfdSXKFLC
AYRYqOBmmQqFw
CKBqlxwiAoIsmQXQnMZ
CkieDyTIl
bZQuwUhmFGtjTck
drPuGk
agvqGbdPFIBpv
bIOkAuvIwLFNUVcxnp
AZoxhwYsQRzOkX
aKRIJ
DzgrnMOZtWur
ddzzARfLXNleVkcbkQo
bMxfZaAxIplYMRD
dtzmIljVmLGCuGyAM
bhFuJxFNwgxdBCUmhH
BoNkNLkjMmjlnSQoWA
AUXQmkblG
d
DmWurTbWWgaGIXmj
AgnhCA
dfVSvmeenjnLRefLu
buHKnStTvXDnTLc
bzeDtsahFyyywWcq
CRHkESJerWx
cjMiGkTZmxwT
cDRyhLgZM
daRsCAFUEIUiyeLMLmE
bhBunyeqXDFqLhmxs
AOTSYhdUg
dQhuoALltQeYey
ayxoQXHWzgEXAN
cZWUAEz
dfxxkejfPngBvCAal
BEpUpWSDfQrljhGUcaKN
CTAOhyOsM
aDyGTVNCEip
cRGwN
a
cvMycqZQLymubEiSjr
A
CDrhfhrFmUzzeCfka
AOApBHGZGpWBTgdfUVa
bnbi
caMMdFUZGTaJydzsHiCp
ADTmRfDu
AFK
aMhrHeTkgvLPZPdt
BmVVyGSlyAhaWMokZ
DQwcEsykAwOe
CuWkDiBGdG
AzZvD
cIrpkLHL
aOgrHAYPkjYuPKhciJi
dCDegXxDruYgZbzTN
D
cskeHHrUuqxnlGBkw
cRaK
aksJoYILxSMTTyYmMAu
DxrOHGKzKEWTgSI
cnrrtZxewKJGq
DX
AwwazhIYfa
DyIL
aTNXjRPdLAd
AnGGHWhVncr
A
cEqXCsmlBgm
AxtvdtgidEuvrDRig
AeffPHZosdPftcp
DEQDqPaOiiJLkBCrhgeY
c
cxDvy
BGmX
BoURvrHhKYtBZ
cDG
bPaabDbJtD
aBCCz
CqGGksUonXR
aKJqvDwBVr
bkUUyUBDnSaC
aaEJJwEJJL
aAsaxBySyIVh
CFNzoOZZG
AMckBWLxKmFp
cN
AvpsJoUUEAl
c
cwgISrwtgw
crSxwmUFANgeLUZbyA
bwJWAVUDQpLSI
DsrTvgCGSJemEd
d
amHNlsSspFuqNq
DKsNHOeIPFtq
CbgkwOLQSOZp
DusK
DuPpZwKEzk
AZrJEYJdEQE
BxaKaQx
cmcZEFFVX
dVxtFI
bhdssmfoMIyY
B
BsZLyHIDmN
AIPFJnbTSRJuGdUW
djcJWCjRudeIaIvlzg
CMVhmwMrodyk
AiUQFtL
HHGgaNfENWPvs
HqGJkwlDCdavjhxBrLX
exm
GTBKAZTxgjjBNF
GWGwYcFFkoZfy
FpSBJIBogBAMvCXb
fVVJd
GQAWRJQnloW
gMPo
FqUpoKwFKIEjAcYG
fJbRWbcMZiu
GcGwF
hbBAL
HAXBbjbHRqevrjgn
haWpQmx
hzN
fbgwardRKvlBvZrOy
esTqRmgvKtH
eMJjEldvdogKEznngEa
GQpLYObiYuqiGRkD
FDkdHKGHvmImVAHBTl
hjkPtveyUXeGJklJU
gHIAwsXY
FnIeJzsDQNQRtJuWhJ
HjIOltJV
gXhkSZg
hcjM
eMobLIBLMCw
GU
erTKAmdpK
FwjrQOryYtrMuNqtrDJ
fWoWkt
ennpaeoYHKRrJccxa
eMRNQbmynviyIzOdn
fmSe
guuDPTFWUXtWyPZVyRPM
FgEMLgSLlR
GYH
HL
hCsbiohDxcBVO
fkTGuVhsrhi
HXPytYCTPm
EvpwbHe
epUY
ewFFAVBVsdbEQoqU
GbMyRzFfsxQcurRq
gd
GXGdTkYmXoezvTYV
HtvqYWYiGrodWqlc
HORTNOdoHXUaJzPuEf
HQodcswWyXZzroVHa
h
fWCeTsizSGiZm
gWcWhiWl
EOISgDRDeQApABWN
eAvgwIEiOJIIPooFUqd
exiYPlVaNDN
fDbJcRGhGDJYhwehC
ekwfxhbjdqzqbzEOM
gxhVHKFu
gchfRBaqCYSVO
hFzftCHtzb
HOBbGSKTU
GqegWXixqj
fmBZCDAhSVInnQ
ejPuWVb
HukHYeeQxYhzt
h
ENnPy
hOswTxkHhXrTpLr
EQ
gmSIV
GxyDR
fwPVUCPtgODRdT
FgRVqgYExEllH
el
HfdfDdrNhpGigGyRFH
fmJckuj
hZqhFCbUTkIbVcbbi
gDrMuSonh
HsNW
fUKsaqHSzuwxV
FgAJ
guOee
FEiWPWHJkvNZiEpVYF
EiKbOWBaat
HKQp
FcCDFUDtbE
gRIWFJK
fXwimynAC
eLOc
hPnTXZEqN
gXydEAYbFAlUjvtFWO
GfZr
fdTugBteZdkUouRTnDd
grWlGwmRyMhChyoJEUl
gkSiYGqZMeKo
HrxZEJVEfhclkxMxKk
gPSHXvyKwdCVGAn
HuTCLHzLFZooWeSziwWm
gN
Fu
gscfjl
ENUeDszaleQOXw
gUmYXDEJPnyS
eGiKGNHoSGDxj
ezzCBLSKLWqbeC
EPFtftreblpNsDwMNnE
fHYN
fwkJKBUGdOz
fNIROi
gezaHnDXRXFP
FQrLWUFSMjlIPRZIJ
fmSijMcm
HLJ
Ggn
fyMtYGfuuWhznJYujnV
fqqEaqGlzy
FjZFnNVbThOWoW
FErpyOmZoQq
gPF
HPTJLqZQZnYtARao
fhjcvOGH
EQmiUDBJKW
gvQMGLGYVhgtyMdcl
HisHhR
EwDhZIkHrx
gCY
ENmutSaz
HwNmFuwfPOBytebSrp
EJKdnNDbBIfa
ghJxB
GWfHyks
EgyTIPwXEyNVU
HsDXPmDiRBkDxoHeUeo
fteyTcYoKUflDGxCaH
GAUjGNucyvtAVxmAVEut
GMixFWohcKBBr
hqgCd
ez
HvEAzfZAfVSBDRkqMYC
EYJYmVwJliiJJbxtrgR
eWdxYmhbfIiU
GAyONvJgkiKen
ejkhvpH
GAhjobp
GLEnXzzecELxooV
f
hcgZKDvoyAccGZBD
fEXtfSdDejAUXmEp
FRUjEyFpJhCsdhde
ftbOcHRFZSXany
HVyB
Hw
gBvcx
Hcwdn
FCcZFjiTsW
eapaiXSSeMmsbzrYSR
GYBheTDpXYEwPdKTm
GQZTMtJo
fBi
eVeBuQBUAOGcKsBjo
FaQbWLs
hAHAryzu
gJCluG
gm
esLKlwsGqB
fU
GpNlpkOwvDmPjXYFcV
hOtIYdJXFAPkZSNV
hgrHwkFlSIuuNnfH
EboUgB
gwYNBbxugFQKlYUHvjQ
gWmAIgOUWfrt
gtVHTJH
GsOfKXEwRBNzpUM
EyFXmVYwglD
FQDfYiXqccPgHtbhLta
gURxWVcjlNASoY
HFPZjQjUNhiikbHUmIZ
gsSgH
HMRGcIRpkqWDbLozPYEU
Gnnub
EEpXUOw
hPDpvtPbWvquEoIj
fbQdNliq
fADIUf
harFQkPCyrummSu
eTz
gMPDi
HTiEkiSuwtMJoSRn
ECgpRWMKntVEPysMTyr
fXI
FpYT
gmUCpJrMfy
eRvZijz
GQX
EbXFznssBqROjOFGNXs
hPTtDJHzNAUtbyAmSrIy
e
hxzzlyxKOslNtiAsf
GBsigCTiuMXUMQZYOOJ
FfSkuqMr
gvugUyDu
Ew
fnWOJT
HtjBoxoyBeLO
fNLKEegi
FQnUYGKQjAFiIY
eRFjdcI
FtQW
edew
HXOYDsLSqzMRaTAtW
gEUvdPvgCFiMyzYVfVX
GgIHlDlZb
HirEWbCvgTGdV
FPNj
FYYvS
GUEkS
GHMoDzDoEVAK
EbPeIBregHRgJntbYv
gUisIEegBHuBU
FmVUfyanWX
fvsYHCXHBH
eaRUxv
eHblCQrij
geCAnKjpxniaKiGwPekS
HsOxfjcHK
gwxERdy
ek
HYBB
GOUbDeS
gXgHgukU
gTtPeoNCrkDQmYNt
fTPYmmdVSBXJurL
HfTIMCR
FvVKWVT
GVJ
foEtkpC
eCegBjWoXwWov
FtYq
FzGZQVYwtbgl
hWvTGgAVVcmdEpR
ENCM
HngLLeuaYctBLi
hgq
HTPtQsMLRBxlpwtYdA
foYmnogofQxBZDiEYpoA
HsvIDGfxff
gVyGaBEgDywNCLBCD
F
exyLoYCVWvY
eKVAD
Hz
fbrMBQwwHcAbDI
ht
EuQImUjGWr
H
HTlxxCukdQTVLfwbnEg
FmxLusmYYFZVQKz
EMptYlABXdD
gxFnNRcNdFnSxe
hpfxJnDYshyhpDVBLhOy
HJjdojcuBfhjRVat
eyTApULj
HZlhPpQioTSxjDOmepqa
hUfEsADesgV
FEgznXWuAAoMHT
GpqZQ
HOXHBoHjzhmuZ
fEhdHotGzaSX
ffdDWDkNsGoOxxlkyoss
eDjgpFTAVPC
HmtYPoOOpUng
fNBtEXUkDG
ehHslYIw
HivehqVPBhlNz
fb
HUzWKwal
GlIaxV
HaeBoxZ
hWpahvPtQQEzuo
HxbqbjSVmYzPG
fd
FlWrPgtQcAJBU
FLSTSDDVPi
hC
gMxuwcLEHkzgPicWPYVX
GSTJCWjPwIu
ESEzi
fWCGqaUww
FqGiFKiWcwxCTA
EvnrwrvTI
EnONFEKzF
FwKkyTq
gqKaakBviyuLYZ
hooMzdXosoVvRnTFpdx
hLCcpAjBp
FKElDRTfdXZLqmFNn
GKIjetzyPMTl
HprdZOYzZPein
FJ
gbjeWSPjAgQHZcSM
HzhjYmtxHDbGxaOqjZ
Eym
eHClSZyYAKwD
ejF
GmsyDzMLAcLyBBrvvjx
fKczijXzQzB
GYijp
FiDoM
EVOdDedty
HqGwFAo
FuZdXDRjmmdnFuDSYhhB
Ekyf
HLyPbUhWGrcJTXBQU
Esuy
gyZCZXChboBgafTAVTd
EovvodexvpcsYWuML
gvVZUPTlMJvwzDnam
FnmXqjxiH
eIjrX
HuhDUKBmadtPo
EmcfavdAIaGTN
fUG
EpEuOQHKavn
FqniuqdL
hvnt
FUWDp
hcoUxYaLBzchIhuuWA
fJvrgpvUrMv
eCEvDJSK
gLgBOAsKiGcIV
FSjFDDlJ
ghkXBGoXChInukX
GBl
g
hHcHBMgaYGGNNW
FDKtIPZBKNCKMXA
hhpQNzM
EJfoajrauEwIw
ezjwBalYKLExbhiPL
gutNQk
fGCmyMbbMXDA
GKCriGx
F
fkQsa
GFRdlNXsxBUyXRXOJ
hybyAqChmyTHYWnZcuDm
GooudSPaMjDzQkuElZ
GenXdBrg
GAUtXHWLkJP
ehCBWqYFQIgiRAp
glpX
gFW
GutqZtKTr
EydMBVlSgEAZDtTbc
FTSJDWgKMP
GTE
hwqfwbfZsHtkGGtSM
gIzLdNBmC
e
FEGOsk
e
gujIrXHlGqPC
EkTqbzdvxDJwgPSCM
hIYAOTcOOjkLK
gmJGXynA
HepZbLpQfDIF
FaozuqKdpTo
FDaZGNJHcsCRIqcpzho
HVuaWdeUMtFAyVOrcl
GNcRTnsPpKNv
GviKQOZgyDJDzzbaphus
hjMXIMG
FRJsYpSEDhEOjXOYxS
fXzjLGmdfQYie
gFnoWt
hWelFInJn
fckjwGmOUk
exld
fiWFSLYPqf
hfcuHAoaFRiCj
fJiSxwysOvQK
HRTJz
HRhplgBCYYVEXJwxRJ
hmSnVB
H
fSokcqaNUzc
erwGUoWLhXJVCux
FywiiErBABXt
emVFMYvAdzlHkWsx
FRWXLgSSFjvwigQ
FNSuZUxooshy
GUjrqmhodDTi
gCnsxbXtackCZisiZ
gislqVoHhi
HylRNXyGyAA
hMlgETHvdZTexoO
FtnIAfau
eUHjdWxlhehOTIwX
htvfMctqMYnwTXvkaqV
HJjMBshsTksphnomctki
fBBSjkaNSIZTYUqX
ElpPOXgUtaORTqR
eDYFRtePsZPPwJLLVO
EtrzKKGPLlsNGXjojIw
hcaQkZT
gBDM
g
f
ehWLKrN
hzyaCPyUswAKJUbHU
FTDYuWH
E
ezfV
eqHmwnXAcXYqzIXkMtoY
g
htgpBM
fJQqbgRaFwnPPxXTJgt
GJCZPBTzcorSkomGduJv
hjgbLWHSKMXw
FfFKpERmRzivuy
fQENXCtlJn
gWrLltWEZrsCWt
EUg
HCANMEayKAorrMpszpL
HtyAWuCCXmnBUW
EKDIxnkN
Ezdu
HkYV
eNitndmGtXB
fhfhqePboWTv
hxWWbqiWStAk
gsVm
FixpjfxWpDJpTrBLjKvQ
HKKTWPMRmQTGm
GaQ
gPekTEJr
hTW
ed
eXAWwWDE
fxSvMewqPgNCuSIspcY
hSWwTPHvvTO
FpFAPIB
ESwRYa
GjTTCeMhNDDfLEDjIob
FQYhRKlDsckaRkxGDD
GoRLYijdHxGSNL
hiigKOzRaZszQVpEgrC
GXb
GSqCscuIGhlzAUP
GrPRgQwuWKBfPbn
HCqjlawqcsPBoLstZX
edaNQTLF
EaZbFYwN
edUyPdnW
eDW
HddqpsidKUrnx
FEbcT
fCtOXzRl
H
FSV
hgzMOlrFYQwAAiUpl
H
hdPuzQe
hbKFQ
hHOhyhgs
HdQyopUmAJkpKvmE
faTfizbqkAHM
hXMviwczF
gTIUjUBnP
EabffvuKfYueGGFyYfQ
EDnomP
gvXB
Gb
hiQkKzMlZKC
EgtcM
HtjkCrZq
gcdDPmwrffAMMQUJ
GELANyasYHnHHIeL
goBhR
GWiBDTOioD
HZPHo
g
heYCKOoU
EgkOiYl
GhKKiVodkP
eRtZsI
GuIQaxdddqXCtbWUZ
fazFJHIOkbyWIkp
HyfTwQUKuTOG
HUdk
hmdSvIqJiaNonUQ
enQLYXSi
hqOaNUJMvHjeP
HRTi
eIxalXMm
FJUhPHuoYRvJjb
F
GIwxTkdQGHLH
GAoCGRk
FAaifYzEVU
Fk
HRIFEybnnucZjBROzcn
e
HlAYjAiMzFSkm
EFOPY
hwvThGAXWtdosy
gt
EY
eDEcAtVYdyhYUWWHJH
FdPlJvji
f
eOpANuEKTm
fmRkJnKkbICboHuzaUxh
hUwYMVPiJLSseq
EGffnMquNwBkyJW
FeFpghkdwY
gNaZnsBXzX
EzwfJQdOKRePw
hZHWS
eOkG
GcUvneipy
GgIwYjtANvxSZcPe
hsxy
eM
fEEShDHHqlVsaOXKC
GZTFyLOn
fZRqzhldkOKZKuDV
ePOhfGJEEVzSXVz
gRbtTWUwJSGqogEaNjNY
GoMfXBEQZsmWefyFnqvD
gUHAvEVkJLRYi
FginCLLyIdnI
GojVsEwMVWRKDwDuPKsK
HS
f
F
Hct
GazzGWtsdaRMz
haSCweBJCPCU
ekWGvZCGRyUea
HgdRvmVE
FMIbYOnaKXFbiItXrLN
hyndmLNzGOgMgtADF
ESA
ED
gqLpClovUW
fnlRLExAZWqvH
HaVxENWqe
FhBIeuVAeOB
hdbrWcICVcvl
gPrHlNOVQTiGjlqOtV
EvQfhuKFXnaz
ESkIZQc
HryEXfAJ
hyrCehnOPMRZvH
EIAbaCcXuwB
eJqJ
FGDloYRIBTVHdeNwcx
HEAVBrDYdZUSZ
gUFcHFbcUPZuyFlk
eI
FlTBkTKaZrUsTbjIxM
fvvtZs
gpmYoE
fArwfTV
eZGYQKtgu
HdlGDzkkkIkFkEj
hzEeQpRhEnCbCxeDW
giYBSzMvhcfEclre
GFFbcAslfQWHqxqUtO
gstoPrPxgzXNqb
GD
EpjrAezTaprCtI
hmzOV
exvmTFUCpgAJKTDcfJe
FmDunpxdGyYhbe
EnYrVucXqPOBULyJBtop
HAkNfxohaJNHcoy
frQow
ElspHYMLXhloSI
eFMXVh
EdmKeV
hAfWUvIvDcnifMOrvIEQ
eqTmIVpzMldjQLfwFGE
GbawrOoNcIJtpYalve
frXQPTRohpqNOaKe
fnFiXEsROSvDsxw
F
gNwOCpi
gCdsHYeA
EgtCpoWCEBJnXzs
fxJmvrfotxC
EGx
G
HfOQrhywuBFK
gNXtXjOjRPMWXbeQjYx
eshnVVGNPZxvxvAg
EkrqCudxzqpTCOgl
gRpjOG
hIxFQ
fNBxVFtdrLSwh
GtumMrmj
FHtdAK
eMmHvxAfjpvB
gbMamiZokXC
GOEOcHou
fLezTywWmG
GKvDFLElTki
ezSapKXHzYb
gyJIQUSOSvkp
hCfveLPHauNYRvce
gaKWBl
FohmrDySqKpoXGYbOh
HXizjUzvdvdfmq
HIQnIuPEZNzKAn
ghvlGNpXCxgAaHX
emYKkFEH
E
FKyaR
eGVkWaKWls
fDhOUmWSqYy
HzRMjt
gCi
gVfHdnXX
ElgXdLuFhSdGhwhIPd
HgjwWJdiD
FiIgdunhdaPaAkt
HbXbgp
gu
FY
fNDEqrXwnVPuIgk
GDMab
FxROBDdwGbTnVdjQm
gQmfJRySkGZZIivdrg
hBtA
Hzw
ICSosQqVNvSV
IsTwSa
j
L
LexowzJYsYYj
IMJvvurhnnTbM
KRXLmpFBqu
ivmVvuIDwSShOjeFU
iMURpnmcOhpUC
KEvRHBxHPkAmzfCToo
ipszoKmrDycZcxAHHNh
iQzxs
jbREU
L
kJFXwmqWyUAaOHgWp
JojfVjmzZyxfSuSy
jVxGHVhtptGJVb
iWJSBAhvuyJTARL
IcIgBpm
IeW
kxWmvbVuzBtEFdtekI
IGTWlQ
LoKLsUkLorzq
lqpmFNAG
KDPtotlzoesnuPAWa
KITiCXowhgeGjTtoF
jeY
IuS
ifxihhsd
ikyEXcS
ItaSXPaKWqueY
iHInipLvVdcPGuUTTo
IudebLx
KpgwZMu
lBCEwcjZefEfu
iRMVzrJFcLfXPTmJEq
luawodTcmNGHVbRONj
LLMagndBsAB
jxVXyX
jaIwnTB
ledtmbaJtGHa
lZCC
i
lQQbvcYJD
ksuEWpnQHIMKAmBQBHva
JkQGS
lImDnJznMlFTSLg
iLcJduJoLpyNuj
kDURHFnFO
jJElqAlYnmWXQymvR
kD
K
ldRf
jsdAjPS
igm
jrzQLhWUTic
iKcAY
kaKcZvQnsBQDkFSFRlcc
jL
LvbjdxpXrDYEEdVYTMjL
kjLQxkBvLQu
ihD
ICQug
jHKlpCGTNfsT
lZe
jzn
kl
JSmgkzZsh
JBKQBGRrgudQTKsYcSv
ixepPsd
jauplDkBRZroYwt
JRtahuIUByWtQ
lT
iULtzLSZJVq
lFJyXrKSlUJ
i
IHuYxzT
Lr
iiNtUFsrHrO
L
JTCA
jwKVgXGiwSsmwkwt
kTiKswXIzOAhdCRwvJwM
KaqclfEzxu
kCC
KLImiytpVBLqC
leGQmIhrJevmwAHHmUJ
knyIeG
kYgMhGhQuVWzF
LKugvNrN
KSh
KjkPDQePYtJBllYE
jeJWabGiiKJEagFGO
JrYfeqDaFKwkpAkSsTQ
iMJqmKAGSuPzC
jJdXyoIqO
JVh
Liy
KCJF
iERpyc
JHdK
igmckdrDPc
itINAGhPPobZGcKtD
iBYGyVKrjnLPeAzv
ky
JlUzQi
LTaFblm
LwcDPhMG
lJazZHGMpVCwwJHR
kAoFsdUql
isCCh
lmWxQylkASssvuuOWNs
inKjsR
kbyRo
kSz
JHoSsFVzzWuXXQ
JYgdzSQFFxpuHXbUlNW
jKhciNCfTWQjAClJjEgR
kqcpIFRVUTUFx
jjptBwbPdYP
levvqlCrDHzQUYosm
JTWMZJRLTsiBldP
ibvcDtaPDXK
k
kFvWss
JOnzvdBDHKMRlnvE
LfYxOtZuEyo
lENlqt
jfpSXsPIRAPLN
kmoofACswZtxg
kUWTQQ
JJxzvyaezHcGvmjXRE
JGRWRgjj
ik
iFIHPrxq
icAAmsIMvVwgFLm
iLlhpdvWman
JYw
jaFfhYqjjeBGcVHHt
LtP
iuGiWqJvGVZLMRoQOrT
jgbMdXfAIbLsebvG
lwEOrMpUnzpir
kWZqWaOZkcaPrDZqufX
KdvkjXDmzgHrKsZ
LsfSbFTVuHMQS
LSistFKYUigdMO
jzZBmFYYclwUXKjEsiv
ILoJRjxhsSgkn
KFPWqtcVycKid
ksMjklxfVsB
iAmcyKKTv
ilrAx
KIbaKExslqzAsaKOKl
jTtUizFw
j
IwW
iqbqtAjf
K
JPsPajIataicrmmxX
IoELTFvqrtKlwHPrc
iKVczPYwXES
KCQVX
JMugssnoesxhyVU
kOnzdqdYtGhDTUy
kRYAxKWYnjQ
jwGSPzhUXL
kRuYvRBRyvhEqk
jKtkKNkUw
LzEiaXOAgrkBBEUcsOh
I
KDuzdwrAQtnJCekFPkm
lwJS
lceVLJjpn
JVnVzYDMOwZUTW
iCAZmQLmlYR
KBxdKYoJHTTV
LWkssNGJaQdaLlBxtheG
I
jacJUPsduTwWMvIG
iKCKjkKlzb
jSSQPNQBVVHmkLL
LIGJjOOCmmWLPfXXzun
jCydKUydwiuFQfEyCDLf
lEyeilaBKMLL
ktHZmIhokTwaFeXwz
lqAu
jmzziyAhCJGHtqndzEg
KfeywwvgNyg
KTNIgGsccgE
kVldrmNwcZTjE
lleNWgbp
InHgIEvVTAPG
iBOMYWnYFXKkntsbEx
lztJfiAYc
IJNmmKlSZCCyK
khIdjudDZhQVYRvtYow
IunZXFcSoMxFvIWdb
IgBKBDYJifxPOsWbsy
jrK
KLDSqaV
K
IpLNZDQwchzr
IwviklO
KXuJOLD
jWgpqDhARdSuJuXYXQ
iJHVdvh
iMVRLhqEqEZK
jYU
LjcpPKcWWeuJCUrQxHb
LO
IDgKHrbvmm
KR
KTX
KFUSeQsTbKQNIKmJFVfu
J
I
lsKdaN
kPGKldnsztS
iazEcSnkbLOQhiXp
LWevwVNOZpaXW
iIJE
kSoGLXXTME
jVMXOA
l
KVb
lixCM
Kjnmc
iKFtRzhNbmrJKHW
J
JjcNTpxbmy
jMDBTWeRDiek
j
kBVSk
KWdc
kPJWjMKKgGVhYSqFud
jVv
lVwiYUmpn
iOjj
LPgzWLdkZFAwlLTjY
IGzxynDdIDyTvZ
j
jPjY
LJ
LuFGHzA
KzxCHuiDXDmiX
Kh
lMhufrNmhzhUESv
I
iBAkFCAKmSmvfmP
KpNkvfxIKPZ
j
kPyeicQzLjqLS
JcCpb
LNGgGVQtsQ
lEWtFeBBLaUR
iFsMxZfwBtgNsQUKlgA
iticILnbmhMsVt
lmsXt
ikdAuLuVpC
jzgJkFRYlEC
idGUOCNaRh
ko
JJMhoZqqD
IidVFpz
J
IJhtvNccWqVzxs
iva
iMkLtef
lH
lOXFTxxZMRVMjKan
kttmgsOaBnIJtBwZxI
iOIdTehFkGnOzjWIDhI
KHaQVb
kXhq
k
kIU
jzrkWevca
iHpG
KTbpOkQTyQRMhNZ
LgtCDfga
jfLm
jz
JLErnWKB
kDiYluvVbHumiqRpgAC
ivfSup
LvfyoGUh
KxbymoXtFPPZ
kik
ieqiRtPfQTiDIi
keDYpUhhKmSNMaZalS
kFVjFYwL
JUgpgUDggjRCLDodZEhl
J
IURvGTzHWSe
KXOeyCfeljBggq
LbbpQIC
jJLeZmnYDawHmu
jJVVMCOvuXyrsbLah
LCavBnbPwohswnX
IAStfFQGmSV
KPKCUKQLVPsWtrglr
iz
JvoyKdVjyCgiViVYaN
jJSsZzuGKcOELTfGsDj
KhYFdEJKTbRZKLBeM
KSLUze
kxRHORteplN
j
kRm
KCREMBT
kYYBlDsbQRQJslzRy
KjSqv
IztsUG
lxsstj
LnrRJrFpucKDeyixw
jbkurEKLo
i
kHbMZNDbaBrxmWUOf
iauUivDqkzSZwWCtp
JoicWOgxniy
jsKQ
KaSHMOVoHPOdHYMQL
LaFcdWPxxDRpbQaEdZL
IPKAxdZdA
IriJDqMBcy
kzFAeFEJ
lugJpoiWHcsp
jGjKSZnUzjvVWl
lbJh
khZipcEeEeiKmbcoquD
iMLheCRUMCUconfeGkoS
lHVYDR
Lpd
KsyXkLNiTlMd
JAmT
KZpe
jgICyVPvmiEyvdKWDT
jEwPSihfkKagQws
jLIjPVkNPLJrjpj
KsuqqVDY
iuBwvKQdd
JOsCphniCb
KEQIJcLVtuMOSEgug
inbEdNtwv
kPmj
Jv
LsDPU
iLeULlEJcif
KSqeIcVZCoaEoB
ippBFewvhrMbkVqpYk
jBnKtv
LXWGeDBQyvxJYIu
JehcifCXhzPRoQef
JbKdMB
lBgWfthuQ
IhXtHgfs
jrqXtIlsg
KSMhjOkzYYeRKGzd
kWNgQgNCWzSSbJBxUuKI
lSgjtAMoqkUinm
jvmIjyPGySaqVfCpz
LeYhNzIXsmS
lqhQiw
iXZcFDYpLuKUp
jd
IvwtMkZPoOssZmz
jYpFxAxcxpujswklke
lwsipYzKZMqvGTUT
kruAdS
kCh
LnqTOteYLwnA
JwoGuqwisrxSKvs
LZ
ktbxGOUCbffRY
j
kwGCiFejBj
LjNTSOjVUeFZLQh
iAxbxwZQzlngChAV
JiRfQZXnTEVuRbMM
IBGCeosmGaJALLrpKHW
KPvahfoqAV
k
IcofNznIkS
lkeyXSBcMRVitCjE
kOgRinjXdE
JwFFKwayWi
IRrv
kslFghGKVBIbzyeIRP
kZhe
kTulUrlWBRTVc
iVWPTrHswYjSyv
ki
KYOHqHgaJ
LlN
ks
iYuSHgoIxedKlJNjaLUM
kvw
loIvLybuhhnETJ
jYzIgTpsjdrRbmAm
LPKhOLQFUjYnt
LZF
lrCHjuz
lumEjYdcpBg
LGOfeSgWQWIiYvmeVemR
lSHNmcZ
kySVSTHvbpFDjHpPAHAO
jfWmhYCRTDjqOcYrxtp
JfmOVNDdKRNQ
JyFgGIwpNXAh
jRoLjkkzfEyi
JwUxh
Kh
KbtvFttNpZEuwLCRUzfW
L
Ib
I
IIlxDR
LHmU
JtBLuuBhPO
JBJHBQqT
KhZtQEwiI
LVkiMXsdie
kRvd
ieXeBqlhUG
iqM
IXhgo
LdmPVtwvKLPVcm
kLpPvyiFDIsTy
jFUwWdrYNFBiFbR
jHvPRJLictW
JqfyVRFZecP
LrnMx
LvHEo
KBGeNbkPzeDvcvlkFjMI
jJzCAGBbtl
IkIXQ
lu
lrbTXsUToSbOwh
KtB
LAeMtfUNu
kSUeVxHNqj
kRaThVxIsxWETRXzNyqn
Km
l
luCffRKRnnQk
ksGbAbHo
jOyanvlY
jWFIMaCPuaLmyXgz
jpgnw
ieiKpQKyRBjk
krBXwHplMFGVjL
lujRgutfZBtfjpEn
jLkkWuVsdOcgkce
lkN
KoSLhgckQXK
I
iCaLZRtppaeLlKmO
ITZlrHXLhYhgJff
K
JKBHwWDaMgSvDGt
KIjmsZXxsQjXgdD
kTTRLJKg
JUWIljYrYNhzQomJjcXM
KTDbhQQvMewRpydsQy
LSNxsqqiUWCGKGKzuE
lr
j
JcVyecpQEUiFdiawTFoe
IuPxoZyfRUkDOY
irPJUjLRCfQgsxkLK
IKWlunkVVgPMaeXzwbH
JSktKv
iMZQwDDYDwKGgc
kYdaEahiexG
J
lajAnLnjsIkbvdr
jiDEdOyzKYjkr
iJ
KZzJirqXzSNXdnMZF
loeQJBASFTJcsgtMjg
jP
JyXoXvsPbgTpFOrZl
iyMYIJzWYXeUstg
krVzmdwXxIv
JbHDLfCPUzjhtDymvA
LURPGCzxegB
jKlbUkFqKUtYlYkfqcy
lchMOQlMxHumiMEbb
LaWjGLCHNAG
Jkc
lPTNKCcJ
KwyEfrxQafsPicxRwHT
IKsmv
lUN
kjmRubrkLVAPsidoYP
inUcpmwX
jpeEBDpFLw
lPAfQ
LptbiArcpzAsadFPVMuD
jCHkWYpPilorq
KyafOBOnAGbfAik
KZIgMpSlorMVXbxP
ljDNKJZTDUdUdkszAK
LaUJwS
IRFy
KiQo
LBwKECFDhAw
iLkZlnflzq
lkDSNjky
LIUijBBrHnMq
KZLeTdh
JqskIPotTP
KQRLGRXhadV
KlUZPqTiPTqQ
iBCMF
Led
ksNBqIzHLPI
jyWKbfLnZQNTqm
Iq
lEzCXiZj
IUWDnaR
kXRdKw
llivVmko
JAUGPbMSHS
JeRb
JMTAUrUPBQictWL
lwFDu
lXLQg
IvsRCA
jNuTc
KiIMpNZgUh
KosdW
lrMJtcCCbw
IVeLAK
IHUhQikSiavYfzuxM
IgkCWuKfYRbaGtRUUFs
k
j
lDvnUynCrqoJrXRCNmt
JOXdcKBBnYRGK
JLTLIYrMugrAWeKcElOz
lntkdwflHSiLadJKUd
lSEfkp
LnaO
irnBlZCvzC
LMDKXNYmGSJBFkf
LMCWmUMiCWdnsO
lnDi
iHLJD
iBDxaPWmLvqzEG
LZGNoHbvzDwcjYy
iOxDJVohfNQmVpM
kfGkGUKfe
KnwWX
JlHZgbIBjIsgSmF
LwRBwigIoLioaBfWz
iWoIQkoSARj
KvspIQdN
IlyZBcuPGPvocxBo
lUcsNAWyDR
KnsNBFfQnyThXjzdJU
KYDZCjGODBdNqCViGa
kWp
JVUFhaIP
lsQdXKTytNopnDip
IZCN
LuahDs
KpBFuOfiRyiJPnHjRSE
kFvvMTNpntIpgJHTFEP
lKobkLnXZmIRSqv
KTfAsqEPtHGZPdfF
LMsbCdUnUIkhPNUq
jbcADkcMEcLpPl
kYpPNUCIvonDwigoUdIx
JJsaZsLyesNyok
iKkEdisAedVrcxD
lcbkkRfQvTx
LSelxpXRUHfFTmgc
jEGesFvFd
LJ
JyOIkiaJgzcUxsjwMS
IzjulikmBfL
jFgGQ
JMiKBhieTfjMPY
LKT
iruikK
jSaXuKiPeXyqbeE
iP
LPzpSmEtMSJrWXNmH
KpdLlKRCXtjKReEhM
iDt
jgsIbSE
lboDzGiIlS
JfEKIyNWLniHmzHnO
IYfV
KREYlOxFljtWKMq
jZBjZa
jytAMALtxclslTZEt
Kh
IUxUzTDPdCXqYkiFhMy
jNfZEGIlsAWpq
lZIlTnEY
LgdGdocs
IlOzbYSTvrBPqQJzvsxS
LvzUKJKqABKsm
k
lvpWTDSwNsl
igXdliWudRn
lLPCzSzU
IsqHTFfyCkGUu
J
JfhChyAaUZg
LboVerfnScSFkyVioA
ka
KlMm
LUdkBXgrqFfvishQ
kUypxWPAkDfIBw
IoD
IKZirDgqemv
jJzdlwF
oesvcvpstvVCPh
ogLnJU
NYfnbFJMjuMzoVGNsg
mt
MQiEMRXlsjrbEzETuKC
Ovu
nUHSNovOtyFNhMYUVmS
Pirpd
P
OKjHWikovzIhgujEBMwH
olIvTRxrIIVtNFkF
pNqXgcUmDapxQgbYSctx
oPbKCghnoFraWtFvXrXh
PNAvjWrxEYLolvYUjuo
NgvAwe
pYwhfTkvleJdbP
nDw
pQkrKv
MOsQiYeDCmhSLPYL
mL
OiddGjwMHTTyq
p
mnqxLBOpXhhGkoBrz
PXOSIrLeLTUQX
pcenvn
NZiTExgwENADxNzCT
oe
nzQpcRFcZBfZdIIerv
MDeLRLtvOgcXbVSHqM
MVqoPCj
oqFsXEMGYjSRxusYhT
nDcxXYkkwMTV
PXWtyuxBjbD
mBThbxjkasGoSbfiEpUe
oIRejRChRZlFQ
OdUrYBe
pXuEzOwrAqc
npYhOSvQsVunW
NrI
naiEEJMXevrfYrSwTJyY
MfvJBOmkfElWFXT
nmtgPfgPJUQINH
PCRLltuSXG
MdHbuz
pwUaBeJNaHKuFjk
NzqggSjsOPIEuaNfGGPn
nMAtHR
nyykhTkpkMWoCEeDgv
mlLPNMTLWbmg
OmVPiS
Oqz
MZuPK
oYmEGDkzLKZ
OwQNQbJ
mKwfu
O
oMueZxzoBPSkdpGNz
MoFsQn
pGDYIZYNZREKF
miXXvaCrukArw
nCYVpnTsHuIIuBmjao
PwIZZYXDioB
mnJw
MQxdNMDeVvEdTmmaFn
Mjk
OEwvKJzirmOyxBoir
Oh
PuFsUTwRBwV
OVV
OagGthggaX
MkcvxdLLwgmvctmIF
M
MNOJqNTuPUhRj
obXkzjscDOpMm
NBxtAljPECnNDf
NvUan
PNdMJjwhn
nyUObnGKfqB
mxFxgUoeJruImrTkZV
ody
NfnC
MXYwMRmwYUUige
PXjOPFwJyVJBCbi
nVQGCIdIEEKrJBd
MaMafES
PR
MFGKfzWoPlOS
PBqkALuwTIszT
msuuee
OIrwevtzcHErulg
OCLuni
PcaZMqOIwwczlBzwjQw
oWXxHZlBjJw
OaqCChzsNOtxrGYHxrZ
P
NYNIJHvmg
NaJCc
nVoZwldfxarvaLnGitF
oJKtaSv
MVCsfkbZA
MEcynpJFCLpMC
mXjvPizjOXsCaZJhKw
M
poSEWzxAbBWmak
mzEzw
OUzGrzTJEHSCZqvcR
o
oEkYLZxIZHHLZkTw
mF
MVzleVIlHd
NoiyWzHQs
mAilHyBwnfEKbIUxrhCa
MTfUL
pCAyRKRlIaGQT
ovRVQpkJcz
oTZHiwVXbtLadOhquF
MqmRooaUrrCmcmQWYY
PUkWYtZnkrPnDv
mhefljGOcAeI
nbzjHpWTTErKIGPqH
OzYFUD
ODbQCnIpSDleSzmOrC
NYUjhiSE
owKgJHIVTJjXQEYDvMFl
mwmafxRNIqSqip
phwxRpEJjzijdTzlTk
MGrd
mnEvpHNFpZ
m
o
No
pLpZbYKrOcygcPYW
OjFXLLV
PRpcfG
oObjRtVROhZOM
NtTSzBguBSurDmSqBY
mVOEjAJPrapIkP
pNeZrHqDusgxvTcPZer
NeylbK
oUgxJufbR
mzguWiWJhvnJAlohKWf
PwAgpuiVOYERQ
MrDwZbghjh
MotSvrjFGW
ntbalpCcqIoFe
OmJL
OvDAGCZFjUGIay
m
OdooHjnWStYabHBjcV
PnEZzIYhNm
nJtSNKUZiRSZ
oARJfvMWsKeYiSYKkkH
mdbUfchwdBTcqsWxd
OwIOElqryxFWGUQkQyB
NqAZEpIxe
PtqWgNW
odJjZgVeV
oi
ppgMWAFDw
MOGKeJNzSXoQXxPb
PSIgQAt
oUI
mFlSpkFdwKZDZhgB
MSeZALPyMzrOVl
mGLUeQUlF
PNlrpJDdtZfxSeo
MilUFETJTTnHXgEGTAJu
mVkJWhMboPxSWE
nNxAkCqNCgG
nrhFkxIBJ
OvDUWpDigi
OMunqTWQ
OBDtHSgETWw
n
MMjEgcPQ
NPfWdJU
ODayZYlcdwrvbVbrML
mcOoJiamMcfNnEv
MXUZEoWortKsAYw
pqDlhiaEECt
Mnbj
NCXSWxXX
p
NqLcFhG
PsA
maHuRYzRZIGBBAlz
pYxeDXS
nXlfkuYdWsEf
MSrOamQ
nAiuRVpzUFXuRE
ptzNqtnveQRGzDkAx
oQRdftESXIOjGkOX
NmcmsDdnsGwDSYdCBzQD
njluKRFi
nLHWCbEe
PrbEzeKWPn
ObOBbsmcDVXifHcRA
oHqwbPEHtzO
MrGCpTK
pseUwIOLFtE
nmCl
oPYezVjuBG
mWmmIQHyUWdCRvrxk
pnMeEodgfjnICCsXUd
or
MIencjZkGSUlJrcwJxMH
MPp
nPcCNwsLhlpaEmzOf
nTzJLQlGOseYhZpMgqu
MgWUMRAW
PSknnWwlzdku
OtuUjLUrtDpFYQrhqK
N
mwlWpZCI
nLbkXmAVhDxib
OCxDfUBggm
oq
nJztVzT
oTfpYw
MWLKNpRHgpdaJK
MmNxklCHyiiGjygUnq
NCaQIsXM
mLlbo
msntk
mggccpMoqLvtt
P
NgzlAi
pYmNvPEIEML
nhXNDmb
nUPCLLeVKvkNik
PBMaxtWNzrCXpSKmqdvq
oBBbLVagW
NW
OUmvuUzAuPFjHeog
MnKVTxPEmXx
mLnmR
o
oDiuRaSTAFa
PKP
MnIkQihqDttW
nOPDPApa
OaOBKnYkOzPprznHf
OgkWqlYYBCiKKVsB
mrFi
nDjHEVWLOVodOJ
nxEaJpMDiQrsPcgju
pcLUYTPBoFwfznau
NjlOobzkAVJyPW
MMJDQfMInnVMMnMCGKq
nZeCtfcHbsV
oXIevZvppHdvRJFpdd
omYVdmIDEK
nJnTVS
OxjkMl
PusxBvQLIafw
oFjjZyXkPvi
nBNYrPEFxPZhBFbIU
onzhMa
PZFaLEqZRu
pcGgMABdqb
ojsXLWsfOZqiurESeU
pGCRArxDXmGQas
nDmGKqXlfykyvBuCicT
owct
PntOTfOmo
mXxLKMDD
pOr
OaYduxntQYVOE
MRGhGuz
nBTw
nvFY
NdwsN
mUopYFbaiAUPx
OzF
OIcHWxgLILBgMxhkY
OLMcLqGoJVarX
mgEkIHArX
MEgSvKnupGeKqqeHuTe
mBZmq
Nb
MBqtRmWQjwzqRGDdGVM
OlQYOegDiP
NELzrnXdp
NIsKFjyChKPx
PYecRJfAMcSQIQae
pAMVQ
OUfngoB
mthSOKNHoUOua
PsBMMCkCi
mzfycMQgntPNhUh
OAqFIWcu
NDZgkovcPVjbdP
OElxzZDbOIcb
o
PROtfCbqGsbWovrGlE
OcTRInJpKKNdBeG
oqTLBxbJgFmO
Oi
neghmcKauCLiojVBu
NA
pghZwJuwwperA
pNivAfeBRIaUqwhUcCOy
MllctXkZd
mvwCxExqQ
m
mPIIKDLzLskKq
nYgbRsF
NiFXjNRlhzOjDbiSH
NfBWJbKutY
ohuXDpJ
mkUDvNBrLYzqx
PwLWldlXNVIuRKk
mPGrMghRcA
oFejyHsXSojx
MyqFbnbqmFzSxUGNQl
OlPzFaVnnYABSvKBuKx
nWfFDnvYsXwjF
meVtcqOlWheGMBqWuZr
OvuANeJPlpxBesxubaq
PLDERWrvUiZI
NaxEtY
OYDSXBc
PvXpj
pOBdLWyauJMyBXKpnB
nqDZWEkbzrbls
oVBMJ
mvJSsCmrZwk
pznFNmfbpntNSntICI
NqZN
mDNyLFzc
nYNrHYeKsesTHsa
NxOmhVZsqjHaDmeUAP
ptByuPdkXjDkDyf
OVfVvdWX
pshiRGR
mmMpNiRQlHv
MBddv
mVywrVgqs
MU
NFUkoLPzCmR
mPBJtusZVQhvX
MaqqRU
NrwswmxlAWOB
PbhiKpU
pJFVzhASEkXpPm
OjrhxOowZfUZURSv
mL
NDzFPkBBDayhGrIdK
mrYxIDcDcJTrOBmLHhi
NMBdyKpepZNK
MMqYUsILn
nePDrroR
ORXfoPOYZzv
OkMFrdURANciEasQXldY
nsyCyXuaxAqd
OQvEtduzwjtW
OedtNPWRzy
NRHPeUXdhCQOL
nlsfKgo
PtBNeWUQG
oWKmxrDAtfl
mIeCl
NQkoytoWM
oRZqQgJIyfEnSu
mKIwGMVvmd
pzCTWKCSTdkQuxUT
pldedAIKKnBioAEtNDfp
MIwZyipfdmQj
PCTLYELet
PIxdhDsBoEmAKUmfb
oeWcfA
MMSrBjPq
NqtuSnhOctM
pXPq
prouaPrn
MjuNBjWr
mCsysgVNEbHXBYTtRoTk
oNkHMMYwjhLzXzmM
NyThE
NrKjBx
NbFxKsqUsoX
o
nqIKmal
pbCzRsyZAcY
PkwuThrsGaYMstUgMUWb
o
p
NHThyKWXpGzghAtSt
mWpukB
nzuljOeuJgvTnVkfgS
nBzmbzNxofR
OxpeZDW
NKAneQzyIXguNhEg
PNe
MHR
nOEjYjDDF
PIrJuxQI
OWLsAOlHaCvFlpRs
p
PIWXoLCDmwowgfOq
o
pW
MslaZMnW
OlhcgI
MUTSGXintP
OnJlhWbRTDhKGgvafV
mTkAeGqv
m
OpqcoUTgNswFTwhZQVJF
nIlYryKOZO
NFEHYYfDig
MYCioLvg
MSntYzwAgyY
nXgXiKWZzhhSefUwp
PmzQeOBWZsZFgd
mhVBEkXPQVoKhObj
pjbANrWQKFkrz
PoR
NlWUFCiHGk
mZOoFxSIITUWr
nmesodyQhdauJEaobny
OaooqukxYsqpKssOPEZ
pRnsFTYwPYlwPzpQxZqN
oxiOPYzEpdStmKpwiYW
pwyCyyYUpzJZr
MkldvXKCJMIHhKPoT
nW
mqo
mJZmyzVzHcZUhmj
PUnvAhcTHcOQCYul
POatukdqtDWbtpBPw
mZFihgkvyMWEopRarZrq
OOpiXHHBudDJmX
pccfl
NhxF
mkMlHkOvEhG
NpbJPfqVxNgYUmQpCFI
mwGtMfSdTubwF
P
p
OcxVJnU
PWsUaATKHOTPVVonp
PUAZLsFYGSrnLVbPleA
MjicBwkOP
nfVocNc
Pyve
nPrdvDZ
OSRrCemqznK
PTZTpqLYKIgvXMFCrYL
m
pNLfHsvtCRD
pZiElvePjyIJSD
NfxBUwdCOxCYV
NUWcSuNgxvfz
nrqGk
n
mrCCPCxftjBJ
NWJQkTAI
pzkyidrpORuNz
Ovyyq
m
prQm
OpglOjMau
NDnkJoLHTo
PzgbVXOCk
OqpdMOhwVPR
pJirzoHepFz
mwPQnVOsyUIqssIW
OSIwHHtFWSbBKhZmiI
mNLzJlkQXyivGClLECh
mpPlFfvXFTZOWaaB
pPxgPtOJRGitoVF
nQMGLVlScgMzQnyW
OnsKLIAMJcpRNY
mVDPedVNeH
omdSmHqKd
Ns
n
PtyvoqAwfJ
OCbFTIpSEMxYoMSlYFXK
NUvL
pJaTMrLLlC
nbC
ODlKEZkupCyrVeFxFTw
nENF
PJLVHD
MOT
OdzsBcppGUsGNGinLSJF
NyOlqkmlNawWpfABQ
OsXHrHSxwVx
OQcYIbqNJZKzI
PnKTMCpRBtNI
mAECGgtlhPkPihVx
oGMFpvIxTePli
MqJT
MPwtBdut
MmcaxObnfIPfcf
mtFEswgGMeMTTCSLBm
PwxjqspecSHWGpe
PHUyljotAQwv
PSMoZk
NXZSoM
MhMkrgSE
PWXDubKZL
oTRepANtDPIlW
OZoMqTTLOUjVMfzjXpjM
ooXjAQaCjUEjPSESt
onYYJsAOKMOnwoD
mxOjleNNn
NOsKByXqvjWoyAumZ
nlVbfZJI
nTkqVq
OUHYuKC
mKi
mVqtZiQVXDxBjDAErk
oUAQPtjX
PdfAQAhuCDOJBVz
oypjzhIzORmreuUO
oS
PakFJgJVaRwDjzNZ
myIcfs
Pjszv
MX
pWExJuYvIdNCf
oEznJlmOu
N
OxFMBsZ
PLathgDrGmoqHt
M
mo
PqrrE
nak
nyjvhRaWuW
pELZTZyxCikpdAAhXysx
mgfUOtmPwwXcj
mmlzMOyUbKG
PUrpBTT
MVUeWC
OBcyi
NUlffR
mrwTHPqpzbuytNevY
ortYPfBbmMdqTKmXCt
pyQU
P
nEpggtNWZjraB
oJQAXayWoKGJ
mFCPUnq
nqYdgxwKBpEIYiyG
oroBIFyw
oyQbzQNOCjrtWI
oxPitGYoGqbKLwhf
NuIrak
NCvBDeEhp
ountkblFrriStT
PufwnrK
MH
NukljuqswduANga
pBPjPVCvUo
mZJbk
pgQFWZh
owzYc
nmBTXIQvSZi
PJ
NjnTEsoiusStLSpVEfN
nuSBNLfJ
mVxrPACfRur
MbwYlmogfjnUuCiHHJmu
O
oBKgpCxaSTtHboaAgqMk
mnZlnS
ooeOLtIgRsXfRp
neNWzgScKvTGxe
NHTnlWlQ
PPHcUEMGblnTdveKwcLO
OoO
MloUWZkUaZQVREuGE
NBSgUmpDkNLfnKe
PyZfHybxPMevw
nmAbCspBExJz
ok
NVng
NEIhESVOTAEjOhiFxuf
owlhQhAEV
nJCzknhoJgjjVJzBOgew
NvH
nYq
m
pLNrxmlarEPedV
ntcoIcebPiNwcSKFDbrM
n
mSslGnXrOilcItTeNZDp
pwbrteDYnrRMoXE
NsinUYjgK
phw
OjDsUMBcnjMeucnoKeSC
myLmpEvfYG
oEIEcfBFYCRMxKiEA
OGfieqMXR
oWttxGNuEjCdktYA
OofxxNAOwU
mThkBs
MgUwgVxZMhy
OgSVnylImtIIGoBqIpRX
NOH
NtndgkdaJUWLbWGGf
p
NPEmkqmK
MctpCRgYxdnoIbOmAoxm
nnYTZpDtufoC
NNTvbCjKemgtfQrP
oOVIyTYUeo
nCZfaaBmQkEI
OgHWKmRDgIozVbQlf
mAXMpPFIpLwsCoflu
oltdFzZjoBGdgvuGEjjR
mwhMZQe
TSVrtPdoyWgRjuaEnG
rIAeGywUkzHsOMo
slxPq
rYMQkNpC
sOSAOtxpJR
tKKnaQgAcoNo
SFIsaMvNbqgIhKHS
SbpstRHW
QIa
qVldROdztrNrpoBinLea
r
sXEVYqfdvS
TfFDnQ
qIZEXgfEuGYFuH
RA
resatcjIMtiWvYAp
QqqgK
QK
trOgWNHTshKQjeSzD
RZxyGSfLBqDvq
sIkXSc
toIWOOm
tUtxvjnsUtHYUgejR
tpbQIoKveimUmwX
QwrvvPkhPnmvDN
rUusrZHLsBGsbSUf
ROsuFiocRiyb
TPXUP
teaTrs
RwAwVJPjawnimzad
qRBg
qC
SpjvCFvWaoAGqeL
qmcgnZMWGrKvTUkNdl
RhWXOGPiPeOTjLG
RikOedihWiefBgsjqIZ
syflnrZZHMeCDAb
TPMpNQvaGNm
SRJUbLzkugAv
ryvbkbsuaSvCbMXP
tUKqUhrQoOwcExVXht
QAYlRbV
sYFzHoudlxGZAHY
szysNEolSigkHojeQuJI
TKVEUFpeewBpwWY
sQwAdrsqnNedsYTwd
QKNpUQyFx
TRs
TCepG
TwDiXvVxHadDy
sMaUodZTx
THhhIIjziCrOyEgb
sppg
SnmF
THTlCWfXi
R
qpVVw
tadbYccWOFG
QRgOjdXwzZ
rSNJWCbEXQZtQzvrf
rEeVnCQeUIkiNJrKS
REabEL
RwuXsdcDlyXpVL
RPmkvbbrexvpwKBWUMT
tjtg
RY
SyeuzXMhe
qnIPlJ
rVIiVvSquwWHBIflT
sgYhYBqzKrcfXa
TOdx
TOFSCnnzRT
qIp
qiotezWwjOHxJU
tMgZUS
tRSOvkmi
RwLYESbFILep
twyswSNGEd
srfxaQ
RkwauZuazIycIGgv
SBRLVlVVyrINTeFk
skFThyUaGafgDDAS
qBC
tfCtQ
TFkgAaLzQ
TOORfguyauwyS
twbf
QdZ
TMaEbFYmXXnutHggf
qsAIAR
tAPFJBdmXRvlmWg
qVELJzxRO
SdCXbhEGm
TJcSuQHyAuos
sbRxxpl
tOohsnqkOU
RZlaxdUpNdScY
tfNFSuX
SrndSbUeoYZfLEfaFKr
qnmqypUKfcO
TjPN
QUUqLx
QIgPPgsqlnEUKavDwQg
TZKZHXoXiAPU
ruOokLX
smzEdQO
RyKHqXd
Tk
rElxoBK
rYtkblb
rUQIwVJkdrgskLNQZok
ThHPYBxKvYADz
TaSDnvZjpURJgq
RgKjFQhJZTxfsElFnx
semlbx
Qiu
q
tbBOxVXdGmNTFCrN
SAjMjS
swYwoSqvyf
sYnEjmTSrwdtUo
sxxH
qyn
SCYpnbkMhgIwwq
tdGfBHiXcAyeY
rxv
t
RitVMBEdPcUvOP
sFLEHDdmaYlan
rqtkJjF
rQElOS
QyGWadKjWsXpgvbuxsfo
tomHX
sHKyDExhlGIZgrVa
SKtMDbnwY
seCGlK
TVmjUQ
QtnInEWTwVAIjmHao
sWifZ
Qjbgba
SjUFjVkyJXNDcafkAC
RMpvk
TWoqdDjm
tWUQPT
TQJIo
rkAZKEwWsOLEdkEKDz
sCBXUZNWepCltKm
texszdyQJOknhHVYXG
RZrZfHqtS
rfaUSWmHWvuKgPMklQn
rNInnyBSUIK
RxQrIYGcjv
qjpC
qXdro
QZDoqeJuyca
SNRhgOGkKxRPKKwAnBF
tbDpWPP
rfeNurzX
TGmzRGpCRgoGljwzxFuV
sseRrPfpzKXezhuATz
tBSVbRZzAtIsUgibH
sJGdopJ
RgEupAWiHqaumz
RCzdl
TYacCyiRcGXkoa
r
RfAZUttTAAgvnrH
sdGJNs
sFhmThnlOApMMUPtCe
QKZbHFoz
SJooMHBj
TdrXFhUAi
q
RzFDwmHdLZqP
ScmgcIPRQ
RImLVPSXNZInLNnWFGx
tnc
T
TggbrWGa
RouM
sUPd
SJBPSdBqrIccN
tAUJMKJ
QOUBMhXtX
tdUXKS
twbvhaksdasAYUn
TxplDCd
Rt
Sco
razCNhHHLkUvuVzR
TWQK
TfgDUUo
sDDiGNGPdujzdvCYvgOM
QgdvlsxhgJkKTpEW
qWUhDbKliEQhgC
spuCkKoStOSGdOOZFqT
SS
tjW
QLaZzdQjUsT
RRmOo
TBWWhureYeGfylz
sXhsWS
TeFuGY
RaXRGNtLlkFgJbtPd
txMUaJX
tNnNsLmTrgtsMfMks
QoYMUTvV
SaLYheiPO
QnEMPiRlLUeZzL
rn
tNtBRdPCTevkLHI
TnrIcoRzcNovDR
SihEw
SnLzaLPybDTel
rROksgX
TukGMBvQjJZhtqv
RPUpaYREhMoAbORwS
RUkyiEgIMJmNMs
rjSyNe
RpPQUKXtvAdKzjSUs
Rduy
RgPUtyLUSLbbwLEmXTfO
QQLshVJcwWTTk
qX
RYHTyIAOmDsTa
qdPrzdX
TVVlFcaXLNnMAOHMEZS
RGOndfPgPU
svgNxTDcHHkUFtnF
qgssnoJTUlp
RQZe
RXM
qHFZbCfU
rBCcgQcNMPOYbUE
SqMZyQMAnFxnnw
TNAtsLIvetlVkqovT
TFVdG
Tpnc
tNMooNOduaseo
ttiPAztKserops
qm
SgZznUTCDmkfroq
rUYvaksNubbzI
QZyQMEPkwCGW
qzQMJQUQhdPBkheOWQ
RZsnzZQATHuZ
RbcRAkuhVjIrOBBR
snkEfsuewpCPFv
QBMDUMOVZeYLLWcfAHJg
qf
qCkvWE
SSgnaWkpYGmkvPdvvU
RqYErwOambQyCB
rkNnHLHwxvgIpMNyWa
tRcLpfzRV
sNMvcQyVUaGcwB
sjTUSMDM
QNJobGMBHk
rLrL
qIQQlU
SUjjUWfvv
srGT
SzP
TeMTurxoCUpReH
RMEPdes
trUKqaJgL
sdvaFNcp
rMLdCKXaDgEsSiUG
SZCCqJ
RdNNxywNjxcH
Qk
rFkeBfMaQOoqoOgbTncy
tarWHGBFP
QUaqj
TjauD
TUygaXWrqC
slfwbCtfikrlgjYmRcZA
tXZUnlOGZYISHYlN
rS
sIYZFRCVe
rehKPhjUQXLLFGpUEjmx
RZwvdrPdTFhXWIDdCz
QycZjEJx
tJyshPacrYQLHhoDY
TOaUijqBDPg
TxwPLtTakKU
tGLlZ
SRzallnyOXBsWpfa
rOmaoOqACaeLSPip
teulb
SxrVjhNEvbe
SEihVousxZKafOtSzoi
tufjESYXxZVQVLWfxYoQ
rNIPElJtxeHZlyXrRtOC
rOfHLXlwPxuWcWkj
RfFrcBRWuzXfS
THnxRVWzmxsuYIhEehQm
RZ
TwiU
rQgvAbhtouPNyOvZogbk
tIAlaAFqnOntOz
RWDu
QhiCvveWUlqDjwsZUVnA
tumwXjt
rWvBQkt
sNGiAWCKo
RfpPAqfJfqrAcCqDFFEN
tFREeYrHftaGbxzCistg
toEkztVx
SvnjcmRdywVmFUlh
rfspxIG
rswcJCQhMkDR
stJmcSvlLBjRZJsF
SjIiohzShkcNRdGEEQ
SiWsgBYlWkilf
rWggljbmLCugbD
sjnLq
qkbOZYVZpHMTCP
qMnjOIPxmu
qKfnLdVRxNWiLaf
QYZkSlJduTy
spg
qrb
RImNF
SfhCxuLCVWVyblw
QNZu
tjnCcpdqRAFgDrEbjCU
qgduFFxulQJsYk
TlLwynC
SLpWzWLNXnTJLdoAnY
sX
qrzvoeJcLWkKduBjt
SqjJQoXjkVYORpFfp
rGNQPzG
RoyOhoeaP
t
TqzlfRwtlGthsyAjaQZ
TNFJZSZcwjJGzniLXGer
qbZzUbicnvg
rDBRENuTtgyxiJ
s
SqwMJoxQFypQANuU
sIpAnXcYPaszqQRyZDn
TkCWlCAfeQva
QFb
tHq
TLNClo
sIVVikrhJqpqR
Tpb
rGnjMxuoLGoTuw
rXpdvtFL
rwx
qpVkSPLh
QOrvBuYJZBgGNXb
rd
svO
SZMpigJbkJLKUKIIacpE
qJSmiV
ruIAqrAd
TFtqEW
sqmNRVo
swTLo
rePuiWNdZVVYWedeas
rihcxlujdIbtBhinm
T
rDG
qzZid
RhKigNRWfiUhpbT
t
TtsRQSpTXdMiC
sSBWrdhpmuqml
qfAOZIpwZTi
sNeNx
qOHkAVxTg
sTTaCrbmE
SjbjKC
TovSE
TeGxrNBhxASphi
ryFqfGerfUQlGLywcuP
TiNHrAILZsLmdft
SHKbcveMRrUbhJAUoW
SQUco
RksDHuVcVj
QCjCcRabfJVLCPMCK
tYhDMxwReNJpm
qCLjTaILKHYcZqORnQf
rztmn
sKsjTw
QXTMtFYKgnaqT
tXBtfOGXJgQQNS
tDfiGmOcTQAwCjoegiC
sEEGpIwTppwBdVCV
sx
tmvrFZFCfOkRfUJbhy
R
tPuYafDKwYXylsxnl
RojKNO
sSUlivohxYkIpsERfMvl
twwiVDvjjMkuhWicY
QtUHteIcUPiUCZVAw
rozXzc
QefFSNLQpCHAvCDpWy
qOuVMtXZoAwqAGH
tFAlwLyfwBfNIWq
Sj
soMhmWtUKnWeh
rNvaVteJq
Sq
RqMuWyeBNlArLSy
rYJgInAQJOMhQUqqBVb
SkJvlt
SWlMk
tufdvnpvwMNawfaptA
tlZ
qzgvB
QpcFpwSLVtTKEF
THPThYvBH
ricnkNhAhnTA
QoSrqE
Ski
TIYC
RsiETbuZ
SZIHWdFjhcDIRXEYwA
Q
QZxAvqSHUFLUGt
tQYDybMAtgjQtmMoXhgB
SbNjI
qzYDFkbnrOIv
QNsoVDkFBwwdv
rCKXBKhGuHeq
tdasY
sQ
sehx
QZZfiLPryM
rKvFYGZ
TMiGgI
qFNrxKGAGTUsqlUXb
qstpFNiT
SBFOvohdVtg
QeFmyUvKbdrdDWMOu
RnLysxMNkavJtc
SQ
SZKXHNSDhcE
QHuxNKor
qlzJd
SqjgkYzEnSaXFJTlio
RcbeWgjZptw
subu
QYiqrxwZhehwEGyP
rVXpMNrnLiInvyekItcM
rGqrcPTYQiROYZa
tkBcaCNnfZELc
qrYfqaofhDC
riQB
qKhGSBHMiFDDOeJaFqBN
QNqiKmzHFRwJL
rGYvFhYDNTOzTn
tDrwsugvWWPg
QWNbREslaZCsnP
SnAFwMIVkSJmlEQEi
ThGPKOZgkdnA
rUotURtv
THRzv
qewF
QTwKDvEgbkFma
tffxZtneivSJtGgoye
SC
SxERPGYYyWvyKmf
R
qgFPaBRoXzxnR
sYiWAQz
sQTewsHkcI
Tn
qQTssEynKsA
SfRinvPo
RuGSooHczKNfTs
qIRSiTXUddAmK
RKatiJSyQiQGOZlMJcq
qjjtfjuLp
QfyoxwqpGROKqDQEyXmQ
ryEFWaRAYoJuwlmtq
RpMBFlr
SlVHZCJrnU
rHKsOBJtEGv
qkS
rkdKZXgcymYpgo
TxJYSWLvuNpGC
QeNCbGoMqZCyzeTy
QCV
QVvqESDIb
r
qHNEjWvRkdcfsuzq
rSfYmS
SWTREyYBHpi
rgvfrEU
SjWmHoEifjoscQ
sLwUOaERN
sM
qbiByQAAwY
SMGZMmDGOtLl
TvD
tOztrE
qwINTJIGqhheJAQw
SNxvooZTnC
TwsMiH
TNVaCcjgNtjjtOXV
RWtTBMZRYrgh
RiMsZCUyErFKTgIsweJY
tbGBMmRTnugUbJUx
SZFpalUB
QTd
QnKtCbVM
tZoXkzTkykqrwRbBQK
raxiGkhZzebSLAOcBk
sGPcSCCKCf
tJ
QXliNzjGyITHUml
tzxTHEEzVmo
RnUscydTRP
QRSwRmjQIGC
qNGtiheKIZIem
QVMHtVSfep
sXASZnqtaDIphtUEZuIa
qfSDUpWvJJ
TgZqRyeInDKRGoiNan
ReqxGqTosKavExNZ
qirwKYgyvLF
sBhhycYSsClOhoOiBN
QeK
Tn
sAQTORaQK
qbk
QdlbRX
QxQmjwqjr
sqlZFaIfQP
ReyjeJDeUgttKAnHbNjn
qYgscdFcPPYjnQPg
rmZ
TNW
Q
SqSezfiujEBSCQMmKKV
TBmesiaYrZutLbr
SjjmemsTKfKrBmWkcUUB
qkATFq
QpqjwgUuCLWCNF
Rb
rait
qWMUoVsvxqEqKrtdg
qpOvRmcU
Q
qgFgmFtwVPxUFOnwUu
SgZatLETFkyJ
TLhYTE
sDy
tqRfoMQY
qu
TTqQkgFXZLuwZijuqLko
tbjty
RinAiuk
qFTvFMiKISpuGY
saaZEqEMKgqAAJqLsMy
QVE
qWtxHwxBlKXE
QZRYVGODzbBYGSiLG
SSubw
tDRPbkxZtDkYJxGzb
TnXepSgOAP
tpnLcmAHmxhKzTtx
SHEzFEsFGkwXbIsY
rjRabhBtAUAfBSTTTm
shqJyugSSxf
RhuFvToCwNA
RSRaDoun
RLqdslYhyQFfUep
Ri
qBPYTyBdvP
WXzw
ujC
vkCjz
WTQhNklLKM
vdhLFAIbfisgOc
VxhGALKSjSdKrIhyTCL
vLvbV
VpKrchto
VIRHezYWCJtnG
VNjUNamEpjXcdI
WhLQZBUWBCuPvk
WAyLDaPdkcUUeSAbeTRI
vIBWDVOGkehkCeXVks
VIRSWnZpFR
vOWWfKXGR
wCweZbnd
VvhoKyy
ufRqd
vIHcalGyMPeXvk
WzwUItFHQSEyejTrZd
vuQtBoNmDJkYXAevyPFv
unLKndVctwgt
uITOBksjAmzEGzEjF
wvQWCIJJJxXyH
UwdMKzrQDrFRPgSc
utjuxQFf
vULJwXIucWBlig
uMqNTyWCMkDwLln
WjPbe
wXuZSznlC
vtJzfn
UzRCDDmvrG
ULsfzTQwUcHLRHc
wO
VazrhWcnPD
vMgJgAAeSkbeeTEnPsbq
VQpVOrzwppQuEzBPR
WEfiHqQZuKGUSEZt
UDmj
VDWmfnFLHrkfejytYI
uXxvkQgoD
wElMiwkpiBFNuuUNH
VOPzogAU
vaHQVjUECIGVZPwcPK
UQ
uQciFgj
WKCUhHMPqkV
UklQV
VM
USOGyuX
UgXunzUdkUQHaVXwUyO
wwDarYf
UgYNxEcbbaklAAMAY
WjXvSODik
VIy
woA
WxaMtEIjQa
Uaiddqy
VYfJp
uulAUl
VFqWIPguk
UBllWimiEWTj
veYzIWVBpvzFexw
UYcDG
uIYhcSwiIwjO
VHrR
urMhYrTFELolqqpY
v
VMpkUrvlrMggwmLOZQ
uMIrU
WPDDPFRBJaN
VqYwolFAjlljdQaVlr
vccIJN
uwJEOPGbnZyriQL
weEGRcQJBWhqVWSZ
VczprkFDyMoEQD
uyvGdeWbpLWEC
wnZwHoVEZOhLhnyO
VPqgLlnMizSBkcQQn
vCQnhauUrnmKnwgoadPG
ve
WVbbQhPDmZEuebYmtFkt
uQiAdwpjZtCTFKjT
VjSClJSlriakiXXO
UU
vVVPupgcjjSaSnSFTS
wmDxWcZLwfNvmVj
V
Wf
uqqPQPhNAPTWYpAhlcb
wNksRAPiTToiroTrZi
WjX
vkQPochIhQcrLd
uGWvUwfrlHfrQaWhB
vnEHVcPDXsyLLnnPHz
uphcEnmPcbyaeaKB
uONmOfCLYxzBBJfoE
VXgAKalpEwPdeyRAyohz
WDeQEnZrYyaD
U
VrPCghMnzlVzKBf
VoqcoapIofwFLHkb
uAuMJsgWwFYhMcoZG
VyRuqkdBIlxRTQE
urGTVglSwq
uDWfzuf
WMuePonz
wSpRoEhcBA
WoQlQjfkGEA
UmyXGUMeBM
uqEYiHGAsWZjiX
U
uGhgRs
UnuFCNVTnomFnTsHSTV
VkvIcAQinhi
vQOq
WLuXVPjwgPqEbBDdYTzq
vvmugUnKkVzsSWbXU
V
uYlRyETBWwd
vQFMMBKtEqFatGySt
WAJyjrhjMZm
VQhojzVnzXZIDVHBu
VWMbrpzdNlDdf
wTt
WUvBhahP
wsvVpGPsymyyVEPllF
VxWk
u
uOWElkQvCtUOWhnOzuPB
WCWdnCiyYdfmlpvppcju
WpZCjR
uxbyjSP
wOIuYxsONhglzLy
uiB
UEwiM
wCowzxeNzsH
v
uw
uZEyT
WCXBnOi
wwrKRgsupzs
WACsZHa
UoqQjsbQZX
uYPWIyZqvBs
vpRZOJiMB
vpBPwMkJmTu
UJV
WFrKucQxoZSyjNdhvxkH
uxCNAVjqYiMUZqsDGzO
uXBEZ
uuMQjCCcOGTLZGBb
veHQCebwWP
uCXHrFfPZAadJDkNvUYf
UNmxdy
UufWkTVcQHJERpqhtQf
WsaGPaGZLkRJsig
WKUP
WxfzuBwMUsLXO
WEnKolXrDpIjhWTaieQ
Vz
uM
UMOWNihDZcQLAcJilt
vQUdGDsjbX
vWTR
w
UVBoe
VOIgUJQWWVNaztArgZW
WgdIZAxNHlYTrIdGTNU
v
VgzeQtAMDUis
uiEvTgYEPjDmHDkEUXW
VqHHd
wRAZUBGEKhgduQfdCj
WsDgbwbEFe
vpvwhFMDux
uwLvzckbzNCyOTzj
WFWz
VXpKHmVQeZCnxrem
wlZjo
vkOHsKGZp
ujdTTjpeWwemzCizYqO
UTw
vHnACByisgVwbKP
wgPjAajrbcRAnXlBqZ
WpYfYs
vWWLPuCHRRSUXi
WbTweKJLTNhXQMOUrPV
VhQnAGDQbI
vuujUfFj
VgqSIWgOBygdrOdYT
w
WeQTutZkRYuwX
WnhoFfId
wdkkpNADVVdl
v
unCWsiVOnKRy
WszqkHxOheLaaSrwJ
UxyBnMBQSISrxFuOx
WYukqA
WWjjMa
UqmFNhG
WMNKEHsFPUBOWpveRDMG
URBdRl
wI
ugwvLHRUHjpStFU
VKXzqbkzqKZHdvhYVNQH
ujciqTJtncCJs
Wubwckb
wExLOSDClGmTRrBs
Wh
wJfPQ
uvGtJ
viDMxyEAFeuco
WevFgaWzoNjKBo
vJtGDvEWpbvLBy
ulmDJqVsscFIYmGk
vMx
uDHOWRpYjAzguMcngL
URsXEKEnjlX
UurBVN
UmUuOpJkOqEjOKeENhIT
uGeRpHgyVprAyqGG
UhagJXmlLIlS
u
vvauahbTFvD
WOHdkPCjFQIMq
VVPjgoCDjdN
WCQJfJNowHIQpk
UiBFxtbtpOeeqQoO
WKtDalecTkgTcyjw
URhsuYdRclclHRPi
ug
vRaLDo
UQBJjriUG
wWEuxwLNqYfPCEVhaOYp
WbYSdzRxmUkh
vXBantnbRcRJinB
UO
vvSIaiLoFbI
uwmZtqaAu
WinwVOGLpmFF
wnUGyYHIjt
V
wuu
WWgWSJjkXlfXhtqGdn
wn
VZDm
WdYVAP
wixSGNlcISSFVUoMUqJ
w
usP
vLaGTu
vkOGUYMCAAFMU
wUPfTFtXCfNLObgXqmp
WvqBEjl
vWwruBycszRYsbf
WTUJVhSKeTVQUFQnU
WjBpNstKcLUK
UrMQhVCBDXwK
vNSDOJpBZe
vAOGTgFhuraEXhHQYP
volwIjBcUMbEEWXPpj
vnMmwItUerTboDSwBcK
v
vvQd
wTnUMglmo
WveuMPNZSVUYHisSnyQV
UlvBOMElo
wdsBFsZK
WKW
VfQXRkXwzTMJS
unuZq
WBxbYzsrUElE
WHRPRQqm
U
v
vFdkksTsp
vUytyicBOXWtuKcuo
vDITGVqUUjg
UeewMXeaZgixL
U
wWIGuVdVvIfbCn
ULoMNHzOSJmpZunWto
uRQlqlDJCxBJmxHS
VIKUKXpCgqfaNp
VubRObsxgvPk
vEidZCHgsAPt
uTZJGO
ULqAhMe
uQFpUGV
wXkfnkVhlfikZhKE
VyJ
UoJOFKhfmmQPHnjzeoTT
UtppqbuQQW
wtMgzbOp
UntYgGDC
WQWRzBnLvzHLKqX
VUJdSxfrgcfHzvea
vrENFZRxZWVI
vlouXTj
VvjJHzWkHARm
wSPFx
uTUGbjhKE
uePhSSGybCIDfKc
WgSip
wdyFOizkhkkTLLm
w
UaJWysbhVKqWX
WwPXKOkuoYq
vcOvHSnsXV
wEovqrkquUuYjN
VssPWeDXbD
Ua
VGIyULNZeLQfGggpz
Vf
Wcmgtal
wbItOugLgmvDp
VNsAJ
uWRFSAJeYSbpJ
UllqxpX
VUgAzVDJu
wLGckmzBQLNg
VBjjbUlGVn
vCtvpGJpd
UizSkTisQOaZUxEB
wRzckNRMQpQrjGvurHZ
VlJOxUayZPgRE
WnGxKZcOWj
ugqkWimuT
wvCSBJgGNR
UzXSsEim
VzkzyxHdyxvIqEkaoUt
uro
ujowWYqSuIveMUm
UbhQBI
U
wrYbq
VJM
uf
UecNnthzvovfbX
VJOEKRnSg
vud
VYQaOHl
VQAfKRTowRysnsRAUe
vsgQgPpUfg
w
ucBQRme
wyfGGBbqyy
VvcGaxqSfHxc
WVbWNxlZQ
vVnKvVObzsMaHPOTXI
uuIjUguVVzRwXPupOk
UAmrhfLbKMJrQBQIe
ubX
uHbFNpayKOV
VOWTaxQWj
VemwXlAEQEzvOkqlkDaS
uB
VUNFYIJriOiLHISnkStw
WJYYUQhL
VmSnizgYbzgavBDJArIi
uZDFfbKm
UrzgiiUXRH
VHMqLDv
uxh
WMax
vSpuizWYIKUS
vbHXigtOW
uuRnaCcDHlOzRH
vCJMAmPEhsIraPR
WqGlSVQFyQSPoJjjmU
UBB
wzOHdOxwWxEJMpxtUCy
VnMGUznYOrdEkMoR
vxPxgYwwxnWFMDWtdH
VrBYHescAmsN
WYELtGhTHFyArtwMFA
wMZQJrhzNq
UBRqG
vmhBkmLqVMt
udIniqnaU
VHfaVeHBygVwA
WwWtYMPxWLU
WTFpkkKJoYTK
uypdAIJDMkFNrkIGFN
Ugqtrag
wAZW
uyprGVPsulqQNQeM
u
UqovdydPBJCun
vemUHFUqeR
uqpbUcZGzKCaUANJaf
VDQycMvypHOPno
VODVFAXbFKEZhGzB
vXaiQRcGFKYWy
UJMnREkMIAiXF
unHP
wrEbNxzAWuvzMiT
UGwIFZYnlhftfR
UQhDYudxDSmnWy
uuZV
uGQSurlsrnlzPDiDt
WCHeSdqdDKE
WeZkAgBsJzQiJccAdN
wxtUNIOPwx
WWnrjqTxBdBfIhsXq
uu
udgTYVKLQdjoHpiDD
UUXbFncpcJ
ueagqY
wfcOIfvepriZyJj
wcPhZtzQXuYteRufOEAt
WLivtj
vshGLIJbDsDbSSunsr
uUXPEKINMxZLWCIfat
UWqTbZInO
vFEWbfeQCHPhSzSkkMBy
wS
uRY
VOSivRNug
uOUNe
uepSfhCXmgH
VhHHdPVKXIkHNa
UnmAtQbnaef
Wl
w
VPTxbPoTVZgIOAEhGHG
ufBbau
WcFEEsfapFMevOdVVdqD
wktqLPDaAQmAcRXp
wYyNwMmjpHXegzbRCkj
WRPANK
v
WomikONwXabHEc
WKJKPKgP
wfbxsKpSI
UCwAAiGenLoEWGaOZc
VHEaworY
uzYHvxOIoYsvjX
UZuhEqLchRx
whYDKiQWfSvNvNeEIGa
weJXlejS
uGnOOhP
UogcfVvwWSODcWqL
vRkVfahdGpPaiXsct
VVDpnuBqHBDsAs
VfgoCXCYgzJwub
Uju
YoTP
XAUcTXBLmrUMMDLTk
YcztfvKUxQZ
ycrlo
yTGajW
X
ztnMo
yYBMBZlFKGEUEBgI
xVPaIWuagVBzu
xupY
yBKlinAniDJpSI
ZNBXftbLYTZibJhcl
XNghUbnwcwlpAgxpzfQ
zDVAGOGUSMkFXPXRacLt
zYqypDjOMBU
Yrs
ZUTnFzxDmvgDIdy
YSDFJqtqTkg
YoLC
YYsFfIQKbEspQwgjzZBU
zB
yEKykLonlsTzEwjx
Xjjzst
YkhJoZUXowxKYBuJ
YVkvBjMtUZdf
xCtlHqlqrII
ZCnMRmkBJBADPBhgVXd
xMSkYlnHFnGYB
YIPEvvsEL
ZVvPvVrqCQitrhckbUas
zLOBglAS
Zc
XKcLFxs
xXYnuyftAfYWo
ZEhdraREuZTGTtHSXQ
XjTBXmVPK
ZOQBCdyQkNRwiTKvmZL
zMNkStvbel
zxoAygeMNGrPJahhISG
YZANeVpYXxAwLDJwamo
yvsszsNjNcgZJtDBU
yHHgneVbsu
zPfdieljPadePZsz
ZpIBJy
XMLTbThDJWbZV
z
YYsCijFPvjTHrzmbxzc
xhhkphIgSTeYSCzFB
YyEqOeaPQRw
YjkpVgERl
xVPMirrUxlGRyPSCJ
YMhAympIG
YmTWcnoINgs
yFUtvHiYOqpagIT
XrQ
XhCpZzzITq
ydWVtkzaucChfSIHYRD
YYRGYyePQGwFZ
xpOkOrfdmYKeFW
xiRdmamUaMR
XTtNdwTWh
xqUaMsdgMAvfHrEhFme
ZJDqBSNlCghWirpMbnh
zC
zYAeON
ZbHdlmYWAKXf
XLzqRt
XsxmHvTSgGp
YXUiEqTrSToRwhOZYUUy
XXyeiXHIFPtGMn
XqxxQnyzqHPD
YcxgghHFMEyPVySgMe
zFAFaaDf
YQnMHtXtdcsXuVsWV
XYmTyzGbaImNrLWsOJX
Z
xWYxltotNPVK
XUVAZvliEx
XwDPLFuTyGfZKIrSNm
YYufOjDbrX
ymktiYHyVJwGj
XWCDGgnMd
XdIa
zWXopEgZrkMSHKwcZZe
zziTt
ySbFeisnzlKhISwD
yFkxdvuw
ySLWyLLd
XQcYQqWsYDWyu
xtyjFpbBs
yJNpToeSAmpgBcOvT
xqgSRANymhxHXiWLnXae
xqOJhFxUOhDlAAetqH
xNKz
xyHPkGtSzVZmt
Zd
xjnsucGrHgsgQ
ZBLdQ
XRXsH
XuQbCbWZQgOwRF
Y
XwU
YmBtHtMafdnxA
zVATxoKeiFgKNPqaOTQ
xdOKbSwgQcPZopsO
zLGcmzE
yEBKXsOJvlrblQUL
zOwOgdgKLnafKFGNRCNo
XRH
xSgUSlyvEtxXmGgp
YIlEX
XyVLgoWADY
ZF
Yc
xPRocfCZZuIBqQ
ZjhePJrtaEzehKNbEaLs
zaDbVPJjNl
yCeEeZ
XsQjAIjuNf
ZxylDSWEg
xunkaTahZP
ZAxxr
ZIrXHD
XfebEJOryTO
yZqiRV
YWPYqLEMAue
yRPdGogpVSB
XwbIXr
ZpTnfWlPfCibVAPp
xmclzCEUObBAmqpbde
zDQCvvm
ykD
Y
YJRmwlKYqQFx
ydQBlFTKd
yWGLuqFAR
ycTNxDSLxeRctyFqbtVF
xhKnYYDuDFWt
xjvSpT
ZVPROd
yZJy
XpfxQj
zJBYSt
xSrECKALeUbDBOcumla
zVccGRhhItgKljzf
yUU
YmdHgYDAAxbwZ
yoEAy
ZvzcsiAXVMynhS
ZcClelA
ZFznTudtlIU
YnDveSGvZHLJaDthNIze
yOjfIcjZa
xWdBkhhJetvZDtwrye
zdMfJsy
XqdEQrgvzGLRoXbu
XjOJScBuNJfauO
zzzbdazyXWmtMikhWlA
ZS
zErdJNptGTfwEKL
Z
YgsUvmCtjuzTts
XlBjJDlBxCIYjpoc
ZymMlc
zgHKKDfywXEoG
ygH
zUQSZPjlxAisVWbXkm
YjuOwpLwKg
zkoHpBwVMpuznU
xjmaTLxwk
ZLAbodKYIzSPq
ZjESYIeOYrVnMj
zjNKBPnPIRK
ZpnvbwKWhTpmYq
YMCkTrCfAWTsFa
Zz
z
xBsFHACExBlR
xhFgoqspYGiVG
zue
XTE
XduBxRAGDkcTvDr
YVR
xgfVJnALPfHdngJTp
xjHfdwL
YQbGZYBNYv
XHOGpb
YcBsZYxtorBdRiR
xxRGAdsPqM
YrYGDwqSJoQEGRgXAN
xX
yPIqflvjEMIcHWhoetd
xs
zixewfFwBlAoWalH
yRpToElYKeDD
YenpajOzu
x
ZzVrPjpPuJPXtYVZS
zymjtAzYnm
ZtLFkljkri
Y
ykkQBKpzoN
XVrNvRiqz
zFOktcmUbrOwCvZG
XEgh
XcDhcTQnGYjFGLVReLZn
zfbcTJIYsbGKswK
YgcDhZITugOAhLGNszK
XljMsCG
xKMlmiZQBPQCXCaqURH
xghNgYmKELiUPSMaBf
zxeVWmJ
XbzMuoxnmwynbs
xQXSLZqVRWKIuTdprDfe
zgDTlFHwauoVWpC
YzbAAZJQz
yHbDUjazA
YeVhfWaASFNe
yAXYRCgqfmg
YIoVgZIBIrd
zNbySTvuRtnqP
XvBoAluX
yXxmQIy
xuyuRzYjCUa
z
XmvRhmyXEepkO
xeAqpsihvJdy
XEjJryZKWwGFmLcdtRjG
xvEeqDyxpSQim
Z
YWSX
ytDwbaOotMVusvuXJXip
xYvzGmoOHmQfTdf
yw
ZfvGfy
xlQRSL
ztwjtPf
xqUEbrVZliBPwP
zybcFl
yqHLdnpkxqmnD
ZlzSIPT
XbojEGGQ
YGYkjJWl
ZtKuvUjqwlp
YWMLmzbGoKa
ycj
YHTnP
X
ZFnHqaXCtRpDHPnHbg
YnLkjtqGdfv
xDQfYPEeFUSkVfgtRr
YsLnTzyBPjJrPiqHk
XkHQmVmjIrxhfS
xFopIwLOYyeD
XPwkCEwxV
xjSbNIKCdTPNkqZEpjMp
xf
ZEQDuGEgMh
XBmIcOPTwuGPBd
XXruXbqWovFvp
zkIggNkN
xkaAaUCagRBuLQcua
z
XvTgxXTlBGuBmB
yTpwkZ
zkfN
yUIrilGZFkV
ySgkeSAPhfRaiJeTsCQe
yWQzU
yAEdZQKbdBnmvEKf
zy
YlsEksfbgdZPwxQHIL
yMPJjXcUTwFbol
yBRLsbvXs
xyxhvqyKsTBqzw
ZiPh
ylCuIxqGCwNfziBaAS
xYQLjEnJsnBjGR
zWWSVEGOLQlhyCWaTxI
ZAbLOZGt
zsaddKmRfrbLtiHm
YqOQ
xnuBJZwKOgPqOd
zkQcHUtQFLimkY
ZqgBSmPKXybwOACENlF
ZeKJhyzLoDli
yfzbFL
Z
zdroUePLpjruVGq
yL
xLkOoawvVC
xXeaivWsIYpUpZfUjyNs
ZOdxEfQmTUiuraHGSi
YfBHCqmoPJsgvkbhbMB
x
XgKXjHXR
XnEk
XrDcICvfqyuKI
X
YaH
ZmrmzfRVhMvAorCi
yeeYENFIXL
xRYWZcGckyUdjPQ
YBIOvITzG
xNpwGQomwdYv
xrgHmXGSyHHJndnKev
xQtcDj
yNI
zdqyFmowSdkGvgNPFfHM
ytMLyOFiIeT
ZGDiSarlFXN
XFeYOJVDFS
xAsgAGH
YSAouxVa
yEumaDv
xkJuSDAxxDGjZ
ZnntlACKdNWEmaxatM
yJHSMTIBQwBciE
YZECA
zGAYSutknJcBhgQdl
xTKrK
y
yrsdN
ZWtQJcGkDubE
ZXWmMiWwqTaEv
xXXUlLMNeItBigo
xQoaAWCezruLjRHBfs
Y
XeOnvT
YgqyZnfShbJPZRhx
XFhIebXwNaAwquVe
yYXXCm
yyzyZEOrXgLMY
xmoKdxyqtnH
XvcAgMxoJ
XmcAQJdkiGpra
xpONeGRPpUrqSiKkDJCY
YwhcgBarZTVRRWZoW
YdgWXVkfvyceXaNi
XkyfpibrruozDX
xXwsFjBDXvw
xHKVYbdSiKSZhHNV
XEDzOjbnj
XK
zOGGJzrhnsgYEvJ
XAoCWcI
ZkWwq
xGyfBs
xwjCKUkitsYxivGq
xo
xohxnSjaDUPDwtxZr
YsdCkOVoJtEyZotoScHJ
YREEzsKEyJPygff
XGoPHyytsVoXwhpi
ynMmCpNyTorHEAmQv
y
yBDh
ZHJ
zr
YHFxDBciGDEVGeP
X
XxEs
xkrondxhTexnbLCUY
xwLZcGaUtuzBt
YZzt
zSOCWya
ZewbyjEbAvmnJHZ
ZTMkgPbHvs
ZHHMjfWOaliaaBP
X
yEmwwrISP
yMRjjddcnc
xurNChsrVHPqetnBr
YqNdMvGCfSJpCl
YdBhRZxkSCTIdZzrMnGH
zENSkL
zaK
XWqUym
ynqAoCRwgvnJ
ZknfMrrZUBwJ
xnsDEJQHwu
XTasIcOyJfBozMK
XHPIU
ZdpYEUFxepZYoZDL
XnKPbhKgl
za
yk
z
Xnyn
XLldriBVolbkk
y
ZHXphqvHofI
XuQhh
YiIUekYO
Zq
ZXdpGdDJsK
XHMeheepK
xHVctwMSg
ZNM
xuDkTfcIxmit
zDBVbAw
YCfXbVBxKGMYHNUUPA
yS
yyxFdRaGreUWpyDwtM
YcSDicSSjlJYnsEPufN
YtIpvAMPNuCeBOnhri
YmoP
ZkVg
ZIYFuiDuiFird
yOiqHX
YxdIjGlVJQLzGs
XbsuWXRdogmxxaks
ybXmA
zpfvQbwQfpJj
ZhrUYrBTTIahSHM
ZbPwtExs
zS
XwHHB
XAw
ydeiJXKXkcXcEASEhpu
xQDsQOspc
XAOoThkDBFcqdQCv
yOr
YZnLXtkXhbQnkrIZOwp
zpyemrTdTdFvemLO
Zr
zNtawiZbabFGvK
y
xXjUo
zgpyAJxefg
yMykFOHktikAsSLgZpvm
zgmvP
XWvZIdTNnhiBDZA
xoxWKMQCH
Y
xhuCBkvZwzMtoKGL
xudaClKYuFzONR
ZDwWSm
yrrZvRWQy
zpeKzYARshRXRZ
zxsRJr
ziwkHkPOxAskRgK
XlmJjbjbEtvwnbNtOe
XPstHtKH
XwKrKeqNOinNR
yiSBHDjsByEni
zlr
XbnIvWncekGNMHAiO
yaHPPIGKcqkJhpKwT
xN
xXqRjaKQDDlwX
YefVsCEuTW
XsqXfFWwpX
XhlEeWzS
y
zsyDhHtPcxZUSEjR
xZXcADFbonno
zWnoDm
XkNdHgBYEflrKxtSPomC
XUYTxg
Xkcw
XAPhfwKnlNxB
zWxkASMgOPaKUFKhhKOW
XmRBz
XltcZNDHPyMVkHfXSzv
YtxHGzTOLTagnkhG
zxIRFmKLz
xfWREQFQHdYkjDnOfj
xKXXylYZwmQIcztjmxV
xrUVAxGwagFtzyfWp
XyAQgHGXCzm
XBYUJ
zhYVUGFlZhxJIkp
YCvVxw
ZyqKvmXaPnshcfJ
yRbiJebeuzVc
xSABS
yTmwZfrBAq
xXEvzNAVylOYolkqSqwu
zqmNhzSUK
