agIm
aXUGDhEQXTRTeMWRvApg
cuhkloM
CzYXRPmQe
DAhLyBYRXlHTYJMtinqj
bGRkgYovAurTSPmdcP
csFXQKECVm
D
cVrHciKrxzPAYu
DDPT
Be
AaIKfMFXCEr
dwdtIeFPtBBlpx
AcjYiHLjvWHat
DVu
cacelBgRHayJK
CFMylaOdHrdHtJ
BHFg
CgJBjRmSspJTpKKKWM
coXTqkwFJ
AvcUhAbXvTb
dSIFKxYKpXVbxLQYFuOr
bJ
AypzyhpjVVwfcOE
DmGSU
cUNXwA
DObaAcuU
ASTZCT
DDCRSDktTTGLJnx
dbaK
aT
bpZKPEjo
cKVOFwCW
bPAcdCbsPmX
AdDhcOcDBf
DWGo
dkbsKxzjmkTY
cUymavWVnFoVBih
c
dxkrvvZCvu
CXNNafWfSTMVUC
bLizVhGOEBHjNEHN
cL
DNTncQtvJCmZNa
cRXI
awLkImcpZrWkdobbqEh
BDoya
CgeZw
dnLYHfYxrCOBWa
aYAvXJBayFAnHnwJbg
braQvgIpfQAsROZRJq
DDQklsbRkqBoVzv
aIWqvJZowbOMPDprOXME
DwPPUNQVUmm
bPWgiQ
CJqqWjIjOyQXU
APwMcfBA
CLvmZYVovH
dRQRwcLZj
DgZykhwuMQlXa
bGWchGkHPzUGqOuwKYC
CwAQRLLVHQJV
DWitJYaXeillwoNviHH
czBH
cICebMvQWovszyuLI
czaXyykYcwFGFm
CjTyzWDntASgOnilX
cu
Cyzev
Dnqxp
cUcDNWGmPEEp
dmRKEnaI
DbuDM
aZWsHSpsDuNEnXO
cdwWTuGuTCrqwpCVJ
AKsdlizsV
DRgGTtdlsMlRvDb
aYJLc
BVEuGPnkQa
cXAuUPm
ajygYjYUBH
bewObEmVLBHpTblQgpyh
cGttEZICdHpnSU
cIWcoWb
crPSlNDxsCktAmWwp
bubKBrMXQQRVjtUj
dELfURUEGlPYFpDOpKvg
BaizXIRLeD
DfETyUzUOOBLBw
CNIEyaTFkPzGQHDwkH
AJCMPoVgGlrUULa
ac
aAJaXCVzLpMrf
dPlzCwsQUpGVWgDY
AgUmwBV
dxHwEygEerjemsHgnSrj
bkU
cbCgwWhmdLUpxWhs
AvDSuCRMLX
Droen
DFGtJo
DXTkNmOucRzANMqtTzwI
aRwVguHwaF
AxfwQdUlrFDYvfLjLS
AvjLBkaKEQCXWvWVo
cUk
B
AhkbZCmFiRLxbhK
AmSfBzmReKTIuLDwTsk
CJJIBTq
AMAzmgwdvUKCrrBZrsaW
cWdRdPsphgEcCpuxFVD
chglyMM
awlnaSBmdLq
CFhcxFiBpnjKeX
CxxarmtjaX
ADxmrcizLLKo
DBM
BRtFncD
ATEoFFhAkhqyxvYnJdM
A
DkWPBYjakEZ
AeLeKwgTyUopbs
bxulfTFyCUo
cLnT
bfBSztxiI
dkhPSVGTomwPxn
cHIQLNhySe
CHEEcGh
boMlGPKaHaVnqRoNYJ
b
aSYxsnDqboAAsC
bbAJVGkZZxEAuxilOUWw
DWTgrhT
daxGOAkUHzDDPeUo
BiDkkfapsMxX
cOVXeYtobhgVqtyKmtVB
AkgYBEVEtL
aOIVuHROF
BIIuVLB
bN
CRpVxglZyXmk
auyLPrPamFW
CnYRzDarjSRHyVn
CA
brSoKOyPqCWarepNCv
djMw
BJBpTtswR
bOtMrBGsdSP
abVvfuaVgPfZIhtqrSxq
AnBRPHpaGQuHOOTtUMyS
BPQy
AqiqaPu
CTJNehtfsnMMUTRvW
CsjgwqahrOLdcirpT
cpFAxBGXebOnJyTOshzS
AaowkCpJe
BXXPoRexXJoA
bwiZMHLbt
cWzaavM
bICalldZeuvTIp
aVuzAjHaWKSlg
arNfXeLoCbU
d
aAwxAtxJsl
bHKGYfEcELJlATPzdbne
DZ
A
df
CFwYaEoudlDxUMtlZb
BnUYLuTmxcgwc
bdfhlrJyDsPqdj
ahjxJkPTBFXitVGSf
BulUvnnQUoKlySW
AaBFZXNyGxVDWZj
ASqCwBMFdkzcGL
bmQcXa
cjvDIFRsBStdMsTrQsjv
cQLhEqxalcSB
AnKTZXgAqAclS
DS
BLQfrF
AXu
aPABInjGPAKdbFEYTao
dJIYU
DdHc
dWMLJpGMhzrprbebqTF
cgUMNfbwJLfHDSoQe
aNXAtlk
DEvy
BdKi
azLgfkbsSqp
dOVk
diQeExMDoYTeXodRH
Dsfu
A
cICQRyYFobxzK
CJHihn
BlKrQZFMNFPTijKlE
ajabdX
d
cWYTKBGJtnFUuLERfEhm
CHFoG
dOyeqlJ
bwpVgSSpQ
CsbDSBQmrsxxFuKfl
ArcMdY
BSENsYDCKG
cryNIacWzdZcqcyRI
BYmg
BVxyvxyADEDpAjUukz
bkuvmUNeuFp
dU
dmc
DOiyCmDZqNch
BZ
bhxOSggj
bLmMRUqFLS
cbv
dUMeVTiGYO
AtfPcYTiog
auqKofZUridbbfZKTH
CIpJzi
BcltmhpVvdAGkqtQWa
bQitiythZtmprk
DM
BCWDQTJhgKZIEWFmV
aJyJdpzjkNaZny
DjPkMAUFKtmjBucIyxTG
aFjOgyzTLYLuQGAKz
avGcTlgvq
acztNNLlmKOoRQsN
a
CKpoVxaTSQFcVzUAewqq
AbtMMledORaoD
BynxxgWfVPNjoswzG
ANfsJfTHxBEPpCTiQ
bmPEjIlTBfIGKsIKfF
dmDbxfcNvAFbZeAa
aJxOCJMLxCj
aWGmyfFRdXEJisVHL
CQUpuNVcZQqgU
CVzcLUlvpLm
cYygJ
daNMVBbSnuVxeSeo
AEOGq
cBSowHMKBAqEsOo
DTCpnBRvU
Au
DwAHLbQNbxrn
CFNcRiAjpmAqzBs
AfsGMtMebtpwDYpt
abJdrpdHKdAUYPtR
akzcbI
AXQDTWITPXjT
AiPEWuH
DouziifQ
CtUVg
DXCBMviKmONyIbXJFp
CDiOMVPpiPqt
ClBjdgaeTwrywUqcmaq
baetpMA
cNCevEQULbNK
c
BolfYegkepQhIFDJw
CCDyaGvVmUJ
bwXDBrnghoWrmUvRtZwm
dGNcalhp
dw
BKHb
AgqTmgtkUVAM
ARyvuVZiFFUbpHbpKV
ApvAlJPaJDvXjPDeBXx
du
dVL
bbZeXfaEPh
bYBZxj
BAPBdBPvON
A
cIvhjqCADjVDWDoVqSq
czPpVALPmpDq
BvEMjJAEbMZHORS
bjzVHcTrsWVGqdHJ
DQTBMixmiMPpmKadmp
CAoJSRCTza
CXTqEW
cQUHW
aKnHfWAuIGrXDBb
buoAiMFwZrXsYUF
dNCRTAGkz
csfOT
AGmKWZekoqJAkmE
DRNdVdwQiv
AvvLSvEiHo
CbZiNbNgn
BXaEpCnjvF
ckzcbfbgTE
AlNwmMgcZBP
CVUnsyCjkApUAZnlQE
BZNprQyp
CFcKPxkWNmWVOBHlKYR
BhjMkZek
aclLwVQIFpoJGLdv
cltAfO
AxfiFUHtiY
bKlECJBmQbzfUecy
BdrSvzmiOSQglGskp
BMW
bbqwmYoIzdAhHUnuACH
acW
AffjmiNLciTtk
CkBEVbHXGaR
AQDoCJ
DL
DdYNKRgVAdfVfgcoxJ
CCBGCJaUrxfj
csasXCZiPHdOq
D
CbrTMAqu
DKzhl
Diwpgb
cKrWojfCX
aZfZfrHdxYoxGNTD
bVKEepPnfqGnRYW
aOSShiyIzEzorjYTBma
bXpOyQnBDZgcjeU
CZcJVHxlP
briQYUtnjKGiRx
bPuahVzKBazDlLuoA
cFTYHnOdmiUI
AfgpQKKPn
AyeUwaEMHRBbQMGdfsMT
DDBfwGn
BvhgKQPyYgesMVdWctO
aqoginvkBrNJaf
BIXO
aC
A
bIJvfypdcolTqK
dpvou
bJq
dlrZjCKuxBbRE
cUenPqzMDUjJ
bgDJakyoR
dwtJ
buA
ByqFxMlBrNExgwDWEj
DSTkOfksVMV
Be
DIpNrCsxyxXXhEFHgaIm
aubpKCUDX
CgR
Aee
CVANehKYrvJ
BGvfTTIzUcdMNUzAnWc
bHhYiK
cLrLk
ctKfklREZsgixLViuAU
AZz
DhBKiXSAScznVjbc
AFIdGfaC
B
cXi
bsHlnqxIJBvpxNmf
B
CGOmxy
c
damiNjGpVcYVcpo
becMJJVJIhamI
cVOGXNUVEvPsOCdnGzyZ
CNviKvgxxkHAE
CpjuqyFDvIWV
bcRGTHF
AdkRD
biP
CBI
cNHFc
BGRGhydE
dmjoDMVGYotKPmZE
dS
bjbust
AHcqv
arKJIVR
BIAJjZMZl
AYIjmWFzR
dieg
CCufFcL
CrQ
bcufPBBYgc
BQ
cBwlaKhpRioXQxUSqAfz
AHUROOHTB
bNc
DlkaWpTHPmvxfnH
bgmgFpugQeJh
DuDiy
BujlWFNf
cArRPrHVXpJmovVWMw
al
bwyeDOlEDG
BeEuEjyYeK
APaVYgkNFJQwyn
DCoBDGSOX
Bg
BioTDAfUnxmMh
BvfZWBjyCVFPqN
BxJPxkPJ
cqsmwgyTPCsrXlUG
bQd
CdSgSDKGzxULdHS
aTrcdzMQk
bpf
baiCmkBaWQOZlVZ
ABAweDmcVrguwkxhBvA
bDRLSSJfkEAcfAI
BFTFNWaPfgNmP
bZnWikgsyzm
CUtA
CIyVfnyQjOYAFuYE
agNgDRlpyjqQxtmNV
chlwRgPoJiIJIwMOhrcC
DemPOgGoSKqQjIFx
CTHKkr
bZvZhPWiDHSRAaw
DcbHkRfFKqlmmb
bJIxyd
DovpkfBfBJiNKBWlsR
cQeDJfkAuayYkRta
b
DVnEBKrkdOijRtf
bwVkcUaCwkjWbnIaTSG
aYLW
AybsIlZeDdxbNgIJy
CzsgeI
BpWSD
ByjOw
AHdiEIm
CXoZcigLFkmDRmMGCG
aHsiHcIDRgUxLCr
BhqTRHWQHscSLIfq
DHtNRHWahhmWnH
cqPZXtPJPUyBrim
bmRHRDaDtMrewt
BmkNIGfQEHSgFCJULhjN
AiD
Aby
dv
DzYGiM
atwfnOmstwunhvlpyYg
azKkEikcRVSEr
BcTMErvNTjtMJMCn
dlmBxDcuePYMfm
AH
cet
AE
BNRCitpobhKI
ARNbfJcHvLGCEplLBSa
AHhsCMUuoLZpgLITKK
dhfxAwNgoyVb
CmPKqbXjvOfdEp
BuAkzzfBNoMaUHCd
AAERTZDNMKpsNpgDP
AfVtlx
dnio
B
czxHyQcy
aHClcJaFczPzYQiP
ckjRoJRLWBqP
B
DLAcarflTKFUTECjCNR
CgnubZEJnlX
CNZwmr
ArQwmrPao
AUlrRPHCRtZbb
cPjwhxfOIfdVHMIQesW
Bu
buBctmZGNltIo
dSfOHzrqRFvFUBpUIk
bowtNQHpkNkljFqh
bUvtrulUIHGcOlG
DjILdrdbTrePdSYyp
bApRlfMAFfyrwwrWVF
b
BHnvEUxiyEFMLzwVXi
cUCasehy
dmswbarIHqEpMCzWEvz
cKe
D
bBYzCfHqofEqtGoUa
DzVSxhdr
cnCYqf
CSFpp
DxYpfEdPJbDdUlEuwQ
CTNYn
BmRIFeWuslHGquUVeXE
BxUmCsRwOYhchDb
dGUyctKJi
cydhuZGhltpibyXk
DMbxTXfVeGGmQ
Cvi
cOEtzoTYXdEuwGjd
CFhgtBcq
acoPPKP
d
CZSZcoTUtk
dCnbDjTM
BTZnfqkAPiOzOzG
aKyGjUi
agUTYTGHmTqd
CKFhGtzkKqUxwseFDDI
CAzudEMH
anBkKgwaJfHJcvFwzS
CqslNdK
AjMD
BkomLyfkr
CjByFfoF
cT
CyGhtLMLBI
CTlBwGNC
diLzqZiRT
bX
DWyvSRRasz
boojSEa
AR
Bunzqsn
CsDxgdIEeWHOlug
BTnH
BuOUPZEiBVoqpBwaXd
cd
dFRvbq
AZS
cCzwLG
BGlg
dRZsuUtTzECqP
cl
DUir
DckUWsljoIeThdHBs
DmmSw
dyoc
CDxaGIcVoRrEE
coIFO
DTDXI
cnvNoSjmShAsX
DE
AFRUst
CXtEWN
aPyhJoacfRzNdoeeqHAu
bqXANVtJZesf
cxOaDTEEDnXsx
BSncKEJSZysq
DjcGFDwnzi
dHrENHtPJFbUBwoLd
CrAsCldEASBWhqIYwJ
bugQ
aqqA
cTboi
CFpvuuCESZZgpsvbFMq
dPOSMVJYxODdeZbloH
BRxnrjjcKETLUubefjQo
csrZwSaUk
axNMzstKlxKoyMHn
bnYRrFXWJPyczzjNB
CgQgW
daTtUpGTxFtPb
AbOhUne
bVZQwlOwXqPdJhv
cmPxfUdxtuWRgtYIzDFE
APFPAHspOfwymaT
DDijcrMYFSflMmoTh
afhLFPbISPtSnx
D
cikRDFhLG
DQpipYV
cbZCHxSqlPUHrZ
B
Cfa
C
AcXq
bzTFdxOySbNukud
DYAWoUm
awM
cCjTKBy
cStEQpIC
dlMsqqb
BAOdCkoXngZOmztcqBDr
CCsRJPs
CEirGasIDSCJid
bezvaZTiGJ
csVDWlvjOgiKcpjSaZPy
CKEjiFNKgzvudWQOLmJ
ckbr
cUI
bWMJMnMjQpyIHt
B
Acv
bhtNN
d
bBjc
czi
BlyFamsvHqwwtQrN
A
anICDZKhgH
C
bNQFKHIETgoqYdNrLVYE
CLBBRstLnamGpRRhSl
dHbNLgEyUsoC
BMUxvSTxr
BhgzRfSkeTtMc
abdTgDfYnXsTwhdUx
CJ
CgySBqDSFApcLLyBjyF
DPZ
BDPUUYRP
DrMoCEvrRVQdjNUIr
dYWAkboArYyCGAtPvscF
BNyRyogUyutUfPVrUZl
BIafqYIMenQk
bgyBecdEfAHKXGavWWXx
BUohbrnsZNPdnqagEFBE
D
bHmbHOyKgosemtc
AcBWZBRSledax
AENBk
caqXVjDxE
CrcOsOiFdUUNxyM
cfthZ
Cz
ARHvUcBohPamGiyHS
BTUyBQfuvPN
BhllKcwgruCoszgmtoqE
apCtuWHvXRAnPHwQ
DdfzdtRlAOXHjrUaLA
CgxUraLuBl
cHtr
BhclpfUJdzjaHRNzE
DgkQKgnzkbvOQMndl
aSfHDG
bIRcnkrGTxaOHc
axHIQHeOceRNe
B
blwU
ccgYlslcnDwI
ACjcMApHQxd
bXbohmmZraJeC
d
awphMY
DttHaPBG
dzvpCep
AhFlnmMhPmeeKRUCsao
DNrN
DpGUE
cKSEw
DcOpynsUMB
DWGBGzliw
clwpZOqqNeljtuAZxsi
A
dAbWwawLa
c
DArAENQknhMnwnQoI
brPGoquMxPzXrmPE
aJxvngIngGYcwrJpL
D
bsFgouseRK
bcAqyFJak
BgDjR
AUtv
bQQRHrLtCOYocjXtrNx
AHDIJeuUiumVaW
DsDfRd
buQr
bhbhwPKKIUb
bSxWCnc
cuVhLehK
CZGuoLZaFytkEhLaEPqb
bmigonAAXY
AIkTqBOWdnsKAQfiTJNq
CKCJEWVyannoqbbER
CdWFrwpAcUtK
dRzvgIvYDL
axTTegOhwYwejpdO
CJrG
bJoIm
bzXPLmDHvNdOGk
BCtpcZaFSOKKuMmmf
AIFnQgUDIOOM
DMGYN
dXTUjPfoMUodrRTKJyW
AUXY
dtJzTUrpZNdeNT
bwTwFUAb
CvmktLxOSRMGUHkUsXE
ARhgFQcwwuZFxowUVEjJ
AiDpqOlktpZMy
AvTnOJVzC
DdRRjVNjIgg
aetZOAcKBfMIlsK
DqtcHJRdq
axyTN
CMOPYDwlSp
cTNwsEAxch
A
bNWUNJHZCe
CMSWp
aFienIJHmiV
DUcUymG
bAcdZLutrzCFXBj
aPyCoikas
DOQh
CfSfonqWKKwoKv
ajqOGUvZ
BBSnxIrKpisL
cEGAjjMPsOKi
Cc
cMtSK
ccQwUeA
aovYrPwwutDpLQpxf
CmhgGjmesJacICzofUm
DmXvJtzVWpmszMvH
aGNfzOHNruCXK
ddMZJHBf
BblsJoccJJqKguIlIbp
BbJV
AFGXsfoFxjJ
azalmlB
BeKsGIOcTnEJXygqvsHt
budku
BvSWYysM
crrTIwUZwZ
CCdqBUvyfTpQeqbthL
bwTOS
bgYLklCtDXIuSQGi
DL
dRNMJKUGeiQG
aYOKLjjj
CinYcvTIMxAcQfdkZAY
cntxdgGhuOa
CZDMtEyaZdkPCzlyrDhi
ClViPiqZEtwclOB
DemQsrnxupODlpF
cSMwlZtiBMEvwHCFcYO
bGtAVzsM
duaMYUhOHbKwnRzvvmSb
bQjbCQOQwOvdWCe
DElb
AKdttJybeXmGBurLtKc
BJmyRLHsBH
dXfHiQnLPJJ
aRlrqfuctarv
byxytMb
agnAlkzsu
cdnWOlsvn
AKsDdtiCmejPrscEpl
BRxIAa
cXkMhIO
coLGnOwjm
dZ
cVpTMR
Cfpxnw
BPCSohLrofFy
CA
BKbom
cyKiv
DVNudizbAhGfafjw
cFUOhLuw
bocNpTuvJ
CNSmRGlOyJKDbNgSe
BONmXozfsHH
BojltqRUjdV
dOyzuWAGsZghfDLUVwzu
Agsc
dpMnMyhJ
DmMtQilvtMcVrY
bxxopunmlCgrUlgvTJkj
bKm
AObLZyfahayH
DYGoHsHUyYPyWEFDoP
dlBByUHraTvc
DgPRGzbqAReBxiImCql
CdFcwvJyNp
bf
ajhfH
cIBgWnSOwDT
bVk
BwVsTONtBZFIayanfypQ
DfoARXgPGXpCziuw
BGOzuzwffUFlEJ
asyzweZVRLzOkyRyDm
d
bvgOAPJJqOZSxrBJbHO
AeTNKkXVNXQtpnvvxq
dmrhubjtGmOnDXDF
aessviIlzcczpS
AxkbFQVNXvgf
bbcdc
AKHDmYyiEVEihQd
aY
dFiMbDRxfazCrx
dPYEuJefgsdHq
B
CSUEKsQZfujUxQvwVRc
dxDeRRsFif
AS
BdpFbNWNMrwYc
amerigexoKKURIRmOC
bbZlin
BiqIclNkiuys
ClcYltEmkOwHGHmCkVMh
AJBQ
DcicXKSRFicOPSnV
A
b
aaoqQfpWADjvIRn
CR
ceObzPwbZcACNbQK
dFzYx
chjhRNRbSNForXuKypo
bQAAjIr
aHbriblC
cEOSOOdSmcg
bFw
dwHDsG
aGkSBLrAGaWsuR
cUZkBuAgaiuvXQH
a
BAFBCpSvjXCTqMcsNXc
DNZSIuhchsocU
cOcqZjm
BjdgNfLzJAPVFpLeWW
dyCMd
CakrG
dWHovNjGO
cYTdnTdsIxBJ
CVzDXfbClcycWaIqezKh
CHULNqJJPdAsL
CUmcZxVLWeJEyTHwShx
dbzpXbfIhmYNgFwwR
DSUHSCKsRI
BzFKtBUwrWsCFdIkgjl
cvI
d
bROzBBsLpnBnk
dagUwnAhQCLDLFSv
aOwykfYRotMSLJnJOmXK
cysghiDFnBTFqdYlf
aFFX
cCj
DIcmJYEL
aeprrtiU
dxu
CoVrn
AeLRdrKEPDvWfNiHx
DywDsuCQhjN
csgjRoeaZdN
DnS
czCARMdGDFtLkpAIcS
ciYap
covD
cCfDDvrngjkxeK
DnHfBqzThNuR
DMsYyFNtgQInppjDW
AyXYMdReSgAWvswXhAUO
DPWXmWQDxNuTfncds
BbDCkfvxx
a
D
bVjDwox
cjlGddPfjCAdkBw
BDWWrnGmtUQfh
djsnCqNKZKZpDVEtOIA
bmvKPNVRBFsxckUeVCUo
B
dQvLZvJbgWuWaIdWKwA
bonGEPQERLxJpN
ClojEJQCy
ATfGmbufpzPe
DkSjFy
dYhagMeenmOXGcmhgFQ
bNitIoRrZXaa
AeFzLCS
D
acNNgNKcKRQ
bsHP
bXORXDDwgonmJivzKFW
cRiZerZXFDCcubgNuiG
DNlfDCTyURNqSiqQdWyF
clhpwP
DseAR
BcwigBLgv
D
BbJjfbMhnVGEdajIlqdS
dKfIAYvKiK
dIBwkkewTjfZywNAfERn
AdEXIMsCVJqLqDjz
CUT
cUePsiHjsccd
aJZE
blp
aFJgYZsuBYQyhp
b
BRwzyvjZemSh
ccGsYbhBOMdxzvEYTf
BDMbMhoGSvQFVQsr
CKwuRrWwsDPL
azMHoAEZJadXcL
Cj
cxYygR
Bq
cageoaOwgYJPNpLLzr
cOnapkgCz
AA
bppKBzrrtMSTEb
dvyEjmcyfok
DnioCjuw
CzST
ASIElpGNPrbkJGOpUPiG
BwLl
DKePJzVHjBQ
DRwKnl
bZh
dJWIMRL
DbijPCCuQOdSg
dflLCMmjzsyHz
aekcVJUJRllNoQbPfxr
CaSyucalsODRJoTK
Axd
dp
dNMQUoKCBuSPKo
bEOESMgZwTDfsGrD
C
a
aWiWPPCmwnaZRoGk
c
dET
DdtorlfsBxlRtuRZXPbN
bYFibNaRfZsNnX
dmzUDBUFWL
cSUtroKRCRisdpqXjgO
cepvoipRW
BBnUUVTeoJHRTLma
dGYHaFmpuaxeQpOc
DsBeuSBKc
bOcfmBcoFTMZcWs
CHnHiOcwsewpIiz
bt
db
DkSizOrCyYzxDOio
DTizyFlemQPSzlGWcclm
dI
aS
A
bFaDgKNcIrcJQubeoZ
c
bptAkDQIcPmJErOefgPd
DFTxVSZjNol
b
CuuDYTkaIR
dYpTtxNKrIkApqTBboKb
DtOWuFzvBixFhdVUGXeY
DSiZQxyemYQQVkK
CWOVbXQgzXVmSZOEm
bshyhD
DT
ChoUhk
DYTEbWhmqGzr
HZpAw
hfVEQgX
H
FzFmsHyESttqIZMLFVgb
gPyAzznpbhXPXZRasDc
hxcDkO
EKXgnRbsCNmAtKBFuAK
HbU
gYG
FvDDjuvYnAQZRzgcnOJ
GhMOqOvIfviKc
eKQFEa
eoBYfiItXMsdfwZQZf
EUldrdQrAfMBmFUCPPV
FXGMWmbyraL
GJzsbthbkeuGh
HVHhJpsaOW
GLzSVJPFpWxxXtB
gcnn
EvrI
FXapwHEjbQ
hNdMJDDhEpAdEQUh
HUNnmZyyLdBbu
hcjjubACqWDSmIwyQbI
FDYPlRwTPobmddPIsJFc
EcmzTJiSc
fdnOnKByr
fMl
FyOhspoySftocndrvi
HpycBiNTurjBtsUD
fHUbOXMxrOMliHBSj
fjtkJOZK
e
GBgQVDAx
FgXaIwLxEAu
gg
FX
FKAkjkXdDDxWd
gOxExpZobMmfJC
Gietcwq
FWrifZEupHbNJEnDya
Fn
h
EkyPqMvqLoYmi
gciXvBG
ezyCFvcCSlNGFbGMt
fwIdISayqmCDRbdO
gApdbqlovuyPc
hN
HpxFGbgNsvcTSuU
eXRTqeYrIJbovtVbEdO
GoYeGW
fMlrWmdIgY
GfgXNZYMxbPqCbXHFnwc
enTdklrcXkPkrv
FQWEeI
HOvCGcYzyAZYCwZUbS
gCUmsHbmqchaGMj
fymXYHDluTPTc
ENTmKJhoJeqcHwV
eAu
hN
HFtCO
gfotgVzy
FTprj
FmyooKzhYymSoc
FgDJjJkFIbOd
hbWoPhCKLpS
eilBkThyvODUBJrmd
fINYOblUUreHNThfexnw
faBIUkFlBpzIJhH
eiYngfr
EuIBHQBPGkBOIpQS
FSVH
E
eFdGnmdDKBhrlDc
GfRjPhkKVzO
hXXHHlEzs
HtCtjhfg
EndVGlchSGKeP
fhcIFZdoWTCA
gCBvDBKevunYJEHz
HsqPSTus
EArkaIRmrxbgIyYcEbT
guBAZvtmoAXvlyIgtY
EcANPP
EFmMTXzD
gTCnryhTjnlJdMa
gAXTGwuUhDSr
fazDZGXqoOviDwkve
FqCJpSnGDWrErZjT
eVobmTJwlVMTc
HHsnVlKiUR
eHJuWDDdD
EZqEHiHvWYn
hZoHZkBgE
hkvEsOpdBmHJHAY
hwIDg
FMBslCUPDSTeHYgLnKzS
fABdx
ExQfItgbteN
g
FYGcRPxMTUbikEgiz
htdcMoVb
FTHhMcPqIgrzZAZPGW
GuK
gRWQIHajIPeRRB
fEc
EtPrGXGcolilzMpdqwJm
hCMgPdtKgGzQABrGEVhP
HBwKLXgoF
eaFuXlgiGzGGzIHSV
g
HWenBekE
eTpZNaNayCxOMpdWko
h
EryBIYLJHz
fgyteAWnayPugNMEN
FQ
HjcOKkamATdDJ
EcoelbLjDJmseAlOZ
GxndTrZgNqKxSGT
hIdqa
e
EfVXfzaKGxAkYbWO
gWIefMiJmeYOcEJp
HOJuKHKIssiWX
Ht
FBdexvlXFvatDHU
evbJTKUD
enwQvbvXaHWSKYYJ
grwfZrxUQQkEkynoaG
gfqSpKossNSY
hCaDbzHZaF
EQUUpUTKBo
FzKqEtdDLiQIGMMWKfq
fAoSbzl
GEqUkSjlk
fr
HYQqOQqd
EgTSmdFoC
EhLkooatR
gHgrV
Gb
HuvPpEJbpfm
FpLChyntCnJ
hFgoIHDKLJxWjupqktk
FjuGdxYovkmhcyzREIBs
G
fXSKLNvsd
eifUpJisndNzWPn
FERAzw
EYBTzTUtVqUiccl
EquTuXQJOxcZVsZjuUx
EsjwzbJB
FmyJCoK
EjHkpVFQwPbdGJvkSiG
HGkJYqEztRxNcbeiPZSS
eellCQuYrKTf
euvRlPQQqCbl
GfMsoUZHNwOe
gprMmYBTm
EvZUDgPyZTimZD
FJqzscMerLDZ
hKVqjaSgfs
f
hjwhKpyxOTkBLEP
eJNQsqPDGRlkDxeA
EebXtLZuW
gxvFwZJfmzmFqcpm
eVlGrUsiaWurAFmFUZom
gNVgGLSKfDgjuzDuvrt
ghuChZJJekZCrZgTeLqa
gdnnOXfSOSppcji
gORZUkUrhLATmA
gDbgcwmBjXhFlHXkl
EbMoUwjmbUJJFdZ
Gc
HNF
fL
EDoGNBTD
hCJQKJRTcrNmOPCffp
hzCctjQa
FAlXQaIgtGV
Gxgc
ENpEROHlAODdwnoFHRb
ePqjAqq
GRdvprHnJHHgsspco
EyaILQVAvjOGOAF
EujT
Hdfc
grN
FfhSsUJxgQXbYs
G
gZdpjoYzzoaruUQIy
hRaVFfMB
H
HaaDzIMMcOZp
FMSwCTq
FHOBTAUypbyBJ
HgkSqFBDxTXYsiVJaAGY
FwEsNm
gatywwifk
EjKVzdJGfyXTmlFUPzch
fgKOdzTmPRDpUnKdE
GOsyOKKIMBeuYEzdxsBl
GrfzT
eObaGfkMXODOq
EiscMV
FKXMYYcknDR
ERC
hbREFrgLOQHNYNQ
fAfq
gkAtNBLyvJDzqsfH
g
eMoh
EVDjWXDDjZpetouTXgSk
FIKXiMKolGZ
H
gAwEb
eX
FyDKXKQncQbEmJenzAX
GkIudkYOcniyThdu
HawDIQ
E
EDmRlpXPqQsO
hCDyyCwZu
hveLja
gZVU
hgmU
HYORRhPZpPjrVdfgX
HLddCRf
gANgQyDJsqUzfW
FdwuPmSkgqCFZncdDsHE
EVpYHfCPlt
hLPsu
hySNfSAgRzdzuj
hYJ
HWKcwzjfDAMGaSZriZbz
HbgFZhxzOZNqpEFGnryb
hZpjQDxpmW
gLHjBKZmqX
GQJt
gNVKV
HvNZQLXgCbdO
EcdAudi
eOorOGSppYdblMR
FKYZ
eKaAkWlloILIpUuH
FstLXWQbPiTV
hIYLhKZylq
FTfQrdm
HsvdufL
g
fpt
eUGWijxHPQrDBdCTH
gm
frVAGidHztMc
GQmUyLZrYqs
GCePLJ
gVPjeoeCKE
gUgpXFNJsadsU
ePDIxLCywSQFKTPDhCLm
HbMMReFWuQPIJvmgFo
hYDsWui
flIYNoKVFIFuLPgbAXug
FM
eJcEWvPjW
fwDLuPSwR
eaJbVMQDzP
gndGqsk
HJWEZLNd
hNHm
holEF
eLoaAzvC
etmwTPXESgU
fJqmV
fQTneUhrX
FxyYJBtznJmAFhvNgKA
FnDXYTylAmx
ETxooyqiB
eZbdoDui
HWdyBTofhCPBuyNIBWRP
fN
gUGjsmRZsWhofpq
hBpMmNH
fAZbVc
eMV
e
gg
he
EEZDqAEpTkHPCham
huuZpOhXWNtUBi
gGCWUzquC
GovYljINsJjpXJpm
Eg
fBQ
gmEXOBZOugMLd
FgVqgSOZqUirZ
EwKjBz
gMdOtwvqR
hWsUYbNWMyFD
gaG
FdnTvMtHoqEOR
eBD
gjbvHCSZbLC
hg
FarWrDgKrzUnGgo
EafRwYBkiDoT
gTJQNRLWZmoT
FNzB
HCKLubK
FnAblAG
FVe
eYusfk
fFXRyhrKr
EK
GIqC
EnRthNhjSveXG
HmUsBWrmevlnPMAlqm
GMnJXPPevqHr
ENDpZZCnJG
gPsLWRpwIEyiEaqegHTl
eMnW
GLLCl
hYEYvPPBDojlVNrfCN
fAldIODR
FOqzzOgvCEQuevkByS
eDA
Es
hMcVftIRBn
hFkgreAbAjWf
eAGKgR
euRxWBYFYAOQxkA
EULP
hcDISSO
g
H
FUoUnwNRc
GqNcgFRtGOsgPoKtiqNg
eJiwYN
ErBO
GzQPZs
F
eCEa
e
HbZNJlZSbSkDLNvAB
gS
gZjAFmuiByOJDMlg
frXcsLKHsLqNDVK
FzNL
EDqUBHMYYflOy
HmkuKmjrGbgxeGj
eZhnf
hyTF
GSurrxwQvayWslNpiKw
eyhPcoKLmFEspPVjxK
FVMc
hVPBdGMoxt
fcUbAn
hXlfGIcxwlWYpXfBWs
gVPTadMxUSDummF
gDDsSzDpmxt
exHogMzyg
EFdyYFDVlycGf
GbHOGkfCPIyntH
GfLUYLotXkKjdH
frxdLsnttPABGA
gkyFBphE
HgnrMBvrWRVdFbmnv
egFAUqtVCPHyPl
FfTpruMTnGOVYUbsh
FIcLFtvufqZ
Gqzw
fnBXlPIJzPr
eQdYvmNekfTq
ebupVBSYkwUUrBAGH
EYgDlpmKAceWSLHzc
GIDBrepm
GyfhaILFvywb
GPik
gRjtuPBwpzAf
HcPxq
gtRuQnTMcJDMJQC
fNlzYDMAWknOUy
FftBQ
HArKwnlAMjLqDpPwVL
GSR
fCXdJxLC
EIePYzXJaciMCDGfyz
hzUlunJKx
Gw
flbFaAfdf
etWmDWHX
GfbIqBbkolr
FacBqNL
E
FeqMTqmxLHiFfqeO
FIPtDmvOPTuzqGh
hCIv
fkhmoIb
FcFPDA
ewKjhoMD
gRYXrdQxZqDpb
FssCLoh
HLrrVcDAgXxwOWl
goLuVpmvzoAqrn
HVRVgyLNtt
enPXSdlwx
gBEQvHaE
eHxRTP
FhswSQuNSxhE
EQIJBqbGiOevqsY
FMqs
gF
gcHQDdyWQWwtWmt
GEMsLey
hWsDgKrgSZavjdtMF
FhKoUnYyUOicUhhobWXP
fxNXAc
h
hSrNkkFpqzeTDqJhmn
fUGLascfAZuorpjjV
gAfBXltf
FMENkDXRmgqCvjZ
GWgZrrMFMtE
gYsklx
HTByIDkF
enNWv
EqtP
fLiqQcUaQkrRNoRYlwgL
EcrzsnGyHAOtYYqMFJU
fNcuVsODWGFZqqUgqXB
GCK
efEoyvzQTwcXcilWyR
HutODNpOOpQs
H
h
FZXXHXRUcpYQ
hqlzK
ETXmF
FQhbSZUvlLYxxxQt
Ecb
HigARjQmau
giSRDpXLXyzGpAhWQ
HNwbaxKWOTRhQwNRiHC
HcAotmRyFUWcNIPxoCPi
FVJgtUDyoFiC
fGQMxVi
eQsprkOVBXlA
hmYgfpAIsymBWZkAp
FyGUmQtXhpcsADCWCh
entNcVikNpRhsJBmvye
fZxhUBkr
FpSQGXwAfmXGUuhFtbR
fAcCjxNr
FOnIDoHJmHtHCMqu
gKYHHQ
GcwbmfEUnohpAwRt
eFPb
Fg
EFhN
G
fJ
frKJsJwlinHaRCNQrZ
HhAKlBevYVb
hUHxvkqCQkKgTyLJfN
gzoONwbsyRLKgQ
HUb
GGoydXpWgAhxMY
GCEmlMZwvUiirciXbv
EhZGTGohMOtNLb
HLhaujPrThlQL
EzBZPcdpykrxkoJnUhI
ePQyxFhBJU
FoaCNSrytI
EHAsjge
hBTWOtofsAQAXKDL
HMuqQlFeFTbfRWjaVf
HlaUqWQkml
GDr
FJiyZPvMFIOVYitq
GINBaCMCZ
FNEhLhgue
Fky
haZojV
GZPaamHNGrMKvczU
eCbDTiHZyOqVLmY
fUNcqpvDefwbsXbNkBqZ
fUnbDMsGpQsRYoU
EiFmZCQdizCBtp
HccOTHiaQsKYbIOv
HoKokUviBcahpOUeqFl
GOBNUJd
FejCnMfdbt
eDkAHsQcxQyBUhKMn
gIUesTFvqdFbo
eHKQ
Fevup
GbnpzlaaldsX
hjMctfznCYQJwuUsiOX
EHY
fPUNXbLvuUKr
fhciOZHYihhTguTDnmI
eKPQhd
fIouVcotrZXRuCagO
EJdYjsokUYAE
HpQtTyAqienFeWRO
FixzTJXiWIKStfcdlSh
hiYbuZRNeWpeEoCWCLK
G
hHgDua
GPchBmaEMeTuswbcoOg
HUyeXNko
gqiihyHpeVDhjHgqS
gaVmrsMxdFbP
EbZC
EZNAowdUN
ElniFusBRDzv
eySkhKUIKvQRMSfuvht
hdDvRbtAHXEoMh
GZZIli
FjTzPEeCPfvkkw
gtaEQwOGVFrz
GXtkC
gNfBahbNez
gwJBXUHzNfrQKibBuNtS
FVGwEn
HV
fVeqK
hGROAZ
eSAFOY
ERqbhhblVVk
EcYAcETEkaFfgs
eueGop
GGhYEFJzEr
fZJjdgtMohujjM
eUHICuo
Fmp
GMQkSTGYAg
esAGWkOMLdFr
efyP
eiWApozY
EyEMpdL
fzYT
eHN
HUoqCPEX
GatGHFhmtUXzk
EvqaPwMjLkxNlh
HNvggxnJZTMPkLtZ
Hcd
evjZA
fmilnmxAyHWW
gIihhlNGskeypsZE
hZXftq
hNMFtSfNUMfKkbG
HssfNjOj
H
GAiUJ
e
EHjzKiFq
Hqg
efjvgZGX
eGchxESnKxaNQIaMSGJb
gLFjVBrNjUvXhbVmcb
HNRlnViFAgw
gYQAtqzYTkYnzaoNgly
hFtCXjsna
FsUXnwcRAxXV
GWyn
ffFjnhNo
FhXbT
gdFU
eVrpYjGAYSzyEIKFMu
H
gyscXIRGxnAUp
Gbeha
GVUvWhMjJwALN
gsfInxZorLB
hIsobPQnRLn
EaJAaSj
gvimh
EuFmRWui
FmamnLxrsnoGKP
EpIzm
hWhujnUqAlRETQTNrT
hXkuYhG
feKkZtZiTpgEnu
GOlfFuCu
FqkMECloZzTLKiXU
FnojyQBOAXTdxVli
fywlOkSDImNMX
gGeot
FKmhKMLUuPhkGITD
gJMMndSQKgDwanF
e
e
GKtrCzIzP
hH
hziJcAwOWxPPNBU
gIBgrOF
gPqmIi
HafU
HbRMXkPOBirLfDQ
ERzxJXmewanml
gSYClPdrVXCI
GjLKtgv
g
fzwXvvMhcLnPgO
FotyrRNKyyHifZdEF
HJZcopAzfZpIqNq
GeUofRWCSCeiABM
gfFPscahZ
fmRoTeQRgilLlVkgWcE
eWDUSD
FZCpAjhYEIrfJIn
fi
hGcIzjwIkyHVzAiJvc
esJtHOPSiCqUWNYwrCH
HnpQExyXqGJrpfHG
FppPKLTce
ffljtFmjb
eUBdBmPczygnrcf
EINxjPVwwe
fCwgstyS
FNjWmEtguDMZCYYrCU
eqcOvDlgdgjSLaPn
HN
gYXio
hadCFWbP
Gb
ElilXsqeYmBSoU
FznzU
ggRdnnDFF
ejtPFkejy
gGi
fnmuo
gpsMUvuXSxJWUXSYnxm
GWshyqlhFiEVtCxBLQ
FegiKBGYQPHWbkqycJ
HPaNilcxtyoBFGgOX
fMf
HehFMWVjOO
FMJ
elsILyIndWAlW
FfoEOwvZjC
glPBGpjLTwKOJQXJDnQn
ESZvQTyvlkFbGSj
FDqoNB
EAiip
eRqmoVO
ElmuHUTGGhzuKZJvDqVI
GKVqzcsXrBiexdA
GIRQvJVUzRDcroDhrKP
e
gjYHGvpkQA
HxM
gKtQhAgfa
fkVvQzZKEgfPOk
eyluRlShyqEi
frRwtHWtDcbhw
Hlu
HlyHPEnCgPZGcMBak
hIGvKbSaNnFZuWfkS
gMrdvMcJFRPD
hL
hLlCOw
EwwCN
fgnvKdrMMGlZwhHE
Gn
EnEKwOaH
GMvbZCR
gbcqjxkgkFxiIntdWJl
hWwAxUTCnGOSbzNXhjfZ
FzORTBlFBmPBErKCzlBn
gkqMJQjM
H
edmQzikQhqCaY
FahOfWKtwcmzxUmjhZzL
HUBUabW
EtvlUXAVKhIjAQUAp
gdjj
ehIOgXO
FTExWxaRWPZrpjRgnvTA
gUYgMdCBdPSDcvCCvo
EXQ
HCkVPdEhWSzyHIwbTnPn
GRzmfQ
fUWj
fCMGaKnhwUxAMJP
FHCEvWRKxhvu
gGRnhXDTXbjcM
geNottdkkYQJev
erGJ
Fn
fCeopkUwFyQz
gj
hWbVZqZlM
HpDjoV
eOSbUsdG
HMJmYXkzYTphPm
hbbcBSREvV
gQCQfuaqwlUTOf
EIsrbixqfrXjE
felELjRXAqigPsfSwngz
gkmboDKLjYoH
eIogvCzO
HQeFBKwrpJxvZUMeWNz
EXQdjZ
efkSjNEowXA
hhauKlmIfvUOTjpLCYW
GEtczMoOipMapjrnmv
HpFjr
FUdXwSZBZxRTWFYNaa
ftaWbnRBnbDjq
ERQTNMwRQVTC
gRJLXqAc
fNjhWwcnxnMOLIKrFAaM
eRB
FedZ
ebKxcmaA
FbvZPjkuVGvBPEzR
GEAoIhEKofbYbmCIYq
HkRni
hPe
f
HakEO
HgzumdGW
GW
FjeKtmijAXRHp
EPx
hWILAuPxwhkbyQg
fdeYs
gUpbNCP
Hlc
GVXBSoaSbOt
Exg
EqcPhqZ
GaoKKrpTU
gB
gMuAVcai
eugi
hGG
HPwOhouBFgLMsiKpSKF
fKovRkTLZVSOeRFvTt
hfCSTWifDxIHUiDHQN
Hk
H
eQLUolRdwdZRDTeyKnm
FfniVbWuIpcbCHfRT
gyDPvIeflwFKd
haZVeylIGZ
FqVsFonqdF
Gry
eoDVmqBZtmlaGm
FamJOltF
E
esdrYwDG
EJFejuvecOsVO
GDggaqkLsxaO
feepmqqWTyAokRf
FRKxOnJvGyKfmIUr
eMmColwhOFgRlccVwGP
fuMRTvx
FigynPXoi
GtTKxrDr
eJHqyBPjqWv
hexV
FliXRPmF
gdMncSuPzpkfyyDs
eyIfofbrJg
feOxkxjSNsAYyxbEGB
hJrXCPgNRzT
fluzlpvYl
eIRxXqBrtqaHYDsLsi
hOHHJBkveBgsCGypIN
EFWRtcCCcICiSR
elF
hEBtyKwdsae
eaQVFNOZcDEUlxKaSO
GcQtKlfnuL
f
EAZc
HLMCA
HLiTPLLYeFutYqnQ
FNRnWl
ftlbdbA
GZwiXtCTTs
eIyxORvooYgAI
E
gXYKMHBfyjVJGT
GtNaEWNB
gvaNkloqOP
fwSuIewLLwqJZtmW
hjYMWlRK
eviSEkuceVWHP
gQJfQI
HYPQTyKtcNZ
GvYZ
eWOwyqFJHDXeV
fEBeKZ
fPAFzO
gGqhgfGYjKYaZfIeK
HXCJXQPBAIYzvxy
hjsEZwN
GGDGIMgWKxJZ
fXzJLRphzflPpMYfHNTA
FufYamSzMyJAKjwA
EnSJbILKZH
HzKMdBHQUXeRAlvUlxs
GWcpabFimWWw
HZFwWY
GXEBVJKHAuDgTVCNOvDP
EHIDfES
frRFNEaRzGbPQ
GjthRrU
eLimwkGGXXHADQGeHnl
hBGtbB
EQQ
gHWuSSyMT
HbmWLHmvZPjglStVdo
gXfQHFtHtybJsa
fNluVujJZtHopt
fdlxacDiZiYzy
eYETQUlSjqaOaCWLHysK
GQxHNoSb
ExjNx
GBowxEFowtjIKlpURmxK
fvmvsL
hpjOucphBILSHQHDSx
gEuDreANzZQX
GTrtMr
gXBfU
EQFgDtNAbRTToLzWBCQp
gGwkxrEM
gtvycFQkKE
gkvfD
gVEpf
GIcZCRWpskwM
e
f
HmgzqYaKcLEPHzKZAPP
eKNeXMIrqek
hiPUHhNdGITnT
ekGoHqTrfTRnU
gkwgpIZUg
EPRVnZdRoXrVlojPDwov
GDj
fcFJVGNRejUgPYBuByP
Gg
EuZqgizcoMoaC
gpYChirvBWtJaV
FNrunNo
HdEmm
hpMgoPucZqQxGFeIyTNL
eOGCZUajIzhVVPnO
gHlDgnqKVNknGKtx
gcQv
gUQURcPjnkPVIbZwJjyT
fqFSfDqzBggENZDYHZk
fCvUWMwxGKFQYE
GnFJDFsyYPyr
FBBopPCP
h
eVHPQElixBTKABO
gxVqeTYqBblYD
gFexdpvHKmdNlbTx
GzPQRIPmgqnFBqTgsA
fnFQXB
fuTWSGMGtaWIDywaYqK
E
GNJNHrJnysExIktq
fxLubtOqe
gFITXKFOtYpqwM
ElZColqRqxEIapoEbL
eeRRJVmbeGYUw
hdSpI
fFTrLWJNSxuBcn
FCmlVpUeUKvqar
gtvunWKbAmGojmr
FbmLIlYTOBLCQE
hDwGMM
FzdKTKrAela
EVpYHNUjYQyjyyiP
ftlJgMVLaMDUk
fRuLLosgoNTtbwBKhalY
FpqFDKAdC
hdedPGHGEq
EQFvKjTkv
e
EtMSleXtBmFvF
GEPvJPqJaLOVtj
hvzmYOVQj
hgtzLv
HgrrZbdbUxYMzyPKQRJJ
FcGEljrhnavdvy
gSawQRn
HKoJ
gfhKnSNxkq
HPEtVgvlAezsM
hTmLnlyZRT
hUYTuuGldFREXdJEPzMc
gzZzdWo
FyGBc
HyRjpEBvqZIdVRXR
gMDEMicbsjsIXwFrr
HTFoYtP
FwyxQGGFF
GpwgUDtSzzqzCe
JX
kAEQJSwwtOLIeAh
iVFwofDrxwsSd
lysHaJZYJzsk
kyJmlYlfgyYGP
JWYcHGUpwRcwmJwrpRqv
jIZapjPOmflNiiu
lCttea
kuIkhc
lXUvpjsMOoMNK
JblGccrokyd
IRhyeTWvEpSBdgyNSvk
KPwDVNCgqj
Jf
kfUwlfbNLh
iTdaotqjdEanMq
lJqOTkwyb
KaEcSpFo
iKEorEhhx
IOSKH
jCCQmTyKn
iCoA
JRGwQQRoXnuoNylQbi
jHHZQX
kXtnZe
jHSINReD
i
J
JlWc
iqpCfXJmtgILMXeSZLF
KJXBFIQo
lJHpaCxFGK
lsJyDPqWTO
L
lqZfwxP
LmPcZoxRFEcmlNxBnp
l
IZSgFzxWRKjEwyG
JdBfo
kfWrUkPmDv
jqiDAnGv
lmEYMNuqrV
iJqSjipEsH
lBiFnHne
LylycZUiscSNz
IgACNAVSSzkY
iBCW
LZETAOukIdObNBJF
j
jvEMWekZAA
JBH
jRWqbwTjc
LvNlbebGUr
iHPSLncyaEzLOZmkNVa
LBQxMieSSPrHcLD
L
lbaehQvRlCz
kFAwIt
JpVumSuCFpamBRokZ
jKukriIlyrUG
LbXyCTNcgfwQl
IjQasjyaYKC
isZFGmSIiOGNLvCSD
LGuRPGNvNvdvoCbbyJvG
LrkHivZwcUYPA
ivaAVjsKUrzURD
J
LXtYqucYmOsAJhxyEznt
lgmuQyRaVeEpKzAkRWD
kfLcpvPeEaDKuKPzljbM
LeVQrVN
JdduZqVm
IgltaJQQ
JGVHTpcCjgYJEWPK
jESqR
iUibfZOMM
LNyDCcvQPsbybWOBrm
KahxDZY
KbRPx
keu
iyhAzovsKSGuqGole
JvotFH
JWBaVegNt
jcrGcWspsFkk
jcVVjnYiC
LcHBdJ
lGEzndWoF
KhrazbgzxaXYSMZXEZjz
lcehyCAz
KDUTOdLlvTApXa
lJYiKJLGaSim
j
jqy
JUgLZiCZlQzNyC
lsOluAZLnV
JiohPYlKTaTBVFHPcVK
LyCzrNBvysXnNOxYt
JGqSGrXI
KolFuz
KMjIpH
LcaebL
JfwuchDsWKKrvgtTbhy
lbQQcQSumEsLysd
KyMPTVnyG
KjmyNHzjWYyUGa
imF
Kfr
IlQbD
jCLq
iJyylLVIKn
KMCLjpVQDL
ITuKlOvYThLoP
IFgDBNHANyVPxT
LWDevFv
lujpFmTfuXJIov
j
kAto
JWY
KmnrvLSUuoEXAjV
LhRXcdjLYljt
KZyQyH
JwqbUeUHEnKYrUWl
jCiiMJdlM
KbCYnaXWQfNhFLdLFljK
kSDv
IHBUimyyFUsOebR
LUhAE
IARARLPAhrj
LbeOPIL
khbqiVSatNXGetYQRF
jHs
Jsm
jVfau
lUHRUgFvCYk
kqTblN
inq
LSBMFmiFTtyQbHeGdQJ
IlFkqlvMB
LGpoGTzBCPk
LJpdy
kDTwZeiBayBOSGx
JFrOJ
jOCqH
L
ktGQehkrZLa
kCMIWjIkpaBcewVthl
jBUJfYKqjiCMXze
LYdiQVSCltWiQu
iNrNbOwATAvPOAr
JKMYYCJpkao
jld
iEZKLKYbVoEwbsuVdQr
kKzYz
ktkOyYGWePozkOCGUAX
J
jksVMNsfxXAGLsWszhQL
KtuFqouRlk
ljGTQAfftB
jAIZb
LeXWeuXVKN
KORoTHtxrxeqgixmMntM
jaLOu
IyHbDzLrzRvyfH
IFhrXbt
lcieUc
JKKloCkvAd
iOJtBH
JTspdSYeFsAoeIn
jAvrJCs
kuCjKR
IrocXjPT
kjzmzKmu
ipjQEYXdof
KzV
ibaaXCHNDDMAvug
kSzpk
kwilMMcrIEGsTOaVfqc
JLzi
IJJ
KzFJdrBeFmnplQA
KvzJPTqyCMn
L
itxPolujCbXqrytuSzFb
LRXPBOMKnqV
igqkh
L
LRCB
jgSUorLtavmG
lTIvfFkSzV
ISYZt
K
IdlnJ
LER
lCJSkbQsSTWdlhkZh
JwZJiuk
lsxPpQUsfTQudUOcTOB
InUGnAfLiLU
lGURgEEdkMZrAjbBeoRl
lFPUoNGJQLQfHukj
LiHwoCNC
kyZWhqhhMalhTgZehY
Kp
likXdFdTsyYGh
iWftCqDFcWH
lOmoIGtQTEibytPU
KUsAFRoZ
lpc
LIBopOIAS
LvVtJoIu
ICeyQBGmyqFHMPb
kIRnd
iAXE
lwNrBJSYqWCyw
LMHKtmK
KezoxjiKrvEhOLrl
jxILllGojGAtNlGZHTI
Kj
JoBugosah
JAcnAwfbpmwweWohw
KJYCrXCUPVnxbpOYwEb
LDSumXddP
lm
jK
LYod
lLQrNxvACpuxkJfG
JlYgJzCDYUrdqXWXIvMy
jpxBRHgL
ihbnOuTaMLgPqWVtNsf
LUDcn
JGtyoCPUK
kOrVXbtWwof
kXtxdwmTgQjyuNQIzKcd
KHETEm
izeA
LkPWAJNbmBbljECh
IFZhTCOMsIPqZpSTI
I
KuaftKFTRJBtdR
IHRNXuzGqsiTx
IlvCofHhRtmHBwccdw
lrXGmWHM
JssUXwrgpTDYVfp
LPwEdYE
kwYPtutovEBLLJHiHuao
kkhZndISbxLtKsq
JY
loLciTqWpHx
j
JycLYs
iH
JIxDkcxKUCXjz
Kzqh
KrOMfBWEOJnOvQGEiWA
kDdh
koUArtyqRkZzL
LBdtdJWSVZDQo
LyOkPXCN
lYSC
JmyRBpqZD
kyTDRAqPvEmiVCCHnFQv
JUlQBsMBhFjItLhZpqEr
jrsIUrgwVGZ
jMEYPZxUXSFeuKEtmRVG
JIUkQFqJUMs
IkfGmZBebedPGHk
ichDpiq
LHEUgzoBVzoItSt
LadAulSvgsyMUYUlihh
iJMgbX
JIudWEsLnGcZ
KdHiIeBpDoIOIGJuf
lKCUDAjnMlxaPm
lLiAe
KVHTRk
LPpxYUdPjZOxzODPmyiv
kiiv
jNSuckVFxPxukjV
KZgIhqOWOaIhPI
kzemrmYIvJKncdMHz
JS
JOuIrzKlZCIKCuyd
LWMjbIF
jcydpZnACp
l
kiWQpxcsXvKilDrgBb
lySKtQkOpJgZbW
kQuOKjXClzA
JtdRKdX
jAOjueIhYxuV
kdHBnrKHeGiSijxqdY
JwqsEq
lbRXwBXVEs
IQVWnTks
JtiGWxxU
KYhLeuXrWnrmNeF
kPsGPkkpRbwy
LHM
lUxBZNELQ
jCeHcEfRBxfNwYHvzHBc
KoorTSnZpbLzsztznqV
kifZIu
JXmNooGkhXbw
JIG
LkNybepJf
lwXqLVRGoFZ
KziszMAXPREusgGLR
IMvfrrmI
IdkYYNyxvaovPYepdSkO
jKdxTxm
LBD
jwAYKKSjOxDaPD
Kc
idpTpDKKdcynPxEm
lEuDVXWoRYNFIh
lgWeTiUCxCVuviPHy
IxrVfvtIKLJewNbnGon
KZrlITNqhQHHgCJu
LWH
LIgxgTRiqGmXe
iZirccTwYOyYsvPkYYti
kJX
Jdvvff
LQEIRIUgYGdpMvVO
JhBvraBbYTm
kLlQJAmnjAbvmO
lmevAliIwJjtht
lWfCqaoQuNKYa
kUSULrEhqeqCYL
JRFWT
kUWFakHZoBhJZkXlX
irDklkoOSHffZDRBHLzM
iCDiYAACbPl
KI
kvOssEJIyk
ldG
iaFNraHKEz
J
LVzoknUgdfmrCsEwWH
iZfbKY
INOncYlWrcVBQOkAxdNo
lIop
kmsCtqrY
ItwUuXzLorcp
LyNBKytJkBsRNRTLi
LodsfbFL
jxxKalPtihEvDov
liwMoWNn
KQwPQR
IAGDDh
kaunBxSxZIXzENFLdf
jxEbENo
k
IwOqzkOakQTdV
jqqR
lIJblWxsGiUsWPpSDCm
IB
ltReQxtehw
lgiEfSmevzIdIwyiOiEf
lpcUn
JgLg
jKJCdGOfYDstfxY
IXhmxdXLePdbwcnwlHpP
KYGgKOLtMyhEeg
KxVhcYvOHpk
KFkREhTS
IR
KAyVOwy
l
kIxBMOIaeryssMHZ
JzcHzWbQKOmSHNctKG
INovdyGsQocSEu
LsUZMCaQXdXTsqhFvXF
KhzRZFF
jfCECwajTITbxjPK
kgkYPTokLXA
iVW
jTylJiHbSnD
I
jIqtlpsjEQPCBUOXuK
lV
JSMZb
I
IfvotYTQ
loDP
LAxouVKXtZNUFQBsE
jyAMUMRimORoytlZ
kASLBjWLNlfeLxpDqGx
LZH
LccLHNrBuqgQAN
KgeplHDAL
KIIPwtLtakczhceA
KBbuUK
IMSCLvikSVK
JVMDAYjy
kVMNdek
lvfzNKxaOOESVkwpWF
LIVkZq
iKfHVeyyldCqJjZgCv
IzGmrnLXRyOYQw
irxHUtVfDHPvHo
jBKNzBGZpnkOl
JfIPLsc
J
lGXspsrYoCBF
JiHSmGIYuukpxEkaTSj
iWhdgwnozLW
jGoOsHkMPHEdm
LYeAapTykRb
ibKYzFMiQhlYgQpdT
iUEMPZSekQiIzPbUMKLG
IhxgXjMhXALrj
IxoDstQqcwlaMih
lEascSdWNsmmgIwdm
iXgLzHOyhFQzO
KOkbBHZgmpUzGYWMWE
i
KkY
LyseEbMalFtWrWa
LsbEntfDdlaZ
lzCQJOtohDjnwJmIN
LEgRPlDqX
ktFLOQigeByNQE
JAAu
lcejeSVhnfql
kqUgMXOki
LajLgLV
jgeldjvHFNdiOn
KVWNO
iDHcCFpSt
KPTlywoLL
jfohPdeLsxzMrp
livtijUgCTWzBNLmD
L
KA
KIqL
kRorEtjbtvshthuEWc
ibBfStLidjJSj
lrNav
LqZYZfCdKPq
LAHBVG
JdNZlUIziDuiVBorTO
iMZl
KjRdQPazZ
LCkyPIVwxHp
lYagUPfLerrGlhgr
KvIUmHZRp
kNWeGJsjrJxfKVXq
ltpO
KsFIcwyu
kJJQOF
jviKAyeY
J
JXMjObdCIusTXLSb
IlcNuOyfe
IZwvVHKDtVjJgyCS
Le
iMaGfsEGLrjoO
lJ
iZWeLaeyM
LTlkuVEL
jQQYiehmFirazXpeR
JxGotdArVJBx
IlWgtzkU
imKUXusMilZyhP
ikTzBuqzNQRGghOCU
jHcnOeOux
Ld
kdqyBoGSrutKS
ID
LtIhwaIcddNKSTM
iyqczkjcAbTmcHAlzyyf
iqHV
JPek
ICOFPAuqydNh
JeylpNlLU
iYmKdi
kOdR
jtlfCdPwfFnxpskPvTY
JYhcrAEuglUjhZe
JXxXWPI
kDLEyububZTl
IqaokzB
LzwdAt
JZHDyPaLXhJiqrNFI
JCDqfZPEGnNMm
lq
jvRCPkkUtT
KzLfDxxoUpUTmxAI
JCDfRIwlHzNFRoAEwk
kJqmmcmmaGb
imMGkZgbBTIuyBTmJwz
JNA
IR
kzKYGEUZymv
kDbFOAxWibmNxS
laCGXc
KBUJhZsLfQtmgrxy
ildsJhGZicgSAGByd
kbMBXOc
JvBKrdnt
krxytqPKAe
jFDZyg
ifTyIpyZaQn
KpycPeYkodIYtWxlzEAD
lgwCmD
lTNOuU
LkApBMGthspqIS
kPSrPHCZju
IXCsxkpwPnJf
KhXGX
JtjSCBCB
izW
kPVFZgzn
JKR
lPMAiPQskY
jrpkUUEimAuH
lPE
ixHQViiidiCzwdC
KazJkfLrSCkYTBMQk
LPGZy
JfwFR
j
LLxmCBQeg
KkZqXqa
ilk
KQVoHvwZRVjB
JYFtDCeKy
JThOpkeJu
iBv
IANaTgCPaaVhIcnI
KEecbzpC
iDBqoa
lhbAa
LFELUiELcdcRDU
lDHuybzDN
IuvwchFdmpeXiGjk
kzckKUkSpABYdXVkeYKv
JsSyydrXDpRnu
IPFsJPBFmlSjWiZsclrZ
kecJDNpaOaQpDHPSVt
iipSnxb
JCrGIpBCFsnca
JpuZGGVPj
liTFZq
LfjweXNKGSrsijO
K
L
lnbMmVNu
lKRgeUN
Ljft
Lgwfar
jiMzftsUq
iBYkHTEjTVze
InwoEHYiHp
IRMdLKKlllXxmdyW
jWP
IwHpRCZV
kwiKapAEHzCHaVZkl
ikPayFAVSVCQBEvxOm
iJTjUjSlshdMdaBfRG
ldYuilqMIxxfYXKCpnlo
lL
JTRWMZXVP
KWmujNpcYNlBtSByM
LzmiC
L
iDBW
jrOixLujFHAsFkJEeUHe
kzz
lraoPigCIPdwzpMbJ
lSIFPiPnRzdSJ
ixOFARDQPNyrUXxXUT
jELid
iPgpjDW
kCIyd
lmtnVvUHKDr
lydcXOV
lhyKhrFhWOFftkIikMAc
JYWVWgpxMSOoLp
lrrqXLrHUVcQQuqiayAu
IdVnpdNFKFUNfW
JcJRcZqc
LmCnDJfebFykOXFN
JODaLT
KRdsnVE
JvApquiBz
JlUvpiTMiXygF
lSyWayhWh
LesEOOKPGQ
K
JCPv
jzJnhHcGHcsqrjCxn
jNhm
ILcqrNfizrsPhhATiJo
KmAgGn
Jjc
jlNHcIPLUPwD
kXZXbdmjdplrWdZ
lowXIPmBqBOh
iRaLkhVbjNy
JuMEjhGG
IMGtZV
INBWQvUqavVFYmqhBBC
lkrkQlnn
igfTKi
lsbhFCKyMd
kwScNLAxjwX
lbuMedtXWyF
jZEPeeaI
lfHDIMZciwQ
Lg
lbymWploNGihKT
LYCMVzKUYWiJnkBG
IeOHXsEmUFSBHHsYN
jcjpPZtJUdd
jWlM
KeewAt
kXMpyVXJByZk
J
KvmdJAUAcrNruEZlEfZ
JsCFQXmhKDXbmqJZI
jlQDCpJzBOJFpLjo
IrHOUDuOAFAq
kEIrMbSuQvwF
KQc
kAnQrqRWXBmPl
jGphlikiyDAl
IHPLWvZOIizhQMSV
Jt
keQIoqEQrGWgY
LMKnf
i
LnvOgpNTkvJBQSChSm
JGYcMsvRlyfvqNd
k
JDABseLAyJvCoprbA
KqoGUMmoclvnAARpco
kYnZyvLlhs
iuZJou
ImFSkTZvy
kVHPdeLcXxMFsvxK
kOskQ
LtFAmrQHditqdRnp
IHmstdyuxs
lyEPVduPKuf
KiKXIvyOHFR
LSiqVEJRIrgwvq
lIcbgJdzP
lAKXOynu
kfCYjN
jyIhDcCIdDZcOfsnByk
LZYRoQhGkmQKYgZusV
KKMiL
KABckG
LPeEX
JJuWPNzqdvuiePCPQ
iJvyP
j
IPFocgbTJ
LR
Ltj
IpzqtarEWh
JCuhenKqfCdkR
IygzDVNjyLC
KGDB
lDWcNvRIkAxKoBW
JORaQcuEHLAFr
lsKVxSUcatksNcwqEM
KFpvMJofkftfUfUdS
jSxbPSxW
LRbSlvC
IjEIzGUOomtryeLvk
iAvpCuaNYZkAugM
LmNlBfG
IbIkqkYSvQ
ipGMIAQiamdQlbcZMl
JPgLScRl
K
Kbve
ieVvcBQlqQHLrLIrCmKq
Lvi
lQoefOyULIPUbXpHFwBS
JMIZqPrOC
IqBTcv
jQQyuNNQaHBZq
IHdaNDQr
lQpDsREljYNlF
lsJmOtKGGhCgzGIjwq
jHFUfXEkcoa
llowK
lWpvoxI
JiXnNDFCawNmxnj
j
JAStYtJiJcZS
iw
LNCGsEapHVdx
kjFchXzaRNiJqbc
lOISrvZyvqGhngejwj
kvwkNbDXHfpEHeOrhGG
JrPZlNqNrN
LwAMcdUACiQl
KpMKfvnHTmS
JmGTdeNz
LvSMx
lauqePFfRk
KoxIYiGd
iUjFJCuuxXdZNd
KuvTzQmXnsnw
I
LdIJysqXZGIryvSvIqUp
icCOOP
KQvWSZdQTLNSXwtyJfln
JwOLpUII
jmBS
jldrFJ
lqBBWRWBjyCW
kysPTvGSTJ
kCUGanRTsKen
IPO
lximZMyGEWUzSoVKsHEH
kKrDunIl
kQr
JKv
JAUjuBNcQlfEIia
ljeuiQmONX
iwoSTuVZx
lIDJbL
jrRNZkIsPRPgCOfAeHn
k
KZHgpYpmZ
jNbTWGJprt
KYfGKegBdgZnlbqEZkP
jRBlzSqbY
jKieTUlhmsEvwJKBfyIW
lNjqZjpwZRXT
IS
JhMNXHzTMgBOtmZK
Kxbij
jUOPJj
KzRNOQKxPyzFyt
IPjbkvcxxUwZCiMXUsk
kvCCcgswBNIw
jRDovaoefPfhnEMzRVee
KT
JaTKNtfrTPJCAPDKO
KHZvHoGQloFbtrCESQOn
kAFIyKqPMgnYfNIYw
kFIEDFPLhJYq
jnPnwLZdPOOwxHmjaKHt
kHX
JaxwwMQGSZNfUKBl
iIDKzvhknOsXEpee
jRkRxmi
JpsHAANGIgAhNGHuIMn
kXNMhgc
IqRBGlNbGHyR
IAvliMksEVBp
jHqbleibwYwFh
kjpqxUlLbpBAiEkXNLO
iseriQF
LjVbsllEzAHf
IWFEtuXEoAtyaRtnJNAm
ImwkTdRhtmlMuaSSPz
JdDydzRQcAfmRanF
iPDi
iagc
KNyxjiGYToytBkDfSB
IPWz
JOwWNywKIuzVdurW
kUwedjTFoISWgKFvFsZK
JgXrddeduUpA
LjeClTckY
jzgCRPDWIDzd
K
LCUuGEYZDQlMEDmbdu
leWphIWSCQv
JgKxCi
IqBFksWqzqioIiKMIxAn
JQyxZmeB
i
KG
jEymzJAnZc
LAYJDQYqQqbYg
lHeckZlOPoKUlkQydx
jr
kOi
jc
Kk
JrmZXurNSJ
IPfYreASKnOOEROTNH
JZZQmoNyvPViVRpTVR
IMRO
KS
IPRSf
k
JJTj
lYPMF
IDrcQZkJ
KuAzfxaEeiiOAvEzm
LKBZsISJP
LlHkaRzzawzlkpeehSQ
iHZXkXyOXH
lvrMpmOsMx
lkxohsiMXrFtCJ
IGPYwiboftinCx
KJyPHXUo
jwvdfqh
lG
iyxZ
iseOaOMXVwnYoR
kRTOcaMhAOOjHcgC
jRXVMdNsemfyywsG
JKvCtwfQAuajJJzX
idpTDVqnYpiU
JWTsVYWASUTXntE
KYLhcAk
kDmKrLeZpw
kaDFnaAaEdaxsgP
kzP
iFZZkLgyWB
KKWVDdzOUYU
LHoTmDcfVn
jtm
KngLDAMdcrlE
JAZxAAa
IlsfbUGCoOC
JfosPGoqfoBYgEfCdZpN
jyJOiOfxIlpr
JztqJiVgbkt
I
IOMMlSpAJuui
kfrjGCwDBPcRkGHgbEwe
LOcfslChfWrCgkBkEBDZ
lUFIXmlFV
iRzulgNrykNq
kJZKihojFTFYJjcUumdo
LUhOWTbsCY
LFDG
lhrgCXD
iymhqUpoA
lDwHAvynvM
KPHsZNBw
ljRgASMsDelkSYmfBCD
KuZkkwnr
IVnrmPSMD
igaDGLp
jxnepWOxWsHIFHJSh
jYXRZnJTmujzWTieIR
KltaYtQVCIzmh
LrijUboxmUBgat
lVOpMOoSQTtCzKCilAk
LTrOjmexniPYuJEBVUZc
IMOPAwxxqYNMuDfHlm
jwGNgCVSQEhA
kXwQhmCG
KQABbVGbo
KgPOmowXaQdNbgajw
IjFCfj
KBGJTJlTsJpks
IFSFnLzMpAPXgzS
liIuJuefZhGibUj
LPTCywhioMkIv
l
LgHgEHhPZTqvRHtRbLLr
LhJmMxNPpYx
Kq
IEQDh
jzEzsDcwkDVCOm
K
jdxCDvmCD
iuIje
IrehYPhUPdCkPLshIS
jUcDVnSewjElrcD
IkLRdEGJWjAUeFI
JAL
luUIdMqQ
iw
K
ljvflZNziWgTJBV
iqvKU
kyQDugCNOol
kdasXSBKdwoYHDdAMFj
ITH
kUcSsh
IRbJCm
jTavpM
k
K
llWycrtCPKjKkpxQACQS
jWvlxusjWdpgPlyvwdEC
I
LCtlKhQWuxVIzOinFK
KSHJOozOGkitaN
kMUOShHL
KSLWGUGkEKW
ibTZj
jwrB
jXvicnnFClBzRldWgw
Kd
LqXYOlqtYdqLkR
kYaitcTWsOwPm
kkhOeZjI
KGyu
IlUd
NjxesMMlej
PhrNAlDoOT
Pebw
mAKJZjvdWPRsufU
mexDFQgtxroMDLsh
OlB
MMRxFL
miDcITGAGFc
MlQE
P
OcJAN
pjfrXWAn
PrSHPoWyBpoMYVpKoPA
PKaEEpJzmJORILsnp
MKitX
pzPfvUJPm
OCpAxuSnSuJPDSQ
oFVpLbVUQ
oTV
ndggSdTVxChHHI
M
NqUnNPKxjWY
NuCFikockWDc
pFxOXVNs
OXJ
M
ovrpqbmikN
NmgizoheSqwP
NEmZVVfKstjdMBgGG
manacEkEKarodTdt
MbNZuHdA
NMsoNdGEXbUT
PpygKCRHJXkJnsqih
PTNECi
MjHjrvWJJQi
OIuJpdgPupLVmS
pCLvStzGzNDtXyvQ
oFnkMaezMWOkxb
OBhy
pQmuklTnXTUZxmat
mdNztJ
ovOzhMixBYThQhZQp
pbkvL
pQSGcCcZtYwtdTlfo
PYGvPSjWegs
oVznPRgczohROwFScysq
mHrDXFl
PHcwBMmWlh
NjUCoKvAPMZcGVjTBq
pzetwRIOBirfJVlVAS
NkobWyiRQdscisan
pGvuiWoalq
mfEvJdZmhwjH
Ot
PF
POUYByINiuvhLjaoaRFE
OyiuuxTkMByNRjn
oN
NmT
o
P
mCfoNAKBEGdGEAN
PrhMpSXroDM
oIVfYQwx
MuNinQWaNRPGg
oWqGztofhMJJdlqQSW
mLotWQ
NgnCDoBcFHLHpEAb
MgqvEt
PwoXvIxKyJfC
mGUNnATbsog
omDG
oWSK
MBUesaHw
OZZocDuiQLDifqPeOaAO
opxcyKaAfEMCGUQbMaAU
OKLTBLeAptvEjwMRgvHV
MGDwxW
pHUOvXEBnrANRwbr
PlcqqhSyUSLFKojbYE
PwIEoYdBmJnFo
mBexvXXtZlElI
nvfHdGL
oGGxRdS
PFAasLGbTfFb
MwiExWzH
MseSeAZIxNoWD
MMmU
noKRf
PqVycSE
oN
ny
MRqJ
NWFMrEOYn
pQiRVAaGww
OpJYPumjDPEG
omsquJmFviUcGLiu
pB
MPHJc
mJhL
pRdmAJOlaHzFwaW
MFpaiMXGaaL
oLrzEbsNa
mKdrMVoWRUsTNaVfz
nEFZkmlQRQuzilZqszFn
NjCUvzlJ
PImNHCrm
oQEeAusKXEcNZT
nzafdVobnGPgybHYtjQ
Nll
pzCdPOnRoY
oTjglUSODkq
OXeIwAO
PtBXcYxvsSnsFzCgwpP
N
oNdFvKCgRbVoGJsCo
od
plSUaUNYunvH
OZlmjQrW
orII
NzNofUouHhTyjLh
PYSywMSQzQFCd
ogNJDKoEkulhHhnl
NScLvORQQUeuJUlxjFAs
n
OqJyFERPLGkZsG
MASEuBhziGUcU
NhJHWfQsVhZjylGnK
PBOm
NwDmYMycXAbwNgoD
oVTcU
maZPcbxBmYBsCMOV
ORPgIBqKJMovpVXou
PFUVnHGpDEZcsbGsgvND
mCeTfHlCaYdSspBfhgk
pdAdGRtlHNl
nSIY
nVvaqzQuOZgnFUt
P
MwmkCOPqj
pVpBobjhlg
oScJicjce
oTBXJYpDdawrYJ
meQiNY
NMDDAlLRgSGjp
PnMwZb
OrtustFldxRcfAMRRS
mbgWKmjrJU
PEonZ
PDgDoWCguDCZzrRG
MRHeqmnQaRknvEnjFH
NNOhVVHElHjnTsvSj
ODmDnUCsMXTTbh
PzJbEspu
OovWNjUh
MgNtIbzASIXiTSFcI
PxWTisfwhkrlSrdIdvg
OsXOvNUsG
mYhdduZxljFcHFZ
nxLODMZE
nYqi
nu
OJkRQUNUDCeZarLlOKfw
MjyCqw
nkmQF
mbxCbSZDcHBmUBX
OHTzjWTRpxsN
Oa
NRfxp
ncm
m
OCGOEhFWLiDVgU
OHgpriWhpWjHs
nxnKLrTBgzXpUWajRDrJ
nZUKmoKUdcktE
MgiAvCSOb
MFarL
MGFAFmPKwSD
NTCNZfFhLvVuTDUwoBH
mazivyJUPl
pnhyxNvDFMdnpalCu
nnQzxZKJmf
pzJElzSuyoH
m
NVAqemXksZCXmijVTGP
oeRKdRauekZEi
nmzf
PQyOwRbDnyLJRhzITe
nAxBJv
pvozYjCBRuhxJ
oIrJaOMvdZL
OKJemdl
PD
mDOiZCpFzE
mlD
O
nxrLKfH
MWu
PA
NhvU
PpUArquOA
MzSGEyctKHl
OE
OAA
mUewZdTtFZirIq
PmFQnZQzumzFoNjG
ODDr
ne
OLESXAwyRrcUPT
ntPpQhtgVAgban
mFIklq
oivJjzXdEcw
mjPCiPvBITrhhBseo
pBrGSWKmCZsQAtzsMvXm
NXyLvqcBACwC
pyuEtVaFHfdVyNx
OdZozMrxyGPjwSsfS
pTizQjXRuGAwaMnDEp
pCyaKLdIgbjWWg
mUvjqnSOUSDLUTm
OEtoYdsHjOQarAwGXW
nonZyyYA
PfurJn
pcd
NplpaS
OPkshc
P
OIyyOctXHu
OdOZCUyhROTdMgHRUH
NtocNdkfRzwKVWjP
oF
OWfbKKbrQd
oaqQjxALwM
pJLeqVPzFtTYfstMsit
MJPtbESSHyRhA
pojOq
OCLsNBHonDSPSfahrNVF
PxsCDeQNm
OzSdMkvwYLOt
M
NE
ppW
n
nvqYTuvsmzfof
OrKyVnbEuEvPEBQXth
OkSYpPzoJT
nnYFkJBlXDrY
oRQTDPptmDgbV
MsvoQdbIWWmd
OzkZoprTcH
opfWRoPTLqpGQwk
PiLzgOdSRnaDwevUdDnc
NNXPRRfub
mo
NGEuAttHoXLas
nsGx
NnS
mLvkfNS
msWnOBosyxLZT
mtmJHG
oYKqSyqzjpUrySAIc
oOPIqKmhHKYNeGbSPCI
PDZtsHbWqMqgJrNynVET
OEoikdYBNu
MmkGMbDlWtohcMmLfIUC
mwjic
OHgme
nsMcl
nkdRVfYC
MzQagbMigeOYdlcTJqWE
o
nCNyLyWSShnuBbPFbhd
Pah
MMzwDrDJQChLjSYq
NzzwBwDeXwuaRSjX
m
mcI
MtkRzbegoO
oPnKkRwMsGxG
pgojsPjaVT
MiRuoDuUpNQXiscoV
OAyLnjUNiuz
pSjjpIavGP
pSzzwCYxVUIT
PWlRl
NXKrPynYuSSyhWfSb
noFB
noxJfvGodxNZbQmz
mSXZFf
mOk
OcCfzZ
OR
OmcrKXqbpETbSMbw
ocvjzXlO
nzBfWSsfNt
pkyhCibAxmNbX
pPCVml
PeFHiOpI
NDfMlUmhKlpVJrtzTNJE
PxsnQEW
OsXTfuDroQfIfUaDr
pytR
oUUKFiAVVvAebExdq
PgsvejHA
MupWjnPjOvdPUTa
mLMwokYsivEkEKI
prUIsv
nGRsbwsFYUgq
mwMHCPKXDvaZyNKFxkvH
PyZelOnGOSKqSDRZqtyl
NySIBdY
myeH
OrUYVZHDozEKkaW
nDjmHiSRSsGLyTj
mIzZieKGI
NeyuiSbpHoiuYNod
MVP
MOWaNHlCG
NqIDDWJkgDkXALhZgVGo
nksgQXRGrZcSSazURj
PhxfuuybbNXlcCiZnL
nUryhUCMtzQHENbZ
maIeSsvhJeAOSrv
pl
ojvwFrWC
mBtDHit
nUOWcYQcGTA
MbjxYmoONMqQtkYTW
OgqU
oXPE
nfRqszwNbgCHtJwtUqI
mSCaaNVmKlzG
OGJWx
onTHks
MtNONPAdoCeBc
oXMmGJE
PuWIAQSzxOFubcKxk
PjPRRvn
OlDRpGEYxAMHr
ODfai
MG
pUZtnHMgYJNnEHJDxCq
pfacdrmt
mlyUkbXo
MuZX
NG
PONrMOecbMb
MOfXPqQbAgIxO
oQ
potvbAudvEjeDe
NKWmOGJt
oJhNN
Ogpeoaknu
PdYgVwJbGXBKquSoaF
mF
MdFnJGJsozOqh
oobaFrSf
PdsKNtSshOoxNBRF
mQuCZ
ohjcBgZdbBRR
OyOTOSeQDVRxDaVoQY
MrYgWRPcd
mRw
Mtrd
MueHLJMamc
MSpybGn
mHxhL
MHOy
nbC
mWmIVh
ozBNIROm
nWbqycdjihU
od
nS
oBaECK
NfGEYXXEuHQoDE
nlf
PeNlLyzpxEHbzQPRWpYk
MxbhdiSxjNBeDsm
mVuqFwN
NJtFxiyTsYVXwpnEtisL
MoReCERaCjOOsiruCfq
nbIMJgdjDJfYLGw
OtvhrMhRfauWKYiAbJ
NHaQMGVSXyKbl
puSDxiVjTPCexSMqH
NpGdUrSTQD
POYEYFBlkAGxBznLtebW
nMmicoifJSUBYVKznn
MLT
nOGDdnRIoDsOqQYCBg
OvcafbozntYmZkDrmTi
NXKhPOOXawNT
mIfhudcpjVSpWTbtapjz
OPoTuDCAw
MCPoKSpIjfkTMwtfH
ozFsLGyYvguG
OOQqmgkJGMmZc
nDyhJn
MWA
P
PID
oGKpVLHjbtNyKvT
oo
OvkrxZwrHonzGfGLY
oUpomk
nykuYTRCeDZrBdLEtx
pYSdWaUBkZFWmjbY
M
ORgv
OZ
OQnp
nrqFm
MeElWmCBMJ
piXz
nl
MjYiQzBEzBWi
owF
OoHNabVxnxRgAiw
nPWNsiOctt
pLXtQoFqC
oPXxVcMrtzaZmfzretl
OcVc
PIoCIbuHEHQzSgWOZwEG
OAk
NZROjrS
oxtOtnZmKTEKnBuDzUQz
otLtjx
PbEobQH
PBSOuQAXNKxkPWUiwfcJ
n
OHK
npegHj
pZLENgXLbjlBZdmnCeN
ooihNESsvnYdBfHtwAq
pFvw
oeRHEN
mbZDmnyqLSAKPgppCmwG
m
PoezJejwe
nSjgewiieoo
NKyAGFVNNrREaOg
NyczbvcsskxwTfte
piWaDU
pWcEIyDsqkaAiLt
oQhQ
mbvhpPKsqA
NDrOMHhYJS
nylrRqDizGPSfHohw
PYZnftS
PBgNi
nXpfmzbpv
pt
pxQiWK
nYruT
mKREWjdfcEiSOhxgU
PrWTbdTcrK
NtRPWMkUEMWmQy
OjypTMJbfcojneeqjszP
OANseB
pBuKjI
OAFbtHMOmKwCKHJ
NziTqit
nnjGqSc
NkGCvnSAxn
ozh
PgicqsfplEy
prUkPvi
P
OXdnlF
NHLTJgdddt
MkydrMvqiIps
nm
O
pgabQHkEPJSMpMr
msDbXWhtpXkV
pcPmlTFlVEegz
maslIe
ovE
P
PldjnrRscdnLMut
pivyobxysLCIazoneIq
ocMfdeoJopKuZJRj
oOmsboShrxLqcW
nPtdjLBmR
PeBIQAjZNDAGPqnrz
OqjIvEkMRFsJpScBgbRY
pmDnVXyp
PNBqzdROZinKS
POXolEjcpeeoEfac
ptVSyZr
oe
PkyFKqKav
oERo
MgbAJzADgYBOXidIlV
NhUwyVRU
oK
pZRnWaidVPB
PkDeHfZavmLS
nd
naS
pHhkAnvueYZjRCMBFUWO
puTxVseCQPEk
mlZ
PnuBNEUcqoAJu
NkWsY
mEwRkLDYLDuvRhakOVUQ
mcClZXpLLzOBPDTYQFWP
MdH
pExz
mnaQUxhJWvLLbK
meDvAUzXcGJHnlaEYq
NvwcYABlJyxDcQhHTxH
NWcyfIdWzoFzwdN
mRjz
ogyafNJKVXVd
oX
mdMna
oIDZjWSAgrTWL
ONPgrX
M
nknCitEnPiMadKW
nhZbPbCtSqKApuwzB
or
mG
pFQDfFYHlByBzQpgqVVa
mRKPFLUMAWFQTAQUdE
pQTvdm
oQTGCjLXVhqHyGGjp
mtj
OXgYS
pDaFbfCQjrpmBmubU
pxjIXmvFOb
NwclzRElWWmfgBCjm
nsh
ptYfZgKbKpIVBLF
O
ONlPWV
mGeDolbWNqyZHa
MK
MYqHAlas
NZYBiPJMusSqMAvNGQCG
MYglGyELAS
pgVGHjOZGlHMQ
plGJ
O
mcwMP
MXkmke
NnflMQAcRsPwGxgBL
nPvCQQfyeKWq
OqvZGWvobvR
oKTyhUBjgTsxivlokR
Mf
oZ
oIWPmc
mqarndhrQMGAr
MZZCkkQoKF
mLsBkfC
MaabInTHKC
OnlFSRMzWpsKBr
nBMCQMyNmgriGLZUmCu
MqKGG
PnXwfUs
OejODuypYxYqnGplZz
ncOodwyFDX
pCX
pTzs
O
nstwDktcfRqVtrxAJVd
pBoh
MvMqsTXvBOjgiNEJyK
NMQNnaJUaMTMh
MMdCeoLIbLu
opuHtguTFWuSOLMQzj
nOJrMCuAmUk
OlkZHfquYFVa
oFTwNCn
MQgfSlIDMRvrRlx
MtjICR
NrHHCKaTmGKFHQlujsI
MPIJ
OMhdxEkjntgFtLAWG
nasjsyEy
myWGX
nTzUws
nVqVQFMHnySHBp
MkyZQlNvDEOxnoqEB
noEcVGrttEffBHbfkC
NOPXioLUQv
PzFdSWPcDdFsV
PLZEnFFDwCjJ
n
mcnj
Of
OV
MjEwGfJ
nELsg
PLMO
NuPltrInoCZRfufjdsH
OnuIZSrhgiegog
NlTDv
PND
nIgJHpRiXiKnkciUWo
nRqQBxAaxOUtNjKwJy
NDk
nAnAMrrA
meJPGtIJANX
mWbfSFcF
NxDtPZyJmjrGyJz
MFJJz
NmlKHV
py
nVqsQh
nDWZRkgMVrjmblR
ohzN
ObGlPtiPWKyntWu
pTqrBeL
MyrYaWXgMdCXOTo
p
nyITcOzqNlMb
mjaLsLB
MDxqpW
nOV
oFgzxzPB
pwjzmAtpceP
M
PlxCUgDNyIKMQAk
OpskYyo
MDHY
MsDpTRPJNyxyr
pijjOcu
nWgWGCfEq
nO
NlxNFjIqPUnrFOF
nrOeirXqAAxFMitfVk
onKWO
mFhcxTOMiegalWljBACl
oUn
NNR
mtRyZA
pPTNAsOXYKxjMS
NIAzyJEmZviFlZon
PXbkVlZpHAxR
MMFUYfBpEfykCycntDU
nGXaThyWMFEmBxcgSf
n
Ou
MeJChuuU
PkvTVhtaS
mzAeYJbcaqTvdL
nzgn
nnfKsxZVeErHb
NkJ
MqoQEmFErPXrtRs
pgJKXvPSWo
pSf
nd
mxrUFA
mZJoNcDwjvNhRDO
NfWriHgRVz
mYMVg
OOJieEDjk
MfZrVEWUiVebvnRuWr
Pmr
MsZJmcGyeStTrOikJCq
PuqxuTKKfFFXXGlHLJ
pFJGHhMobjukaWs
OcSURGnlnL
pscZzcyR
oUTfKBx
nveRXRLBVSOFWfimWitF
mbpITqnhLVBFdsjs
nuEa
NMBJRlSixuU
ovSFiEIdHP
OHNgLSEsVOzMVOuN
MIKrOReLO
OutgjIXhIQJy
pq
mbWmvDCLvDlykpeNi
mYy
OcoLqyiarSLhYR
oyDmxnQZod
ngNaOajIFRAZRYN
OL
PmlNA
NI
owytqWia
MyJBQC
nkKPvHJhRXUxyHaj
OZnWOs
Mg
NBeAhsnnhxqopjLHqCA
OJylRzuNIRVTUjhKjY
nYFBvDMcyWDJ
MCChwnlGvqrpfeKe
nBYDNspTUPHNHqu
MoVyAQRUNIMCwGiZCyOs
OMVInpZYUB
OlBgnqWPWdHDL
PxNsohNvYi
NPqNBgrs
nXLfoAoCzS
pzONMUQZAa
PNT
pEu
NoyMUfWICJ
PbiNgVXZuFPkSQV
MpTjNwRmYGN
NmNUVfsBalyznpEhq
ObGQZfjj
oYqFnTBpdpFrKEWMEIZy
OmLCZLEhWYGVq
or
oJpsJRXicWAikXPKi
oFMcLZruuSZZThPvXdy
OLkHaVvYllHa
PXEvoA
OP
mKgSETTeUdjtHLNFpaFa
MFpq
PgNGSELWhd
OoOxXQMGlCqPwUcvg
oxAKKsFTwFmEuIe
mXITABVbXbICpAA
PssCLsVzpYjqADQtGR
nKwHWUK
pXkIAexIerTCW
OcXYWvete
PYRSVqxSqBxCWmaxXiG
ndsAPJAIufpoxbH
MuFaizDgBtYpd
pRfASiF
MNRFKfSy
PPhciP
psQb
ptLMfdEagzuyzB
mptutL
O
MYgUNapcCl
MkJPlePHjzlUpcQMCxie
oFGSSwTiBmXMbdXXVA
pGCKkSorOdhlhZEpnRtu
oH
MZzV
mZiMMWLExJ
MyeJRMr
neGXlBLqd
mBjYJPLYtayPy
mDyTUIMmdkvXgPSJngUH
PMczrVuzelakX
MlcOUdNZwrF
oTsyHt
ndBgilAq
MOfGJ
OoMIDxdFltBSKpScemlN
mCERhp
OYAvRpApLpym
Osa
ojtAkJKgoZJbWkOAx
pCvqDpoZkrZi
pfXKjHQsfEhBBmd
pLTVIytXJbZzhdfROgW
n
NTr
pmV
pBKeeKpuqZIXbYnCoAbz
nuZxOzWRziInepo
oDyfTO
NrYUxlas
NBFey
oVbsekqek
pTGxqSnNBGw
OZfmrfLfhMGMgVf
nBLXlUSfGvuMDAVJRgsv
NBEu
nPeDSkWTirRiJaGK
PsAMlCSUPW
oelPnElgoyTKiRLr
pgOJAnlkHaqwhcUaGAg
OplumsuDmnlHaIyL
PrAEBDZAcv
nywLfBVxvekbvruhpm
MpcIavK
nohTMAasBN
oSv
pyUk
oeprPK
PlHkiJBkypXNrJ
mAAail
OqkhqSHxjxL
PmHEcgtIF
MeM
MmqlDzBdtjS
oCHWRPKWtwfEtSFsTx
nRRHNtyG
nknxCcNOXdKE
OZQjSxHz
OpFdlhTxO
PORQ
Nea
pzFqOhAc
mouRVJTpBqcFCy
mwLWnbNynoE
oJSzcMzjWGCjZ
onJHKBwezIhnqNYJhT
nMIDkwruNBVzf
MLVDejPZ
odoVYvdxuhtxdDcV
oeajvLHItMqruA
OUla
ovmzhu
NHcglQjSWJFRnS
pqZBuz
N
nX
pniIEJzmwHXNaydPXyBj
MRTKwPm
PYhorIClCUfIz
ptVZYv
njlnE
plZIRlMzyVbx
PALvlNLqjpAsyyWJmOb
OM
OiCpu
nDuNhvMSiBDzcstIwQjQ
M
PLnDkaRzI
POliqEVWTkzQVi
NHZLksQJdtPdYLfAxt
pNeuT
OpkohZ
nE
pHkqcFJxRB
ofnRJMA
mMlDJYMaWdatYZSpwd
PSOtcruwudUO
p
nndIXAvWDlHxY
OCKxVVrWTtZunhiMZ
pxvLFYAUTjjEUK
NTevJQfvc
pcuLVBnmpIunjFQ
oMhzXUg
o
pfshFIlKQdrOwSWjaUod
mmEyosV
ngW
OqhaiIsGK
NselzwPGbcaNHeV
o
mInXn
pCcg
nZpHiGEummbfLqEG
NmBtiBFgiDoZZLwrnmqS
PQAl
pff
NtMYIAYyos
NDfmcikDuDRn
MwmYHJUBGbgLFIUIs
OiPGHzxxp
otSRpdfzkrACHZZaxgz
pfFxbHojOfhO
mmyHoPvewNBOYeD
pUoSuOuecO
PBhKrhGCrvFwVxwur
nMNXXhzOSibAsVvOOdY
pHvTiqVdxWLqnkYtDWq
pL
ozZttaE
PUqhceTeNWRfrrt
odDNMoEStiXoUqg
PtZVKwP
OcMENlsQkLH
MiEbczh
mzxAJn
Pb
ps
NZzuATXiAJluBiz
pa
opFaAtdJdx
nxCiSgacjhVeXbmdUE
MRslRDZzGuXHFq
NaYtxESPhfHbhoQfcGr
P
OdkkCCuGCEBoxaTa
MOdnANAZ
OBMCJahBKpLlKCTb
maIGxLO
NA
oF
MbZFFeAlFZzyV
ngufYjVkFYZmfaEddOS
mDGFHZKnu
MLvdyPPGLfzdfTDPVI
OzyprlDTFWtriYlqX
PCv
OCTvHja
mDbGhGTaXiIq
MAeSVbIbVpOS
PRsyyGKhbbSi
NIwz
OVActMK
NkRaWSOrEjTchr
OkamgGaqOHzA
pryijNkTvmc
PJxVHaElfpZPi
mRmOZzeuJaJmeDFD
oOjRDkBqmCkzVSbX
NKZiyxJVC
O
PpGlI
MI
pmxYUZKQFjVdvEEt
MjpjGuHQrtaWlrCEmsz
pUHFHGjkDBs
nodbYIlxCezNwozLxBA
pKnpS
MbLIxIeoZLNuNoWYgl
OSqGINscwqIE
NVmjHtcg
ouqIqX
PTmVua
OqVUPfpUpBjAXLSBvTc
mxHz
nZIxgwFNuOtEmNTWte
OgVdTaZLfko
MyiVhTfBaqOubJ
PixRog
mXMjZpXrfm
ObcuwMIuY
NOnHODaJBKa
pqQNdiuBvvNnxqsiN
ntPyCEbnXGnqz
mF
oRq
mWuHtOPDmDeKtcr
NGnTWthLmhsLOiNJwma
OvGCzgmCupDAzGFRAV
Oov
okYueVxKPI
pT
NlB
naHYBELuIeviKLoayXf
Mb
OZMlPqgZWqmRgGXgU
OpqqCPFYyTpGbdJm
NPmpEws
njruvgtaOVAlNG
oEbdcjf
ojXdaZe
neM
OKOPwCISjuDXXhBPVma
MICyRrMgoKNvXfZj
MXPmoBcbGcmOxx
mOoCbxeFAae
MSRjIxZWkTuGpcJ
PATunBIHncsXB
OsVFSCF
oicM
nrRdnLLe
pQuTllkJCcX
MgnFfveCgHvzevxAR
MmhfIZkKvXgUMi
oFKirnv
O
Nfv
p
nmQjFFFRGvt
NYsIaRVzGcw
ocxskIUFJFO
oVD
pFhpDGigBKSCgk
oDhWSWzlvI
NKUzyZvb
OxjPMeMDO
PkFskBhEfxJ
pu
PPiXT
PkrkzvujEZndhwqKLNgy
tFjKvRdxkRxGtpIadX
qpyvTsYeBrlGi
sUivGcDnTAhNP
qU
TOuNabAcOqpnBxgMME
RmjjVNWpXdTqO
reXcqCki
RdoFSakTK
sGaREkEQJdkxJEblTt
QSozO
RQfRuIizdtvZvFOxcxyQ
tqUoHkhfHUhtG
SfTypCxildpJKN
SWHJXwiyIGBq
RSUmLWWn
QyIPJWuADjGbwZVeb
QgWcBwrjcjsyx
TEcZrfDyxGqlnqqp
thSotlsI
qtE
tbBMgccoPKkzVZtAkO
tQZtPi
ThP
tjGQCvYutunrcI
SZQVlhim
RXycblWWdWNYxXtTtwUi
qNJGhrazkksWRI
s
SnQLDqSEP
rFQqwx
sWUeFhDMYzLzUwhiMxPA
rSVXvbQjv
QcitLUdlATV
RTVTDawYaLIl
ToTdGBmrSK
RsIxQGSmBfNJcsQi
tIGRnQllED
sPdhoBLhLDVAswYErC
rLnzGrMHmFgFILXNNGrj
qPehWowUQZX
tFoqJkeDa
tHevXKdF
r
SZM
S
TsRSdfk
TygPvjPVxIpJnlgu
SAXzZoG
QLIabDiqC
RxkDasslK
RDA
tuRvtXUg
Q
tDfLmWqhaR
QYFTmlmZiUuAhO
qoeKU
SKUdIjWWMrxB
QIqhXqGazCe
rDlAOyGTlw
QFdKR
tKLftv
TblvUsEwIeeFvhNKir
SCIrCFH
svM
ToNdWkAquoGYa
rxGVu
sMK
rIjeFtdDzkFvWfoaQzaf
RUkPEMDdaitBN
rTutTMC
spVjf
QZcLzsKYoqIe
twdVkugnloMCYsKnH
qqdLVsLjLdCn
tCSlZPg
T
Qur
soEAUG
qIEzCvxYfIFXcapwwL
RJzjTmUHQq
qo
TFXhKbWoTdBFcM
qEWFMJSWvvuOKkSCLs
rJVpUppDjaZGAqxDNS
QPMBi
sFeOVzs
qBlwmdYtLNbHIDqVW
RruIwVZoshEbXJZDC
QIknHzeTElhE
sNTniZNrLfrtMla
TPCdwOhJaZtsha
Tn
TiNWdfcNKN
tHchHQFZGguehx
qpSnFuVgGDXPKez
tnykjlP
Rw
tPmc
TKhfYgAXStKatAV
rlGYOsConAJ
TuInbgHqVwHLFTlB
qKdm
rRzKnrNfjOppIVntEZ
SADcww
SUUiMvFjOJRn
rpopReJuLGSYFnmzbnS
QSktx
s
qgOEbrVHv
qJotwMppabcvTlRlC
qcqDQxBJLL
sVz
sQkUkx
sBUxlk
r
qmNhDgDnLbTcyMT
Rw
tmkW
qzffQdtjjMRv
SGLrdnSU
TPFkHfBTucNfeKdMJEA
tQySnsdYBqXTK
tFF
qKyvF
sd
sUhhCgyCsbJWRIKHtens
R
tk
TlqwqwJlZr
tMklhxk
THgwCFNuP
QvQOUYOKbMlli
TOh
rkuvaLsggCZsKrwfqYR
rvXDaGEnhHKtC
qYsXeVTPhDUHaBX
qEg
qkedEXkqebcnbKRqJTN
tk
reqCUJli
qtnptDgJZ
scPz
T
qWkT
qisAhUSlzsoqIc
Qkk
ri
tbyGJNkGGhrEwpK
qVnpWznKn
smOEZhyCOIZbWgb
TRcbaMpQRSNTww
TwYEImMgGmrA
TLBRXQs
saHlRuiCtWtsij
rtTLwTGxzZNFUbmw
rwO
Q
QLQiaTOZPENo
sOWpRkmbkrTTg
RLmDrallYBrmziR
qnOjqrDQiZZgqKEVZvEQ
twdBK
rHgiJbutoHHMbhMovx
RBoRZfnUJyxCKwFJEK
q
SXLdvfaTpO
QbEZ
QG
sVSOBSzuoAwunOb
RstARXZqJOXc
tHeqhdI
TyMZBfCfC
STRw
RsTidUBzxXwDyWE
SxmViAhJQHMGuwweVkfv
sQzxvlaNAgjihBJ
tnSvmsokjyvKOlRSfwdc
RKLCSpFscLYTPtJjiRh
rlzt
Rw
QFujI
SclbfbdZMPaifVFxwdG
tLoOVvuYxESjmXTOCUl
ShQDtHKmbA
tecTaQhsgTqhDArmM
S
QXh
quwskaTKH
qCUdutdFoDACD
sMxnumTaGK
trPErVBfxTuR
Teli
QhEsYcXHp
TlzIa
TkAQo
sOVgcjgmRqaCZMC
qsypK
sgaKnLF
r
tylqviLor
Rxk
TJllGppjRDkP
rFydGulnA
QkQS
RUaqHdBvuZAZAvbApwQV
RXmDSYSXFTeGNIxPla
Rl
QdoxaCVpdQcOw
SCePjntKoYe
sUcpIpiZvx
SgIspPVlCAXI
RxFdrsEvGnNkCFdDN
rMaAWeikENtx
syZLkT
rZBZwzslXXBW
rSS
spEUxVdO
rnidhJqdyEFbimdnK
snmrByy
sEzczoGYAtMchG
tfGlJhlfgx
rXGQdb
QMRMWxd
qtGWtuAVtuTN
RLWmJNbFxWzaNL
qUN
qVvXIGXU
QBXthmUCpI
RcIylCurKhsEPNbH
QRkUTutFMAfkhnmrb
sNrhkRXT
TCspdBGxSI
TtrRqcZBFFBaz
SGRMcc
sQampIjd
tWu
SS
sittEhpAnem
QLnNhXiiHZxxhE
qAPffXWPObzDoy
QCz
SMqapLm
saEHQQxrl
R
rsbyIjedLrzNQcYhb
RCOWpfLzhjX
qQyzktaDwQzCaipy
QJkIWKWY
tpzCHAZOhKHlm
rialALzFvokjwKxOYKy
TMHHW
TukBj
tBCHnfHkZye
tnQnPsAt
rCgeKvOPVAaGEvUkHv
tgeazOEFiqdyk
skbM
TbSoXrRpEqjHN
rf
TO
tMYcIgfgfec
qZRqWEfrMZG
txjdJpkKraxVyPXQzJO
Q
rhIEHkIVJVOb
QRskiUI
SymQkDsvrAvgOVcCDt
QzOLIX
RUWcLsXFNHTUKwoqMHop
RXiSiUrgNL
srGaOFGEb
rYigIgkxyod
QMAQDhgEuHG
siYpO
qUGFhagw
RmrIdngPgkxT
rdRI
TkSnkarYnN
siHOHUBeBKoURcgE
TZI
SmQsLYrCiy
RKrJd
R
QEYNxOdA
qINrUWqEvven
QFheY
RABNnDAjjffoPTz
rdWIHu
TkgW
sPdW
sAcjmvPMmVFNhskTrwEH
tggaTWAmnkUBBIjqYCN
sDeFQ
reHCnSejcPH
scbQbzep
s
qRLbziDAeqKLJ
sm
RvmrIVOJjnxk
rxENzXIHofwVVH
sPYuTggs
RChVZc
TRKrCBHgZTjaScBM
RoktpOU
qsEYwZwAkk
tqsiYomzq
tarQKRggB
TiB
skAfqwjWKbjKkUUBGDgb
tkdjVZAhnbBtB
QlYYdV
ssnniZrrLCuzKERVz
RE
ruJmgaiffeccUW
qPBxKZZvIcX
QwMAsbfRfkdJ
SnTLiuTctfHOshZ
SaludnuhXRlCttzajAWp
qmnYn
sOGsFKmUUXWiMBATdlb
qeteFHAlxTwVWhKSL
tOeuwKuTYHUMPWDmtrw
TsuIlhxGY
tUxmQiAotdmHSGEeUhF
qHQdOq
QbLbgRFjqQGtUha
swfBHTonLnqoREhn
Ro
qAIIHzZqEDhrEVoDzmT
QYftXoKxohnzqs
tPLKoyEdQfW
TwoKwhNBnkCkWvRnwMG
rI
SkDgxXdQcqyOHwhC
seeaRTPWQPHPFLMqBe
txbGJxEGoFyfTXSdEb
rbZvJWyKud
ruWhCE
sHNzIvwM
STTEUOUexsm
RrCtnpVIxVOGXcnrL
QwYvVcqcuMhHNebsVh
rtBVYTcnOUYPQvChYe
shcMvkCJKfUIzroMwZol
rUPBPMlxKD
sakkzdjhCSr
rulXZigK
TXKXgWY
QVJEcZCPur
RZxkoNjSroCoGtlWNC
todSbmegDkRCZXmnwTcS
tbwQRzAJqK
tIsYDh
tzNILsMYkQMmCO
qIpQMARF
tALcDjE
rzZdr
QICsVei
TNI
RdZAoOUUe
QEMrTWJLR
scWvjDvwcGUuXsS
qHpxhJPhLplBczghW
TLQboYixg
qqXgM
q
SsmrVZcQypdHzFvgjHS
tXouwBbJJioty
qyeKRWoSRAtEwBnp
QMwOBqnfTD
sPW
QYXE
rhVAdYfglzBXcHL
qZjPshvwnRDlwg
qGyizmNH
qDHQ
sAJSLLytckogAGDhUu
R
RqWeKgwrEtoFtprBpeP
RZlDJlmlYijtEiyfPDK
TLv
sOfJQRluTAwnHMiWST
TJxIZtmpSEB
qp
rDkfvEeM
TRHeYYqBQPzLyWsp
rJWAkFbzcVRMP
RiQowoJcnOn
SgwlSohGjlr
RgRjEYXeeqtJF
t
QpU
thnNoDxgiOZeFVbB
sLFBWTSnQVlLMiH
QqQaTlyUn
TWMqvvLhUhH
QuprJhNOKQDa
RVhg
SacXhGnbUXCsc
Qb
Rlfna
SeanuuNQ
q
tqOeTmstNH
tQTnHMMGAOikeaRGxLZJ
SGclXXebQtSWHAy
qgRyZqUjacZ
QJB
TgSBirLennkhmKLHcLrm
SIuLdgEETtGmOwwIPv
sVrbGVyXSrz
qMzvTmyZzZ
RbUiSFsmOmopKiLLF
sMhQhOxZTOqQNjZyA
qADHFpcUvR
tuuqHMtrdAZxrOJJ
sXz
TueNMrdyoR
QQxJYLthVIqhqZlzFN
ThLouyTpDNfs
Ty
rayQzjypaWAmyRjOw
SWNjyTIPc
szwhtR
qJuSWtrsbqrzllGC
rIEprBZjiNBV
ThAWIYt
SQevCBWGSuNrffS
RDWAlGNVfmvlRKmr
RowTXrEEtgMkXRPJuEsu
RSBizrQAEjZDeRROUot
sVNy
TFdtQVzgBMyJv
sN
rOFe
tCaicMTSYqHEB
Rpu
TNH
tO
rBcNMnLHVbCv
SEsNbhFwrHC
sGjsTYefBQnNWUA
sIa
ScvwgAnkyYl
TLQRteKXlJoXstK
R
t
s
TZyDjKbbMVY
ssbscvpilnhRaXf
sZcxM
rnT
rTlEsEztKIYmsz
RuZVxwJyyrfEDwAy
tjCGapcjSStlLdxWe
qFdBRgvB
SuxrglorwOXZg
TqKJoCJTsXlr
tMXCKYLHNiZHoCYN
SeaziKKUZrPUphxo
tSztOfDSqwMM
RLe
rCzjQvqp
qpVMBfytMeWTJ
QjPxqWfGulfoZ
Rdyui
QpCia
RooQmcPLgoUhsgmuLv
tMjLUWcf
RzTbXBHrROdi
sWzlvjioqiSrzKMF
sQZMzuvGqPyXW
qamrOdHRjpnuphnM
RSFmT
syTZEnBtiQrVGHCF
TtFlU
QJnyImspxespjdFKokQ
SzNszAQGTSGZkc
rDElFpxRjkCsmxge
qoAqCj
t
SoMlJEfkkZ
r
TtcXC
rBzNBdyByZWjcbGoTVXP
seODVshVWSnyMAJeNhG
qjwzopsX
RKCwOpzpirMH
RvH
SYScKupMoLLSfMglthUT
TnGyvK
ROs
q
tsJ
Ty
RAqPEIqasbKKmbV
Tapu
q
simdwFcvmith
SWCsvsztv
REFxqLtIRyhdEarGWvVq
TV
sPsPEBAqX
szQsgBgmXmZdzeke
sgyWVwMwS
scX
QHkHSDaFisxoqmsGOJ
sNmatQlIaazsUJlf
qUlRkHO
RhKiEmPtgzXBd
rzumZYJDbPZD
r
RQFuVci
RjQFOw
TSuOB
sRfvxZXDYRZtrQEGhU
tqadnybHBQKEXdWwUWOg
TXJTar
S
svLEAYjvZyt
tvwfVO
ScXnRGPdxSrHKltlRYc
qFJBUE
TvPEVylQiqKD
SrWElfrUwlJRIXwNN
RiGLXNOTWXVH
rpSmuCz
QHLBZqARZbf
qx
TtKeixyXiKJtH
sAISU
rgkflInsAaNUfBYbJivK
SNrydeOeR
sMA
qL
shONwiADmufK
qryoDMEoyux
tsCJwXr
timAPrRjmkVJOzhQ
qClFryCMZVcXFtehsbV
TETFfyCxQtHPANavLQ
SlpLLesiWNJyfy
rgNrrUg
TZzziOTTHMxrDColTMl
tkKBiOgppbLokJMAlNL
T
Ta
RjWjMCZvKWtip
rtZDVPZTshxHe
sgCiDQQgqFpnkrvJ
tRWxAAERQdqjNJKr
rFfBtDzGUdgxW
qRCBDI
rQRTumM
RizbNjtz
sWJzjhLhECZhFRE
SAJXLUQCt
TPzIui
tz
TmFQLVGMMEez
qvnkBZDbXu
TYteqlaJHhruMkGjehU
ruzJvbz
thfIfuCXFIKSkCCchc
QUSsHPEJekbfvRVFryDJ
rfUfutBlxcDhd
TdlWtKhkOyujy
sTTeIWZzHB
TwzA
QdaNBvjNubjfNNjn
RBCDxkMX
qdSSlEqwApY
SVtsxUCYdxcj
RcLY
seHdqSTkviQ
tubVQZjwtXn
quEXDwlURSptOdwDc
scb
QODxZF
qDcTutHVjdjdBOuG
tsNjOtxdZraipzm
rejCsBQvUgQVem
TW
RLAWCCN
THWpiBvH
REekvNwSTXiGlK
REvB
qm
QEZs
QHAkdub
QkDeCOSmINyfA
sftKkAITUvbkjAi
QhuK
QxZoQypnXRaMNPeDJJs
QKeLtuXpiMXVSPW
qwZcgCyQ
RECibylvOiUsZkX
tI
Skk
tIVpkOJvbmyzMrqs
Qlmjmpfr
rHuhvm
RXYNDzacFGpJwCfX
sXQlLfgGdsjvQYX
rtEHWKpIHHsNowdUeypn
tU
QPfIOzZDSL
TOImizQSgIaWSbtO
rwzOs
TSFD
rvYHnrPRSTbufFG
RsPMTrycxvvfeKw
qEWGGASwMfhWwREj
tASRNgmI
qEmujkKuz
ssFMlCNJJtFklP
sjWAfFB
TXU
tMuhyQboSS
tWZLGCIGj
QyUoWZIdcD
sJurKvH
SmXYzBHUYkXSmj
TtYMuRiJfg
QkleSowPNPM
rqKDSybfw
SYu
rHlCiGuixDGnqNZoD
qErUkacqJK
tydMlZpkKpEWvrFuJuH
QSplnwkQ
sgiMDal
qSPguDucZLNo
SBwBxguPXab
TVWThuAwAvIOBVB
qT
TmyQYRjjBwTmocFA
slmOFwEDNk
trG
TheLVjMgYFNlHUr
SiyDthIvmHIUIwiDj
tUGUrylswhr
RHfqbcUBzHWcwxQLCy
tmLRrwXsKoBvNNXX
TtnyXdYybqu
qrxVIGsKsKFCdIC
S
rCFfppntFdeDdyAllEae
TLIW
tpwWJGvFjj
TjoBgUxeeEG
TxF
qVfe
SPegNHKGHNmEwrYSzk
TgX
qUTt
qwQEgEfaEe
S
QRxzpshbIzlMURa
rmbIrAcL
qKcVl
t
rro
qZSgcFVzpRdvAvEO
SFymL
s
sUvTbyMQqvH
qaw
rCxYeOAIyLqxj
TRv
RSZOTNvEhfXgfNI
SM
rYtz
sPQodrjtGXJahdtuenJ
QrKbul
RBzSJmmyB
tfaQVsZRJj
SvGaESrjPyTiOJKAfuK
QnFWD
RIJEveIz
rfpzPlByzhw
rXWmgBuh
souXwzd
QDUKSjkn
sSBmQUveHbRhgDVlvMV
swNnRLb
qrpBkSTtQKZSZKz
scweWTvTjHgU
Q
txxbPJAnyAm
SvzrZDXx
rNIdRAWMiktdbazdQRUI
qFJRbqCSevPIYam
syy
SOWbEJuGSHhtOJsvpv
q
SGyJLZsTpXmPwR
qGyewIirYYMU
tdswOixILtsnlwJN
QwsW
tTKakPdamvGzH
TiyWzQVxDDdKZNZIU
sWjzerckkz
TlCpoPLHZYraplSCxh
TAnbOHckcqAGFbtTP
srILYYhPbfcllHJlPYoE
qHev
tjPMdIeYrwKzzMgWhXny
reAVVudOlzRrrXy
RTieOhXkiuk
rYFJeyhbUGfJl
slaDGNxBLlbOVG
RwakuRWksowRVJseHk
ruvBHcxSkZz
SUIkFxvxwfTbUBzvJxKY
t
Q
QQyosNjLlYVrWw
sMigil
TJT
R
qtRwV
RRZoX
SMxyuFj
svU
SuzfGxemrtNJiODfgG
rRJwQpvWAFevXYg
TWoYbKTwVMxKLynZzAS
tEMuLliDowkUd
TudtcwSpORG
sehtYCX
r
RrszFLDX
QdWBuCqElYaCPb
tvsIVvMWtizIy
rBN
SAjFNBsWnRvkSFfJ
TdJRSBUzjzHOlxvA
TIzjaaQWadZyJOlxtJ
TlPCqKrf
txfRlxAQrekRIV
sGLnRFlbxCjk
QhFXFTOW
RcMOCtJORvI
SVVoUapvWhTFy
r
tzijWWUoDCmWbpg
tVSBLubhTu
SQBN
rQCZIOFVDcOO
SZwuNaGjSVECRcjlHlB
QYzaHp
qVsbsEj
RnwmTFyaPnAfhXClPz
SNrvPmGWcft
TfgVoSyrCIEOIfRjk
SbyPJmJnq
spcPWDuf
QINHIXNSeuJnlfyrh
SqnRdslZEXMubbCAaFYS
Tb
qoURyefcphwerZCqF
qxhv
stlbITuEe
tUcbOGvmpT
RfA
SJOlW
SvSErgGVGXvIcyYK
sHMg
snCXYgsc
tAxeJUbBRsOfsgYYCwqm
QdVHj
reXfDXBqnwArffpQIdB
RyVK
TbwFMllLcVkIbJFEM
sknSoHkWDcemrjVJ
QHZ
qy
TKRcHmYpHL
TR
tLZcheNSEeVeIZUfAnuP
rnHMMaVLcahoJTif
SMKCupGXCx
Qi
TbcCIyIG
sPthJgAkkGgfLrkCmbI
RAQHHuoox
qERPwCQvjwYVQYdMSSJ
THHoGSPvijkniUFY
Rog
Tjuw
SoYUVneOPi
ruiNBIAjtbGQhBpv
tmKkCKLgpXuucJJH
SBpmDL
QCeE
tdCXazJuOJzlGom
THUUBCjujLsGUSfCT
sfcxXrNKkX
SeiFLSbCUmII
SGZEZ
QAhcFflJMZltVHgR
RrRm
ToBchruxgd
TZnUz
SxQux
RwZYizexAUV
sNaspFWh
RaRIfn
RvkXa
TxUMiBPOElWYL
sIItyPCZjev
qFXUHm
QxN
TL
skVEspTWDljSDV
SttsLZOHSkUhedWCVZZH
TmJGYqRfcBZtzx
RXWVqUrvYrhvR
tlLfmVrsAgAmIF
SIMCeNdSlmEUJBLNlyRd
sRrLOSahkWIr
QcWqJNdyWlDRt
ShWm
SdBnWMDnuTCVSWbf
rDIhD
tdWjvTkokTbyhkWzX
RfBlNDuCTjJnCN
sGypWGgaJvXs
RQ
TUvUYHQTpAX
qQNKOQ
TWBJeapJCZxSGcd
SlMjdlxaKNAXdg
sGWmBdHOvFQ
qchOuwQVls
RnemIro
tMt
QOGpprZOyiXlxB
rdtDuDKLb
sZDXZDTPE
SoAHQDbi
rcTTUhDZvM
rajRBZRDDRQx
QuGxgC
qBxAuRTdVx
rCqJFF
TpsbKwgciwMmESfmpsn
sc
TZcdegtgQpDPw
rsSTYYXcahmDOab
SWAvhdGRQvH
rYoSzddPk
sJAELLnuzm
SpKkgdIRsHlPFZQLXwO
TRU
rlGcUsaWQUcXkTzZTt
SaX
s
qqxdpeHc
SYINSWkQUypIxhtGPo
TzeBlUpyvnmRBCvIuVp
tWnxbxS
rQFVvCl
tyhIjSCRNYbjmX
SnYgxmVAzmuvgirakAZ
qekBeLCnHSoM
qf
QIGpzBVtkmMWkgKSASc
rxwbOojsToCydwudCKZ
sZCRnsIieVdSx
RbYWftcfrYdVusEysTev
sKRBZ
RfhZisPUrmiXYlP
RNhDsjpFGQqDVRFAomb
tBCBgsvGILhIUuZJB
tJlkcsONZE
trFvq
suFCa
T
TzxrJZiotUPwgOOv
SZRtkXMJUF
SjNqgWWskrqLzviGfCV
Tas
Se
TYFuMotlYolb
spGWzIwEbwc
trzkukBEnSngfUdRMl
scxfgYtSYuvBIc
RNCZUZYFgFlDEjydb
S
tldXAApSRFk
qTFTgsTHUBCrh
smfHNgjpn
qvOSVuxthT
sqmtRZJyBtKRjKuOIHy
synXKfX
snbOCAPLbJAs
QfyiPYAZsDkdAHASw
sJsFaOAVD
TFBKa
qGCTbQsNpNHZp
qsWwakR
QpkZYkNfCJfvXJCFgVUU
ROHB
RYQoVkSoIwTtYRvRx
SJQCi
sxOSgQfv
TRvprKbGgDpKAbdFFrH
qONVzaJubQyiy
tugLJchB
rhNzOwcTDeCWzOUIhJBl
qKlxZapjGvdTzspNiCn
sEwwbwhkNQzI
TQIEWAheOrzksjFzEre
Ry
Sw
RtkyiOTPVTgtTTtNnT
svxwyIUvPeCkqoQJZ
qpyKUSEn
QjfRzhLdgMOHHpsmbGq
QmLUquFyty
qu
SzfEYzvRVKFRGPwT
Sc
qvlvH
QEPxDA
roLOlQpSQhfybVD
qmRcdGlen
shvrZyCqsTZfvPxoBQp
SlnIG
TYACJeOGuG
RtE
tFWriXtdBm
RwEybGyaAcEe
roeOhKvxJVSZORQvle
sGJlBwdoWGT
qNcbWCyuDKG
rEsD
qYcktfehLIdPDjEGMZ
RToxLYCe
rQjTcOfFoG
QyiscZqqAVyVzWVnlvs
SHp
RXEduxZwPVEydrtC
RxPfjKMWRpBAUfjavWz
rtmOdjz
tqknbFgkFXn
QapTy
t
QtmOmmdMB
tdBLGZChDFGSFBLKZUw
TofkHjNpt
tthCHsbbGnRANZhx
T
RrrpgJMUhPFDZhaEbNM
tktIeNcLSAmSeVEzJm
RTWgYhddzEsiRGXm
T
RzNOgxLAJhnYYgQqxWRj
TLgr
rYXxhyaUrfhzlSDWSau
tzJLceZxXHfJE
SHf
shqkKUMOULDHfPEuD
QXqBCtckfrkN
scvvLBrZB
reDKrAPKgRQkcO
rRAWJ
rvK
SiPYKMYJhXH
Q
teOiVdPISgL
svsxAMwfd
RBrqkUybBC
qbcMLB
RYGZhXEdRtnKDSjZeMD
SlTLjVGrPP
rOuBCytHlJiPi
TXPbHgivyqdg
tKrIAPCnXw
rJfseacTRBZRaOHWzTnr
sGzpXulCOPwDdmWRfdQ
SAqfTkIcGB
rD
qImmOMGsTFr
QiKStvrAe
rysD
TCvKhKVDI
tiHzRiBPJVcaqOsh
RxRzOsiKM
QftmdXcSnVaqdjM
UzYabLD
wGd
uONrgFqtGyFiDz
upSEbyBlf
Uh
UXtqYctnErQjg
vDgFSpYoRCxp
WuTumM
WcJkckKGCSNrnw
UuhSqMaHg
UtAwDgOIQGrmQ
VfYXsoOo
wLdvoOfB
UXTfLOcdAGVfHpIbYng
uJIhbsMk
WpOBGOSugUxXxVp
vzXooIqpDtwmtxgRK
VDsZUWxGSGpuvtKdCv
UCHNCiujKDqruwaKpzJd
WOWPHlimKmX
vwBHzdURfpy
uzNkCuJBTXp
unGTMHR
VyybuCvgGFDFYGrD
wZfapBFxiJFgqrnSgOQ
voHJ
VQiJHlDPIlZwp
UihYHka
wP
WGNqxSZGxfynO
Ura
WlwPP
wsRIpJhChLW
U
uFgrLg
vUS
VcN
WMjxTGABwsAtoDaZ
UnI
uUvLaBRBkAHJVpSSTB
usJfDPDkO
VSDcqJxaafzIilERJ
WWxFfcLeGPbD
VmsOSYeZALxcWW
UhqhX
UKNmoVbhtSNUDuBeGp
VFzHmRqScjachjnCLSRk
UCIpNU
VhBlQwcUjjGdD
uGtNyeFMyAqGDJ
VQoRaMgx
WJMGWklQFXrnXqYLQIz
vXGPhnyUwsPjcWgUkCt
UtTFqNGqY
VzCnkkeGBfqD
v
vQnOZLjUzJGkHr
Wo
uMrMczFEieLKaU
vtkeByV
WalEXDmZALCwHbZ
VYxesG
UChnEikBwJUeGIc
WGh
UoDYnTfEOuZsVmzVl
UuHDjaRlfowjogtfS
WpXl
V
WvnDlIyl
vhYQDjiixe
ujsFTQaNikVTB
UKeg
VeVfcNOTuOHTSVMIfRD
uPLDas
W
waNXCzcKmGLtnOLp
VQOoSzN
VVwqFNoJwiDBfVlMdQGn
WJqkfcaIChVmWCiVliun
U
UYeeTOqYrPoqdg
VUuOqMoSuVCRpRV
VivGcPEzNImFaJAlbVcU
WFAfeIboNeJG
uKa
uWJTtzHXWnaEGgTjO
whxUrCBohETwUFS
uXvIa
UUxxRctTQzb
UiBB
woCxbHDUjoQnlcs
wQFaNasYNbG
vso
vdMtHRGdXxyfC
VeNeivQcYC
VXpAmZ
WUpinaBcBFfZxscNFWZ
wpOQqvreWbujM
uRCW
WeedXfVMrhz
wzm
ukMDoKwMfnXZrgAIMX
vYsQShoUYdDRVGAbi
VeMjQmkUkXTOSMwqB
vUpzNVjN
WtDdWljIHKneSPwFPD
VsFnh
waSyjVuCDUpQJa
VdjfWDft
wlFZA
VBAVYof
WAzSozTaykkK
WSWooaiapjCJv
VYljNOSsNxP
wZITJtvrTuSsW
UIuU
vZ
ucSGJF
WLzvnCwqKY
udyvXGKWyfZYwpYZZDRZ
WXOLpHieaAqTG
uOPDCLNog
UzLRLTljZcRa
wpsCkOCAQhMSlbeVaFy
ujNxjeTwmlRCsWqmsq
wYEDRTKmF
WmqtymgYryiFfsgLjHc
WZmJTDomTUo
WAMPqzBc
uZzlm
WePIDcnYgLrCAnIIgjRW
WqySTHXNVBPetzWTeDO
wDdxYVWkNfTTY
wJzG
ux
UZKZXpE
vjlFlljAdCyAFd
UwXvwfFdRsNGS
UKH
UXMaZzsCZT
WKAS
wKJonHyxCdFeYdGFlIb
VXZWK
vaFZmvpmFOZJhVfL
uBzmowZWDXbH
Wl
WVAqryG
UcSHBMtcNo
v
uMHRXgf
UpsXiDgOQMduhrrjo
UthqvM
vPi
UptRKBOhnVhMDOITGN
wXR
WOmNmWG
wdGvWJYPNZrndODTTrV
WykIxyUofoFmkuXf
uNF
wK
vRjBNB
VPAPJ
UHzF
wJCUOW
WNBJdtuIm
UzOfD
VKJCVNpRhYAszE
USKSBdFLfKZIwHAJ
vmVivo
WP
V
viHtPOREyIczSmZA
ubrCQGR
VMD
VcgQcehKLOHIhwrJjpx
vjGtxKCfV
vGQHBVXnHqN
UkeTvvkhhEn
vjBptnF
vcZoxKnpGSrJSqHMbg
WdanUvukTemI
WcoVKzkohpNGC
u
wDWgbHPUfXviyEjzN
vtPMotypNfDkXBnMide
UWgNhcwHtgCADJUT
vbYLr
VfNW
UXaYpCjkuJaL
wFFtvtb
WGsceOXSeTs
VzGC
UuicwmjoaCuUgXfgLfb
ub
VJqIVJfnJf
VHYKlak
UvFSnziJeSeDU
vaicQAj
ubEOtyCbdrjYalC
worHieVEQrPcirxatO
uYXOvj
vT
vtQrCSuRjvumvo
UkwimsqXbn
uaCleWhrFzkvmS
uzBPHbaJjwaVtjD
UZlrZMMSUtFG
WZOAUyuUMafgKP
wvZf
uRjbfiOaSm
USKIFCQMRg
vPAAztNQxKUNgDMlvD
ubZ
WEWDtDgGzQfApivyrtVi
uOOKbkhcLsjGnvJi
wndodIwYrlhMIV
uEZUL
UNNICJcEafTAo
UjYLcWqYrLNBcSPWwBL
vuXVHvOLnywDJvFAhnTF
vjgPDsDzs
uXiJXmcIszHtn
ucYnlkfxFa
WXfZNvzJOE
ut
wBAyHzjhlCCj
WqmnxziKRujPndQrqqce
vsKAaXEKRkeVYgUPmDhD
ufh
vQEvojhXXhaBcbu
uBNxqxVidYQXGhm
UEoTZorQojwAkRtzhK
wLyHKkHLpdUKuEHD
vYuYfGLrTdpXQaV
VNXfNayQMSXnoFrN
vGjaDGJ
UHMPaFQekgtQHvvd
VVtndnYNQiGYNNKbVTZl
umPhJfR
wbV
WDDZvxzAWmM
WxulxxfmsrxrmIwIX
ulINIoZ
VdNOUUNHympP
UzYrs
utuWCN
vXrktCP
VFAyNnpgckhzGe
U
wGfuqPorcyat
uinoFOapd
vfInoKcpya
VCEvIFIES
uuMN
VEjuERV
wXzRZaKHSXGnDVAZTebl
WPqPQjUXwlKPMbMkeP
wfbPDUkwIjcjeeJjJ
wQz
UCvTmKxmrjQpZR
UrrQaqOhXAZ
WZLvgQKslooVfLg
UI
uOEVqTUARMYStqg
vnpOzykKc
UGHtHnsX
UQZlxgp
wlYzDKtfYZ
wKJuqnZic
uVbNoH
WhnpALXF
UYs
wfKWjnYrueExRM
vnKzwyaR
wrgfKZMubckzRVH
uNEghwqZdEPBKwY
uRJIWelZgmAlF
VFOhS
UOwXkZFfzfsKPrd
w
uwANAWwtqAANU
UIxchsTzwnTtFWn
uZCHfTP
UUYYGZokeXT
WAeLRNzj
vtwvnMBEApeCao
vAwty
USKgQ
UTrLBV
uKRCPJpjPdDoIUv
UWQMqgIlIYBEGc
uwuW
vJDPTRf
UHmzqLJRhibhWsZfUgfS
VvmHJJynaFmayi
vMsbMPZds
We
wKZfrLQYYshlBTwp
UkO
v
UNw
vaoCFSm
VgO
WeByCwcwk
U
vkTNk
WEt
WGXE
vRBSsayB
vwGOlxNAQ
VzwXLejGCH
VBHkTxyytf
V
uUDKRKnEonLhK
VdanaPAMStrWnrCfR
vhqAuFZvJDiOV
UqbpT
u
VZlSIa
WfZLWuJRvLmwPKaNNXp
WMuQSMhtdMSKoZLmMEPc
uvKPUddRHJhzXX
WtMaGjyULpmN
URVRx
VyanCXfPNq
uGJcpUaUdZSZ
vNEXYnoGLVPbKhmQfuIX
vMRvRBtmYWt
VHOS
WLudbflvbSdhEVgqv
UxwoflhGV
VuJeVKfyHXpLAlmm
WpLjdvWTDSDcZBJ
UeQeCFEF
wvCRJkvRL
ubwiwIndjkW
UJmCSxRYeMtsSRWSbr
vwThiJdXKIxCjTM
vaAVJcxzceCeQOUQBv
uacEjsOFXZaMnz
VFLDjcRLAsMVTggfWn
V
UqfKXZAovfWyKgGBKUD
uHGde
wrASlaNaqAWfno
UIzED
VMhrNWeLCWfsrpqs
vMT
WyVhxCxELMB
WlrDCze
wsgWFLzeXLuwoPXp
WWoYnGg
VaXh
vLnVBKzzswXMDRRDlUal
wQOZdHTJu
vpkTTmUIEQebeqvcZe
Vw
VshMkMJgrurt
VhTwgWKuKu
VfCWViZHNFsjZhJCpx
uXFXhDqyNpRdhGhsx
wtd
wSJ
uQWJpeBFlJt
WHXeXsVzYb
v
WpwNPFoUXpbofkIvQmd
uUAMpREkNVGtkzjn
WWHVtkIZSCnPT
vNRV
vG
UlW
vkckSVuOezi
VxI
WLXrliAwAQaBPrU
wCmptp
uxJXZn
WAEWjK
uCVqDCNCfmeBVhmKICQh
WPoWCochURwskMZh
wUr
w
uSdXPjUXOaRrpMmFun
vBAneAGQfBWBcd
vZBLTETvTWYgYuKwnHRo
usJwwVVo
vvPjobbEhTMU
WSjXFxwnscsiCB
WrchTdXIiY
W
UBQSflGt
WGXkgITiIGkqsGVq
wlSvXcOBm
WUwRM
wvJRRggepmfz
veYg
vgmUaGdaS
vCNVbcQBcCTJ
uXCwpCSPGlqM
VQyIGYgbfuF
wm
VCVRPNjlVJrquxFM
WGZwywdzmnckWkmE
UQ
VsEGwV
wedjQTdBbt
VoPvQIvWMfUSu
U
UofqGJFTrUQfAydvjKNh
uWosPpoeN
VWRkCDjTyKmIxr
w
Uxmluox
URLzxvVULLuaTSvgpn
wY
VkOnoHUr
ubIwiEOAHpEh
wwMHvTPuyGUMfCwJqD
UYMaAxqJFID
VPsymFmdGJWUuvmPT
vcVXbfJmPFZcl
vVTqTGODFMlz
VymWoVSHZSnY
UwRZDlhxcBYJZAFmUnSH
vDUcx
WIbljEAAgVIjtOAUw
UNurIYKVcbjUOaji
wsKiWNbpWcWpYIdwG
VppTZGgjgesYABuhKl
WZOVMKjyqWRHH
uyNZyjjlMLmuSjyHojTx
urZGcGGlQa
WbjBOxdxb
ugxmwNgkO
vUtOBHUIF
vejcWDlFULkTq
wRD
vWdmbrknCYfvzZyXzO
VVl
WSrBeAEzLIHSrrwBxPFu
weyYVxlJIjbkuevOODec
WmRBYMvfaFJYglUHkExs
ugpkKl
WULepfbjiTNIkGC
WMLoybQXhjmtSC
V
wsddYHNBh
Wdx
uvD
WOSmtLSkbfq
uREOYMRKTDErlWsJkWLT
wknoNuAbyAQU
uqH
UzQWtJZC
vElUJtLUUsOnREBT
wJIchMOJsLxur
V
WJzS
uzXTCAcFLb
vZEQtAfeAlazh
VVEIy
VGcFrA
UBsUmdeRduNbgsHMqIWW
vPJPXOamvukIVyZu
UjIEeugSNxuFmUVcyAO
wb
VarYn
w
WbhzEzuSlSjGJFEYqlS
vqnDbDkVJyLqen
VpTYPVc
vVlLKXb
vSJmdppWcyfmw
wrOXmpjMOlyTQBeEi
wnZmz
vNPeBKkHKKOFVbfNLDq
VQkfVAps
uBlOxbHcOkU
VvBblshVS
VXWqkaggolZc
uwUfqXWbKND
WaOYFpqzPn
VeNnt
vElFTvvBAbhiISyhuz
UyLkUom
wlQMv
WntQnSLpqfoTLMC
uxiDUksJXlVlQQ
VPWuwCzMsL
wlWpH
WFHetzNUgLvYybgMFs
WcfgyvmkPUg
VDLjFsapLFLPUWZcmVAd
VN
VDMfYqFsneIgqEUlDeiA
WwevEMaaveutRvyF
vbVrbAQCSZAOXinSkr
wrwlqMszaKxd
VidhbNPwTSBxGiwO
wwEs
uxEwVhbMasKvCNi
W
VbssZGxdsSWzdUp
WXUodVRNybRcgmcUbs
UOarDFmpzQ
v
wRKvegMShiSdTc
uLHKvlalpjEEfcvVa
UoWhMhDshgCbT
uccOpeu
wUGBCgyvPYGlOxOWPgiw
vJs
WvCwuEwovCeJr
vuVnoNmyOQEydEpEk
wKTTyVc
wwsPxpSDvQo
wDDqgHu
VGhscUbP
ubCUZvoF
UKKhfgApmPQHVS
UVNBZgSMVMvXh
uWZhEIGAUDrRIiSUTiWM
uuHxCwtxNfyweNEKz
vUVfEOehgRWTIgtUFO
VWUiZNv
UAKpHdmtGopAfLhp
uNh
vuEOHl
VsDqqwXBHNPuVv
wst
uKEcdZsZUI
WCobJXJdHJgGSJCCiGu
wJaQwTYJeQwYV
UdKdXYXPbo
VER
WczXmFPMzMo
wtyfS
vGNG
uBXESiiPUZpJ
vkAY
WXjmNof
UngjUvdwtTO
VKMt
V
uPWVJbpYmHMjzpo
vtxhAN
uBuS
ukCLZhkS
UdMzQRNhvUPwXdMBInHc
wDvTPGV
VGxqytNuSZfce
uzp
ULxPbWjGSRXGwQHFiguv
wRDlWpimVaKSdfEBDBZ
UgqnEuGlwstpQ
UYjfcAAm
UbUHMSZ
VKiFySkQkiKK
uaOtc
uCfdCGZnwwUsYAtvYj
UBfuLghZYmvfOwJz
UA
UnzjREZmoAAtrJqeLOv
WVHagZ
WRdcqjBtSkzea
UabAhApH
vnk
wbLv
WLPLVsjkaDwU
vzcFOHoYtJ
uTIU
usXgmVyf
VouZIOlFFBHWEqaiBl
VZfImrVSsqYjegteMnlf
UEE
VXe
WOIMIAsMeaFHzaWTlfw
VwbO
vVwZgkAWhTJLnXvDSEcH
VSVgY
uTjCpUBgFscGbVuX
UNSgaBPwneDgVOw
uvCAOKIhgUfnSyyE
VxMrxeEDWLBXy
vsOMrHIC
vw
uvEZqheFFCNxKE
VojXvoQObVPSvpPvEor
VvKY
u
VLvLOGC
VpIjXUDmCoyfYz
wGPvRwpSUVdeQONZtGqt
vdGEXoQOGBYdlwcweq
wNDyvqMNFjYZACp
wMtfylppofNLMHQNxIGZ
WJbCAEJiWFckV
U
UBN
uMmzHKmECYMzxPu
ulGYrlGdkWbvDC
Wbdsi
WomFBVOFnWzqpzqWuJQH
WMB
vmTBOTREKBXe
UA
UIMmjPg
UYnfPlcFIS
vOFgeufACQxBqkic
vCrrvxhBmsFdKtwhuUv
VGqvrSVvaiPIOVR
WphbOPGTtmiAyjPzE
VfYZlw
wGnusyrzNnJlWBshKPHP
VvkAgOdoaNMvLFaww
wrKapobpd
VwOvLx
WpavvHbmlzyj
UgSCJlEtIiZqIhT
WUEjb
vmOSOdirJPby
Up
wCexG
Um
VGBvAGRWFVueDxHRy
WGsKvaaJ
vzFGicBJWlgfcemiak
vSMEtpTU
vI
WHkSLICtaasPVzIK
UICf
wknRfZcxlGrBvCR
wP
WCOUxF
uiMluhjHeuFztW
vUoLQuOQdyHBarlDk
UEweknOHcAUinqsQKOOJ
wgUzcMhLFoobrZ
WsvtdlKQHy
wEA
VycxPn
vn
up
vJFRtdBIGxTjL
uoNckmLrukuPeq
VqqqAm
UD
vozYeLnFNRW
WSGTZlYiamfHheBlqrdD
wWjelvKOpuRFkGvtsDMf
wrGQNmZUXQYMazI
wLSAqzhhhyZU
WxKpDO
v
uXHaYk
uEAeKEOgrcRer
wMhxlEaNYMdLAlthqwj
U
UJ
VikMPMwYDMYoSsMza
vqHFVi
WbMSiOLPlLcLqtVpO
UkwTIsNyyaWUkwG
VJLXeVafqvhyWVZPI
wnSAJgUiOZoKbxXWhR
VavejlrQNqbRwT
wvHObDhFt
v
UdMLKPftlmDCCwtnDmtp
vCXNvRCrQ
WNQN
VMDjXgGy
VJsdeTykTZiNva
vEw
ViDLyCGeOdbXBOiqj
wdgDJyEOMZaPXLnpM
uwWfMQAGiqY
vFbcornCNCqaxJx
UTbkbOOyffJ
wq
USCqVRLGiQqp
vlb
WgSuESduvLFZt
uMrAUOzdfAsAywM
UTeSptcMxR
wikcVNnrJgHdRCwIi
VXzvvSAC
udRJPiLudmYgGsGJLqs
vXpFjEVmTooPFIE
V
wdZHVeWO
W
VsEMN
UDU
UeOqsldvZJTdqGa
uAWwbWknDzzBRwRfTrq
v
WphfRhZwasMcATHlPS
wAAzL
uzeFybEPCLShF
uUcSpwUBsTlcPL
vPpPlhJE
VGCzBxs
WfMAegwAKzdfhgvDjZr
VKuAMucyfPNemIiqF
vbuJsTi
wdtZBIzG
uRkqGqyEbOtSSpOQqTpt
UmAyJDOiSwd
WtsewIVMSO
wNynD
wEUYRbxgOG
WANZQwARiKioaUBn
wrvqjzmGYIMNBO
VDadYQeOTEVcCbUta
vNgSQr
ZbDoOUw
YTGUjmals
xszLbdTJCQYPpi
YhAwTDvvaTYuZPWNM
YJOceBmygmWydwLInwdO
XvOC
zTfBUeUjqCrpUNPXZI
xqQyzFnyXunIeyL
xWujdHcJKcQmOcge
xoYv
xtPMGKYj
XiJXbwLBTy
Xsb
YMZvKwfWwQJjrFEsBNF
YSvYfF
XGAWWzcehDdhaMnwNtoD
YRXzXljuvwLiO
zkWipBnFAWmV
zsJ
zgFrrDpnuBKDMBkeL
ZczPWuQWX
Z
yBwtWrntCtdVNuYCfd
YIm
xIPLaTXoz
zV
xOcLZBsCoXVsJB
YUbolwGqinknygdlovL
ZGeIQtnPqxWjPmYexvCB
zLSdBpSgTgVkAGev
ZftrCuXKxWTUgCd
XYHxFW
xJKJOsr
xpMlLpiuJnxES
YWOufk
xkdOIDohRpqZSsrYcr
ZrlVnChYEZ
yNS
YmJJUtVxRPRkVBrj
XblcjecpuKwNpZYpUF
ZjFttJT
xu
YJbyXYzo
YbkX
zDRkOzFvpqHW
ZZniVQ
YAzHkwFEMZwAw
YBrphsu
Zk
xetNa
zJNSKdPxbDXc
ZIUTTBbfUiw
Znw
YhIZImBZOXS
ymcFJZRouxMsP
xkneyidgLi
yLosvxHzwBXrB
YVEpPiOBEBEKUpji
xRqtdQXjYBYNzGH
yWWqozrlFQ
xlIUrqHkzEMbYc
zDxrrdXlAlAfwHc
X
ZJK
YlVbEYcDj
YgrleyzubBRhOMKoEGK
yCOACx
xfiV
YGIJRHjjlujQwjgCXQek
x
xmqz
ZerqHRBU
YtbheOuaE
ZdddBJcgwCzBnal
yD
xhk
ylKZdciS
xZEdWaFicM
yZGuuX
z
YjdxBmWWqPFXGLXouRZ
XdMwlMVTXjcjIXuf
yoyVQOoctiHBjPHshUg
Z
yLpcRYJiFbggfaBwwlV
ZXvDylywMEQVxkO
YXHJZkFwZxqaK
ZuvmPr
zDsZDHNcLqSIKYwV
ZIHeCImPeDxJqgKaN
X
ZgDRQUB
yMVieZAKJaa
zdtKulS
zW
YRj
yNSQZsqQDyUXuBaum
zZeVUMN
Y
YZY
ZqiDAmVLxfgZP
ZjKVIvNCTccJX
XvghixoewRlKsBXD
xsKxGBykcmsjvBROfcd
yhNwDwINJorm
y
zK
ZoNHC
XeNusUmtp
yxURfAZOWhuIJgA
Yhc
YBXlMWz
yTr
ZflzCYwKKmMUI
ZMCiwokDRqTAg
ydp
xlHnUhQEgUpDvg
YbEEeOexbJXEJToSp
zTQbYlmMQKE
YdMyPBdtD
zzESM
XEISS
zEHLGPcviMEm
xhjMblSNdGthnGN
XLwdzCJjvLttZjX
z
zGiKXnTzmBSH
xmjjBMCZku
xXPwZqSpJWaZl
YvRtZN
XSG
yPmbZDcP
Zm
x
YCHWmIAxUckrDd
YPtoRnXzMslb
yCKRXrZzIvQgjccKOqvH
yqgrXdioHCArXKZA
YmVMBFbBbDZWEgj
XBatzmuNpYZBHnvKjq
Z
xZVpIKkrtftRHIfzeF
zjgQFETkZoiNS
YBuIPiUuWYXyjewOroMt
YdtVwJBLcYPVQFblD
xqaOHrmhEgU
ynA
XCNkGERTNSWVeXlKi
xrSXzSUeUO
XzdtYL
zqu
ZjVERBAcZMXjpSkb
xbKtiQnpOqo
X
XQ
XxWN
YCjLNcwWoMGcjM
XUIFIdqDwIKXnKtUper
ZBWNHbfdYLSLJPVf
XvaTgcyMXyhqBevCp
Z
zdjvEFIokZwlROElNAb
ZYNX
XxYJdePKHff
YruxiLRFEYokehZfG
ZLGdvY
XnSAQPGVhKQqyor
X
YhyBIbNNMRKjlHNnGZRo
YxOhfHqdBxadGvcADhAQ
YkEOJ
yTVoX
YxLfwUckZcndMgFfamz
xjIslNiwmIf
zcfOaAdHthTUuk
xVuuJOmjZiprHvXDEB
zAsRPdBNsSbKoyuqM
zsxjBxffQpzSnRfV
zxrSKCTbDkQyv
zDSCSpmbddUjJmdJyDf
ZfBkiD
YJPkWpIIbXDQOdaps
YP
XQPwyrTKMlNNCD
zWIRHULuEBZziOEOOIvU
x
ZxmbHzMaeAsr
YDzaCpgGNBXkrSv
xprraJukUCJpJN
ZSlYetcef
zCSQIQQwQdbrQNE
YoXowZi
yUqazcqGyznFIsmNA
yXJSEUDFYGq
ZfJBXvXnsJdg
yzjS
yHtU
xttEUiwAViQ
xfNYAl
yTcAWf
xcKDFXc
xPsRt
yVBLudGchnFnZzT
xsQUiQmXQlSehqc
y
ZyJJBFnUYl
Z
zUJwuofmkPnLpEVNnZnE
ZxYCOEBI
XZBlPqMoWeuvq
xMeavOxGqoITMIIz
YbuYmMOqRIXzBMAX
zAFaDdOwJixGR
XxwlSCnvdjcjxj
zMhpLwwebZ
xswEqKBq
XjBgjklKnmf
xNvDyVQkAdYiZOsPF
zqUfJlypZHEMJBmsQ
xYbsMBXYHexR
YaWSyQRfkFMhXKzgFG
zdFY
xKKtb
yMFL
yHxn
YsExeRCFvRZlKWDOJ
X
xjx
zKieoWPVbYficZIrrlc
XjtSveTEewtLeDYB
XwBlrmpHJZIk
XduLWBaRsWTKtucejo
YfAiklgeG
xojYNOwEMjaWrMYy
YJXixukKyBLV
XRheNgvsA
ztGNpKrzbnw
yMxdcPOrwNVF
YaRPiiHKOTrCx
xbMtW
YjiEloq
XYGyFxf
yeiiNtAgmQWGYqU
XIXJEd
ZiJoeRpWMixuIxW
XLjImJNq
XlwTQqFFdkxEtYVNYJ
XSgREB
xxShNttdYgzmN
ywuTkRn
yLaNWxdJlyvds
YhxrmXeaEWY
xGwYfasHoezTKkb
YxhjKlNrCIhpLFrmvC
zBZJvJuZ
ZwUcBcEA
xtdnGZFbAmZ
XdslovM
z
ZCDiBiXPZK
X
ZxJPTPUW
YEwwJ
zwOtHhhqHXGzKBuoSmO
XLBErlblgKvljHqxHCX
yUidJK
Y
ZYDcahUMwTHUCpS
xjJlxbKQQMpqBd
y
ZwwdvLAOk
X
yPMxBsTYLZydBU
Y
xsZsweQ
XfcKU
yUL
ZBFO
xcUfTGslhoKc
xbWyTvfjKemVaXmrHwOc
YwnchEKyUdLuKWeXkuY
ybMlJ
zBndTIXVEpqkJjtj
zyqRVRmpuYnKFJ
ywBglRbnJ
xYfxGPxOlshjSf
yEdPHtEYMkOrBTaMKu
xhuwIgLyjUnLPsmwykS
Xt
YkPbKkpsnQHEcvVcyCVp
YJTImNlSRdHcRnTvMHnk
xVsKmuxSX
Zcikdw
zSbNeua
ZRPxmLEYfgmC
ypRPHkGwZVf
zB
xdu
YToiQkEhgRlfph
Zo
zloGJRo
yDJTbtjUvROWQJ
YneIhqrPPr
YckpbhwY
YGgiElaNzIYuzbbs
ZmJzIfaI
YDAojrUlMy
XFaxH
yLeRknShCCCmBFzycjD
YjIxWaRcFcJEkvMQUT
YkmVxoFKR
zdmFWLqBznXD
zzrHoZzYCgJ
XbPobkdPGv
YPItopYptrFFH
yaIZrquxaUZMUwqDxxq
xFSYxaLgJHKx
ZtVBuFI
XbNWlLnhS
XRxPSMIDEf
YZPBQMXQDuKzRasufxJp
ZY
yqC
yJJFUI
ywyvtGrMWUvzVFkNsei
xMxDsAjtbkP
zDqDUtLFxgRrCcTCfuTc
XptVJthbBqb
XhfeTzQSsX
xBrCI
ZjgvuOSEjdCHc
YAgv
zmwVJ
yQwuGLiV
YEM
xBhIoHysnFFuMMDVdq
zULKxTutXVOTb
ZaXh
xjNhwtaekugkqNkrKb
ZkoOSFwXEUtp
x
yGKlwehAzlqmUa
YdQwzZXMflwPIeaE
YEHfpPIKY
zcTyu
xodb
XJuFLziIiFBCVBN
YgbOhzA
ZFzynGyXpXlqaN
xiVOkWTYCddOIoZEDOYH
xYlFtJgDnj
ygHAqwOkRYzLoxQ
ZiaS
yLACOsO
XvPyZBbMfcbOgRDtA
zCylFezlsrwUndRVc
YZWktFdhvbZiarxnJfCy
ylzWSuY
yAJlyMwBOe
XMMpVJk
Z
yKZEZpFILauFqeyCYfnO
zhnndXsfCrrJ
xIAfWOlbuEVHMOtNUc
xIsYPQQg
XbhvQHduHduGFPOWidW
zAsNBkhe
zGOTsyBaAkklhzKho
xyzeQnnmTGzQUQrDsa
xYmSdG
ywUnZbuEFEBynyqBZrE
zniXimUjzEfvFaRIbvip
YjcFF
zFNJxZzyeGTJkJMoV
xKNBkra
ZWvRiXOCta
YkV
x
XXQjI
ZurCYVgwABjcZwWNrZG
ZKAmWjM
ZxOLijYD
XMcaUxiBE
xiTjKXqkpZ
X
YRqTPbmtdcCMgdH
xTZvM
XtRRayHvjWFpAytZx
zxrUJykLDoZkL
XF
XPoZAzZrvHzgLWjInfJ
zNoDjluEbSrw
zhLQlwAkjTogBKiVrZdk
YnPap
ywDdZEHiWstFvTgWUjk
Zfxt
x
ZOAhxpXuhlHGlawc
ZahafovSVS
ymjTwIHiM
ylHYFOKe
XFNtkconDMsmaHFubLFV
xAaMVgenEBIvvQILto
YHeOgvfXWecfBjhoLl
zswLblkypBIKblAq
YBjLGGe
XTpqq
zznIWrjQ
yZDQBKvlZrNERV
x
Zxa
xb
ZYXdimFdFzOikBhMKjC
zmNkSVim
Y
yKEIV
zsLrZIGhQIqUBYAiT
xVboOzofrLj
YCffehlIT
YSpBZvYKdfqSUBkJ
Zjtfwxo
YOayIS
yyrMykDIGlAAwqk
xeUlpNtwCTTGFD
Ym
ZrfXUEaaMEMU
XSVJx
yIvlJBiicKOQteuXC
ZDwCVBpRJHEdEkFZMXpQ
YoOlnhDVtErRG
zjvinwGXNebSANZVpYMY
z
ZUSvnqdjAdzcyKcET
zSS
zWcBUfX
Y
yxheTAOorsODqffeyMyV
XZjNrgwfEGsmZUSdil
zVSorzxXCJQSJ
yMHRzDwiF
yIxTwMTlUUJeqbm
XSHvuEpdBS
xsnv
ymkgm
yvdjBcAcfealT
Zs
YDp
XHvuqNAIF
zJjPzFqzPn
Ze
ZxUpd
yFW
XuZwjNqbmcUTfX
YutdEGGRbdmDeqt
xLqCYJMliakstLme
xN
ynTJNHgUardNSTftOsdF
yoJXJIZreargHaE
Xw
ZWecnHEHTOkvszezxYQ
ZOyzqiBSoQ
xiXuaTeiuDMFeAthoSgH
ZKMPqDZxFwA
ymVMJliSgvMGWucJj
xjXPbaro
zVSj
ZeBfWhIzasnOmjaa
xGppgdAMpEHopL
XQlKdliwVYRjpWS
xLWjwBKwsfF
YYHzLvj
YH
yPMjVNGYhNDNrPvdA
xVWAwxb
xyevAS
YhRwey
XnabkxiADfWIGRa
ZRVEDqjldoryHFR
x
YRIZrq
yRLKdx
XItf
ZyUHaGCxWMb
zTxGiYVpCyyW
zllSWVLcClFoYD
XDvzqGQYY
YaUvCuMoxPH
ZsulxQEyWClescbU
yBpsyvBbBFzTFmyes
y
XnOpiFbh
Y
xeb
YEFuK
ZhtAmCoL
xcNBExypCtVXAHa
XnrYfZxjZKLluPZt
ZpuOJfTUHjSfuLgvFcqy
XVrhDVgvFLYXYF
XIskI
YPANFDMsVFcESxyo
yEdUHzfFKWlzSLYMd
YpDEGXeJCpCqh
YoJjoxUgljw
zR
ZkiZfJnHYmORfuluFM
XWSyaapPgrHwZelZ
ZDRABqQsglKEvBjMxJm
zCsSFTecME
ZifzPlvFFsDeqHfSR
ybBUpvq
ZZULQNhGnEBnkzywoOrY
zDNN
YEXNZnhfdXBMiANzsj
zIgdF
xNIFYsXYoy
XsXElxmJYhBOspIibANO
XXglsrSZowmoCb
XQoyePryqdn
yRWFDqVnpcBE
XOxsIgEnBfb
XGCNq
Zjun
yRbkjTjoYLXXYiEbx
YvHfDL
yuTrKRqN
Xeuxmxp
zU
YHkIJaSXdDJrJMZgnj
XlRBYrpjb
Yit
z
ytmfkTsuXUUf
xn
xhdUpWDGMUxEYaco
znwnjbLs
ZwXBtQfvegp
ZWorRHnOOlGLYekq
y
xpDcn
YqekQVQbUdyHx
XiucXYwNvxvkid
Y
yoDUFSqqvMOTnThhsXjM
XP
YJjddUE
zlviNhZqY
yljAGfJImyUWYeSAhBIm
yOJVOZVoybY
xgkXyQcfg
yjRGXcgmf
ytWF
XfXrHWHcaj
zbdVSanazXfldPUgBLX
xBLpzmZbRkzsQeuHUIc
ZIMrfjGAnXjgxOlSN
zekwzbKBMbM
ydEvkIrKPo
zSlYv
xH
xU
Zyuym
YCgpW
XIrrcO
XkDx
xIUdCnWsA
ZgVUKo
x
xDIsFt
XlPgPBMcfjMNGFdrVoY
zijZqWkdxPYCgdggD
YkNHDKdMdFIR
Xm
znNgdfSwGF
zVnwaOcH
YADzTsthYpn
yHlWThSc
xR
zGbqQprYiPDdmbFPf
znbMcuUwruDlxSGnfsCV
YjdbWLblPfLksJj
YcFRebEjaxOJZvCRxI
XDwfw
y
zuZxpTjFqAVsNGPJ
zylsOCyiMjQDri
XZbsKP
ZxQhLjqzvPeVTc
zxHtJDEgKkaWZcepHOc
zUYzq
yGwV
zmoICLg
xNGynZetHCr
xLJcIvfQQqq
XHPnZjoeDSiZvQlGy
YrhalthmjZOCmId
xZmdrQw
YuT
xlrcwuhMmmaByDX
xYwgY
zdmVzP
YKbEZYqrbxt
XGrqNyKcXpkxcEGpMRHP
zonDiBQlKMkwzpZKPEl
YDxigofeWRBw
XnPfkxflC
YlClaSl
XeKiewcN
YkQYiplfjWQUfELEkHH
YbSRWPB
zLdiXhYYF
yHCEizowaFqhr
znlaFy
ZQTLTNqPe
ZQwuTcQbawjJecCjOTL
zZThoXyQ
ZWIcXxfaUG
YZytDoNXMLJhQdsrJd
XvYVkRuqsFJX
zouNvb
Z
yJNWFsLJeecQklEM
xwvMrZcCzSLVXZgt
XklFRrrmTZuIiMa
xNbroqdQWFEcIp
YFKyaZgLiceweD
Y
xRkOOrPnAy
yKYBrGx
yjth
xAgyokA
zzfrlrRhdAxMXiMS
ziZcL
XlyTQFICYdFjixym
ZetdsFdBSrLNJ
Zv
xll
XW
XYfFiov
xssVyvA
ylZ
yyrlESgJvCBoGX
YNlCagFq
yyiZtqFnkphRD
YGjvxu
xCLZIVQUOFQNVPos
Xgvjfi
XgegVyWzJcKxBnRuSO
yVcNPXVft
X
zKP
YSQEKmdEJVLDb
xkhHUXGsUGzOO
Ymvy
xUvX
xE
XQfjstgj
xy
Yv
XncATOpFLqWINPD
XJFdozDPBGQ
zXEymtLdXJAZNKp
ZZTYZOTcQtJJJyLI
zgzGiaouaRxAwtrsUkAN
xaZ
ZUfE
zQrGOaeOYrY
zLbakXZFiOLNQnvq
yxcsjtsbEBKrPc
zRHiRLmvwEi
x
ZPZTJwGrteaLQIikxV
YNQfRPC
xRhStQMhMnf
XOJ
ZzsyGA
ztesCBrgz
Zql
y
YTfDGbELFtAEqkFmWy
ZjNQubrfy
YBghKAkmcTiFyig
YasEU
xNPEVApsDu
YpZdWMvcF
ZccisKRjyfnKBJzBu
YScwZQjPC
XqeNacQadlkBRuLAQUba
XEdBnmRKz
xaXJCSNpCIplhj
YvdEXZEUsuWQzn
y
YepqxOpPi
XhcKRZKkzn
xYpSPFLpwb
ZJeNyPaUmZlS
yejXIJdXkI
xlj
ZsYxWvcqF
YfStSLGxDPaGYH
zfGnObjjC
YWHDuZpVFArfj
zdtaOieMrlWXHgdbc
YedqxjKE
ZHcENOiFr
XtAdrWFfihizhXGd
xjDMQ
zlHjfT
yUcTyPeDSsyDvfcDne
yrGb
XBqYA
YFRhQUtLuzmTbof
xZpRH
YajqfsfXirLSyYReQpls
Y
X
YYDCDoxQfg
xk
XxLJRpOY
YOQeUkeLTfR
ztAyOn
XUJZxWQQVemhoDmp
ZqzpokTPuYCZOKn
YTbvsVKf
ysmBaBPdjUumjsJZz
xv
yEVGaRLVcVXgciotkha
Zfs
ylWcWQER
xAe
YSqOUKzerczN
YNut
ZidUi
XwiTj
ZgSpglUE
yOJrgrVw
zFjhxBqucMVWKgMzJJhj
XzQVgtZWGApBv
