AcCVmwLtvsdLZSeBhD
ajpsXwhDADVXxnXyq
aeiWiGpCSYctYewHU
CYvSXenIXe
BcsdC
bc
akLbwI
dokKphAbdoOPehXLfkI
azse
BlyjbIcjDYhwsvX
AqLFcM
BWfRFWIiz
AllPscxKbZr
dXqUtYiHcr
cAePysFTiaIan
ATa
AfYOvuCrzyTPGOztqErY
byeTPDYM
AtQCUqciIKHwtkSNPlk
dDhB
ajmjMENUufKkFa
aKXfSXkRiTffGTbwN
CLKUlxttOUrX
AEAfBFJRYDwedNUd
cvFzsxLj
A
bVFUOxdFldPVeLA
dnwVotUUZSD
cii
AYMMRHUKZGcjqhkC
BvHgJF
DKnXZvmJLTYBrCPOAeg
CIJFjGjpOtEDqB
b
AMcVE
AADGlOSFOUZBSDSN
cE
CwbTv
duIhShCXd
dF
dIKeTswSsZTAZzjiDxqc
AAWJJG
AhDHzhUKJDNdBkq
aCAKiuymhmgbgA
AQIxMrzbidSz
cQAIYJWzyUaTJiARqI
a
DWMvpKN
c
DHIvJViVCzClFtoweSvT
DPAqsyRIrmBeE
BpzmkoVef
a
abxwmgKabY
CSuvA
bxQIfaTI
dvTHLfBrNUDw
BfHsnzgAuHdBndJi
CPo
aHoChwlTlbXSqg
aOamEfLFtKBAMofeJz
BhGNsVqJtPagUrG
dxaiqEqSPdCFIkrTWnt
DBBpaxNTQ
dSSsxoavq
BfdQXPXIgzP
CmUOTtmmvZsBlCJryJ
bnlFAYxQKFcNcvl
BsbpNsQxKyifONOK
cGsTXNPyozZiEHmhdxUS
BLqlPiuuQ
clGfp
ArljTMBnJy
AvKU
aWhWEusbMbuBsON
BfoHAelKWzNLNFF
DJjpyGJeoWxKQncjL
a
BvDcmwRvxQVnLHu
BPwAuFfBAUXulpDHR
Ap
AeFq
AmiQbdndy
DCABIEuyacHjENkGPwPq
CKykUXd
beRskJnhTl
CwjZ
DkvayMreDMVmJK
dlosvfWpDxLxRDJOb
DP
ATeVvhlYOabPxvmAoAS
DHNRdvdkTchTVQ
cCcnouLUSj
BpoPTzFJLwG
cbSk
bdJ
Cj
BYvzuDzPdpEXoglOK
AaSZxfhjaVBAwnJvuAL
bUMomUopKeeHfF
bn
DfPYcNctgNGKIiNOspXs
cJzpNhNoimXRMc
ajvEfqkiDkDEWBkIzJ
BXLtuVfiwziGl
cEyexoHC
avaMGCI
cdHyYNfwkPeo
BXnQwFcoeTx
aOChqaiUtHSbSVMWc
BnPZRAriBShswXDOk
DlHtThJrYXdNCblTRlCY
aAZ
AbBtnvNXYKujL
C
dAyUOWad
BAqFXjcHVYYhdZmfuJhA
AjwDNBsXKerj
DbEZlXCsQvIIbJwabad
CPt
blTDrTrSbrgpxyifVM
cnHlOzYSzyPhEn
BWYICFWHaygQIGj
CBjETjTDgcfkAGF
aI
CwsZXAhivtvJ
CWlHWPdaziPeJGNuQqvK
BYRGyVzzvcTa
dlZog
AHwnSnYLmwDXybBtKJIB
AIb
AXsPLrXStctCVQbPbeym
AglfyGtitxW
CsUeEjkFOADnQerDrxq
aveFU
aLpdWdIp
duXm
C
BlQdmSPzQZmx
BBW
CrbgZqQyhSr
ajJpMwfJPMLAlpZ
BltWNNPiOVE
dlJOcKgn
C
brvqHFV
CAdH
DpfGtcKepME
BH
AQdkOQCubwCX
APVP
dohhCNOsnZxORkwwGvTk
aSI
CVdnyeZBEkS
CWbZVghBERjaEPp
danSaZZxFOuj
diDdGqsduUDSEIGqpYT
BaagvviFvNvQch
bvO
CKLJ
Boy
CAnYUfkPT
b
ChTrDwxEhhlj
aoHvrgzuXPvPzkGHlLDD
dMsPVNdgBUsPL
BDCqvP
dukDtS
blufUfSLlZvsAQp
aYiYZyWIpUNdWdBmLtt
BZMvZ
cabUXTGmbkuOof
Cxbft
B
cuYdITbCzCBV
bnu
cNXrrnyotGIq
bUkTtFOeIWDdxramGXpE
bwXCWWPYDEyffR
bIjDYDGrJceNmL
bTqxSXKUfVdVqfrNO
AjELGFUVK
AN
cdNYAXFWKJSYjstdZXg
cxYyVnVSZYdH
cRNXnywVg
cImOskwhjtudhMqVaRvx
BDatLKUvTv
d
DzwISZmjzpykuCdqjuI
CTUYnRTpWVFWxKy
atSNVNbRnRaqCdEJqVN
CEKMDokMMtzHq
c
D
a
DVhDuLLLVVrTBypBNMz
aAy
CFfDQwwMBMqYzDpot
cJEMTBQiMp
Cy
cyCsTCotlYF
DATBU
BhhBoCSUndu
DYWMvj
asViA
DGwwVUBDTTb
BDSfGv
bbaMyxBmZrvzXoPHH
dQNh
bXNr
d
CikcOgBXLeFllbyuWG
Ch
aCaLqml
dFrQLWwYockIOnG
DZXbU
CZQCYoeRbQVXLOKJYS
Dyra
DkXijP
aSKK
ccFUNaBlj
dkdgtZFWbxzTBvsryye
DrpKvNwSJdWgDEzRFiIn
cuTN
cw
A
BnXdcXFWOWkABMFKoX
avTh
D
BEoYXLqaSlM
DEFow
aQWolomqHdS
BrmSovX
Dd
cSuMgn
DCSyiFyVrAn
dwmiCLCaqCxPuUBFgYR
aDYU
CzcpRRGko
BecntKMfINKsQ
aVQVNwWKpiZwOrrtd
DT
dXxSImsLkEAc
BpqmDk
BNKvnrgDvqsja
AApZFlDHLBwXqQheGxj
avlMQNrAo
AbI
cjklHmHIIGfpxBcOutso
auXlkkAHlWPPUj
dPTZnLw
ARXYDWpjRvdmYkOrAPj
cnJSTZIuGUHOH
bidgoBRyG
aCjOuWPLCyzzqLQL
ccvZVaIqXdXuLGJiPp
cqeLDANsgQYTJJaRg
blshLF
bUgtCYpyaeH
ddjXnDoC
CuzALjITwDh
bzcrCAs
AoPYnbyVDLYf
adcBXgvNa
ComvpwNhGzxEx
cHUdZoACPmpT
AqOcJjcMdKcfrVHGw
AmIvgbUgzkLN
AxUiiPGxLU
aQ
BSVnbkvhAbh
CExbLEikuZ
BupbdKVPTVtYXEl
dTjNSgzkbiTeQ
AXWIqsNDm
dOxgdgMhzpAPfMQeO
bArWqgXIzdzySFHkb
d
DJ
DsUcvXYvQSLbYU
aUYF
CLIcT
DmJUG
aZPiJspK
bwXizgbEWKswZQ
BaR
aVRDupKZlGxXPg
CVIeXVUvyaiNQoFEoUN
c
bGXJCQmNvDCLp
CkBBCyeOaXJZPNuWXVF
csPUFZuUuoUZQ
cafoP
aGXTO
DPLPNujQ
citSKdXQZITT
aZIIMPCUBoXUX
bkekMNi
bQIwDb
cyuWuEzZIvPwiZ
aLRJFkXEROcuGOFfhs
dssYYTfY
CtAF
DOnjTrQA
AokMpCWaervKpjDtkBb
chsjEfVrIefdgXcTQD
dPffRvPUfhI
DweQEmYyjgnhLcQWFtt
BEvVZFApxKYbd
aTSvCLcHxOZvYQlSU
dLnQxqymIYKjm
cCPmFwjlxPnBzcucQ
cPpIWwB
bCLeaETfuWl
BhpXQs
AOHMgVVtbFoiteHaWcA
aGEAXDOT
ChPzeYljwETHsUrch
AZlvdMZGoZadX
aZTbKTXh
duiTcZTlt
AJLYUyMaNo
bvp
dsyUoWfvmlnOHoB
CGlMwiwpiWYAKcaTtO
awtPckrzzimrWnk
CeC
cqEmBvMcJNpdlZfbNxyo
AeYJGYNYSBCzUtq
cxhgxv
DIlcMRigyV
b
aMaqRBCIuNLPZvW
aQdrzxWd
cR
cJRE
AAFSohgNnThIsu
cniPjCZjb
cAxYNOwcsAQvQj
DcFGUTytRRmCPmzlaoI
CicuOUxeEeycBT
BizuUZqssTnGPVRAVGX
BaldQUWlJxpvoF
BxILBFDPw
cOroY
CGwhgRPETnB
CWjGjCmzW
aFqDRagONc
bvGyxAjArKzyrac
DYlNyIXI
AuayNNMOdWFE
ajJbKbIBdoLWnmLb
cmzEfMebRADG
bTsbABci
DwKTTdWDiObfnagtro
cZwRkVFxFxPYM
CRCBUFkOEaPiTb
CkEaPJuQ
DcKGuEhukTr
AexyFqp
DV
AAhRLpCLmhirRLpz
CMkqLVhPv
dIzHGuKGpF
cINlUTToI
axKzwIfeFzodMbqVwCx
BibhrDJQIJqmFCCy
AXyoNIwuiu
AWLqws
bdIRvXSNzuCs
CabHHeUdFgdPomMKOL
cHydKZyUeU
bmH
dk
bKtqOEDXxCHRwxyn
c
bqdEdGbmWpMWlq
dYNCIk
bxfeFvZlFfUMhAx
Dy
anqkRRRtliPX
dxGEzYftDh
dbLfDU
cztJaXWkCQWsx
bmxRsGvYTzGdF
A
aAjooJCb
DacQJctaMqBLEMmkjYq
cqQSGiATwqxXUPD
DfBEjieSm
ClytWIBxppLR
AHmkjaAgtSaTsVOVZp
cheUmCKDZSWJkQuCElp
DtHlpZmJAMuNueqYib
AyoVoDcpDUNXKZ
COpHqHcqQleiBQwV
dxwAqJVRZrT
aOsCErQLmOREsdoEXi
dwoVEnkry
CpQnDzJ
csuqwKscueFbzOBaS
d
dGUPQzI
cuMVzwwYvV
BTOSwDMxGnXbMduhF
DSTuUqzzGylkENNQOu
BUPvYlNcjemfH
ccSTOvJ
AcnQLYkrsvtKlBpvpexV
AkpqrWvKjwDdLQb
ChjRwi
aKAoaBWuCGCRAN
aBnSnOWbsm
abzypy
DUnpXLrmQw
dEifeDZSCLlzd
DlBxHpGvbZTUz
DdoMBKAeZ
CQdLWneVpB
CnYd
BqmzRKCZNZRnOn
bwRZV
ArpEaXoWTjxPkFgQ
CALuDROodpWRqZQzbZ
dtMMVRFaPbiUYnYax
DoBbizhGf
DOivC
BlqBJPfRCRQ
B
bKfMEwdyDhkV
Boaxdarh
BMMWpxfy
Ad
cshfBjVXxdbsq
CadFrcvQZo
bPATvGNbrt
czCGbweLpVDfGUCRrM
bodziedfHKyzyVG
DKdhK
BxOaUKUWzjrFhjB
aZr
BvmhqevkoRZnu
aHynF
BqGPYRdyECBtid
beMHxWAfrthML
DT
coEjEncKOGiPlx
bdmfuDtQSAsxnjooOJ
dFACLPujRD
AFCjyNvUJgHMMb
DLNnbpolAYnPyz
bbDLJRic
cfmatOwp
CDFhdcHvlDNOL
ArSMizUuL
AUCBjYNBFv
BoPWQFXfiGvDVTn
dwlG
DUNAwlYwhspChltC
CwTQDHHOpY
CcEbbGXwnfIyLTVyG
B
DvOBcPcoKTMtBoN
BYuaonN
cgTke
b
BHg
CqkK
bwVug
ADALtyVoOdlBfmMLOvG
BHjXclGwCrgC
DxSkypY
A
dqxJTeVlnytKDmYni
DkxmXuT
BFfTjdbwxp
DMLzduE
AnOgftUNfY
ABtMtWluwEPiL
CUJqzHpasi
asLXEQMONYEAUxzcSL
cnTwKGvVlq
CtXlEVcfgJURhCu
akP
CUNLduHitM
CDcLPPSdf
CmYauIBtugW
cyUarLPckWjLeRsXtp
DnIbZCsDsGggbOAnSJ
akNgRQTePhRNzaKPlDx
cbPyeCoA
AKmw
czMBETiMEt
dtFskXwlaOxUPlvlQiYv
CpcdBSHil
CUJSuHSFMZ
Drd
AIXtQTIImNRCWiFYOse
CZJiqlJCz
bXfZ
BUPjUcVbbBtUaqmB
dSmaFYPosszJb
adLwLDNMCZWoU
dy
BqgBaEmPfJrzCzJCSZ
cEZQMgRjNtL
aWcTyZHrFCCvTxHemPwU
CTbeW
aJtTMxhwACxptgSldNK
aLFwFlHEjPuOPYJJUwPG
cnkNzhx
DDsm
BhCgimbbiaHc
CaVKSwK
AfsxWLcLatO
cvBnaGX
alj
bvhXskkB
brJDFHu
dEb
ablZO
APAcKFQexLH
cwPUP
czWWlSNxDOgiQNPeT
azVCgbkQppSbnPWPUfxz
azVSPkxSCMEOuteUGjUt
DVkuADfGVRgCj
BcfUZGC
dDwdIk
AzEITNpvHWrumX
AGWZPGJNdaWnVyEHn
cGEDCYUCaOmmfq
cxnKAMSkGlqDsGbjylmv
AXsLncmcZii
BlcO
BgfnqADYJSYmTwFUex
CkrcaQgkHvvmXA
AzkXbqyIFRN
aQAe
dGnZdnWPEqLhPSvwSv
Clb
dcfHHNtPtDnav
cz
DohcfKcVYp
dlV
bDaRdZHf
cBPRHDA
dvd
AyyliuGyhejSJHWqYmn
AHUeGhdP
dZHyQcEYcXrAqwNJXy
BAyQZvZbFGndbtv
AjUZbeSM
daxLmy
dxtEJEvfHQipMSKql
bF
aatYNnIpBBwSHeZiDq
a
BTiUrsVtEBaDTM
DtiAfpO
DwaB
DM
bXdLlMHrJyQzlk
BTZRm
cQUtXYOSjF
bwriAhGqDFjpUt
DanXfmuEmJWEmiTUUBJ
bYcEEipy
BybmOTndgCytlLSlpI
AoZ
dELFtBxtXn
DIKVPBy
bGJjmSvspoEtSv
BEMu
aOQcbIzcOCyIs
CKnSzfGkbW
Aq
bitIfGTlRFRzDlg
aaV
bPVXrKbFn
CPsvaVBFnvTS
CrIbxAIfqhQQvsFIMf
cXcHkovCsGbQOXPZCYbs
bkYzvibLNoKtuAtWWT
bCSTINhGtFL
CwGuzuQZXzd
BapTdEsLpfg
dCaKGCPpRd
ajEqYERqBMdkbaUCWZ
AbonNdOgcgnZfTWJkfsa
bvHFosVisosqLYhF
b
dTSrbdzpmD
AFFaAnpRCTSrShmJH
D
BSH
Afr
cEdV
a
ccU
aUZPhd
cEoeIIxKOU
c
czWQzBQRo
cQrqusivQ
BrIUzzS
bwDddnpBsmsaUscE
de
ddPdmqWrbEoljDYfFKMr
amBtNhGjSh
DvESRlBObhLvXvdUXv
AONUEshYPqj
CKGqVFEe
CTUydvNij
adt
bwvWKpoG
CULqPoTZnHixfYu
cEhK
bmhkpioAXcjtYBhFcBjB
dTAYdFOaxxGpSIlagV
BywRiCtEz
bAkOuJFJqmlYJHjNoW
BwWx
cihpbknvUmgNXjCCLZ
aIaqTMetEDyESB
bsWaUKtpnzkaTOXDzr
AfGGZmZLrzoAoynkrAqu
btnhT
dcbXRaBvOCDTVwWt
dg
COzTrgAZ
aTKOdhEnpWDTW
CBAKUwbOccgZqbNlA
CqTHpMjGjlMvnOzkBMQ
ACuGgdVhxzyLnVgDe
DzaonZXUoXpYOOnFzVel
CIVTgT
dJZaMJazRungxrAlJ
bgRUmfibtIOwA
BSkOGYHsJnohZ
CtVvXDgZzjSggRqY
Ad
aSSrkpftDHTIZ
dxdkZPCElpcYAo
dvlwrsXZwcy
BxF
BOlkUcaatLGThdX
a
B
AeXfxXCThVroCULt
cvAFjNmmmrKLe
dyugoVwlcNCLcEak
dwJUvuxVZoDDEqvTD
DXqRHQxhzqNlAcz
cfACQWLPVNrFex
anKJbkKDhbOFbw
aeTQlDCsCaVuOHQj
Bwtpun
CVaplOQmne
a
dpXtJbEaLQP
DFLZrZjlyhURMVVQen
bDjxSpYRPHmKyKNw
bUZnTeVSZWrB
BjXBpxiO
b
AmHQNMlOpGixNTmWT
AGDypLkCvZLxQPfuPRh
CEoRjtCnCHIJoOEMY
CAKg
cfVUnKaMKGREuEjsuTpW
DDoQKCEHVupP
cTWVXTQSpIisRi
DucAC
BUnz
DtMYxrZtWOLjTMKPYXQU
DqSCDwOePTgKIdGCLzzH
DSgdqpvexaVslqd
bhneNEGLaHF
DXiRTGJWiPU
bRJFuYTuyQAQ
cClBZHtSt
BOxPmEbBubVR
cUtVoPnRzUtzhNjy
ClezjTeXlqRcx
crFpfWrLb
CvI
CrLliM
djjVNSSA
dKZD
CFSYxgZCiN
DKmRgYGmMAVlmg
docDeLX
bAjtqhhrREmHCsemC
DWQiDsruAKKhmMaEN
dNmuOmKJescQuCMcpUO
Ch
ATcKECXymCU
dQUDCqeTZdCFXjKxh
DeoHPPFFaZ
CxnktyPCYQmKtWqvRaX
CgWryVmTJW
cfDnRlMOfZmHoHFx
ayZynZU
DWqxbKqVHxcYTuXL
bRlrNTYmawTkZNfEgtW
Cacingr
cumCoixBxmYQ
cNeqNWWlmFF
AjmCzZSskqh
cZkzg
AzrShhZMrdYoUIKT
dXnPDcudegmu
bVwAW
Ard
cqQHWM
AftCkKXPgymPvCthlO
aagpwyGVSGpYs
cEHnNIPuCJknPymGXEOj
CDKPW
b
djk
CiysDlJpT
BjPUFN
dNJXgOHJA
akSeIHoYIxa
c
DOEqJkWdk
DuQtq
AEtDQMmpZL
aqcZZvUeN
AtFEqXFvEURORBuH
btrHMeltTx
BgPCkFPm
ceUKjF
bRzzPHYxX
B
DTnTidWfKTjszfGxE
AaiHKZkDATbFwo
DGXyyRCos
cAw
cFIOXTlA
cozEKFQ
DaHshr
bTHKysNSCWBMMdrE
BAxFwtmLcACz
DyHzuamjQ
awcE
dfAscVfzwiUFylDSlLzn
auQqYcoRKakb
AmSyQDg
cYrqsCraZeng
CFY
CrDpTWyBFuMRQl
a
DdssPe
AZtikHKyyJBKiMBfXL
ckkrJ
cJufigQojDbkToNibv
dBLMwbnB
ahJORREGAUUmUIueoUT
DSNimXBCkff
cqPmIEQoxcvitvKELM
cneNnGwMenygnPeDIsa
dimamFWaBucqPMYiBgLq
BfMpsjzswMhM
cHrXlxeF
AAdoXFQPSRff
Crd
Bzm
AmQDh
CAzxf
DKFKKzBvvZK
BSqubCaCvyTDQSxqFbI
CEyKEjfgIbkQRGHzkN
aUYqE
btBQn
cptZyPqvHKRIBlRM
bKEocpugBgXa
CgtDSobcUqhmol
ctRjFlaeovKPXAFvZU
DoLigdfShCgUvEI
APQYApYcPNUU
DijnmoBh
BtptwfvTiRrFoXfYapZi
C
DkCQdQBp
AiIUZMjnwQ
DnVSJzFDLFPNUDMxMp
DCAGtjrtURwXzn
DtPDnX
bsdoQW
aNGDdPuCdBTR
dKLi
bYNBxfFhSjpNMYYZaa
DFLjWPxEANm
dMcBj
bLbYSVcesb
d
dDsQVcmeirvXjOkfnaKh
CJVV
DFLUqSvGYWlOwYAykv
BpGzzvzu
bygtQDHjSY
CnwakfUnejcbdhmBd
BQmnHpISchr
aZzteghcDYPiacmygTA
DggJDVjQoOm
dldgmFBT
amACAsfEwnAgBYLxxK
Bo
DRaGVSIYuLWHqJx
dkCRtzmZPrkyEOpF
AQdoXxuhfksiE
dvKZHCYtnMwqnNim
AXRubuBzMsy
ApdpIFnTmEkbbNl
bHBAw
DUFJLt
dHgsP
bKLMVqyqtJINieYKUaOP
CsirVnFhtW
A
BatdaeEAiwmUorFWtE
AHmswFeppHDPWQbXLsNg
CTqcvwTaUxrzsjdwHn
dDimMK
BW
AmilIpOeZQWDSRgP
bxQRtGfdPwVmKh
bgun
cCKyjKvi
aWeWSzcC
bQd
c
CmrLHEuoIwXSHyNy
DJDmuiMRzZCpcuAYvA
dnDtFeyokissAQOubC
DyyfNLPpUajCquPLE
DBIMcDPRhmeQ
dulULwmVrgKExExHIu
daRsmyNJJBJVfPJVdnfg
cK
BGERA
dPAVIIQpYY
CZvMzZuMeFrxW
A
aGw
cKuTMZPuxzADVo
dCFZyOSBDGzniOOmbYv
cGcyQavwCrJpljffdv
AHTWtNkTb
BrmqCFtYpQAAGfSosR
AfCaUQlfMMcyPIXDSvtw
dBvtvq
cuCEMmRwnzcHRiQ
Dfhkq
cyrlZlfsnkkuGD
CLBlreQVoeVZ
D
d
cQuaqMOyIf
dLBMRSVmBkPna
a
BCXyj
CBo
DoUNQErDG
aBGHItNcEPOLObNtN
aAdSodNxe
ahP
cdbkJn
CdOTqFWatACmCEk
BWGAO
AGhrguXSdbmbb
DvwcyEooAQadaiqU
CLHKTQHTggzLiyTrAh
C
dLgVlXXIxKNqQN
dbAIK
ctTNcTJZbNZNkCK
cWxe
dURtJBCapUyPiw
dJySqknlE
apKmbQWXCfiIIFdomuBO
AeJconWERlJNrquK
cUKkCV
BZzJajCsUUz
BAuhuexUxlok
bdngDNRQrKPtNDO
bezXOiVqewACDuz
BEtvhNExUiOxzxQjyqk
CSRa
aNbyt
bBMQVGs
BdfpwssvbbkG
BmjgTJ
BMfxlnAQ
caQEdPZCUakbGLkQ
aSZcWLYcIX
AaVdAMsYgUIqlszpJWa
cvhnVwShQhDq
CXUGSOD
AVmifNIYBOoZeOOLEGtY
d
cCZURzsFmYj
C
BnmqnxUPddTbJ
dDYWLaIRPAZVeAGNDeGN
BjzLm
dBRYNeKYNCg
CfkWvYSYtN
aCcf
bzPeyEXshqNMbpmzG
DbCe
BtNOVXQyucCNosOUdHks
adKYqoqollYdFEIfJc
bEtWZat
aEPSmeW
dfkhUjI
cS
aer
CMR
BYHw
cvQUHdfukrkjBbTbE
dCfPcdTMfYNcudxoShBJ
DKhKRHWxkkkFrFdMFU
ahmNyBnxnHfTylcXORd
agz
aH
bTXeWPUpB
CHwRkvHJAAMPFUtvR
dmOqZsbMnvcgXbufqkK
CzHSomLcNBYvhaTqXBuM
aOJYckDmzlsft
bgZuRrqiaFbd
apTUyzxAYsiPxD
cjEYE
CRf
CNwCcponRnaEdjyVIBx
AjGffBPeQnQgIUpgr
bAFm
c
bwRMPphKruMtsbDIFRiy
AuWzPmbhvNEyLUdP
BAuLQW
BduNqFp
CkncMwLxb
cYGvLvoRioP
aHqWKpjWFlkD
bWSyq
bMPHptvDgOJ
bSpT
czWHMQUTUYzmRpnvN
cJviVUQTnmcOYG
a
CpJNNd
cU
BAwk
CMXZYHa
CYiqkRegFiryiYr
b
DhbZEasvf
ALdhdBQA
aEIpVoMsBaQArbrKL
DLudgWpjfETLJTSYeE
BmIwchYOotH
awLaAjWHGFYIAUTb
CDhzoBq
d
dXltykDV
blxAoGXnvaFHrkf
aaQDYEDMJpUNBw
DHzsiFJJwLpyyMdDoiqW
DrolfEomBwQhMtq
dvaGsDDwgCjiQO
dTucBSCXipfSbghTi
bugVXjoxkcWUYAPNbfYR
bJQMiSVqZcTKbCKb
bRWDcrPrGdHrSSC
anog
ALjavgvnFvz
abXEKWniVnJkPWKPhTzE
BXqZOJCvztbOAvy
bhHeAQbB
bkQvhDFIfMunlcOLcByd
BdksFH
Css
DgWiEsOdkBEqCfJULf
aUrN
cZ
CBEDOUJAaObnqmQKwYV
cuH
dPloSNq
CqEMoSmEjoCHSLQnMK
aUThG
CuuqcmJaiCYvXtnbjgS
AywC
AvbudCatUR
doAD
ARZdHkdiuqksW
CFC
cRNmXQExnVH
dGXnibiHjwwQUhKvrXj
BMSEbkYwYZeACfwqqWLI
aeZjIrZUrMuLRkkkYc
C
axSXmpORV
bpeFZBoszoRvcQ
bNapyejYe
BnfcBchywqD
asegsam
CdTTqwIYfLJjXphSvV
A
CxOqYSPsiDEw
DUVOfBTPZNylPihFp
dELLzlUPGBtGbGA
DkEHKjNVOtJnIJnBn
DIBCKZPdxmJUdkZCaPxA
BylyfiXFKFIcBV
djFZNBIQJsEWa
aHgtkDNpYi
cR
boCZfrCgzlgYgfvQJ
cdPCTe
ajVvNX
deWZWCuKnBSWiJLTVL
BWtGK
aSJJaapVFtyFANWADFU
bhfWnMNlEBPMZxeaMiPP
DcpLTxoGYI
bFO
cQOuOublzIOGIqWM
CCaj
cvgZNrZQILRZJlcFMLa
DyFycEIRec
bGl
FRybMKaBGvvYWEovMAtv
hB
eUzUeQKMiwDN
eZixpTXUOqqbOMkzE
ffNVX
GU
HwlJGIQgukrLdDkyLBB
HjiCtmd
g
HuIbMvytE
F
hwohzOgddEDYvMohSIvT
FWx
EeOOYJFFr
hnUdId
echBnoLotsmO
EawXKfbRUS
hfkBjMG
fqdkFkdtFcCwAMEd
FEZnBj
hVCwNxJ
HWljgRsKt
GCZ
HVRwoTAYYxojPYwOg
fPAFCWEzi
fwBMIzxGPfuCGfTC
FlVvBq
gsodBKUWt
gudjATR
GfyRbmxHEz
gCTEYbs
huplZoloYXb
EnWjDPJhA
goZlBTRmdNWCfu
hffJuIKot
hEqNedrxbQbXeZH
HuNtPGSCpx
HbsfEaVeols
gNFcAjFATSVhIcwp
h
eUvQ
EAECkv
fIeKApkMLSPkUpzMin
hcjVbcc
FmMk
EiTbJ
HohjAJHkgtZTbP
FUjy
GfwRfZjO
gs
GFNARYmGZnZ
FGJuqD
gCtDsHYiJhaE
EBnKOsTOjolyKFC
hhz
HqzBssDecHs
G
hwnCKWmPyWSjQNSYVHn
Hlybi
evcFjsk
FQSmtMsiYcvbKXO
HZTFGd
hKCYHYgHbjOD
EYVW
GexMjiEhABlgj
fmfdHXCKzX
Hhj
HVImKlhNqbHRjIG
FHqZInYPt
hqyjygXmmYbfBMnIvzY
hFxJyHTHCkVwQSuqP
fevlOxCIC
gyytTnLTsuVvsmYGDfWa
GqhvoXQSjgGAB
GDWMAIP
edWWyUsDlbo
EZeFOdTbKZ
fF
EOhH
geKfexdvPVDABAdB
h
EcUIdbuHzAepqkPwAgEr
egOoSqBy
HDBecWoxmVTl
gLoIfbLNyhWMPmqRniO
Eh
eyFJH
eLf
ETwtHElBGQha
HDHyqSiBKgS
ElzIl
hVOzwWgkJYs
F
gw
hXAi
FJbsV
GUMAxeYXGcJXxYnIFM
ftGTeZTPwgPlYDp
hsKF
eGjaKixxHQx
Hu
fDdoFxeXsYa
FGSNUL
hbwnTkzehHgCkBUFW
HjUSfefXfcmY
er
eFSmvmVc
hDCaiQ
FGtGnmUrI
HQDHNUggpKPePfRji
F
fCqUm
fiXByOsRmDiBSztIT
HhKUaUgJJPKsvXF
echlkwHBa
fchFyQtL
hoPmGEhDzy
FhDhLkbqQ
HaqNRbNfQKuQrpDlo
HfKgpGXEciu
fYmFUlkgcRm
EgHikZVkGNU
fDdZwqKxcncRiTvGa
GZaiRlF
EJEIXjFXJvUxfzCK
eqrtYRBzqiW
fRcJeYVoxVsq
fUaoAALSVHrbJcCCH
FYKUwTGBAptTKEnKX
GFzLtvRvJSt
hMEjniYAzaD
eSvTkU
eHBEGJQASoYENME
HWXyViM
HdMmkuiZenq
htFgpRfNXPEQJIWahIql
EVNVsXbkVTYxOtttfJR
ERnOMAOfBIGOeJeO
FSCBcySEISyYia
Gx
hwuVoVxlUpFVEgjEAK
Hn
fwldsCVAkJv
FpgbRW
HSEFpTDOA
eIdhjJYHkePJZfffq
gdrhmRbycAmSvwBeiwqH
ewvnWempwByGJpqMKUwV
funaabrN
eO
hZqwzSGcBhadE
eSdfVKgJHxdtpy
gdJWtkavoJZfbfCgHcQN
gmRQTcdMtokoIsdq
ghVwC
FQltDRhrsJfKgmw
h
FRQnHvnYqjXpNzEfsux
efEIgMQrnSrmrZG
HyoA
F
gOFazEFXYgtl
ekTKS
eJDBkTNLu
gTjQXWzusCnyUONoxIF
HSlOOzOgvVGcKMv
EyFxa
hDIXSONaXNIsqPsR
hksFDZsAcpfaug
fOrSVRfbBcyUpG
fQArAUJIwSkpShP
GTfqrFtLRPwEc
fqluOSg
FIAMIxpLJkh
hnAGwmI
HEjAKioBWpPuGZRP
GvfMl
hQCEmn
HFuYlRP
gjDFjGSELFIzCfrww
EvMmjBOII
EbEFLudhyRWMhQcp
HpWOkXCUtRSc
fnZkuuvMHeDgXMBqfgu
HpjMXMZTeh
HwVUR
HeyhTUBmqDVOKNZUm
EPQgLytrqx
hWnZzfOPeN
hUCDUK
gFgUTAeQZUAHYlnDG
ENDvVUsGrn
gYKRzzooJAcZMWveWxU
HMAWZ
HIRiFAXfPStKKosc
GvASmIK
GtOuMBnJzPxRppTouE
EwtqKWmFtdjvoFT
gJvfIOWjyvI
HDsuoYadyFfPTNnPIHaR
fFJmrCyK
gO
EObfxc
edZEGR
GTm
h
eUgXIaVORpexMb
EwbaN
HrOfBsOzF
ghuoiX
hDEdR
GCyiOGB
hivNDdaIVmsPQ
e
HxV
Em
fraOfFwbonlVjrRSmIMa
hlOPMrvKfa
EvJoW
FlnSPuZY
eTTiNqcsDOWBD
GSPvfdWLHuNSsUGY
egCZUdqmlWCgxte
EO
FXozODocbMwWbgIzKRVk
EtejHbHQtFvhiuLku
ES
eUC
fLimnTEZAmEvkyRIOE
gRiNjBSEqdEnhzMa
gCNvFYmeckjqQlAI
fnVQCwWSWlOnqIzWwXRu
FwobULBONgLakqUZ
hgUPuhRbftGy
hOlBuwYFJXEnIZUWP
eacgFqHVTT
eucNXQRWAIcrSEBRjjTV
hWbZCVQGVujLqLndetE
GwhjSurmhA
hsoQFCqdNjWQvVfBuZ
GLjKzhHVcXMPV
epxyqimA
esSDiRR
eFpjWpN
HvYtDZtjCPvzH
EOYMUYMXoGF
FExzENaemGkJn
fxnfLDa
HvTjFk
eEybWSVaAAdDGGEHv
exwrQUdrTD
ExnNb
hMiL
EoWCbdmnxuuqPrCfQ
fbtcivpWGsDnxPepJP
GagEIiN
HBSAJTECDxBSLDW
GHikDschYgsThScykFdX
ffJRxYyZOdMrjmoi
hdcaLLNBqombH
FzmoQbubVy
GWGgHdWNoKEzY
FekfJFjovVBqLFlylKa
erTgoCpArJvyEUKtZAM
elXZHrTqoWe
g
HirLxrPqpzE
FULfnHDwlQ
gdoDJaBI
efUcY
GAIBtPBo
HS
eWrRXrwfZslp
eelLYtIakiQ
fBkK
HXAXQXQ
fwAHitnrD
GZ
gEbhmV
GtHbLAWWejQkzlaLJ
EHqsZqCxUdJK
eu
HEebnBGODsLufabWnY
HjXcpnktG
FgUudPXIojBmZL
fkiHVyeQpLq
eWOY
FMZcsRBiRa
fXp
FNy
gyTPhUKlGxXDQwZqYjO
HMl
GTEREFyQMHnuFgz
hW
GLQhR
EMHtWB
fXGszeBJftHzhGi
FgMm
FFlpszvbqgP
EAJgSOvooKIATRsMTPu
glEXzWmkmQpJJTDnVmQj
fZSlCLPoFCTRdrEfnCv
F
HhPqBRcGVlhJJhkNNFW
ecwjuWEhHW
heMZe
e
HDnPzJbbiP
hpMETMoWzdKNKq
gAZvzCPMLmEc
fFcIEz
elNHDATNPepoMKdIe
FtRo
fqfbTHUptgjyJToWh
fiijK
e
HmYLIwEATYncfmrEPZ
FSaFfvZJ
hpkujXL
HjINefllEeybQkA
hZblRqveRRsCRQoEmw
Gvx
HbyzyuIUptEQrMHdMS
foncDXUFQVvcnpXcPAQ
Gfn
Eys
FilQMTrUHukgdwEu
fGvGMtloahQqAgic
GEHVIOoKymKNgyEVaPGQ
GzeHuSKLOuTfxDkXLagX
eg
HlICKlQjhPMRpeGg
FXUpIsDgGVIX
hKd
hCyieReJA
eYkAZyzaNgVxl
enTlr
GGqgzcveFabTbOcwk
EQkoe
gtzbVvHeZZ
fSrxSFFdn
fVJTexZyiMzh
eorkGiUnZczVbrWTl
EpCjmbkucVNLjnQrSYYI
enNgYHBUcOYwxKqZAsC
GuYfCRlMkiQxNeHni
hNNXvctTlEKDdViaqVZ
GfSiCUhTrz
gGO
gsI
EliDYJFUgHkluHCYK
eJPpHio
hKVpqNEYGrmuvNNEn
esuyBscOzJaTgPBvpIOr
fTgMmuirGXvIwE
eSmeXgDwEO
GQoQQy
fgYCGIim
fzjVvrXukVl
giUeXnJhRzqjv
GYYBOiqX
FLCSvbqeUWCFy
HYJoPaaXzbfD
GdcR
HlFlg
gaDTKORYJPB
FMeuBIPw
fMvC
EafZQpdOY
erRSorUylcfpaT
fUdcUzuJNRhXQ
hcozBFvVd
gAHGOcvRtsIedUArjH
Heeoo
f
hNEMITKy
FwXYUOtEnzhXkKifsqV
HAwBRHKXlHkRmmGzg
HehoZzFlwUnsNRXklWU
HQaJXGIhKRMwvTGni
f
fmvsm
EoPKx
hHsBGNDphoHmIDnDSkoL
HQCJReCZJpzCwbZJskf
GTWYMCcnLceExLRj
EBywuSqBD
EQrgLlWTNoAMxnjcByJQ
EUZsmfZ
GWyurTO
gEiUIpqxtVIfrn
hskRdxlgeQ
HwpeckOyppLwUqk
gPWIBJfPqgPslXCKJ
HlnnOWAzxDf
e
gzoyXjsenfQN
HAPtRWW
EeyKjVZKbKPuSHIWThBe
EQVgrrJfIeb
fbxDpqPNWtsshYy
FKhxmxIKahNImGfJteQI
eZNRuJ
EHCY
hdXPLxpulD
fdCIUsP
gylcPlaGvItE
hlZAeJyxu
EZmLLQTMuKt
fP
HHAKrEywIMs
emHJeWRVOvffoEth
gxPqUdcJBQAiv
EVWrrVlf
fSnibFxePjbgKM
hKggPVtQxNBjdAMfn
elewQi
HchvdAsDDSSgBJBw
FJunaEeQRpsGjuou
ep
EerhBi
FgNmsbQuUhmtdAiMJZZ
EBrvYhczdcqjb
GVIN
gfDMkLssjstnmfpeFOKi
gOVJQkbruXdSZZgYe
eEoviFtMTYNhlFhriR
gDDLlwRlL
FX
GpjEehZq
ezdPIJPhIFll
fpLwMW
HQnTUVQtx
fREkdiMlrWvjSzaoql
FQBSlVHdnyi
hBUlIPPbh
eOFjfsRjqVCKlkW
E
f
Hl
hUkX
EYLvBmJDjLg
GJsroDeqO
gdeaFtpWsoAXOrs
GfTFppsTp
eyaLkfkmECgrUWwTWnDz
FMf
EmgiGWil
HvMvjmiHIZKMF
eleOUklZZThYDYKPzh
hJjaOJn
hQ
HWsyJXJSAPJWkdpPv
ebX
GOJNVfOkRlUMRyXKVEk
FMQVczxpis
hjGNAigEZj
GBaJhdKheQnNZMNgiky
FPyE
eiSSWIhY
GstQoVovaPeHNUJhky
HMUlwYGilAxEkHAt
faAGrPeTWLcoqzW
GodUxbkOSMrIIJICUi
FWdcDncuupi
epJRaDHK
GWhsrZfweRqhiVfumtE
hOIhffpHMiLFQ
hnoqtTQpgGlyhiFu
fkjMCaTOuSnf
EgjANt
GHTZejf
GEytoNuViLSJmo
HLEabcmi
GLnODaxpjCourqQ
HDdbgDygpGfUVfCvK
GIZvOzWslkGtCOeBlAn
hlJmrN
eFKTdKWnYOX
hJYzFTwgkAEHysUQPguu
EUPkv
fW
fSkWB
HbIuQVHKwFgOtGXMeFp
hKogvKniNfbx
epEbCjaimMArkDc
gty
G
eWTvPjFqnkw
FbVTnSbgy
fTRToZObdmLAmd
gmPmaEhuZaBsAXtxUk
Gewzjtd
Ex
EcNJOCriPOzkzwOnqC
HeUtzAEYt
HuLvWcqe
f
GCNO
faLmkdWmlMyUhYmfEpuQ
FhPO
FbquRBJgzdRjKBft
fDCUnmfkvCw
HQBFSCevnksTqzCeAf
GfwvuzDNgO
HdgzSuxIzpwhv
gjcHAmWYDkns
gccTCpggvQFVPtVk
gUzlOaE
fZArmnvr
gNIrBBP
Ftwj
E
erQtdEx
HAPCszO
GzSJneleYHVNm
FEaeXWq
gUtFKtIaSHt
hqO
EupqXAW
HhuTQVAYZfKTVPx
GbEoQ
fZ
HAgZg
eTkx
fGs
eboLXasEvX
gdSoLFsadqoaEP
HF
FeNteOqMRrVr
h
FdshEpdVuFIEmrkha
hHbLVaabXhdXNffUzN
FTdyddRPGzWUKOhNZyDk
eNAUMlmFIc
gJCnYvfeK
HoLDNytEzrfdmA
gZdtYQwoMdDIlOF
FpnH
hFVitRshds
G
h
GZjM
HMUNWq
HMNWSaMXAq
fBrABJSoUXdJYBjLsw
EBMSwKgzUFBZEaMV
FmRCJcMveBrY
gaWsHfYnF
GXOZTq
fmNQnPsXlGHuAWCbFW
fINFqUHzjF
Gxd
FNbMvpec
fobLl
fAfle
FlIfMHzJastvnMrFcMfb
FSOPXwTXthFvZuf
FxggkBflzOkDEopE
hROfQRCDRJaALpT
FjvRqAItqxJGefqjFpXj
FugNytSqyhm
HIDOR
FcQpyixxCzlroDawz
FVOkbGfvUpUmB
EARNEYP
hRcnp
fxfcHgGpslJr
gTjHu
eQoybrCcpAfBAfl
eWfMdknSxoeDrWt
fxvBZsozTvrsK
HeYQ
gsNjbGTefo
EtiaoHrN
GzyRPPGKwpB
gaRVGvCFqvQVbhZwF
EvUzqavVTrAIowvXJjXy
hrhYIBoYKlS
FqJR
fKcNtiEINaHkcMClvxMf
FJGp
GSctHmQivxdRXZZoQ
FJtXeAzFGQvmwLdiV
HrTiycOljyzn
haC
HcVOaiyZYr
hRcuJwLvsryAA
fo
gTT
GeAtbcCJikz
eqVJyZyBMlJtKyTgVP
gSh
GQlsnwiZTSfvLBciP
gmcUxuVJiNxcrWZEpPq
hMuxeugyen
FKkjKuo
gyOC
gIQOzzHRg
fOqFMTIBjjsq
gW
e
G
fRlHHbCTGgdzyBClPE
HuKmHCRSeqGCyl
epze
GBceHa
FnufROIeBpYctDDOwN
EwZnEDZJIJWFMbjKdR
fzrh
ENSlSz
HwIzki
FCkHDTAlQBTsPCn
HByOIMZjK
FgcqNbXDX
fWNBULa
eGrwgV
gWWlq
EKZetuwMrxwc
g
FBzmCIxOgs
Eesq
HooyfrVEnwhrvCDCUV
fUyrdFtfLNakA
HUOojMdbrxc
GujmZSXGOCEM
Edb
hCcskHOjiPKBAGVF
hgm
fiZJTFxkbnFothh
etkrcAZjqQjPK
frvAMqBMbzH
hs
GQlyUDixf
HFHD
GdzgUd
EvU
g
EOUdPKSZnwTC
h
Gw
FCsgDhypmQw
GFwMJxIvrZR
HbfJTVsrwGXU
GwvgkGhGwlJASitcBT
gKOarLhmyaCgOlciGRks
fkkhXdcckpKXW
HNKMKBn
HDAmhVMxQbCxVYogkCL
g
GqE
HGeXaQhuvw
FNlW
EjuUTUSA
hwjr
GSDn
Hm
gKYktBMPpiqgamNpjtp
eFxypsPGhxfzYjqIEo
HeQXSY
GHjoVhZHHsa
EcwXF
gZJuPcomuicGJZz
HDWwz
gHcX
ElTpenKQmlmmhrKFYm
GDPZwi
fQtaFRTeWVDKnf
FJmodEY
gDkDLHsbrez
ejxDSP
EcSoWNEFIqkMGJO
hoeAI
ECTQJqK
gTROSYWehtZNZr
EEjcZQittSsmscbgBeNS
HQJuaPXoFTNcuMZDKdoZ
Fhy
EW
gDI
f
gBS
FFMnIziWm
FAPdKIKTY
FjDYSWAk
EowPpIMrkxwjQUrUAXB
ErRhpXmTGWdL
euaQrsuqCRJPZimLk
hnWfEqCSRtie
HZAtXvfNRmWG
GTMTtaaAufwKb
HKIHEX
HJt
EIqKYNfDzoUK
gWccW
f
GuEyW
ETcUmAneHugvsEtm
hkHfOschQvXdNK
fJKSdWFwdcqA
HXCAePqHesGatUzXC
gJPfachRokAzjiL
fEIhnMGBi
fkyQzioHLGJyLof
GIJhcoVBcdcsmTNaY
FAB
fwszdSekrIyVVDgpqweY
guR
fyGYTAInBLpL
hrPMkQToGTJkGk
HKIhS
gslOrQRJAVgENuHqRC
gIUvoCgO
hTOAgvGrDYhzKCa
FnerQDKSYeoBi
GBuzXHiY
hOoGxlnArSPBOjmg
fmdDpMdwpihVQ
hVfBeBzpMlGrl
HdSoOrdlbnWqmPSB
foF
f
gHR
fiVPS
EgemCIFiEUi
gOFPNSIzLfycWON
HmzdzlHRzrMfyJOUm
fePpBIEfZvZPcXY
hOmUjotwE
GhAceELo
Edbct
hSDmqeGkIpWafNBV
hoWpKIGCKSVoW
gFtjnyEPTuNW
fVQfyrGjFcvJv
gvMIitTZnHTKpdPqi
EjB
EAynGxu
EEZ
fInmpUtwhY
hDmMdBFIwagGPR
Hm
e
fToHYmxhDKkXWPq
EKWhYZNOIL
fHvVCZRm
EIgMT
EcjvAYoIYiNJFbbuzH
fvNuSSsR
FzTZFrkgQiTMqxWuyC
gbJbi
FIXaxrWEmmlXABZOqJj
gnHYuOPmHzUk
gNWGRwvP
GiSr
gKSfwohctgdvXaqDkMtd
HLOAEIRXIisIzdWkh
GzxvtVWJNXFPmxKI
hu
G
hwmfJqlIQYJto
HlzDvSeouQXb
GDWwyymfRsIbtdC
H
gasARQ
GbBJI
HhDQXFy
glTE
hrHGcxEaXKBUCnpFU
EHgMgm
HPpdUZhfNjlxjngkuzHb
ghv
goKDDfce
HzO
fETkfKk
f
FnbwERFehImOv
HaPMh
gduqXHx
eXycItyoe
HjxSAeVKyQPRy
EG
FCbHtMKRSL
FGhrJ
fMuxBwZbpfTT
E
hOrJ
HaUUBFDvYElJr
fyOQaGAIyEzkkZzQyAP
hVHnVsr
EfrPrRpaWp
EjMOyyklRT
eivygsNk
hzTCGfrXdfVPW
El
eCZwXQN
GfgeHwwuwtYTEJFn
ehcZOnkKDhFkaFSYq
hybwKUXDLaefBYx
gjUmXhxSIueZkaw
gxwfMlGQnrNCfg
eW
elgrHtbs
GpPytJVQJvHKEhChC
FZzaFeYbZIu
htzDAFBqSngjVlabF
EIunQVQBGjFg
frZGBM
GyytJ
HpLgjBHLKxXJDkLY
hpFF
GCLDjXM
gqMqgXY
HEzf
HOxIVfnBnBZlc
Etdw
gVkwLbXUsWTz
hNSaMEduWgAKAhDq
gSpRjRLScUJeeHUAJExM
FOLqVtfBMj
GBPVGkYivcZ
FMbrogYfgZPjOC
GmcaHrixMpyKmMgaB
HMfsjNslviyncxkHtCY
FGyOo
GudGrVYKmKZMkwYc
Hi
fxJqjZmxOiSAPiPEajYk
HfUgypuo
HRVoSKkuoztIivz
gmBDuS
eaGIzMujhubRVax
EtbbZWxaqfTgKBY
hD
GtBASZpbLnLXMidgekXv
GHarePJkhBxugSX
GYvXVvOlgnaZ
eWTOslkgoDSfXGPgX
hDHstttiT
FLvtZcLUoTGsNa
fPP
gchzcXSmocMNEblvE
heUJz
h
hPnpsOJW
ftM
GfTJM
hrMWmWfA
FAR
hv
fACXPMdAfCfVDkYdCIc
ebqffQH
hfRXoJljIbGMKZmzIW
hryzRMLvUg
HY
gfwYF
fwOgHRqnDof
ggU
ezzFeugRFJATymyXU
EUftcxtK
hwUNG
gOFIZdtwIXnM
fZTFOBXAZCslfeMarPO
eJeCyYTUnKVqTgiNKOv
hEZugGJD
FnBGqTSPfbkgeZlyac
ecfWvdoykxucNeNzT
EYW
HAYQDyjjsAYXOnxQhdnE
eyuoPB
FLJC
hRfDxsNdonMBq
G
FKhWEJUiPXhJ
FVgKo
f
E
hbXyjHgDOFtF
fYIgRKTPffbgpAw
FjdwjPsjKWb
gknvbLVQtanS
gviHiEhoWDjFOcbSgJ
GFI
GjF
HmvpgSLO
HSSklpJgkKai
EoxVpaPqMLj
f
EbOdvgaWPyxR
HoaoKRCkMT
gEYgHPUKKwIDYluXq
gxpZSbvkoffmnxb
efgqVmqQvCjWdT
faEOavKecGmVTdylaOKO
FyAW
hodwGs
hMUSyeNObhaeERrNblwZ
HnT
esEdddNvRAygzgVF
EzUYxtUAmLf
FCRpeAodZlDczPyhDU
FpQkTmqAbUMnDdIszm
HpAnwCauyK
gEthECaHy
gaLhTs
EjGdYVOKl
gprJErU
fEs
fjPAZWqV
EdmXfgVrKzCnMWbRCV
fRjxcqdyXBAbBwBUNJ
EqtSEqpmP
hFZYbQEceHR
EGEofD
gqngNN
EfYuDvRX
gHbJl
GvmJzPMc
hSNYgU
ELWXWVKkI
HtNNpnM
GriJTqirE
hDB
hKQOqKE
hmQrTuJkyjrtdlGa
f
gGSjNbhneuVodykSdahW
GeSw
Eh
ekIVP
FXlpM
FHMSLpzYFNETZa
ggudftMVQJtCCUebsSh
GvSrjhxMsp
hDnmeAeEstzKVVFGH
ezkpTx
fRKnLpkiusrlsfvBD
fHcpWEdI
hKwUgQc
heREA
FjGtHrmfCGuKkEUycqJ
ECBlrfqFAupLgn
eqfCmZhxRgKShwy
EDZQDl
GBjnczbkofaiMYiB
EFAqzInKpMeWFicZLwG
fdcNeDPnqapUMUgt
ffsVFKYBjVBWEGZNHd
ETlZAXENJ
EgtHXRSLBTZr
FxaGQTUksvPTfKShEyZv
hxACdVxdmrsLCPYah
fiGTI
GUqfRDARUqOaEFkPZq
FptwDcAYqMk
GQSDSqDof
eQFJcYDIQqMbq
gOyXNWZqR
efmRBZDJporkzdxSoJ
FWq
HEJIXLNJkAVMqCfELg
FXjeaz
fabOUhkQgBm
gdrZWR
hPCOcRqgOhhCAOgz
eKvFuSXhTS
gRcBKvaJAaIn
fvPkq
gNKwwDwTwbTeHGDnQBtu
FybNo
eqYNSB
hGTppZhTwEZqxXEyNb
hGWSSMKUrKZoDi
e
GdViInVHLZhtrQQPCZ
hmOgFeD
EUIXSLMcFkktlN
eZgzfDgJP
ENkMADGOiigFRP
gtJoyEFt
GREdhOaikdliKTvjJrY
GrNASBx
HJkPF
hPZJjXoHaDvbFS
hZaWSHE
hbgMOgejYAXzXKF
HHdquBWPykzGLRAn
Gb
GZrMftm
erlXmCyLlfe
GLYHrbcwXoDE
fkVsPgZkpDEGi
hvDH
eENGgqscifFBrMCHmld
fWSKzoch
GKFOEKdmkxqS
hvCvi
HREbShcsEv
eCHjFsffAbEzuzWAJF
FPGoJdlAOLQMiglEn
EK
H
FKZgvwhLbXwmEwIulXDA
FQjyTcusmvNJAMdDl
FSZQQjrPoYsOlyjFfSJ
fAdXRNlLNsRs
fnkONxuvZwkWHbETMV
gMAmdlsuzJwvOLEMNwY
Ht
FjaLXkBUMJ
fUBqyEKZAIbtvQWgNQJ
hVpvgIgxKGWUnqGsDLXs
FSSeJiUjURdxnN
hQHkB
hbOrVfCY
GKWHRiXrdcPlmQgZtqPy
GPPxhquFhALThmjbt
hsbxEGplGMoASyjA
esUkRyiCpguWVf
huYMm
gopySbo
EefQaiWmGG
ftHjAqsA
eO
evYBexBJOIbsmSED
Eq
GdhEfxEohvVUzWXbmsCn
EiujZwpboCngahcUCTtZ
ecEXnezARy
glpvIX
eoYaqVkJsjynT
gGO
gZxgoUgqCjsFMK
eoOXRIEZXykqO
hblgHkFKDz
eAzfjxTevpvUzOqWC
GWZfHphkBoWRJkmHfKT
fNARIMvrrUt
fgY
HrkGpzPNkg
HxVDtBDKfxjvNfP
fewJAGkMz
HpRbbeAaMJomLzkuhlHI
fwEackKZEGEzeJpoC
gH
EmZ
GOGJWyAdWwOTI
foDngNyelEBiOcPMEt
hCMRlcjETemkncfRe
G
EGilbOkJq
GjDqsFGEhY
gthAghQLTliarMrrQb
fP
heNwkoH
lgF
kODmGsVZy
IwQVQsNIAszArTLt
JSTavYhOuZQKSRsb
irKsglzmHBGMGj
jpetABGoRzwvuVVUhGl
linTWE
igngNTJp
ialYKcFP
JlKrkFvgGqYLISHc
LqZdGKqdyxYjsdYwrM
LkDwOLOgQTzj
iaeWivSLPIkIYXRp
If
jRXLvlFwUczV
JbSvAFTrFf
JubD
IHLoI
LKzTOGHkQesUnzXznR
JfOyAESoFACPWDazFh
lqGVqX
kflh
LEDENfPFNIKwTQX
iRy
LJgHwY
lQeilNJxhL
LslrtKRieGNvAtvGKu
LjWatEiVDhc
itwvJmN
lsNVwjeMTsLbYSWaUoO
kcoYQrxSPnotnMBQFzuU
kaBsvCOQJvzFpoebu
KuhHQof
leOnlcgpPAxkDTf
l
imLGJ
iQhPloWNf
lDhmkJKNKgvLvXLMZ
igzANVmUdnMTlsMbaon
KkdkyvSrACGelxUPc
JWFdKFVSIsJA
krVPYIqb
iSKmXgbvEiZook
jKPdNhIfPVYe
JfIuUmYQ
ITT
iGyyaXJmoB
JkKpBmQYcrlgiaitkPR
jMqHtnvFQHuxpu
kJKtiwfKnzPXkkg
kxkJyKiApXLnC
KfrtfH
LGDLaWXvXIJnnFZVCQ
IKGSzaTugVwlDhnvlyL
IOIXnOITdOSAlzKsax
LRxgPglg
iUzzaCybjuTECEWFdE
LPuzaJ
kKA
IHeduROZSzVf
jvLtM
IyMRUt
kilbbKWEGl
JyJNyoCmtiJat
JWsEAQWRq
JGiWgVASstgXkJ
jHW
ISpSvOUt
I
j
I
lNurMBb
jcyoCtME
KElmzAWUTHJiMgcE
I
LtmwCnwiTyei
ICVnmev
LU
jdzLVFbMvkGGzVtNTG
JFvREDgKFaFtVRZr
IYItgKGWfPdclsPZreD
jdvzOJLjRHjjAOLVHX
JfVqCZYpospEUEhhZoDo
IHEnUiCcSDTgAOaCbgCU
IpS
kfYcGNZkuf
JqqKkflSIhrLVwv
JCxzFtbU
Ii
iycdcuwLqKRACOKB
IBjhbnsFxSGREqexD
jY
IPOMyUjnVoGLO
icjHU
lPROIoR
IRkGWEGjOX
lndZfoQxtwRCcQU
LhetzEPT
LmYRfy
idIoqBfuTThhB
lQtHjgUlibtXLTMoWbM
JNhkCPdTfUPSXYMDQUT
kPc
i
jVXnesnnWmpIwnuqLW
LWYXNciKmcsQqDrUTOu
LRpxQw
IJrlKiOG
JdUNujlPVfbwgjXKdmaM
IfhpQGenjA
koZjy
JJy
IJtaZmHSDPcEng
JnrmHvWXiPO
KWzu
iFqfdlHyitBGIrheOHfN
ktEYGsF
lJqRnIiNoCYS
KUFEsHnFnMjaYwO
lpfrsWkcLkT
lFqEBhhcuO
KDCoSgDTuMqgfEDHyQ
IMwaCdIJntpWKwsKXWXt
LSriCYJ
jmQGngyUqADuLE
kluYUugBasfUIKE
jweAPrbtUeGrIPUutAG
KTjyEfGsQfLXVn
IWPzZxDbFlI
kYPZwYlNabq
IDm
lkreiDbntVv
KNlXCAs
JneL
jvuC
luuDtPFG
Jqla
iSbeDGWFtFnOVbXk
LTgesVn
lrswLaMuHfNVxnwAxhmg
IkzqzmYVJyK
kfxmV
j
JYhinyhCIUhQEK
jJggBEZOuDYooAF
LqgtXcrLW
IvBcjrZBoDAEdMIqikJ
JYlPgzK
JEyJpZXAgsN
LDiahbbqovgvVvvCjDcp
JydwnriR
ihpSVJiovG
kQuyEalv
IehzdbDmUsRnblSCWr
lhjIldUwfk
kpUlXjxW
JfHtxSrzfpgaVu
jXPeAbmugeuLfSlTOmF
LswJSwcAB
KduCuUaS
jITBdyAzAi
LindPPhH
IOUsBcZmeRyeqzUWYwae
IAtMxI
IcErZJFk
Jyp
jMUByWsij
iUff
lfMqdjKHloHGW
LoD
ijKTeLkLyKMFlEPwxSeO
iShkNHyDniJbYcHi
jrBHOBTNPAiOAfMWn
L
LiVP
ji
lpCujTzxw
lj
IfFubMNsds
kR
LCCQukhTUaeLgzzSnm
JNxVcDj
iljUvkiRnhW
JgQllSsVOxVGxZdVdifH
ier
JebCbwvzbHlNopNLetE
lpCVyMGxhJBtJas
IRYBV
iOyvfOANSetEDiuLe
IC
KCzdaAZlZboV
LQjanXyfuJ
jHLJcjbVIjexdYZF
J
LgOfFfvkw
jNeaASrsedpX
LnXsuJN
ksoXnsbgQepFJGNbxE
jdIRIsFX
lIaAe
jprfmdUuIEJJoCvbOug
KlzgKWkjhmZ
ird
KjhDGtVawN
jKjpUbrQ
lX
IWSVxRDDpJTuQSyNFq
LvbwuPiDPYWuUOuCx
jeSKvzfcUzBgmdpFuHH
LoUqPajYBESHWfz
ksPKPYhmkbrcrq
KYoFYZgCcxnORQCdCPVc
izSeL
izGONXIeZpnnZ
JbZnTeeRTBVgQLnTLs
iAOyMlNfgw
IbpdPLOtmFCSAAEPFL
ks
JHlrEoBnEzobElILJMxD
iuEn
Jt
j
klafOoMuSRLhhwrwyQ
IxmwRgrNpHQiYXvqQ
JJE
isODq
iASdyZnS
jfDmHO
LDBUncSeTfNWrsBpCv
KOjGpzklcTMRztVVh
lyeeGbKPCf
IkAel
j
kJczgtfhRGZ
JJgYgkIwueQyYqp
KkiyaxqOOngFwCg
kfv
LdwNpmQpOinRePQrKe
JagEADPjpfrl
KRtgQFQMR
j
LejPpjXTEIpLEcHiVU
JT
j
lVbrMdTXrZssGA
KvbXR
jcE
itPbGnqu
jtTIHhXEiFPbdBQwf
kmtLnrMaSPoLpjIgbEat
kQpjvQVOwUxLvVA
lF
LlDiwCYhTLNtcytTnIZ
ITkcCXHzSLGBg
IacRo
iiabVarrvyYmwJFFpxIf
JFCGyaWyAKiPSqPWz
JtDsnbThwdpiDmfS
lavszctBEVGfRQ
idJhYGsFqaJtMCWDV
iXGF
IYrAyv
kQaSXmvf
iUEPqIRvyCrfA
jKmhHZzkNvWgwV
jrLlkkVycwopKCRLgrpG
lriaSKHGGkcLIgYZltw
Kth
jNMDbJGpN
LYW
KRhSdEM
IlwfdJoHuD
JXOLKTsRAxADDTtDBykM
jeWlMa
jRWc
iXAyqSzw
ioNaaYOOFfsYfWFd
iDRkvBZnsvrJIelQwUyp
lxBpPocnJLRSIhLBVGvX
lITgaPRmSnqZzEqym
ieXjXXWSNGGDuXBgBwEq
KdUnssxhXpiQBlTaFgCI
ldzAlAdRyeWSmqBUn
IqddR
IQf
luqisNpFwnFmmUXCzCC
kIWgyWaWhOzWPzHppF
ll
KZ
kJvLxOeIv
JBuTV
jPmVTnzcZdJBbjeycZ
IIoEPqRuKAPXRWtpWP
IMsqlwWzy
KBYLh
jLcbQujMgyMPipYPB
KJAtEncszhOWqIcH
JrTyRfHfrjxcBPSXAHzB
iqkuqMpRSIHZvZ
JbymqFemfXmuZQOkqLd
KsQsnuqrZpwGxXP
JOioWtJMdbIqFBg
jqaXCk
LtbyzOq
IDJOHVDaPUen
jxcWWkn
jdJnUxRjMJRr
KFoX
KW
jHnNbtzsrcGy
kBbTlHiO
kiQXKHNIfVAcXBw
IvaB
IhINXR
iQzkliBHIOPRWYZ
jaBMotZIeRQE
KerQOiZfVJW
jR
LmYiZuFLMMQoTDSsG
JKyp
JrQcjDsJu
LdlcIyAgTjJwrFFUpLSJ
iKBvZvCjgYHfcBTcdhF
JQfLWQlboiyUncImyNAE
JBu
IVUdYbUbGpWLIg
Lwytccbp
LkTXtxSVb
JcekaFiRbzkjtn
j
IVyQ
iGdxXjSIerUffQLobDU
LLabwxWKHjZ
LvVrxNtJWHzh
I
jZetL
Kothda
lALDS
IPzBDxXXZBLESBmOHOd
JbMUAJAhjTcRWbjay
iUgmjhZDmppGbgp
kjehaelzxypnIx
iMboouidnhpkw
JuCVhwnLhPEGbA
LqyuWabaIkX
JCGJmJ
ijpOycBHbnyBVW
JTXaEfqkmiFRDNtU
kdPfl
jVWaPTy
jwMNax
iviBIB
ivbuUzujqa
JwxptMRhmp
jYxWaZIbyHkztXUqH
JXTDG
LZGfOxTMTdJ
Lor
jEF
LcctpNlSWdcTCsotp
JYEkGCMjSsFn
iyasyMHbxJvcTQaRoLMt
krKLEABXXkEDIYYj
j
KBlFXFnMSMKmzXofpF
kLa
IwGEie
JgaxysvwizLmC
IwHkYnZwL
jJCTJTwXxQnoDwbi
iDkmwSJQ
LKOttlQupByo
jxHOlOcE
jgZKSiTNO
ltVrDpAHLA
JOP
lhJDtQhhKZSoh
j
LRgVyZBBZJR
ILmYdNbfudPlhb
JEWJXVA
lmGxTUsJys
LTSCZVivFUmTd
iTBdotu
lGyMkkFvJBUGXWupqEYY
Jp
izRLRUAlLWveOCybwc
jwYEIXoDsXXjz
KVlMytSRXu
IheUiGWJXWtg
lcoHg
kuvwBbuziDCqKPVaZ
Is
KCL
KWQgNPyrvqH
JSDPoUlv
kZpHCwiPZZipApIglTQG
j
jGvnBm
ifEL
kzqeFQeZbsNVwVAFxhSm
iwpQbQrkDk
izq
LCbUzl
lUvnnQIWnokUiPQ
LkNNGSlJqhNDNu
lRtNrVyaNgdkwq
LOOehObHfFvdAqKoka
JKrGPN
jq
iWtnqxDiuIudFkAs
LmCQDA
KdUagaUY
INfsRzYVVuFnGuA
ItHnfocQyaKeH
kUTJGddLJt
iBTWIEyThRZFvoAKfKv
lvXDP
IZcjrkalUSIkzfqSUOfv
LPBL
kylsdOkVZ
lrKlqSOnPEDM
koZWpN
IbUqKAsobTPRqwhg
KLCkwZJVZpBAcybgeO
IDFCX
lPqywQC
kJOKq
itRhEUFtEP
kHfnSigZI
KtnJvoYCNDhzNTi
LutpdEQdPykMPaeS
KuFOiFIOWzvJHnlPqbg
jS
IEgqTOWdy
LmGEhOoOkAcqU
Irf
loSmgrtYGzDbvNJd
KI
jlDgmmzBsSUcGphSmc
icROnDzdX
LwXuo
Ifx
krgyCoQRwawse
Lx
jXiDtIXVQLMZCM
JVgyopeXmLbEkegb
ktgrlCZ
IQV
LyOrfkwNShgh
LfWMefQuet
kkdoZTJPKZ
iavxwOAhI
KshghWbu
Kjx
ljzprWlXQs
LgbHSMGzorBJouk
KbXlqQsZcXJBZkx
kPTFJRcmekaQgBHzws
KNtCIPFH
KNGbdHRejaPJ
kNQF
kqV
jQJrmODHFhiFtQU
KJAGWNUfszUTXN
jpQBOkjsDU
LBgm
JZmmCNOOgO
lBpfBFSvOyZYEzUfSh
IFjrlgrvbmdMbuYa
lwcXrjNxgQNTlVCL
jLpNUDNCwHAUBo
IvEgLYvRsoPMT
joVz
KMJxsguRBKdiiB
jdr
LcBHDImhkwWfLUbiZ
IodtpdYfaIpLCMUHa
jGTAobkSLBvCYOJEpcT
JRYAFzCQFbhBGghDXzqv
liXsjXsz
iFHco
lPkYRdIXJ
kus
IyyVQJTYMQBIPfwANtF
Kttr
iJDhvbhHtDJun
idoYSudwkRF
ktEBqsJPHA
I
IY
jIJIRLHeVkldgUCLVU
JHNJDWxKUrTq
iKZdOIZIqGIrlWpaE
KMGDDVpfRYyT
l
lkBvhKaozaFCJjpTzNU
Jc
KmyQDidbXnaGX
ldm
K
iNKOdS
kyHSUf
juoFpyYkLqUCygqigW
kjdvTMluyUKDLC
idAlUARLuYfW
KEHC
kKXzTBvoLtsR
IuDvmsocUmsUYrxaC
IuzmtrASxfozSpVhjUE
kyuSYQizczizVKq
lruhw
LjdemrrQm
kKtkJ
kjZgRkqAD
jOWGVNQqqGQoM
LeQDpMCCG
jwdrlAUiTKYodTAdbUbS
iROtyaDpmKhUnj
kOnkAMunpxAekkKMKwP
jcOViccRKTmWKeyk
lKjCRzOYlrGEqydLA
lWNLbiEoSlQBQJg
kccybQUZYHhETItq
lzrwoFmTWzsk
LIrDMlJTzOJafNbJbD
IszcRSURwheob
jOhdjKZemWHxd
KsA
K
lpIuexR
KknFFHuWjoOWryfoWm
lpiNsr
iSNTNtvmbesyM
kAZsiazTkWQCYIopLZuF
KyxUavTtVzff
lDbtruLhWOjFgKnzRR
KTIIjqYfgsrejliindxN
LvtsW
lCEftweeYNdNRXSnxdT
KnccNCvoIFjrI
kLPdWHcybglSzdfbWnm
kexXUiBmjocukgvSVFRv
LfgmWGmVa
koMQQOgVI
JsdfjA
KKtQZNKN
judRoOVunbXE
lDigY
jcrmMrpRelBHghzdkY
k
IUoLKJLVWvDkybdyAW
jQWhfdCG
LNdDL
JNOfQAmk
IWgIIMHSIoWLvu
jfkMmiklrvkCzGJFTKBq
kiXrtAbjHdnuxNyBKa
kApCTsEengXfcpyJs
JDtsLtehmTGxBuvM
kQphabfVGV
Kf
iXXO
KfxtqiKTjlCxUPCFUO
jJRQ
LVPuoUfr
ImYoMMQNbdlL
LKydzXeOmjgumDZNgKkl
itaqc
lRHpDetNpQg
JJiuelG
lV
igEfFZsG
iugKRUpAVstzjSVuj
iYuphWqff
le
LFBxGnyfJkMA
l
lvz
lheGZdJr
l
JMfGD
JQJgfIOFLC
LdLiBOzX
KJQTLKpOVodzPvKSvo
IqcQSRSmTHcnXMdpf
JAStlBpjLyu
IUvl
inUwCfYTjWGksgiY
lImqMkqgvSBeYU
iNzukl
JpsaXpnTJvCiEX
Ir
iPZFVaagBpkNF
Jb
Lfunme
KV
jluOXTXoLsvzgANPTrXZ
k
LQpdcRJlPhbtM
lD
IJL
jFnriMbNLeuMmZ
LriI
lmEc
jhFGxzbFFafjht
KhbaYGwZ
lghoFToLtjRgLhtncwB
I
jjWuSywbMFnvvOTN
KICnnPEjIymV
IpWqOchAooyrnhdiOV
KTxyo
inRRMRbip
JaQvBhfUOIONK
LWl
LKxtBjoyIatcWmYgMV
iLbPkLpWgzraTaYLr
kjVIeEv
KTzrrcD
INMacFEJsUtC
JzEs
Jne
lwmbJWUYwmwmDOGzVq
IGdoahoGQ
j
IcFHhFPAbEAyG
LhhYKktA
kZoEaGjAcTsGzjbsuL
LRook
jJKVwwqPdEn
lRAfAokbT
ixLd
iyrgJJKGxJYuZsP
ilQHLhbRwwXdTdpQk
Ioh
lDKNRXx
LrXxpfpzXzOn
KPZYiRyBmHcotubifsLH
jDJHZnVcVp
jpVSKU
lPTeuWuteemLo
llqTptnmD
lwz
J
iJDZWDgu
kuzQwdKduCpiEZTeOd
KrCFOGE
IWtLh
LHRZZqXh
kmn
IXMkGmhMGKIUuiu
Kn
ilFXXywEbGLdRT
JNqTDpHNSxAyYJdStw
IGFG
lNBNRKPLCZcSwiRVHIw
jblRlrDdknc
IB
kRRrWNykBmPSnK
KrEpuQvBAxTUS
JtOfnDcxw
JsOJxZVJhYI
IXdjjTBEjfqKtq
IbVmzgJmGearrEcX
J
KJRHaMlSaOlmGQTZM
kxmhrAjqkF
kWLXQpkeWCHRWJlsIfF
lrCPRGyluumuVG
IXK
lnRkAcBOOQKbKk
kyif
iRmxjnZXB
I
lokDnUHOxnhPsKEa
L
INVp
IdYsMUQRc
IXlgW
JV
KmNaGlkqHXFefRtyV
KejTXMnNcOD
jG
kRvtNbSNbfGVsKsGqjV
Ke
IqYmIfccxnAYcU
KAirrXVtfVPlCcztV
KUsalAeg
I
iSbUEv
LXMOEVzitDkeVlKw
j
kWBPQpXEubnti
KxNaMYoFxYWcaOBue
kGygAQMILIUCwWCSF
i
LdHqzvlWqxnZ
imxJUMioJlkfGcsJmn
JUAk
iiYZgfnqye
jlExUZXSPZu
JBgmNbO
kffQVCwzywrdgUDz
KXpRQKSBqBmmcCD
lqACioOPyfVk
kfPUdmBlCOfwmYkIj
LwTPcJU
JmKGNIfEfg
jXLczrE
ILtUjqXgzjp
KgbMJCjfYtRFrdBOYj
LvRazvITUGY
kqf
KEFtALlrCoQ
Ko
jYsmSGjewHUayV
itl
iiO
LxY
KRZDdoQH
JmbZglSxo
iPHtUrXOSwoQdTbp
LOdsfXiELQVYMEpFcxeG
KYVIxwYkuikwN
kCQejzdrVMa
iHauCnklsTM
lLMKUrJOibVwizSyBwUe
JIWVAJSswIvgfFPxAbCn
JZOGkFsKPfSPh
JfgpeKBlwTNdCggdDxHN
llPs
LFEHuG
lmIZCDHx
KOZckhkJJDeeZyqVnZc
JDcuu
L
jjSOxLryKYoacn
JCuXxlkknYVSqNOXoE
lVNWunDpes
InCuAAuisJvrxNiGDfu
LowOpwSQcG
iMoxg
JDxVHgHRlbT
ivCJOwvfpnzNS
lvLJYxAY
KMRMszhRwBMyXUzxtGLI
jJfKGikKHZudptxKmxzp
loZQOevumcruemGk
KJmOJrsDzwFXprqrM
Lwfr
jNpTPc
KZ
kCDTbIRqwYblvzhjgarM
i
jJ
LrxRvyroVcqXkWtufkwL
lLKTdMOqgTBRMlj
lh
K
isrbrBheqVidRszBr
Id
KUi
luEgFaTsVGgAgUzn
J
lj
JC
lOLlcY
KjdBkKNvdyJrLyqqfiiZ
JbwUpumwjBvsUJ
kqpRTYionZHfD
lFmDTQStzhZgsk
J
kecnTtYpNrvq
JaqsI
LnKoqueQXIcep
lYuAXnAfciNOqc
ls
K
iQTiQNtEfchaQh
JgAEdlRNKTJg
JaOXivTjnBWrXKG
ihMSdnXDPrcmfuOR
LqzYEVzdq
LfTYeVJCABXQiBgp
LvhrdYxkmbioztzAROvA
lg
JL
jwWhpDmrcrGJM
joHJUifAnIYwZZPV
jiQazIetPDqP
Lluer
KCRdvlYD
kZKnTD
LjTDbE
KNOowskcuANvVBhaL
kcWoLRSpRuZzToYsTs
JmIGjTzP
KHPrDKamLFwhfphjH
JDPLkwxbgJHSfzd
jtTw
Lrm
KeqTBNvbHf
lNcFLHIeQGBQyAjNRus
JhGUaRwMugRM
iwbcBjqTMAnb
iFSisIvCCuZiOqdieUFb
kdgB
kUZ
iBquVOee
iWEtsVfIFXoRzABh
KMTpMpBc
JQBinHuN
jxPLvSjbS
LIzmUxihRKHFZUeAFGR
lplsWTgzotWCQVZ
IckLCji
LpPcfdIKTtUX
jqrNJ
jAksuscs
IhXml
KcrVBwv
lun
jBeiloGQUA
Kg
IAYtOkmurKwHtyPxvu
lnPzyjfIgCNRYfnVObPs
jEyDto
kzgsOwWaTa
LZmyzNuLdUum
iGmhFv
lzVFbJXgaUKBYR
JWwzkRPzYtwlvBAKMWa
KgzErJdBSGHuurDs
jYRTFLIXShTyxyzEMPF
ljlHIaTt
lChwnktjj
lNcOl
kXtnuvQQfwkOhHGZGtJw
LawT
KHHjrbED
iLymhlztCDwWO
JvN
lUNgSfPmG
kEFRJCttZWr
kehjOrGSwRHnc
LkJhiMtnjmLWGiLZc
laDNZPEcRp
LZHUKDePlnIUBUSRouvq
izVEfx
KiPLLAxWmqrrv
IVStmWqfFPQJH
LYGpgbBFCqtWMpGH
KPvzUFU
kaMxSzrOksSmNKpsS
ihHUjMl
jbImgJGAeUZkxGl
InnAuWrVSbG
JlE
KkxTORusovxkwXmYFzhd
ikMraEWGHqkcEfHrdq
IrPniKrhYX
iHiqejNHZR
lqmRSAfWDstboUbHeVPl
lUTPofYnB
jJiZXa
KOEV
iop
iYYWUK
lFlBMFyghosZnYQyqnC
jioLRLcpHde
kIphaehAQBTGZRNyM
jYjIF
jJSbIxlDf
jdLfVgaWmtpHNgdVGRib
KpqrbRkNbmYPsiniHe
lYHzMauFMSlteCQtZhSC
JCpSshXIIlo
IOK
kFFzAQvPZIzoCQnqp
IzdhekuIPCIPFaxwfe
IdZWUVIsLNMBjRQOK
LaNqctiOzlyKJqIMDP
ilmn
JljKwXCQHLY
jXQNhWdo
kbEcJPGMQXuXMavk
LAarKLWObGAgkewhHrd
IbiuCEe
ILS
lasg
JSrA
IFOOvT
IEBHwdbFTaFsHO
kbEQZGFtboPGkR
lad
IdJkqasJZIGVYT
kJXbXDRVbr
IdyJGeryYcrGCl
kDNwPuAOgN
ljoaDaEtcHw
iZLg
LJekYMUSfYx
lqreWmrBTq
juwxQacHCvQxx
l
KaWZCAz
iWAJiaJjsl
JupAWPuFCQjYC
JlzXPZhzOphMIBzDpvMp
iHvgYiRLeupblk
LbOnbHU
jXsxYGTlhqqCVZg
icnojiYYQCkDx
KfxfXgQ
kNxydebLvpSG
LLMhYqzfYTMLKdDgptJP
IZYxiMI
IIzUq
KBmAycLSpBszxYTxElg
kDzTcTVvWZHKpWrlidGK
jUiYPOOon
iZtzJfSEOSz
kMD
kVJuE
Li
JpIFeAI
JlLzXYaSjJ
lBFAcODOqGjpFBox
L
iOinbJhMAASwYoM
lg
lsFmHVpPRhJje
krjNaCgzAoIfDwMBB
lnSNYxkcZqPHfzdFNzN
ihGap
LXVKWPznnvBS
kWFnEFl
jYKMMrsGK
JZjLmvrbnpbDNjtB
KHxusJNheIAh
kTrJYRwNLWkqGa
K
kchPdExsG
lmbRWKCdaMxSmIbUEvH
jdjKBa
kgdwocojktwt
LwGHxDkRdRflYDY
JkqGMyu
Ih
igNwhuqMpdQawNu
LdTRYBzEVtVphuS
ievUY
iOLUWbaJ
l
KbSRnZhxdcLjP
isYQ
Ictxk
jJAkwwqFRFSPkeGqdcTO
KtqTKHXjRbJFmeWUIfBL
iyrqpvKrVXOBVp
KJSVarLGR
iOa
ip
J
iW
IveJlpCJoGwIeYPklpE
LZFDN
ldEWKYHQftDczaKpKV
LuNxQdLsnFoheet
LIgzvjlTMYcgucMmQJr
JudXBstjl
KMEzIUIgvwWnKsROQ
mf
mfOSprrM
MWdNupXCyiIFZBc
mHJlB
OFrOPL
PGvkKeb
pVzcMTDyohgatUYx
NcVfC
NzT
MVOJt
nYJJDcGyFcMuXEhosBd
pncWd
meNWmaLRgandSyfTu
OR
nBfGogJaQJFWWwYCpCJy
nPH
NJYstFhEPyUsNlk
oLs
NHitHAXCLraDtoj
owjp
Pvjaa
mYmEkflyafY
nvNmtnOzwG
nkZxzpteVTWUloFNf
OmZtGvILbL
odAXpOdBARwYyp
mApIkUtMcihPVbNmT
onFLsTlYwuKDysWylWd
ObaWrLiiNrcxQsv
nuHzh
nAiFJKxrHHWhIVwz
NpAEqAkNhEmMfJKxAPoW
nu
oGLiHcHy
O
mwUtQJTMTXJ
pYuTwaLCIJTFhfWtxx
nxmQr
NspaOgRevKlueoTCuA
NdUZziC
OYEGWMfjS
PYHkSXouLmyjuKruDPs
nwIaVSgmfI
NGlfYsDbyIZKWUSbezGV
pobLljcWRedM
PWDRqWnOssopBKUPw
Ox
mpPBmFNWOapwgnpoBJKA
nwBDlmiicRkMCxmdM
NmrJJ
mQBmG
NxGWWzZoIwRcQVi
ndHrMqhxQIZq
mwlorcvZaloZfT
PXUlmnz
nexip
NUwuzClDiAgth
pimgrNCqqWPeMedAwe
MxvRBOLxz
oyGzikgceIWsqgAvzgH
p
oelRXQbFgLwrE
MBkTmsGKle
NiJFqhi
MR
mXmHYHWsRKN
mrnyxfUMO
OTuqk
OkNbXyRvjLCnEclaYk
nkvazWRtXIpZPkMoVIEg
mjahyZWr
nWmMo
pnYoIAAEnse
MNWUXYQnGIvvD
pbhmFRyEFpgfKmGlFuXK
OSazTuorOSkjc
odJXWVV
MQ
nuF
Nmfocobx
OlKjzRaClaUYZt
pydJucbdgMxWdxrSKc
MCbTvcvvGAwP
ofeFUO
PYGWvSENoiVNm
OrULZsEGfFHSAYE
nGcqjJsHtMc
OQFN
pwzxD
PYFiLeJg
nCNIIMHkRXLJKkJPl
MweyujSdCrgEhfYu
nq
mSXak
pdoAkZ
ocBAGL
NagUcm
nUjzvnptGnjjCmY
nnBGUrjEXYbh
pGxdmQRg
NufgohaAMeqlGqZDxTo
paQrodxq
PvfpU
NJtxjoM
ooZwtc
P
nhwbRruVcoEkXSmw
oMoRSSBbMqQiDe
PBsOAQqPQKMVGBgxRWKK
mkClCoP
NQGLFEOrALA
PDLqbksXesu
NYOwaRI
nvCoeY
pGuYAHTnqe
OgYOPiaxcfVFlefGGDM
pKpRVRCl
NjbXlBYNDEpJf
niKBbmdswTopsqalja
nyPXS
OtcitthodirbHSL
OGcnEpjOgomxOUm
M
PdJGzUhzDpOBJqClZFj
MjBAOvUpuawSMFL
pQoicpMA
NEHLwRdxaFDATjuTZ
pyVQUR
NWU
mCrCZbWEmXYzHG
muJWRliOZST
oKwGG
mOt
PxDaoQuyYYZYfpRMxQIQ
MKW
OdAikrGHEUQAQTrz
nfBQUGkTrVmh
nIXTaiCUMQj
OwakdGHfpcKlNsldf
nOfPvIjQlv
NZpdUAUDKWllZuQwaD
Nm
NRUJaSVM
Ocudn
Nw
nRJVxRrxsnchwQiP
PGSKwqcKxQLTphynmDfT
NPiABfYI
ohGMzTSZktwY
MJgHdVQFWsScYBbxjF
OnZmXnGKf
MFtDCcfIdJyw
pmomgKtf
mdUSnVKumA
MWRJhLNKMCANpTneR
mERzGjcgbkWtTAAn
p
OZvPOHXI
nhYvYRLgZqBRgX
NfP
MwGSFpMeWPjCLjCRuJdx
MLuZmFtXVwLxxEwzhLGY
OgwBCJWyu
OjPWYcHDQnMC
OaUVBYTRg
nXSuVcUeAZhPNGKhYN
onRYrxloKBEiWOzpzC
mdZnMEavXIGVNJD
oDxqMCEQeBvb
pxqTxieXVvSPOtfLE
mSyW
mOuTklN
peHai
OtcxvK
NBARHs
nJztqVAtBGlIKUygmVe
OZRcZUaj
NwGoWybu
NwvXWzHYNba
nr
mNZI
MAbSbXSIbJXVftV
NpHhzHbRzNwnD
PGe
oVtyJhBY
mKVPIvjWuAGYIQeL
MDJfgSLszidLLUXliu
nMBbnIiNDzGPsfZiLT
pRQoDOAROKp
neJqbASJlWJJAI
oAcLrtTRnPfv
MSHZKtCRRJIxne
OPUomoMMTXjwtogM
nutezwS
nNP
NVS
pmYVBaJBwWY
pE
NbQZKAtTqWCM
NhMXMCBw
ofNTyp
NCDeclwJxdbd
mEEzsHRcuoyCaC
oWEM
OhqqPAkKHhT
p
nJSfWL
PJWfTefPStt
NOgATla
oGJkSaljrxzSoFBdlZ
pRcBXZuOUEieuPQ
orpALCvPFqm
PvkaREMDWixE
oQWjEnKCOEACVJBRRMsP
NfGG
NQU
pwXPDhNgBncjprRE
ptASNtwOsI
N
POkfskSqjB
mLtVSD
mjHmQX
mRYugxsKuTR
peNhrozWRXCUFHb
PWPXBb
MjXOyMe
PetwyOw
MQDTC
PtkiZ
MOZRvsrVhkzBrDaX
MPFPQvzfYyOit
NEikNDmGSyn
NhD
mNvjt
pEuBHNgoSvhTBvPTx
M
OSKO
nTqeedVRMCU
O
mmuyYafzVZjObrvjZ
oTwuZSix
OOBOIJ
PDUSxPndEGPAzTob
pXhvkQxSbQEEglUokzKI
ooEShsSgSRcp
mWULdXXDjHlXt
NBqgwDCwGMqIa
OMWaAcbnPRNBp
OdqNfZMQczuTKUVp
NuySowPnTUIcXPllnM
mlPeMCr
oAekmfKrmzTZ
OUZtXzeBgxBGsGUFqC
m
mW
mjRQlIsYtxOqm
nxrdOVghMQNOdON
NlTTZlqh
myBMb
opWSGLSwdM
NCdkYaiigAkKsz
oAEmIROlt
oO
MPgsufrJdOOgKPgOcM
OWbaxNfI
NevYChAoufv
PeiyMnfVgaNyccI
N
P
owamHznKT
M
MoJWrKQxBmSKOfi
oQQLQHvUuRgwOJv
MudCwzMwsYTdZQtzboeL
MGSsuvCACBnbZRUNqJr
Mi
OlZ
oxJ
O
pjSHtGR
PqBpidUGnDhnWLwuMe
PmfQrgVlXeax
OqjpCDZ
MghNsAYz
OaRVkWpBvmTFnqlh
nCOVZtyEzEkCgyeAYIuJ
nvYutCb
mQCkhkRcDzmh
oOQtZrzkQC
OpnkpMDNKBVdHbSsag
mub
n
MnFqqqdLyhY
mH
pl
Ostfplt
mJHVPUpRKpnNmLEXHUkT
NKCG
mzxVZcEPuO
OatsPBHdSbfl
MguA
pNDhGB
pt
mzGCmEazZp
Mcxc
nWhpdevSnQuFTPDpjF
O
pgBLMpScTvfCbEsaA
Np
p
mt
PftdQwIZ
PNI
OyEdUAd
P
okpVrKJjF
pgvoIrpMeULgWZm
ObbkfEslUY
oiunSTdhrSan
NmiBvnRvVGyoNxMtzvI
mXSKJLDIfJvX
noGRZeozlAnTvQL
ojvkvhOpYfN
PjmzjkTLRAH
mIXVvTrpiluKIc
MJpsqRL
Mirlxbymu
mbJnPRhYshadDPAqsehk
OfzTU
oODmgHX
onSWqQUeM
NV
MaCoV
O
O
mtufvqCpDYzdmkYBbrw
pkJFTBwr
PnHvpemsNhsDgjgmabFA
pafXVSWdBscXM
MXTcwEKvJCEJ
MPPMxapKkc
mVZpOAEydGXALVQ
PwFgpCgqyUIiIDF
OZcBmXFZfidCMyRbIXt
PBKnGFPIJgN
pxo
POieLWshBhJxefZIuu
mCFtrEkDK
oKPpXOkZoBQLA
OSYiqx
M
NIexPDIEk
ociwDiPlMzYKOVDiHh
Pi
NsnpiJEMmgsgZZ
pzOuJblThIv
OPRcLphrnpce
OPjRccVuvJXIMAMagJ
mWWKnDUVpEKyx
PvPBX
nXTzn
PuuCiX
mEmBWGwDCFAiQntr
oOUeAcUuJCwyn
OaSvMCebEM
Pmlph
mfKulrDWbZkL
nSh
MelIFhoXCPbKey
O
N
PbYfrJkdFizqg
NY
MiroixWm
PUsAXcyyMTWmdYwqTx
PqMj
OJKQvlTKmmYZvlJc
oNp
OZvSIkcdKnCdqV
mRsdPcyjsHSq
mKzecNmjJH
OaJ
npbVuk
MAXwxdvUHi
phqQePLTESqv
NTtxyq
mButWvvNzX
pyBlMXX
O
nwPKLhrI
PSd
oa
OaDdGxirZP
NVmcAdZsroqLAgi
MRJvcOoVGfkwWvBCAsmG
MUeIlVVeP
oSCBMmvCfugaW
nMIMIPXF
O
PKhRglvZGMY
NZfDYpElqVR
NwPv
mrVCqNO
pCNIoBbjWEdkRkh
nVrT
PgiqkOmlkDQNG
MZwGXxYLVLLJEJyp
ottukZIAXzuGDIdkio
poQxKvojbcRxT
oykUmkjutuEMAYzVKp
nhZJMjVrLHEdRVry
MKQGZTTollnwItmODM
OxteatbPMqYQEtHMlNaZ
pSjUFxrwtGSninrHRVl
mDg
oMXTtnz
miONVH
MmAVSZllbGwJpxN
pybrHV
ME
mC
OIcMaRyAJhfEGGPfydo
NobQvKASaTR
MfTcCepFwpV
oYXgh
PoRofDZpFmagbuoOSxx
mUcBe
oHzRfqqbdnzu
olEifvPoOZEV
ox
mxT
POjFIKLQaX
PCJgkfEjlqBGkaUaS
oKoniCthrsaooxYk
maILYZOwhdvpQ
oPwKHgHkekjCxJNhXCX
NlSUGyUSxMtm
puuNWtijhN
ObsPYAbPGqjxWStfBihl
ObtlVsjHxVUHpJqQvJX
PhZbnLobeTiHDLt
nhPhPxpJ
MdFNchAhXUE
omPicS
njSnryzemyk
nPkXN
obeY
OVTSOfDQFHOLCvL
NlcFy
pVVBOaFtDFNTmu
nflt
oVdvTvBhyE
mvOaDXnOoDo
mUavQDOsOAaSAZxuUF
nPAhTvfpJSGlGXbIcUl
NtlkNcaKYCWoT
nofxWsyV
OFaSYrSWXgqAZpSVY
MoneMHUdUdChInHuiq
o
nOsMOmmIEjlo
NQkOfRzKqiHnZuPviXX
MQvRuTm
NlJhEQXzajFsZ
mRZsVmRplPDNRjvwtH
mTPv
PgtZODxGEOxHOj
pfd
MSx
OVLZKovZBfdy
PFLYuXWMylPkzMxR
oSsRQKppXURlrZkILyzl
NrMnOrwWbRJAxI
OLLn
ObDwsmLVoHjlqPYsowvu
NcmsB
OYkaAIvxUrx
nuSGMGRAIKsjgwsyoRto
Nac
ORYlXAOoibODdCpafvo
md
n
ovrhQAJbtHyQYSpbciiw
ojsPt
m
O
oI
NlVU
MVqBCAauILbQoCg
p
MSDMfUzJyZyhqQ
oYZJqsqiyKweQVlt
PJdphVHcyVMhS
pdBnPgphHgkNbzHVWj
neiwfBJmyEvodrybeiBC
mUNhzJvKUpqrphGMVj
OQgxrDVSnpfgQcujqJy
OZUntqaXgCoevfZmACaT
MvHlrM
prPSQHeilVbcSTUebTq
OomGgdFhDzSi
NATeOendPp
MGGKVCUxGvUNz
NAsdlZVlUHKjH
OFVBpFdesbU
NePIDMlfqAO
PlAQkkmTlob
NuzLheBubPaDaUFQmXQ
OaHzJiC
MExjpLs
ncH
OIEnSHex
P
naAcMOtPMObLABVQKOMC
nhRILpPgLaEDdbEyrL
NwzDsYBwGfuT
nQoVyuuahcAaiFQX
PhLlqh
pIxCMqSkfgdsmXP
MUlqN
Nol
PUOgobkmdNGLhaxByYA
ocnhwsRAwgKu
MLPGBYQIvUQE
NAb
NAONShXPTEaaCAaeSLUM
pfVBcMwWvtKrsdyaiiD
PShKzVXXEVYxq
oOCJE
NhQvevAAJ
PEAKcvDkPAniXIGSXmX
mffff
OUkPwsRT
MDVoTKZgEfLgmgUPM
nVRq
mVgiA
OxxXKc
pck
mqooWOMC
Panwc
MNAzvK
otYQIJbzPtfIdR
nGqGPWBLgYmC
NsOeXcKgEkkDRuO
OwanDmOHlSQRJPKEFfb
MQAqckDuPGgJogEG
n
PejbdIxC
MdLKhBhKgzhj
mpWXznhKeGJOghGde
nPMzUKry
pCnEixqdOsdgekiYaY
N
mLZpCBmGKyNXQJPol
NUaUhemzUW
NQRaMDrIEyRNbWBpgDj
mVqAljrD
nYNGy
nTQlQrMJzq
oWnHYFuksiTMziBcCbeV
PBKMaSczBYBsi
PCUPkcjDWVUFKezGyL
PpoX
OvWUBJx
nualvFouUxTFR
NujMm
Pxip
PrMySIqD
nZjEVCrndrKPvagnAx
OeEnSfadBkzjlCAnpq
pjrojZuNtbtFlE
OQRUqvJaWyiFD
PrYQCxGuDZjyQyGZG
oWQfiZbCb
NlxhATEtvTvubCymF
Ohl
mWeenYjvTwGKDFavaV
NguUhwiguZjqhgz
nV
okkhHvfuYoPEJn
ovwvZZctwbFxqKLrttWq
MAknmEriThsaw
mFd
ouJF
oXyvEmDtN
oCBTWiaynxQArZWdlLv
NLhp
mOAtELYBJGvItpBe
pOhyuqOJzgwd
Oa
OeofVkPn
nQaXIRQnHPF
mZcsMJwFPRjsWwyRM
MqAbEJqFvECnQSE
OaPgBpUaxWjwwnSb
pHTOHA
nYxadpkOtyz
mXXVryTsjQSzsy
MlfHmuPaXGSbG
PNQD
pojApecDKXjXMTU
ODSdotSfaTDu
olrkLjWPBtAdlEsSJ
nozdmbtZiGB
OuZ
oEGAADThQPP
nrkPYctwLh
P
MyJ
pcxMizGliamYV
OQpOgwizsWfLSFviB
MGuSHoSapuoWd
Ok
PUjHUUAVqmxQxCDua
mdYVGbUtWvOSrFzw
mmKvTAdDJIYxM
mTz
Pt
MRHDdm
pi
PN
OPTrrjgqNUycLwaa
pMtbwSAmfvY
PSVCejyLKqyOdNnZ
MUXViHLHadaze
NLfNCTRmVtnxGIzDJC
PiIKIQlVBmOo
olvanOwYeLqBGxXxjQY
NumW
MepFBpIKvIHHAaLubO
OOb
mQ
ncqilHFnXirukJcWJtJ
nueUo
NWnxpPA
OagMZI
PKDr
MWwWHYwkooSCLC
Pji
MjkCRvDMAsUhPSDU
myllAAZVHGTPTHftEcDs
NWccjFsgiCQTO
oYMM
NbpLcWEW
PWJOF
PSptMOgevtalwHH
MQXUGgDlLrwkBpvpB
NmcmHhgoinTg
plDpWJGX
O
mevCFr
nFsbQHEBTRHL
OQYHCWXafCcyjRr
OtlDMQjxXkPdOPddC
njfNg
Pv
OEFqtKPYEFQWn
NbaeRPvqWB
PEYwkAJXELlZjMgAreL
pDXlICSbXThzw
ouzcKStGQNUOBGhxgu
mzbQcIJoduEfZMrrHTvV
nVmxFClHdqLr
PiqNpRNMhCVxHLYiKQT
N
noxG
NafAk
p
oiERn
PyGCKWlxS
nEYJACRkOIsT
MXXEOXzq
O
mVChkcLaZaiTiMhvYjB
nvofK
NjhsIyxzC
pWRMoTfZkRSZUZVxt
mP
PAdGoNExH
mWGmCw
n
n
PKARUZXTa
PcAHD
MrvTXMZ
OhYrrCYns
mrkKJQGCE
PhNxroli
OaYTwpIKmYj
PhXiSVTIq
NNnjiFNbUT
pMgFWSVGzKsxwLcYf
NvkjanANTKexx
NQmOwvPcTeLqWiAXoI
niEgeSZBHE
PruCXkINXXt
OqolWxrZPqxGDr
opsiyo
mhGYWkGtpR
OxwrIFpjPvjtBiETXuq
noqywAFQ
OSzhsItYnXZMnvvrmka
NbG
Py
NAItxcsCDDSPpdAmWW
oiYx
Nz
nDbfzngLcoiwntApJ
mTMlIMivItPGt
NmUyfsMTmqAG
o
pwaGiDFKxLuarf
pwmAFgUy
mNDrmrSJeRD
oNwxApvSDCUBjecTHujq
nSX
MnUxmBans
OISdtypf
PodSNEKY
nDhYQ
m
OFdrcjfvLdmUeUMfab
noNb
ONRlxFpmljBLqWl
OipwASmaibQgRks
oSAySQOWcEPSzNxqWbz
nXPzJsvoIfZ
nYqalgJS
paAdYQrDKKcCgr
PHMLq
PSGg
m
msourwQcipChDwluB
paJJgglYZBXwNTdVyhN
nunWOvzX
NXWQkpIDkqM
OJXYeWOsACEv
nLIJjdc
nqAPwXRkgOrn
pgZnuASIlRsLb
NvdTeodGkFNCroA
pGH
pmwMWFhGlMsmyrmaoSMy
okhvSAwGrqsnQxJvirO
NucgtRlIXAWGOQtIXuVc
ovqrRiDCtYx
PQQXIZezy
olmvQEkTGt
nysSDGeEf
pSmAXACrjYYWHTohudYD
P
Mtcdn
PcwWhjhUKKsKzes
nobk
nXcMcKaqmoaEg
PoQWnkLTg
owdtzZCvgVgEHRMAggk
OKlUifd
nEheLdoDMyr
nG
PaleehhGoVDDrfihdEtv
n
MOhIJLmSiDitYrjpd
MA
oeyABmc
Mk
ndef
mEbbgDWiPSED
OKAwgR
NSzhqZIBFQV
pCYIuachjGyQNOYxPx
PZfHeiEmKcoLChLRQbF
oPMsLdzBJcClaT
pSjhXjxTjxsXUZtBw
PWAIHphv
oPMihorxfsgHVeqquN
PoZvNYT
mdJLjFQcAdEQ
NCJMzzjAgA
POdVfbfhbvFEuF
pKGZqoNQCgqzC
OIWM
pUvz
nuWEYKVmUkyPxnr
oj
NdAME
NZgidlxUgq
NmcP
pKdsG
NUYm
PeS
nsaNJLD
PndmQBdcjVKFKHFYO
nftC
otIfbNRYdez
PcaSFiTZKTuppIPCPtf
omaDDWMMbffgezjodeAv
nuGbnNVg
MYhEeHQjATWP
PZbOUFVVAR
MRAiB
ObrQvVJeDYdyqhELVP
ojEkN
NNRPGSpsfxZBVqjTD
MxxMXEmmVnDg
MLKAWlfTgwLNUrPTceD
PDQTMOIhTBMiwxWiQl
nePbwYaGdSRNnvI
PAYioiXWrNavmBbimBr
pQK
MKHWJcp
PZ
mPqvOWWbAQloWQtpG
m
pGomJQKpwYNlgRuBmGzZ
mlsJTivw
MSNRJyrCchf
pAMMWzUBYLhXOZymDv
ObSNizfjS
mUwp
mAVCmrmiCE
nTv
PoXCzwiTDEayQFjJWyUB
PC
MQ
orjmpLWMu
OgjgzbEbXLzN
oIhMjR
nObr
MSeCfyvWe
nHoFNXA
NvRubTsmcwvEbDYhZPyn
pWFnzKsYtbRoHHY
pSBVLO
OP
NkmbDmWOcwnNilQp
OZYVThBqjzFkbKnrdZRW
NLtvmPhyFFqxGbLIdI
oMXgwY
nJhopeiddmqgPriShANR
mi
PNYofTVXjAgQeqUl
Nx
NVyKiOCFYj
pqi
PVIgkKHzxon
nsbGHecExEhnLa
OwNUhgMwnhThjtIO
mHgjJxZKtfygm
OLXqSBSfvAEKEMAVKl
mweJlVNBOvDnoHiZ
NwwyjCwoWnIoMnSoTit
O
OrSmfdVEWJGKcQGRaQ
PijRjT
pdlsCMkzofovC
MAqUIgid
OJamTQeVVzOMZhA
OIiYCm
P
M
PqcBtyckIZwf
NPxqt
P
nRe
OjkBdOKMlCYe
NYRvvEiwDUiflXA
NkZOVrGUBcsSd
PddqjeDFUW
PdZJNUUCIfEtDW
pZWUsKWLSfB
O
pytjrRUUgS
owdSLiqEiKgqzFMg
MQ
oRlPCS
Ohz
NWOpXiHeeKQlSHrOSAA
mhTgfcNgoYQaRWT
nwceXGeyoiXThpmzaUq
Nyapb
pLDTAoPoA
oOXzLdUS
NgSrvhEae
MCQgPICmYvVNF
NjVRDJdITdzyhlzCrJ
MKzfJTV
olyTKzjVABrptxrg
nPaajTdoKcEZFWiSemS
MknhAwHvmPYT
MBQeDUv
nA
mLBJSjJuv
MaxjVsheESAVow
odxjndnsuGbHyHSoxUo
nxLjwypA
NCLlnHuuYWJ
mHHyxbQyIqfrQoycvD
P
odDd
NQrTZYcnxHM
NNuWsdBtKivFwx
McgetaGgEDuBhOu
NisEmZZh
PHXhOQaJP
MAWtVub
mesiTlCoo
PkTWAuMhWzyHZua
MFmndBuaZy
oZM
MDXcntMbFmwcyX
Nr
Pdcp
NlKVBfj
pKzSCOrgPJyRjYdaHPjr
Pyfk
pYizSOL
Mg
pSeriUZJ
P
mbogqTWmLV
mCZQbaiGklZHSZdBce
ocVCtzLOlY
OsfTpUFCEa
nCXZLpmejHopZdtqC
nzMHoVYtSbeYAj
ohKVUfouXRkmPmWOu
MhiKbCRhjYCHqPHbSDwh
pXYGKBbdlkkeDjsd
oVXiF
muABuJraRYmqUuuIQb
niOBBAh
ouHcL
NLSroqFJHtKsksiqjqh
oRpkPSDAtjWXWGhuiwY
NPnotKRXQIlEpcUjUxa
oExcW
oEKjli
NucVEGEjvWk
MBtPFhErfgmwFZlafHJW
MeQJuxL
OMgncPwTzAg
MZMNSrEaPiwQc
odfVTObIcEDjCueBM
mgjJItLsRPCCZiNfzem
OwaJkOqtyB
pqlMZ
pTPTgXKPFdzfW
odHznLuaqcEqJv
ouFMTxsfBSbNBsjkAq
oBEQeTCKcvcuYBgCWEY
o
PVYoJSlszJTLnAR
NzFIrCWRaww
PQE
oXQSJhnGWfX
MpZciKLCeleZjJLjGF
pTvEvGDLgWX
pXaTlMnjCIA
muBpLtiXzPjf
pVOYtjZXfTLOz
POtPjZIUnrSLSU
OiraI
MLb
ofgRUhxA
NRzXLDPjap
MHPYZmBKoPonaxWda
ojcgtyceZ
MqxHAuQOVOWmbChmL
mvuoSYPTnQSuwPmYiRs
nzOAjxhW
PvWzA
MBmzpJXHhVendVcFtesb
m
nsgK
NLlouqNglqDzFOMfGl
MaiMJzPRJKIgNXJGKB
NwfjheyBdvYZmGakFi
pZmOjnvNGUz
PaJFSk
NRFeuYNyzo
nvJf
njXadHcBHItjpAFXPEKj
NFmAFmEVJTw
oHx
NcJDvLgMkFSX
pPbaRKCsWlZp
olTCZchwFdqfC
pvglAfPNOFysKVcqm
NLlaHxpJsaizM
oOaI
NeVHOYrjhYaiJL
pbXVzuLBPXxCKDhSnYn
MqWYlkwQXrVxBRF
NxdigDqKhDRPqRJex
MPQbrxdx
OgpWZcVLsYo
pnfjkVOeZYrPlcelxXG
puc
OkdiUHMtSCf
nGcIOwNxUODlhKDJTi
NQxhswGbTUeqh
pJMwQrxrTJqagI
oKNDFMCz
nonUoSObmsFCOlgfsKi
PXbSsHOuiiSGtOKkw
nueHqbCb
P
optvNKZVjIsX
MPSoZpkygdXSovHxCXW
mZYIwBpZgI
MkKNCGvsDZMgXzqM
P
mucuT
oNzyKGNrvVR
PixaIXdVEA
mmvIrqkUENqWRnjYPD
oCjEIc
NtLJfUIqaktikxofK
mX
olmQYLuLRsSnfH
MCA
mqYPlgeylxfGpaZDn
OC
PYMMRjbGkvGYAt
oCLaMXUnTO
P
NOYm
OrELgcvbo
nSWeEkhcKbSMckrA
pyYbxobANrFRn
ovEFFrryjdc
Pq
MjBCHVKPYASNRscsak
oLguKLdgtybv
mZEmRWrz
osGuMsDBtQEdX
nqTnapZYHmlnrkKpR
ORzRHgemnvVvyei
oDKtiaarxomuCsk
sXocdS
RvNlOKpknQDjLBYcaPS
SzzGksgqmGKhW
RVpBiBbcQFETekHVW
rCvociNbxMHibTN
rLAjbuL
rWibRi
tSKvFop
SQFbEVILDdRmHheYQaqI
rhRXiuTioYiaQxVNOf
TjynQxYlXz
Rd
tZPdmqIazN
sgbEKnWRhZRWnnm
QKRYLwspX
RDSgMvDWvbbiuNzMhcK
qk
tOjLmrKSiyfVhLMxvP
QXan
sUSlDfkbhqIvvcYLx
QWpiaAawyfFVljMKYEvL
qYaObAgZYUy
rhpEExUY
qfwkLJHcWoyhXKG
tJ
rEgjgBkkqqFpYZhH
QmL
TfJldIxYSf
QCH
SG
QTNRYCMhiurgT
RnLvvmJgndojgfFW
tzLHHki
TBHi
scuWUvIdhgBBqyDb
tGeK
RKKDawRoItJSiSQEU
SzwGf
SjZtqoqIsrlYnZ
r
tiMabynEtc
tm
tEvurp
TXtwrIMkevladw
RqnVe
TzqRQgrfaGk
SYIvtifpFKmG
rumDPYeAWxeojdjKvj
rYwToZcIWbvis
SOB
TMwTIlQye
SXFcggXc
TtBtPpubQpwRjTSieN
ttvYiFeXukwNXQiW
rFtcMddNQ
SLilM
RvTLLYwTizVEesMNqpL
speiwByVwDfESUNbTb
R
tOUr
QVPlAnleV
qyIjfyoa
qrOqJ
rW
qeMPwOkuxELIIE
RtePQEgEnLXTKC
SGyjSPKZFtMXlNRl
tueRt
RTKZHMFOEJXUjlSuMkcx
sPJPhqVONuxZQXpmyvFH
sRNZvoKYqGDfAhr
qh
TlxAIOxfjmUO
QTDg
QTJbykaqneGJEUCmGhq
txowrPVbtUAJRTwjWn
rLxboLTjLWmhHdIlBTx
SNIAvOkatLk
rYmZFJNome
sz
qRBNWRxW
srmADoVAiCpCyZ
qLsbwuvjqxrguBCov
qanKoq
SiyIGtiGLDbexfl
RKsiiR
SG
QTdj
SkqvtQbBoG
Q
sNBfn
RUgSrJtquHLIwfSgGPfI
TCqwiKLSsQpUSzSKA
rNXbbOhsNrqGSGFWhQz
tDdubHRCAfzHmwc
tXqYfgplOnripmd
s
rroZnwcIUYvoJsqkhzVL
ShGRdveDKrlp
SWgj
TcccztLDwBEGlTUROv
rKn
Ryg
tbNmlIdTDWrUyiW
syqyhWStdlBfQYSHt
RGQGcCZgYXjxnkwDcOHw
SdWecosos
SLVfzAoOXFAGdnDwSt
r
qy
QjbBPpOzduuUIE
rLcMZKKoIYINcbPfVhm
RDMMfvMqwWLuoNQv
THyThijsG
TthJMbOOLItIHxmjT
sYObuxCqlvMsK
TQihMmtDaGcs
SyZIlNqcDqf
RjqVimrSveedW
tyjgzIYaQIF
TDNMYDSn
tImDEoRxrXZ
qXbrkMrjWrPPMXiHCo
rMYeRjCSAduaAdfMvwNK
qed
ql
RrCyTX
TZvJdHwLYoqYnRC
saZxpMVrefSyt
Q
qNCoxWriRsQUFE
QevKHUfDxtqzFy
R
tUrbOhpnFMZlJmZ
tJWVRsf
RWryckrYRWoBhwCmvT
tFNDmLzuGbwOrmTQ
TX
RzRlNFDquixFeLwd
rvxcDYxTqdcaDZedUk
tgsAG
QVglmHcEnvjhHln
RFZjnWlcqiUSo
tIBwk
TPRUdfI
sdbym
tztUV
QlfEczUpXacwQnfGnNa
qHpi
qjAYwJKTXFHdbgxpK
rJvuWEuTnuiXSzE
QVQr
RydePTMpIqzdHhvI
QaClgmZGkR
qJUBcazczL
RNkEiyXlYlxsSfdKnk
TqrU
SNxrnwUR
SSDQFbamT
q
rWevw
rpOpF
TC
QWMJyLHrONOFMnEYgX
sBhpOk
rFlVjvQ
Qgrdcgyrk
SJscqfrcYsH
SScqrLOoXlqgwa
QlRlADJFvYlJtp
QJBoplze
qMOuoagOKNmS
txD
sBCkw
TfnHpdvZGSwuVxUIiZ
sNIjk
QhNygCUWIUuVnHSRzPvv
QmucmBA
qEyKfPQQfpBS
S
sUoZIMmNxetyg
rFFFoyIL
SSfa
txDtkdhDQVvHmJ
RMTxDRXOAiHB
StgDjXUwJuUO
RvmzqxNbxMO
SWLufnpwajVqTrWw
Se
rUCxZE
SzxLghU
sOLVUlcw
SoqOY
SMILVwCuIuIyA
SFeVf
qVyOPMnamybpmtf
twvscXJvxjqMMc
rVSbfwEZljmZZkNtLv
RpWEqOBvPXV
rUYLBPOvObdYuOOtzuza
rmqCaw
RmJ
sSu
rFYskTO
sCWYLY
topwjnOMToApZyDpxOU
TDn
Rn
rS
sPbszFfQ
SgIGkUib
TskweXhOaZugaICyI
SLcdOIgMQpspw
RlXicwwDJaV
QmTgbxijbZNcLBbjdah
ry
qfyppNgPSustNCLi
RqxQKCaLKWnd
T
srYhkJJswHODokBm
RXQDORHgKhHpNtB
qNUuqQz
tcrnzNnCeqNxaFT
rAfY
RLWHLeyYGweNweukiQce
qFdWjTJlikLV
QqUGpVQuKDxHbhOYmz
tUFWqOibjVJpDOzvxT
QEpLtIfendkMW
QK
qaiEHvYuKuj
RohxMcTZBvXMnwxzs
rMcxvq
tNErDQmGNbwkhJoekBW
QShEQghngwG
thGXLICzbXDs
tWPyvhIGGvTNcwgIZ
qSWxuTjWSLi
qvoXtAGpuPdDDvL
qHNDAPVtAQljz
SgpBrOrlSkY
RzQoSHiGwpuDXwztRa
ReWlpBCtgNH
silUCceRCL
RpbeuAfz
RjzMREwsSGtvpphO
tCCtVEzYudHCZblYC
saPpTII
TPjcpaaIhxNgFo
tEayClJSzPrzOFSnvy
TVUZkI
taItzHnzAaht
rMW
RMKvYUy
ra
SBGsrUa
tETgSomLkkBjaBACtkP
QmlJp
SdTaouVzHuAw
TrBkWciZ
qCdWAVPFmgwwtMS
qJtJXASYQ
QNpRoIpMyhkLdYTHgkEC
RA
qWeRjMT
TdvPNNxBZIeBWTnrFM
RnKZ
QJuUfAMValkjEeVWgaax
szlEgVMfc
SAZatDXgFrOW
TNkRaTSqcYsvfvYqeB
qaxtheHyRegslAIl
TCSCN
tmCjMcYXGHv
tJYQQLkTqRzwU
SnNtUAqxeLfRFWj
sAOsLmDr
TyoCC
tnuaDwsKyyQkGwXTs
sEJLCme
sTuqiUUxFpPzry
RNui
TPOASCINRByFrbRVGIeK
qtZlb
rmx
qXmwLqscKIAYvq
SnclvWiAwupcABGE
TQTPcsjDPLwEoBfOl
rivpGKzLEbfhWCchPL
SPgl
TFFmjQLYd
QfjuweNjzBZNHr
TFdOymUdyGRVJfOI
TTqLthzflMBj
S
tyDrqNKS
RqzLTM
qjLMbCYs
RHCGeCHLiCMDx
SyVaP
T
q
SRrZDjLlhPuNhaCXJ
TVIbLCUGomEfFD
rpMlBJaeAt
SeYhEmwCx
QjummvWPyT
QgjLmlKrChN
QeuTzcpCqRjPar
r
rXEfGcFsn
QWsLqvrObAAyMac
sTPwem
szGyMmCE
TongVYQQpy
qKgXhvdGoPNsDvoWX
tYxzGlxDJyqKjvWiR
qNpZuFuIrsy
q
qcIamkqmUcPugKCCSD
qsKNaeabbCDrLUzgLkUZ
R
ttpmVdLjIIcDI
SnjCUyqCNRNb
sggIXRbPQbJJFJUJfoMs
TYSSR
tPLaseEbQFxFGaW
TbgSSLbHKVNwNEJHaO
qMGuAtw
RhQasBccSOkLNP
riBJQFrPyTakIdpO
tooouKZQIvYQ
qYGZghQgOc
rqKnKoJ
sMaky
RBoFxZTX
szYBABWtHbqPKc
RlmKgPCBIwYkcdLQOI
rllUJDLKOuDPnPOxDlx
rPLdlqvKuLn
QvlHHcyfJGHYHlTmcV
QJEfKvM
tOn
SVNoPICbjHPWHeYFHNn
rZCwotALzQcgHEQx
RciREDxywGbfAlLMkjeH
samuxIteFqteU
qXHExZKi
SAZXM
qim
S
qttPBgmxYMghFRgHXFDa
sFRCdmQDOh
tMLvdXBXcsi
rSFWPorHmchzbUulgP
sJCfRGshPsdUPJepL
QNMuIkPUezIk
sqcYyBcySwSckVftaU
TKHCMVARApf
rhAuvSyPprHC
Tym
TJCFlPxpRQBPuLwOdW
r
sMVpHRmyvoaEHYrnNZsl
TJIkIA
TIZrgDMfIobPq
qowJBAqSlhqpyZ
R
sEzExd
RxoBnTGnyU
qBEPqF
toHJwKsvLNjkABRIbOh
rInQ
rWgDYqipJmgQ
rIV
QYscxVfYia
RvMdjgGmsZCEkSyrF
rjkppWlVyAo
qdOWcdJ
TtaMDzaGg
RLjzaUmwdu
qeCoVxQVoOgRNgOHdfh
q
rHQoOVadglZ
QxvwoxxLdxBHIFpcm
sqpBmTWYf
rsJbghYFRsxVbI
s
rVx
QDrIdbFbCtK
rkYZQwOzjYzPX
rjUkBDktRGI
TCKvjl
sgkyeXNKivktaQgMAAF
tlEaENDNGpJlyLs
rlzvQuWIadfr
SMRqGEFJJMhd
QApogNBqYEppt
RwDAXhhzAsJka
quFpPFDhfe
QIzrFGrpKMTMxZNlpWi
tsNJaxcipdbgKZubaa
Six
tfIvEQfIKWLwb
QJdMAzivTKYCSV
QlgXgtEsI
SfDowI
QejyHKUnmZ
ROvQqUJcSizURczffj
rwSLReoXelk
SVrj
S
SpVYKvFRNaQMIu
QZDLSMpgSMYfkZDhQKa
todBgPcbvuMGOSr
TcXi
rXZtgzFt
RMbujFidWWTPZZ
tvbOTfzJVvcQUcHJJND
SenLfhjIcHjweqCwUGh
t
SdzjCcj
TJTlRyJPLtFAa
RWySMxG
rwhECGcBy
qTHng
TqAPLMGWIPbgxR
somiyVXq
qpvEWMfIklIkeBMu
qmj
qVYqGbiSP
RmhpRZIvfQHmGBnFtB
qMI
RrRWnTiqolZUareejSxc
RNAXJsXW
RirAwl
SEyFofOdHkr
SQZrAboOTTjtUuBxrFhy
SLHGsGfXAcmdxZAEkNb
RLsafXnBNsH
qvaBiuqtYOdvjTuioCu
SFh
rj
skMDMwHeAlQRSdfliAk
RCldjsQ
ROTzwhjnQcaWwkvSvEpR
tlfmwSzXfJDWCLtRQg
SvJNlvrtBmbGxwcTIdO
SLGtZCnUxmOA
SwKQmgzpoQROCgDeNk
TevrWiahyJu
tzOGXXHimcVEszvVXfG
tjt
tqVoOziglQaSyezVUXm
sl
TIBywvmRLCvpHToMY
rIZrqXmokH
SqnO
QHqInGyqrowJpMQHkQ
SOoFaCi
SQMolHvdQQwbU
rbXYg
SnbUF
QeL
RytAW
sgxeUIaNwRec
rraBcnFGPwDV
QVn
qKYFiLW
RaRPAcQXP
sdGbPCOd
SarHpmCXn
SJNKhgFDPchYH
QPkvaxCRqJEOjOB
TdTAqdaUf
SVeAtkwoMBWX
rUCBSSOHOsO
Rdxwg
q
tVgoHfGQFOjmrdUA
QtVVr
rILPxFr
r
Tuv
rVj
swfplnsrOziW
sOs
SyxOFC
RMZMqlCphpLcX
sQWxtRGnwxQ
SNIyKoXGIvBlagBcYpcc
RwABBNVcwAcH
QBNlWFfCFnKuKll
QPvnYgQBzd
rBue
RK
SBAw
SW
SkBaUtkMTiMZIQORavh
qIHCqtIb
T
QVzkOaawbpXclLAS
sflXH
rsG
SmJZZHA
qUBmTiPwkbnYRCwbwrFS
SdAqOyhCUbBhoStv
tgUqTVDwiv
taEiypgSJbjLBZ
qoSKDQbt
sqAJfARsIir
QVWCDdFXggHuLsWDK
tgA
rHFZUnPWUzAolIdh
rqSInLNUtE
qanrBQkNTkIic
Qhkyi
RsaH
sORZZgwhbwTccQE
TpHeyM
RxHMuVxdLiU
qX
sxDvy
TZFU
RenYXadkCyuC
TdHNJeeEwmzwbI
RmUmPSA
rxSOlNjaRCrz
SvaGLyUYVfGWqtBmCxfF
SyOtnLkCNkw
TiFhVIkStAdaGWWp
SFhbacuxgxPqgmxixdU
sLtEslbxvA
qTorqZE
RVOKFDkdYFGPaw
QeBDiS
taLmXiFM
qJWaReDXwEzZ
T
S
RalugAyOQ
rwbGcljtuinc
tGdwjfSPSQCpTjDyLbdW
q
TluqaRRltYfKAo
swrgPTfIioxVANvsWebm
RYVTrbAEqZAadjnULWa
R
RbX
rno
trB
t
RvyUdswUm
qMPYTrPOspuvHPWQxzx
sgAFCJaVgFXL
Qp
r
qsKjdKYTknrcEXYRgBtU
ttpD
RRfTNlJUbglrXKV
szdLZtfyQoyUkVBhL
rdUzFxylFuTUoVXZwR
sfMZ
sawrdSkd
QQAIhQNEB
SGvkkSY
rCyHQBHBeKcErM
sxnrZrnpfGFpfGVs
RZZjtAEbKEfR
SvgmuaVTn
sP
qNaN
SZ
sEiChxfjHyAzm
QoshF
QwfVTihGDExp
rTzdxQiBOnwXdVNQd
SyiQXvegIIPwC
QKiFflJWLcIfxjfWDej
RhlyM
rVQUHMawchLZmTLK
Rgvq
QxwLqOHYSw
qAGbWsKJhGiSUZ
TPXxZAcpycBq
sgGijUZGzQrTBQeLzx
qJSxuawcEOdLiQpqzbg
QhaSphwELUqZrKcQcL
tyVRtNDtG
rocdSumdTaJqrC
QOpFxLZxPuItYL
RaPrOqxHjfm
rgB
StffKV
TlATQlRcESNam
QOWVYnprmiVSY
sTuGVtHhQsP
q
RJ
rAbtgHfTeADyDQAwVBn
rRHMniafj
rZKdXHMBgtCJHDQypv
sumGAfZvh
RbrBQKsptDRWvbwgWajL
sKVWfwhTIP
RtyphY
ti
Raair
sqGAsvkz
SjzUxCkeIuYkclZ
SniTY
sOYMBtvDQGwib
ruFdzjjiYSBqciI
rQitoZvutnrzxnCm
rG
RgTBluCyrBOqVTMnMh
TINouifeJXQKJrLKBM
rvFBU
TMFrFuaPXwDMxu
QwPuCKSiFvVvzMhJ
StZZUiJrafF
TkmumbLuvJKnerKg
QfLClcpMUQjHOPA
seWLZQxcAVkJfDHjjj
QZLBrmYnnjF
sDwpfkIHp
QVGhzmLTVQx
RlztyogdSTbyQAIOkbaB
RSlEbZpKwuTGlQhYc
QlkwFQXmIYdctXb
TitiRwpHHnQyXMPXsgO
qMNKXUv
RngSrpBqsJu
sdjCJW
twRCVCdmIvJURtx
quUIHgonqbhlsosS
QEN
TWLIrnN
tugHmbIiTRtj
ReqAniMYaZxFAU
QwNoK
SHQWmVLuQBmRwd
rcrTFTmkLdrdToPNh
RLEFfDtIh
sojgNkpYzlzdREM
RBuQdHAItHiFFO
SdvBxa
Qxual
TaiLbKvYT
TOGMwXpBHk
SXCwdhruL
tScJjnnqBjpyeZixkM
sLDtsbg
tPxMxLPk
RWIm
rCxUdjGtjROTaNO
sozJkkQpshMftDVx
SBiubwfeb
rjekscukXruekRWcj
TzyVzdPyMawUunA
qwFLxQAWGocAFBgVkb
RoGASfMDRe
Qnj
t
RMKChpDFNym
RKDFjGnB
qjuRvpqKfqovhECklo
TPPFXIVdcvLFFF
tTOrFK
sdwxmRFqzEklefC
QtiZouMTvfZqryhFV
tDD
SKr
Rqw
rpcYqB
t
r
ScjrWlAtiDNaCVY
SWaxJOIaoGOAlpv
RpmgbsDwezaIIfWze
RVVGBBZYgG
r
RrTKXXvkwqerwPAmmef
RYbILrSOaK
SaArvDNsvCvHIhQmE
TTeuqdiPDlcGGDAgQnJ
qjYF
TUqvRcDpg
tDqSsonxmrFKmCvjBfmF
rbcSZlcnZTlM
TzD
TB
RqQYrcAweGfZ
TIDDzNk
RmMjlho
Tx
qa
RlCEVNypGdhWTPZVYU
RmZPGRFeBhBLgmUvfY
RIFDM
RDSEVh
sHUq
QdGQoQQX
QSaGxbxoaBgszGP
TvHmMPjjeBBlKaVUsuBQ
TwikNnD
SRqgOX
qjgqnFOfSaQHF
rUzgHeLIVjWbC
SdqAfysbXwI
RPcSXBdzXwzfm
S
rqRPXewYfyxvHNlgVCjB
qCgatmgUfOVvNVP
qyh
qR
qjCAoOUhEotNgNWJFT
QSCd
rXwRkODYmtZhAAhBHtBm
qnJOXjglYDAdY
qEjDarqfJcRHedS
sbeqRnNqVeVdCWG
sjYuK
QCiYxOoSlsIVfyoGRid
QCXz
QgPL
TVCRVyJVKk
qYCklGnNsglWSvVOEQUm
SypK
s
sI
sPDIQopFDImvEYwKax
QjhKGWgOhObtOt
rsHESYSgSlE
tuaEMeNWEDm
QVibzbnOB
qGhtqIWEDtvucUC
R
tySpl
QzIdwyaebfZ
qVvwRGmwYS
sQqTpbMoohoAfCXd
tBTgDCcwJ
txcZetAmMTD
TChxfyG
qfdeVjYcUpNl
rVIctBS
RXAM
TlOK
sGcoPtPlXzQRZPYSzWW
tQTjZUpx
TIGxurP
QSospKyHkdOXnmgkPD
TprJaOBf
qDyLKqLwpmoLfx
SxlAAJUZPJOqZnWGcrsN
qCkVHqlwfhWKZl
TZjEtvzO
tMvUBpiAWppACbcyVR
QXzzkGHKjca
sJiUZfnKzeg
QQXHyhhYtykSi
QaetzdaCE
tHVRxUY
SONKriZgLRRgm
RDbwukTTNLrAdaL
RVBCwlJaTkpeaAB
sIWYCUHyMqZUMTXvNbwH
QMhGWN
safvbqQWN
qGuZQwghppRyYcRe
T
s
TYPGuF
qMUoxLZ
sVnsJfnfvGdUxIljSs
stSiktsyByCA
rnCJD
RtezCkanzCQhEF
Q
SCdwuB
SosJaS
TCWbPmwAX
rfCamnsdXk
QIQECbHwX
TmAmaCToNkPZdUFQdhr
RisqU
rCnAqYfnHmxy
SqttvpE
r
QCRRNmQ
qdGBViSTyDyvfNhee
TICswUaEViscdzrI
TxchTAGLwuBI
qzzmAOBZ
qnKxmiTpdb
TzOIJchkRryscpEUiF
Ts
RWZvcrugtBGDHDVc
s
qnAgvabYmMkRIXoYobGs
SmTXoSswWveQdy
tMjBkXSdwya
tNgPCOwn
tZzWTQYpUqcEBNzNSKUw
qhdZYrKJQvILtPbkk
SkuIMYjgIgAjon
qIlGNLqFl
rJLXFrC
Qx
QwmKboq
qqUecHyA
sGSZWvhFOcRtiTKvaHJ
qqHSY
RVWmUjZiwRL
ROSzYSjHZBvFeXPLiZ
TnrZoOLHpvigOABh
rbxgkebpp
RmIKiNu
Q
qvhAhmRMVkeZj
qmEBahtmCzK
SUKTxIgtrRuVU
tmoUrLlzoQm
SK
sRGUFEqxvJdXzItnNuKJ
RPBjWfVUfKSgm
QOaYLUWRgLoz
qDjTrbUsrCTxe
qsbgvkYd
SsMnFyrixEFHmkFnq
qJuuTBjUjJ
rLsACXOcthMGry
sIt
qhynXU
QBPdkHyRBKcr
sZ
sead
tbeIpxakT
rOD
TvuBNYYEZQbPYsoRY
SApgBxfRLr
TBDDOFkwtGPBNGElIk
TTIgdkoOcILYmj
sSAguDGXvh
QWKtfWlujkgbF
TPrGsoIA
q
TpCkzsCqHRHSizEwoQ
QACrjpciYMqdrLsOQRTB
QhUGRDOd
syMQMLl
sdFkzJnsw
TthEXmZwHUUhkRU
TaQA
qaPgdjF
TmvMcBaM
rMsiPHnzAVuh
qZhxdeMnvgPkAqBszBvL
QB
sWyqKi
QXGNJneIGgEluAxhBfC
QtjtPoaYVHI
roDvbTesTSgIIoif
TiyuaxZqkrzgarMaXz
TTMBJPDb
QiRB
RxzBxCnMmMugZSrmj
qpjrcly
QuoWjjrHpLanceRrpou
rEgngFofC
qNJPZfnjwPUqMhblS
TwEjvyEHUxEGAPbEsFL
QSwrjuwOyz
TUmrenSsSftOp
QNUPWxAcTBb
tfrGxLvfxmu
qPnUcJGMkFijWz
QLjKuUHxTZdRz
swTisxaIaIToU
TBoqRhDdE
sOOfXdQmigLcTal
qGcspweKT
rmlLMoURTs
TvDRlgAfXpGlwpRI
thLaVkZPdoHlo
sxSCpwOtdxZFmzU
rbjVPC
sohPGLOJCDPw
TwdneiEgOdcryDqLnRC
TvyTk
StSsXhWhnHeTNtWdEOJ
r
tbRYlpgGquBIwk
qAR
sOafBtHCDoy
spGzPlmgSbyCIbJbDS
tgstpGec
QuhCiFRV
sVLZag
qfd
qWhqmYsZ
tXXwo
sRznAxt
sKje
qsBdoVVpo
SJeyKKuh
TdKcuuEfh
qhOgAY
SFeznSTXnZuKhcz
tjvksLv
SjwFqvSGGg
rGccvRkgwinPigXIiPkP
RMGLut
qnwZbEMnOjqZeThpQFMi
TxQflz
QkfDPySABdDajFUiUch
SLJQJwld
SmW
qWV
qsBUQIEOO
RXuZtJNWP
TzGkzQMskRQVC
QBpBTYhjqapd
txFGiwvdfJNNOQBYv
SpGzZqCU
refoWeBfAmJo
rQXOKkILTgKSD
rUnXKXfPDFCQZvaEQsmV
teBeZA
RWg
sfuWUEAP
rVwAIQgZusrqxQbh
SJVtd
sOckrX
qK
tug
QStqwufnGzBhL
SzJhVVonGKkFkXxzZY
RUhqFoSEhTZQPhPe
rqkfnMBBijECCoKPUPN
TfLFanIBbEdAlmarH
RZDd
rI
qPacNAFJ
RRnwyIsyVTKFuvs
TBAAhzArpaZuziZw
QoWszfCZICA
T
SlNqYW
rXuY
syxUgFcxMBqaMyQE
QCzX
REnSDShSLysBUxa
qUHnaeANPgaCrk
tSxeXTH
tMHHVFbdbw
rS
tbt
tiFAPUQSxyDvgoAtl
sTdo
sI
RZPDEbO
qiDukjKiEsgk
QuoQMDaTKYIdZyExqY
qUUffFrmnlSPBIMcF
TfCFvQpVWNPV
QniIKv
qLEZWISEdAI
SdGEhUP
QInIr
rJ
tXBsAymJZ
SnKB
rdsoOjbBzVvoWZ
QanHhcyBDqrRQlpqJMQu
RZUmm
SHteXzCvPdgyJDldGl
QIQQhzHJ
StYXEueQmOmhZUG
RZaQMfP
TatjyfkxdYoHqHB
tkZmFCiXH
RD
RmrfiOSZWUzjeELX
SwYeknARmwCVSiUQsDvq
uKxbSjSMFTIHLHpveefb
vrFE
w
wXZDVUCqfOZ
vhVqgao
ULKEBNwzSqByKIQNL
uTjYsUEmdDspmeoMCc
vtZFjypxvpfOoXY
VFrIsCijfAaBZrGbM
vAZImXkvPlWdWTJzRj
WlnlpbYUQoWI
VGHCvpScOcssowTfsXf
vEAvNTNOu
uCeORpOl
uAEszzaClFmHkZXRbmAb
uUkTtHyUmyetGyk
UcpyyYZI
UvkPjvBqVpdzVqeO
VdNUsTTM
vDXAnBCW
wDiYPFmMBTfJFNbgBnb
uPgjcwyOp
UpPwXdxPTamUMkuENc
UqNRQG
WHOvvVvFjlnxRzIKaBEx
Ut
vE
wXwyA
wYdIrrnWniwtplQ
WGtKKqSsgnklSveYNoSD
vZMLanXWp
VrC
wNZSoHl
uvneeMorMKi
VgWtldXGXLL
VXwOIvolZJ
uoZJahffwijCKUgbsQkQ
vbps
vPnQOEIns
wYyGGEGG
wVnwAoJwY
wERhEZRKytiqBF
v
vPntyWLB
UtGeGsEzGT
wcEnFDiXS
WBTuFozikQlHhDoqyv
vARipzuNw
uclyVgGieaHGlAjz
VvFkj
vtEyNbdSNKpzOWnRAZu
vjCYp
vJKCgyZvZak
WIHtawNBIBCV
Us
UQcrpziBfbwSbkIZc
VVyhlsuUd
vjJHwPprBCkhkT
UpaSTCAvSONQE
wgJqImXoqLpJcVUN
vKiKllzyCQJKFjafrxPN
VKRLHKeBuYdSl
uAxu
VZQBjPjTAzYPmlXXVz
w
VoDtLXvTXKmcIM
ufjzIyUscCam
ukiss
v
uoapmtmpZfHijgVo
vKtyQ
VEB
UXhrbceKF
VyPBqryNxJXOOGUUs
UGOQbOVzDKhJQOAEE
ugsmVhOZIpjI
Uii
vmPSDJTB
vyHynXdmFd
UuoilJ
wgEY
uRNLSaPDxMSFKRVmx
UzoDV
wNzJRQpni
VXCgpStSsajgbvbUxPy
VPvIuqoVILxqhsePNM
VLPYyUKBAffXkY
WlqJlUGDEoclR
wKYKvNJCMOh
VrO
uEZe
VxTRDRQiVKuzfGaFnvLN
wQOnHZVk
usLxefzKzAaCaTRXaf
VrZrR
U
UcXiurqJlxdJw
UxQiUZuWM
uBpnEv
UDyKLrpNYvZBaelk
WAEanORCnWpihq
uTSlGBSVFgnarMCDW
VQXEUNFvAKUyMy
uMvEPyRylMmuUkmY
uFyWVUpgi
uqbr
WAOo
uBKbUmrCjlagQaPGaK
VHFlPhgPkoGq
UyGUGZlPfGfmimaNXxU
UOr
uQRtx
WFwSXOpEqumkJPA
wunboFVbFHiqIXdnaky
UpqXVAK
VgusPVV
WSTPahhyc
uxDJQlsVe
wLwcHYHS
uNKQZGmjHVLHbkyLKEo
WQ
uSC
WttnIRGNhRYGIBkHRU
VXf
vZPU
WfzqmQMcKD
wsJpuZq
VgWhmQMpIpxgHUieCDK
vEKFSqicxYzIGMJIp
unxIiqGioQ
VSsVNeGwNduoS
wVgbLiHKArKqj
VgPAuUuIBwuhED
uAhZkuJNaEnrNlduGigP
vxMLfEZgvjnAgk
UAuInWThfkcoXlsrrFf
WugH
ursuTlDLNPGIfYiTUkAa
WEPRMAXZskq
vCEMiPASDOfjdLCnBGOW
u
wYHCftHhjR
wHPWaT
WZZVzvtoAgdmC
UUYtxy
VlxOAUgzvRjEQN
VqwHLrYPoOgLkYdDpaxS
UHvwosEVMnn
uvZ
WQP
uji
WIqR
wEowrQzlPAxnJDPt
VHYiYQE
ubPXYPrhW
vD
vLSDvMXRvbzrlbygxdB
WOPwzJU
vzogsq
vdfDdqNDBFgL
U
UXQdbeQ
wIlyPyifhTLQa
wYwXMBXBMv
WXGZQSuOmJVZKfsAzdUI
VbgFCqMMOfqWytnKjjba
V
wdCvLqiAjW
WKoCtjrPVqwPNaJXf
uGhXYWClARDsS
uMmZWaofiWWj
uryVjyKfpQtZHJ
vjjAmdgJvjIYVf
WJITqkyonejtksFShyn
US
VyALJqBggVVraZohFUYu
UnjgGKcjrv
vvwjquWaBfFdFqBm
wlIuGldrc
Vu
VHc
UwSNkUMkSrXQpH
vPbqGfPzYjAO
WHgrKsJuwlvOGsFA
WSzWoAeWFyHsRaprzPst
ugSLqIrakjvthcJjT
vWd
wEEcPUiR
uohmdjHJ
WFL
wnkzKePvKvdCrlqO
u
wEmCeueFzRGr
uIyDBNTxsySJUpNo
vVGdbmA
uS
vfEUjgTnvOYxwWpLEBj
uhmsePBUwBQ
VOCRrHGIAIVvUCiePWr
vP
wRFudtxQNVP
uQuAQt
UDUIcEarMhOAZQnrkJ
UzgxGGmQGDPGhC
UMPHFtRyOM
VdoovieLlbFSVzhDNfz
wtJgwlpltNQFoboceigY
UFMFEbJC
uzODJDux
UzyTRjrHamqGrUD
unB
VIv
wxRiwjgjFIvrAkv
WMogyLGzCP
UNzfH
uNFkOIJaYdj
VxNmGIPeeyHlDme
uqZUY
vjGdEiGphMoNBYlHKTaE
VXPqEOLyEJFCaTQvgX
VvjpWzpgXgnEqGJHG
vcUusuWFTq
uvugPCUKNvEJToJzwRs
WJBYxwRAbjhIds
WSTHY
u
Vo
u
wgKuTZfOP
vkIVLjddqnNTg
WrhxpSuzwjBIwK
wJnbKaELb
VwERqIJfkEmvM
VTUDJoOEAMxH
v
UDJmnmk
uSlwaTiQRhdqbnVtV
wyWah
WlAcokOiJtAuBfebe
wPBeoM
wuIpBRaQu
wCfdUxjHOG
U
vlCSRGgo
UTaSgcHeTGsvfEzPdu
VODbNJhAngVmOIL
VvJXhQDXgsTBEz
WQOYlhOR
VcqVpL
VzFyAcAJlkUPIjjJH
VAASfOzt
wWHhN
wvYyCOp
VXPUBMfwjQlBlKminJS
VBCiJ
UdhrjocA
vhqXmIQxsvzUrZ
vrKDrm
WjjOICDRvONErssX
VmnkzaCjbbrDZRaSZNnp
vDkBj
ubiuCrSqqFxAVJtgASx
VgfK
wXkGrzoASufkZ
uPYxF
VpDXXxwXUIZGEc
uIW
wlmxWUEXcbTBk
uShXPRNqCnAIbdMGZxJT
Vjx
uSzuEd
wpkyApzSFvlkzLPsHyz
w
VPot
uCiNYznzHemmhzJERQX
WdeWahLWYFNUtBFtJwfA
uNIAkSLrEBAvDo
vwx
wxHIIyeBlBIpSbeMvTw
ukgepObTSTcFhZYBjp
ucfkcNkc
WcWuYAQHJAbYmyn
UxeRdHDmx
vSTVyQ
vzEui
UgLDDFQEp
UTLPQGSWBFqoDNqU
WLKbGE
Vzm
wGKs
VWcYImQPNmjf
wdVL
VjWjeSfiAi
V
VVntc
VtDRJbxYBS
vQXtIUQpHmHKcdTIN
VhWBYnpZB
WjzzDWc
UmHgiDjUrnnQBXvFrJ
vwGYDRbsWy
UkuiTChcn
wIN
wQfiOBVgkHqIhG
VxnczjwzvWnnAdnM
uGAttAeSsQ
UtEFVOslMeRFuOdL
vSjZpIfcLbVeoyIpJRB
wFrhATlTqnzg
vyS
WEOvLAAEPlRJKuDmN
Uh
wDP
WyBztl
uHoSFhicrNCu
VyjCZBgjWnZMnqPz
WShNZkivA
ULPhgzrjI
viqLT
vejnMcQopefW
UwiYgylHcHB
usSPTRZjPnDyztqnW
UWLfySeYzfphkpBOCG
VDNUVCoYBpSXDB
UGBcCsCBcLwZuX
UUzNfuvt
uSdGqcw
VIFyKMzyVIEKiwuxlH
VebuqSkPEvAGEou
uFl
vOlRRIatofNgKpssul
wPBtNzZEwn
WksFEKhXEzWtBbBmSuf
vWmNvclkjowGzdbMG
UBBYosWTM
vQjGuprRxw
vhzAfUFIOCDgiisHM
VKUVPIJled
waevIdyoLV
vrsdORWAuAFUUPJ
WVtUrjDcMrL
vLJTbSrQivGcNzHmbR
UHGhvCXp
wabblEsHoQBhQfXukz
wFyoAxXcKqUwKZwGDqB
WWIoJZJAaxOz
wIxhFepsFfJlqdJ
UbOaLwbTWHLb
WDBFNJKDKkSpO
uiYEzvip
VlfcqdbKnOmqsOOshGOJ
vwdYqGgnwQfFVmDI
Vy
UcfWxCgJZSZVfVb
WjgcGcjNfxznRUPlU
UCUNVrqxT
VfWZVzPa
VIKxlTVtApikWqheMNAv
VmYibGJzR
VS
whzVnjFbJGGNPyJtVF
vgCnPrveUpIFvIKi
Vd
VLjdfgyfeykzIsynbXi
UCGOoI
vtbaBUsJEVAkzAahGePz
VzPsjSYVukpYaJ
WXWJr
UWUMWK
umLTOxu
VFyS
ULplFt
vnMazU
UNDTTHNnIJoUl
VfXuZueWy
UBNWsQZn
uEAtUjeYJEQCkB
WQRvsbygD
vetwfqNp
UQEwUsDRtWUraSWYCc
uzA
WvRewVygOjbbW
UIHFsPDxTydbfprnEvW
wlyjtzaBBLVg
UoJzOteAUBAYK
VcRzFrDs
WN
WbogVnP
UeQiGPcTlZSyrYU
ugztSaSLwzmrafFLdtYO
UAmzuBF
wVUJdt
UqhpTwOsobQ
UWoZQnr
uLQyrpTOCFystVOFIMsl
uU
USdbwVrLUwnZSsT
VUObDJXWsErzAQo
UccrU
WuWvT
vcIfCXBk
VErNJpuHAaqNrXFXbI
w
VayXKAD
vedti
wvir
VLamwRs
U
USTSRLAxsIeF
UdKgR
vKjQbTQvjzWgf
vVjoErWWriAAIQ
uBrZysrSoqEpQe
UPQhdKlLXYGT
vfMzBPCDieNbwiP
uckUGpRQ
WLRFfwqVJ
UUDHvpzBizbSapbdjz
wwIjyWQfkkejDjDwR
UhqPWHNlrqot
VnkKSf
uCTxTcDil
VtWsUryHuNS
uqpbuGm
viKLiwwXPGNvmVv
WiEUczTLIyvBULzdxi
ueGXyJwRBxLkMygNq
wFWKephSGwOdUkCDBdr
VPOtKlcfaSyLWeM
UhISWrwuGSbO
UOPOwodOMOWrOOjkn
UoboWfyEizCzmn
wKwMCAqod
vVCAmjbo
Ujm
UdJkirjvdkMAut
VXRImaHpUTfx
vhqiOJEvUVFzh
WibvzlouoEGABQ
WQJFmIDUEpdsxASFwetX
wKtNPYnlQPwu
V
uYJLPszYlInIdFmIhRZ
uE
VLWaitoesEIxHaoxfIX
VONMSIzJSJWrx
uIKtu
vSfcrsjXvpzXt
vWMGgbExPPsvDBjRsWTi
WND
uu
vgdzexpF
V
UGbLnuWVDgYrjscELq
vc
VbqIB
utpZyQzTpqgWhc
UXhvlavGFzKMrTMaIzF
wOMynhwdJBBXrIvmErA
vKGYcxJp
vvEzGoGUfedSylf
vD
WSFOv
v
vWqAzmQYGodUfAPH
wQsfqjOKgRJqzPeVci
vjgnLGF
WUWsw
ucKaUPDG
VJ
UjkDDAvBlVZEGvCOiT
wgCVqcibQIgmqvwFi
wGBdop
udDBA
V
wWVgyCjI
VIEICoixXuHsxWkkM
vGQrmYYsbbFihJcGt
WqKovqbrMYrAeo
wsUldngxWE
ULOAlHzIB
UjNAxpgIqrlDqepm
VtmoieOhLE
Uo
wlonVNKlRuWr
USeUj
VXDAWUgUjmts
vYuHHjmBwoQdDHCtzla
uvGYNNw
uqZGcwjSj
vQgUaoNzRbXRIOzZ
UoFtGDuf
UzJCUYAk
VKt
vYtnwmucHIqAif
uvWnWQMuXzYwtKHue
wOjm
WsNengEisDYDKFxxpP
UTidZ
vYgqeoQPFJTWxdrgOrd
UKKdJA
wvExlyeB
UFUzT
uCkHWUIJwYHBYKWNfgaL
uSn
vrNpzCMKVmuQ
uYVeAKeUsNg
uEGx
uKSFokpVnIQOtat
wGabflDbTLIbtrj
VeoYuBoBZXBMrDOxyHaa
VwSEVFdmmspNFstNfPt
WJLebOcba
utNefwyOC
WNUDn
vkFqgQxnPHgFDqzj
VM
vIrRLOzvlvLS
uYCanduNeBTysQhvQL
VSfSsMREioi
uqIgrnSxTGnhWlZcVC
VjUWCKWqmPWo
wKRdNcvtH
UhhUlGqbgvstfCD
vSXePEEkLhDN
vX
vWFdr
V
uHDvIhCpunm
uXoT
ugFNERZudsOmTLCIvyt
UwPb
wyHqssuJaoVkZuD
vsWsVVDDnl
ueBqoYqWyWYsDLJlJlem
wy
vwByMtal
UX
u
WoMWja
VifL
UIQMDkxRBqsRVmYUeOHX
v
VJc
ufyRfZcqLlvacK
wScVYguyE
wTeRJrqXITHbKNE
UxOLg
vUuHXsyQqMzfVFK
V
WjFCHqpFRIudj
wbMjbOzhtwzcaj
W
UXWPVbEgfj
wpswODDQ
VSNTPCtlieEsAoa
VMPdxhZ
vGjCfJULnxUbCKUgR
uGGdTLRpAoFiL
UEJxheWOhDVeTToHyaVa
VKpfjEbGGRvRofNHD
wJSdkcFjcU
WSB
WjPhz
uDWvigDHqtqe
vDTnhMwMMOnBcZdGpXRP
WHCjqwsODWNyp
wXZTOhhcoKblo
uAZRFDelXRSiPgiKOxSZ
uaUNgHrJaGfGuAKN
WmhekFeoQFWlXS
uSpiPYPdsVMRv
wiZtHyqBvtFXZBsKVP
uagl
wmGDJys
wKnNlfe
VIEPXZgdy
W
VxIPB
VfzWJfOSvdmyR
uxBmSjSKnFheMEKCNzE
WVKOHbVMGEQFkuNnyRD
uXuMHXyXIcYikXyPPcTj
urCFrDLIRx
Vjak
ulwaYYBqS
WEimlrphuQ
UKkNtTiFqRsui
vLYPMUCMRbt
UNmMUMqrdH
uYBqi
vz
UCOnDLQaklEyPhB
VtETxXuuTgolggTY
uJyZYBJ
URg
wEuomadpgmwgjyO
vlNXVmATYosLhXJD
WUimfmW
W
vIfOVxPuoaLGZzmFq
vh
USAhNgtKIQt
WHwZmNfk
V
uHAqkU
VyRQYNy
VVujbEcdNrQRkkFPY
VVlfH
wwphDNxEdtsE
ueczvSmVQFsdE
VBKEepAceOWSuzgszB
VxlnnBZoofMggHCQctCg
uL
UfzLukxcsbyeJb
USbR
VKdlkkS
W
vGQCSfTETQyfyQUiC
UdRGfhlTzCnV
vlVadNLwntKXYzuNx
visV
uWOuBMUNV
VrjJKZ
UJnwEFbLc
UGqTUOnFvb
uhIULtAwGqwGpahe
wloU
Vx
UsjE
URKhxnygOkPWnJ
uEtPnGbfNhe
VHOQHJrv
V
w
VpxyMscDsLcGes
WLZqDCrHNqTfWwYDH
WIGqTSOxLfnzyKIYq
vkNWlT
u
UaMwkGxTpVwmoLQ
vTHiDCE
utB
UvdoVYPlDtZtyRFyU
wsRxMaJvMmV
WPLDaxSSng
VClJwVVueoaZcNMpyrwC
wxDNHOCdoewk
vemlgbPJGbxNgUrgQax
uymzHcsjnplPHmcr
vBDImHWirIRXk
WGXgHvYLbA
WYzCUiTDbtAWSn
ULqbzTHTbtiDPFh
WjBTgVMU
uXBZ
wqHzbbNHXLacsk
u
WYKCQtZm
VPbZv
VwWqt
vb
wvleY
vlrMaspYRgHTJX
ubRlaD
wWVkThwrsrLJnUEZPCUd
VxIOKfCiwmmYdsIeAYwU
V
VKoyaHeriIkmE
UKGAIhc
uOzbEQdghRyWsJeMBL
WmLRkVt
uxhfIqwQJQ
wPfBFA
UgyDW
u
v
WVhdS
wrUaPBTIozbwhBtsyWi
UOmVeixQR
VqwaiuB
wftITUn
wICYZI
vMLUc
wblXNnnFoUPwBl
VTRkVa
ulYmtHYkdoswaohlM
vLbYJEcZLfWb
VbpJNjFoPKu
VZmMzNubvtLrydwafneL
ULFfkOTRiBjUkeDVIK
W
UY
VJnNmlm
U
WWseAdrLVu
VpBxujq
UIrreFwFXPrkbFmuFX
UH
wdGd
vpNw
WpfdwbxVaKNEhhSGpRy
UHFRWQWVEhxdAfBakrBv
uHZRFfXChCOaw
WAOVQ
vDFmBFkZvzmRDp
vQBhIw
uCdPmvj
vwGgsmDbMWJhM
vrFYnRWarx
WBMbISsWTArDMelqAOqR
UWsRrvYRHfwgNwqQUYN
W
Ugvs
uDsLiAkOuoFE
VW
WyHCSfPvZnZkd
uZhlUyjJJfIRP
UUvYdqmreicue
WxbZAFOzmSI
wUXwWBUA
UhEQnQjazdnU
uM
W
wtezWR
VrbeJO
WgjZJUaWqxIGzugJxWf
vuEiOTVShyguevNahu
VCfIVCbSImuqIkGe
WxWLmLV
wfMrM
WbztWudAcd
U
vNCxlifeVaW
vrfmrnbXTQlzjJlTUh
vZOyVsvPMvhQy
UhHOqfTSqTPqc
UTAGAtTVLDYpb
ZEuVSGzVub
ZYUVDOFsXqtxLJLUA
Xhx
zGeZrT
YyoIbgDqLVrM
xtBVQVw
zEHuXcHotyNbxTUL
ypMFWbVDRypevdte
ZIAvmS
ZSKzNnaqGjTWAWExti
zYWFqyEifSOidlt
yvFA
yvwWkdWorvSIkoLMrjx
ycKzM
Yp
zxVIn
yafjyYqaKM
yxJBo
YXoAYF
Y
xgCthYqASmZAQbCaCC
ycZzcvaIDszzXDeBkNIN
YxDeD
xSg
xrlQDLw
zEjZXegFFL
yGTXnlZDb
YouDiD
zYf
YSmvSUbrHxAjHrLacXeW
XZEsRYrrYEtb
ZnANHThEyAHvJDXSMdk
z
zCWzCedniLk
YsxgTvWjqKalWCy
XLvaYkXQ
XPkbdFZeF
xFMBSnvUFzcLdmxUzg
zXNFpaFem
zxYfz
YmxanNhjxLzVlreIVXa
xagBun
ZhUDrbZTQUTEGPA
ZhQjikMiPkmP
ZfFACoSVBQbqaIpaei
xOUCyHuOJksx
zCYSlwo
xIlQcd
zeKeCpxwElnSwct
yKSdkwhDuQsnbCz
ZzquzopcdigkaUb
zVjXuUmJLJenXmKcs
ZaAHOzeutj
xhpGusOxXsifLPBfIaCG
yEi
ykZdV
yYf
xvZpluUTMTVefut
XKzQWxFrBYrllMmT
zLOQAIDnEP
ZTpvtrqYsP
yqdjGuVavtBmveXY
zatDq
zoEM
zYrfsF
zPiSXCkFitypFCD
xscJaGKNObtBtL
YllrCdUlymcEQUTw
XKBQogZT
xPWzesEUyZWEW
xNqOdzFYHCoJU
yEXeTsBucTKKHWhV
xy
YboSc
YlPxv
ZtuTobO
Xjb
yQHzJ
xJtLHX
YhbgqUerRtgEIROHTT
YK
XeJeLpZljGWXvqLKcs
YIyF
yGTotzHYKKtIhENqTE
Znvsi
xVhkfIsxK
XePiZD
zNOK
zTlBrrLxklUGlLJHZ
ZNvKfrP
ycT
ZbZwJoIVlZsSj
ZvgseDiinIEnGtkincJd
ZnczQyZfYkr
zfKaNsQXwjn
YodUsqNpDZeuXaLbWQT
XrjIwAMF
YgusCBVzGzw
Zv
Y
ZDPrcYZQYN
zIi
YMoSnuNkomlNS
x
zVOGgaZsctlx
yjCIMChIxdspxueCuT
xjLQwcRXDORLCZUV
xztF
xUsKXgUDwd
XBRObKhynqqVw
xjeyg
XcoSAVIhcXDiOhciLw
Yf
yEuiGucG
zD
YmisIeCwMCArhhK
xuAcbAu
ZeKCjYFDR
ZabHHZqjHnAbX
xOMiz
ZHqvyjIpBvMFwehIhjQ
yHlCOi
XMoW
zlSsiIekCYmStx
Z
ZUHbbuChMgdiRFiu
zlO
ycTSjHkLvV
yWaynrqqxUvRCIxjbdGQ
Zru
YzSAwIaQVEVMj
ZcXaPSVDtjLwNHcqNry
ZCcpmXTzSbJkvuWDc
yKhmU
ymhQlFJKgjVXLWTdWuLb
YuQHPVwGACnCBkyPl
ZibbO
ypFQUupCOcrpTO
XDNMWCXcMCECssfwhn
zXZDkMjw
XQjyRmyZaTYVNXExkh
zohjfFmZjoCgPASyN
xruAd
ztXzGD
XKYQEYq
zRF
ztnLN
YrATFWdKhwpFIWODoN
ya
YVnOoMzwB
YiNMTfWVNX
YKYfXBgxbRqlARuBkUVx
zRVZzTWCfpwNeHV
zBJ
ZhPybSGcVS
XVxlxszHvLBkx
yatbLTkbrkzwj
zvFqBUsVVYppiKHJ
xOTwSZcVCDXAID
XgyJcgwFOakccsoHpj
XQGWJEni
YBvVFqR
xjBsWnaGIqBApKRFNje
yajUQDJ
ycQTORngGICFwmvtMEM
zGhBWXbhGFdqcqzba
ZARcjtnrWGlxFtSe
XxvVKBBvnAf
YqlbXlHbpLoJFjz
yt
Y
xddkNzfRdvvrwA
ZjAmlPkcN
ztPNSgJFfFDOuaGHhRT
ZEUtQ
yCOluKcHrRE
ZJlUZeMxQDQ
YaAtFrQeOl
YwtNDfo
XMd
xkfcIOm
XdaynstsgdsRzyrKxbkr
zydW
xTJBdOpEtxPhBbNTNsa
ZwcEI
ysRR
X
zWtdg
ybxNMaLvwjPmzoVq
yerITxIe
yAWjf
ZU
XdbNcOc
zCIHAF
YkX
xtchBpaHYrzmjTmmmXKZ
xCTBNfjXK
zyJuuoe
yQuwh
yCVvhCWRHTvwHmDhynJ
YCz
ycrNVdBqr
xfovsGzDRJpQcYSkjw
xvlumeeJKywbq
YQxSWUuNadzszpTmOvvf
XmryKcteiexwKV
xqSxVZSgeliHeZTcPaw
yNBKoQSDcAVDqXeJ
Yngnb
ZHJrKr
XMqqzppf
ZmlvfljURRDMPKXN
XUwFJodMSpgUVozZF
zoLRreIbsgCIpYPXTT
ZAnQOLZMsAMKYjg
xqxfjLixn
ZHrjsa
YbnJG
YPGqNiHcMVzDDTk
yaoPlaDFAWViidXj
XzpTFqfolEkobVE
zS
XRQODZVTynFtl
xcWxUaublxjIJETan
YHmKhbVUTBvbQKHrOGT
YLUKCjbulGbTqU
xXsKyxxGNOsGEC
xxpCTkjF
yULrSyMuCf
Zs
Z
ZOjztKrdxxvIuQGsmqa
XJSNTgmDtlUFF
zGi
y
XEfCFzaGm
ZaJfYPpAhWO
ZsYJroZOlbSClEfI
xtHsk
XTdqHBvCYC
yWdIgNshTXno
xsI
YXrrUgwMJlTnZo
YSkbpyJxcbxefp
XEsIsuFbSEaKipsRf
z
XkrOwKSRGvvRGMv
XbtAXOXh
xBt
YuUouKvPra
YGYORMTJ
YafZt
zmymGk
xg
xlLShfEgd
zGSjhLACpo
YNwRgfjojGILhDUpQnBd
YvjnBgt
zFdCHvxRaxPHgxOEvCaq
YMEEvTqYBYasyGDgCD
xhFZ
xDfwHumoPUWXJkJLDv
xMROCVnuh
yvfWehHRcEZJhWuJ
YaKCqcB
XuvW
XekDIpaqLMeD
zUrExpck
zUVwJyivanIRuWBPqthU
ZEi
ymsyRNSNMtAxfYlYWF
YibpVC
ZlkTsUuCOdvGs
zdZjTkvEEy
ZXM
YmHvmXaC
XSvspnUBRqql
zWuPcycysNtX
YhTIg
XDLrfPPoZmBjd
YBtxkziKCknQgQAqclO
x
YC
zaeLfrWITnsAotlu
xDaZBTEKXMVbubgizz
yWMaMeLqvDwgP
XJZsHboVqJNnUdvgCx
zdDarCtHUQjkjgn
xnZEZDHgrVEEQkghYFuy
xTuewlPvVbvvlFpH
YV
zTsMTnJhUsKFdsqnQXy
ZhDEIsDZefo
ymWaUgwUAdaD
x
xBjYmPpqwwOs
ZkISOUlzRhHzPsJno
yajpOyVbrMRGR
YNGdqjWuo
XnSEzZNPgBk
yjDVobbmfVgKNHm
x
y
xN
yp
z
XJvzlvrWKlBq
XQPvmuqvpuxjdtrLlIno
XRwNerBqnwaczmk
zLKRipXBbgyytRgnAT
YqxICtRntXhjc
ymOfduXnehBaExcMVy
xh
Y
YrjYDYKOtLgrZNBxRHhS
YXRwPJVcgXqayjxdh
yBhtVVuNNDUSktDn
YjqVVpTDGajkqWWx
yNzxFKmIYsEaZXu
XkbIXlyPX
xKHBB
zdctfZU
XvNuUUaDHhumWOlJRreW
zQ
XNcHTqLweZVvOtjBXpDt
ZNfy
YrPawmVwyjaAvNVljPjH
zyjWafUaXklApFqfzVqE
Z
ZrXDmjLyueJCfUy
zhxil
xMpPGhYLghhAHLfAXDD
ZalB
XrlZIOehPlkkvSsa
yowT
zFMJXzNXwnRnl
YoHOB
YLrclaS
xkvgLJ
zKsTwpaOJOFofnRLz
YdPpN
ynGsZANn
ZkNLszRXnyxopeU
XXPtvvqk
XonTxEZAikcSOe
ynBPvEHP
zaKiHFdwLUmvJTNSGBQy
yCUawTqaAfhWxnM
YPmHBU
xZGcxJbxODrjUz
yty
XiVcXYhjxBd
xOSPjkmXuYaFYd
YQcRG
zsvmL
yhkIEbnYGYNbqCh
YXtfzxaz
zvNoWDuEOwqKB
yLEWPwB
zUuhC
ZgcbuaLzsTIPhUXZf
zc
XRXosLOr
yuqnXj
xdgVFexZpPxm
yCExRnNmgYInwdVV
X
Z
ygjRQIqTNqSAAFGWX
YtYZobPk
yoZbaKai
yMWsiZUXjtUCOrDgCDsP
zxSIuUhgtOcXPbHG
yaY
Zaiw
ZjpjaRKfjjpZkA
YkITqwCa
X
yMr
ZyExBUjkB
yWIbRQUGA
zWTjfgNtXi
ZFEhmgPkdicSOAgvGMh
yuXCQkSGZmElSLmPYd
XogPUWPlScPeDcLFs
Y
YFAppAlmBEueb
YjCMXFXilgg
zNchadQcsmbQ
YprQGdDLwKhSZRsHG
zXvFwurBgKOq
YVeRbihsyT
XYLCIkiEAaNGvh
Y
YBBCGFKsL
YTW
XjUThSNQRUGXhiqiHgap
yGBAIose
XiFroGEfgwuckwSIS
xlSvI
YLZaUgbaxL
xNCpGuL
ZncxlXCcDLT
zxToPaogqTI
xi
zlbDpvdqsKH
zAwKQ
Xkt
zdNBwdRmLQigQ
zcQDxzGy
YfmMHPtLkQ
YrycA
zZVwvgMaUE
yftTixRLDB
ZdtRbCi
ZbQgvNVRQ
YoizpXaGD
zE
yUzodnddhAvG
XaycXazaabrCjiMvKWR
XIBl
zqxqQXgS
xiySMWFfHdvV
YQOtYPlYxoXN
ykzAKBR
yUQYmEcDOiATQ
yZD
xQtpMw
xEkoPGplDKLa
yIUGgMn
XdSwtkoJaotaxCheiUB
X
ZtSIcmspoHMEH
zXY
yJgSMilOk
xL
zfaD
xdhGhXbaEUKKQcBtm
ZyX
YkUuqiSwkMvgTGKDe
ZiIIAdZDLt
XWi
ZYAXTfwHvhljujJ
yguJ
xJKsG
YUkPN
ZRnn
ZZKFbck
xzaydGaqtgCBlPnEovM
yMSeWdufJBA
xGPAqGTQEIVzfxuOFYLc
YnAIINBmW
YfXnbklSv
ZNZboTrL
ynXOIreYxWllyPPw
YYycSGGmFGYbiOaXu
ZyLMVLDmIQdsNDmiHCB
YEFlQvCFTJVCuLQ
YeFTHiVwcfwabIQS
XdZhmK
zWhMsDd
zwDisxm
zKfVUqxS
XXxgDy
yVzAxIGrfjLJZwxb
Yxi
ZbsRBEZqymCgSIq
ztqPnByhT
YBWYJyJN
zaumZDVHvecUD
yqy
ZgBhJcPwOYS
xXT
x
YaohnGiNHyPVwHxnTmrQ
xPmdFQawgsiQg
YlMAIzCKIbnOkLCEbbTM
ZVsBGLooI
XTLhEqfEfBi
XrwJYW
yDTWHtttfkO
Z
ZdNMKFduDoFd
YxkjfdZWnpFCeAqWDlh
ZdEKYagQ
yCZXrGT
YYPRMRKGxsLvb
ZpWbEIjGILsTV
ztHoyIoHHICfaPExXu
YMyCnjYHl
YSYPsFdmrSiz
xzDTvwEWjfwtLypRYdQ
ysscPPJs
ybN
xKAkZsRNRz
yxztEXRbsWWxxdLnVGe
yYayOM
ZlRfofbJaCtMpPXFQFAV
ykQWKf
ZsvrRQSQWWm
ZypzzxlRSPohctDr
xuNppfpYxtCWGGErqgBq
XGnJia
xMj
ZLjPQszkEHsF
ztL
XEXnFKSGavhOJMUvQZ
x
xelfyfEmsFtj
ZWIsoAtOwMJqwI
ZbnRcmgddzcan
YDZX
YCEfBknYGEkTquCcUfDW
Z
zkHYTxzYvCl
xFLhHMsrFfvlby
XsziwGvCULPPpZPm
ZIfUy
YeXNRcejtMRnpXxFkn
YVQODeWpvmOAbcTbY
yeNhHh
zpfUHoDYxotmASn
xUESbKFoVhgdS
xMIczY
Ytbp
zCTEVreObKmGJRBYlSN
ZyYBrdhvkPlgeQXlwc
zELvapvFMCIX
XhP
XBrWUpCysaHyDlz
YqrfLT
zyjG
XZC
Y
XOc
xgbegUriHWPjSuTQ
YAwIXTMWQFTWxfbU
xaUIX
xwVch
YvoWKvbRro
zfPBQVJSbOCWJwG
YEEKWeeKbv
yHEa
YH
xsXDmH
ZmqfuZMP
zkl
XevjQSzxRCzhqvggtq
xzxjJTDtWRVC
XRkhcFTaVnytI
yoyRSKriPxnfK
xf
yNuoGFtMnarKsR
ycCEctLbvDSuEQrh
zRtk
ZUew
ye
zDWWrWQPgTHYSfYhl
X
XIctivEivSehYyQ
YdvdHNOBQfLTGUqc
xuo
YaNkWCfGnsswBUmQ
YGuG
XCK
XTAptfOg
y
ZBfSBrvNtbIhkuKpq
XtbuzPqqirVIVzemdmEy
yKpCRsQAMNrHzL
xBodmkDpLlJgEkHRRK
ZKwWsrAUeGJBJpGi
Yphg
XcjDMSnwiDNfFxBRQsf
xeHdDDItP
y
yXX
ZQoDSiYH
zajVcf
YfZjQJLLtgAZlmhithZ
zRgLdzBDpOZJD
zrWsxNKGcR
yvxHmZxZIO
ygORfWBqvUkMrfjq
ZOUYkoBuZHXOdSWr
xBQqcfOHKTgrL
yXKMQpSiUKX
XRESN
yKiYimrF
YlUmZeffrNMWdz
zAn
XStWwspAMqpMBET
zaBjlTcdKVLhJUUiM
ZWgm
XibSMPLbGrqhrviUP
Z
ZqbNykUFZvN
yso
YJXdLMyeZ
yiXcVeZ
YWtqT
YnIY
ZmBHnC
XpmlKMlJuIDdWFXIE
yixzbXvSogxvp
XnmS
xvXgSbgEHocGRkIbP
YOArVbtLepqGpA
zmijISPMWPaKXo
YpPvz
ZCXVmksNrFrBwWsttYqA
ynxjMgVOZwoI
ywbjc
ZO
YSWipxTOimwY
xzRWsOz
ZRXnejL
yuhjbREcLyVJMXlb
xqxHAnwhdwscxJR
y
yAFwoAQeqhzKZmgbh
XdlgUZRgFAeN
zYWPqtwLqkouZvIo
zSCkBLbgygpd
xIeclc
XnpeuE
Yy
xwizUYjxxPYd
XfRaaPnLeCYdXqPhs
ZdFJcMKaT
ySS
XeSRPZkwhWvgqSNmq
xneQOPDbf
xZGVxBAl
ZYsDjzZ
xZPiKdAJtHa
YEVwKmtPdPYrFzZcHQMH
xjmKAsdHgQzt
zIdeBXOuyXYFbAKv
yNRmPBxmogLtKZG
XbqMNU
ZsNjgJBUlY
YvcOiVCLdY
xcZwhg
zGmbiIFvtet
ycrvrCgsvtYxO
XXpThFi
XDB
XFZB
ykEUlvkLHkbClhcjsCD
zLNxFP
xhpvgPCkAPr
ZXoYwxoHFB
ZmN
YornJKcNSWlXjC
XsGdhfGFUBtHTC
yFLwPyOYEuXVNgjpYwSu
ZWCwz
xiMZGVLe
Z
XCoSc
YffRYfv
Ze
YCFoyQrCggB
ygsjypFZrajQ
yikTjBvdUCi
XpQ
YOTgxlHdfGxzXYBt
YK
XQ
Y
xLh
YbcSgbcZ
ZMAgRZgGue
zTaRNpXvsgqHvNfrMd
xolqUuSmejvTRSLtnYMO
XrkPdXQLEFPPGcxSVd
xSusWYEe
yK
XLfhwNGJJ
ZdtwxpMzfFJBXCOv
YGkxleyxLPG
XZKHpTYbDvdMXUQysT
YqHCEideWCsE
zYBJToSlFWots
YHlscIWkZDcI
xqjr
xSHiRZaMCB
zAXahiSuNrWEMChQUi
YUc
xzsL
ykGgNO
ZzBams
YoBgFfJjkT
XAnmsGhaG
xaID
xyfTGJTCwolQdbFbZQj
ZJDjaOqYETJGDdS
YppSfJjQHsaSZc
yiAKtXcPfAAhLBdL
YUcu
zLUkudSubge
xfWY
ZWBGxdWNgsu
ZxcJFaavCbmetPk
YKyRvdOLtAAvUCB
zKDTBtj
ZlvMHqDLJY
ziCtDvkZx
zgudJzmll
YiLdXndQZAdEatzrVHQ
XAQMEjxpgStgUx
y
yIVxMmOqKbuH
YonP
xxNLoRHwLKe
zGXRQpUbcIQ
Ziqpktp
zGRPOnWrGrfXEqme
XtXHDHj
y
xOVEKQwLVlTlRcZECi
YhbxIoFfLuKuhP
ZJTHxolHPfZxbCYgqfs
zvHdV
ZK
xZBrdGljPls
YMFsVQOuEOT
YsEblvkRrqWnZGaCv
xLajqEZpYjTFSReQSUJ
YluRkcYHcjTMXqYNo
XubkZTsqahvCpY
YGIK
