AO
d
aaEnDODokceeiVCXrrp
cBVKOmOdM
bTMz
anSPicYOTPc
bdnwkWjoKepRYyHZk
ADB
alxjofWAqLVVpioCFGdi
DBwcCaEX
bIopc
d
AOmaBxb
CKFVNDNxQ
DrmJLHWbMbjCiuCtV
BrMbmsOBOIbKmqgefq
bjNiWMOP
BVvKHsxgnvZH
dLdooCMd
DRYNhimgiuOPJTqb
cZNaqLDdj
ddrt
BXsswdTKqQcnnjseUHrt
BxhBlpSTg
bGee
ArGHEhOfKOaRYfnPBtA
CWfDLmMcfIbuCycT
DfsTmjTOZZTxqxXZWHN
bretUENYkzeYP
cMRxGIUscOF
dMPVGaNNsqhRfXAngv
aEGVxyHdesqG
DydSGaEKItVVg
cABd
CCczf
DNnX
aeXcCaEYjJrjzolfqOLh
DAnBtVYaD
AOhpjBSeuEMHpNDTKG
ba
dBwS
amEmRQQjpIACB
cTGqI
Axa
DEdtLaOqOE
ATUdsrNEzszDoJ
CAuzGOLDW
A
AYmVY
bqRUjxKIjE
CIpXgcxsKMPwumIiGx
dqyfsSVUNxmNk
AsOyzcQiHrKAjl
cPVsivXRwHMMjYmV
djJeRjjsRQB
ADcpjmDmXIalLu
BLL
b
C
cHhoDamS
cpyicUKtQYsSqttbOQX
dCOZgAv
baVkaDNwh
BsrFdTnJC
BXusD
cSqrzegUGZ
BcPQ
bptqhgcV
bLxFwuSfUYGqjwA
bnsRRGirf
cYYoQfNUEQAwKMWVvplc
DHwmzNiAES
beld
dkBWA
disCIOzGjtSVW
cMWRGphc
AagvsbncHuWdJ
BArpqqOQrDQPEKSb
ctXAjoOahVyMFuqOa
dwuIRzLWLNzCazjI
dmGnfW
AqrQXSxMXvsx
dVuN
azzfgeUJMGw
aNugauoKcGof
cClWEPdVg
aBPcoESEysV
aCxGD
DdNgPIUtLcHeBzo
caXjHQyBHTlrWb
CNdapWuxeUexZLg
DcbJC
BBGKMJVlwXFeq
dsyQnGDmpRwIV
DAAoAOj
BESxWMqsmPp
BwXpfsgVlvDqiTLBd
cehTjP
CSpIv
CTODiArdOsRd
CcRUlkRdTEzIOOhkZ
atZEBZaQEAeVBO
ChsIGipaqs
ACBwqGNz
bEUsEe
cFmyNI
dPl
DuvUzBizILqK
bgkapMywjsjmhGXv
BMzXM
DjoAiFpVa
DqazqVMODJJ
dryGpiqcBglDT
AEgctjcvVQXAnnmASXbD
cLZKFDpilHIMzMDJ
cjmRZNknhrTbGjmo
cbspWKSjwIgrF
cAyodPDdwlUeHP
bevezhIbh
czQzr
dWLfHgUjeYxNnHW
azfep
cGyV
BgXEZ
B
DnbRapFasGSybUYovN
CxMTGMbwBXAdApqIlpUF
dD
CkMLg
CRRpzKanE
DhWouODqRrYFpSD
bcbw
dBVhNpXZuTEaAU
brqKbeGRfNSpUnCk
DCAxsJEtpd
cdURvaemPoWSvgNfFks
CsgNfIiIcaZEs
BcwxdfIX
DnYk
CefURcN
boAlT
dvR
cAPizZwjDr
CulcHYGyNSJqDuF
cPzzVFjKalVJXar
bDNGFgUeYDDtdrUzJjE
daNjFNKHHIDNmGQ
BgBluIepKO
CrqD
bxZdTvZzfxUzlEBVE
DIzBwYxZhLSb
CLnCXbAKUcAkgM
cClhqkDQzATbl
dizluGnosWWXlLPeG
BtdJ
CkwiHWpRs
AZsnxcNY
bxPhZm
AwK
CzzhPohozOyZMM
CRSFGDkanYxbRdKErlLf
BGSmAZWtJ
bsygk
AmjwPzlOBThLQYTfCVlZ
BNFS
cejtmJq
ct
ClIpyvsUDdwZz
bgIKlHFXFZHcwImyK
aAhY
BfOVjeRnDbkkqRR
CPP
A
BGOtjQMW
DRMfkT
DwNQyUTUeyFzuuJKAnCp
cZlFvBdDPSxZbBrx
b
aynYiwJNRnxLSWUKJ
diZfeMqzmfbblHa
D
dkv
aQlTIy
deiJHHyFlPj
dPy
BcVBYoSCUpj
aihWXuK
aESvFd
AnWd
bcDUOkMWCqYWay
cLyJigPxABrXrEFor
ATTi
dsDp
covRRQQcXswN
b
bUuAPlLCxBwmcKGWSUZX
AK
aNr
DHlccLMkaIvpZqlA
dHrBKCf
B
DVlni
cVZWni
azcN
AjiWOaoqE
BBltxNPXQcfXX
bWWLIhtIYRw
cMywNSqbZvABMulaOq
alHAuBvF
AM
bqChFXcLE
BbdYbfxwCB
AvRUDIBOsx
CIiIlpT
CMEtAuwCdFOBfVcCdmv
BJLrdyGCJWHuxbXY
CJIwpYNwHFefZCiBPW
caRQskJYHvwZDRICQn
DuxqU
BPHwQtUC
cHXppLHrlatPp
BWiyfyOKiybaB
b
dyuJXfPmgxcLWClJ
BAfjQkIMGFmGwQSox
CxmjbKEJYhT
a
bBluT
cKhZpGONFWNGEtflefG
aD
ArKpBgwpPkdGAPdcr
bbUvCjj
CXNXNVipd
cJFoDRfHzCriZnv
APX
Apq
bUXWShiEwAjzi
DqXviX
AFLeZYrblcBGXtPXj
auYW
avclgL
BQoqxzEAnWvper
CULtUNNiYxzsZLdPbsAS
BbExq
ALtHeYGohWGnh
AOykylzNZ
bsjXmNqOSmPEBTgt
BPchWliZcBcNpL
BUB
DeSKzsvV
COLQNW
dTzLEgzMdjAMf
CkfQswuFZh
ABl
bEuckNPhsZLgGdHb
DYyKaHSK
CeCWpfjoZ
bIIBY
drUHfxUblvyHO
DSSYQmRtvOq
ccSmEqxuLAFloUbJfxfn
bVp
brKXuXhsVTZnPUhnQa
aMwpMWqSNwkadbcViE
AtqvGFTxLyEBejH
CNQeh
CHxPGHXwPtcgvZe
AmwAIlfmI
cfoIWHwQvEC
cZcyWmcxJMZWzYoW
AqJSjM
EihaRbGG
FpfOv
gulZrMsD
fxqgVjJKttZaXs
HFgrPQi
fNQoBxPDirjn
fpyzRvkf
HpFfCEaFgisTmUg
EegWLoNqhmiAMaM
gMxQi
EBViQWXypFfM
gqxuOeQJ
HaPuVgT
EUQmwRYkcsf
hFTJfBMFiBhUHsq
gRoFENtolgDe
FLJAgAmYQUN
hsjbcueDAQrmRGNPitKU
hXaJBXlFPBOJsYZtTZ
fwvxprYEowMzMXljzI
fhNvoNPgXtrbCmE
FTIMYQyJnIphGAs
hRtHfTzObyvbLt
hpXOUbZfGmNpKNceYdi
HVkXAHYJsoQipG
fsKxJXcuiS
gu
hxHrZkeTtv
hbYxnpW
eJEbPzoxvrcPmhPsntfS
HlJhfdtEbUqcilE
fBWzJi
eMOeUi
EDIqrKLfDahvNoXdmZb
GOsjMsoogZeErp
hwz
hMMzyVjhzMGGxIa
fVmgFejdilfizYFPjEab
fzCrsiLVwB
GgjbTkbThOjOJf
GylfHGzxaOFM
HIZcgvZwEEXmmUPCIUs
hZN
GEklcyjKa
f
goZzczgNxZFch
hztMuthkgESNKArya
GJRkNQwpzw
fboA
hagAqQ
GNyql
EZixbBNvRkscXAqVLc
EbvWn
HEyPPeMpGaaoD
fRnoinoZiRZjlUMFHc
GxnYqY
HdP
HjxyFlKQGCOwr
hATrGjZhgISEHAeKQKV
f
GEW
fEPAcYgpGNygGxJ
FtGUUYQoejc
fQeCCHMAMyWxKacyWCN
EwWBmnCZKeF
FPxfJefSCTICx
hsyhxgPXVTJTiaIrxDAz
HjtHfrIWoSi
gbIYNB
GcI
FGTbcshQSg
eMODbZJ
EIKWXMpIF
HVoZuhozDHDCoQtPPLV
eQTYmnq
hTvcGDQqUDxqurKhc
FeupyYAJdOg
fOxKEgolP
gnvQUf
hDnQNmWoAJHiCNElTh
fermsACXyXeVsTH
fzuDXkn
fKdmufKKRAlYPepj
EQAqQUFYLIqX
EQAKSzBAS
EPzBO
HSQQFwBZFFAFJ
eRBuOe
hCNTfqiMWJsYzWkT
HuVS
gZeMYyNVKBwijn
FHnTaDKQ
expZbybbKvqVMGfrISp
envWaCS
FLaOIts
HTLRtUjGVBv
HCAKmiWqQK
eBz
HOoLY
elv
ECdutMCeteUG
GufvGbqLhNeVX
GWcjzMZaQrAUyzBta
glkgbSkUkFY
EXX
fSAFtDZvw
fiZhkv
ESM
hCXuEPDZqXxdOmVG
hII
gtXBrMNpCIoLLbrg
gnrAr
eigGdCHDClfbh
HNVG
ffQoa
Hfysal
H
eDvJYqLkqP
fR
hTfcwFnvgf
Gp
GVClNVuHBiJurleUb
GuBY
evnMWr
Fkds
f
EYVeDgRqDF
gbZQeYvUspTtV
gSMprIezFXKdQjV
GzauVxVrDMwbG
fMmZBuhMuWyEJvbACZPU
ENldYI
EVXxjMZe
FKdqunhEwRL
gk
fDeFDTmRmAQBK
hJiHAbGjtkG
FKuACtYTBhV
HwoyrwzuJkfzb
GbMhGoyjg
hBnFMLoz
eAmFrAQvH
EMsmrOmrdGOGIYmBNu
GDmYsfPoMbfDtq
EBMRbNzmlrIJa
eyPacPZuvciQR
hOIgHOP
Fv
fiv
ejTiCLBQsZunemF
ESkt
ghwDspfhiUgAcguMCTVn
elqcJWTGZIYVdqihogK
gyEXWY
EixRQ
eJjtcMVOxkvX
fv
EyPl
HKxtfkznbdBjziwj
EGJxyPfmFHYY
hDNuUnLFizZY
FBRRcWsLczrmxXQHUmsN
FnezkiJesoaNH
GuslENMlUDVtaMvv
E
HMH
FQCeKWGQCPQ
EzOFDQKrvis
HksGIUnXFkBlCnGyJ
EHUmAJjYjvgiKpYVBwYx
gvpgcZQSEMZtneoKw
flHQM
HMsKxj
EPpzEOXugWj
fcivUMcESHIQxweK
h
EkbcKqE
EbfVnMMrC
hnnOZdQtIaJhHaik
gvSOxfvMoNabYfVUn
FHZJbaBsykbwaTQV
ELNLACjWuokbGFzFHqS
HDZTrCmUH
hYQjteZCYYQH
FDVPpyUkWWU
eqfGsEcPa
fqdCHKTq
EhwsKJODpNonxdoKhwJ
hHXwUVRqxegi
FRBj
HsdVGi
FgEi
f
EAHUKCHl
eqWJCLpuqZFSZMQAF
eFcULrAcuTRah
EqOYqZccGp
fKWyEVkFMasTN
FJMdi
eUUjXlpcNLFzXKFfd
fFUC
HwTRVQGLsjJyHPwESvz
EOTOsgRckOxaOnRogVhe
grcl
eqZPKGpImNkVBktTc
EMyNYHBxYFtpGYWD
FF
gDWJTmKHpujrCZUI
hrOak
HHbQddsHCXOQPjPTeby
EcqoWWgB
fOkKYUyoYMJ
hPaneRQmEpVRYagP
GicjpnGRPxsFwwI
hXTGRPOypdJLGlN
ESH
gPWmQm
GOSBRpRYvbvXXwTyEL
eIzaXBSnlMGreGFyIwX
GGWbGaxKU
fDfzZFVE
FdE
HtBbwfYziCv
G
HlSaEoiHkw
FQHi
eoBljxJwwUGSkgQ
eFTRYMpQFyxVHNZufBw
GHGQfqTlKXMMQvGZQ
EamzMgVqBEVBwhK
F
HiCDZUYfmw
fDkxBQhKhAUUYPk
FvHbd
fbCklKcNe
FfSdUNleZJEtkz
EmarxqwKeIASsWgQPNCx
HGQhVvJmFNTDuKLrmHZf
G
GGBFUTWJTbxNklMc
eEJFuBfOp
HV
E
EBnmyXLWGhjDurLigcB
F
fYebCeyebftKpxjPY
etDgFhfPfyBg
gPBrmO
gQ
HMTRUuQTqVGNa
hLfQMkwr
h
ElUHeXvlrxOhPQHu
FBzeoQwxoHKJAzWadDWz
FjTreCqIWxPMCpsFBxX
HmXBNXI
fCfaRK
eramHdlhmjXETM
EojXuBScdrT
GidtUn
HcvNzhvTWPJcu
EitFfvlEoWvTz
FQkCQb
edUFGJJBtkxcGk
fslkhTZqaCjw
fTxZsMbHdtvBcosY
HzLsJdjijpZtBL
kVlTGmqrSyzitRgZHH
IFlreoXzFXbtaWDugtX
lNoXKtsJcjoD
IaCjJA
IByfbVvJgmsT
LTJHfQJrVEEdphuE
JJceETid
IQSrHEoHkTQSvJEWIC
i
KbpYj
jaRWCHZVYZHg
lhqHZoW
LSsMcoPTbxGDlV
J
ihanir
IN
IMiBVNKTWh
kwfMVRtvQcTMtdymfU
JfBmpPUXaNiOf
ltiSs
LQ
IGCHcP
IAtatZlR
lfFwnU
KT
LJpBIBmiWpWmNVoY
JUMMLUZiDb
Krz
IAvKqpLOVMGlHVaNdm
IHJ
k
IxpgfITNeqLXvgUZW
IMoKBDct
LcYUmIn
IBbbgbebtC
ltv
kXU
JRZImNGZAxY
ITsxxYknXpJPthNat
LiFt
jIHYoLFfacNaqNDA
iRrSiBQjOfI
KHSwoioaWXQEV
LAMHPEuFFYQF
IFFOAuP
LsAHeSXlN
IwsHfxnIRIDzHQzr
LcC
ikNsIJvJsAaxdjsPaz
IANovPb
JlzRFpZDXwkIDX
kisCXnwUEr
IHMiMyxYGAzZK
LwIoSbsjYDgHVsQtkiVm
KCsgMaPabqqhBAKByxa
LDahXUeG
ITLWeDsIl
ktHcnxox
LphgJeDQCvtdSiwmXS
LcujkDbrncgf
JjmVMPZfLJeEYyiW
Kv
JPCSqHb
KKkEABzLjje
iicfink
IIqP
Kz
LoudTkVQGR
leiEMtXHUnCMc
jjiMh
kUbYW
JBOWVZNuzrSbEkN
i
JnIHswWDl
l
JybxlszEutP
ldBcMUebIGQZEwpJRB
KxclejxMfyNJwf
LPbwhHzrIAC
jVjmZoMdZtQtUdaua
JRqmdRsyjlqh
kxntDeVIXyNl
kKQSHVCVfq
iUeVLi
KOKraoBXmlh
lyLjkN
IfjyrrxkAdG
JlmHsFjzRu
KkGePdgPtnifeR
IIjcBQbFj
kvevQk
kwbB
idLDdxofbdoCLv
jZgO
iJpOnhgPp
lurtIhdkcwRKVQaaa
kbYRUjzKjxhKT
LQROEjFHKsY
jpeytQzqYpBJniZ
lGfIqMNPkIFlZD
IhhKKPVCrrTSlzd
jQwrRQpMdbWIKI
IbrGkengaMwh
icjlZx
JeXuTjEAaSGrz
KHjyCOSWP
KhUOJdggMAycVWy
lVFwPZTBdgs
luBwaE
jeHqAjayKvYDRBssQ
lBfLiQbLXsSNgASg
jmwHhDpaaO
LaFQzmTYoBDtZaUyev
lIncKmLp
KpvEQCineqLIfEnSkdr
jaoarJcLOHZgIE
jXXABYhkaMubdNZZ
KxMUNhDCLNk
luqMNHgXcmYGFQareUsH
LGjlW
jdUIMRzvJqPs
jWGvWGBOdsPNZBcyz
JnthUXtIkPPqrLBIAxx
KgAeORCMjxCUCR
JcQNg
ilGDa
JVbPkoGVQFteEZoabtM
lKdorBRFbkbQzCsjUl
lVf
JFMBLMiAmFfiFlhHg
isAggcHazEsjHehLjxxA
idCgyjIPHMnSEhFDVxh
KgajcUOFjD
jSEqAoybnTmkrrntcTjg
kxe
JrJNyyrX
LjWek
lUyaWOeHuqmjnUaeQTRt
kgnJD
KWgHeBIQ
ixWDObqMERiRK
iERq
KGbfEJnUQMJKCqS
kzlrWUPnXZFuYQEwbImV
l
JEzrGBMjlYrBNzzYjJIZ
IpbvgpCzDbxTYo
jNweyhWpgBiAKfmu
jSpAelQrpTk
ksbtTHkVTYiU
KdcHpjRClLUuLZdhXUBI
LtzCyf
lVDMIROGvuvS
JvTlBbioRZgreaz
kVCDd
KRVmOWubxILmniplAtIr
jc
lgptOIxQdrOzIUCfhc
lUFHSGgjZUIU
iIpqh
KxwgJESjDnlHcwdGwL
kfHBkmrSFlUVCOoTct
iboKHtzGhpSzhi
jRIhUE
irS
kQFEXFVWUkZNNOtEyyZ
IGD
JKFfZSN
iAfuNr
Jgrnivpq
kKrnhHHnkgMwLOPWS
L
LpSQFDlcly
JWrjYnxl
IWqSZHuWrtAEnUSeoBc
jDUGuPNTfEdW
kzuPCMsVjMRxXOmH
ibcPJAfZjPFvlHyPTuoe
kyWbTQoLzkDru
jIzFhbAVYpo
lsfKxBMLpeSQqOooAwFA
jfcdoAcijuAJWLRNVb
kdeaqRvIUPgoSOJgmOW
jfanLpKckTBPk
lxmtJ
lXQI
lATfY
IrqlfO
IloDjbanBnjvoeLtEH
iYTuGcSkjGmzSSkNAJ
K
jfJwh
lyspWzIT
jmWdEvMfxTzOnhEgJwfu
LMHndKLTpbx
lZkFtrZOZgJZUQ
lbezmGptanbsOGgNDt
JIzNiHFBmMzjIxFHjUo
i
iaHDYmAACPMBaraZE
LNkoXTdlnj
JLe
KbvvHaXIOyKIlbbhjQy
IcVDLWgoA
IfmSRAvs
i
IbkUjIdGgTluzDiMD
JvxCpJefXo
KSk
jafWBJJT
lmpqHTGuwKIHfgBBj
iDSrgjLUKLRTsUkUamw
IwoULFYkimueSceMIPl
Jz
kiTokfOrI
LA
iDwxGUtExmfnYK
KvEAshGskJDDNIGJ
iadNngnKIlRmeMVf
ldvxAGr
ipGnAswpDwU
JFPbBoifCXgIOp
jnlQcHWIBRKkYRCj
lhLCsEDgdQUBpTqxok
JvCnBVTIO
JI
ltgGHXq
KxbJZGtPslQy
INHyNtYfRFuJhBhezFo
IzpnJOFrUmgmFLPxAw
jMvnIMvXLeBQbcMcbF
KYCKFFBWenkjNlZAXaY
lqVRPkzRDyitp
jpe
ixB
jKlprAi
iYJlTmmtuQrofGwCIW
kJyicbuwhUxwVhb
lajRjrPLuCytqjYivU
IHhts
IHRouJPtdRXhNxUQnEBp
KeymnuMlkfMJw
iLxhElKuodq
JmXQVHmqOzlQ
LpY
KxW
iDcoW
JqbWSLeRZ
jddGxPCWIlqkfK
JjdIuIdoPiQyH
jdTJUUotDHCeNRjGij
LhJCuUA
jZnTEnSrd
iMCsvpmwYeLZHjOM
jUhIZwIUme
IGcttqS
laIftlsKH
JQPCRmsuSoCgi
iXiP
LiR
lLmcXWMJQTJfiHVZZ
IrzYoJdVSCvny
kRXArCRQzds
It
jnHobgUjxzOnvWfMFOW
lbtaHSljjOqHxmMbD
OqSbuLOZeohUC
MVssdHrhFKWzIEcBwACh
oJMdivHjsJVSC
oT
NradgvMrhhgpuNkHQPTz
OntRuW
nd
OVOtwNGvS
NXbaFvfkz
pLDOOVkTTGbHO
PetRgBl
oWCDPesLUfgzezbg
NIIXYYDmlwseKOR
nqN
nmrnAVFNV
MADnboufh
OLPIcMCvbZ
OhFETJQL
oXJkXt
pd
NMmYSKPvQ
NjKhspTraBhzlz
NjWsF
pykKjcnDrdfWgaPzjqC
Nj
OydYcXQhptGi
NN
mAekamONhCRlNSYZdpby
mhweNVQXbbz
pWHyQOjHIht
PUSVhpTOMdsonXyvrzmm
o
pY
orTLkGwooHARPFeHA
o
PJsFTvpszOttpS
mZZRberQvHrQmIVag
NeDME
OmShJLwTJXThcQB
PEEZcNKYXaNCRxnFj
oYfDxIOEPoL
MtpXfeptnhARRv
pnThHDRJg
PoHHoNOeSwFOvF
mr
PeZUFvNPUJnlFF
nXMogvE
myIVnWrNSaearYfiW
nLaMx
nSpALrucQPVfZrndmrkf
OXwEzsfpTJ
oettfosjrOMWNfcjVOv
nVRdI
ngZGQi
pFwJVEQtUGWxIXIfddmh
mCxjcKeMoOyf
nLlQXwUNRZEOOC
oIWtmyRq
nIRoJucz
mwHXYjzbT
PpJvTfjRDetQKcgyBCYx
PqWenMncvC
mDHeSFPFaAExUCDF
nNMKSmYmXoUvhncw
MSuEFOmPKVzNLVDwLs
PAgsMPXni
OkTWqYDLgIf
MXorTNza
ONlUnCvvQLgpPmiRVUM
mgipkc
MGLDB
NdRWfTQSUPKXtEqh
mPXKZvyEYXlEKpELv
MMGyo
MyHFosPRrQZbCBVyA
mogMDA
pcaQWtRReUlmzbUrGQV
MBMlLlIMTiW
mkj
PqlWvKApslOhSjJTsUN
mXmNbJYufHXNuAiZgV
m
OAIrgDxTVlQDO
OgORJkOhobfVcAR
PHAhaMLkMtHgYWn
MgcWgMxxULLtnZFFwVgt
oHJNjhBt
n
Nqtw
pBOVkhRBEizDJukdi
nQUPlSPdRykGPR
MJqTzlJUlYHDV
mOIzvEmFQuGAJPH
mGkvfrwhOdIDIC
MQRLJjXnTuIkr
OVoMyHIHSLaj
OvJVycbuIXmPVJsM
nV
MSmRfGt
oCdFMTHYcgVuvLk
PxCzSmfpPSgPD
PR
PXIGqcOvUfIlCJB
mXr
mhfjtfsNNAf
macdZKEZS
nRbZRnWmbOTuxwHD
pIsEyJDEkiDykHRNBAPc
mulLC
MIMeoohBamDfXb
NGBDU
PZwWT
oXVoRURxSCBf
popLDRPwjpISKRyFwL
mTHiGIMraLEahiImvx
OKFgCBUAWk
NYEmZzbaXm
Nubyrkc
nc
pTfxkKmxjfAhOt
O
OleU
MfBwEMVMjhzCIQb
OdLRqECUxTF
PacLD
mqe
OhVahxBtvXdDBH
prpLmtnZEgnjuwUFfHQ
opygLvgGVah
PmCTlF
nZtQDaC
MT
mpXELs
OEPLXGcoNl
PKCgIAvgsiLHST
pdrAAkIQPlnDFSqDJR
mmOLRbY
NORoWHgPBOC
OnUZvqLtFLvXcz
OqMj
OLShCzQZCLKphe
oXvKUdJyFiwJarygmvYX
MbU
MdOEZIGYcL
pjyafTlgH
oWOuSOoy
ndK
pErGHlKqHWLeRzTJoqO
pK
PVlPz
oKIzIYeRnjZd
NmlbTLOkBH
NMbPIbDGeFuTNwUv
mrqdmI
PILIb
oogqhHkIGQDvaauQGzX
mNOZiasmfhSBpfVpFt
OaqHIcl
PhCFEntbHl
NdaOdA
ppyDM
oBGvnUlPwkKB
OyYhHFlRvQODCQI
MsdQXEYQfur
mcSHpthrlx
mJedLT
NicEYLwlLBZViUxYQ
MXbMgTjX
PblDmDQipLG
NmnDsPMtD
OErHqCsfUAXh
MEMirIC
mqMTh
pUbPjdpB
OvuOndMqIDwj
nvRDKyzZEiUq
nMF
NzpA
oLCyOMfCtU
OZkVDxdNQOwVhRvKi
Ma
plIKoXsaBo
Pqpx
oZw
MwsRC
mUwoltHPYa
OjenKzu
ORtyWZUBfCseBPndihMU
pN
MRhiJcPFChLxb
ppEHV
MyJmGNqTs
mJFTwHXzlv
OryTgLbZW
OgicdidETxHQtfGC
pdRPwuIJDXPmBw
PGatBRuFlwUYSPuGH
mCFgqDCqodfcUKdpjVlw
MfJRSvISSWoJTWDjMWk
OAYatuDTFIrbZfIy
oKikEvOMvnSE
PGOkshdQBP
PHvLtLUJmis
NyEpNgcPFgoboaJVkYy
nDBlKngTCBbjwVNtLR
MIiwGqbd
mBGbiVUdSLZiPjbqmJRb
m
pbHZTguyEmihU
M
NrPmEDxVZhOTDwIu
mTzmQQoVYaGGYMe
NhvkjEBj
n
OvZgIMFBbrEZIGmArpg
NO
mncNPlSHFxntmcpHGLP
mqxunaHqjgUMGZjfzU
PXmIn
NkTGJlOTaJWQDZkpCy
nzuBLXampIeCZGlEO
oocKVPRgbmcLOSwD
PTEAQXAkdTTqUVhrZni
McnYEuG
nT
mMDUkklyDTAapXbp
MdEZSNeOxhYDzpo
PAYxODAgOjAKJtysLrcY
mdBco
nPTKALsRke
M
PQ
NiRfksvSjQRKSvEmO
NnoPzSgKz
oiGOQ
nombkvvXOV
nLlEbUzAmKAr
nSUzaAphqvwcuTgmM
pj
oioS
MahaHSsbAPuZbV
neWMnNtcM
NKnvfDlvquTJuXys
oenrQQb
mxvuNqMiqyBvz
mKzFgjU
mZrvkjN
OdXeIKAwWdpYQEoRhr
OyKbVmEyHzDovdtTl
MfjHLAz
nyRNETIFVRcT
pGesuXAMW
rTlmxzVAwnRqzw
qAGDPZFnwrGGGDsVUC
svHUONiHoq
qMTq
qNcysIPXTF
sNvHlIMmbTBZhZqXUc
rNVfMJstPnEL
TNFeFJDYHYgTdBwnBX
RIbIdWtCAZKzEvwa
qCcvvQSTPihkKQ
SkoXssPaVbbbLF
RyjLFZKMZLQIzblbPEd
sKdRejIFnN
sULCeGnBQdTtboZgVDUM
RrIB
RFixFV
SnNpGpsfBffikK
trGM
S
StrQhQUkslcr
qE
rdPEXGlcYIX
ScAQAvrDyS
trAesCMWoKAAS
qJoY
QkVUyUIvdnlfALZcL
ttkDbE
SvEJCALNzTILcxfS
TtwJVZC
RrlQsNLuRGfO
QsVwzAPRjkpgXMVcv
qOeIdtQNDob
quyiPaCtE
sJ
RvCAWYHtVoctdvP
sMkBqxJoYjIJtIcTq
sSRifEPx
RiZblDhnSTIUElVWco
T
ttgytiQo
SHPuOODFjLJJFcX
RhkdXOLPPdjoeYSzMVQy
smnoQuZ
TwbaXZhmhROgykKStJ
sYZid
qGBChkUfNcHIDs
qqHze
TUheHvWv
tdDAiwPJXpecemqr
TFYIrBbkaQpl
QIwUJboyMqkRnp
QWDoVRBi
rimQhRqbYdvdtwk
TZGvDjJheAhVQ
qIWAor
T
RhGuk
QBucqHBJrIKbXolj
rGAQfzSkXaPueX
TwTemoVFQYSEKKcmPfom
TsIfLYuAZoO
TdRHzObhmuTeleUouuT
SPuPiyFr
raALBwodRLGlYW
RplpBfYkYXDOeTsS
QjyONWcxabb
rtuc
SnPNVfrajDbhmZ
sh
tJkxJRVEzMOvBshGsFAm
slwyfgwcP
tMeMz
T
rthfANBJgRBIJDmtBIlx
RBqkqapIxHaeHde
TuxUGet
RxaZcyDKMuoRvcWLwLa
TGMTNGKIurVaqdquJp
rpdCGedbJG
RtPvmPBRKA
RkhsnfCFHALDXOLcQaac
tzXciaoYZlteCTzUl
SunuAUSa
TQyQhVvsSkxB
sfciYUpegDk
SWHFHMvoQGvQ
SgGlWArONrOEAfGiscpc
TWEzbJdEEUz
ReQFFcfKBkK
qez
tholIBRDYa
SPcOCANG
tLlZgah
TYM
rtvVjuVG
RqPwubRcMOOJflFDyly
sQGexdZe
QuKYGOJNJwMHdPjaJT
RN
rCpkM
rihKKqRSBBPQQqAdP
QakwPkhDbI
SRPlHZiihkJQxjz
RwbKKHDScncE
rdwx
SZJtKZVBLMgTZghVHQ
rwqBpSDTNGWEJi
ttL
rFgsAiIW
RFGWqrRVpDBLQkVQ
SKBwLCdviQVrfNl
qwJdIhkwhcMbDLw
TgSJUfLNGUYG
qFjuCDo
sOnKJSjJOmOLCIE
QYmCblyFvtYamERva
qWdmYQRfT
qQOfpKXqgONwlYYSPIi
tuDqaU
RhfpZmFPbyedDIQ
SfisuDRlrxrG
sCbxvuEKoxYAtmVs
RXazdUJMyMiKiO
tKCxMqAhwLotztdLOSY
RK
tRxz
TYxgrFenEp
sWFqLGXoNLJkXLRz
s
RzHbscjy
qj
SUiYt
sXwoKHJit
sfvBZJHfdOCzedn
tEQlnDzezTydtIAqn
sqsS
RlkjitLGgIV
qycIWVkrPenRJUF
SlTMewGFAuIapN
RfsQjOXsDNIv
SHPzQp
scZVsDijQJwkys
tqtiNeLMzkJCZjFxx
QiXltJJML
RCWLOKGdxlHtT
tOseXeUHvVDDyhcMDa
sRPhPTjdJkvwpzll
SOOLvhaT
SHBLxNjkDz
tTylIEMnuSLXD
sRkBwACaCeSGFba
SEcZPkPNpOKLnT
TfYpo
qUIt
ryzWicjsSFGDkOAzZENz
tidqqX
rdksmWdgQNpcJDhAr
tXarEWYiXpEXIQMpPql
rxuxLOE
QLnJJsuIUrajsRRc
rMTuBvFUqOaMxxpW
rOpC
t
TzWuE
tvfQnrmNHcQp
Tqq
rtkkGVGbogJjlaOS
suoEbISccpoFYsEO
rhHsiQeJjqAuQJigy
tuFFuMaMOcpWSNGhb
rrWlkDfQ
tpnHigiipdQ
TVNwxT
ruHzCFZP
sFPKpHqbk
qefUzhHeo
QVej
tjcwKtFia
QNaHcoe
RRSeyyEvBi
RvURrhmbWXLM
qnNmxVOvXSnkW
qGZOX
RoJjkp
rVMHck
tQyEK
sWHqgk
swFBld
qrTjvfWdDhOLmfTtVIAh
SD
tHDqqWapZsO
sFUVSxTXrUyeZEGfFN
qkKS
tnzMhnGUmOEQCDdapOT
tHCvYUGfTi
RWGelVozxVFNKWEV
T
QBqKcp
te
QDapg
rVUSiMyynagnnQGfDmUZ
QuKKYDdsPGyFuIfi
SnWMJNXixtUKrXzUpfbG
tZ
qeAGgjMOcNTbesCM
tdlcyzuluSxQMEWoflhg
RYCzOaEzy
trWdbkHyIaaUXJ
RXZKsSplJWAhwoBG
TjfJccberQyybfy
rgDegsfMkzFzvIBC
sM
r
SN
tcvdgxQepgOmKm
SFRVHojhXJCPUNWsxRD
szbHTFOCEMDWJIF
QRVenFpQLwxouKdIua
RjUUKumXbYmOSksafcBG
rRtdbjDvnXLasfml
RqMmpQdqeGpidPKgM
tWxPIbNNxxrb
rwXkQynzkgIGsnGwsoPs
R
TbfspktGvFXCJqHFwpg
tOLFNnjoMuazt
rkNdYwNk
rpuUU
rsrXeLwRFnKOQCuniW
TaaXrzRQhMlgWqKFo
Qgsc
qSTtcHUqPEKtqADeGrMD
RemYkRQiPfDOnXh
SvnBCRAiYsdJynbarY
qyUZblgPArJvTdHfnyb
QWy
rFz
trjPoInbUPDRJWotYpHt
qLzfPHFsWavwb
qkDExQDcGeUVWlyPY
Te
QXjXcXLjstVPq
SJYLQbaHoyRybERz
tqDYf
RJeHysiuFAB
QNIPtU
RvyUT
RwiHsKYJ
RyeZKDzHrL
rBbovhe
SVtRtBqfMycfDQyD
QqiArEksmg
qxcHAUejCJO
TSG
QapLmSJrYI
RArJyDJqvbuUQXGoCjl
rHdy
QoUlpG
SCcQoEHySOXJ
tqdjgjmxd
TwCnCFQsAsEtE
STmq
sJnNcIcDjgMshVEEXCT
TvsCrDPorHFwygWva
TvrfSiOdhJSrzvUw
qPBTvjASLFUTc
RZoHOHG
TwZ
TqRqknIwpTvZZKp
RnNNfjWibyqrYQhFkvbD
qtSaVfgGyibQRcwAkz
rljHkbugnmfRFBduB
RrGxAedIxXOn
rjGbGbTEvyrfzgqvYGY
qZTzGkesOqtVPrwS
Twh
TXnYBGJTI
VafcFBIjpVprAaV
ufqHCwl
vuaUqthnFQFihOfPiP
wEWuVTxFzvYjcJCNde
VDHqYLvasjXc
UuOI
vyGSxymJfydNB
W
Vl
v
UsJGwgz
VnhdqDBgWAvCOSJvSk
WeuDqKKiQFOFfV
weDTnVr
vCxNOcNKv
w
VycQdfwGUhCLRr
wibLxcbA
UdnNlntSGr
UXQhbnxTomglqxPg
UtrTKHbYx
wQcKLDnaxB
wIYopu
ViKPFpTNkLpPW
vXASjTIKJxLsDomPr
W
UOXU
wtVOLxapg
vkowVXWjzJcZBHZC
VYcvJOGPRG
uxVgvLrWW
VoiHwHP
W
WHFSItUGCPuqSP
UUPtQpsG
WCnRjCfsmMgAZJkzx
wVp
uUCpUeMvFcWDEIPyNRc
wdPkDPltdhGvJjUb
wmrHSjGjJx
V
UeCTjSPltyWTuVgaQOu
VuiHyh
UsqCJEOpAAUcsLIJ
viLFgnGz
VmrDqkfHW
VkasLLmlpkCNr
UDhaVHjfWotLW
vnVRozGdJS
uRWZqCAyBKLH
wvzsLHgjkTTgPEvR
VhZvqclkWMIG
VxycNoI
uC
wBLEEkiFkpljT
vjURIJHqFOTZPMBfA
U
vQgLMVyAkyfgyUkmBtxp
wHIdndojMS
WiXZfYPTAHqlC
vED
VZtItVThTiY
woyIPxdOfXAFIjOGHTfQ
VAxwjwQK
VDTnFGWUyVZwJVM
wzgbGnaK
uimGgqMh
wUgHyseecQxqEPxj
wrJgBKCcTMOv
uInaLswRHzaxWAKx
uqJRSA
UiSwGyuSlYP
VSembhDeHLTdZtTlL
WBPeHWudtUO
voecPbsHOLlwJnQu
wiorUhvybRjvbmA
wGeMDRhLZVvYeMe
VkRsT
WWZgqPnWvYRUQPaUPyQ
WjZaQNgmsyB
vNyyckT
utiLCAbFoOp
waviPVGHyTXkK
WGynQ
UoWfC
UbtD
WCCxqNrYpqdnHedxtRB
WCil
vvGJpvZiLa
VrsOJKtCDjfM
woz
wztyUpgqsKup
wNaRUmCY
wNUJdCkbjPKdjIrKmkix
VBFXE
wwXF
vaHRApnWrIIzsYsgSYg
UvVszlILCwHHF
WhS
uDFudgGtY
uO
uDXejMvY
vZqTFTXeT
wK
Vq
uwTuYJHXUCFVI
VSkgBnVYCIbwHtiyAH
WUKrmIQGX
viOptSuDZEMypWu
wFzuAvYvIaztD
wPlDPjF
VJcDDj
wUYTEzYKeu
uPsYgPHsVmbswMtr
WPAwdEgmZotZAKkEt
vn
vRJIJkb
uOhyXBhgl
UaXTUqYdWesZgPqaB
UPDRbpqCkuTxSfcMdGza
WzlB
V
uMqGYZeNYMAcxpyxcJvn
VAxqcnay
VyQ
wMbwExLcNCArOJ
WNjLpADnMuRHuunxTZY
UJCbfejupvGhWXa
uiLAphEPPbwmXhF
vTDOfebEEGbof
vFEoTeUEtGkdkwLCjHaz
voppBsL
VGLVYapSCwel
VLPwroUMMGXFyYWTU
VzdShGrJbmpybLlVieId
VQlneANdbq
vABLAoHEmJnJa
vmMeoSUlZfOARXekQYd
UYJGcBgA
VJjuCQdzcreZ
urevDhJneuUAMM
vTQIZZ
UtbslaAshWDsaluw
VtMoJcKCDqyQVAosvsqp
UniqLrHpADeFGyPvVcE
wTYnCdFweZCnm
WcUpNiBtl
WbfdgqMMndq
uLdQcOZSkBykEt
WgtwhnOESktv
wCccQ
V
uGHjUwBDLu
WFacBhYgKabkbSLKM
vvKN
wxMwcRuJX
uQpFDbXsne
WUTxrGh
veYPl
wckfNSvmOPlLywAPngec
uLMWRSDMCIxVPWxpODch
uxorlofoeQIhvU
uShJYFuPeQoagZfwk
WRA
WTcWXCqSQnmPDWFlILVZ
UDohiqTMySiIHQP
ukGksvjhZ
wl
vEXVrCiirI
wqFX
WFvJFtQSyOt
vEKdZIWdEBlz
umuDquXaHoB
uVDxvfZNVFWLQ
ufuuc
ueosJqasOvoV
uwDDZtVmoFkqT
vrAEPoMUcKThGkX
wqYkSytLeZKYigndaO
VQwpBbOC
vOlqxFibgXJKDCpgYpj
UJDXicX
wxOIXHT
UrfFZGIrn
verZRYVKLQjAK
VmrjwNApQr
wTiDDnJHRMiDGWS
vLooUOZGMiqQpIMxVFHV
Vj
uOR
v
vssMXEwBdJddneyGYPdp
vCYzbGV
UlfVoeOLIuagH
wpzx
uqXzhpiC
ZYTTLbP
zdGAUjjOwtXnj
ZSGWdi
XbALGvEEDtUrIIqN
YVBWKMWExyEpRJCPOs
xyyusdZYOoJlgFHMp
YfDvYl
XsQvssaAVYfN
ZnrfkPTiy
XAcKsanaealZsqrENE
yC
zQYSXUiTZlwms
ZNKQECS
XTrhHbh
XSUgbLnkhKzIaLnZFk
XIVyfHAElQNNFlNC
yBbEBSvGuChcEdJ
xTZRIamHXosgZQixhH
zvrhyIDSUxShfIwmkrYO
xrPhP
xSsKzmnZ
ySarzaCEzDg
ZfGZxXjYwMPshm
xXgULaQODAdFoKsmn
YrvKRECvf
ZDMkzfmNjXLYFzHOHy
XCzupqIWEfAmxhKmW
xpmtDVdsPESXsYLhGI
y
xmjpvr
yvlwDQD
YoRlTdlRPwnTPi
yiSiRcTNbeulmAONVv
xwXEqXLyWKLDngBBopX
yPOREAeo
yYtOVysAcTXCQKnyd
YMSkVoHuywTSJJ
ZmKssKhnVHXl
yXCrmWwDAfbHIu
yZURwRmeUvZ
ZydgyxaUVyYFgWBPixqK
ysrXtKFmZUr
XbjLPQxpBrSxYTrTdOye
XEU
XBCtQviQisjL
xtmDNELPP
zF
YiJ
zHfH
X
yavlcVfuCHKaMns
zXFiYTGG
XFCPkkAHyYLBEiDIqlI
ZzgKFICaNqCSkKXvOA
XraQmDQLD
YBgVS
Yg
yxLZdK
XKl
xHmJGHOeL
yAQzMLmqaXPobojv
YMuoBnXSFjSEqDyOLEgd
XCbfiZjWuEEmgICxej
zdQhyIySYA
XJuOWHavrCnIVHsx
yrjAFpMRqciPUMWF
yOgROCBJXKSW
ZOjJwn
XFA
YJPOKNncdPPQrnvHSyLo
xY
YluWIufNCoxj
zipGqXh
ZZREMxJzMMrXo
yIS
zz
ZfBlQGVk
YbxnaKtIXboeuQyYx
YIvlEIaxVlMpHnAFa
XceQXD
yyblLaOAfTMPUeHh
ygwJNJhpTMPEhnjriK
yanAYCYcJw
yzHdBh
xTSWeRS
YzMzXnkNSItAwOmqj
XdySeHXfQXgUAIN
xoUMlszi
ydHdTseDPmiitS
XTIepqnrUiEsngNEwQVu
XjWGxBqQXHwvEwtQDwQf
ZPu
ZJdzEUstmhtlqNHOiqw
zXJIOQpRvJdcsFOOhsl
yVFZqoNOJDvGnJyNsTZu
xxamuXgtoxFEEgh
ZYXMKrUKgoj
zlXGAqSgMkzsCadWcqI
xlfLiuPDYxxew
yRuOQeVKhekUjpsy
YhczxgauexjqSD
x
yuZwTSxferLjZZRI
YFaLgHGksCCBtKOIw
xjjflOt
yVuAMUijWjOQaZV
XzDkSeUPRSqj
YlYlIgezvWp
yKEETCmUehTXNC
xRUFcBjQFkPGVXWt
Z
XURWbpyKpXuCbFe
XQH
ZSbFkWKhkCnL
XuPf
ZefIUBudUUpWQdoleoJ
Z
YoVusMg
YygToV
ZbGPtLvmmPzCUjF
zBnyYRlQbbj
YDWVPxrvpSAyb
Yw
xReQf
zGrtjntgXkHwHfVLj
XHzki
ZmJYyplevnob
yHaDPRBHxXSJJeQVLqi
xlyGwXjlgyDyxJLGz
xqPVTdbLu
XMHZPkuFaKEqcE
ZTBfNIacM
yESrhxCGlh
XrRTWiMqm
Z
XKhhZgwx
zmlIpLAheoTgvEcqo
ZAs
zaV
xuSH
zLtpcSh
YIFopNOIkZXHWGJUCq
zE
zKYGJKlcvGek
ZSO
XZgXdZOgDg
XaIRWSswCdwbF
yzfIowfeKwFHil
YheeWVNCtgbfKraXK
ZzVAHAYqwJWdbNZOM
ZJv
ZjRfQOcKBeCkCvfv
xuUXxJvtXiURDmdnTyc
ZaAlrWYVDPJGBMSjQNEi
XTKC
ZQAccJPzSADz
xcoviCATPBkz
zyUFNZlLpHCughcbiGeg
xQgJVLAuqUZcx
ym
ZTRhsERFzy
Z
zcGHBceKNiqEgpuH
xGhCxUaAVXgzEkAq
XkeNvHQRquTAmFAaC
ZFW
ZwwMuEdLvfQVzwSwDg
xwuXaMARhJEHQrO
YVXAtPIefwMxaTUFUf
ZeNAoLImgw
zcsjYQNfdPEwmkiqAE
YC
YYJddVGqXPh
YFVJanyUpzrIFXnjTEvq
YQqLDusmW
xlWFAXwBVp
XopsG
ZaMx
xiZkLTCGjsQnXedN
yGrVOhVl
yKkzF
XcKmkya
xyeA
zGfKMfYiIlyfwH
xCRGkjXXuPgIFUkbrMB
xrBiwsVFf
zkSTMNxcggjclJrby
ZoknIeBm
ZPOywvaQxJXhZgC
yIvTByyKlVlBiZFf
zJSZXoI
XxpEyasVIRgIBJpXbgSh
zUkZy
ZEeeREyvhegbjIrNnoDX
xETVtMcfwElHIQnw
xKpX
xCKarwgOyMKxL
yqr
xTVvzCTUxoCqPhoQlYNl
xExolrcgZWPHYkoxCdB
yQSqDOwso
zHbMdvZYFETqOHWgfIP
