11
9
3
66
1
2
26
259
224
30
134
421
21
10
457
7
169
279
5
94
12
77
52
90
14
116
4
104
27
268
175
282
215
37
297
479
456
266
136
422
115
252
316
48
177
47
152
160
103
182
132
216
22
309
93
6
40
355
332
102
157
464
126
59
35
114
29
13
50
98
149
212
33
95
137
442
60
42
20
211
107
162
139
36
296
496
349
434
329
361
418
92
308
495
336
413
153
248
311
51
85
119
298
319
222
231
315
71
154
124
41
8
431
38
24
61
23
121
49
109
158
197
79
84
62
364
341
135
301
293
367
180
45
323
17
31
15
276
250
497
174
78
321
338
247
99
202
143
390
43
100
183
73
63
146
128
206
101
260
415
477
428
484
230
127
420
67
76
72
54
69
138
168
165
318
474
267
461
244
381
176
335
374
173
462
156
150
147
53
68
28
87
19
70
264
285
39
32
25
58
74
106
80
423
57
64
322
151
65
167
274
189
405
88
246
290
91
179
105
444
499
223
383
491
196
325
358
75
120
407
443
373
97
16
18
113
34
351
392
394
262
186
398
232
403
210
204
214
352
170
468
337
55
89
281
289
218
188
354
203
86
280
155
270
123
233
122
425
205
213
345
220
96
265
133
384
284
327
366
307
346
305
219
449
465
387
372
498
192
236
111
455
110
145
433
130
377
275
56
258
184
436
438
44
466
161
83
485
178
144
368
454
159
238
108
478
278
112
199
401
386
82
419
416
333
118
194
493
209
339
437
447
294
208
251
473
470
400
81
234
414
166
430
344
326
195
427
117
148
142
369
313
286
353
440
380
200
129
257
324
356
242
249
404
306
393
190
269
409
363
292
226
241
141
489
347
432
193
350
314
467
365
320
357
271
370
382
221
185
303
287
402
171
299
385
288
46
334
411
283
399
448
181
460
310
317
492
451
340
263
488
342
198
486
494
483
235
487
391
229
187
245
362
343
256
302
359
243
125
172
163
459
239
445
452
475
446
225
312
273
191
261
254
389
458
500
481
472
435
371
378
131
348
417
360
330
375
240
328
237
396
277
255
395
140
228
164
272
469
490
331
227
480
453
408
476
201
253
217
304
295
291
424
450
412
207
426
376
300
379
397
463
471
406
429
388
410
441
439
482
