447
13
354
2
61
1
587
737
79
365
269
421
25
42
446
173
109
190
56
4
54
807
101
3
94
82
346
825
700
636
512
991
180
596
126
344
400
107
148
22
86
58
211
391
85
254
96
224
455
40
7
49
83
6
5
318
272
11
204
122
357
926
492
456
209
439
95
757
633
672
245
667
717
201
517
431
965
948
120
351
252
105
606
29
39
52
117
928
643
743
731
628
222
681
630
879
677
275
186
796
979
416
510
71
12
138
298
72
124
149
9
259
719
34
217
136
51
917
483
8
650
310
18
175
73
441
867
529
366
394
568
697
821
582
924
830
845
286
956
853
399
284
761
977
993
130
533
372
579
786
986
666
221
694
290
134
46
452
91
129
70
178
238
262
143
904
907
615
438
467
638
541
970
408
212
835
873
460
493
369
14
17
801
21
376
174
90
158
305
373
815
829
629
576
418
781
427
624
308
302
57
909
237
695
15
114
289
47
68
10
113
550
883
20
382
168
348
246
967
799
722
914
913
475
669
751
612
454
772
657
328
59
973
64
270
514
530
301
118
155
895
364
127
282
263
658
515
894
637
276
332
471
151
513
618
752
503
591
626
648
662
516
19
36
718
63
44
314
23
32
24
268
111
115
43
37
920
847
954
27
26
77
30
994
812
184
192
108
166
849
135
597
181
864
279
486
706
320
385
448
763
502
784
327
392
668
66
102
67
98
613
565
16
55
182
315
360
586
819
81
311
84
604
393
273
150
534
652
996
532
608
226
409
696
575
885
774
552
463
367
842
177
121
196
316
958
862
468
567
621
739
267
271
426
358
419
294
193
950
641
932
702
556
724
846
28
35
841
496
33
142
48
404
281
156
161
172
62
248
754
65
524
31
41
869
53
572
78
60
631
112
491
132
167
106
76
110
45
923
713
125
397
543
38
87
232
588
100
340
223
144
464
285
291
297
230
119
573
322
440
992
500
389
768
839
461
250
656
594
521
501
601
811
762
727
770
810
92
580
790
93
324
260
337
558
242
164
154
171
335
163
402
203
428
205
480
584
415
228
704
945
202
88
868
247
434
990
562
984
981
570
236
292
969
625
671
804
943
523
443
255
280
244
817
906
417
675
433
457
798
342
574
235
910
703
735
578
816
734
929
828
69
880
116
325
359
854
840
50
323
998
639
423
141
822
538
299
261
347
194
622
989
208
219
304
345
876
442
792
905
75
611
333
679
321
462
104
103
97
355
225
716
137
183
80
911
159
253
89
758
861
384
937
145
755
243
199
157
170
957
430
504
153
257
860
777
635
477
787
539
544
927
388
680
412
216
620
326
670
614
791
661
218
363
564
465
331
775
451
971
234
485
495
709
383
925
546
649
583
436
258
946
522
921
806
627
898
197
283
375
131
349
497
390
726
714
547
723
887
445
783
241
488
413
361
764
469
537
826
214
919
659
788
306
818
701
848
712
1000
227
249
711
645
123
793
707
698
472
962
676
329
721
782
470
592
518
785
607
623
884
585
729
686
387
312
699
74
916
647
240
874
405
765
598
951
831
750
693
689
191
878
760
930
834
307
725
422
733
705
827
499
478
851
338
414
771
653
229
133
688
832
778
152
169
207
160
420
233
140
165
378
664
610
888
432
264
189
295
749
527
617
99
146
147
823
732
949
902
566
380
545
665
162
453
278
200
955
972
554
498
571
640
744
266
963
759
940
690
551
865
809
674
654
936
683
780
941
595
805
424
738
863
776
875
740
855
889
482
632
437
411
303
274
179
458
590
833
473
901
251
836
600
555
429
983
577
938
356
542
386
746
313
476
619
933
309
779
188
319
176
128
820
850
687
838
756
561
871
398
379
959
535
837
944
872
195
881
953
507
519
407
479
569
773
866
890
899
797
982
912
892
139
961
459
813
187
185
766
343
213
296
406
708
370
256
444
425
450
859
745
644
540
673
528
682
288
210
536
808
557
978
710
548
334
795
336
350
381
870
603
985
660
857
980
897
531
767
401
593
747
206
651
691
494
474
803
362
277
999
581
609
374
968
753
599
526
730
748
198
231
506
287
934
634
563
975
769
794
886
646
942
918
976
215
341
330
559
663
435
891
684
720
877
655
481
377
509
900
741
939
508
685
728
490
931
852
800
952
789
239
220
987
449
605
824
922
844
395
802
616
964
410
265
293
489
300
602
995
856
893
560
368
814
960
549
843
903
589
908
947
339
352
678
371
553
317
736
882
484
396
988
997
353
715
915
403
858
966
642
511
487
505
525
896
466
935
974
520
742
692
