2
167
1
3978
2798
433
120
1716
4038
221
972
915
75
3
10
92
35
31
1256
3415
641
143
82
68
15
9
2441
18
2501
13
3660
3588
1927
870
200
2126
1719
1209
930
4283
259
129
76
102
77
4
2313
145
1513
213
3555
2512
54
5
24
1201
51
16
999
320
804
1081
156
398
696
99
307
2199
566
109
1066
74
69
2831
4100
55
652
227
316
2777
4138
1926
3559
3443
166
1047
222
1056
175
2298
159
189
1096
1468
1660
1834
1456
1877
26
780
1069
346
391
12
83
556
160
19
3685
46
287
4263
2548
90
1345
4918
98
4888
385
2863
2891
1773
3570
3305
2002
1068
629
304
374
1054
365
235
250
238
157
237
88
367
23
2201
11
8
468
494
293
1385
2299
1424
87
274
163
150
4417
6
21
1371
4667
170
17
420
348
469
4425
2478
2239
134
358
101
266
60
633
49
84
25
139
4020
29
3467
105
340
1078
1949
2609
1094
4806
1439
3918
239
498
1427
3874
1103
426
2463
976
2062
808
1483
537
349
4534
1000
4549
3610
2635
2977
1155
585
1917
715
924
700
568
188
941
3289
1843
4522
66
61
447
4243
431
3087
298
325
449
1651
1243
1562
2684
296
2799
1120
2244
1225
499
906
1611
667
2228
379
224
3353
3449
202
205
352
2388
1718
4378
372
2836
1739
2987
4591
2783
4091
1549
573
78
306
1060
446
1462
673
2256
1598
116
27
182
286
3193
3465
791
443
2035
1759
1050
2276
1369
1539
4720
65
3136
48
45
1938
473
2717
330
153
3518
257
4026
939
640
716
4528
3980
2593
2669
3584
313
3686
2348
196
1154
2732
2675
698
2941
219
967
493
983
4116
2864
4569
2825
3770
4050
1782
3698
1398
739
3780
835
834
529
3922
1785
4906
1737
1246
3776
1374
3058
1279
2130
2847
1366
308
360
198
184
1223
2755
2318
326
542
113
142
1051
1993
3022
1818
430
4968
57
805
1450
4749
3775
1757
634
4799
14
22
85
440
107
20
2307
1570
1800
1533
981
3472
793
4375
1597
3092
3255
1960
311
4881
2765
4632
670
1535
484
199
500
4902
662
7
305
158
128
53
177
36
354
1244
2882
240
963
47
32
515
81
39
2141
2293
888
2175
3168
183
4950
33
71
28
1168
1391
1632
1764
1160
2525
3736
2597
2524
2269
2715
1135
4291
1789
2197
366
626
950
2185
479
152
738
4503
672
3191
2439
1640
93
356
1381
1658
928
2931
64
3347
604
56
1477
1485
393
1075
996
248
3217
3163
309
721
59
554
578
329
117
415
132
4379
860
666
421
453
682
1258
3428
1946
2664
2877
4159
1682
1830
1489
2079
1792
437
1194
4175
3473
3297
1082
1088
821
3173
2519
544
1969
960
1418
1673
680
405
2417
1467
1273
3937
3045
3327
1887
1338
3285
1988
3151
4703
2317
1309
1473
3896
985
1285
445
687
441
1127
768
256
2756
2354
4544
1030
811
137
2633
1259
2350
561
3131
3953
1360
4537
2540
2136
1989
1828
2827
931
4654
545
1743
345
386
3425
4325
3753
1520
2345
2262
3059
1837
798
1058
1327
4646
2029
873
611
2409
1330
3607
619
1171
347
2473
378
674
4731
2934
4620
3006
1868
551
334
295
743
4119
4101
4010
3007
1026
380
4795
3987
4815
2772
2114
1595
1763
1150
605
3400
270
254
883
370
112
1547
612
598
3385
614
2387
2767
2200
2625
1428
3926
1039
900
314
4787
1738
639
909
3879
211
1514
1413
1822
3502
1555
4999
4365
3510
3210
4139
3215
2924
2554
4400
3229
4519
62
272
181
50
91
4565
2750
1954
1272
549
946
220
185
3823
485
4246
1073
1365
1563
3105
1004
2691
4681
3266
2562
2207
1169
467
1438
2828
3362
807
3630
2902
1788
3797
2812
4244
3354
1208
4841
3766
4072
2159
779
665
1098
456
1500
4236
1594
1745
1548
1108
2793
2460
1158
1122
1628
4057
2643
1941
4317
4930
1644
2558
4416
2849
4947
2129
4113
3157
2203
4956
1921
4472
2205
3611
4866
4157
1681
3890
3745
4539
4963
2026
3248
1671
956
702
1750
1197
3017
3140
2219
562
1779
528
4613
874
4983
4511
3466
2936
1455
1199
1284
1046
916
1153
2622
1057
475
2942
165
3061
251
321
297
3446
4592
3546
3432
2578
2999
3519
461
1269
290
3267
2871
72
351
353
2985
838
4784
4296
1951
1553
3090
4941
852
265
451
30
41
195
281
318
236
647
466
124
148
2932
749
44
613
630
194
263
495
106
73
4473
3079
1895
4971
2848
362
1179
3565
3028
4249
2195
2605
2787
4589
3276
3445
2914
1821
918
114
1207
115
80
1492
217
901
2898
948
228
212
2157
3283
223
260
2005
276
2389
489
1237
1561
171
2108
67
168
3462
2678
373
1236
3427
2003
1303
3315
2564
482
4141
444
1478
4082
1708
3646
1104
2085
574
463
52
490
905
788
1102
994
2337
632
4421
2216
516
387
40
4099
4840
178
1593
2433
4707
3505
2835
216
472
474
230
732
118
2443
3214
933
37
795
1735
601
4287
288
3335
34
3536
1141
4045
1419
4433
1791
3697
3974
1934
1689
3508
3731
2683
2690
4107
3739
4942
3976
3036
3734
4938
863
3915
722
2430
332
2927
1072
2324
1364
3241
2424
108
121
961
4962
3720
4502
1444
655
519
3641
1389
2681
1730
3407
4126
1900
2353
3259
3411
643
4454
2969
1530
187
100
1664
3621
2102
513
4916
1579
3318
1138
3522
1277
710
1519
4374
4171
4043
4788
548
1723
1480
1903
225
1294
3333
646
401
1133
868
653
1922
4856
741
606
1684
577
144
2261
1214
4762
4340
857
2993
1084
2149
4744
3702
4987
1170
1665
4021
4376
3534
4024
4211
4191
2013
4609
3604
4740
4315
2018
2154
1458
1666
823
4586
2181
3201
2028
4751
3051
2142
2326
1134
747
4662
758
593
3115
1668
4542
4810
2214
3521
4469
4282
3955
3089
2523
1980
2676
2884
3469
3788
1147
3321
1023
1967
2075
651
4644
1231
1043
4871
3181
4033
1346
1407
701
4580
4189
2339
3751
2582
954
4896
2648
2733
4775
2860
3363
2257
765
547
4372
368
843
3187
1871
4151
572
2988
4576
2263
4103
1204
3015
2091
1213
3040
656
885
1420
4506
4335
4985
4826
867
929
312
603
464
750
4120
1560
1091
4231
3500
1734
3827
4893
2189
2601
3338
4624
1090
3651
2538
1445
291
3809
2896
1063
458
3170
450
546
4090
3387
2819
1948
775
734
778
760
812
336
1379
658
1414
1191
3277
908
4671
4478
4885
1392
1905
2494
2158
470
258
1918
3864
3540
3552
3609
4025
4037
4848
3545
4792
4994
4364
2910
921
1693
209
560
302
1089
404
2208
279
460
2421
110
3064
987
179
457
94
3165
1151
3031
2271
3424
4570
564
579
1193
748
4857
3397
268
581
3806
2736
4095
3494
247
2780
2995
506
2950
1276
1912
1382
3840
4507
4295
628
3913
938
1070
893
3509
3245
4812
4134
3084
2607
4593
2567
2575
2014
2334
3966
1901
2209
2953
3156
683
677
3597
1240
1140
3460
979
3375
3901
4273
2842
2240
1311
3078
3014
4615
2926
2465
4078
4977
4446
2118
2517
2845
4384
2869
4711
2025
4964
3419
2287
4545
2456
1266
2738
763
3455
3619
3706
771
1059
4552
806
2638
3477
2052
3672
3470
3542
3679
3614
2131
2187
2080
1324
1643
1435
1333
3553
243
2072
459
4437
419
1446
1314
968
859
328
300
827
975
1048
4165
481
1657
2925
1295
2283
1325
4096
2117
879
736
4181
1635
4413
2989
3544
4688
2834
997
1341
1087
2410
2403
833
1185
517
395
596
3891
3512
3839
1310
2370
3515
2152
397
299
396
3152
609
131
452
3001
1527
38
186
70
96
43
3317
594
735
623
4077
851
3008
861
2145
2573
3029
502
3916
3908
1029
1149
3842
2599
3924
488
1212
1352
2455
226
1565
3380
418
1313
3957
3348
3642
89
273
627
565
555
675
712
1411
2758
794
3429
280
1656
754
589
532
1076
138
119
359
511
125
180
233
161
384
4412
527
4619
3233
4105
3532
973
4820
146
3293
2395
3582
1721
369
1977
3741
3746
1417
410
1271
2855
661
2981
361
602
787
2868
2004
521
1479
3281
1609
1092
3251
3234
3110
342
4482
246
2479
190
889
621
3309
3341
344
4455
541
1928
1242
974
2260
1498
1909
3772
2617
3558
4687
3826
1083
508
3247
711
1629
4042
742
3388
1726
4636
3575
3129
2099
1534
4818
1008
588
127
898
4419
164
1332
1320
2646
1955
3636
1014
4494
1359
1196
4705
689
719
63
357
645
1148
4610
424
3748
552
1159
1550
2235
2144
1554
1706
2161
4693
1265
2992
277
289
586
3408
147
1021
42
1152
660
962
982
638
234
173
154
2959
4459
4013
2770
1813
4420
4355
3737
3533
2784
3649
4418
4913
1095
448
1126
1299
4617
2641
1571
2427
255
620
151
934
914
1608
3906
3172
2782
2634
4801
2809
3725
1528
4334
4517
1326
4405
2801
2098
1979
3235
4497
1935
4772
2598
4440
1578
1400
958
1761
1124
1156
2561
327
140
2563
4128
1262
1913
3881
3564
3561
2743
3171
4422
3048
2850
3222
3681
637
4844
4621
2917
4719
4005
3099
3133
1621
3914
4318
2191
891
2218
3673
2506
681
2576
3936
3394
1302
1638
935
4240
1182
4652
1220
4152
617
3644
3026
1227
4842
3854
2677
2346
4281
3112
3513
4530
2373
2302
3729
1971
2490
2697
2296
3566
2038
4257
4294
2132
2265
1649
814
2040
2853
607
4460
4691
3312
2584
4692
4870
3406
3334
4837
3855
1698
2920
1558
3962
2420
2721
1853
2101
1270
4247
4166
2888
1441
2206
2492
2520
2496
2742
2488
991
1908
796
2053
1591
2671
3202
597
3066
3921
1430
2571
4450
1936
3209
947
4279
1582
1507
2872
1233
4370
2259
2140
3035
2702
1238
740
1282
2698
1814
1742
2109
3060
884
4186
4180
3819
801
1416
3666
3337
1200
4607
4743
1811
2258
4410
2907
3626
1986
4172
3038
2444
789
487
3264
3265
822
1139
1217
4828
4915
1612
4070
952
995
1529
2857
4701
1801
1943
3605
2612
1862
4167
1968
1637
4596
4600
3740
4998
622
1679
507
3132
284
2088
4305
4288
4239
4980
4737
2039
3876
3390
773
2248
1952
631
1746
1009
1123
377
1797
3063
2223
3577
4563
3793
1940
434
1997
1038
3091
1253
1630
590
4588
400
777
1118
3246
411
1497
130
3119
3272
292
1241
341
206
1829
558
705
703
840
2957
1037
1255
3562
2285
4651
731
1496
3801
1173
1491
2972
471
1361
3498
919
315
1230
2727
671
1137
4430
3160
486
2484
510
3313
1106
4758
4329
4814
4162
2703
2662
3199
2718
1864
2719
1329
2531
4824
1700
1180
826
4018
3499
1377
1888
4574
1885
2301
3009
4839
4521
3573
4533
3709
2640
3352
2316
966
2010
1245
2110
1184
4590
2722
2083
2807
1328
3322
1618
3935
3128
2916
2502
2297
4477
4071
1434
3786
1239
3853
3981
4874
2493
3094
4656
2204
3284
3768
1583
275
261
3384
3992
1457
3586
4669
1756
1388
4441
1592
890
1114
2105
435
2128
733
1982
1017
1692
3458
744
4578
1904
4220
1622
1796
2333
1350
2116
3648
1820
2649
1525
1452
1778
4009
4453
3554
4339
4391
3146
3323
2663
2103
3306
4891
636
1055
2786
1278
4035
4479
3727
3574
816
2565
2616
2220
1001
1897
1275
553
1144
1399
2887
4858
176
244
4595
725
4797
618
4397
1390
335
1817
1077
133
1842
301
126
728
381
95
3046
1448
478
174
197
241
86
2176
79
58
104
920
1115
1251
3114
3252
2843
1007
650
1347
800
3178
1890
970
1368
2687
3514
1395
3143
2892
4909
2391
2179
2051
3225
4387
989
803
923
4923
657
2119
1924
436
4889
462
610
786
810
945
103
1760
262
2708
232
3308
4435
2081
2073
759
783
720
887
691
904
944
3787
820
1806
894
846
959
3207
1464
4031
3004
770
1344
2198
2464
3716
3781
757
1667
1847
583
580
355
567
4015
2375
1422
136
403
1879
2980
4234
570
1024
1100
3563
4770
1741
817
376
1670
317
690
414
383
3296
4903
685
2613
1544
2600
2943
571
3488
1648
1586
1613
1188
1541
4019
2818
4052
402
729
514
4149
714
4706
476
1079
3863
1403
2685
584
1249
955
764
1101
1228
1093
2048
4156
2822
3382
1944
2480
3492
2701
2148
1866
2446
2049
3759
4309
1521
1222
4929
406
2618
1974
252
2894
2667
339
927
1436
3820
1415
1932
1914
940
3538
693
4912
3733
1835
1920
4659
4170
3824
4550
4730
1704
1321
1304
3595
4974
4084
1363
2545
943
2137
149
4333
1953
2177
1065
1025
1603
1033
3260
392
4932
684
522
790
1353
2423
3560
3414
1187
1186
2628
1460
1625
1280
2940
1894
509
1317
745
3634
1958
866
2665
2383
4736
686
2974
1166
4989
1470
1808
1744
2452
2416
3857
2394
774
350
2788
1406
1125
2655
831
1071
1652
375
271
4606
2024
792
3882
2212
1011
694
1097
2499
1283
2349
1289
4259
1482
2245
364
718
423
592
1727
242
2151
3174
2747
3567
3101
245
3280
4599
3219
1219
4992
2074
4368
3150
1281
2811
4308
4276
3688
4773
4163
4673
3665
4362
390
2978
4213
2630
2341
3939
2487
2668
4501
4853
3218
4850
2994
2971
3676
4967
3000
3711
4879
2500
4017
3606
2918
2984
2435
4546
1192
3925
2939
524
2550
204
141
3705
2032
2771
3625
4304
4536
4343
2122
4680
1523
2883
2483
2817
4411
3148
2178
4650
2267
4187
1175
1394
4150
3794
4074
1731
2568
4083
3779
4278
2642
3821
2803
3456
4271
4723
4747
3738
2407
1722
4864
2769
1112
925
2366
3299
4990
2908
3435
1540
3947
4449
4133
4655
3257
3680
2466
2382
1290
1855
2134
2644
2000
1515
2781
4738
4573
4845
2938
3011
3003
2065
1393
2286
2331
3928
1031
1494
4086
1526
3071
2242
4634
1725
3409
4625
3438
4531
4448
3844
2753
1898
836
3615
644
1260
1975
1142
1224
3884
1221
1867
3161
1164
2124
4432
2911
4258
3349
2295
4862
2304
1945
3062
2574
4712
2759
3843
575
3430
1769
2411
4557
4898
3254
2447
839
4215
825
2955
3664
3023
1775
1645
1247
1423
1254
2619
2870
4551
3631
4944
3653
2556
753
2454
1856
2289
1987
2749
4921
483
2111
3629
1699
2067
2093
1351
4284
4875
1770
756
772
1754
322
664
388
4628
2305
1216
1067
4976
408
669
4154
1109
2928
1701
465
4872
310
4367
3056
2712
4525
723
2482
2766
1190
1484
1678
2097
1501
3044
1865
3856
2746
4229
4689
3220
1447
1790
4876
2238
1641
3149
663
600
4975
1431
1747
409
1157
1984
3489
4250
1753
2533
4177
695
2166
2459
1506
2402
1111
2739
1531
3961
4917
3718
2167
2580
3495
2935
2570
1107
1869
3847
2146
1172
3405
1387
2274
3550
1376
2449
4716
4055
1965
2544
3744
2923
1536
4767
2357
2457
4465
4777
2336
4582
1297
2415
569
1639
1296
4316
505
4289
1765
4905
2504
1881
3243
2639
599
2779
2800
4398
3952
2037
761
2804
1105
3549
1610
4314
2413
3183
3080
964
1874
3176
2277
4232
4065
2560
4221
3057
2190
2115
3867
4475
2518
881
4114
1774
1121
3141
1803
1891
3073
4093
3785
3030
1461
1581
4350
1421
4732
1532
2281
4779
951
1291
214
724
4274
407
3771
2123
3127
2636
769
1465
429
853
1602
1323
1966
2092
303
492
1620
3227
1357
2084
4868
3822
1916
523
2970
977
1020
1339
799
3517
1373
193
122
454
135
4235
3655
496
1198
2210
319
389
2250
201
1915
1177
978
1006
4085
595
538
123
1402
2963
491
97
278
1947
2138
4209
1466
155
1616
536
4512
172
896
283
208
1116
2532
2445
4489
1850
1715
3587
3287
1334
1319
1451
3638
1348
2045
1267
1322
2776
2352
2372
3889
2960
4834
4349
3412
2392
1762
1476
2055
1412
2376
4345
2008
2890
917
3624
2335
2937
815
4664
2666
912
4092
1852
809
4059
3395
1401
2007
1876
2021
608
394
210
4961
480
2112
417
2680
559
3985
2986
4254
3539
4895
3778
1183
1287
1331
4995
2174
1907
2135
2266
2527
4953
2709
1034
4067
1086
1584
1669
1857
3487
1647
2400
1143
1841
3647
4562
4835
1229
2751
1145
3069
2378
2438
2592
2017
1771
2368
4697
3948
3892
766
1748
1061
3342
3873
2695
4147
1396
1174
1911
4643
678
3326
3310
1831
563
4577
2627
162
477
707
882
1793
706
1437
2171
649
2816
1564
1627
3750
4781
4764
1449
4200
848
2422
1178
1397
2082
679
432
4409
1049
1661
1832
3639
3875
2711
4338
2856
2912
2254
2549
2070
4836
4572
4196
4587
4404
535
4058
4702
1132
2320
2196
1923
3658
2645
3238
837
1902
2797
1617
1577
4965
2087
2515
1961
1195
1018
4560
1749
4954
2071
4436
3230
4714
3596
2595
2588
2948
4629
2991
4381
2139
4877
2511
1677
3240
2656
3735
2044
1490
1590
3581
2064
267
676
3095
3153
2901
3905
520
911
4266
1546
1443
3920
4434
3804
4269
4919
1226
4115
3977
2542
3249
3941
1662
1991
1696
3757
3568
1650
1410
231
576
3355
1499
4252
3120
4061
2529
3464
2865
2458
3239
1052
1003
3343
3722
2329
869
2170
4556
4023
4108
1380
4463
4869
4679
1836
3728
3242
3645
1816
2060
2761
2854
988
3608
2321
1766
3620
4746
3381
1342
4226
2707
2160
2958
4630
2041
3184
3164
2419
2230
3796
2510
3052
1474
1062
709
1573
2477
4160
2692
3039
530
797
1580
512
2606
2559
1518
1306
1844
3474
1027
4286
1130
4757
993
1755
1162
907
1607
1758
2626
4759
1863
2647
4943
4053
2356
659
557
1042
1504
4270
3833
591
4158
2962
1378
782
2614
3942
3275
3943
4027
363
3208
455
3933
324
338
4532
4022
1268
1261
4718
4486
1354
3503
3358
3719
2086
1386
3138
2965
3829
3356
3067
3899
4324
4993
3997
3659
3894
3995
4755
3118
2650
3480
615
895
1985
876
1736
285
497
269
203
1702
3628
3336
2608
4832
1752
3097
1575
3330
3292
2876
2735
4633
3694
4403
2897
3528
2620
1695
2795
4342
4729
3800
3441
4505
3197
2745
1929
2451
4559
4694
2778
3376
4709
4979
2284
4851
4496
2069
2386
1942
3524
1624
3398
4030
3102
1983
3866
897
3708
4131
4438
3417
3687
3050
3594
4561
4007
3167
4049
4041
3391
2405
4855
4581
3506
3576
4982
3124
4447
3204
1318
3569
1653
3478
3024
1729
1472
2322
2374
1511
1257
4515
1110
4347
4064
2255
2428
4955
4467
4997
2076
4034
4727
2090
3463
504
1799
3583
1642
1810
2815
1085
648
776
2632
855
3294
1074
2699
858
1614
4616
1119
4704
755
3760
1453
3137
4861
1794
4386
3303
4887
2624
3379
2555
4248
3773
2027
3019
3951
4508
2291
2437
2467
3988
3166
1992
2539
957
4297
2796
1307
642
1846
2380
3070
2253
1804
2470
785
4341
3203
3696
2224
3108
4696
4564
2396
824
2042
2278
2725
4407
2881
2547
3714
3268
4348
3762
2596
3872
2688
1599
2399
3543
2143
1206
3223
2156
4523
4695
4984
4765
3021
3836
3704
4169
1872
3850
781
4298
3691
1634
2398
1176
704
2654
4346
3088
3055
3262
737
2964
3837
4129
3461
3950
4846
1248
3520
1957
2068
2015
2361
3383
4089
3747
2362
2851
3081
4488
2280
4500
2875
1305
1481
2231
3086
3803
2485
2019
3828
4056
2183
2611
2670
1469
2342
1568
1250
428
501
1312
3661
4351
2107
1028
4822
3437
2730
4939
4111
849
1919
971
2651
2774
762
2194
2497
1181
4491
856
2714
1040
2303
4044
1601
3684
819
1409
4075
1925
875
2272
2789
4978
2997
4066
2434
3328
3121
2604
3459
1676
4202
1654
2249
1503
1933
4280
3652
3695
503
3192
913
427
727
1884
2365
2792
1812
4745
3100
1646
3710
2431
371
2095
1293
847
2213
3404
2325
1432
3795
730
1615
2165
3250
1440
1463
3825
1035
1300
3107
1996
1585
1487
726
635
2436
526
4117
4104
4761
111
2243
2211
4516
1899
169
2505
2172
751
2232
343
3126
2740
333
249
422
872
1713
830
953
3703
543
986
746
399
1019
3572
2553
3657
2895
4110
4670
3761
1442
1384
4811
2947
4831
1524
4661
4393
3205
2961
2672
1849
3612
4988
4663
4164
4674
3640
1880
2089
1823
3732
1517
3295
4361
3175
1146
3232
1559
841
3964
1383
4352
4217
2731
3897
1572
3849
1425
4575
4137
3010
4901
2921
818
878
4739
218
4865
323
3700
802
2861
3635
1680
1860
4928
2226
1859
587
3675
1999
2233
1809
4062
4959
3096
4382
1633
3431
4969
1973
4657
1751
1939
3516
2023
1883
3290
4188
1878
1292
2468
3960
4597
3909
3485
1274
3200
3802
3037
2741
2384
2946
2300
3104
1044
2351
3025
4715
4886
4380
2710
2621
4195
3603
1315
3244
4819
3726
2215
1408
4493
4051
1343
2805
990
1556
1041
4285
4143
4860
1349
3324
2476
3237
4495
1688
2360
2658
3811
1475
2106
3547
4290
2768
1015
1340
984
534
688
1509
2188
1959
2046
3690
2587
3712
1703
2526
4996
2162
4003
3402
3367
3177
4721
4068
2094
2078
3490
4184
2874
2846
4847
4321
3041
3169
1826
1264
4543
3678
4194
4363
4123
3877
2660
3699
4672
1786
1691
2310
3973
4230
2096
2841
3599
525
3216
1234
4585
1807
4805
3403
2700
2404
4331
4484
2728
2288
2713
2661
4754
1576
382
692
3979
4377
2873
3912
2184
4385
3674
1337
2589
3845
3307
4683
2899
4414
2704
4011
3535
4008
1851
3027
3433
4780
1010
2377
4878
4323
4911
3791
4098
4073
4121
2956
3258
3713
3944
4742
2905
1728
1508
3190
2775
2030
2586
998
1129
2311
1910
1362
1301
1636
850
3556
2951
2509
2237
1848
4642
1036
2810
1136
3013
2572
4768
1604
2225
1663
4627
4135
2543
2340
2359
2885
3453
1619
1367
3910
4555
2461
3834
4471
1286
2066
2408
1802
4292
4097
4608
2401
845
1732
2202
3256
1772
331
842
1316
4867
3113
4251
4199
1459
2949
2016
2236
2268
2319
2830
4039
3020
4538
3591
4427
3784
4816
3331
3196
4219
1626
4439
1690
2823
1053
2652
439
1080
533
518
713
2371
531
844
294
3344
2900
438
282
3130
3548
3497
3929
1886
1686
4265
4665
4717
3958
3314
1709
3142
3329
3484
4173
4207
4611
3483
1937
4492
2820
4934
4389
4326
3777
3371
2673
3799
2425
3319
2813
2332
4174
4481
4190
4223
4198
3807
3592
4000
4311
1335
4900
2886
4001
3351
2990
3269
3350
3236
3486
2996
2844
4945
2762
4791
3016
2522
4838
3134
4583
880
2393
2878
3693
2100
1893
813
3440
4884
2364
3042
1740
3093
2472
2343
949
3301
3946
3454
2748
3369
4208
4602
4267
3600
4277
4741
3332
2552
4268
2976
3835
3422
3288
2674
3830
3389
4203
3633
2832
3878
3491
4724
4401
3413
4567
1827
3154
3373
3278
2723
2275
2909
3885
2952
4228
4109
4299
2933
3902
2448
4958
4763
4395
4713
3273
3671
2814
4981
3298
4774
3304
4653
2729
2929
2537
4676
1502
752
4658
3983
2659
4182
2309
4388
3755
4678
2583
2516
4922
3396
3098
3730
2338
2057
2330
3198
3618
3832
4649
2557
3228
2327
4222
1596
2631
2475
540
3632
1950
3851
2858
2763
2610
2954
4087
4638
2379
1117
3989
4081
965
4470
1840
2507
2967
1205
4829
2839
1882
3523
1405
2047
1889
4554
3162
3261
1512
4253
2790
3421
4322
3663
3622
2785
3496
2264
1962
4392
2385
2406
3814
2164
829
1128
2270
2059
936
550
1032
2757
4237
2063
2889
2031
4509
4946
3991
2247
4357
1659
4813
4124
2469
2840
4319
3302
2521
3212
4032
4452
2893
1557
1600
1683
1783
3868
3211
3763
4635
2982
3578
1567
4406
4931
2001
3047
1672
1543
1705
3447
2315
2450
4485
1493
4132
1780
708
1588
1358
2615
1298
832
4272
191
1685
899
2246
2569
4366
3963
192
3439
3426
1288
1505
910
865
4571
4328
3815
2737
886
2279
1655
1787
942
264
854
1012
4014
1896
4197
4371
2306
3085
1002
1336
3887
4793
1022
3949
1189
1711
2328
1819
3180
4303
4216
4145
2308
3838
3721
3707
4782
4456
3224
1998
1767
2009
2193
3357
4444
3998
3074
3231
1875
2637
1355
625
871
864
4210
3689
2791
3945
3965
3083
1930
3365
2012
3967
4185
3274
3300
2344
4769
4668
4040
3571
1522
4785
4369
3919
3883
3969
3792
1545
4682
4843
3123
4948
4852
3654
2022
1232
2251
4951
1372
4458
1873
4353
1963
4218
1805
2369
4140
1510
1606
2602
1687
3601
1163
2734
2922
2127
3370
3374
3345
4800
4677
3996
4205
3531
4518
3493
4854
3106
4192
4359
699
668
4952
4722
3117
3158
4786
4293
3938
4734
4080
3186
416
1215
1202
2273
980
3386
4873
2794
3893
3109
3602
3589
4445
4699
4474
3392
4306
5000
4461
4136
2173
4894
3481
4520
1776
2180
2919
3320
2147
2903
4908
2120
3053
4548
2036
1370
4899
1375
1161
1784
3195
1795
3361
3185
4892
3870
3444
1854
2252
4807
3813
3585
4883
4161
4623
4428
3858
1978
4641
2826
2020
1733
4390
1972
3637
2551
2169
582
2821
2314
862
1707
992
1537
4142
4178
3125
4513
3279
3971
4849
4640
2495
4183
3135
3898
2043
1694
3852
2182
4970
4069
2862
1697
3931
2904
3194
1356
2693
4778
1165
624
2312
3805
2696
2121
1433
3043
413
3670
3790
4645
442
903
4487
2808
4498
4794
4733
1824
4756
4666
3416
4443
4255
2754
3959
4904
1994
2724
4752
4568
2975
4193
3530
3617
3054
3940
4153
1471
1825
3769
3082
2579
2033
1454
4106
3846
3598
2682
969
4626
3147
3340
4833
3723
4088
3368
3451
4451
4260
4054
3871
4201
3907
3774
2077
4830
3831
2913
3270
3954
3904
3798
4431
4327
3841
3968
4584
2930
3311
1675
4112
4442
4300
4429
3420
3895
4827
4048
4094
3650
2694
4312
1720
4973
3816
3557
937
784
3068
2657
3742
2726
3682
3253
3206
3667
3077
4725
4926
1990
1587
2155
4700
3934
4046
2585
2824
2833
4313
1210
3399
2113
2471
2498
2530
2535
4076
1013
2866
4594
3377
4612
2679
2163
2514
4880
2706
3457
3423
3144
2414
2528
4146
3189
2716
4863
2290
4457
4821
3715
4660
1574
2050
3527
3359
4504
4728
2462
4890
3643
1605
1798
3692
2760
1566
3188
3012
2358
4302
2806
207
654
1931
3111
1538
2282
892
4176
3529
1235
3677
1569
3504
4991
1839
1551
1252
2418
2104
1429
1623
3179
2534
2491
2168
3764
2217
3034
3848
412
697
4936
1167
1768
1906
3286
4647
3471
3812
4986
2906
1045
3033
3789
4859
4753
2061
2744
2133
3005
4426
4415
4631
4262
4354
3213
2837
1714
922
4622
926
4383
4179
4558
3526
4601
4798
3994
1717
4344
2429
4480
2229
2859
2880
4301
3669
4925
3756
3065
4060
4466
4063
4144
1631
3613
3541
4510
1495
425
1404
2577
2536
2390
2056
3810
4726
3401
4527
1892
3442
4225
3468
2968
2983
4710
2058
3590
3743
3668
3507
4330
1870
3452
4803
3888
4047
4949
3911
2034
3271
3869
3990
2623
4006
3593
3900
2944
2966
2720
1218
4245
3072
4750
3410
3580
3360
4698
3049
2227
2153
3975
2945
4130
2150
3859
1674
1131
4808
4790
2234
3627
3291
2829
902
767
4514
1016
3226
1203
2546
4553
2915
4242
3917
4490
4914
3683
4408
3476
4476
4566
4935
1486
3808
2486
2323
2973
4204
1552
4771
4464
1995
3984
4468
3986
4776
4708
3970
4802
4399
3656
3860
4168
3139
4920
4118
3325
4233
3982
4603
2653
4336
4264
2292
2590
4125
1211
3717
3767
3372
2566
4766
4206
3346
2453
4960
4605
3930
4937
4155
3155
4690
3364
877
229
215
253
2006
1542
2054
2802
3316
3511
3701
4618
4540
2603
1724
2503
2508
1589
2541
1970
2705
3339
539
2381
828
1861
1712
1956
3765
2367
3724
3282
2011
3434
3076
4373
3616
4927
4966
4685
3818
1099
4940
2221
932
2192
1005
4604
3972
3782
3551
4924
1964
1838
3754
2474
3886
2513
3103
4483
3475
4897
3903
4029
3662
3993
4394
1976
3880
4547
3932
3122
4028
4907
4735
3783
4356
2397
1781
3075
2998
3865
4360
2294
1426
3418
3758
4310
2186
4320
4012
1845
4809
3159
2764
4579
4238
4526
3145
2442
2689
3032
3436
4122
4358
4825
3927
4396
4684
3448
4760
3862
4261
2426
3450
1308
1263
1064
337
1113
1815
1981
616
3861
3002
3393
4148
4748
4462
3263
2773
4529
4402
3221
4102
4804
2581
3752
3479
2412
2222
2594
4933
2867
1516
1710
2355
3579
4972
4882
4224
3817
1858
4541
4036
4212
4524
4016
2591
3116
2752
4817
4598
3999
4241
3956
4639
3182
4227
4957
3366
2125
2347
4004
4127
4307
4675
3018
4783
4424
2481
2686
717
1488
2852
4499
4337
1833
2241
4686
3525
4910
3378
4214
4423
4789
3482
2879
1777
2432
4637
4256
3749
2629
4796
4535
3501
4002
2489
2363
2440
3537
3623
4332
2838
3923
4823
2979
4614
4079
4648
4275
