945
655
7
8
1
4
3
265
962
5830
1734
1552
9639
148
714
2116
826
54
88
1763
17
245
18
30
456
667
9434
4488
8596
62
5419
6
9
20
657
113
2
1359
5
7195
142
12
21
150
13
606
15
303
151
171
11
7911
423
3557
1538
3371
1663
3851
1480
831
683
1997
1875
9345
3817
1032
940
2683
202
323
1396
125
159
1840
866
120
648
217
8734
2896
1031
161
67
3415
50
7361
336
260
1510
237
3867
618
2216
3771
360
1906
123
32
153
29
752
1093
6139
6695
813
84
444
107
51
1178
103
69
2164
68
1759
1468
1848
680
3079
1314
96
5848
543
185
490
9531
6907
2591
9029
1570
8962
5846
45
10
5360
24
26
22
163
28
39
724
1688
2443
3174
903
1410
285
722
391
286
43
844
3280
5603
2379
250
2047
1653
1354
41
82
3222
1705
87
19
34
293
990
236
2135
1090
1013
4528
852
3799
3913
242
432
367
1756
8485
7511
1393
8505
211
598
4395
629
1381
447
14
93
16
339
925
819
36
2027
7664
584
2225
3027
5760
277
175
203
4534
4380
195
61
1143
7385
23
31
42
9840
443
796
3956
1007
1893
2887
8857
5689
4224
4748
838
1071
2830
2362
4168
9512
5199
7932
3092
7165
3848
2322
8570
4336
2922
3104
241
7022
7522
4095
800
4552
5246
7355
6612
4446
4214
299
1273
1508
6171
9111
164
2313
3235
814
2731
8251
624
3122
9442
500
4431
1294
6789
6460
1864
2012
1319
9047
1518
1556
874
344
384
919
5139
6222
383
1596
1307
334
66
1042
94
890
4569
3774
552
1299
2029
1324
922
604
542
548
2452
1899
3117
482
5940
6673
5521
4548
1103
815
992
2074
2560
5658
9747
1323
4319
3488
2521
8853
2464
220
1620
758
9528
6309
115
1023
7356
588
2486
33
3386
1462
4818
56
1116
5699
8089
6095
7136
1357
2574
3106
1371
2383
8110
5321
5127
5131
170
843
3426
1170
3751
126
122
2738
7173
406
4257
6672
152
905
127
2406
4509
499
214
7399
6568
4114
6928
188
2949
338
86
459
404
8292
229
4645
2326
72
197
174
872
1719
6666
2772
2034
5558
2220
2307
2004
7468
5475
1726
364
4373
556
7120
1358
3614
3539
143
9956
166
1631
1220
5426
587
611
627
3157
2482
1321
2968
2520
665
6317
9242
7098
7222
2594
9902
1832
2297
38
1976
55
146
52
156
78
7252
8136
1660
269
1874
3150
2427
4096
2801
329
3358
1132
1684
6827
1184
319
317
80
70
6678
1671
359
58
1614
3752
535
112
64
634
4105
1679
795
8219
7737
8616
3372
7655
6637
6632
1152
7578
2669
1503
7450
6370
1015
7392
754
782
201
139
44
57
287
947
9267
1859
5545
6877
3538
3559
788
2599
505
4124
4636
4502
2761
5296
1363
1172
7433
134
47
559
133
927
555
842
394
3291
453
1297
3697
4644
3158
472
192
2121
377
749
124
222
35
6587
2530
1334
2438
2190
554
7288
3345
4020
2107
3202
3147
1658
2459
4258
9305
3568
1593
8953
2382
537
6821
256
373
2131
4898
1202
4099
3256
3977
2098
7960
9893
9974
709
354
3097
469
4340
478
8296
4566
4457
1461
1594
318
37
140
1411
295
101
4557
194
4875
608
27
335
792
53
7328
513
967
2351
2191
6600
4623
8144
6759
1923
3011
437
1249
2727
4935
3569
2357
816
4786
4929
7046
2509
9252
1490
854
244
726
2386
6795
3879
6704
7113
5067
7906
5134
7966
2843
639
5709
5718
1268
119
2389
111
109
2607
2398
7863
5244
2552
25
1329
2038
486
2631
167
2020
182
2461
89
4600
9664
1992
8547
8598
2453
4014
59
430
411
1835
3010
5299
756
7194
5888
3246
6018
3958
9051
4996
6905
8390
2390
7368
1005
3693
3903
7634
9223
5355
9449
5078
5506
8396
4323
6897
9725
7299
4406
626
862
312
5017
7308
7007
8320
4247
701
1944
3622
9280
3760
2269
7756
4710
4273
9113
1830
6142
261
207
215
240
189
7351
9648
3301
3180
4090
4888
6567
8116
2643
9119
981
4260
3678
6832
4962
9555
2409
6001
5567
4012
2997
8581
2019
4463
1831
2336
3896
1935
7938
1822
7372
5696
9686
6167
2596
8398
2533
7015
3091
7400
417
350
549
1287
390
401
3840
3591
2273
8450
3378
1847
200
630
1198
799
859
102
1183
2064
2213
9537
8565
1010
7349
4683
5555
8079
5404
1482
802
9870
1347
787
6566
1939
6761
1368
5034
4269
621
3572
2640
4869
9410
4515
8393
6087
3596
1043
1118
6732
9509
1313
4738
1257
3520
3542
507
330
504
3031
5101
9120
8922
2725
7127
5482
1871
2819
2457
2072
5044
1442
3026
4930
3475
8254
71
9585
40
374
3532
118
1088
7958
2634
9218
6890
95
8673
2613
4744
8118
7145
7260
4795
6015
6788
1914
1891
8266
7384
3819
5881
9281
421
8545
1580
1569
1233
7972
719
1804
162
895
6366
1484
3815
4610
8337
3020
7989
706
5596
9036
886
9694
510
1108
3790
1648
1186
1794
6302
251
180
5535
3811
9665
341
259
9907
603
2919
243
4952
1678
6448
748
959
1077
4475
7832
6918
573
1022
1494
4531
4778
1777
545
1295
2159
892
2346
4038
2339
6848
2580
6156
235
6021
1902
888
6358
8958
5875
1419
520
1059
187
957
9028
617
1788
2957
635
4005
1666
7605
2412
369
376
5747
9444
6941
3607
1819
6748
8474
8531
3219
4241
8353
8795
4922
3407
3660
8900
2470
6211
5378
2688
2899
699
528
9739
9679
4018
1682
8300
9757
1725
9373
1636
3167
8926
6404
5261
979
178
5728
199
5335
6073
2562
6250
741
660
2035
7115
7483
4143
1559
8927
7178
7125
2905
2395
3163
8276
3340
3328
2670
3471
3902
9394
9001
7581
5089
46
252
6455
3230
9687
4523
2794
2183
563
2522
633
7947
1674
414
4662
216
5564
3149
76
137
385
3494
63
589
1818
965
809
158
193
3642
7857
8613
2169
785
5361
395
977
1931
3521
7305
1784
296
744
1106
3053
2434
5311
4472
4694
3173
7258
9860
2824
9863
7534
1963
1300
640
4462
1151
1506
2377
3124
9052
5515
1422
798
465
7386
591
1760
426
322
571
224
716
3714
488
386
204
129
340
923
994
8246
2578
7640
8917
1239
3025
8851
1907
7341
3859
4154
316
592
1379
4048
1599
100
132
837
5858
8774
5312
2543
6857
9760
5712
2663
1550
8318
7432
9359
3290
3708
5902
2711
5968
7792
5453
3779
1787
5528
3034
3382
5356
1483
1344
2385
7898
8676
7644
5801
291
234
514
8807
2765
3333
181
90
81
416
79
1850
98
2211
677
1491
99
7031
6377
3655
1800
1689
3603
3658
6569
9597
8176
5935
5115
2928
5268
7020
4931
882
998
3816
9631
1236
1339
8106
198
2456
292
4001
190
65
60
810
4991
2171
984
3698
435
1954
343
157
891
165
6099
5655
730
1195
4773
1238
881
8594
3006
950
7996
2989
4359
7942
9354
561
4733
2340
5503
4840
9010
6014
9646
1428
2592
9274
1338
7603
8681
9377
596
9012
904
832
985
5189
964
74
73
590
1644
1942
2484
7795
8189
4231
5353
3565
4189
4863
3410
9838
6096
3594
3769
6859
2265
9545
5445
5576
4213
4533
5692
4663
5417
1134
378
6349
1389
3952
4464
5690
7793
502
2499
5399
1768
8163
4304
6077
9191
6997
8193
2856
2103
1340
2251
8760
3064
3593
6482
671
1291
508
6463
6019
5410
9158
6818
2026
5883
2980
3893
1140
4329
48
2845
9474
7437
3018
8270
9263
2142
3013
1141
615
4839
307
2316
4559
4127
960
4902
9432
594
4384
829
3641
1097
337
1369
8183
2058
1423
253
738
210
372
1033
1394
768
3626
9059
327
576
7346
516
2335
1579
1486
4886
6079
6372
7839
8696
5029
762
473
4957
1105
3080
3244
8666
2935
4895
4171
1611
4915
7809
8584
5302
3939
5263
2712
770
2111
9550
1343
1752
733
1224
7953
5479
326
196
1099
840
4459
186
114
6553
915
6181
9150
8135
9462
5541
7357
169
2077
4345
8070
1124
92
1521
9452
3504
2860
541
1211
637
4054
5376
1204
8431
1008
668
572
131
2146
491
8103
2991
4316
294
83
474
348
6199
77
85
3813
7062
638
3148
3877
1702
649
5790
4352
9589
3360
7615
6949
5348
5688
9334
1649
9289
7137
8049
5216
9271
1094
6275
5420
5887
6343
8557
8043
8861
9446
8946
9222
5236
1142
1279
2189
1231
2815
1296
6301
8458
2939
461
6719
9775
1566
324
7594
5369
8423
5132
6686
2841
5196
4137
6740
3836
2325
8846
7901
4805
5037
5620
8153
4301
6536
8347
2055
2263
1408
449
2659
715
2016
399
4150
223
931
9261
1929
2875
894
1536
976
455
580
233
3241
1560
3566
8236
410
9889
5438
9738
5091
6833
6776
2695
5645
5301
8659
7505
8087
9932
4790
6741
8516
4511
2200
3496
8207
1924
6638
6664
3943
1962
8126
2848
2312
8804
7460
4925
4255
484
685
2498
6193
6931
9965
921
4796
1650
1571
2155
2865
1390
600
2399
6489
9318
8428
4583
9225
4284
2916
2042
3869
434
283
2105
4142
3802
4679
2912
1514
476
6436
4330
4677
147
138
526
747
351
2762
644
1345
1331
3804
8094
6064
7812
3288
4803
1965
2157
5477
9468
8518
4277
5685
4412
4226
5099
4249
9526
7076
9824
5238
4510
1284
2150
3354
4385
1122
7848
4309
5668
8952
5223
2636
4725
8050
3525
5530
8803
4324
7498
9386
9954
6297
5235
7032
5257
9054
7891
6402
9210
6994
8441
4356
427
7600
160
441
651
1961
2315
2127
4004
1816
8137
8731
2049
1601
278
9228
4242
6750
345
177
512
155
428
551
2701
7693
8796
9614
9856
9327
9122
4071
3171
7276
4608
7532
9049
896
5630
3209
1915
6767
2256
3986
3022
1061
3236
1240
7336
356
314
7572
1583
5755
6295
7804
9709
1700
5251
3999
2451
2531
6813
1458
1414
1341
2965
2109
5992
2538
2489
2705
1427
8356
1861
6369
8965
3847
3950
1426
6258
2718
1812
5204
6940
4101
255
1125
358
9380
3528
949
4128
1278
1261
9764
4921
342
581
8874
315
659
7362
3864
4535
6951
3278
4288
257
1175
247
1470
5211
7618
1544
5997
3190
2616
1417
1397
2148
2331
2630
8255
6051
3519
2526
9582
5583
8282
3998
3116
662
583
4295
2846
5161
3384
1192
5498
4434
6059
2590
8504
5669
1024
7342
704
7823
8950
1511
2182
4920
2449
2447
4311
1553
1880
3824
4240
3271
883
3736
7396
3724
2112
5536
3992
1945
4676
4225
1808
8261
1856
5027
5072
3065
9595
2422
2355
3868
4263
2293
534
1430
8855
9923
2023
4302
7713
4722
7323
4846
4236
7004
3228
1027
2858
2407
6175
6903
1926
2947
3186
1949
2698
3887
3441
3918
5219
3587
2490
1617
7965
331
6304
219
6866
878
887
1500
8408
4276
6430
9209
935
697
7831
2122
5145
7170
9451
7834
8334
1959
2620
3686
5820
3759
4198
7887
8225
4524
6996
9511
280
49
2185
918
121
553
366
413
1661
9208
281
302
5085
7819
9797
3243
3964
4631
3252
7220
1101
653
9423
8397
9994
9803
238
5703
5643
8925
1450
1755
3265
149
289
173
2752
8923
3713
2196
8801
858
515
4769
2694
8843
6137
4419
5677
694
7935
2653
2559
1971
6088
288
2517
8369
2898
3498
5036
4335
7025
2124
1068
2219
1872
7635
2126
4891
4881
2791
3598
5548
3255
1672
1953
3584
3042
3349
6500
4602
9688
5804
5359
9967
3719
5447
7769
2515
3680
7248
8442
1716
1223
2689
5487
8466
2033
3793
2730
4403
4441
5243
5894
7378
2488
1146
3164
2581
1069
1269
4864
4530
445
1063
470
9005
533
5463
3705
991
616
8982
1704
1791
311
3234
2418
3194
2278
1464
6212
6244
2193
565
646
2931
4148
452
1055
1361
501
1171
272
3012
5476
209
248
9556
4368
6868
407
5977
1439
2314
1776
4961
5266
9755
2151
4979
3491
8960
2057
3200
6314
8626
8323
7018
9544
5205
5180
908
1993
2165
3312
8151
8901
1769
5483
2969
4669
306
460
687
1551
274
439
483
5578
1264
8607
7701
9290
7479
9145
6439
6148
9388
4568
6284
3994
7228
9745
6853
9203
8235
8198
5574
5584
8828
3703
6177
9695
6591
5150
5943
1747
4798
3220
3144
7678
8477
1665
6662
517
450
1370
3005
353
557
1148
2381
675
2152
6170
5007
6606
230
2660
1541
297
264
3273
524
301
4926
2840
91
7212
2706
362
7335
595
3981
613
467
1181
1995
9094
7688
1630
7099
2030
1058
104
1712
6186
6055
5569
2095
1535
433
5240
6279
8108
2051
953
3985
7993
9793
403
1465
1060
622
7377
4950
3627
5167
9979
6154
6456
2510
999
1811
1026
4740
9382
8073
5934
6293
8530
4486
3829
5011
3617
2501
2282
1260
8908
2612
4365
3304
3068
6713
1803
176
3795
718
262
191
75
284
5255
328
2900
845
6486
8013
2243
4149
3514
2593
4397
4399
3035
8243
1724
8279
213
347
4050
5432
1161
3885
4046
2784
1168
1165
438
184
346
3778
5040
1797
7216
3832
5207
2231
1256
3533
6129
4851
1562
7585
6160
3667
1276
6998
4667
8372
8148
7412
1526
2477
3032
3526
1904
6683
6183
6843
7943
5006
9167
8055
5465
1235
1110
1054
5594
2037
1975
9720
1519
4807
1387
4021
1730
1315
6718
1136
6995
2188
117
679
1495
7921
9909
7187
4976
9233
9935
4729
3625
6863
9794
5272
6126
2658
4882
8418
7354
4413
8231
2363
4060
1934
1459
1985
6616
2319
6593
6444
1625
2187
5070
9900
5680
6480
5156
1388
7537
1823
6408
8769
5060
4250
4887
7360
4158
7682
4847
525
1073
308
172
3554
145
9796
9996
5201
8737
4369
2261
9117
9198
3141
6578
3210
2350
1845
9080
6367
357
2558
652
495
2327
5275
4170
2358
4983
5855
2353
4015
4607
3329
5174
1709
6635
8101
7072
3953
4339
578
2432
6999
3479
313
5737
6287
786
3965
3424
820
3954
228
2617
1014
764
1034
1749
6273
2754
1913
3647
3935
5678
3274
3720
3772
8791
3715
8654
1018
3937
3216
3214
1351
1046
1079
7626
2743
3823
6505
9189
995
1109
5653
5214
3240
9132
5117
5925
4817
4187
5950
4845
6169
5557
4162
6839
2368
4087
7254
2850
1598
2210
7402
4104
2656
9600
8486
8849
3478
436
1160
725
672
352
489
405
1190
8184
1303
1199
7307
1019
531
1250
6185
1229
2139
1004
2874
585
305
130
212
8578
3318
8658
8190
267
8052
6545
225
3786
664
3184
5407
9808
6084
2238
1174
2487
7424
135
753
105
208
2242
2376
5203
5025
6097
6270
3886
2125
1771
2988
7919
6499
735
8985
2348
1155
6563
4173
8214
2545
3099
3645
2063
933
1476
8005
986
2417
2998
7924
1112
1167
9185
4076
6760
6150
5374
1126
988
9671
4619
3400
7754
961
693
3052
1829
2661
546
282
1839
8863
1810
1036
3342
7143
1862
2296
518
818
332
232
110
3490
619
4967
97
4648
6893
493
6002
8391
5817
8655
9358
1604
2476
5601
1119
1474
1066
8974
5442
6492
8667
4543
9090
6024
3919
8611
9427
6285
4856
2925
2085
4547
2527
9518
2117
6717
3368
8954
5995
2129
771
1718
6934
579
570
418
7298
9649
6070
6603
6599
8335
8216
9202
7332
5956
5789
6062
7414
8628
8749
9993
4618
1516
2133
1815
1091
884
8510
1045
1217
3004
856
3105
2066
2102
7427
5675
409
3409
3430
3837
9116
3019
6973
7180
1466
6980
2320
3310
1981
968
681
1451
5195
997
1424
3683
300
4998
3574
8879
827
824
2473
705
1210
9475
9194
7441
8314
7800
9812
3344
6852
7981
8914
9083
6968
5431
7110
6947
3153
2895
1309
7001
8490
7333
7331
8015
2222
1860
4351
6172
3221
4975
9166
983
5030
3662
5309
835
8051
5155
4471
8367
9953
4965
5198
3675
333
5731
6022
6495
6570
9014
8386
6351
5308
2959
2497
2097
2431
1253
609
5343
909
6526
5186
7446
3505
271
1693
5633
2810
1050
144
3182
2378
1245
946
569
2868
2174
375
806
1813
1157
2393
7204
4208
3456
5009
8936
6144
1221
676
3126
1870
2854
7065
5123
6652
6494
9784
2479
5336
4603
5921
5615
9615
5178
8617
8206
9848
7883
6716
6184
6153
2330
4762
9594
4379
9467
4383
3352
1365
2021
7930
4376
8502
3078
5612
3907
6815
8812
5800
9441
7325
7273
9683
4736
839
1330
6386
221
3707
325
440
1932
3543
8784
9752
4123
1565
6474
5171
4209
6281
4140
3206
4121
9368
5005
4556
2611
7196
4540
4480
3322
523
1973
382
574
870
636
1158
2415
4386
1504
2170
2948
1133
1154
2344
4491
466
249
783
737
9193
1673
1667
828
1038
1039
855
2529
3254
8113
4308
9847
9964
9982
4112
2337
5546
7066
4737
8507
9823
9402
9389
5377
5903
7107
2512
1434
2092
4267
8808
1326
6224
7535
4828
2268
2764
2537
9986
7782
5222
4237
7988
9880
7904
4986
2628
5443
3770
2513
8546
2785
1863
3434
6521
7397
8460
4482
5750
5544
7944
9161
8661
4982
6910
3462
2036
7557
2740
3363
9476
7081
1582
7425
6089
3706
8944
7348
628
530
355
1884
1549
492
5916
8304
3270
2863
4460
1626
8036
6243
6112
690
550
825
1409
1853
7129
8063
2609
2324
4932
9741
8512
9644
7205
290
3777
1247
1761
9969
3131
1209
789
2927
2208
7978
7509
9317
7244
8260
2060
3132
2933
4767
5500
4197
7794
9766
7621
4990
3797
7757
1489
6481
2778
9240
4521
8085
4344
2864
1708
1706
8446
8501
5815
8252
9724
7980
1443
1854
6110
2303
3416
1977
2011
1164
2010
1258
766
2298
5024
6320
2934
6029
7155
8237
4671
4430
9553
934
3976
9235
5683
2132
8872
5910
7060
4293
4650
2448
8362
5873
7844
7387
5722
6274
4649
2441
3718
2717
8725
5094
3961
5000
7271
8614
8663
4652
9137
3259
2235
1367
3455
5600
9814
7933
4835
4270
5365
5585
5866
5862
3142
6772
9055
6734
3028
4120
9795
4062
5050
8538
6610
8297
5259
3570
3631
5016
1255
309
1841
848
1074
3069
3928
9875
6720
9548
5080
1827
5732
1790
1048
8913
1471
2257
4572
2290
6636
4204
9689
8215
5298
4704
8528
8640
593
320
794
632
106
475
582
4544
4135
3088
5116
1460
1849
218
2505
2134
5108
2902
5986
4988
2277
3789
612
3590
6929
1425
7560
9634
5725
8677
9810
6970
1762
4752
830
3269
4407
2223
2194
1655
9411
8695
9781
9629
1798
3644
6861
5538
7740
6030
577
3846
485
1130
349
5291
2674
412
739
9085
7699
3576
7973
2113
980
1398
8980
4638
5951
7808
7826
1947
6151
970
2721
3047
2082
3921
2800
7547
446
2144
458
8844
4601
774
7970
5486
8035
2635
2709
7063
9019
2550
2583
3990
3188
4245
5428
2892
4596
6000
4223
6254
1828
3646
3914
9542
9357
6033
6913
7818
5982
4872
3284
2429
2492
4110
2834
8560
7169
3128
2753
6988
5942
2664
6865
5766
4122
8463
5580
7111
4849
5927
4571
5915
2549
3285
8916
5860
2806
3223
9200
3014
3023
9837
4643
3951
2284
2373
5504
7410
6705
3727
822
7047
1736
1473
4529
1564
6534
7275
7502
4072
1053
3962
1200
3084
8877
1895
2693
9888
2621
402
847
6817
2585
3481
9607
3501
5418
1577
5093
2156
7775
4494
8200
1096
3081
2255
1715
2333
6318
9626
4254
6042
1243
2971
2820
7464
1786
2954
3242
1226
4513
1084
1355
6240
3606
2619
4094
834
2528
5066
9904
5914
6118
363
4727
7116
387
365
4065
462
7431
7365
2586
7732
3100
5414
9876
1888
1187
6702
4402
5727
5499
2388
4592
2138
2040
7641
8422
3597
5602
6979
8078
3364
1894
3454
760
9176
885
2061
4306
1349
3901
471
479
7692
4286
3649
4436
1558
6012
6490
9598
6992
4685
5405
9151
6794
9170
8444
6703
7916
7339
7869
6723
3558
9622
9074
4007
2805
5966
1523
1921
544
607
1499
3643
5898
3279
8090
2455
9938
759
3419
1543
5501
1488
5593
2914
1080
1814
2551
6768
8194
9917
9084
3749
773
2289
431
6540
860
7805
2504
2048
9284
1801
5105
1607
3508
8420
1852
4477
5107
4303
4632
1102
8924
3721
3127
8003
1336
6937
5339
7225
108
128
9364
4160
5627
503
396
4317
408
1246
1405
4826
734
6216
5392
6300
2566
1908
1072
8141
3375
5077
1656
2894
2722
3875
4421
4108
8071
8652
7319
1643
141
2202
5874
602
1149
442
3197
2460
7263
3324
5098
4266
1545
8303
3063
812
4720
1275
7860
5749
1925
480
6467
9381
1145
4668
6415
4906
8984
6009
1009
1298
7774
5577
8678
6292
8893
7770
2852
3447
2437
4984
7343
5424
9950
8911
5287
5480
7982
1764
3187
3630
2876
8836
4885
9515
5571
803
3114
481
5170
4119
522
547
2264
6207
4043
2018
226
422
1496
136
836
1047
2444
4577
393
2240
532
4388
3108
9226
937
1703
5042
2564
7786
8281
4537
6956
9719
3165
239
380
7677
3287
871
2782
1416
1455
8024
8603
5184
2204
5628
1386
5130
2230
1456
9913
3690
6633
1901
1972
3671
1740
1507
4039
3619
9032
7467
2742
4246
4973
972
2299
2410
6478
1283
509
2397
371
2136
8180
9815
2637
7236
4211
3927
9533
6197
1687
2233
1877
5852
7250
9470
4783
6764
5505
7287
8771
5779
6476
1982
4879
1742
7293
1115
1968
8250
3343
2642
8272
9142
4721
4606
2829
568
1513
708
5863
4243
7090
7440
9408
4757
5484
8750
5606
3110
3792
9258
5277
6135
5519
6226
6557
3298
6391
8403
2359
2481
2366
5847
5398
1421
5581
8117
6472
6558
4423
9678
8514
9608
777
5333
6449
7075
3730
1542
698
183
9056
1714
310
9118
1431
2963
258
6792
268
5516
4443
6805
4134
8751
3712
3874
2601
3692
4866
2937
692
1586
721
8056
2582
8354
3978
8295
3177
9606
6769
7330
5472
3348
7138
6157
6845
5507
8264
6136
3428
7490
6329
6538
929
1731
8945
3905
9244
7766
5876
389
1205
2089
368
2956
586
9586
2062
8482
3513
2606
2365
7910
5200
3974
1868
4637
1795
8065
7797
8074
8124
4115
2005
540
463
3162
4174
4028
8744
1581
6109
5389
2673
1646
1645
4019
1364
2474
8948
9786
8732
7089
7725
6773
5836
9635
5124
7587
3833
6679
5159
8433
5421
5297
5022
4768
3782
5253
6223
9625
9978
2790
2555
1216
2813
5395
1955
2271
6812
6595
8580
8582
9426
4641
1531
1792
8577
5803
3469
7841
6179
6411
6036
7040
9798
6203
7747
7316
6133
4717
7676
5384
3831
3969
3665
1780
1772
2577
8991
8285
7388
6379
5314
1627
913
1234
5787
6289
5697
2212
729
7642
790
6895
620
599
8932
7002
4657
3016
1070
2946
6049
5686
1333
2648
6085
2918
7622
9767
1285
5904
6362
682
1449
2544
6548
4191
3612
2807
5944
3095
2842
9106
3370
2869
3365
3637
9642
3293
7261
3438
4653
3882
5508
1196
420
2000
3403
179
424
275
2696
3102
2206
8208
7312
536
3351
2439
1746
276
494
1988
5197
6220
4791
6354
4877
5959
4461
5588
9140
6202
3225
7604
3002
2823
3300
3834
3207
4450
1680
7449
2602
8609
3113
4830
246
8096
5003
168
321
2197
3492
6072
2468
8997
3493
6305
3316
7711
941
4730
3129
7878
2130
5621
6921
3755
4959
5768
5371
8624
1400
8039
2198
8990
2929
6778
4084
7083
7369
8468
1395
9921
9571
6389
9835
7840
8819
9363
7210
4799
5896
3021
5711
5439
4792
6388
4251
6516
9976
9886
1179
3632
8928
6361
1135
5152
9172
2759
5649
4640
6115
6810
1618
398
566
6164
2408
851
5651
4573
1547
2401
8963
5838
254
4656
116
1916
1286
464
7648
7053
9516
808
1044
769
6127
3737
9833
1855
6488
9041
9429
6771
4699
3929
6581
5823
7133
5969
9081
9129
6801
1584
9947
1035
7185
1533
4576
9805
9572
5695
2209
928
793
1230
5748
1222
562
4282
791
3391
982
1203
1064
9750
9568
8329
7984
5079
6364
1751
1498
2328
5681
5041
4155
8814
2680
1075
3075
1817
1697
3258
9457
6100
3768
3096
670
6104
2394
477
4328
4843
5276
9853
3414
1905
7687
9673
7240
9931
8815
7870
2649
3015
5856
2751
1529
6867
2141
5624
8708
1139
1402
7937
7541
8383
1833
975
1085
641
9936
3421
2120
1001
1377
2990
901
723
6035
8166
8968
9552
6414
7974
8931
7567
5533
6403
3580
6520
1677
7054
8014
9983
8981
8524
3453
5840
3083
4918
3585
5337
7546
3466
8957
1453
1635
5313
7128
5798
6384
868
1520
1989
1227
9619
9082
5452
7518
7752
6964
966
521
4042
7787
9583
2936
4977
5565
7211
2633
1328
1567
2384
7656
1348
750
7352
2436
6674
1017
1413
3121
1472
1692
1281
3676
3912
1869
9313
7651
1927
1228
3754
4253
1129
3046
7837
9577
3738
2491
3030
4861
1030
654
3059
8571
2428
7536
5172
388
2682
821
2172
3529
4999
2672
5792
9154
8111
8204
4180
9211
9736
2287
5797
3169
8540
6618
8956
5455
9532
7710
9929
7799
9165
4418
4586
8443
7510
7749
2972
1420
8552
9078
3948
6090
910
8937
1412
6802
266
279
3704
5708
9356
400
817
920
5604
2604
1327
2224
5058
9328
6152
9192
2006
9027
7790
6189
7074
4944
5010
8319
4689
3268
7741
7517
8625
3861
4370
6576
6011
4437
1735
8699
2757
797
3484
1081
3826
1457
5491
3540
1003
3050
1208
2618
2942
7379
4505
6916
6334
2192
4481
2861
1435
6889
6399
7366
775
1317
1065
2349
661
451
448
7235
907
1970
846
2608
9924
8996
2771
1799
6596
4161
5112
2069
1767
1602
6501
5517
1177
3107
4377
6316
6743
6582
5054
8669
6066
8177
8556
9196
9285
9792
2702
3895
6572
8579
2809
5488
3858
6432
2445
4483
5481
8280
5878
8942
9360
2780
2662
4647
6392
3090
2750
4219
4321
3575
4702
5933
9740
8679
6269
9799
9832
9342
3321
4825
7300
3689
2391
8638
2994
4951
2218
1603
1557
601
7504
2822
1695
496
3057
3595
6003
678
746
6339
8735
8366
9480
7374
5237
3389
5570
2650
2022
2442
2176
1732
2262
3118
1936
2986
9004
9037
8146
5608
9975
951
916
370
5559
1337
2419
4394
3589
3442
1432
1057
9896
7024
2889
7613
9883
9604
2086
5062
2414
9326
3433
5999
9507
5148
4933
7706
8499
2603
5810
7302
6173
9535
6503
4053
8583
6631
3807
3577
7476
9489
3283
3523
7153
8462
8283
9259
5714
2940
5757
7597
7491
2825
6221
9365
2404
1271
9981
3103
9234
3852
3506
9966
1305
5741
9534
5373
3000
2985
7023
9221
5095
3423
7017
8645
8032
8691
5781
7010
7051
9123
3393
3448
5075
4146
9061
4614
6141
6396
6188
7030
6729
5891
8976
6044
2692
2361
2770
3082
3276
780
6043
4033
2411
9660
4801
8483
8167
6409
4661
1807
2119
7078
6946
3008
4417
5825
8416
2542
1114
9627
2032
4210
2910
3087
6547
5063
7012
5051
7616
6464
8105
8777
5590
8940
1522
1922
4758
8506
3272
4366
2338
3446
2168
4166
6008
1502
3260
1699
863
304
5226
2446
4609
7811
6659
2981
781
1698
4169
3330
1277
7052
7783
7764
1694
4518
8787
3555
765
9991
9782
8031
1966
658
6328
9383
6880
3289
5667
5704
8407
4229
3524
4354
2697
5912
9669
4905
2258
7583
4432
3635
7042
2546
1758
1757
5739
8919
6542
7192
6532
8093
1041
8325
2425
6459
3800
1738
703
623
392
1753
3146
9744
4627
8350
1785
2734
2369
2114
6886
8331
8410
7161
1089
9393
9995
9260
3623
9164
1248
4025
9547
9463
6511
9308
7144
7507
2724
7835
3909
9270
4374
8361
8998
2093
1169
4299
1000
1561
1188
4820
2259
3394
4884
4747
8127
9697
6656
7370
8373
5338
4634
6504
4031
7824
6681
9099
8668
6963
8572
6149
2031
8066
8305
6546
7203
6469
3292
5705
6190
5842
9153
3850
7359
5084
7654
6989
3681
7430
9483
5008
9184
8131
5592
5192
6692
3309
8209
8797
4426
4855
3942
3451
8542
7643
9473
2679
5813
2982
9579
1866
1308
1741
1918
4810
3750
7186
2478
2195
1986
2677
5385
3510
1897
2167
6303
4470
3996
3037
702
1067
2028
7154
8343
5793
8878
7670
9590
1406
5682
1104
3828
1415
7609
3440
6842
8587
3001
2787
5556
3094
9732
2305
4106
5303
6406
6461
2923
4452
2469
3431
2655
7389
8426
5828
6187
2462
4732
3959
2237
3161
6544
2100
1782
6955
1225
2370
3098
8933
3960
4145
4695
6102
9063
6319
1834
6878
2704
1743
2118
731
397
2178
6724
2392
1964
1886
2776
1366
487
5772
2676
3262
3957
2423
1978
6138
5273
2768
4938
3638
4466
8248
9350
5109
1909
4581
8086
1563
1212
5702
4525
5700
7503
3609
9874
1728
4190
4138
1882
1670
1669
9834
8894
9216
8690
8498
4896
4451
4056
6086
6924
8327
9895
9392
9491
9818
5662
4766
4739
6323
9266
4287
9756
3711
3249
6346
9849
1591
6733
4876
5978
8754
5175
7179
3910
7148
1021
2354
1267
5985
3563
1685
8465
2970
3941
3581
1082
2719
3973
5537
8321
8534
1092
1640
1637
2818
7858
3237
1595
4040
2708
867
930
4626
5844
5730
2341
963
7199
2851
3326
7121
6446
9787
6608
6413
6911
2044
6357
4195
2847
2371
6266
9941
9778
8756
5217
5659
7306
9618
9371
1969
1452
1436
2589
2572
4558
7850
5932
1254
1987
2025
497
807
7009
5444
205
381
784
647
7077
932
948
7284
1597
5715
6814
454
3531
506
575
663
4387
1373
2812
1572
3873
5018
6277
9374
9517
9661
3701
3199
4788
2024
2665
8476
6993
4574
5367
4784
5930
5408
4416
2610
154
1765
700
7411
4097
642
1527
8978
4955
1029
4520
761
778
4141
8187
5435
8689
5069
4507
7830
7590
2039
926
1262
5928
8145
5052
1720
3459
7214
3353
2232
2356
857
1270
625
5996
1194
9482
1843
5168
3181
9557
7941
4235
4259
7472
8012
5953
7117
9253
6360
6784
3151
6210
8298
5370
3857
3048
1312
849
5835
1478
8635
3089
1311
801
924
942
8883
6111
4615
669
911
4217
8746
4414
5811
1448
695
4682
7269
8301
5143
5642
2796
6985
2524
564
873
1138
538
6574
1012
1524
736
1629
717
3700
457
3267
1086
6253
4911
8140
2638
5713
8554
3033
5892
2536
712
1479
711
2286
5459
1214
5146
2654
3334
1928
1011
2652
1162
1779
5137
8832
4193
3722
1980
425
2575
2076
2071
5831
5899
6708
9187
7337
4816
8326
5895
2540
3212
2400
7865
8102
3936
3044
2532
9915
6856
5509
3138
8161
6416
2932
6310
6234
2166
3664
8688
1802
2506
1517
3422
9968
8539
5663
4692
1259
8287
7822
9731
614
5497
3791
4941
4675
4405
1537
7514
4746
5118
4625
9331
6048
5524
6239
3112
5818
9617
3931
4605
8130
7658
8884
8821
7569
9633
9186
5023
1994
5635
1120
4497
9183
4964
4604
6283
2090
6259
2334
2054
5485
4578
2180
728
3325
1497
2584
5372
8783
7114
4400
5473
7381
9800
8986
9549
4233
3604
3007
5671
6092
7776
5839
2746
2396
7690
3657
9248
7140
6919
5752
8675
9952
8637
7526
3009
3152
1445
743
2690
3872
952
263
273
740
5759
529
650
206
429
3945
4599
6162
3465
2835
270
7778
5441
4408
8040
7156
4013
6872
4026
3608
3702
4297
3192
2728
5791
7238
8011
9355
9135
9127
9737
4499
4192
6483
5908
7992
7686
7999
7231
5625
3536
3495
7105
1438
3076
2891
3530
610
9299
1213
1911
9641
8449
4813
4439
1676
956
6081
5931
5437
6063
4639
8770
6298
5274
5166
8182
9370
7295
9712
3633
2276
9238
5654
877
2641
1403
498
875
944
2480
8233
4129
3248
4041
4832
1996
5616
5960
2087
9819
9858
9959
5743
6232
9199
4582
8081
3784
9728
2799
5064
2402
2915
2961
1690
4292
7959
3218
8522
7058
7843
4203
9033
7390
8564
3899
1950
2430
9043
8805
7249
6352
9830
6689
8472
7525
3729
3679
4023
6549
6132
7183
7163
4829
3445
2494
939
6260
1078
1919
2270
6067
2295
8830
9748
2283
8726
9236
8646
3474
7193
6966
5827
3497
3695
5061
9943
7227
1668
1352
1189
3820
5363
5991
6923
6252
6658
3444
9098
7717
8513
7420
6620
5162
9827
4545
9698
1881
1889
864
732
1385
6337
4222
3125
6530
1686
1265
519
688
899
8029
9134
696
2666
7702
8562
3041
4092
689
3602
4936
4899
6031
2595
7406
5563
9366
5607
6262
4598
3452
4765
6421
4271
5015
3115
5806
6922
527
1887
4966
6527
560
1095
8002
1967
2699
2741
9488
8221
6579
4006
5745
8095
6437
7290
4579
5323
9945
1883
3166
6236
3058
9372
4495
5613
9250
8969
1076
1016
419
3629
6321
4680
8262
5366
6208
9096
5458
2236
3029
2332
3842
3399
9067
5364
8875
6855
4953
7940
8162
9603
7469
3327
4264
9180
5922
3066
6909
5193
6010
5529
7608
2046
1998
6515
2788
2266
7003
7367
9962
5540
9152
3043
6502
9493
8058
7807
2978
2228
9580
9851
4697
5805
5495
1793
9110
2539
3993
7480
4787
2903
6237
3119
2795
4389
8492
2014
2556
9613
954
7314
8802
1664
7459
2681
6124
7584
1937
4238
4878
1774
539
4754
7813
227
751
7761
3439
1232
415
7639
2811
5290
4487
7253
3661
2003
4382
727
4541
1049
6622
1548
1288
4492
1244
4546
1121
3916
3374
3385
9961
3853
1773
1605
7554
4651
5853
6665
7576
4045
8333
9069
7474
5980
7100
4063
9179
6143
1219
1540
1137
3865
6690
4361
1846
4199
5610
8122
9017
2767
2930
3827
6312
1206
5589
9287
6016
1920
7242
5252
6457
7704
2272
1193
5038
1113
7256
1885
710
8294
1166
6528
558
2227
597
833
5665
5945
3489
7458
4172
3854
9400
9124
9171
9062
3443
3970
8548
4066
4503
3072
3898
2944
8419
1858
4516
5280
1600
6120
1733
2973
2882
1641
5310
5004
2421
7436
6238
3196
5357
7645
4622
8736
3036
3756
5636
9415
8363
7697
7141
3634
9701
4305
6605
8493
7633
5560
4567
7164
9758
2292
4709
5962
6045
971
1865
3086
8288
7109
8563
8610
8121
4347
745
969
2304
5082
8619
8543
8289
8045
4201
5242
3636
3297
8532
5882
2826
5111
3984
7629
1748
6205
8174
1128
7233
1399
8080
4364
3814
2960
5233
2906
3900
1737
7827
3765
5622
7506
1318
4789
8091
8033
9654
9662
9262
9510
6945
8409
6580
5782
8017
9602
5720
779
5316
900
8278
3725
7785
6925
9655
9903
6677
7685
8765
5234
5225
9241
5684
4279
5765
9538
2301
4554
3350
7188
989
8748
7821
742
8904
1463
1215
3178
1360
3376
4036
7589
7552
3135
3780
2687
6458
9343
5729
6640
6025
7565
5707
8618
7968
8975
8453
7318
1163
3397
3331
8871
2519
7095
3648
1711
4058
8627
3564
3687
5213
1778
2342
9901
3975
5832
5761
8595
7662
4409
5599
2639
6241
5449
2329
1789
3613
3060
1197
2958
7876
3746
9536
4343
5256
4715
3940
9842
1469
1796
4815
9351
3966
643
2009
1346
4939
6944
3450
3302
3500
4942
4029
2615
2979
3281
3723
7267
9268
3855
8440
3947
4182
6811
7874
4183
1530
5429
3515
7401
5566
5784
9042
7976
8559
3074
9407
4358
5387
9181
9114
6777
5345
6074
8404
9825
8371
3732
8967
7184
7866
9718
8977
5065
4438
6363
6497
7403
7619
1475
7405
5382
1940
7171
8229
4907
4008
4844
9126
3677
2088
3213
2045
1809
2323
1575
1147
3224
4102
9675
5913
7350
1117
1505
6962
9703
1632
861
893
1107
5851
7473
8344
8943
6735
4411
4937
6419
2836
5849
7208
2808
4890
9025
6787
2779
7637
5693
3130
7918
5518
3264
9416
2821
2245
1037
379
645
5919
3341
2625
2920
3306
4320
9422
9999
6675
3436
7320
6822
8521
4760
7896
7836
8355
7789
6219
8172
6069
8405
7593
8114
8342
7768
6936
6687
6797
4391
7278
3232
6657
5785
7310
9651
5929
3392
7816
8098
1418
2668
8384
9501
4061
8054
6524
9107
8674
8213
9494
7905
3396
7219
8882
4175
5632
5724
9376
8100
9249
7112
8553
4239
2644
7703
9674
6601
3763
6146
3578
1350
3477
7914
8351
8605
2554
2075
4654
3579
2221
8947
9237
5096
8242
3605
1701
6901
2827
8239
4672
4093
4378
4564
9566
7151
9992
9872
6783
5623
6604
9715
4427
3880
3509
6609
6218
6626
9109
2723
4701
5284
361
2080
7417
3373
8888
3417
4130
1290
1573
9806
2070
8022
3808
8021
6194
5434
7416
4109
4504
5926
3670
2844
7119
841
1306
3253
1376
3659
906
804
1943
6394
1159
1218
7158
4838
2783
9072
8519
3198
6046
6583
6623
7707
3560
3830
3995
7867
8427
1282
1647
8185
7118
5572
9801
3544
2507
6552
6711
5754
8232
3934
6424
7056
7139
4785
3972
7577
6960
1890
3845
6509
4077
6780
9173
3056
5334
9668
9348
4002
6227
5514
1274
2403
2466
2626
5783
2110
1378
7524
8028
4332
9788
6862
8817
5539
4871
7719
8379
7758
6564
8385
9464
9522
8253
7182
3904
4476
5129
4422
4098
8201
9864
3263
2450
6584
8164
6555
4103
9112
5151
9525
4498
2317
7383
3313
5886
5941
9147
8461
8471
4948
2976
8451
4686
8018
7376
4958
4185
4711
2424
3405
7050
1820
2078
9276
4917
8727
4000
2926
9013
2579
1131
1242
1237
9680
8456
8766
8820
6007
4325
6898
4086
9773
9520
7371
4706
5342
5841
4974
7679
4300
3512
9647
8042
9115
8414
4334
5575
3549
7126
1837
3257
8935
5188
6819
6267
7828
8395
9601
8799
7683
5254
8703
8631
9039
7570
7070
1404
1025
5379
6276
6958
3656
7150
4478
9885
3359
6858
1375
943
9030
6793
9828
2908
9447
4892
5033
7920
5676
5587
8653
4705
5229
4585
2285
3620
5218
8027
8887
2267
5136
8500
6876
5471
5467
9130
7448
7038
2094
8195
5955
6820
8709
8494
5961
8364
6978
8826
6982
6809
6522
7718
7580
3599
7297
6830
5138
4862
2463
5306
9998
3449
7499
6621
6247
6875
8738
5059
5014
1956
3796
1838
2881
2974
6412
4454
4687
3991
1280
3600
3745
1335
1191
8825
1380
5965
6113
7259
6462
7661
7463
4392
3458
3775
6313
6348
9513
2140
2115
4970
2123
9277
4296
3070
9101
7324
3541
4362
5957
9286
4853
2733
3205
5121
9403
7660
879
1251
6288
7201
1454
6385
1362
9546
1876
2685
6401
2068
6080
757
1727
7408
767
2987
7838
1606
4447
6335
4628
3277
8515
2244
1407
8357
6939
4153
5227
2571
674
5294
4519
763
1301
6751
996
4490
1310
3652
1492
4808
9251
5074
1532
6507
4468
5035
6425
2774
8134
6649
4755
3889
8345
4750
3366
4261
4940
5511
5870
2597
7784
5738
5652
8387
8728
7492
5822
7574
2691
3461
2890
298
3545
1087
231
1127
2884
2274
8178
5975
9011
8173
2977
3369
3735
3884
880
2535
7418
5440
2857
9431
5047
1766
5816
811
3266
4919
2623
7096
1040
6611
5948
9340
8758
9065
5102
7421
1957
9485
2096
1710
7289
6417
3653
2714
3482
2588
3136
898
6834
1353
7566
1696
5938
1681
8119
1729
2573
5657
5425
8211
6114
9997
4949
9310
6957
1857
6975
8762
7296
9971
8745
6670
6607
9197
4152
4690
1612
2686
2380
2797
3567
5158
3624
9636
3734
4016
4741
720
1744
2226
9990
3911
2924
2962
876
1020
1781
4435
912
7667
5328
7528
3404
3261
1754
1844
9523
2229
8920
5979
1083
6663
5456
2878
1241
2992
6961
2769
978
2567
850
1675
7731
2859
1879
8107
5774
4327
8324
6229
6355
8202
897
3739
1383
1898
1608
6738
993
2007
8671
1651
4859
1342
8147
8866
6676
4057
3891
9988
1509
5141
8606
2496
4743
5897
2816
7815
3303
2561
656
4914
4659
3463
2500
3476
6694
6561
9496
7494
8788
7582
9387
6435
6106
9667
7190
3741
9412
6101
4068
6752
2454
2871
5619
5809
2866
9922
7485
5687
7123
5638
5490
9182
5672
1984
8873
6648
2050
3672
7006
1555
2175
3160
4873
1821
1446
2645
9540
5670
5987
4972
1933
4960
4993
7457
4731
9224
7407
4809
6585
9405
6163
2867
8470
9283
6359
8437
9361
7990
8903
5775
7936
2739
755
1006
5492
1539
1805
4341
8411
7103
8670
9616
6387
9089
7743
4870
2760
6376
8929
4429
7520
4889
6378
3583
7197
5780
4088
7879
9502
1263
511
9539
1867
1576
7724
3938
6660
7742
4850
9230
6902
8707
3062
3551
4857
7715
4514
6641
6629
7016
3968
5028
5012
3314
9460
7736
9138
8862
4022
4357
5998
6078
5183
6976
8867
4473
1052
7846
1615
8271
6709
2413
3546
9817
8623
8537
7281
4745
4841
9588
3338
7069
2387
7087
7611
6108
7931
7771
7282
9347
6382
8575
2710
6745
7034
7481
7280
6667
3818
4425
4070
8196
1910
1481
3201
1028
914
1836
1659
3485
4051
3487
5362
9243
4484
8902
6959
3468
6828
2161
7202
9050
5946
5406
3766
2627
4265
4833
8188
7426
9821
9425
9018
8632
4865
7286
1990
6860
6804
5807
1156
6447
2703
5512
4371
1948
5462
6121
2511
5974
5114
4401
8112
2763
7632
3231
2880
7817
5157
8662
9841
8199
8566
9769
5396
9612
5258
2158
3195
6485
4367
3556
6510
7101
1592
9813
1123
7217
2755
8642
6684
4230
7986
9558
4404
1304
2426
4563
987
2870
4047
5937
2735
8076
9713
707
1437
4398
9440
3825
4779
3017
1429
4126
8831
5641
8388
9587
7671
1002
6715
9303
1111
1447
2966
8392
8432
7198
2502
7452
4698
3480
5468
6986
9711
9103
2279
7245
6311
3748
5322
1401
3511
1525
8205
8636
6380
6400
7987
3045
3408
3335
7894
9128
7928
9942
7845
9638
6883
8469
7487
8701
3843
3573
2749
3295
8346
7177
8716
2651
2247
5220
5734
6885
9659
9820
9206
2675
4052
4035
4272
7394
3305
7106
6356
4811
5579
955
1722
4712
7675
8907
7519
5884
7239
2084
5317
8464
5939
6849
9419
2525
9335
3611
776
691
1585
9765
7861
4125
631
8374
8730
6714
3215
8915
4827
5144
1633
9048
5142
2275
6405
9282
9730
5076
2879
5031
4912
4776
3694
6427
1528
7951
4994
3757
5595
5448
8421
9789
7939
3395
7224
6807
8402
5147
9980
4372
8181
2239
3435
4800
7864
8365
6068
7067
6058
7601
9726
4220
3470
2667
2737
1207
1892
1322
8044
2541
2817
2260
9458
3093
4759
4157
2179
3878
938
5344
8535
2568
7997
1958
4868
2793
3726
9882
3835
713
5868
2306
4177
8743
8139
5880
4285
5393
4595
5187
6470
3926
4100
4396
5971
4597
7871
3888
9139
6696
9505
8008
3460
6056
3744
8241
7461
5843
3319
8218
2885
3849
8256
5049
4883
8529
4248
8508
7967
5617
8555
7657
6327
9554
8858
6438
5212
5542
6512
7726
4139
6598
5746
8123
6083
3183
1302
2108
7108
4724
2081
9855
3282
2518
5650
7347
7877
9231
9159
4771
823
1098
4867
5181
2945
6700
8569
8359
4215
4719
2516
4165
7868
7008
2917
5949
3639
3038
6347
3839
4307
6027
9073
7442
4735
5568
5315
7471
4278
8010
5400
6639
4956
8467
5854
1062
1739
6381
8072
8702
9337
8000
8226
9205
6094
9871
4315
6798
5958
865
4500
2773
3844
4570
2002
4073
1534
1657
4903
9939
9035
4539
7602
7104
8842
8782
7102
9390
7391
9930
5656
5885
4082
6060
4314
8955
5550
5191
9436
9898
5788
9175
9899
3841
4489
7019
4664
5228
7969
6342
5325
3897
4538
6693
3860
8840
3821
4763
1979
1621
4493
3922
5289
5756
6213
7041
6290
4874
2775
4681
9514
7781
2101
9749
5771
4455
3669
974
8612
5464
4003
6646
6246
4133
5879
6615
7039
6165
3134
6565
9972
4797
7415
6953
7435
2163
6728
5128
8496
6594
5470
8615
7044
9772
7189
6264
9174
9021
9217
2041
6371
7247
1946
2153
6123
3390
5241
6493
5194
5573
9306
8886
5281
5923
6034
5972
3377
6407
4506
4009
3915
2993
9630
7647
1185
2814
6933
5430
6554
6037
1723
8497
2433
4923
6838
9044
3172
2678
5634
6642
3286
2281
5433
2952
2587
4693
9692
9321
7952
5057
7712
9319
4963
3562
4517
4617
4934
6196
2318
3762
1775
3955
8332
5320
1616
5122
9609
6796
4812
9341
6990
3535
8352
7948
8143
4823
9944
4756
7439
8896
7132
6697
9543
8406
5706
6887
9227
6028
5097
7488
8892
8099
8910
5850
7810
5679
5068
7451
6932
8475
8694
9735
9131
7294
6650
4943
1662
7539
6577
2758
3747
8827
7484
3997
9754
5397
5125
9500
7909
9275
7091
5160
8527
5586
7888
8664
4624
7746
8245
9963
2065
567
805
1634
2241
5391
3227
6206
6040
7257
3499
7630
2246
4080
3425
5270
4555
6791
8790
6519
8244
9753
7085
5967
2943
1590
5173
6017
4107
5422
4467
5292
6235
6529
6375
1501
4794
1467
9574
7929
6727
7162
9297
7971
8949
7285
2984
8909
8939
3753
3944
8720
3401
6426
7021
7739
9265
8267
7625
2909
2975
5877
7094
9077
5341
8729
6255
3208
2605
5973
5674
4313
8629
6613
2001
2288
7130
5282
2405
4770
8299
7283
8964
5824
6065
9541
6047
9927
3673
8899
5691
8665
9605
9291
2646
8488
8648
6291
9469
4151
3226
3339
5232
7092
6026
5368
5994
5245
2983
2941
6209
8368
8683
4854
4089
9843
7744
6892
8138
7313
9246
6765
6168
4032
1873
4751
3464
9570
5673
6896
9092
8064
9844
5451
4117
2309
9177
1180
9020
4331
6261
5639
7592
3803
8060
2873
7262
5963
1770
9723
7206
6653
4465
9344
8685
5821
6971
6134
4968
2364
5522
4781
9443
9292
5889
6722
3781
5190
6917
8083
5177
5119
8311
8160
7122
6983
5295
6454
5726
9937
9949
2756
4987
2416
3684
7705
8973
7358
3601
4333
6698
7167
3592
1878
6912
8999
4274
3933
1638
9295
1332
1292
6987
8697
7061
7274
3191
3709
9908
3154
2964
7037
8723
7674
5154
5176
4893
8687
8741
9424
6306
6871
8275
1440
2343
889
2252
7218
9776
1851
2786
7563
2921
1574
2083
3380
6749
2181
5723
2137
2849
5984
853
3663
6726
9433
5415
7659
9391
8630
7423
5952
6977
4630
4064
5591
3320
9881
2435
1374
7631
9578
7802
6231
4806
5083
4978
2184
1493
4549
6431
6967
4526
8841
6333
5327
9487
9087
8495
5964
3467
3156
7650
6098
6204
3810
9300
6020
3355
1293
8740
684
2013
5055
3654
6322
1639
1619
7493
6005
8833
6617
3137
4821
1609
1713
605
772
468
7665
3437
2008
1391
9478
6826
3176
9296
9016
5019
5403
9508
8889
5660
6345
3963
5231
7465
3908
3486
9866
7478
917
7727
4027
2907
7559
7722
6233
4159
4205
1951
6938
4880
4445
3983
5872
3743
7456
3483
9650
7653
936
1441
6418
7455
6654
4635
2886
3650
3067
6473
7568
1896
7011
7875
4312
3071
6390
8479
9294
9007
7927
8259
6053
8798
2345
1806
2747
3666
8715
4346
5247
5182
6248
8425
6881
4055
5767
9611
1487
5819
4897
8773
2043
7956
9302
6050
4593
7991
2955
2079
2838
958
1960
7270
8870
3516
5383
3582
4777
2374
8634
3798
3085
6122
2099
4206
3323
7912
3989
9623
1999
4666
2792
9256
3402
2828
4819
5474
2420
3168
2440
2291
6753
9706
4553
2950
7422
8891
9989
8447
5340
2253
6423
1316
7512
9384
2951
9700
6904
4670
7152
1051
8768
8739
7720
5411
6806
5554
8647
7579
6756
4612
5629
6308
9316
8649
2684
9867
9653
6513
5388
8839
6420
4186
8856
5331
2598
4111
1384
2250
666
6374
8747
7036
4227
7550
6159
3764
6225
9912
7209
7073
7751
6614
6506
5048
7373
6707
6874
5834
7265
5901
9592
7855
7729
2726
9484
2720
6627
4449
6873
3518
4575
8503
7564
2073
9136
3296
9190
8053
7529
6573
8075
7849
7029
5543
3967
9399
6353
5120
7345
869
1056
1150
6948
2052
1717
1721
5733
8800
5349
2995
8026
8041
3716
7028
7168
7234
5778
8258
2234
3140
9685
9279
2996
3822
3055
8971
7962
7985
9448
6338
6368
8601
3949
6128
6556
7329
9779
7174
9816
6299
7508
7232
8459
1153
8764
3552
6589
1991
6712
3534
2748
3932
9859
5970
9691
5776
7995
7893
7759
8059
9621
6930
8048
7500
8604
5551
3761
9790
6706
3987
5769
5698
4342
3537
6774
7068
7900
4508
8717
1382
7353
4216
8315
3892
8212
6560
4824
6443
7531
4196
4281
2162
9599
8155
9495
9497
3040
3024
3883
7326
9293
3159
4167
4291
7272
4910
5386
4136
3876
3547
8837
4453
9188
5088
8885
6465
5736
9763
6332
2311
4085
3357
9897
4458
5206
5976
8210
8370
6496
4078
2716
7820
4616
6429
6588
9628
5661
1623
7215
1628
8249
3917
3239
8620
1144
1707
6176
5185
4289
3111
1252
1512
8633
9465
7558
6214
6166
8810
7964
5740
1433
1176
2106
3862
2789
5304
5701
6846
5753
2548
5021
7773
5330
6242
8533
9481
3517
8568
9596
5905
9155
5135
5562
9879
8401
5513
3894
2091
4290
2614
9811
9472
3773
7497
9212
9058
9045
4909
4696
5920
5893
3610
3682
6256
9156
5032
2707
9751
5412
7620
4551
5329
7884
9645
1952
5646
1546
5285
9149
6710
6837
2217
6271
5812
6471
5179
8941
9699
3109
8220
4584
4633
2732
3783
6651
9504
7226
686
673
6410
8657
8780
8457
7496
7005
3980
8338
9346
9985
7847
2913
6125
6803
9143
9438
7200
8084
5271
7477
3758
2199
3988
7777
9850
7913
8772
4587
9009
6644
7014
6373
5777
5644
5525
9681
6701
7998
5390
4181
1372
5906
2872
3051
3920
8987
4200
3838
3383
4232
7571
5794
7696
4831
7588
5907
9369
6550
1392
1289
1588
8752
6808
5598
9075
7380
5269
9338
6032
5215
8992
8439
8077
8047
6428
9733
7277
4360
7745
6691
6799
6161
5618
7482
5354
6061
8307
8038
8001
7395
6825
8455
6326
6766
7709
1912
6592
3133
2254
5631
5126
3472
6075
4928
7530
4908
6680
5043
1320
3189
1173
4532
8273
9367
4479
6882
3527
7340
4927
9910
9682
4381
3740
3866
8263
9008
6671
7419
9435
7591
9076
8313
8129
7409
8912
8448
8424
7829
9038
6451
7695
9727
9693
5609
8061
5666
8951
6282
2508
2300
7780
8417
6198
8230
9201
9892
2214
2067
1900
4083
7983
5230
8966
8023
7652
9925
6755
7533
2736
5153
7814
2149
5100
6757
8125
4971
6330
6634
9716
6487
9395
7923
6747
8020
8517
9024
4262
9398
6884
5954
3628
4802
8643
6076
8400
3890
3211
9672
6630
7251
7638
8585
1485
6624
4594
4448
8934
9704
8551
7612
5762
8478
9869
9214
3550
4814
4011
6535
8811
8223
7364
9254
9428
7673
7881
4536
6628
7495
7159
3925
3685
8436
9721
7714
9406
7544
7375
5742
9524
5857
8435
9717
8541
1654
1201
2056
4734
5288
4393
8293
7890
9339
4194
4728
6294
6619
3621
4318
8722
9353
3203
3924
8203
8786
5350
2837
7264
8930
3193
5283
6450
2893
9311
8115
9562
5260
7681
8600
8809
3651
3145
3586
6523
5993
3361
6685
3794
6331
6531
7561
5046
9663
8006
9141
8399
9220
5917
9479
6071
8576
6006
9919
3427
6217
3615
2471
5637
4684
5045
3801
4440
8104
9086
5140
9215
6829
8959
5457
9637
7555
6926
8876
9933
3003
6280
2883
9453
5346
1554
6785
3870
1182
3120
2372
6453
4280
9026
3411
8544
5380
9456
5423
9690
4527
1824
7649
2557
8480
8523
8865
5900
5890
5381
4420
3315
4753
1477
9332
8128
5249
5358
5626
4179
4590
7489
7624
9071
9768
9575
8561
6116
8430
5924
2777
9591
7079
7595
2713
4355
9015
2938
3668
8921
7413
4337
6647
9632
7393
3245
8829
8082
9957
4283
6398
5719
6340
9079
8381
6781
7311
3139
9581
4852
7721
7243
4522
9987
2553
2465
5092
1691
8813
1356
9836
6762
7071
3979
5026
6575
2128
9409
9973
9951
8682
9269
8848
6763
9160
9104
7124
7728
8713
7147
5056
8412
7454
4294
4074
5351
7623
5053
6245
4212
2534
2154
3123
2053
6847
1642
7382
7926
3856
8247
4228
5208
3337
3054
7322
1974
4588
2177
2360
9684
4726
6914
8265
6107
4512
3362
7166
6645
3696
8037
4030
1100
2904
4256
9108
6013
7614
4708
7428
3418
6669
5409
2160
8864
4900
7551
5436
5267
6518
9624
3457
3217
3367
7268
8906
9918
7825
9710
8308
8854
6182
7680
8793
4793
4980
8592
7700
6038
4221
1613
5531
4678
1750
5553
4995
5466
8918
3616
7223
2467
3379
8763
4780
6954
5716
3073
4268
3294
1444
3406
3923
2207
902
5534
2017
5460
2201
1622
5808
5375
5262
8706
7027
8525
8550
7575
6721
7549
5394
8240
5319
1515
8972
5549
6192
3332
3863
8413
6533
4589
2570
5165
8092
5582
6440
4433
3787
3346
1578
4904
2781
2624
1903
9133
4716
7540
5614
9762
2248
9802
8733
5918
4207
2715
5104
9031
3699
4474
8429
4580
4131
7048
5861
9492
7146
8639
7080
9413
3691
8069
3785
4714
2999
9068
4037
5764
9146
3387
7515
6869
7241
6661
7237
8317
9477
6942
6840
3179
6119
8491
4390
3982
6965
8165
4444
9658
2647
4113
9307
3155
4176
4081
7596
6731
5326
9905
4424
9845
9722
5911
8358
7475
5796
3229
8149
9928
9565
6984
8487
6736
9780
9839
9829
4713
4660
2622
3299
7950
8415
8650
4989
7445
7301
7049
8834
7548
7334
3742
4761
3522
9178
9105
7955
5332
9559
3502
3930
3946
4218
4836
8377
9759
8234
8558
2015
4946
1652
9100
8030
7086
7462
5413
3571
5648
3398
7798
3812
9940
7573
6191
8394
6178
9519
9977
6562
6730
7447
9375
8757
8824
2302
2853
9257
6927
7762
8536
8845
9066
7586
6906
5751
8179
8753
8007
7327
9714
7842
9677
8154
5293
9322
7134
2798
6155
7934
4067
5110
6268
7738
7135
5324
5002
8852
6514
5640
5859
4132
9053
7157
8684
3185
4118
7961
7723
9920
4691
4560
5073
9891
5988
9273
8348
4069
4620
7672
3101
2215
1568
1325
9890
2347
2953
5763
5489
4562
6508
8222
9144
8322
5990
2205
7750
6215
9471
1589
1624
3806
2629
7213
2744
8680
4822
7628
6668
7895
4348
6395
9640
5209
7954
7753
3717
6082
9414
9404
6325
9652
7181
4924
3077
7979
8994
9314
7562
4945
9232
3733
9506
8835
7059
4673
5163
5239
8156
9070
7767
9854
9861
7610
4542
8700
8622
3356
2173
9430
9097
7321
9934
6105
4075
5773
7131
6484
6824
6541
8588
3175
4442
4913
4350
5265
8238
6052
4985
5814
6571
8284
6602
8897
6655
9060
2308
4842
2565
1941
4742
1745
1826
9551
2483
9862
7513
9696
7627
6539
8847
8034
9312
6779
7691
8376
8192
7907
8109
8360
8710
8806
7791
9396
9288
4642
2186
4674
4561
9034
6559
8608
5318
7266
7903
5478
6891
3503
2803
9272
2563
2802
7772
2145
1266
9040
6057
4049
7599
7255
3906
6537
8869
8268
7538
9298
8742
9734
8775
6054
7172
4774
4234
4894
8597
9868
8170
4707
2657
5106
9093
6835
2833
8781
7716
8818
9873
5169
9247
5305
6174
5694
5561
8718
6935
5936
5717
7527
5401
8672
5523
6296
8019
4496
8277
9239
9454
8779
9397
9379
6442
8549
2839
3204
3429
7064
3381
7545
9486
9887
8816
7246
7698
4550
3420
5133
4782
5087
9809
9865
9560
8197
4916
8088
3412
9916
5989
8004
5532
8057
5279
7902
6854
8473
8890
8898
6344
7279
9729
9401
6744
4184
5013
6770
3674
5758
6383
4834
7803
5469
7000
7026
6140
3049
7796
4178
7363
5786
4164
1683
9746
3548
9894
9125
7606
8068
7057
2367
9003
9333
8692
7082
8152
7055
4860
1587
6800
8336
9168
5721
5493
4954
2832
6158
5869
7598
9455
5496
5795
3971
7088
7543
6200
4163
8714
8590
9323
6466
4718
9439
7666
9278
6908
4621
9707
5454
8767
7470
8651
6350
4252
2547
3788
2059
8302
8711
7444
7466
4658
5527
6315
2375
9620
9770
9022
9229
9791
9826
4591
9461
8481
7175
5494
4017
9162
2632
6230
7684
5611
6093
4749
2493
2203
4613
7542
9742
4079
3640
4688
6737
6452
9169
7315
4428
1610
7689
8789
6851
9584
7338
5210
9498
9385
7221
7404
4501
4144
7852
8382
4629
2280
4310
8120
2804
6307
5605
9466
6336
7607
8339
7957
3432
6625
2901
4091
7304
9676
8895
1825
4338
6434
2862
973
8375
2514
8150
4611
7880
8761
3250
1917
2472
2321
9610
7994
8995
9563
6823
1783
8881
9503
5547
5744
9091
9057
9761
6023
9207
7917
5427
2294
2495
1938
5090
8656
8589
4565
6888
6974
6278
2600
4848
5981
6004
2831
3507
5020
7873
9804
8274
4059
8175
8724
5264
8698
4992
8159
5710
3767
6433
7730
9852
6850
7663
7443
7856
9702
7788
8660
4415
5770
5446
9955
3553
8340
7886
7859
6441
6249
6397
6586
9102
7486
7556
9911
3388
3809
9320
8438
9576
9148
6365
9002
5113
4997
6491
6265
5248
8573
8067
8586
9499
7398
1842
9445
8860
6498
9095
7207
7977
7882
8286
5664
9324
8621
8168
9301
9362
8520
6445
9450
6790
8016
5802
6831
5221
6257
6879
5081
3311
2855
3881
2104
7801
7851
8186
9857
5224
4326
7892
6870
4764
8341
8868
8905
9459
2569
1930
2249
3413
4723
4858
9984
2671
5164
6103
8693
9315
6758
9564
4837
6251
7963
9195
7949
3170
8228
4947
7429
9946
2352
7617
5845
9926
7733
9264
3776
4775
7160
4772
6263
9771
5837
8328
4188
3336
3247
5450
9304
4700
2745
4456
5947
5826
6228
5416
2310
2888
9521
6972
4010
9527
10000
9418
8704
9705
8511
2503
5865
6775
8759
9349
7453
3061
2877
6952
9121
9352
9960
8591
2766
9567
6475
4353
6041
9831
7862
6324
7885
9309
7344
7765
8227
9000
5867
7501
6131
9807
9785
4044
4024
9006
9906
8306
8489
8721
7734
5799
8378
9884
4298
5103
8133
6981
9157
7553
8291
9878
8290
8567
7093
6742
4156
9329
8970
6147
7523
9822
5502
8389
6272
8526
5307
2576
4202
5597
5286
8312
8224
7291
8880
6201
5149
4655
6991
4363
6145
4116
5202
7669
8838
9743
7853
5864
8602
7229
3251
5300
3308
7899
4244
5250
5086
9656
6899
6682
6422
5347
6969
9774
7033
8132
3317
8310
6477
5909
8158
7149
3039
6286
6894
7045
1272
3233
2897
1983
8822
9970
5510
3871
7668
8142
2475
4665
2523
7897
6543
7946
8785
2458
9378
5001
9213
8062
8850
2967
5552
8979
7309
8169
7735
7763
6786
7292
8859
3688
5647
9877
9914
9437
8454
8686
7925
9417
9657
8599
3588
9948
8823
8644
4703
8778
7142
9420
5039
5526
4485
7922
4375
3561
7230
4804
4981
3618
8330
6746
9325
6754
6643
3275
2485
9219
9846
6782
6915
9336
5402
6920
6688
9783
5461
6864
9573
8380
9163
7176
4349
4322
6091
9046
9643
6950
9245
4969
8705
8755
8776
5983
9593
6943
7854
7516
8574
5735
5071
9530
8434
8509
6841
3143
6900
7097
9777
5278
9023
9569
6479
8097
5352
8009
4901
9666
8988
5829
6468
6341
8792
8316
6816
8641
2729
4034
2700
5871
2143
8349
8719
3238
6739
3473
7779
9561
6039
3731
6393
7748
8157
8993
7760
9529
7636
7191
6597
7694
3805
9958
8046
9330
5520
6844
7434
8961
6836
5833
4469
6590
9708
9670
6130
8191
6195
8445
9064
9255
7521
9421
3307
7908
4275
8983
7915
9088
7035
6180
7043
7013
8171
7755
7646
7084
2147
2911
8217
4410
7975
4147
8309
7833
8452
6699
7303
3347
6525
8794
7945
9490
7806
8938
8025
8712
3710
3728
6117
4646
7872
8269
6725
9204
6551
7438
6517
7317
7708
8257
7889
8593
8484
8989
