3 301
6 302
7 305
9 306
13 312
14 313
15 316
17 317
21 319
25 323
28 324
29 329
30 330
33 331
34 332
39 333
42 335
43 336
44 338
45 340
47 341
59 342
65 343
69 344
71 347
72 353
73 354
75 355
76 356
79 363
80 364
81 365
83 366
84 368
85 371
87 372
88 373
89 375
90 379
92 383
93 385
94 386
95 389
98 392
100 393
101 395
102 396
105 397
107 401
108 403
110 404
111 405
112 406
116 407
117 408
120 409
122 410
123 411
124 412
125 413
127 416
128 420
129 421
130 425
131 426
134 427
136 430
137 433
139 435
140 436
141 437
147 438
148 440
152 441
153 442
157 444
162 446
163 449
165 450
167 452
168 455
169 459
170 463
172 464
176 465
178 467
181 469
182 470
185 471
186 473
187 474
188 475
191 476
192 478
193 480
195 483
196 484
197 485
199 487
201 490
202 492
203 493
204 496
205 498
206 500
207 501
214 502
215 504
218 505
221 508
222 510
224 514
225 517
226 518
227 519
228 520
231 521
233 522
235 527
236 528
238 530
242 533
245 536
248 537
250 538
255 539
260 542
261 543
263 544
265 546
267 548
271 550
273 551
274 552
276 553
277 554
278 556
279 557
280 560
281 564
282 565
283 566
284 567
289 570
290 571
291 572
293 573
296 575
299 580
301 583
302 585
303 586
304 588
306 589
307 591
310 592
312 593
313 594
315 595
316 597
317 598
330 601
331 602
333 605
336 606
338 607
340 608
344 609
346 611
347 612
349 614
350 617
354 619
358 621
362 625
363 626
364 627
365 635
370 637
372 638
377 639
378 646
381 651
382 655
385 656
387 659
392 664
393 665
394 666
397 669
398 670
400 673
403 674
404 676
405 678
406 680
407 688
409 689
410 690
411 691
412 692
413 693
414 696
416 697
417 698
419 701
421 703
422 704
424 705
426 707
427 710
430 711
433 716
434 717
436 720
438 724
439 725
444 730
445 732
446 734
447 735
448 737
449 739
451 742
452 743
453 744
456 745
458 746
459 748
461 752
462 755
463 756
465 759
466 760
467 761
469 764
470 765
472 767
474 769
475 770
476 771
478 775
479 776
481 777
483 779
484 787
486 788
489 789
491 790
492 791
494 797
495 801
496 802
502 803
503 804
506 805
507 806
508 807
511 810
512 812
513 813
517 815
518 817
523 820
526 823
529 826
531 828
532 832
533 835
538 838
539 840
540 841
541 845
542 846
543 848
549 854
552 855
556 856
557 859
562 861
565 864
568 865
569 866
570 867
573 868
577 871
578 872
579 873
582 875
583 876
584 877
585 880
586 882
587 884
589 885
591 886
593 887
594 893
595 894
601 895
602 896
603 897
604 899
608 900
610 902
612 903
613 908
614 909
615 912
617 915
620 922
621 925
622 927
624 930
628 931
630 932
633 933
634 937
637 939
638 942
639 943
640 947
644 948
647 950
649 951
654 953
655 956
656 957
657 958
659 959
661 962
662 965
663 968
664 969
665 970
666 972
670 973
671 974
673 975
675 978
679 981
681 984
682 985
683 987
685 988
687 989
689 990
690 991
691 995
692 996
693 998
695 999
696 3
697 6
699 11
700 12
701 14
702 15
703 17
705 19
709 20
711 21
712 30
714 31
715 35
717 36
720 37
723 39
726 40
728 42
730 44
733 45
734 47
735 50
739 51
742 54
743 56
745 57
746 59
748 60
749 62
751 64
752 65
755 69
756 70
762 72
766 74
768 76
769 78
770 79
772 80
773 81
774 82
775 83
776 84
777 85
778 87
779 89
780 90
783 92
784 93
785 94
788 96
790 98
791 100
792 105
794 106
795 107
797 108
798 109
799 113
802 115
803 116
805 117
806 120
807 122
808 123
809 124
810 125
811 126
812 128
814 130
816 131
817 132
818 134
822 135
824 136
825 138
826 139
829 140
830 141
835 144
836 147
837 148
838 151
840 152
841 153
842 154
844 155
845 157
848 160
849 163
851 164
853 165
855 166
857 167
858 170
859 171
861 172
863 173
865 175
866 177
868 178
870 180
872 181
873 182
874 183
876 186
882 192
883 197
890 200
891 201
893 202
895 204
897 205
898 206
899 210
902 213
905 215
907 216
914 217
915 218
919 220
921 221
922 224
923 225
925 226
931 230
932 232
933 235
935 236
936 238
937 242
941 243
942 244
945 246
947 247
948 248
950 249
951 252
952 253
953 254
955 255
956 257
957 258
958 262
959 263
961 266
962 271
963 272
964 274
969 275
970 276
972 278
973 280
975 283
976 284
978 285
979 287
980 288
983 291
987 292
995 293
997 294
998 296
999 298
1000 299
