2 304
3 305
8 310
10 314
12 315
16 316
18 319
19 320
21 325
23 327
24 329
26 331
28 332
30 335
36 337
37 339
38 340
46 341
47 344
49 345
52 348
53 349
59 354
60 355
61 356
62 358
65 359
68 360
70 362
71 366
74 368
75 369
78 370
81 372
82 373
83 375
87 376
88 379
90 387
91 388
92 390
95 392
97 393
100 395
103 399
104 404
107 405
110 411
112 412
113 414
116 416
117 417
118 419
120 422
131 423
132 425
135 426
141 429
142 433
145 435
146 439
149 441
150 442
153 448
155 449
156 450
158 451
160 453
161 454
163 456
164 458
165 459
166 464
169 466
172 467
174 468
175 470
176 471
178 473
179 475
180 476
181 478
183 483
184 486
189 487
191 488
192 491
193 494
195 495
197 499
199 502
200 503
202 505
206 507
209 508
211 509
214 512
215 513
216 514
217 515
218 516
219 518
220 519
222 523
223 524
225 525
227 527
228 528
229 529
231 531
232 532
233 533
234 535
236 537
237 538
238 540
240 541
241 543
242 551
244 552
245 554
248 557
250 558
251 559
253 561
254 563
256 565
257 567
258 568
264 570
266 573
267 574
268 576
269 577
270 581
271 582
272 583
275 586
278 587
280 588
281 589
282 590
283 591
284 594
285 595
287 598
288 599
289 602
292 606
293 608
294 612
296 613
297 614
298 615
302 620
306 623
307 624
309 626
311 627
312 628
314 631
315 632
316 635
317 640
321 644
322 647
323 648
328 652
330 654
331 658
334 660
335 664
337 666
339 668
340 669
342 670
345 671
346 673
347 676
348 677
350 678
351 680
352 683
353 687
355 688
356 689
357 690
358 691
359 692
361 700
362 701
364 704
367 705
368 709
370 710
372 711
374 713
376 714
378 717
381 718
383 719
387 720
388 722
390 723
392 727
393 736
394 739
395 740
402 743
403 745
404 746
405 747
406 750
410 753
412 754
413 757
414 759
415 761
419 762
420 765
421 766
423 768
424 769
425 770
428 774
429 775
431 776
432 778
433 779
436 781
440 783
441 787
448 790
454 791
458 793
461 794
462 795
464 797
465 798
468 799
472 800
473 803
474 804
475 808
476 810
477 811
482 812
484 813
487 814
488 815
489 817
491 819
492 821
493 823
495 824
496 825
499 829
500 830
501 831
502 834
505 835
507 837
508 838
511 839
513 840
517 841
522 844
523 845
524 846
526 848
529 849
531 850
536 853
537 855
542 856
543 857
544 858
546 860
547 861
548 862
550 864
553 865
555 870
557 872
558 877
562 879
564 881
565 882
575 883
579 887
581 888
582 889
583 890
584 891
585 893
586 902
588 903
592 904
593 905
594 906
595 907
600 909
606 912
607 914
608 916
609 919
610 924
612 925
613 927
614 928
617 931
620 933
624 934
625 939
628 940
629 941
630 944
631 946
632 950
635 951
636 955
640 956
641 957
642 960
643 962
645 963
647 964
648 968
650 971
652 972
653 974
657 975
659 977
660 980
662 982
665 983
666 987
667 989
671 990
677 993
678 994
679 997
682 998
683 999
689 1
693 2
694 3
695 4
696 6
698 7
702 10
703 11
704 12
705 14
708 15
709 16
710 17
711 18
713 21
714 23
715 25
716 26
717 27
718 30
723 31
724 33
725 34
726 36
728 37
729 38
732 39
733 40
735 42
738 44
739 46
740 48
741 50
742 51
743 53
744 55
746 56
747 57
748 58
752 60
755 61
756 62
757 64
758 67
759 68
760 69
763 70
766 71
768 75
769 76
770 77
771 78
775 82
777 83
780 84
781 86
783 87
785 91
790 92
792 93
796 94
799 97
800 101
801 102
802 103
803 105
805 107
806 110
807 111
808 112
809 113
812 115
814 123
816 125
817 127
818 129
820 133
823 138
825 139
826 143
827 144
829 148
830 153
832 154
834 157
835 158
840 159
841 160
844 161
847 162
848 163
849 166
850 169
851 170
852 171
854 172
856 174
858 175
861 176
862 177
863 178
865 180
867 182
869 186
871 188
872 189
873 193
874 196
876 197
877 198
878 199
879 200
881 201
882 204
886 206
888 207
889 208
891 209
893 210
898 214
901 219
902 220
904 221
906 223
907 226
911 228
913 229
914 231
918 232
923 233
926 237
928 239
930 240
932 241
934 242
936 243
937 244
938 246
940 248
944 249
945 253
946 254
949 255
951 258
953 262
954 264
957 269
958 270
960 271
963 272
966 273
967 275
970 280
973 281
976 282
978 284
979 285
980 288
981 293
983 297
984 298
986 299
