1 87
4 88
5 89
6 90
7 91
9 92
10 93
11 94
12 95
13 97
14 98
15 99
16 100
18 101
19 102
20 103
21 104
22 105
24 106
25 107
26 109
27 110
28 112
29 113
30 115
31 116
32 117
33 121
34 122
35 123
36 124
37 125
38 126
39 127
40 128
41 129
42 130
43 131
44 132
45 133
46 134
47 135
48 136
51 142
52 143
53 144
54 145
56 146
57 147
58 148
60 150
61 151
62 152
63 153
64 154
65 155
66 156
67 157
68 158
69 159
70 160
71 161
72 162
73 166
74 167
75 168
76 169
78 170
79 172
80 173
82 174
83 175
84 176
85 177
86 178
87 179
88 180
89 181
90 182
91 183
92 184
93 186
94 187
95 189
96 190
97 191
98 192
100 193
101 194
102 195
104 196
106 198
107 199
108 200
109 202
110 203
111 205
112 206
113 207
114 208
115 209
116 211
117 212
118 213
119 214
120 215
121 216
122 217
123 218
124 219
125 220
126 223
127 227
128 228
130 229
131 230
132 231
133 232
135 234
136 235
137 236
138 237
141 238
142 240
143 241
145 242
146 243
147 244
148 245
149 246
150 248
151 249
152 250
153 251
155 252
156 253
157 254
158 257
159 258
160 260
161 261
162 262
163 263
164 264
165 265
166 267
167 268
168 269
169 270
170 271
171 272
172 273
174 274
175 275
176 276
177 277
178 278
179 279
180 281
181 282
182 283
184 284
185 285
187 286
189 288
190 289
191 290
192 291
193 292
195 293
196 294
197 295
198 296
199 297
200 298
201 299
203 301
205 303
206 305
207 306
208 308
209 309
210 310
211 311
212 312
213 314
214 315
215 316
216 317
217 318
218 320
219 321
220 323
221 324
222 325
223 327
224 328
225 329
226 330
227 331
229 332
230 333
232 334
233 335
234 336
235 337
237 338
239 339
240 340
241 341
244 343
245 344
246 345
247 346
248 347
251 348
252 349
253 351
254 352
255 353
256 354
257 355
258 358
259 359
260 360
262 361
263 362
264 364
266 365
267 366
268 367
269 368
270 369
271 370
272 372
274 373
275 374
277 375
278 376
279 377
280 378
281 379
282 380
284 381
285 382
288 384
289 385
291 386
292 387
293 388
294 389
295 390
297 392
298 394
299 396
300 397
302 399
303 400
306 402
307 403
308 405
309 406
310 407
311 408
312 409
313 410
315 411
316 412
317 413
318 414
319 416
320 417
321 418
322 419
323 420
324 421
326 422
327 423
328 424
329 425
330 426
331 427
332 429
333 430
334 432
335 433
336 434
337 435
339 436
340 437
341 438
342 440
343 442
344 443
345 444
346 446
347 447
348 448
350 449
351 450
352 451
353 452
354 453
355 454
357 455
358 456
359 459
360 460
361 461
363 462
364 463
365 464
368 465
370 467
371 468
374 469
375 471
377 472
378 473
380 474
381 475
382 476
383 477
384 478
385 479
386 480
387 481
388 482
389 483
390 484
391 485
392 486
393 487
394 488
395 489
396 490
400 491
402 492
403 493
404 494
405 495
406 496
407 497
408 498
409 499
410 500
411 501
412 503
413 504
414 506
415 508
416 509
417 510
418 512
419 513
420 514
421 515
422 516
423 517
425 519
426 520
427 521
428 522
430 523
431 524
432 525
433 526
434 527
435 528
436 529
438 530
440 531
441 532
442 533
443 534
444 536
445 537
446 539
447 540
448 542
449 545
450 546
451 547
452 548
454 549
455 550
457 551
458 552
459 553
460 554
461 555
462 556
463 557
464 561
465 562
466 563
468 564
469 565
470 566
471 568
472 569
473 570
475 571
476 572
477 574
478 576
479 578
480 579
481 580
482 581
483 582
484 583
485 584
486 587
488 589
490 591
491 592
492 593
493 594
494 596
495 597
496 598
497 599
498 601
499 603
500 604
502 605
503 606
504 608
505 609
508 610
509 611
510 613
511 614
512 615
513 616
514 617
515 618
518 620
519 621
520 622
521 623
522 624
523 625
524 626
525 627
526 628
527 629
529 630
530 631
531 632
533 633
534 634
535 635
536 637
537 638
538 640
539 643
541 644
542 645
543 646
544 647
545 648
546 649
547 650
549 651
550 653
551 655
552 657
553 658
554 659
555 660
556 661
557 663
558 665
559 667
560 668
561 669
562 670
563 671
564 672
565 673
566 674
567 675
568 676
569 677
571 678
572 680
574 681
576 682
577 683
579 685
580 686
581 687
583 688
584 689
585 691
586 693
587 694
588 696
589 697
591 698
592 699
593 700
594 702
595 703
597 706
598 707
599 708
600 709
602 710
603 711
604 712
605 713
606 714
607 715
608 716
609 717
610 718
612 719
614 720
615 721
616 722
617 723
618 725
619 726
620 727
621 728
622 729
623 731
624 732
626 733
627 735
628 736
630 737
632 739
634 740
635 741
636 742
637 743
638 745
639 746
640 747
642 748
643 749
644 750
645 751
646 752
647 753
648 754
649 755
650 756
652 757
654 758
655 759
656 760
657 761
658 762
659 763
661 764
662 765
663 767
664 768
665 769
666 770
667 771
668 772
669 773
670 774
671 775
673 776
674 777
675 778
677 779
678 780
680 781
681 782
683 783
684 784
685 785
686 786
687 787
688 788
689 789
690 790
691 791
692 792
694 793
695 794
696 795
697 796
698 798
700 799
701 800
702 801
704 802
705 804
706 805
708 806
709 807
712 808
713 809
715 810
716 811
717 814
718 815
719 816
721 817
722 818
723 819
724 820
726 821
727 822
728 823
730 824
732 826
733 827
734 829
735 830
736 831
737 832
738 833
740 835
741 836
744 837
748 838
749 842
750 843
751 844
752 846
753 847
754 848
756 849
757 850
759 851
760 852
761 853
762 855
763 856
764 857
765 858
767 859
768 860
769 861
771 865
772 866
773 867
774 868
775 869
776 870
777 871
779 873
780 874
781 875
782 876
784 877
785 878
786 880
787 881
789 883
791 884
792 885
793 888
794 890
795 891
796 892
797 893
798 894
799 895
801 896
802 897
804 898
805 899
806 900
807 901
808 902
809 903
812 905
813 906
814 907
815 908
816 909
817 911
818 912
819 913
820 914
821 915
822 916
824 917
826 919
827 920
828 921
829 922
831 923
832 924
833 925
834 926
835 927
836 928
837 929
838 932
839 933
840 935
842 937
843 938
844 939
845 940
846 941
847 942
848 943
849 944
850 945
851 946
853 947
855 948
856 949
857 950
859 951
860 953
861 954
862 955
863 956
864 957
865 958
866 959
867 960
868 961
869 962
870 963
871 964
872 965
873 966
874 967
875 968
876 969
877 970
878 971
879 972
880 973
882 974
883 975
884 977
885 978
886 979
887 980
888 982
889 983
891 984
892 985
893 987
894 989
895 993
896 994
897 995
898 996
899 997
900 999
902 1000
903 1
905 2
906 3
907 4
908 5
910 6
911 7
912 9
913 11
914 12
915 13
916 15
917 16
918 17
920 18
921 19
922 20
923 21
925 23
927 24
928 25
929 26
930 27
932 28
933 29
934 30
935 31
936 32
937 33
938 34
940 36
941 37
943 38
944 39
945 40
946 41
947 42
948 43
949 44
950 45
951 47
952 48
953 49
955 50
956 51
957 52
958 53
959 54
960 55
962 56
963 57
964 58
965 59
966 60
968 61
969 62
971 63
972 64
973 65
974 66
975 67
977 68
978 69
980 70
981 71
982 72
983 73
984 74
985 75
987 76
988 77
990 78
993 79
994 80
995 81
996 82
997 83
998 84
999 85
1000 86
