1 301
2 302
6 303
7 304
8 305
9 310
11 317
12 318
14 320
15 324
19 327
20 330
27 331
28 332
29 339
31 341
34 345
36 347
38 348
41 352
43 353
44 354
45 355
46 357
50 358
51 359
52 360
54 361
55 364
56 365
57 367
58 368
60 370
61 372
62 373
63 375
64 377
65 384
68 385
70 386
73 387
74 390
79 392
80 393
82 398
87 399
88 401
91 404
93 405
94 406
95 407
101 408
103 409
107 412
110 416
111 418
112 419
113 425
114 427
117 428
118 432
120 434
121 435
123 436
124 437
128 438
133 440
134 441
135 445
137 449
138 450
139 453
141 455
142 456
143 458
146 462
148 464
152 467
153 469
154 474
155 475
156 477
159 479
160 483
164 485
167 487
168 488
170 491
171 492
172 493
175 495
177 496
180 500
183 501
184 502
186 503
191 504
197 507
198 508
199 509
201 512
202 513
203 515
204 518
209 520
210 526
212 530
213 536
215 537
216 539
219 543
220 544
221 546
224 547
227 548
228 549
229 550
230 551
232 552
234 554
237 557
238 558
240 559
243 563
245 564
246 566
247 567
248 568
249 569
250 572
252 573
254 575
255 576
257 577
259 578
261 580
264 581
268 582
269 584
271 586
272 587
273 590
275 591
276 592
278 594
279 595
282 597
285 599
287 600
288 602
289 603
290 604
295 606
296 607
301 608
303 612
306 613
309 614
310 615
311 616
312 617
313 619
314 621
315 624
316 625
317 628
318 630
319 631
321 635
324 637
325 638
329 640
330 643
333 650
334 651
338 652
340 653
342 654
343 655
344 657
345 659
350 661
356 662
358 663
359 665
360 666
362 671
364 672
367 673
372 674
374 675
375 680
381 681
382 682
384 683
385 688
391 689
392 691
397 692
400 697
402 699
403 700
404 701
406 702
407 703
410 704
411 706
413 710
414 711
415 712
416 713
422 717
424 718
426 721
428 727
431 730
432 734
433 735
435 736
437 745
438 747
440 748
442 752
443 753
444 754
448 755
450 756
453 757
455 759
457 761
458 768
459 771
460 774
469 776
472 777
475 778
476 780
477 782
479 784
480 785
481 789
482 797
485 798
487 801
488 802
489 803
490 805
492 808
497 810
500 811
501 812
503 814
504 817
505 819
510 821
512 823
513 825
515 830
518 832
520 833
521 834
524 839
525 840
527 841
528 843
531 844
533 846
534 848
535 849
536 850
538 851
539 852
540 853
542 856
543 857
545 859
553 860
556 864
557 865
560 867
562 868
563 870
566 871
569 874
572 875
573 877
574 878
576 879
577 882
578 884
579 888
580 891
581 892
582 893
584 894
585 895
587 896
593 897
594 899
595 901
596 902
597 903
599 904
600 907
603 908
607 911
610 912
611 916
612 917
614 919
615 924
616 935
617 942
619 943
620 945
622 948
623 949
630 950
631 951
632 952
633 953
634 954
637 959
640 961
641 962
642 963
646 966
647 968
648 975
653 978
655 980
656 981
657 983
660 984
661 985
664 986
666 987
667 989
669 990
672 992
677 994
678 1
680 3
681 4
683 8
684 9
685 10
691 12
693 14
694 15
697 16
698 17
704 18
705 19
706 21
707 24
708 25
709 27
712 29
713 31
714 32
716 34
717 35
718 36
720 37
722 40
727 41
730 42
731 45
733 47
737 49
739 50
740 51
743 52
744 53
745 55
752 58
758 59
759 60
760 63
761 69
770 70
771 73
772 74
774 76
775 79
779 80
780 82
783 86
786 87
787 92
793 94
795 95
796 104
799 105
800 108
801 109
804 110
805 111
808 112
809 118
812 120
814 122
816 127
821 128
823 133
824 134
825 138
827 139
829 142
830 144
832 145
833 146
835 148
836 150
837 152
839 153
840 154
841 155
845 158
847 159
850 160
851 161
853 164
854 165
857 167
862 168
864 171
866 172
868 173
869 174
871 176
873 177
874 180
875 181
877 183
879 184
885 187
886 191
888 192
889 197
891 198
892 199
894 200
895 202
896 210
901 211
903 213
904 214
906 219
911 221
912 222
913 223
914 226
915 227
916 228
922 231
923 233
924 234
925 236
926 237
929 238
933 241
935 243
939 245
942 246
943 247
944 248
945 253
946 254
950 258
954 259
955 260
957 263
958 266
959 267
963 269
965 270
966 272
969 274
971 275
972 276
973 282
974 284
975 287
977 288
982 291
983 293
989 294
991 297
994 299
