1 107
4 108
6 109
7 111
8 112
9 113
10 114
11 115
12 117
13 118
14 119
15 121
16 122
17 123
19 124
21 126
22 127
23 128
24 131
25 132
26 133
27 134
30 135
31 136
32 137
33 138
34 139
36 140
37 142
38 143
39 144
40 145
41 146
42 147
44 148
45 151
48 153
51 154
52 155
54 156
55 158
56 159
57 160
59 161
61 162
62 163
64 164
65 165
66 166
67 167
68 169
69 170
70 171
71 172
72 173
73 174
74 175
75 176
77 177
78 178
80 179
81 180
82 182
83 184
84 186
85 188
86 189
87 190
88 191
90 192
91 193
93 195
94 196
95 197
97 198
98 199
100 200
102 201
103 202
104 203
105 204
106 206
107 207
108 209
109 210
110 211
112 212
113 214
114 215
115 216
116 217
117 218
119 220
120 221
121 222
122 223
123 225
124 226
125 227
126 228
127 230
129 231
130 232
131 233
132 234
133 235
135 237
136 238
137 239
138 241
140 242
141 244
142 245
143 246
144 247
145 248
146 249
148 250
149 251
151 252
152 254
154 255
155 256
156 257
157 258
158 259
159 260
160 261
161 263
162 264
164 265
165 266
166 267
169 268
170 269
171 270
172 271
173 273
174 275
175 277
176 279
177 280
178 281
179 282
180 284
181 287
182 289
183 290
184 292
185 293
186 294
187 295
188 296
190 297
192 298
193 299
194 301
196 302
197 303
198 304
199 305
200 306
201 307
203 309
204 311
205 314
206 315
207 316
208 317
209 318
210 319
211 320
212 321
213 322
214 323
216 324
217 325
220 327
223 328
224 329
225 330
226 331
228 334
229 335
230 336
231 337
232 338
233 339
234 340
235 341
236 342
238 343
239 344
241 345
242 347
243 348
245 351
247 353
248 354
249 355
253 356
254 357
255 358
256 359
257 360
259 361
260 362
261 363
262 365
263 366
265 367
266 368
267 369
269 370
270 371
271 374
272 376
273 378
276 379
277 380
278 382
280 383
281 384
283 386
284 387
285 388
286 389
287 390
288 392
289 393
290 394
291 395
293 396
294 397
295 399
298 400
299 401
300 402
301 403
302 405
303 406
304 407
305 408
306 410
307 411
308 413
309 414
310 415
312 416
313 417
314 418
315 419
316 420
317 421
319 422
320 423
321 424
322 425
323 426
325 427
326 430
328 431
329 433
330 434
331 436
333 437
335 438
336 439
338 440
339 441
340 442
341 443
342 444
343 445
344 446
345 448
347 449
349 450
350 451
351 453
352 454
353 457
354 458
355 459
356 460
357 461
358 462
359 463
360 464
361 466
362 467
363 468
364 469
365 470
366 471
368 472
369 473
370 474
372 477
373 478
374 479
375 481
376 482
377 483
379 484
380 485
381 487
382 488
383 490
385 491
386 492
388 493
389 494
390 495
392 496
393 498
394 501
395 503
396 505
397 506
398 507
401 508
402 509
403 510
404 511
405 512
406 513
407 514
408 515
409 516
410 517
411 518
412 519
413 520
415 521
416 522
418 523
419 524
421 525
423 527
424 528
426 529
427 530
428 531
429 532
431 533
432 534
433 535
434 536
435 537
436 538
437 539
438 540
439 541
440 542
441 543
442 544
443 545
444 546
445 548
447 549
448 550
449 551
450 553
451 554
452 555
453 557
454 558
455 559
457 562
458 563
459 565
460 566
461 567
462 569
463 570
464 571
465 572
466 573
467 574
468 575
469 576
470 579
471 580
472 581
473 582
474 583
475 584
476 585
477 586
478 587
480 589
482 590
483 591
485 592
486 593
488 594
489 595
490 596
491 597
493 600
494 601
495 602
496 603
497 604
498 606
499 607
501 608
502 610
504 611
505 612
506 613
507 614
508 615
509 616
510 618
511 619
512 624
513 625
514 626
515 628
516 629
517 632
518 633
519 634
520 635
521 637
522 638
523 639
524 640
525 642
526 643
528 645
529 646
530 647
532 648
533 651
535 652
536 653
537 654
540 656
546 657
547 658
550 659
551 660
552 661
555 662
556 663
557 664
558 665
559 666
560 667
561 668
562 669
563 670
564 672
566 673
567 674
568 675
569 676
570 677
571 678
572 679
573 681
574 682
576 685
577 686
578 687
579 688
580 689
581 690
582 692
584 693
585 694
586 695
587 697
588 698
590 699
591 701
592 702
595 703
596 704
597 705
598 706
599 707
600 708
601 709
602 710
603 711
604 712
605 713
606 714
607 716
608 717
609 718
610 719
611 720
612 722
613 723
614 724
615 725
616 726
617 727
618 730
619 731
621 732
622 733
623 734
624 736
626 737
627 738
628 740
632 741
633 742
634 744
635 745
636 746
638 747
639 748
640 749
641 750
644 751
645 752
646 754
647 756
648 757
650 758
651 759
652 760
655 762
657 763
658 764
660 765
661 766
662 768
663 769
665 770
666 771
669 772
671 773
673 774
674 775
675 776
676 778
678 779
679 780
680 781
681 782
684 783
685 785
686 786
687 788
688 789
689 790
690 792
691 794
694 797
695 798
696 799
697 802
698 803
699 804
700 805
701 806
702 807
704 808
705 810
706 813
707 814
708 815
709 816
710 817
711 818
712 819
714 820
716 821
717 822
718 823
719 824
720 825
721 826
722 828
723 829
724 830
725 831
726 832
727 833
728 835
731 836
733 837
734 839
735 840
736 841
737 842
738 844
739 845
740 846
741 847
743 848
744 849
745 850
747 851
748 852
749 853
750 854
751 855
752 856
753 859
755 860
756 861
758 862
759 864
760 866
762 867
763 868
765 873
766 875
767 876
769 877
770 879
771 880
772 881
773 882
776 883
778 884
779 885
780 886
781 887
782 889
783 890
786 892
787 893
789 895
790 896
791 897
792 898
794 899
795 900
796 901
797 903
798 904
799 905
800 908
801 909
802 910
803 911
804 913
805 914
806 915
807 916
809 917
810 918
811 919
812 920
813 921
814 922
815 923
817 924
818 925
819 926
820 927
823 928
824 929
825 930
826 933
827 934
828 935
830 936
832 937
833 938
834 939
837 940
838 943
840 944
841 945
842 946
843 947
844 948
845 949
846 950
847 952
848 954
849 955
850 957
852 958
853 960
854 961
856 963
860 964
861 965
862 966
863 967
864 968
865 969
867 970
868 971
869 972
870 975
871 976
872 977
873 978
874 979
875 980
876 981
877 982
878 983
879 984
880 987
882 988
883 989
885 990
886 991
887 992
890 993
891 994
892 2
894 3
896 5
897 6
899 7
900 8
901 9
902 10
904 11
905 13
906 15
907 16
908 17
910 18
912 19
913 22
914 24
915 25
919 26
920 27
921 28
922 29
923 30
924 31
925 32
926 33
927 34
928 35
929 36
930 37
931 38
932 39
933 40
934 41
935 42
936 43
937 44
939 45
940 46
941 47
942 48
943 50
944 51
945 52
947 53
948 54
949 55
950 56
951 57
952 59
953 60
954 61
955 62
956 63
957 64
958 65
959 66
960 68
961 70
962 71
963 74
964 76
965 77
966 78
967 80
968 82
971 83
972 84
973 85
976 86
978 87
979 88
980 89
982 90
985 91
988 92
989 93
991 96
992 98
993 102
994 103
995 104
996 105
