2 91
3 92
5 94
6 95
7 98
8 99
10 100
12 101
13 103
14 104
15 105
16 108
17 109
19 110
20 113
21 114
23 115
24 116
25 117
26 118
27 120
28 121
29 122
30 123
31 124
32 125
33 127
34 128
35 129
36 130
37 133
38 134
39 136
40 137
41 139
43 141
44 142
46 143
48 144
50 145
52 146
53 148
54 151
57 153
59 154
60 156
61 157
62 158
63 159
64 160
65 161
66 162
67 163
68 164
70 165
71 166
72 167
74 169
75 170
76 171
77 174
78 175
82 176
83 178
85 180
86 181
87 183
88 184
89 185
90 187
91 188
92 190
93 191
94 192
95 193
96 194
97 195
98 196
99 197
100 198
101 199
102 200
104 201
105 202
106 203
107 207
108 208
110 209
111 210
112 212
113 213
114 216
115 218
117 219
118 221
119 224
121 225
123 226
124 227
126 228
127 229
128 230
129 231
132 233
133 234
135 236
136 237
137 238
139 240
140 241
141 242
142 243
143 245
144 247
145 248
147 249
149 250
150 251
151 252
152 253
153 254
154 255
155 256
156 257
157 258
158 259
159 260
161 261
162 262
163 263
164 264
165 267
166 268
167 269
168 270
169 273
170 274
171 275
172 277
173 278
174 279
175 280
177 281
178 282
179 284
180 285
181 286
182 287
183 289
186 290
187 291
188 292
189 293
190 294
192 295
193 296
194 297
195 298
197 299
198 301
199 302
200 303
202 304
205 305
206 306
207 307
208 308
209 309
210 310
211 312
213 313
214 314
215 315
216 316
219 317
220 318
221 319
222 320
223 321
225 322
226 325
227 327
229 328
230 329
232 330
233 331
234 332
235 333
237 334
238 338
239 339
240 340
241 343
242 344
244 346
245 350
246 351
247 352
248 354
249 355
250 357
251 358
254 359
255 360
256 361
257 362
258 364
259 365
260 366
261 368
262 369
263 370
264 371
266 372
267 373
268 375
269 377
271 378
272 379
273 380
274 381
276 382
277 383
278 385
279 386
281 388
282 389
283 391
284 392
285 393
286 394
287 395
288 397
290 400
294 401
295 404
296 406
297 407
298 408
300 409
301 410
303 412
305 413
306 414
308 415
309 417
310 418
311 420
312 423
313 425
314 426
315 427
316 429
317 430
318 431
320 433
321 435
322 436
323 437
324 439
325 440
326 441
327 442
328 443
329 444
330 445
332 446
333 447
334 449
335 450
336 451
337 452
338 454
339 455
340 456
341 458
342 459
344 460
345 461
346 462
348 463
349 464
352 465
354 469
355 471
356 473
358 475
359 476
360 478
361 479
362 481
365 482
367 483
368 484
369 485
370 486
371 487
372 488
373 489
374 490
375 491
376 493
377 495
378 496
379 498
380 500
381 501
382 502
383 503
384 504
385 505
387 506
388 508
389 509
390 510
391 511
392 512
393 513
394 514
396 515
397 516
398 517
399 518
400 519
402 520
403 521
404 522
405 523
406 524
407 525
408 526
410 527
411 528
412 529
413 530
414 531
415 532
416 534
418 536
419 538
420 539
425 541
426 542
428 544
429 545
430 546
431 547
432 548
433 549
435 550
436 552
437 553
438 554
439 557
440 560
441 561
442 563
443 565
444 566
446 567
447 568
448 569
449 570
450 571
451 572
453 573
454 574
455 575
456 576
457 577
459 578
462 579
463 580
465 581
466 582
467 583
471 585
472 586
473 587
474 588
476 589
477 590
478 591
479 592
482 593
483 594
484 595
485 596
486 597
488 598
489 599
490 600
491 602
492 603
493 604
494 605
495 606
496 607
498 608
499 609
501 610
502 613
503 614
504 615
505 616
508 617
509 618
510 619
511 620
512 621
513 622
514 623
516 625
517 626
518 628
519 629
520 630
522 631
523 632
524 636
525 637
526 638
527 640
528 641
529 643
531 644
532 648
533 649
534 650
535 651
536 652
537 653
538 654
539 655
541 657
542 660
543 661
544 662
545 663
546 664
547 665
548 666
549 667
550 668
551 671
553 673
554 675
555 676
557 677
558 678
559 680
560 681
561 684
563 685
564 686
565 688
566 690
567 693
568 694
570 695
571 697
572 699
573 700
574 701
575 702
576 703
577 704
579 705
581 706
583 707
584 708
585 710
586 711
587 713
588 714
590 715
591 716
592 717
593 720
594 721
595 722
597 723
598 724
600 725
602 726
603 727
604 728
605 729
606 730
607 731
608 732
609 733
610 734
611 735
612 736
613 737
614 738
616 739
617 740
619 741
620 742
621 743
622 744
623 745
624 746
625 747
626 748
630 749
632 750
633 752
635 753
636 754
637 756
638 757
639 758
640 759
641 760
642 761
643 762
644 764
646 766
647 767
648 768
649 769
650 771
651 772
652 773
653 774
655 775
656 776
657 779
658 780
659 781
661 782
663 783
664 784
665 785
666 786
669 788
670 789
671 790
672 791
674 792
677 793
678 794
679 795
681 796
682 797
683 798
684 799
685 800
686 801
687 802
688 803
689 804
690 805
691 806
693 807
694 808
697 809
698 810
699 811
704 813
705 815
706 816
707 817
708 818
709 820
711 821
712 822
713 823
714 825
715 826
716 827
717 828
718 829
719 830
720 831
721 832
723 833
724 834
725 835
726 836
727 837
728 839
729 840
731 842
732 844
733 845
734 846
735 847
736 848
737 849
739 850
742 851
743 853
744 854
745 855
746 858
747 859
748 860
750 861
751 862
752 863
753 864
754 865
755 868
756 869
759 870
761 871
762 873
763 874
764 875
765 876
766 877
767 878
769 879
770 880
771 881
772 882
773 883
774 884
775 886
776 887
778 888
779 889
780 890
781 891
782 892
785 893
786 894
787 895
788 896
790 897
792 898
793 899
795 900
796 901
797 902
800 903
801 904
802 905
803 906
804 907
805 908
806 909
807 910
808 911
809 912
810 913
811 914
813 916
816 917
817 918
818 923
819 924
821 925
822 926
825 928
826 929
827 931
828 932
829 933
830 934
831 935
832 936
833 939
834 941
835 942
836 943
837 944
838 945
839 946
840 947
841 948
842 949
843 950
844 951
845 952
846 953
848 956
849 957
851 958
852 960
855 961
856 962
857 963
859 965
861 966
862 967
863 968
865 969
866 971
867 972
868 973
869 974
870 975
872 976
873 977
874 978
875 979
878 980
879 981
880 982
881 983
883 985
884 986
886 987
887 989
889 990
890 992
891 993
892 1
893 2
897 3
898 4
900 6
901 7
902 8
903 9
904 10
906 12
911 13
913 14
914 15
915 16
917 20
918 21
919 23
920 24
921 26
922 27
923 28
924 30
925 31
927 32
929 33
930 37
931 38
933 39
935 40
936 41
938 43
940 44
941 45
942 46
944 47
945 48
947 49
949 51
950 52
951 53
952 54
953 55
954 57
955 58
957 59
958 61
959 62
961 64
965 66
967 67
971 68
972 69
973 71
975 72
978 73
979 74
981 75
982 76
983 77
984 78
985 80
986 81
987 82
988 83
989 84
990 85
991 87
992 89
993 90
