1 83
2 84
4 85
5 86
6 87
7 88
9 89
10 90
11 91
12 92
14 93
15 94
16 95
17 97
18 98
20 99
21 100
22 101
24 103
25 104
26 105
27 106
28 107
29 108
34 109
35 110
36 111
37 112
39 113
40 114
41 115
42 117
43 118
44 119
47 120
48 122
49 123
51 126
52 127
54 128
55 130
57 131
58 132
60 133
61 134
62 135
63 136
64 137
65 142
66 143
68 144
69 145
70 146
71 147
73 148
74 150
75 151
76 154
77 155
78 156
79 157
80 158
81 159
84 160
85 161
86 163
87 164
88 165
89 166
90 167
91 168
92 169
93 170
94 171
95 172
96 173
97 174
98 176
99 177
100 178
102 179
103 180
104 181
105 182
107 183
108 184
109 187
110 188
111 189
112 190
113 191
114 192
115 193
116 194
117 195
118 196
119 198
121 199
122 200
123 201
124 202
125 204
126 206
127 207
128 208
129 209
130 210
131 211
132 212
133 214
134 216
135 217
136 218
137 219
139 220
140 221
141 222
143 223
144 224
145 225
146 226
147 227
148 228
149 229
150 230
151 231
153 232
154 234
155 235
157 237
158 238
159 240
161 241
162 242
163 243
164 244
166 245
167 246
168 247
169 248
170 249
171 251
172 252
173 253
174 254
175 255
176 256
177 258
178 259
179 260
180 261
181 262
182 263
183 265
184 267
185 269
186 270
187 271
188 272
191 273
192 274
194 275
197 278
198 279
200 280
202 281
203 282
204 284
205 285
206 287
207 289
208 290
209 291
210 292
212 293
213 294
214 296
215 297
216 298
217 299
218 301
220 303
221 305
223 306
224 307
225 308
226 310
227 312
228 314
229 315
230 316
231 317
232 318
233 320
234 321
235 322
236 323
237 324
238 325
239 326
240 327
241 328
242 330
244 333
245 334
246 335
247 336
250 337
251 338
252 340
253 341
254 342
255 343
256 344
257 345
258 347
260 348
261 349
262 350
265 351
266 352
267 353
268 354
269 355
270 356
271 357
272 359
273 360
274 361
275 362
276 363
277 364
278 366
279 368
280 369
281 370
282 371
283 372
284 373
285 374
286 375
287 376
288 377
290 378
291 380
292 381
293 382
294 383
295 386
296 388
298 389
299 390
300 391
302 392
303 394
304 395
305 396
306 397
307 398
308 399
310 400
311 403
312 404
313 405
314 406
315 407
316 408
318 409
319 411
321 412
322 413
323 414
324 415
325 416
326 417
327 419
328 420
329 421
331 422
333 423
335 424
336 425
337 427
339 428
340 431
341 432
342 433
343 434
344 435
345 436
346 437
349 438
350 439
351 440
352 441
353 444
354 445
355 446
357 447
359 448
360 449
363 450
364 451
365 452
366 453
368 454
369 456
370 457
371 459
374 460
375 462
376 464
377 465
379 466
380 467
381 468
382 469
383 470
384 471
385 473
386 474
387 477
388 479
389 480
390 481
391 482
392 483
393 485
394 486
396 489
398 490
399 492
400 493
401 495
402 496
403 497
404 498
405 499
407 500
408 501
409 503
411 504
413 505
414 506
416 507
418 508
419 510
420 512
421 513
422 514
423 515
424 516
426 517
427 519
428 520
430 522
431 523
433 525
434 526
435 527
436 528
439 529
440 530
441 531
442 532
443 533
444 534
445 535
446 536
447 537
449 538
450 539
451 540
452 541
454 543
455 544
456 545
457 548
458 549
459 550
460 554
462 556
463 558
464 559
465 560
466 561
467 562
468 563
469 564
471 565
472 566
473 567
474 568
475 570
476 571
477 572
478 573
479 575
480 576
481 577
482 578
483 580
484 581
485 582
486 583
487 584
488 585
490 587
491 588
492 589
493 590
494 591
495 593
496 594
497 595
498 596
499 597
500 598
501 599
502 601
503 602
504 603
505 604
506 605
507 608
509 609
511 611
512 613
513 615
514 616
515 617
517 618
519 619
520 620
521 622
522 623
523 624
524 625
525 626
526 628
528 629
529 630
531 631
532 632
533 633
534 634
535 635
537 638
539 639
541 640
542 641
544 642
545 643
546 644
547 645
548 646
549 647
551 648
552 649
554 650
555 651
556 652
557 653
558 654
559 655
560 656
561 657
562 658
563 659
564 660
565 661
566 662
567 663
568 664
569 665
570 666
571 667
572 668
573 669
574 670
575 671
577 672
578 673
581 674
582 675
583 676
584 677
585 678
587 679
588 680
589 681
591 682
592 683
593 686
595 687
596 688
597 689
599 690
600 691
601 693
602 694
603 695
604 696
606 697
607 699
608 700
609 701
611 702
612 703
613 704
614 706
615 707
616 708
617 710
618 711
620 712
621 713
622 714
623 715
624 716
625 717
626 718
627 720
628 721
629 722
630 724
631 725
632 726
634 727
635 728
636 730
637 732
638 733
639 735
640 736
641 738
642 739
644 741
645 742
647 743
648 744
649 745
650 747
651 748
652 749
653 750
654 751
655 752
656 753
657 754
658 755
659 756
661 758
662 759
664 761
667 762
668 763
670 765
671 766
673 767
674 768
676 769
677 771
678 772
679 773
680 774
681 775
683 778
684 779
685 781
686 782
688 783
689 784
690 786
691 787
692 788
693 790
694 791
695 793
696 794
697 795
698 796
699 797
700 798
702 799
703 800
704 801
705 803
706 804
707 805
708 806
709 808
710 811
712 812
713 813
714 815
715 817
717 818
719 819
720 821
721 822
722 823
723 824
724 825
726 826
727 827
729 828
730 829
731 830
733 831
735 832
736 833
737 834
738 835
739 836
740 837
742 838
744 841
745 842
746 843
747 844
748 845
749 847
750 848
752 849
753 850
754 851
756 852
759 853
760 854
761 855
762 857
763 858
764 859
765 860
766 861
767 862
768 863
769 864
770 865
773 866
775 867
776 869
777 870
778 871
779 872
780 873
782 874
783 875
784 876
785 877
786 878
787 879
788 880
789 881
790 882
791 883
792 885
793 887
794 888
795 890
796 891
797 892
798 893
799 894
800 895
801 896
803 897
805 898
806 899
807 900
808 901
809 902
810 903
811 904
812 905
813 906
814 908
815 909
816 910
817 911
821 913
823 914
825 915
826 916
827 917
828 918
829 920
830 921
831 922
832 924
833 925
834 926
835 927
836 928
837 929
839 930
840 931
841 932
842 933
843 934
845 935
846 936
847 937
848 938
849 939
850 940
851 941
852 943
853 944
854 946
856 947
857 948
858 949
859 950
860 951
862 952
863 953
864 954
865 955
866 956
868 957
870 959
871 961
872 962
873 964
874 965
875 966
876 967
877 968
879 969
880 971
881 972
882 973
883 974
885 975
888 977
889 978
890 979
891 980
892 982
893 984
894 985
895 986
897 987
898 988
899 989
901 992
903 993
904 1
905 2
907 3
908 4
909 5
910 6
912 7
913 8
915 9
916 10
917 12
919 13
920 15
921 16
922 17
923 18
924 19
925 21
926 23
927 24
928 25
929 27
930 28
931 29
934 30
935 31
936 32
937 33
938 34
939 36
940 37
941 39
942 40
943 41
944 42
945 43
947 44
948 46
949 47
950 48
951 49
954 50
955 51
956 52
957 53
958 54
960 55
961 56
963 57
965 58
966 59
967 60
968 61
971 62
972 63
973 64
975 65
976 66
978 67
979 70
981 72
982 73
983 74
984 75
985 76
987 78
988 79
989 80
990 81
993 82
