1 219
2 220
3 221
4 222
5 223
6 224
7 225
8 226
9 227
10 228
11 229
12 230
13 231
14 232
15 233
16 234
17 235
18 236
19 237
20 238
21 239
22 240
23 241
24 242
25 243
26 244
27 245
28 246
29 247
30 248
31 249
32 250
33 251
34 252
35 253
36 254
37 255
38 256
39 257
40 258
41 259
42 260
43 261
44 262
45 263
46 264
47 265
48 266
49 267
50 268
51 269
52 270
53 271
54 272
55 273
56 274
57 275
58 276
59 277
60 278
61 279
62 280
63 281
64 282
65 283
66 284
67 285
68 286
69 287
70 288
71 289
72 290
73 291
74 292
75 293
76 294
77 295
78 296
79 297
80 298
81 299
82 300
83 301
84 302
85 303
86 304
87 305
88 306
89 307
90 308
91 309
92 310
93 311
94 312
95 313
96 314
97 315
98 316
99 317
100 318
101 319
102 320
103 321
104 322
105 323
106 324
107 325
108 326
109 327
110 328
111 329
112 330
113 331
114 332
115 333
116 334
117 335
118 336
119 337
120 338
121 339
122 340
123 341
124 342
125 343
126 344
127 345
128 346
129 347
130 348
131 349
132 350
133 351
134 352
135 353
136 354
137 355
138 356
139 357
140 358
141 359
142 360
143 361
144 362
145 363
146 364
147 365
148 366
149 367
150 368
151 369
152 370
153 371
154 372
155 373
156 374
157 375
158 376
159 377
160 378
161 379
162 380
163 381
164 382
165 383
166 384
167 385
168 386
169 387
170 388
171 389
172 390
173 391
174 392
175 393
176 394
177 395
178 396
179 397
180 398
181 399
182 400
183 401
184 402
185 403
186 404
187 405
188 406
189 407
190 408
191 409
192 410
193 411
194 412
195 413
196 414
197 415
198 416
199 417
200 418
201 419
202 420
203 421
204 422
205 423
206 424
207 425
208 426
209 427
210 428
211 429
212 430
213 431
214 432
215 433
216 434
217 435
218 436
219 437
220 438
221 439
222 440
223 441
224 442
225 443
226 444
227 445
228 446
229 447
230 448
231 449
232 450
233 451
234 452
235 453
236 454
237 455
238 456
239 457
240 458
241 459
242 460
243 461
244 462
245 463
246 464
247 465
248 466
249 467
250 468
251 469
252 470
253 471
254 472
255 473
256 474
257 475
258 476
259 477
260 478
261 479
262 480
263 481
264 482
265 483
266 484
267 485
268 486
269 487
270 488
271 489
272 490
273 491
274 492
275 493
276 494
277 495
278 496
279 497
280 498
281 499
282 500
283 501
284 502
285 503
286 504
287 505
288 506
289 507
290 508
291 509
292 510
293 511
294 512
295 513
296 514
297 515
298 516
299 517
300 518
301 519
302 520
303 521
304 522
305 523
306 524
307 525
308 526
309 527
310 528
311 529
312 530
313 531
314 532
315 533
316 534
317 535
318 536
319 537
320 538
321 539
322 540
323 541
324 542
325 543
326 544
327 545
328 546
329 547
330 548
331 549
332 550
333 551
334 552
335 553
336 554
337 555
338 556
339 557
340 558
341 559
342 560
343 561
344 562
345 563
346 564
347 565
348 566
349 567
350 568
351 569
352 570
353 571
354 572
355 573
356 574
357 575
358 576
359 577
360 578
361 579
362 580
363 581
364 582
365 583
366 584
367 585
368 586
369 587
370 588
371 589
372 590
373 591
374 592
375 593
376 594
377 595
378 596
379 597
380 598
381 599
382 600
383 601
384 602
385 603
386 604
387 605
388 606
389 607
390 608
391 609
392 610
393 611
394 612
395 613
396 614
397 615
398 616
399 617
400 618
401 619
402 620
403 621
404 622
405 623
406 624
407 625
408 626
409 627
410 628
411 629
412 630
413 631
414 632
415 633
416 634
417 635
418 636
419 637
420 638
421 639
422 640
423 641
424 642
425 643
426 644
427 645
428 646
429 647
430 648
431 649
432 650
433 651
434 652
435 653
436 654
437 655
438 656
439 657
440 658
441 659
442 660
443 661
444 662
445 663
446 664
447 665
448 666
449 667
450 668
451 669
452 670
453 671
454 672
455 673
456 674
457 675
458 676
459 677
460 678
461 679
462 680
463 681
464 682
465 683
466 684
467 685
468 686
469 687
470 688
471 689
472 690
473 691
474 692
475 693
476 694
477 695
478 696
479 697
480 698
481 699
482 700
483 701
484 702
485 703
486 704
487 705
488 706
489 707
490 708
491 709
492 710
493 711
494 712
495 713
496 714
497 715
498 716
499 717
500 718
501 719
502 720
503 721
504 722
505 723
506 724
507 725
508 726
509 727
510 728
511 729
512 730
513 731
514 732
515 733
516 734
517 735
518 736
519 737
520 738
521 739
522 740
523 741
524 742
525 743
526 744
527 745
528 746
529 747
530 748
531 749
532 750
533 751
534 752
535 753
536 754
537 755
538 756
539 757
540 758
541 759
542 760
543 761
544 762
545 763
546 764
547 765
548 766
549 767
550 768
551 769
552 770
553 771
554 772
555 773
556 774
557 775
558 776
559 777
560 778
561 779
562 780
563 781
564 782
565 783
566 784
567 785
568 786
569 787
570 788
571 789
572 790
573 791
574 792
575 793
576 794
577 795
578 796
579 797
580 798
581 799
582 800
583 801
584 802
585 803
586 804
587 805
588 806
589 807
590 808
591 809
592 810
593 811
594 812
595 813
596 814
597 815
598 816
599 817
600 818
601 819
602 820
603 821
604 822
605 823
606 824
607 825
608 826
609 827
610 828
611 829
612 830
613 831
614 832
615 833
616 834
617 835
618 836
619 837
620 838
621 839
622 840
623 841
624 842
625 843
626 844
627 845
628 846
629 847
630 848
631 849
632 850
633 851
634 852
635 853
636 854
637 855
638 856
639 857
640 858
641 859
642 860
643 861
644 862
645 863
646 864
647 865
648 866
649 867
650 868
651 869
652 870
653 871
654 872
655 873
656 874
657 875
658 876
659 877
660 878
661 879
662 880
663 881
664 882
665 883
666 884
667 885
668 886
669 887
670 888
671 889
672 890
673 891
674 892
675 893
676 894
677 895
678 896
679 897
680 898
681 899
682 900
683 901
684 902
685 903
686 904
687 905
688 906
689 907
690 908
691 909
692 910
693 911
694 912
695 913
696 914
697 915
698 916
699 917
700 918
701 919
702 920
703 921
704 922
705 923
706 924
707 925
708 926
709 927
710 928
711 929
712 930
713 931
714 932
715 933
716 934
717 935
718 936
719 937
720 938
721 939
722 940
723 941
724 942
725 943
726 944
727 945
728 946
729 947
730 948
731 949
732 950
733 951
734 952
735 953
736 954
737 955
738 956
739 957
740 958
741 959
742 960
743 961
744 962
745 963
746 964
747 965
748 966
749 967
750 968
751 969
752 970
753 971
754 972
755 973
756 974
757 975
758 976
759 977
760 978
761 979
762 980
763 981
764 982
765 983
766 984
767 985
768 986
769 987
770 988
771 989
772 990
773 991
774 992
775 993
776 994
777 995
778 996
779 997
780 998
781 999
782 1000
783 1
784 2
785 3
786 4
787 5
788 6
789 7
790 8
791 9
792 10
793 11
794 12
795 13
796 14
797 15
798 16
799 17
800 18
801 19
802 20
803 21
804 22
805 23
806 24
807 25
808 26
809 27
810 28
811 29
812 30
813 31
814 32
815 33
816 34
817 35
818 36
819 37
820 38
821 39
822 40
823 41
824 42
825 43
826 44
827 45
828 46
829 47
830 48
831 49
832 50
833 51
834 52
835 53
836 54
837 55
838 56
839 57
840 58
841 59
842 60
843 61
844 62
845 63
846 64
847 65
848 66
849 67
850 68
851 69
852 70
853 71
854 72
855 73
856 74
857 75
858 76
859 77
860 78
861 79
862 80
863 81
864 82
865 83
866 84
867 85
868 86
869 87
870 88
871 89
872 90
873 91
874 92
875 93
876 94
877 95
878 96
879 97
880 98
881 99
882 100
883 101
884 102
885 103
886 104
887 105
888 106
889 107
890 108
891 109
892 110
893 111
894 112
895 113
896 114
897 115
898 116
899 117
900 118
901 119
902 120
903 121
904 122
905 123
906 124
907 125
908 126
909 127
910 128
911 129
912 130
913 131
914 132
915 133
916 134
917 135
918 136
919 137
920 138
921 139
922 140
923 141
924 142
925 143
926 144
927 145
928 146
929 147
930 148
931 149
932 150
933 151
934 152
935 153
936 154
937 155
938 156
939 157
940 158
941 159
942 160
943 161
944 162
945 163
946 164
947 165
948 166
949 167
950 168
951 169
952 170
953 171
954 172
955 173
956 174
957 175
958 176
959 177
960 178
961 179
962 180
963 181
964 182
965 183
966 184
967 185
968 186
969 187
970 188
971 189
972 190
973 191
974 192
975 193
976 194
977 195
978 196
979 197
980 198
981 199
982 200
983 201
984 202
985 203
986 204
987 205
988 206
989 207
990 208
991 209
992 210
993 211
994 212
995 213
996 214
997 215
998 216
999 217
1000 218
