5 614
7 617
8 619
14 625
19 629
22 639
24 640
25 642
28 650
32 657
34 672
38 675
40 678
41 699
45 702
46 707
48 709
49 710
54 713
55 716
60 721
62 724
63 725
72 729
79 733
80 737
90 742
93 746
99 748
100 751
102 753
103 758
110 762
112 763
113 765
116 767
117 768
120 774
127 775
130 778
133 779
152 781
155 790
158 796
165 797
167 799
168 801
172 804
173 809
174 811
180 814
185 815
187 816
199 820
204 821
209 832
216 840
222 845
240 848
242 851
246 861
257 867
260 868
261 872
263 875
274 899
278 900
279 902
280 903
293 907
299 908
301 912
311 918
319 919
332 921
334 923
335 930
342 934
348 939
361 940
362 942
375 947
393 953
396 956
397 962
401 965
403 971
405 976
419 982
423 983
433 993
435 6
437 7
439 13
440 20
444 23
454 33
456 42
464 47
467 49
470 53
480 57
481 60
483 64
484 65
486 81
487 91
488 93
491 95
497 98
500 103
501 107
505 122
510 129
524 130
525 137
526 140
528 147
549 149
551 152
558 157
569 158
572 159
579 169
586 170
588 185
589 188
592 189
593 193
595 194
600 195
606 196
614 197
619 199
623 204
634 212
640 221
647 225
650 226
651 230
655 231
656 235
660 237
666 243
672 245
675 252
679 255
682 264
683 272
684 274
692 283
696 293
697 295
699 305
704 306
705 319
708 327
709 329
713 337
716 339
718 341
723 344
736 347
741 350
751 351
752 354
753 355
772 359
776 364
778 370
779 384
780 387
790 389
791 391
794 393
799 396
801 400
812 406
819 407
820 422
822 429
828 430
837 435
839 449
841 459
846 463
848 466
872 468
879 474
903 503
908 505
912 520
915 526
917 533
918 537
932 539
934 553
946 562
950 567
951 570
953 572
957 575
962 576
963 577
977 580
979 588
980 604
993 606
998 611
