7 585
10 594
13 596
22 599
30 602
46 605
48 607
54 609
60 612
63 622
74 626
80 628
86 632
88 637
90 640
93 652
95 668
97 679
105 682
107 686
116 697
118 699
122 701
126 707
130 708
133 722
134 723
152 734
159 738
161 748
171 749
172 753
173 766
177 767
178 768
182 772
185 780
194 792
200 793
208 796
214 803
220 805
222 818
226 819
231 822
232 831
233 835
234 836
235 840
240 847
247 853
254 866
255 867
262 870
266 873
267 874
268 875
270 877
278 879
281 884
286 885
292 889
293 890
294 891
297 893
303 896
308 902
316 907
321 911
337 917
338 931
339 945
341 953
344 958
345 965
347 966
351 970
354 974
360 976
367 979
368 986
369 989
371 994
378 997
380 998
381 4
385 5
389 8
391 9
394 14
397 21
402 23
403 24
404 26
411 27
429 35
430 36
431 44
440 46
441 50
443 66
448 70
459 72
463 75
464 77
476 86
477 90
484 93
489 94
496 96
502 105
505 107
507 117
509 119
517 123
520 126
523 129
525 130
529 131
534 133
543 135
546 136
548 143
553 147
557 148
559 151
571 156
572 158
574 167
575 179
577 183
588 187
590 193
591 197
599 199
603 200
605 201
628 204
629 205
632 224
633 235
637 236
644 250
650 251
656 253
660 256
661 259
662 276
670 277
671 281
676 284
682 285
689 287
693 288
695 289
696 296
697 300
699 317
700 319
704 325
708 327
710 328
711 330
714 333
726 339
733 343
737 344
738 346
751 349
753 350
760 352
761 359
764 360
771 361
774 363
775 364
782 365
796 368
806 370
810 381
812 385
813 387
822 392
832 393
833 395
839 398
840 405
841 410
858 414
873 418
889 431
893 433
896 439
897 444
903 448
904 451
910 461
911 464
912 474
914 479
921 493
925 495
929 501
930 505
943 517
944 518
948 519
954 522
955 527
959 529
961 532
964 533
970 534
979 540
982 556
983 557
984 563
991 569
