5 627
11 633
14 637
18 640
19 641
26 643
27 647
28 650
36 652
37 676
40 687
42 689
43 703
44 705
60 706
62 713
72 718
73 720
76 721
79 724
80 725
85 728
89 729
93 731
94 736
96 741
102 758
104 759
115 766
117 768
124 774
129 779
137 794
139 797
141 799
143 801
151 810
152 817
162 819
168 820
169 822
182 826
184 828
186 838
197 843
204 844
209 845
214 856
221 872
230 874
234 876
240 879
241 890
250 891
254 892
260 902
265 903
266 911
269 913
286 918
290 925
293 926
303 933
307 936
308 937
313 941
321 946
336 947
344 949
355 954
364 960
371 966
372 973
373 977
377 983
384 984
391 985
400 988
403 990
405 992
411 993
426 996
427 4
439 22
441 24
452 33
453 34
461 37
462 38
464 40
467 42
477 43
478 58
482 59
486 60
497 65
500 66
506 67
511 70
512 90
513 94
518 101
522 106
523 109
539 112
544 128
550 131
560 133
566 138
572 139
580 168
581 174
587 186
602 190
613 192
616 196
617 197
623 200
628 207
631 217
633 243
641 245
647 246
653 247
655 250
658 257
662 259
673 273
677 275
684 284
685 293
703 298
709 301
713 302
715 303
729 307
736 320
738 325
740 326
745 333
755 343
757 344
762 353
763 356
767 361
769 363
777 364
781 390
784 402
788 412
790 415
800 419
805 421
818 426
823 431
825 438
831 450
838 454
844 455
846 457
849 461
871 472
872 482
879 483
883 485
884 488
885 489
886 493
888 497
893 499
894 505
897 510
898 524
899 526
904 528
905 531
910 533
925 537
926 541
929 545
930 546
931 550
947 557
949 570
956 576
960 581
962 587
969 601
975 602
977 606
985 620
995 626
