1 301
5 302
6 306
7 308
8 309
9 312
13 313
14 315
16 317
17 318
18 319
20 322
22 323
23 324
26 328
27 329
28 333
33 334
34 336
35 339
36 340
38 342
39 344
40 345
42 347
43 348
44 349
46 351
48 352
53 353
56 354
57 356
58 357
59 358
60 359
63 361
64 362
67 363
68 364
69 374
70 376
71 378
73 382
75 384
78 386
79 387
80 388
81 390
82 392
83 395
87 397
93 399
94 404
96 406
98 407
99 409
100 411
102 412
103 413
104 418
109 419
112 422
113 423
115 424
118 425
121 428
122 430
126 431
127 434
128 435
130 436
131 438
139 440
140 445
141 447
142 449
143 451
148 454
152 455
153 456
154 461
156 462
157 463
158 465
159 467
160 468
164 474
166 482
167 483
168 484
169 487
173 488
175 489
176 491
177 492
178 494
180 495
183 498
188 499
189 505
191 507
193 508
194 509
195 510
199 513
200 514
201 515
202 516
204 518
205 519
209 520
210 522
214 524
215 526
220 527
222 529
225 530
228 532
230 536
231 538
234 539
235 540
238 543
239 544
240 545
242 546
245 547
248 548
250 549
251 550
252 551
253 552
254 555
256 557
259 558
260 559
261 560
262 562
263 563
264 564
265 565
266 567
269 568
270 570
271 571
273 573
277 575
282 576
283 579
284 580
286 581
287 584
290 585
292 587
294 589
297 590
298 591
301 592
302 595
304 597
305 598
309 599
311 600
312 601
313 602
314 603
315 604
316 608
319 609
321 612
323 614
329 616
330 622
334 623
339 624
340 626
341 628
343 629
344 630
345 631
347 634
350 635
353 638
354 641
358 642
360 643
363 648
364 652
365 653
367 656
372 657
373 658
374 660
376 662
378 664
379 665
380 666
381 669
382 671
383 672
384 673
385 675
386 680
387 681
390 682
392 683
393 684
394 685
395 686
396 688
398 690
400 691
403 693
404 695
405 697
416 698
417 699
419 700
420 701
422 704
425 705
426 706
427 707
429 708
433 709
436 712
437 713
440 714
441 715
442 716
444 717
446 718
447 721
448 722
449 723
451 726
453 733
455 736
456 737
457 738
459 740
462 741
463 742
464 743
465 744
466 747
468 748
469 750
470 752
471 754
472 755
473 756
475 758
476 759
479 760
483 762
487 763
488 766
489 768
491 769
493 771
495 776
499 784
500 786
501 787
502 788
503 789
504 790
505 791
507 792
511 794
512 797
516 799
517 800
518 801
519 802
520 803
521 804
523 805
525 806
526 809
528 810
530 811
532 812
533 814
536 819
539 820
541 824
544 825
546 826
547 828
549 830
550 831
553 832
555 836
558 837
563 839
566 841
568 842
570 844
571 847
574 850
577 851
578 853
583 856
586 859
587 860
589 862
590 863
591 866
592 867
596 872
599 873
600 875
602 876
604 877
605 880
608 881
609 883
610 885
612 886
613 889
618 890
620 891
622 892
623 894
626 895
633 896
641 897
643 898
647 899
649 900
652 901
653 902
654 903
655 905
657 911
658 913
660 914
664 915
665 916
667 918
668 921
672 922
674 924
676 925
677 926
678 928
679 930
681 934
684 935
685 936
687 938
688 941
689 943
690 944
692 950
693 951
697 957
698 960
700 961
701 965
705 966
707 969
709 971
710 972
716 973
717 974
722 979
723 980
724 981
727 982
728 983
733 984
736 991
738 992
742 994
743 995
746 2
748 3
749 6
750 7
751 8
753 9
754 10
755 13
757 14
758 15
760 23
761 26
763 30
764 31
765 32
766 34
769 36
770 37
771 43
772 46
773 47
776 49
780 50
782 51
784 53
785 55
786 58
790 60
795 61
796 63
797 66
798 67
799 68
800 71
802 73
806 77
807 78
808 80
810 81
811 82
813 83
814 84
815 85
820 89
821 94
823 95
824 96
825 100
826 101
828 102
829 104
830 106
832 108
834 110
837 112
839 113
840 114
841 115
842 118
843 119
845 120
847 121
848 125
850 126
851 127
852 128
857 133
858 135
859 138
860 140
862 141
864 142
869 144
870 146
872 147
874 149
876 151
877 158
878 159
880 161
881 164
884 165
885 166
887 168
890 172
895 173
896 174
898 175
899 176
900 177
902 179
906 180
907 181
908 182
909 183
910 184
912 186
914 190
916 192
918 193
919 195
920 196
921 197
924 200
927 202
931 204
932 210
936 216
937 217
939 220
940 221
941 222
942 226
944 230
946 232
948 236
949 239
951 241
953 245
954 249
957 250
958 254
962 255
964 256
965 260
967 262
968 264
970 265
971 268
973 269
977 272
979 275
980 276
981 281
982 285
983 286
984 287
985 289
986 291
987 292
988 293
990 296
994 298
995 299
