1 310
4 311
5 313
12 316
15 320
16 323
17 325
19 328
21 329
22 330
23 331
25 333
30 337
34 338
37 340
39 341
40 346
41 347
45 350
46 351
52 353
53 354
57 355
58 356
60 358
62 359
63 360
64 362
65 371
66 372
67 375
71 377
73 378
74 380
78 383
79 386
81 388
82 391
85 392
88 393
89 394
90 395
91 397
96 398
97 399
98 400
99 403
101 404
102 405
103 407
104 409
107 412
109 413
112 414
113 417
114 418
116 420
118 423
120 425
121 427
122 429
123 432
125 434
126 435
128 436
135 437
139 438
141 441
142 442
143 444
144 445
145 446
147 448
149 449
151 451
155 453
157 454
158 457
160 458
161 459
164 462
166 463
167 465
168 466
169 467
172 468
174 470
177 471
178 472
180 477
181 478
182 482
184 483
185 487
186 490
188 491
191 494
192 495
193 496
194 497
198 499
201 502
202 508
204 511
206 517
209 518
210 520
211 521
215 523
218 524
220 525
222 526
223 527
224 528
228 530
229 531
231 533
234 534
235 535
236 538
237 540
239 542
242 543
243 544
245 546
246 547
248 548
249 550
250 553
253 563
254 564
255 565
263 568
265 571
268 572
272 574
274 579
278 583
280 585
281 587
284 590
288 592
289 596
290 597
292 599
295 601
296 602
299 604
300 607
301 610
303 611
305 612
310 614
311 616
313 617
314 619
319 624
320 625
321 626
322 630
325 635
327 636
328 638
330 641
333 642
334 643
336 647
338 648
339 649
340 651
342 652
345 657
349 659
350 661
351 662
355 665
356 666
359 668
360 669
361 670
362 672
363 677
364 678
365 679
368 684
370 686
372 687
375 689
376 690
378 691
382 695
383 696
384 697
389 699
391 700
393 701
394 704
403 705
404 706
405 707
407 710
408 712
409 714
411 715
413 716
416 717
419 720
423 722
424 723
425 724
430 727
436 728
442 729
443 731
445 732
446 733
448 734
452 736
453 737
454 738
455 739
456 746
457 749
458 755
460 758
461 760
462 761
465 762
468 763
469 768
472 772
473 776
477 779
478 781
479 782
480 785
482 787
484 789
486 790
488 791
490 792
493 793
494 795
495 796
498 800
499 802
501 804
502 812
503 814
506 816
507 820
509 828
510 829
511 830
512 833
513 834
515 835
516 839
517 843
518 844
519 845
520 847
522 848
524 851
529 856
530 857
531 858
536 862
537 864
540 865
541 868
542 870
543 877
544 878
545 880
546 881
549 882
553 883
554 885
556 887
558 888
562 890
563 891
564 894
565 895
566 896
568 898
569 900
572 901
574 903
576 907
577 909
581 910
583 915
584 918
586 920
587 922
589 925
590 926
593 927
594 930
597 931
600 935
601 937
606 941
607 942
609 943
610 946
612 948
613 950
616 954
618 955
620 956
621 958
622 959
626 961
627 962
628 965
629 966
630 967
635 968
636 970
637 975
639 977
640 980
641 982
642 986
644 988
645 991
648 992
649 993
650 994
652 996
653 999
655 2
657 3
659 4
660 5
661 7
662 9
665 11
668 16
671 17
672 19
674 21
676 23
677 25
680 26
682 28
686 34
689 35
694 37
695 38
697 40
698 44
702 45
708 48
711 49
712 51
717 52
719 54
722 55
727 56
729 57
730 58
731 59
733 60
736 65
737 67
740 68
742 69
743 70
748 71
750 72
754 75
756 79
758 81
760 82
761 84
764 88
766 90
767 91
768 95
769 96
770 98
775 101
776 102
777 105
781 106
784 107
785 108
787 109
789 111
791 112
792 116
793 118
799 119
801 122
802 124
804 125
807 126
810 127
814 128
815 133
816 135
817 137
818 138
819 139
821 140
823 142
826 143
827 144
829 145
834 146
837 147
838 149
839 151
843 153
845 156
848 160
850 161
852 162
854 163
855 165
856 166
860 173
861 174
863 175
865 176
866 181
868 184
869 185
870 186
871 191
872 192
874 194
875 195
876 199
877 202
878 203
879 204
880 206
881 207
882 210
884 212
885 216
888 219
890 221
891 223
895 224
899 226
900 227
901 228
903 229
905 231
907 232
908 233
910 236
914 237
915 239
916 240
923 241
924 243
928 247
929 248
933 249
936 252
942 253
943 254
944 255
945 256
947 257
949 258
951 263
955 265
956 266
957 267
959 268
961 269
963 273
964 275
965 277
966 278
967 279
969 280
971 282
974 287
976 290
979 292
984 295
985 296
988 300
991 302
992 305
993 306
996 307
998 308
