21543524
1223658
3839312
228
45111994
5818376871597682
2685176
253258
5683145178872
18
3796
11614926685754
3647514926588
35593679252
174
78
31344
38
16894934
5572522366
3224862
321562
23776
12
252499924
234
273942
22968
2783581992
2589832874
25828
18
2218222
332228884278
34282325826
84
31887272
253962
387577952
375954
892
3252618628
536973458722
275642
44
23712399266
32444524
64756713485588
22592948
44
1636
1963596
7383683435422
44931446
4143645113529528
273163274
488275946
232
6756618824319988
5643511819483696
25146
11842
9218
264356
422365466
883972285451826
3635954272
11271473398894628
76
133556131384
27384
1186
1227692
214
261188
15537774326
27979129156
6
256618757252
312456674
112
2512
1876
134
258164116
3592224372
18326451353992
36524226564
112
6969133284791786
9188778255441582
2444195334
2
176
8
242
32483526
626797238694284
885645892988114
352987425186
