16
1824
259446268
3921919869131696
18
35347819236482
759867474321264
6816619521284
47212491833776
256
94
43886
348944746
453262895218
211484
3373113362884466
379174154932
298636
3397517612
3812224
2689678
1254268794
3213474
2429591326
2
2732
17958
74
8472894746941184
524
3183456512
122436
46
194
2641292766216
341476
3321155674973298
61818
644531357592
6
714
197332485718
1658245159182
437184222488972
69391298132244
5818
136
8198
2
279282
655534938416424
1639667838745344
51922385718
19724897593612
29748772
616913826582
3955197694588
337245498
2249383875386
2742
831768
5462764572
24285884776256
27527658773524
2399258
5598388144
924988695973292
315848
422396428398714
9689534696
5221466
4
352724364
14712
89774
4143927146
298819222769836
82
24718989924
7526492452224
2518674896464858
12
14
1188
6848731878618
19954
6643761623586
51366235677168
16762594
6366616659342
16
185598136
464212966
32448774926
52216997528946
52992614994
89377688678
818
32
512755166248
