2428
674339531264
284869384
1134
26
686676562566
2245414
8859967768
294
28911941992
1973717324
496892498
864
2563292
328338
48774544874
6799382963594598
38468
63371676292
61939475132
365492
3769578
2791898945272
291832218
89873192
5679492383732
42428354688514
6373139136572
32268
19182
39781778
5329333194
1418547616118
129664
342
26792182124
35951424916
31568334
173822
41331582
5731477145373368
3837792
29585668
8854
12716
26834
978
27648
9334
284234852
372
4823262428
1334
9168
43768
2422
4642634
2254
3871942918152
128
4331483847627586
4555814222268364
3951286
6
2969764
7669316624
2842279665242
1841841664
63156
7381342776616
487381944
526598
52992819176
264
71676276
2114542
16198458
61461617222
14898734281878
188
612
514631866
4554467485434
696648
259799116526336
14191626
14472
11878
24234
49471659792252
157136
4147931145674
1564
422872584584
494191251172
552436643498
6
14191842
22
46947175846
