11831526246984114
11831526246984772
11831526246984786
11831526246983868
11831526246986354
11831526246983812
11831526246984124
11831526246983392
11831526246986158
11831526246984342
11831526246984354
11831526246986326
11831526246984348
11831526246985896
11831526246984848
11831526246984228
11831526246983414
11831526246985866
11831526246983724
11831526246984772
11831526246983676
11831526246983598
11831526246984738
11831526246985194
11831526246983932
11831526246985172
11831526246983576
11831526246985488
11831526246984196
11831526246983962
11831526246986274
11831526246983838
11831526246984464
11831526246984692
11831526246983438
11831526246984448
11831526246984234
11831526246986264
11831526246983468
11831526246983924
11831526246984236
11831526246983454
11831526246985868
11831526246984216
11831526246986162
11831526246984448
11831526246983966
11831526246985196
11831526246985946
11831526246984492
11831526246985596
11831526246985354
11831526246983732
11831526246983966
11831526246984178
11831526246984462
11831526246985848
11831526246983386
11831526246985582
11831526246985674
11831526246984156
11831526246985486
11831526246985244
11831526246985332
11831526246985818
11831526246984314
11831526246985398
11831526246985674
11831526246984198
11831526246984498
11831526246985326
11831526246983964
11831526246984664
11831526246984826
11831526246984882
11831526246983376
11831526246984896
11831526246984576
11831526246985282
11831526246983492
11831526246984698
11831526246983438
11831526246984476
11831526246985238
11831526246984216
11831526246985364
11831526246985332
11831526246985684
11831526246984382
11831526246984544
11831526246984988
11831526246984168
11831526246983662
11831526246985864
11831526246986198
11831526246985212
11831526246983798
11831526246984158
11831526246984516
11831526246984718
