18.16
65.18
66.21
15.29
51.45
74.36
41.06
57.88
1.22
27.41
119.07
9.08
54.56
76.57
93.95
30.17
96.61
50.65
84.95
82.23
59.30
92.76
19.81
17.76
82.24
49.67
29.80
47.09
77.53
43.39
26.48
44.01
12.31
39.60
64.09
21.47
16.25
66.68
33.01
75.44
114.28
74.05
61.42
11.08
62.25
21.39
25.25
62.65
62.12
122.40
65.08
108.50
35.31
34.29
22.38
126.12
12.32
107.27
30.67
19.06
30.98
84.24
12.14
38.23
73.17
105.10
44.20
62.56
68.18
53.65
122.61
21.60
25.82
34.88
132.87
58.78
47.66
38.66
28.58
101.66
108.98
24.69
73.30
87.55
44.24
53.84
78.77
57.22
79.08
26.38
79.05
89.66
69.56
3.96
50.43
31.92
39.35
45.68
57.37
7.94
89.19
72.52
36.00
70.98
112.04
16.29
94.70
84.24
34.22
121.67
26.74
49.42
36.59
28.65
63.03
84.12
50.21
77.48
25.54
30.04
36.59
19.63
108.06
30.69
91.86
91.10
71.81
56.22
34.75
114.86
33.93
97.20
73.20
102.65
28.93
54.19
21.26
21.88
126.30
112.35
48.51
61.27
97.09
63.19
60.09
31.61
26.78
107.18
44.81
10.72
10.09
109.92
10.34
88.17
50.63
85.48
51.56
59.34
101.75
46.56
36.70
80.95
61.36
51.22
43.45
96.32
68.51
76.49
106.70
71.58
35.52
101.46
113.76
44.86
58.90
81.18
88.88
90.83
49.97
89.04
69.61
72.04
106.35
52.39
41.72
36.84
27.55
18.25
30.48
83.63
21.16
