24.60
68.03
64.17
57.31
71.93
91.81
31.76
91.23
79.26
40.64
124.82
25.50
65.88
46.03
64.16
37.88
16.67
104.15
36.99
99.19
8.41
86.58
65.85
53.54
43.22
54.77
23.16
41.33
53.75
109.06
58.08
93.86
84.76
18.57
63.31
1.99
89.70
129.19
91.94
40.80
98.88
28.75
44.55
83.76
9.92
131.39
107.24
97.23
111.38
26.23
52.73
33.09
30.43
56.30
54.44
2.51
78.07
18.73
78.62
85.42
114.69
25.46
86.15
30.88
50.22
19.33
50.76
72.73
95.05
89.82
84.61
53.44
86.83
41.25
113.44
65.30
92.16
107.97
69.74
62.65
3.29
43.45
115.32
73.37
61.13
27.13
46.20
75.59
40.68
18.45
97.75
27.61
74.38
39.39
56.71
95.96
111.71
12.39
43.32
38.80
68.17
125.22
119.73
55.28
21.74
73.18
115.92
110.68
24.65
62.89
30.55
117.62
67.16
84.34
108.19
100.00
80.19
89.91
19.23
102.30
94.06
73.98
126.23
27.68
27.45
29.17
34.19
24.26
38.48
109.79
99.02
10.20
73.24
111.79
34.16
12.63
51.64
36.66
15.62
85.53
95.71
39.97
117.97
77.08
116.72
108.18
71.54
32.72
57.53
33.23
51.28
121.04
86.06
43.65
17.58
88.01
56.20
22.55
103.81
61.65
26.90
53.23
6.59
37.70
80.57
82.89
81.48
10.54
17.15
83.25
65.22
101.24
13.14
79.04
43.28
37.76
51.05
20.75
76.69
76.94
69.15
80.23
81.18
86.78
78.42
68.40
80.54
78.38
65.39
4.97
14.30
103.11
87.75
106.53
22.34
85.41
46.31
53.78
38.77
100.11
79.60
65.95
21.03
19.60
31.92
62.73
110.37
93.05
32.85
100.75
16.54
38.85
31.87
67.85
56.92
40.51
104.96
58.07
24.75
51.71
25.36
107.49
37.87
52.73
40.12
55.44
35.30
26.42
107.06
47.10
106.78
117.91
32.00
106.19
32.36
10.37
107.44
96.46
76.83
32.55
51.50
104.39
20.75
29.92
75.26
92.91
65.81
9.97
77.20
83.72
111.79
74.73
46.28
103.01
78.90
31.07
18.39
82.53
86.39
76.21
57.72
38.46
51.50
79.96
36.79
85.21
5.77
82.82
41.97
87.59
69.53
47.25
86.54
34.52
34.53
35.19
53.55
93.42
58.14
32.18
16.90
60.53
53.15
69.74
119.10
102.03
52.50
79.18
63.63
115.55
104.36
42.22
27.93
86.20
80.44
1.69
16.28
18.68
53.03
9.29
13.91
21.24
63.66
91.49
84.57
42.76
72.19
87.66
80.96
44.22
55.43
63.03
115.22
51.70
86.14
48.12
15.20
50.61
57.90
97.76
64.16
44.89
7.92
62.02
9.88
55.23
59.06
89.16
131.65
19.19
38.70
58.03
13.50
49.50
52.70
71.50
43.62
82.12
59.72
71.70
76.53
71.47
81.83
65.17
35.77
18.08
13.57
23.15
66.64
68.15
96.55
84.08
66.38
52.06
75.84
81.60
83.54
61.23
32.18
70.59
68.40
89.49
77.31
57.02
30.35
108.71
48.36
122.31
63.39
54.99
25.94
24.68
66.22
113.79
98.48
7.70
65.43
49.55
72.76
42.00
64.89
32.05
21.62
71.95
81.68
51.30
123.03
34.56
12.33
12.34
107.93
46.51
78.97
7.48
62.32
56.74
43.60
42.05
20.34
45.59
2.52
67.39
33.95
104.33
53.15
18.67
104.37
86.59
22.75
20.61
3.45
52.83
95.74
32.07
60.92
60.51
31.19
29.66
24.01
4.61
36.13
54.75
45.03
41.35
134.40
25.17
46.61
77.34
63.67
120.49
121.30
52.60
32.70
47.56
109.26
77.33
45.83
42.71
11.14
84.94
93.69
29.51
6.38
48.00
40.22
82.46
64.09
110.53
71.04
68.47
11.70
40.87
118.64
19.90
46.41
83.89
67.26
