17.13
88.77
71.87
52.00
67.02
16.11
1.95
75.82
51.03
41.18
90.41
75.89
37.66
3.64
4.80
91.54
47.92
81.19
79.30
69.13
93.36
66.43
52.62
19.38
69.50
83.82
119.19
78.69
15.70
32.77
25.95
7.74
75.71
48.95
14.99
120.18
65.96
36.85
82.97
56.45
85.76
47.24
88.85
79.90
12.63
29.18
78.27
44.71
49.96
78.46
42.38
71.59
36.79
97.60
18.46
48.94
63.62
104.26
16.22
9.01
29.44
47.87
65.73
31.79
53.98
73.37
91.67
24.37
112.27
21.15
96.29
110.95
54.66
55.01
33.04
83.46
13.44
86.53
81.09
60.97
46.56
67.59
88.42
69.59
76.16
54.54
45.08
41.51
2.52
29.15
45.52
100.07
48.25
77.81
64.11
93.26
18.70
99.89
53.10
64.92
59.43
59.70
7.82
38.38
26.42
29.29
104.52
128.24
73.10
80.17
65.00
55.33
27.50
90.05
30.79
25.64
18.15
76.02
94.25
54.31
95.13
14.49
53.53
62.74
6.44
40.03
29.19
98.04
12.68
102.92
60.99
69.94
63.34
42.69
72.01
67.60
60.37
45.47
81.73
78.69
58.29
51.19
60.98
74.13
50.88
55.80
72.58
107.67
7.23
16.54
74.41
78.17
51.74
101.48
25.41
79.17
30.68
7.36
66.02
42.70
61.48
35.14
51.94
44.21
65.76
94.64
87.16
98.00
105.86
37.46
76.43
32.36
38.73
44.57
64.63
21.57
37.60
95.72
36.64
74.84
90.44
7.65
45.50
42.08
47.84
33.77
97.42
95.76
130.38
42.37
108.02
101.65
70.71
28.14
50.83
73.83
35.93
54.77
43.57
3.20
62.70
48.24
128.03
66.28
53.86
51.12
65.49
63.97
116.35
7.96
64.01
24.10
29.40
51.39
31.46
106.83
27.10
81.43
49.25
18.79
47.53
93.35
65.67
44.16
65.42
20.68
108.15
94.78
22.70
30.35
55.38
118.10
15.85
39.16
71.32
52.54
106.76
13.29
73.04
105.34
90.55
48.25
40.38
67.71
84.12
26.72
92.47
80.96
65.50
4.97
42.02
108.39
86.19
31.34
70.46
49.91
31.54
41.75
70.55
24.29
44.68
91.41
66.73
20.23
112.24
68.19
80.88
48.86
45.35
8.93
53.69
116.09
34.78
61.57
17.91
109.50
95.97
126.66
51.07
59.80
100.20
30.75
17.06
57.04
32.40
15.74
108.10
70.16
20.65
70.42
51.19
21.11
89.08
60.82
69.95
42.27
71.46
47.89
37.38
69.35
76.15
50.34
91.49
60.08
92.69
30.67
18.79
47.29
112.25
62.39
61.03
53.35
33.91
69.09
41.74
114.62
23.21
36.82
56.91
48.84
54.76
75.22
83.03
77.77
51.51
6.61
42.75
78.96
68.15
49.82
24.36
98.14
111.46
99.17
118.86
11.21
63.21
53.88
64.06
44.88
29.64
23.89
83.20
38.22
53.14
52.67
20.53
50.78
84.28
58.01
104.50
38.73
83.49
76.17
82.47
54.02
70.35
22.34
14.82
46.03
18.32
17.63
83.75
85.73
50.07
86.24
81.25
123.97
83.24
17.65
89.99
33.00
75.42
37.86
43.74
57.46
38.42
58.02
63.03
99.91
59.25
95.37
82.13
111.20
41.66
76.65
120.80
65.77
29.35
36.31
99.06
93.13
46.47
39.12
109.12
9.94
55.73
123.37
67.79
40.59
51.09
52.98
102.86
117.73
122.40
10.30
57.83
55.80
62.65
17.03
44.47
71.54
43.96
62.92
50.89
111.91
35.10
87.31
17.25
40.80
111.68
88.22
95.45
18.77
86.90
42.33
105.24
32.97
61.32
45.50
70.60
74.94
89.57
66.54
84.15
87.09
94.02
37.61
68.48
87.28
71.13
97.22
82.40
94.63
18.88
102.02
109.82
48.53
66.55
4.68
96.83
66.46
88.48
81.63
58.31
42.51
55.87
70.72
100.40
102.51
11.07
78.43
52.85
33.23
25.88
67.11
105.12
118.53
77.93
68.87
9.11
21.77
41.22
54.00
49.81
103.68
70.02
72.11
25.15
63.21
63.02
36.01
24.22
94.67
31.62
72.13
101.38
40.08
33.22
37.39
59.32
81.72
69.25
79.73
38.44
111.83
55.21
38.94
40.88
12.92
46.73
59.98
79.81
74.62
26.89
84.72
76.31
111.71
50.47
83.63
55.37
60.23
30.77
88.98
73.31
21.06
74.41
45.56
29.89
17.72
47.50
29.58
49.16
25.81
39.10
13.77
44.48
28.26
80.87
82.44
27.30
52.24
62.88
96.38
92.43
76.03
68.15
50.96
96.83
55.85
76.66
50.92
50.63
91.82
46.53
10.95
101.38
54.29
23.83
10.01
63.50
28.01
115.79
52.12
33.10
47.37
63.41
42.07
28.56
70.41
69.19
110.57
121.31
55.11
77.14
60.32
23.44
68.03
47.66
12.32
18.10
33.19
67.95
141.21
71.15
23.09
50.71
62.87
51.93
29.66
96.44
22.17
30.33
18.69
101.10
88.15
41.94
73.57
69.40
52.30
87.08
37.14
42.18
66.74
13.30
50.13
73.24
82.49
43.19
36.30
75.05
60.94
29.71
97.79
91.53
48.46
18.84
38.31
51.75
85.57
86.16
43.36
41.66
21.99
69.93
105.65
70.39
68.00
0.55
99.51
47.61
91.27
27.87
76.77
109.94
18.31
111.03
23.31
69.55
12.60
107.71
110.65
42.81
113.26
41.63
36.97
92.87
65.98
87.17
38.46
53.95
80.46
81.90
76.38
73.33
83.74
44.55
44.59
58.10
133.41
20.96
64.73
25.98
13.67
53.55
29.11
14.31
115.95
27.60
37.93
63.04
101.24
57.71
20.81
90.09
92.52
94.66
75.22
96.52
96.16
95.23
42.22
11.84
54.71
73.15
78.58
43.83
102.61
58.34
29.63
84.06
80.38
76.12
24.20
104.45
46.55
7.99
1.75
21.00
64.49
39.50
97.52
79.62
113.43
44.36
39.93
37.80
36.30
42.40
20.72
32.69
113.54
56.16
126.61
40.65
5.18
110.28
90.70
82.96
66.88
48.08
37.97
46.70
57.95
84.50
56.22
88.39
72.83
27.72
74.01
94.68
55.98
12.49
25.34
